000 (126419.000.000) 2022-03-28 20:28:54 Job submitted from host: <172.30.1.200:9618?addrs=172.30.1.200-9618&alias=tamsa2.snu.ac.kr&noUDP&sock=schedd_3154_f5cb>
...
000 (126419.001.000) 2022-03-28 20:28:54 Job submitted from host: <172.30.1.200:9618?addrs=172.30.1.200-9618&alias=tamsa2.snu.ac.kr&noUDP&sock=schedd_3154_f5cb>
...
000 (126419.002.000) 2022-03-28 20:28:54 Job submitted from host: <172.30.1.200:9618?addrs=172.30.1.200-9618&alias=tamsa2.snu.ac.kr&noUDP&sock=schedd_3154_f5cb>
...
000 (126419.003.000) 2022-03-28 20:28:54 Job submitted from host: <172.30.1.200:9618?addrs=172.30.1.200-9618&alias=tamsa2.snu.ac.kr&noUDP&sock=schedd_3154_f5cb>
...
000 (126419.004.000) 2022-03-28 20:28:54 Job submitted from host: <172.30.1.200:9618?addrs=172.30.1.200-9618&alias=tamsa2.snu.ac.kr&noUDP&sock=schedd_3154_f5cb>
...
000 (126419.005.000) 2022-03-28 20:28:54 Job submitted from host: <172.30.1.200:9618?addrs=172.30.1.200-9618&alias=tamsa2.snu.ac.kr&noUDP&sock=schedd_3154_f5cb>
...
000 (126419.006.000) 2022-03-28 20:28:54 Job submitted from host: <172.30.1.200:9618?addrs=172.30.1.200-9618&alias=tamsa2.snu.ac.kr&noUDP&sock=schedd_3154_f5cb>
...
000 (126419.007.000) 2022-03-28 20:28:54 Job submitted from host: <172.30.1.200:9618?addrs=172.30.1.200-9618&alias=tamsa2.snu.ac.kr&noUDP&sock=schedd_3154_f5cb>
...
000 (126419.008.000) 2022-03-28 20:28:54 Job submitted from host: <172.30.1.200:9618?addrs=172.30.1.200-9618&alias=tamsa2.snu.ac.kr&noUDP&sock=schedd_3154_f5cb>
...
000 (126419.009.000) 2022-03-28 20:28:54 Job submitted from host: <172.30.1.200:9618?addrs=172.30.1.200-9618&alias=tamsa2.snu.ac.kr&noUDP&sock=schedd_3154_f5cb>
...
000 (126419.010.000) 2022-03-28 20:28:54 Job submitted from host: <172.30.1.200:9618?addrs=172.30.1.200-9618&alias=tamsa2.snu.ac.kr&noUDP&sock=schedd_3154_f5cb>
...
000 (126419.011.000) 2022-03-28 20:28:54 Job submitted from host: <172.30.1.200:9618?addrs=172.30.1.200-9618&alias=tamsa2.snu.ac.kr&noUDP&sock=schedd_3154_f5cb>
...
000 (126419.012.000) 2022-03-28 20:28:54 Job submitted from host: <172.30.1.200:9618?addrs=172.30.1.200-9618&alias=tamsa2.snu.ac.kr&noUDP&sock=schedd_3154_f5cb>
...
000 (126419.013.000) 2022-03-28 20:28:54 Job submitted from host: <172.30.1.200:9618?addrs=172.30.1.200-9618&alias=tamsa2.snu.ac.kr&noUDP&sock=schedd_3154_f5cb>
...
000 (126419.014.000) 2022-03-28 20:28:54 Job submitted from host: <172.30.1.200:9618?addrs=172.30.1.200-9618&alias=tamsa2.snu.ac.kr&noUDP&sock=schedd_3154_f5cb>
...
000 (126419.015.000) 2022-03-28 20:28:54 Job submitted from host: <172.30.1.200:9618?addrs=172.30.1.200-9618&alias=tamsa2.snu.ac.kr&noUDP&sock=schedd_3154_f5cb>
...
000 (126419.016.000) 2022-03-28 20:28:54 Job submitted from host: <172.30.1.200:9618?addrs=172.30.1.200-9618&alias=tamsa2.snu.ac.kr&noUDP&sock=schedd_3154_f5cb>
...
000 (126419.017.000) 2022-03-28 20:28:54 Job submitted from host: <172.30.1.200:9618?addrs=172.30.1.200-9618&alias=tamsa2.snu.ac.kr&noUDP&sock=schedd_3154_f5cb>
...
000 (126419.018.000) 2022-03-28 20:28:54 Job submitted from host: <172.30.1.200:9618?addrs=172.30.1.200-9618&alias=tamsa2.snu.ac.kr&noUDP&sock=schedd_3154_f5cb>
...
000 (126419.019.000) 2022-03-28 20:28:54 Job submitted from host: <172.30.1.200:9618?addrs=172.30.1.200-9618&alias=tamsa2.snu.ac.kr&noUDP&sock=schedd_3154_f5cb>
...
001 (126419.000.000) 2022-03-28 20:29:07 Job executing on host: <172.30.1.202:9618?addrs=172.30.1.202-9618&alias=node2&noUDP&sock=startd_3636_9271>
...
001 (126419.001.000) 2022-03-28 20:29:07 Job executing on host: <172.30.1.202:9618?addrs=172.30.1.202-9618&alias=node2&noUDP&sock=startd_3636_9271>
...
001 (126419.002.000) 2022-03-28 20:29:07 Job executing on host: <172.30.1.202:9618?addrs=172.30.1.202-9618&alias=node2&noUDP&sock=startd_3636_9271>
...
001 (126419.003.000) 2022-03-28 20:29:07 Job executing on host: <172.30.1.202:9618?addrs=172.30.1.202-9618&alias=node2&noUDP&sock=startd_3636_9271>
...
001 (126419.004.000) 2022-03-28 20:29:07 Job executing on host: <172.30.1.202:9618?addrs=172.30.1.202-9618&alias=node2&noUDP&sock=startd_3636_9271>
...
001 (126419.005.000) 2022-03-28 20:29:07 Job executing on host: <172.30.1.202:9618?addrs=172.30.1.202-9618&alias=node2&noUDP&sock=startd_3636_9271>
...
001 (126419.006.000) 2022-03-28 20:29:08 Job executing on host: <172.30.1.202:9618?addrs=172.30.1.202-9618&alias=node2&noUDP&sock=startd_3636_9271>
...
001 (126419.007.000) 2022-03-28 20:29:08 Job executing on host: <172.30.1.202:9618?addrs=172.30.1.202-9618&alias=node2&noUDP&sock=startd_3636_9271>
...
001 (126419.008.000) 2022-03-28 20:29:08 Job executing on host: <172.30.1.202:9618?addrs=172.30.1.202-9618&alias=node2&noUDP&sock=startd_3636_9271>
...
001 (126419.009.000) 2022-03-28 20:29:08 Job executing on host: <172.30.1.202:9618?addrs=172.30.1.202-9618&alias=node2&noUDP&sock=startd_3636_9271>
...
001 (126419.010.000) 2022-03-28 20:29:08 Job executing on host: <172.30.1.202:9618?addrs=172.30.1.202-9618&alias=node2&noUDP&sock=startd_3636_9271>
...
001 (126419.016.000) 2022-03-28 20:29:08 Job executing on host: <172.30.1.202:9618?addrs=172.30.1.202-9618&alias=node2&noUDP&sock=startd_3636_9271>
...
001 (126419.017.000) 2022-03-28 20:29:08 Job executing on host: <172.30.1.202:9618?addrs=172.30.1.202-9618&alias=node2&noUDP&sock=startd_3636_9271>
...
001 (126419.011.000) 2022-03-28 20:29:08 Job executing on host: <172.30.1.202:9618?addrs=172.30.1.202-9618&alias=node2&noUDP&sock=startd_3636_9271>
...
001 (126419.018.000) 2022-03-28 20:29:08 Job executing on host: <172.30.1.202:9618?addrs=172.30.1.202-9618&alias=node2&noUDP&sock=startd_3636_9271>
...
001 (126419.019.000) 2022-03-28 20:29:08 Job executing on host: <172.30.1.202:9618?addrs=172.30.1.202-9618&alias=node2&noUDP&sock=startd_3636_9271>
...
001 (126419.012.000) 2022-03-28 20:29:08 Job executing on host: <172.30.1.202:9618?addrs=172.30.1.202-9618&alias=node2&noUDP&sock=startd_3636_9271>
...
001 (126419.013.000) 2022-03-28 20:29:09 Job executing on host: <172.30.1.202:9618?addrs=172.30.1.202-9618&alias=node2&noUDP&sock=startd_3636_9271>
...
001 (126419.014.000) 2022-03-28 20:29:09 Job executing on host: <172.30.1.202:9618?addrs=172.30.1.202-9618&alias=node2&noUDP&sock=startd_3636_9271>
...
001 (126419.015.000) 2022-03-28 20:29:09 Job executing on host: <172.30.1.202:9618?addrs=172.30.1.202-9618&alias=node2&noUDP&sock=startd_3636_9271>
...
006 (126419.005.000) 2022-03-28 20:29:16 Image size of job updated: 482280
	184  -  MemoryUsage of job (MB)
	188136  -  ResidentSetSize of job (KB)
...
006 (126419.006.000) 2022-03-28 20:29:16 Image size of job updated: 482284
	184  -  MemoryUsage of job (MB)
	188136  -  ResidentSetSize of job (KB)
...
006 (126419.007.000) 2022-03-28 20:29:16 Image size of job updated: 482288
	184  -  MemoryUsage of job (MB)
	188140  -  ResidentSetSize of job (KB)
...
006 (126419.008.000) 2022-03-28 20:29:16 Image size of job updated: 482284
	184  -  MemoryUsage of job (MB)
	188124  -  ResidentSetSize of job (KB)
...
006 (126419.009.000) 2022-03-28 20:29:16 Image size of job updated: 479940
	184  -  MemoryUsage of job (MB)
	188124  -  ResidentSetSize of job (KB)
...
006 (126419.010.000) 2022-03-28 20:29:16 Image size of job updated: 482280
	184  -  MemoryUsage of job (MB)
	188136  -  ResidentSetSize of job (KB)
...
006 (126419.016.000) 2022-03-28 20:29:16 Image size of job updated: 482280
	184  -  MemoryUsage of job (MB)
	188132  -  ResidentSetSize of job (KB)
...
006 (126419.017.000) 2022-03-28 20:29:16 Image size of job updated: 482280
	184  -  MemoryUsage of job (MB)
	188136  -  ResidentSetSize of job (KB)
...
006 (126419.000.000) 2022-03-28 20:29:16 Image size of job updated: 482280
	184  -  MemoryUsage of job (MB)
	188112  -  ResidentSetSize of job (KB)
...
006 (126419.001.000) 2022-03-28 20:29:16 Image size of job updated: 482280
	185  -  MemoryUsage of job (MB)
	188612  -  ResidentSetSize of job (KB)
...
006 (126419.002.000) 2022-03-28 20:29:16 Image size of job updated: 482284
	185  -  MemoryUsage of job (MB)
	188736  -  ResidentSetSize of job (KB)
...
006 (126419.003.000) 2022-03-28 20:29:16 Image size of job updated: 482284
	185  -  MemoryUsage of job (MB)
	188624  -  ResidentSetSize of job (KB)
...
006 (126419.004.000) 2022-03-28 20:29:16 Image size of job updated: 482284
	185  -  MemoryUsage of job (MB)
	188624  -  ResidentSetSize of job (KB)
...
006 (126419.012.000) 2022-03-28 20:29:17 Image size of job updated: 401440
	184  -  MemoryUsage of job (MB)
	188132  -  ResidentSetSize of job (KB)
...
006 (126419.013.000) 2022-03-28 20:29:17 Image size of job updated: 402328
	184  -  MemoryUsage of job (MB)
	188120  -  ResidentSetSize of job (KB)
...
006 (126419.014.000) 2022-03-28 20:29:17 Image size of job updated: 411788
	184  -  MemoryUsage of job (MB)
	188128  -  ResidentSetSize of job (KB)
...
006 (126419.015.000) 2022-03-28 20:29:17 Image size of job updated: 401440
	184  -  MemoryUsage of job (MB)
	188124  -  ResidentSetSize of job (KB)
...
006 (126419.011.000) 2022-03-28 20:29:17 Image size of job updated: 401440
	184  -  MemoryUsage of job (MB)
	188124  -  ResidentSetSize of job (KB)
...
006 (126419.018.000) 2022-03-28 20:29:17 Image size of job updated: 407636
	184  -  MemoryUsage of job (MB)
	188136  -  ResidentSetSize of job (KB)
...
006 (126419.019.000) 2022-03-28 20:29:17 Image size of job updated: 400656
	184  -  MemoryUsage of job (MB)
	188128  -  ResidentSetSize of job (KB)
...
005 (126419.008.000) 2022-03-28 20:29:21 Job terminated.
	(1) Normal termination (return value 0)
		Usr 0 00:00:08, Sys 0 00:00:02  -  Run Remote Usage
		Usr 0 00:00:00, Sys 0 00:00:00  -  Run Local Usage
		Usr 0 00:00:08, Sys 0 00:00:02  -  Total Remote Usage
		Usr 0 00:00:00, Sys 0 00:00:00  -  Total Local Usage
	0  -  Run Bytes Sent By Job
	0  -  Run Bytes Received By Job
	0  -  Total Bytes Sent By Job
	0  -  Total Bytes Received By Job
	Partitionable Resources :    Usage  Request Allocated 
	   Cpus                 :                 1         1 
	   Disk (KB)            :        1        1    129249 
	   Memory (MB)          :      184     3900      3968 

	Job terminated of its own accord at 2022-03-28T11:29:21Z.
...
006 (126419.007.000) 2022-03-28 20:29:21 Image size of job updated: 689692
	184  -  MemoryUsage of job (MB)
	188140  -  ResidentSetSize of job (KB)
...
005 (126419.007.000) 2022-03-28 20:29:21 Job terminated.
	(1) Normal termination (return value 0)
		Usr 0 00:00:08, Sys 0 00:00:02  -  Run Remote Usage
		Usr 0 00:00:00, Sys 0 00:00:00  -  Run Local Usage
		Usr 0 00:00:08, Sys 0 00:00:02  -  Total Remote Usage
		Usr 0 00:00:00, Sys 0 00:00:00  -  Total Local Usage
	0  -  Run Bytes Sent By Job
	0  -  Run Bytes Received By Job
	0  -  Total Bytes Sent By Job
	0  -  Total Bytes Received By Job
	Partitionable Resources :    Usage  Request Allocated 
	   Cpus                 :                 1         1 
	   Disk (KB)            :        1        1    129249 
	   Memory (MB)          :      184     3900      3968 

	Job terminated of its own accord at 2022-03-28T11:29:21Z.
...
006 (126419.002.000) 2022-03-28 20:29:21 Image size of job updated: 690968
	185  -  MemoryUsage of job (MB)
	188736  -  ResidentSetSize of job (KB)
...
005 (126419.002.000) 2022-03-28 20:29:21 Job terminated.
	(1) Normal termination (return value 0)
		Usr 0 00:00:08, Sys 0 00:00:02  -  Run Remote Usage
		Usr 0 00:00:00, Sys 0 00:00:00  -  Run Local Usage
		Usr 0 00:00:08, Sys 0 00:00:02  -  Total Remote Usage
		Usr 0 00:00:00, Sys 0 00:00:00  -  Total Local Usage
	0  -  Run Bytes Sent By Job
	0  -  Run Bytes Received By Job
	0  -  Total Bytes Sent By Job
	0  -  Total Bytes Received By Job
	Partitionable Resources :    Usage  Request Allocated 
	   Cpus                 :                 1         1 
	   Disk (KB)            :        1        1    129249 
	   Memory (MB)          :      185     3900      3968 

	Job terminated of its own accord at 2022-03-28T11:29:21Z.
...
006 (126419.016.000) 2022-03-28 20:29:22 Image size of job updated: 691464
	184  -  MemoryUsage of job (MB)
	188132  -  ResidentSetSize of job (KB)
...
005 (126419.016.000) 2022-03-28 20:29:22 Job terminated.
	(1) Normal termination (return value 0)
		Usr 0 00:00:08, Sys 0 00:00:02  -  Run Remote Usage
		Usr 0 00:00:00, Sys 0 00:00:00  -  Run Local Usage
		Usr 0 00:00:08, Sys 0 00:00:02  -  Total Remote Usage
		Usr 0 00:00:00, Sys 0 00:00:00  -  Total Local Usage
	0  -  Run Bytes Sent By Job
	0  -  Run Bytes Received By Job
	0  -  Total Bytes Sent By Job
	0  -  Total Bytes Received By Job
	Partitionable Resources :    Usage  Request Allocated 
	   Cpus                 :                 1         1 
	   Disk (KB)            :        1        1    129249 
	   Memory (MB)          :      184     3900      3968 

	Job terminated of its own accord at 2022-03-28T11:29:22Z.
...
006 (126419.009.000) 2022-03-28 20:29:22 Image size of job updated: 691448
	184  -  MemoryUsage of job (MB)
	188124  -  ResidentSetSize of job (KB)
...
005 (126419.009.000) 2022-03-28 20:29:22 Job terminated.
	(1) Normal termination (return value 0)
		Usr 0 00:00:09, Sys 0 00:00:02  -  Run Remote Usage
		Usr 0 00:00:00, Sys 0 00:00:00  -  Run Local Usage
		Usr 0 00:00:09, Sys 0 00:00:02  -  Total Remote Usage
		Usr 0 00:00:00, Sys 0 00:00:00  -  Total Local Usage
	0  -  Run Bytes Sent By Job
	0  -  Run Bytes Received By Job
	0  -  Total Bytes Sent By Job
	0  -  Total Bytes Received By Job
	Partitionable Resources :    Usage  Request Allocated 
	   Cpus                 :                 1         1 
	   Disk (KB)            :        1        1    129249 
	   Memory (MB)          :      184     3900      3968 

	Job terminated of its own accord at 2022-03-28T11:29:22Z.
...
006 (126419.010.000) 2022-03-28 20:29:22 Image size of job updated: 691452
	184  -  MemoryUsage of job (MB)
	188136  -  ResidentSetSize of job (KB)
...
005 (126419.010.000) 2022-03-28 20:29:22 Job terminated.
	(1) Normal termination (return value 0)
		Usr 0 00:00:09, Sys 0 00:00:02  -  Run Remote Usage
		Usr 0 00:00:00, Sys 0 00:00:00  -  Run Local Usage
		Usr 0 00:00:09, Sys 0 00:00:02  -  Total Remote Usage
		Usr 0 00:00:00, Sys 0 00:00:00  -  Total Local Usage
	0  -  Run Bytes Sent By Job
	0  -  Run Bytes Received By Job
	0  -  Total Bytes Sent By Job
	0  -  Total Bytes Received By Job
	Partitionable Resources :    Usage  Request Allocated 
	   Cpus                 :                 1         1 
	   Disk (KB)            :        1        1    129249 
	   Memory (MB)          :      184     3900      3968 

	Job terminated of its own accord at 2022-03-28T11:29:22Z.
...
006 (126419.000.000) 2022-03-28 20:29:22 Image size of job updated: 691480
	184  -  MemoryUsage of job (MB)
	188112  -  ResidentSetSize of job (KB)
...
005 (126419.000.000) 2022-03-28 20:29:22 Job terminated.
	(1) Normal termination (return value 0)
		Usr 0 00:00:09, Sys 0 00:00:02  -  Run Remote Usage
		Usr 0 00:00:00, Sys 0 00:00:00  -  Run Local Usage
		Usr 0 00:00:09, Sys 0 00:00:02  -  Total Remote Usage
		Usr 0 00:00:00, Sys 0 00:00:00  -  Total Local Usage
	0  -  Run Bytes Sent By Job
	0  -  Run Bytes Received By Job
	0  -  Total Bytes Sent By Job
	0  -  Total Bytes Received By Job
	Partitionable Resources :    Usage  Request Allocated 
	   Cpus                 :                 1         1 
	   Disk (KB)            :        1        1    129249 
	   Memory (MB)          :      184     3900      3968 

	Job terminated of its own accord at 2022-03-28T11:29:22Z.
...
006 (126419.006.000) 2022-03-28 20:29:22 Image size of job updated: 689888
	184  -  MemoryUsage of job (MB)
	188136  -  ResidentSetSize of job (KB)
...
005 (126419.006.000) 2022-03-28 20:29:23 Job terminated.
	(1) Normal termination (return value 0)
		Usr 0 00:00:09, Sys 0 00:00:02  -  Run Remote Usage
		Usr 0 00:00:00, Sys 0 00:00:00  -  Run Local Usage
		Usr 0 00:00:09, Sys 0 00:00:02  -  Total Remote Usage
		Usr 0 00:00:00, Sys 0 00:00:00  -  Total Local Usage
	0  -  Run Bytes Sent By Job
	0  -  Run Bytes Received By Job
	0  -  Total Bytes Sent By Job
	0  -  Total Bytes Received By Job
	Partitionable Resources :    Usage  Request Allocated 
	   Cpus                 :                 1         1 
	   Disk (KB)            :        1        1    129249 
	   Memory (MB)          :      184     3900      3968 

	Job terminated of its own accord at 2022-03-28T11:29:22Z.
...
006 (126419.012.000) 2022-03-28 20:29:23 Image size of job updated: 691236
	184  -  MemoryUsage of job (MB)
	188132  -  ResidentSetSize of job (KB)
...
005 (126419.012.000) 2022-03-28 20:29:23 Job terminated.
	(1) Normal termination (return value 0)
		Usr 0 00:00:08, Sys 0 00:00:02  -  Run Remote Usage
		Usr 0 00:00:00, Sys 0 00:00:00  -  Run Local Usage
		Usr 0 00:00:08, Sys 0 00:00:02  -  Total Remote Usage
		Usr 0 00:00:00, Sys 0 00:00:00  -  Total Local Usage
	0  -  Run Bytes Sent By Job
	0  -  Run Bytes Received By Job
	0  -  Total Bytes Sent By Job
	0  -  Total Bytes Received By Job
	Partitionable Resources :    Usage  Request Allocated 
	   Cpus                 :                 1         1 
	   Disk (KB)            :        1        1    129249 
	   Memory (MB)          :      184     3900      3968 

	Job terminated of its own accord at 2022-03-28T11:29:23Z.
...
006 (126419.018.000) 2022-03-28 20:29:23 Image size of job updated: 691532
	184  -  MemoryUsage of job (MB)
	188136  -  ResidentSetSize of job (KB)
...
005 (126419.018.000) 2022-03-28 20:29:23 Job terminated.
	(1) Normal termination (return value 0)
		Usr 0 00:00:09, Sys 0 00:00:02  -  Run Remote Usage
		Usr 0 00:00:00, Sys 0 00:00:00  -  Run Local Usage
		Usr 0 00:00:09, Sys 0 00:00:02  -  Total Remote Usage
		Usr 0 00:00:00, Sys 0 00:00:00  -  Total Local Usage
	0  -  Run Bytes Sent By Job
	0  -  Run Bytes Received By Job
	0  -  Total Bytes Sent By Job
	0  -  Total Bytes Received By Job
	Partitionable Resources :    Usage  Request Allocated 
	   Cpus                 :                 1         1 
	   Disk (KB)            :        1        1    129249 
	   Memory (MB)          :      184     3900      3968 

	Job terminated of its own accord at 2022-03-28T11:29:23Z.
...
006 (126419.013.000) 2022-03-28 20:29:23 Image size of job updated: 691224
	184  -  MemoryUsage of job (MB)
	188120  -  ResidentSetSize of job (KB)
...
005 (126419.013.000) 2022-03-28 20:29:23 Job terminated.
	(1) Normal termination (return value 0)
		Usr 0 00:00:09, Sys 0 00:00:01  -  Run Remote Usage
		Usr 0 00:00:00, Sys 0 00:00:00  -  Run Local Usage
		Usr 0 00:00:09, Sys 0 00:00:01  -  Total Remote Usage
		Usr 0 00:00:00, Sys 0 00:00:00  -  Total Local Usage
	0  -  Run Bytes Sent By Job
	0  -  Run Bytes Received By Job
	0  -  Total Bytes Sent By Job
	0  -  Total Bytes Received By Job
	Partitionable Resources :    Usage  Request Allocated 
	   Cpus                 :                 1         1 
	   Disk (KB)            :        1        1    129249 
	   Memory (MB)          :      184     3900      3968 

	Job terminated of its own accord at 2022-03-28T11:29:23Z.
...
006 (126419.004.000) 2022-03-28 20:29:24 Image size of job updated: 691224
	185  -  MemoryUsage of job (MB)
	188624  -  ResidentSetSize of job (KB)
...
005 (126419.004.000) 2022-03-28 20:29:24 Job terminated.
	(1) Normal termination (return value 0)
		Usr 0 00:00:10, Sys 0 00:00:02  -  Run Remote Usage
		Usr 0 00:00:00, Sys 0 00:00:00  -  Run Local Usage
		Usr 0 00:00:10, Sys 0 00:00:02  -  Total Remote Usage
		Usr 0 00:00:00, Sys 0 00:00:00  -  Total Local Usage
	0  -  Run Bytes Sent By Job
	0  -  Run Bytes Received By Job
	0  -  Total Bytes Sent By Job
	0  -  Total Bytes Received By Job
	Partitionable Resources :    Usage  Request Allocated 
	   Cpus                 :                 1         1 
	   Disk (KB)            :        1        1    129249 
	   Memory (MB)          :      185     3900      3968 

	Job terminated of its own accord at 2022-03-28T11:29:24Z.
...
006 (126419.014.000) 2022-03-28 20:29:24 Image size of job updated: 691488
	184  -  MemoryUsage of job (MB)
	188128  -  ResidentSetSize of job (KB)
...
005 (126419.014.000) 2022-03-28 20:29:24 Job terminated.
	(1) Normal termination (return value 0)
		Usr 0 00:00:10, Sys 0 00:00:02  -  Run Remote Usage
		Usr 0 00:00:00, Sys 0 00:00:00  -  Run Local Usage
		Usr 0 00:00:10, Sys 0 00:00:02  -  Total Remote Usage
		Usr 0 00:00:00, Sys 0 00:00:00  -  Total Local Usage
	0  -  Run Bytes Sent By Job
	0  -  Run Bytes Received By Job
	0  -  Total Bytes Sent By Job
	0  -  Total Bytes Received By Job
	Partitionable Resources :    Usage  Request Allocated 
	   Cpus                 :                 1         1 
	   Disk (KB)            :        1        1    129249 
	   Memory (MB)          :      184     3900      3968 

	Job terminated of its own accord at 2022-03-28T11:29:24Z.
...
006 (126419.003.000) 2022-03-28 20:29:24 Image size of job updated: 691516
	185  -  MemoryUsage of job (MB)
	188624  -  ResidentSetSize of job (KB)
...
005 (126419.003.000) 2022-03-28 20:29:24 Job terminated.
	(1) Normal termination (return value 0)
		Usr 0 00:00:10, Sys 0 00:00:02  -  Run Remote Usage
		Usr 0 00:00:00, Sys 0 00:00:00  -  Run Local Usage
		Usr 0 00:00:10, Sys 0 00:00:02  -  Total Remote Usage
		Usr 0 00:00:00, Sys 0 00:00:00  -  Total Local Usage
	0  -  Run Bytes Sent By Job
	0  -  Run Bytes Received By Job
	0  -  Total Bytes Sent By Job
	0  -  Total Bytes Received By Job
	Partitionable Resources :    Usage  Request Allocated 
	   Cpus                 :                 1         1 
	   Disk (KB)            :        1        1    129249 
	   Memory (MB)          :      185     3900      3968 

	Job terminated of its own accord at 2022-03-28T11:29:24Z.
...
006 (126419.017.000) 2022-03-28 20:29:24 Image size of job updated: 691220
	184  -  MemoryUsage of job (MB)
	188136  -  ResidentSetSize of job (KB)
...
005 (126419.017.000) 2022-03-28 20:29:24 Job terminated.
	(1) Normal termination (return value 0)
		Usr 0 00:00:11, Sys 0 00:00:02  -  Run Remote Usage
		Usr 0 00:00:00, Sys 0 00:00:00  -  Run Local Usage
		Usr 0 00:00:11, Sys 0 00:00:02  -  Total Remote Usage
		Usr 0 00:00:00, Sys 0 00:00:00  -  Total Local Usage
	0  -  Run Bytes Sent By Job
	0  -  Run Bytes Received By Job
	0  -  Total Bytes Sent By Job
	0  -  Total Bytes Received By Job
	Partitionable Resources :    Usage  Request Allocated 
	   Cpus                 :                 1         1 
	   Disk (KB)            :        1        1    129249 
	   Memory (MB)          :      184     3900      3968 

	Job terminated of its own accord at 2022-03-28T11:29:24Z.
...
006 (126419.005.000) 2022-03-28 20:29:24 Image size of job updated: 691716
	184  -  MemoryUsage of job (MB)
	188136  -  ResidentSetSize of job (KB)
...
005 (126419.005.000) 2022-03-28 20:29:24 Job terminated.
	(1) Normal termination (return value 0)
		Usr 0 00:00:11, Sys 0 00:00:02  -  Run Remote Usage
		Usr 0 00:00:00, Sys 0 00:00:00  -  Run Local Usage
		Usr 0 00:00:11, Sys 0 00:00:02  -  Total Remote Usage
		Usr 0 00:00:00, Sys 0 00:00:00  -  Total Local Usage
	0  -  Run Bytes Sent By Job
	0  -  Run Bytes Received By Job
	0  -  Total Bytes Sent By Job
	0  -  Total Bytes Received By Job
	Partitionable Resources :    Usage  Request Allocated 
	   Cpus                 :                 1         1 
	   Disk (KB)            :        1        1    129249 
	   Memory (MB)          :      184     3900      3968 

	Job terminated of its own accord at 2022-03-28T11:29:24Z.
...
006 (126419.001.000) 2022-03-28 20:29:25 Image size of job updated: 691460
	185  -  MemoryUsage of job (MB)
	188612  -  ResidentSetSize of job (KB)
...
005 (126419.001.000) 2022-03-28 20:29:25 Job terminated.
	(1) Normal termination (return value 0)
		Usr 0 00:00:11, Sys 0 00:00:02  -  Run Remote Usage
		Usr 0 00:00:00, Sys 0 00:00:00  -  Run Local Usage
		Usr 0 00:00:11, Sys 0 00:00:02  -  Total Remote Usage
		Usr 0 00:00:00, Sys 0 00:00:00  -  Total Local Usage
	0  -  Run Bytes Sent By Job
	0  -  Run Bytes Received By Job
	0  -  Total Bytes Sent By Job
	0  -  Total Bytes Received By Job
	Partitionable Resources :    Usage  Request Allocated 
	   Cpus                 :                 1         1 
	   Disk (KB)            :        1        1    129249 
	   Memory (MB)          :      185     3900      3968 

	Job terminated of its own accord at 2022-03-28T11:29:25Z.
...
006 (126419.019.000) 2022-03-28 20:29:25 Image size of job updated: 691512
	184  -  MemoryUsage of job (MB)
	188128  -  ResidentSetSize of job (KB)
...
005 (126419.019.000) 2022-03-28 20:29:25 Job terminated.
	(1) Normal termination (return value 0)
		Usr 0 00:00:11, Sys 0 00:00:02  -  Run Remote Usage
		Usr 0 00:00:00, Sys 0 00:00:00  -  Run Local Usage
		Usr 0 00:00:11, Sys 0 00:00:02  -  Total Remote Usage
		Usr 0 00:00:00, Sys 0 00:00:00  -  Total Local Usage
	0  -  Run Bytes Sent By Job
	0  -  Run Bytes Received By Job
	0  -  Total Bytes Sent By Job
	0  -  Total Bytes Received By Job
	Partitionable Resources :    Usage  Request Allocated 
	   Cpus                 :                 1         1 
	   Disk (KB)            :        1        1    129249 
	   Memory (MB)          :      184     3900      3968 

	Job terminated of its own accord at 2022-03-28T11:29:25Z.
...
006 (126419.011.000) 2022-03-28 20:29:25 Image size of job updated: 701132
	184  -  MemoryUsage of job (MB)
	188124  -  ResidentSetSize of job (KB)
...
005 (126419.011.000) 2022-03-28 20:29:25 Job terminated.
	(1) Normal termination (return value 0)
		Usr 0 00:00:10, Sys 0 00:00:02  -  Run Remote Usage
		Usr 0 00:00:00, Sys 0 00:00:00  -  Run Local Usage
		Usr 0 00:00:10, Sys 0 00:00:02  -  Total Remote Usage
		Usr 0 00:00:00, Sys 0 00:00:00  -  Total Local Usage
	0  -  Run Bytes Sent By Job
	0  -  Run Bytes Received By Job
	0  -  Total Bytes Sent By Job
	0  -  Total Bytes Received By Job
	Partitionable Resources :    Usage  Request Allocated 
	   Cpus                 :                 1         1 
	   Disk (KB)            :        1        1    129249 
	   Memory (MB)          :      184     3900      3968 

	Job terminated of its own accord at 2022-03-28T11:29:25Z.
...
006 (126419.015.000) 2022-03-28 20:29:26 Image size of job updated: 691456
	184  -  MemoryUsage of job (MB)
	188124  -  ResidentSetSize of job (KB)
...
005 (126419.015.000) 2022-03-28 20:29:26 Job terminated.
	(1) Normal termination (return value 0)
		Usr 0 00:00:11, Sys 0 00:00:01  -  Run Remote Usage
		Usr 0 00:00:00, Sys 0 00:00:00  -  Run Local Usage
		Usr 0 00:00:11, Sys 0 00:00:01  -  Total Remote Usage
		Usr 0 00:00:00, Sys 0 00:00:00  -  Total Local Usage
	0  -  Run Bytes Sent By Job
	0  -  Run Bytes Received By Job
	0  -  Total Bytes Sent By Job
	0  -  Total Bytes Received By Job
	Partitionable Resources :    Usage  Request Allocated 
	   Cpus                 :                 1         1 
	   Disk (KB)            :        1        1    129249 
	   Memory (MB)          :      184     3900      3968 

	Job terminated of its own accord at 2022-03-28T11:29:26Z.
...
