000 (2117007.003.000) 06/02 02:18:42 Job submitted from host: <172.30.1.200:9618?addrs=172.30.1.200-9618+[--1]-9618&noUDP&sock=203143_c79e_3>
...
001 (2117007.003.000) 06/02 02:19:03 Job executing on host: <172.30.1.210:9618?addrs=172.30.1.210-9618+[--1]-9618&noUDP&sock=3640_50d2_3>
...
006 (2117007.003.000) 06/02 02:19:11 Image size of job updated: 304864
	45  -  MemoryUsage of job (MB)
	45596  -  ResidentSetSize of job (KB)
...
006 (2117007.003.000) 06/02 02:24:11 Image size of job updated: 652144
	293  -  MemoryUsage of job (MB)
	299096  -  ResidentSetSize of job (KB)
...
006 (2117007.003.000) 06/02 02:29:12 Image size of job updated: 659040
	299  -  MemoryUsage of job (MB)
	305996  -  ResidentSetSize of job (KB)
...
006 (2117007.003.000) 06/02 02:34:13 Image size of job updated: 662980
	303  -  MemoryUsage of job (MB)
	309744  -  ResidentSetSize of job (KB)
...
006 (2117007.003.000) 06/02 02:39:13 Image size of job updated: 662980
	303  -  MemoryUsage of job (MB)
	309848  -  ResidentSetSize of job (KB)
...
006 (2117007.003.000) 06/02 02:44:14 Image size of job updated: 666952
	307  -  MemoryUsage of job (MB)
	313964  -  ResidentSetSize of job (KB)
...
006 (2117007.003.000) 06/02 02:49:15 Image size of job updated: 670536
	311  -  MemoryUsage of job (MB)
	317652  -  ResidentSetSize of job (KB)
...
006 (2117007.003.000) 06/02 02:54:15 Image size of job updated: 674444
	314  -  MemoryUsage of job (MB)
	321500  -  ResidentSetSize of job (KB)
...
006 (2117007.003.000) 06/02 02:59:15 Image size of job updated: 677876
	318  -  MemoryUsage of job (MB)
	325012  -  ResidentSetSize of job (KB)
...
006 (2117007.003.000) 06/02 03:04:17 Image size of job updated: 678268
	318  -  MemoryUsage of job (MB)
	325196  -  ResidentSetSize of job (KB)
...
006 (2117007.003.000) 06/02 03:09:17 Image size of job updated: 681680
	322  -  MemoryUsage of job (MB)
	328788  -  ResidentSetSize of job (KB)
...
006 (2117007.003.000) 06/02 03:14:17 Image size of job updated: 685248
	325  -  MemoryUsage of job (MB)
	332404  -  ResidentSetSize of job (KB)
...
006 (2117007.003.000) 06/02 03:19:18 Image size of job updated: 689072
	329  -  MemoryUsage of job (MB)
	336124  -  ResidentSetSize of job (KB)
...
006 (2117007.003.000) 06/02 03:24:19 Image size of job updated: 692760
	332  -  MemoryUsage of job (MB)
	339724  -  ResidentSetSize of job (KB)
...
006 (2117007.003.000) 06/02 03:29:19 Image size of job updated: 692896
	332  -  MemoryUsage of job (MB)
	339848  -  ResidentSetSize of job (KB)
...
006 (2117007.003.000) 06/02 03:34:19 Image size of job updated: 696464
	336  -  MemoryUsage of job (MB)
	343508  -  ResidentSetSize of job (KB)
...
006 (2117007.003.000) 06/02 03:39:20 Image size of job updated: 700488
	336  -  MemoryUsage of job (MB)
	343508  -  ResidentSetSize of job (KB)
...
005 (2117007.003.000) 06/02 03:41:49 Job terminated.
	(1) Normal termination (return value 0)
		Usr 0 01:22:33, Sys 0 00:00:01  -  Run Remote Usage
		Usr 0 00:00:00, Sys 0 00:00:00  -  Run Local Usage
		Usr 0 01:22:33, Sys 0 00:00:01  -  Total Remote Usage
		Usr 0 00:00:00, Sys 0 00:00:00  -  Total Local Usage
	176130  -  Run Bytes Sent By Job
	225  -  Run Bytes Received By Job
	176130  -  Total Bytes Sent By Job
	225  -  Total Bytes Received By Job
	Partitionable Resources :    Usage  Request Allocated
	   Cpus                 :                 1         1
	   Disk (KB)            :      183  2048000   2585822
	   Memory (MB)          :      336     2000      2000
...
