000 (2117007.009.000) 06/02 02:18:42 Job submitted from host: <172.30.1.200:9618?addrs=172.30.1.200-9618+[--1]-9618&noUDP&sock=203143_c79e_3>
...
001 (2117007.009.000) 06/02 02:19:03 Job executing on host: <172.30.1.210:9618?addrs=172.30.1.210-9618+[--1]-9618&noUDP&sock=3640_50d2_3>
...
006 (2117007.009.000) 06/02 02:19:12 Image size of job updated: 304912
	44  -  MemoryUsage of job (MB)
	44444  -  ResidentSetSize of job (KB)
...
006 (2117007.009.000) 06/02 02:24:13 Image size of job updated: 652936
	295  -  MemoryUsage of job (MB)
	301168  -  ResidentSetSize of job (KB)
...
006 (2117007.009.000) 06/02 02:29:14 Image size of job updated: 661396
	303  -  MemoryUsage of job (MB)
	309460  -  ResidentSetSize of job (KB)
...
006 (2117007.009.000) 06/02 02:34:14 Image size of job updated: 665796
	307  -  MemoryUsage of job (MB)
	314048  -  ResidentSetSize of job (KB)
...
006 (2117007.009.000) 06/02 02:39:15 Image size of job updated: 665928
	307  -  MemoryUsage of job (MB)
	314228  -  ResidentSetSize of job (KB)
...
006 (2117007.009.000) 06/02 02:44:16 Image size of job updated: 670716
	312  -  MemoryUsage of job (MB)
	319168  -  ResidentSetSize of job (KB)
...
006 (2117007.009.000) 06/02 02:49:16 Image size of job updated: 675476
	317  -  MemoryUsage of job (MB)
	323904  -  ResidentSetSize of job (KB)
...
006 (2117007.009.000) 06/02 02:54:16 Image size of job updated: 679776
	321  -  MemoryUsage of job (MB)
	328104  -  ResidentSetSize of job (KB)
...
006 (2117007.009.000) 06/02 02:59:17 Image size of job updated: 682864
	324  -  MemoryUsage of job (MB)
	331280  -  ResidentSetSize of job (KB)
...
006 (2117007.009.000) 06/02 03:04:17 Image size of job updated: 684604
	326  -  MemoryUsage of job (MB)
	332872  -  ResidentSetSize of job (KB)
...
006 (2117007.009.000) 06/02 03:09:17 Image size of job updated: 689028
	330  -  MemoryUsage of job (MB)
	337460  -  ResidentSetSize of job (KB)
...
006 (2117007.009.000) 06/02 03:14:18 Image size of job updated: 693544
	334  -  MemoryUsage of job (MB)
	341904  -  ResidentSetSize of job (KB)
...
006 (2117007.009.000) 06/02 03:19:19 Image size of job updated: 698348
	339  -  MemoryUsage of job (MB)
	346768  -  ResidentSetSize of job (KB)
...
006 (2117007.009.000) 06/02 03:24:19 Image size of job updated: 698348
	339  -  MemoryUsage of job (MB)
	346796  -  ResidentSetSize of job (KB)
...
006 (2117007.009.000) 06/02 03:29:20 Image size of job updated: 702936
	344  -  MemoryUsage of job (MB)
	351348  -  ResidentSetSize of job (KB)
...
006 (2117007.009.000) 06/02 03:34:21 Image size of job updated: 707588
	348  -  MemoryUsage of job (MB)
	355844  -  ResidentSetSize of job (KB)
...
006 (2117007.009.000) 06/02 03:39:21 Image size of job updated: 711872
	348  -  MemoryUsage of job (MB)
	355844  -  ResidentSetSize of job (KB)
...
006 (2117007.009.000) 06/02 03:43:17 Image size of job updated: 718780
	348  -  MemoryUsage of job (MB)
	355844  -  ResidentSetSize of job (KB)
...
005 (2117007.009.000) 06/02 03:43:17 Job terminated.
	(1) Normal termination (return value 0)
		Usr 0 01:24:02, Sys 0 00:00:02  -  Run Remote Usage
		Usr 0 00:00:00, Sys 0 00:00:00  -  Run Local Usage
		Usr 0 01:24:02, Sys 0 00:00:02  -  Total Remote Usage
		Usr 0 00:00:00, Sys 0 00:00:00  -  Total Local Usage
	198427  -  Run Bytes Sent By Job
	225  -  Run Bytes Received By Job
	198427  -  Total Bytes Sent By Job
	225  -  Total Bytes Received By Job
	Partitionable Resources :    Usage  Request Allocated
	   Cpus                 :                 1         1
	   Disk (KB)            :      205  2048000   2585822
	   Memory (MB)          :      348     2000      2000
...
