000 (2117007.002.000) 06/02 02:18:42 Job submitted from host: <172.30.1.200:9618?addrs=172.30.1.200-9618+[--1]-9618&noUDP&sock=203143_c79e_3>
...
001 (2117007.002.000) 06/02 02:19:03 Job executing on host: <172.30.1.210:9618?addrs=172.30.1.210-9618+[--1]-9618&noUDP&sock=3640_50d2_3>
...
006 (2117007.002.000) 06/02 02:19:11 Image size of job updated: 358716
	48  -  MemoryUsage of job (MB)
	49072  -  ResidentSetSize of job (KB)
...
006 (2117007.002.000) 06/02 02:24:11 Image size of job updated: 652528
	293  -  MemoryUsage of job (MB)
	299496  -  ResidentSetSize of job (KB)
...
006 (2117007.002.000) 06/02 02:29:12 Image size of job updated: 656228
	297  -  MemoryUsage of job (MB)
	303120  -  ResidentSetSize of job (KB)
...
006 (2117007.002.000) 06/02 02:34:12 Image size of job updated: 659940
	300  -  MemoryUsage of job (MB)
	306868  -  ResidentSetSize of job (KB)
...
006 (2117007.002.000) 06/02 02:39:12 Image size of job updated: 663716
	304  -  MemoryUsage of job (MB)
	310588  -  ResidentSetSize of job (KB)
...
006 (2117007.002.000) 06/02 02:44:13 Image size of job updated: 663716
	304  -  MemoryUsage of job (MB)
	310644  -  ResidentSetSize of job (KB)
...
006 (2117007.002.000) 06/02 02:49:14 Image size of job updated: 667412
	308  -  MemoryUsage of job (MB)
	314396  -  ResidentSetSize of job (KB)
...
006 (2117007.002.000) 06/02 02:54:14 Image size of job updated: 667808
	308  -  MemoryUsage of job (MB)
	314884  -  ResidentSetSize of job (KB)
...
006 (2117007.002.000) 06/02 02:59:15 Image size of job updated: 671764
	312  -  MemoryUsage of job (MB)
	318692  -  ResidentSetSize of job (KB)
...
006 (2117007.002.000) 06/02 03:04:16 Image size of job updated: 671896
	312  -  MemoryUsage of job (MB)
	318796  -  ResidentSetSize of job (KB)
...
006 (2117007.002.000) 06/02 03:09:16 Image size of job updated: 675600
	316  -  MemoryUsage of job (MB)
	322728  -  ResidentSetSize of job (KB)
...
006 (2117007.002.000) 06/02 03:14:16 Image size of job updated: 675600
	316  -  MemoryUsage of job (MB)
	322748  -  ResidentSetSize of job (KB)
...
006 (2117007.002.000) 06/02 03:19:17 Image size of job updated: 679692
	319  -  MemoryUsage of job (MB)
	326640  -  ResidentSetSize of job (KB)
...
006 (2117007.002.000) 06/02 03:24:18 Image size of job updated: 682728
	323  -  MemoryUsage of job (MB)
	329832  -  ResidentSetSize of job (KB)
...
006 (2117007.002.000) 06/02 03:29:18 Image size of job updated: 683256
	323  -  MemoryUsage of job (MB)
	330364  -  ResidentSetSize of job (KB)
...
006 (2117007.002.000) 06/02 03:34:19 Image size of job updated: 686948
	327  -  MemoryUsage of job (MB)
	333976  -  ResidentSetSize of job (KB)
...
006 (2117007.002.000) 06/02 03:39:20 Image size of job updated: 687344
	327  -  MemoryUsage of job (MB)
	333976  -  ResidentSetSize of job (KB)
...
006 (2117007.002.000) 06/02 03:44:20 Image size of job updated: 690908
	327  -  MemoryUsage of job (MB)
	333976  -  ResidentSetSize of job (KB)
...
006 (2117007.002.000) 06/02 03:49:20 Image size of job updated: 694864
	327  -  MemoryUsage of job (MB)
	333976  -  ResidentSetSize of job (KB)
...
006 (2117007.002.000) 06/02 03:54:21 Image size of job updated: 698824
	327  -  MemoryUsage of job (MB)
	333976  -  ResidentSetSize of job (KB)
...
006 (2117007.002.000) 06/02 03:59:22 Image size of job updated: 702384
	327  -  MemoryUsage of job (MB)
	333976  -  ResidentSetSize of job (KB)
...
006 (2117007.002.000) 06/02 04:04:22 Image size of job updated: 702912
	327  -  MemoryUsage of job (MB)
	333976  -  ResidentSetSize of job (KB)
...
005 (2117007.002.000) 06/02 04:04:27 Job terminated.
	(1) Normal termination (return value 0)
		Usr 0 01:45:05, Sys 0 00:00:01  -  Run Remote Usage
		Usr 0 00:00:00, Sys 0 00:00:00  -  Run Local Usage
		Usr 0 01:45:05, Sys 0 00:00:01  -  Total Remote Usage
		Usr 0 00:00:00, Sys 0 00:00:00  -  Total Local Usage
	179770  -  Run Bytes Sent By Job
	225  -  Run Bytes Received By Job
	179770  -  Total Bytes Sent By Job
	225  -  Total Bytes Received By Job
	Partitionable Resources :    Usage  Request Allocated
	   Cpus                 :                 1         1
	   Disk (KB)            :      187  2048000   2585822
	   Memory (MB)          :      327     2000      2000
...
