000 (2117007.008.000) 06/02 02:18:42 Job submitted from host: <172.30.1.200:9618?addrs=172.30.1.200-9618+[--1]-9618&noUDP&sock=203143_c79e_3>
...
001 (2117007.008.000) 06/02 02:19:03 Job executing on host: <172.30.1.210:9618?addrs=172.30.1.210-9618+[--1]-9618&noUDP&sock=3640_50d2_3>
...
006 (2117007.008.000) 06/02 02:19:12 Image size of job updated: 304880
	44  -  MemoryUsage of job (MB)
	44092  -  ResidentSetSize of job (KB)
...
006 (2117007.008.000) 06/02 02:24:13 Image size of job updated: 652708
	293  -  MemoryUsage of job (MB)
	299684  -  ResidentSetSize of job (KB)
...
006 (2117007.008.000) 06/02 02:29:14 Image size of job updated: 660244
	300  -  MemoryUsage of job (MB)
	306988  -  ResidentSetSize of job (KB)
...
006 (2117007.008.000) 06/02 02:34:14 Image size of job updated: 664320
	304  -  MemoryUsage of job (MB)
	311172  -  ResidentSetSize of job (KB)
...
006 (2117007.008.000) 06/02 02:39:14 Image size of job updated: 664724
	305  -  MemoryUsage of job (MB)
	311632  -  ResidentSetSize of job (KB)
...
006 (2117007.008.000) 06/02 02:44:15 Image size of job updated: 669248
	309  -  MemoryUsage of job (MB)
	316340  -  ResidentSetSize of job (KB)
...
006 (2117007.008.000) 06/02 02:49:15 Image size of job updated: 673340
	313  -  MemoryUsage of job (MB)
	320312  -  ResidentSetSize of job (KB)
...
006 (2117007.008.000) 06/02 02:54:15 Image size of job updated: 677316
	317  -  MemoryUsage of job (MB)
	324316  -  ResidentSetSize of job (KB)
...
006 (2117007.008.000) 06/02 02:59:16 Image size of job updated: 678008
	318  -  MemoryUsage of job (MB)
	324916  -  ResidentSetSize of job (KB)
...
006 (2117007.008.000) 06/02 03:04:17 Image size of job updated: 681996
	322  -  MemoryUsage of job (MB)
	329144  -  ResidentSetSize of job (KB)
...
006 (2117007.008.000) 06/02 03:09:17 Image size of job updated: 686484
	326  -  MemoryUsage of job (MB)
	333472  -  ResidentSetSize of job (KB)
...
006 (2117007.008.000) 06/02 03:14:18 Image size of job updated: 690196
	330  -  MemoryUsage of job (MB)
	337312  -  ResidentSetSize of job (KB)
...
006 (2117007.008.000) 06/02 03:19:19 Image size of job updated: 694160
	334  -  MemoryUsage of job (MB)
	341144  -  ResidentSetSize of job (KB)
...
006 (2117007.008.000) 06/02 03:24:19 Image size of job updated: 694836
	334  -  MemoryUsage of job (MB)
	341904  -  ResidentSetSize of job (KB)
...
006 (2117007.008.000) 06/02 03:29:19 Image size of job updated: 699452
	339  -  MemoryUsage of job (MB)
	346424  -  ResidentSetSize of job (KB)
...
006 (2117007.008.000) 06/02 03:34:20 Image size of job updated: 703452
	343  -  MemoryUsage of job (MB)
	350624  -  ResidentSetSize of job (KB)
...
006 (2117007.008.000) 06/02 03:39:20 Image size of job updated: 707548
	343  -  MemoryUsage of job (MB)
	350624  -  ResidentSetSize of job (KB)
...
006 (2117007.008.000) 06/02 03:43:47 Image size of job updated: 715092
	343  -  MemoryUsage of job (MB)
	350624  -  ResidentSetSize of job (KB)
...
005 (2117007.008.000) 06/02 03:43:47 Job terminated.
	(1) Normal termination (return value 0)
		Usr 0 01:24:34, Sys 0 00:00:02  -  Run Remote Usage
		Usr 0 00:00:00, Sys 0 00:00:00  -  Run Local Usage
		Usr 0 01:24:34, Sys 0 00:00:02  -  Total Remote Usage
		Usr 0 00:00:00, Sys 0 00:00:00  -  Total Local Usage
	213182  -  Run Bytes Sent By Job
	225  -  Run Bytes Received By Job
	213182  -  Total Bytes Sent By Job
	225  -  Total Bytes Received By Job
	Partitionable Resources :    Usage  Request Allocated
	   Cpus                 :                 1         1
	   Disk (KB)            :      219  2048000   2585822
	   Memory (MB)          :      343     2000      2000
...
