000 (2117007.007.000) 06/02 02:18:42 Job submitted from host: <172.30.1.200:9618?addrs=172.30.1.200-9618+[--1]-9618&noUDP&sock=203143_c79e_3>
...
001 (2117007.007.000) 06/02 02:19:03 Job executing on host: <172.30.1.210:9618?addrs=172.30.1.210-9618+[--1]-9618&noUDP&sock=3640_50d2_3>
...
006 (2117007.007.000) 06/02 02:19:12 Image size of job updated: 358460
	48  -  MemoryUsage of job (MB)
	48588  -  ResidentSetSize of job (KB)
...
006 (2117007.007.000) 06/02 02:24:13 Image size of job updated: 653052
	293  -  MemoryUsage of job (MB)
	299956  -  ResidentSetSize of job (KB)
...
006 (2117007.007.000) 06/02 02:29:14 Image size of job updated: 661192
	301  -  MemoryUsage of job (MB)
	307864  -  ResidentSetSize of job (KB)
...
006 (2117007.007.000) 06/02 02:34:14 Image size of job updated: 665180
	305  -  MemoryUsage of job (MB)
	312024  -  ResidentSetSize of job (KB)
...
006 (2117007.007.000) 06/02 02:39:14 Image size of job updated: 665712
	306  -  MemoryUsage of job (MB)
	312580  -  ResidentSetSize of job (KB)
...
006 (2117007.007.000) 06/02 02:44:15 Image size of job updated: 670348
	311  -  MemoryUsage of job (MB)
	317492  -  ResidentSetSize of job (KB)
...
006 (2117007.007.000) 06/02 02:49:15 Image size of job updated: 675124
	315  -  MemoryUsage of job (MB)
	322152  -  ResidentSetSize of job (KB)
...
006 (2117007.007.000) 06/02 02:54:15 Image size of job updated: 679460
	319  -  MemoryUsage of job (MB)
	326392  -  ResidentSetSize of job (KB)
...
006 (2117007.007.000) 06/02 02:59:16 Image size of job updated: 683176
	323  -  MemoryUsage of job (MB)
	330284  -  ResidentSetSize of job (KB)
...
006 (2117007.007.000) 06/02 03:04:17 Image size of job updated: 686772
	326  -  MemoryUsage of job (MB)
	333796  -  ResidentSetSize of job (KB)
...
006 (2117007.007.000) 06/02 03:09:17 Image size of job updated: 688224
	328  -  MemoryUsage of job (MB)
	335196  -  ResidentSetSize of job (KB)
...
006 (2117007.007.000) 06/02 03:14:18 Image size of job updated: 692728
	332  -  MemoryUsage of job (MB)
	339672  -  ResidentSetSize of job (KB)
...
006 (2117007.007.000) 06/02 03:19:19 Image size of job updated: 697124
	337  -  MemoryUsage of job (MB)
	344168  -  ResidentSetSize of job (KB)
...
006 (2117007.007.000) 06/02 03:24:19 Image size of job updated: 701320
	341  -  MemoryUsage of job (MB)
	348352  -  ResidentSetSize of job (KB)
...
006 (2117007.007.000) 06/02 03:29:19 Image size of job updated: 705568
	345  -  MemoryUsage of job (MB)
	352528  -  ResidentSetSize of job (KB)
...
006 (2117007.007.000) 06/02 03:34:20 Image size of job updated: 706652
	346  -  MemoryUsage of job (MB)
	353572  -  ResidentSetSize of job (KB)
...
006 (2117007.007.000) 06/02 03:39:20 Image size of job updated: 710884
	346  -  MemoryUsage of job (MB)
	353572  -  ResidentSetSize of job (KB)
...
005 (2117007.007.000) 06/02 03:41:12 Job terminated.
	(1) Normal termination (return value 0)
		Usr 0 01:21:49, Sys 0 00:00:01  -  Run Remote Usage
		Usr 0 00:00:00, Sys 0 00:00:00  -  Run Local Usage
		Usr 0 01:21:49, Sys 0 00:00:01  -  Total Remote Usage
		Usr 0 00:00:00, Sys 0 00:00:00  -  Total Local Usage
	200051  -  Run Bytes Sent By Job
	225  -  Run Bytes Received By Job
	200051  -  Total Bytes Sent By Job
	225  -  Total Bytes Received By Job
	Partitionable Resources :    Usage  Request Allocated
	   Cpus                 :                 1         1
	   Disk (KB)            :      207  2048000   2585822
	   Memory (MB)          :      346     2000      2000
...
