000 (2117007.001.000) 06/02 02:18:42 Job submitted from host: <172.30.1.200:9618?addrs=172.30.1.200-9618+[--1]-9618&noUDP&sock=203143_c79e_3>
...
001 (2117007.001.000) 06/02 02:19:03 Job executing on host: <172.30.1.210:9618?addrs=172.30.1.210-9618+[--1]-9618&noUDP&sock=3640_50d2_3>
...
006 (2117007.001.000) 06/02 02:19:11 Image size of job updated: 358460
	48  -  MemoryUsage of job (MB)
	48556  -  ResidentSetSize of job (KB)
...
006 (2117007.001.000) 06/02 02:24:11 Image size of job updated: 652228
	293  -  MemoryUsage of job (MB)
	299136  -  ResidentSetSize of job (KB)
...
006 (2117007.001.000) 06/02 02:29:12 Image size of job updated: 659148
	299  -  MemoryUsage of job (MB)
	306136  -  ResidentSetSize of job (KB)
...
006 (2117007.001.000) 06/02 02:34:13 Image size of job updated: 663228
	303  -  MemoryUsage of job (MB)
	310008  -  ResidentSetSize of job (KB)
...
006 (2117007.001.000) 06/02 02:39:13 Image size of job updated: 663364
	303  -  MemoryUsage of job (MB)
	310180  -  ResidentSetSize of job (KB)
...
006 (2117007.001.000) 06/02 02:44:13 Image size of job updated: 667372
	307  -  MemoryUsage of job (MB)
	314312  -  ResidentSetSize of job (KB)
...
006 (2117007.001.000) 06/02 02:49:14 Image size of job updated: 671096
	311  -  MemoryUsage of job (MB)
	318036  -  ResidentSetSize of job (KB)
...
006 (2117007.001.000) 06/02 02:54:14 Image size of job updated: 674744
	315  -  MemoryUsage of job (MB)
	321888  -  ResidentSetSize of job (KB)
...
006 (2117007.001.000) 06/02 02:59:14 Image size of job updated: 675008
	315  -  MemoryUsage of job (MB)
	322104  -  ResidentSetSize of job (KB)
...
006 (2117007.001.000) 06/02 03:04:15 Image size of job updated: 678716
	319  -  MemoryUsage of job (MB)
	325688  -  ResidentSetSize of job (KB)
...
006 (2117007.001.000) 06/02 03:09:16 Image size of job updated: 682320
	322  -  MemoryUsage of job (MB)
	329336  -  ResidentSetSize of job (KB)
...
006 (2117007.001.000) 06/02 03:14:16 Image size of job updated: 686180
	326  -  MemoryUsage of job (MB)
	333152  -  ResidentSetSize of job (KB)
...
006 (2117007.001.000) 06/02 03:19:16 Image size of job updated: 686444
	326  -  MemoryUsage of job (MB)
	333380  -  ResidentSetSize of job (KB)
...
006 (2117007.001.000) 06/02 03:24:17 Image size of job updated: 690012
	330  -  MemoryUsage of job (MB)
	337004  -  ResidentSetSize of job (KB)
...
006 (2117007.001.000) 06/02 03:29:17 Image size of job updated: 693700
	333  -  MemoryUsage of job (MB)
	340712  -  ResidentSetSize of job (KB)
...
006 (2117007.001.000) 06/02 03:34:17 Image size of job updated: 697276
	337  -  MemoryUsage of job (MB)
	344440  -  ResidentSetSize of job (KB)
...
006 (2117007.001.000) 06/02 03:39:17 Image size of job updated: 697544
	337  -  MemoryUsage of job (MB)
	344440  -  ResidentSetSize of job (KB)
...
006 (2117007.001.000) 06/02 03:44:18 Image size of job updated: 701672
	337  -  MemoryUsage of job (MB)
	344440  -  ResidentSetSize of job (KB)
...
006 (2117007.001.000) 06/02 03:46:14 Image size of job updated: 701804
	337  -  MemoryUsage of job (MB)
	344440  -  ResidentSetSize of job (KB)
...
005 (2117007.001.000) 06/02 03:46:14 Job terminated.
	(1) Normal termination (return value 0)
		Usr 0 01:26:49, Sys 0 00:00:02  -  Run Remote Usage
		Usr 0 00:00:00, Sys 0 00:00:00  -  Run Local Usage
		Usr 0 01:26:49, Sys 0 00:00:02  -  Total Remote Usage
		Usr 0 00:00:00, Sys 0 00:00:00  -  Total Local Usage
	183800  -  Run Bytes Sent By Job
	225  -  Run Bytes Received By Job
	183800  -  Total Bytes Sent By Job
	225  -  Total Bytes Received By Job
	Partitionable Resources :    Usage  Request Allocated
	   Cpus                 :                 1         1
	   Disk (KB)            :      191  2048000   2585822
	   Memory (MB)          :      337     2000      2000
...
