000 (126726.000.000) 2022-03-30 12:55:55 Job submitted from host: <172.30.1.200:9618?addrs=172.30.1.200-9618&alias=tamsa2.snu.ac.kr&noUDP&sock=schedd_3154_f5cb>
...
000 (126726.001.000) 2022-03-30 12:55:55 Job submitted from host: <172.30.1.200:9618?addrs=172.30.1.200-9618&alias=tamsa2.snu.ac.kr&noUDP&sock=schedd_3154_f5cb>
...
000 (126726.002.000) 2022-03-30 12:55:55 Job submitted from host: <172.30.1.200:9618?addrs=172.30.1.200-9618&alias=tamsa2.snu.ac.kr&noUDP&sock=schedd_3154_f5cb>
...
000 (126726.003.000) 2022-03-30 12:55:55 Job submitted from host: <172.30.1.200:9618?addrs=172.30.1.200-9618&alias=tamsa2.snu.ac.kr&noUDP&sock=schedd_3154_f5cb>
...
000 (126726.004.000) 2022-03-30 12:55:55 Job submitted from host: <172.30.1.200:9618?addrs=172.30.1.200-9618&alias=tamsa2.snu.ac.kr&noUDP&sock=schedd_3154_f5cb>
...
000 (126726.005.000) 2022-03-30 12:55:55 Job submitted from host: <172.30.1.200:9618?addrs=172.30.1.200-9618&alias=tamsa2.snu.ac.kr&noUDP&sock=schedd_3154_f5cb>
...
000 (126726.006.000) 2022-03-30 12:55:55 Job submitted from host: <172.30.1.200:9618?addrs=172.30.1.200-9618&alias=tamsa2.snu.ac.kr&noUDP&sock=schedd_3154_f5cb>
...
000 (126726.007.000) 2022-03-30 12:55:55 Job submitted from host: <172.30.1.200:9618?addrs=172.30.1.200-9618&alias=tamsa2.snu.ac.kr&noUDP&sock=schedd_3154_f5cb>
...
000 (126726.008.000) 2022-03-30 12:55:55 Job submitted from host: <172.30.1.200:9618?addrs=172.30.1.200-9618&alias=tamsa2.snu.ac.kr&noUDP&sock=schedd_3154_f5cb>
...
000 (126726.009.000) 2022-03-30 12:55:55 Job submitted from host: <172.30.1.200:9618?addrs=172.30.1.200-9618&alias=tamsa2.snu.ac.kr&noUDP&sock=schedd_3154_f5cb>
...
000 (126726.010.000) 2022-03-30 12:55:55 Job submitted from host: <172.30.1.200:9618?addrs=172.30.1.200-9618&alias=tamsa2.snu.ac.kr&noUDP&sock=schedd_3154_f5cb>
...
000 (126726.011.000) 2022-03-30 12:55:55 Job submitted from host: <172.30.1.200:9618?addrs=172.30.1.200-9618&alias=tamsa2.snu.ac.kr&noUDP&sock=schedd_3154_f5cb>
...
000 (126726.012.000) 2022-03-30 12:55:55 Job submitted from host: <172.30.1.200:9618?addrs=172.30.1.200-9618&alias=tamsa2.snu.ac.kr&noUDP&sock=schedd_3154_f5cb>
...
000 (126726.013.000) 2022-03-30 12:55:55 Job submitted from host: <172.30.1.200:9618?addrs=172.30.1.200-9618&alias=tamsa2.snu.ac.kr&noUDP&sock=schedd_3154_f5cb>
...
000 (126726.014.000) 2022-03-30 12:55:55 Job submitted from host: <172.30.1.200:9618?addrs=172.30.1.200-9618&alias=tamsa2.snu.ac.kr&noUDP&sock=schedd_3154_f5cb>
...
000 (126726.015.000) 2022-03-30 12:55:55 Job submitted from host: <172.30.1.200:9618?addrs=172.30.1.200-9618&alias=tamsa2.snu.ac.kr&noUDP&sock=schedd_3154_f5cb>
...
000 (126726.016.000) 2022-03-30 12:55:55 Job submitted from host: <172.30.1.200:9618?addrs=172.30.1.200-9618&alias=tamsa2.snu.ac.kr&noUDP&sock=schedd_3154_f5cb>
...
000 (126726.017.000) 2022-03-30 12:55:55 Job submitted from host: <172.30.1.200:9618?addrs=172.30.1.200-9618&alias=tamsa2.snu.ac.kr&noUDP&sock=schedd_3154_f5cb>
...
000 (126726.018.000) 2022-03-30 12:55:55 Job submitted from host: <172.30.1.200:9618?addrs=172.30.1.200-9618&alias=tamsa2.snu.ac.kr&noUDP&sock=schedd_3154_f5cb>
...
000 (126726.019.000) 2022-03-30 12:55:55 Job submitted from host: <172.30.1.200:9618?addrs=172.30.1.200-9618&alias=tamsa2.snu.ac.kr&noUDP&sock=schedd_3154_f5cb>
...
001 (126726.000.000) 2022-03-30 12:56:11 Job executing on host: <172.30.1.202:9618?addrs=172.30.1.202-9618&alias=node2&noUDP&sock=startd_3636_9271>
...
001 (126726.001.000) 2022-03-30 12:56:11 Job executing on host: <172.30.1.202:9618?addrs=172.30.1.202-9618&alias=node2&noUDP&sock=startd_3636_9271>
...
001 (126726.002.000) 2022-03-30 12:56:11 Job executing on host: <172.30.1.202:9618?addrs=172.30.1.202-9618&alias=node2&noUDP&sock=startd_3636_9271>
...
001 (126726.003.000) 2022-03-30 12:56:11 Job executing on host: <172.30.1.202:9618?addrs=172.30.1.202-9618&alias=node2&noUDP&sock=startd_3636_9271>
...
001 (126726.004.000) 2022-03-30 12:56:11 Job executing on host: <172.30.1.202:9618?addrs=172.30.1.202-9618&alias=node2&noUDP&sock=startd_3636_9271>
...
001 (126726.005.000) 2022-03-30 12:56:11 Job executing on host: <172.30.1.202:9618?addrs=172.30.1.202-9618&alias=node2&noUDP&sock=startd_3636_9271>
...
001 (126726.006.000) 2022-03-30 12:56:11 Job executing on host: <172.30.1.202:9618?addrs=172.30.1.202-9618&alias=node2&noUDP&sock=startd_3636_9271>
...
001 (126726.007.000) 2022-03-30 12:56:11 Job executing on host: <172.30.1.202:9618?addrs=172.30.1.202-9618&alias=node2&noUDP&sock=startd_3636_9271>
...
001 (126726.008.000) 2022-03-30 12:56:11 Job executing on host: <172.30.1.202:9618?addrs=172.30.1.202-9618&alias=node2&noUDP&sock=startd_3636_9271>
...
001 (126726.009.000) 2022-03-30 12:56:11 Job executing on host: <172.30.1.202:9618?addrs=172.30.1.202-9618&alias=node2&noUDP&sock=startd_3636_9271>
...
001 (126726.010.000) 2022-03-30 12:56:11 Job executing on host: <172.30.1.202:9618?addrs=172.30.1.202-9618&alias=node2&noUDP&sock=startd_3636_9271>
...
001 (126726.011.000) 2022-03-30 12:56:11 Job executing on host: <172.30.1.202:9618?addrs=172.30.1.202-9618&alias=node2&noUDP&sock=startd_3636_9271>
...
001 (126726.012.000) 2022-03-30 12:56:11 Job executing on host: <172.30.1.202:9618?addrs=172.30.1.202-9618&alias=node2&noUDP&sock=startd_3636_9271>
...
001 (126726.013.000) 2022-03-30 12:56:11 Job executing on host: <172.30.1.202:9618?addrs=172.30.1.202-9618&alias=node2&noUDP&sock=startd_3636_9271>
...
001 (126726.014.000) 2022-03-30 12:56:11 Job executing on host: <172.30.1.202:9618?addrs=172.30.1.202-9618&alias=node2&noUDP&sock=startd_3636_9271>
...
001 (126726.015.000) 2022-03-30 12:56:12 Job executing on host: <172.30.1.202:9618?addrs=172.30.1.202-9618&alias=node2&noUDP&sock=startd_3636_9271>
...
001 (126726.016.000) 2022-03-30 12:56:12 Job executing on host: <172.30.1.202:9618?addrs=172.30.1.202-9618&alias=node2&noUDP&sock=startd_3636_9271>
...
001 (126726.017.000) 2022-03-30 12:56:12 Job executing on host: <172.30.1.202:9618?addrs=172.30.1.202-9618&alias=node2&noUDP&sock=startd_3636_9271>
...
001 (126726.018.000) 2022-03-30 12:56:12 Job executing on host: <172.30.1.202:9618?addrs=172.30.1.202-9618&alias=node2&noUDP&sock=startd_3636_9271>
...
001 (126726.019.000) 2022-03-30 12:56:12 Job executing on host: <172.30.1.202:9618?addrs=172.30.1.202-9618&alias=node2&noUDP&sock=startd_3636_9271>
...
006 (126726.000.000) 2022-03-30 12:56:19 Image size of job updated: 394048
	148  -  MemoryUsage of job (MB)
	151300  -  ResidentSetSize of job (KB)
...
006 (126726.001.000) 2022-03-30 12:56:19 Image size of job updated: 394048
	148  -  MemoryUsage of job (MB)
	151456  -  ResidentSetSize of job (KB)
...
006 (126726.002.000) 2022-03-30 12:56:19 Image size of job updated: 394048
	149  -  MemoryUsage of job (MB)
	151680  -  ResidentSetSize of job (KB)
...
006 (126726.003.000) 2022-03-30 12:56:19 Image size of job updated: 394048
	149  -  MemoryUsage of job (MB)
	151920  -  ResidentSetSize of job (KB)
...
006 (126726.004.000) 2022-03-30 12:56:19 Image size of job updated: 394048
	149  -  MemoryUsage of job (MB)
	151924  -  ResidentSetSize of job (KB)
...
006 (126726.005.000) 2022-03-30 12:56:19 Image size of job updated: 394048
	149  -  MemoryUsage of job (MB)
	152040  -  ResidentSetSize of job (KB)
...
006 (126726.006.000) 2022-03-30 12:56:19 Image size of job updated: 394048
	149  -  MemoryUsage of job (MB)
	152248  -  ResidentSetSize of job (KB)
...
006 (126726.014.000) 2022-03-30 12:56:20 Image size of job updated: 372908
	156  -  MemoryUsage of job (MB)
	159160  -  ResidentSetSize of job (KB)
...
006 (126726.015.000) 2022-03-30 12:56:20 Image size of job updated: 317472
	160  -  MemoryUsage of job (MB)
	163788  -  ResidentSetSize of job (KB)
...
006 (126726.016.000) 2022-03-30 12:56:20 Image size of job updated: 319524
	160  -  MemoryUsage of job (MB)
	163840  -  ResidentSetSize of job (KB)
...
006 (126726.017.000) 2022-03-30 12:56:20 Image size of job updated: 319524
	159  -  MemoryUsage of job (MB)
	162340  -  ResidentSetSize of job (KB)
...
006 (126726.018.000) 2022-03-30 12:56:20 Image size of job updated: 319524
	161  -  MemoryUsage of job (MB)
	164792  -  ResidentSetSize of job (KB)
...
006 (126726.019.000) 2022-03-30 12:56:20 Image size of job updated: 317472
	163  -  MemoryUsage of job (MB)
	166872  -  ResidentSetSize of job (KB)
...
006 (126726.007.000) 2022-03-30 12:56:20 Image size of job updated: 394048
	166  -  MemoryUsage of job (MB)
	169444  -  ResidentSetSize of job (KB)
...
006 (126726.008.000) 2022-03-30 12:56:20 Image size of job updated: 393648
	169  -  MemoryUsage of job (MB)
	172700  -  ResidentSetSize of job (KB)
...
006 (126726.009.000) 2022-03-30 12:56:20 Image size of job updated: 393648
	168  -  MemoryUsage of job (MB)
	171944  -  ResidentSetSize of job (KB)
...
006 (126726.010.000) 2022-03-30 12:56:20 Image size of job updated: 393380
	171  -  MemoryUsage of job (MB)
	174120  -  ResidentSetSize of job (KB)
...
006 (126726.011.000) 2022-03-30 12:56:20 Image size of job updated: 447268
	172  -  MemoryUsage of job (MB)
	176128  -  ResidentSetSize of job (KB)
...
006 (126726.012.000) 2022-03-30 12:56:20 Image size of job updated: 447264
	174  -  MemoryUsage of job (MB)
	178124  -  ResidentSetSize of job (KB)
...
006 (126726.013.000) 2022-03-30 12:56:21 Image size of job updated: 372908
	177  -  MemoryUsage of job (MB)
	180800  -  ResidentSetSize of job (KB)
...
006 (126726.019.000) 2022-03-30 12:56:25 Image size of job updated: 317472
	163  -  MemoryUsage of job (MB)
	166876  -  ResidentSetSize of job (KB)
...
005 (126726.019.000) 2022-03-30 12:56:25 Job terminated.
	(1) Normal termination (return value 0)
		Usr 0 00:00:06, Sys 0 00:00:02  -  Run Remote Usage
		Usr 0 00:00:00, Sys 0 00:00:00  -  Run Local Usage
		Usr 0 00:00:06, Sys 0 00:00:02  -  Total Remote Usage
		Usr 0 00:00:00, Sys 0 00:00:00  -  Total Local Usage
	0  -  Run Bytes Sent By Job
	0  -  Run Bytes Received By Job
	0  -  Total Bytes Sent By Job
	0  -  Total Bytes Received By Job
	Partitionable Resources :    Usage  Request Allocated 
	   Cpus                 :                 1         1 
	   Disk (KB)            :        1        1    129249 
	   Memory (MB)          :      163     3900      3968 

	Job terminated of its own accord at 2022-03-30T03:56:25Z.
...
006 (126726.015.000) 2022-03-30 12:56:25 Image size of job updated: 686480
	160  -  MemoryUsage of job (MB)
	163788  -  ResidentSetSize of job (KB)
...
006 (126726.002.000) 2022-03-30 12:56:25 Image size of job updated: 689580
	149  -  MemoryUsage of job (MB)
	151684  -  ResidentSetSize of job (KB)
...
005 (126726.015.000) 2022-03-30 12:56:25 Job terminated.
	(1) Normal termination (return value 0)
		Usr 0 00:00:06, Sys 0 00:00:02  -  Run Remote Usage
		Usr 0 00:00:00, Sys 0 00:00:00  -  Run Local Usage
		Usr 0 00:00:06, Sys 0 00:00:02  -  Total Remote Usage
		Usr 0 00:00:00, Sys 0 00:00:00  -  Total Local Usage
	0  -  Run Bytes Sent By Job
	0  -  Run Bytes Received By Job
	0  -  Total Bytes Sent By Job
	0  -  Total Bytes Received By Job
	Partitionable Resources :    Usage  Request Allocated 
	   Cpus                 :                 1         1 
	   Disk (KB)            :        1        1    129249 
	   Memory (MB)          :      160     3900      3968 

	Job terminated of its own accord at 2022-03-30T03:56:25Z.
...
005 (126726.002.000) 2022-03-30 12:56:25 Job terminated.
	(1) Normal termination (return value 0)
		Usr 0 00:00:06, Sys 0 00:00:02  -  Run Remote Usage
		Usr 0 00:00:00, Sys 0 00:00:00  -  Run Local Usage
		Usr 0 00:00:06, Sys 0 00:00:02  -  Total Remote Usage
		Usr 0 00:00:00, Sys 0 00:00:00  -  Total Local Usage
	0  -  Run Bytes Sent By Job
	0  -  Run Bytes Received By Job
	0  -  Total Bytes Sent By Job
	0  -  Total Bytes Received By Job
	Partitionable Resources :    Usage  Request Allocated 
	   Cpus                 :                 1         1 
	   Disk (KB)            :        1        1    129249 
	   Memory (MB)          :      149     3900      3968 

	Job terminated of its own accord at 2022-03-30T03:56:25Z.
...
006 (126726.012.000) 2022-03-30 12:56:26 Image size of job updated: 688928
	174  -  MemoryUsage of job (MB)
	178124  -  ResidentSetSize of job (KB)
...
005 (126726.012.000) 2022-03-30 12:56:26 Job terminated.
	(1) Normal termination (return value 0)
		Usr 0 00:00:07, Sys 0 00:00:02  -  Run Remote Usage
		Usr 0 00:00:00, Sys 0 00:00:00  -  Run Local Usage
		Usr 0 00:00:07, Sys 0 00:00:02  -  Total Remote Usage
		Usr 0 00:00:00, Sys 0 00:00:00  -  Total Local Usage
	0  -  Run Bytes Sent By Job
	0  -  Run Bytes Received By Job
	0  -  Total Bytes Sent By Job
	0  -  Total Bytes Received By Job
	Partitionable Resources :    Usage  Request Allocated 
	   Cpus                 :                 1         1 
	   Disk (KB)            :        1        1    129249 
	   Memory (MB)          :      174     3900      3968 

	Job terminated of its own accord at 2022-03-30T03:56:26Z.
...
006 (126726.017.000) 2022-03-30 12:56:26 Image size of job updated: 686508
	159  -  MemoryUsage of job (MB)
	162340  -  ResidentSetSize of job (KB)
...
005 (126726.017.000) 2022-03-30 12:56:26 Job terminated.
	(1) Normal termination (return value 0)
		Usr 0 00:00:07, Sys 0 00:00:02  -  Run Remote Usage
		Usr 0 00:00:00, Sys 0 00:00:00  -  Run Local Usage
		Usr 0 00:00:07, Sys 0 00:00:02  -  Total Remote Usage
		Usr 0 00:00:00, Sys 0 00:00:00  -  Total Local Usage
	0  -  Run Bytes Sent By Job
	0  -  Run Bytes Received By Job
	0  -  Total Bytes Sent By Job
	0  -  Total Bytes Received By Job
	Partitionable Resources :    Usage  Request Allocated 
	   Cpus                 :                 1         1 
	   Disk (KB)            :        1        1    129249 
	   Memory (MB)          :      159     3900      3968 

	Job terminated of its own accord at 2022-03-30T03:56:26Z.
...
006 (126726.001.000) 2022-03-30 12:56:26 Image size of job updated: 689588
	148  -  MemoryUsage of job (MB)
	151464  -  ResidentSetSize of job (KB)
...
005 (126726.001.000) 2022-03-30 12:56:26 Job terminated.
	(1) Normal termination (return value 0)
		Usr 0 00:00:07, Sys 0 00:00:02  -  Run Remote Usage
		Usr 0 00:00:00, Sys 0 00:00:00  -  Run Local Usage
		Usr 0 00:00:07, Sys 0 00:00:02  -  Total Remote Usage
		Usr 0 00:00:00, Sys 0 00:00:00  -  Total Local Usage
	0  -  Run Bytes Sent By Job
	0  -  Run Bytes Received By Job
	0  -  Total Bytes Sent By Job
	0  -  Total Bytes Received By Job
	Partitionable Resources :    Usage  Request Allocated 
	   Cpus                 :                 1         1 
	   Disk (KB)            :        1        1    129249 
	   Memory (MB)          :      148     3900      3968 

	Job terminated of its own accord at 2022-03-30T03:56:26Z.
...
006 (126726.006.000) 2022-03-30 12:56:26 Image size of job updated: 688384
	149  -  MemoryUsage of job (MB)
	152252  -  ResidentSetSize of job (KB)
...
006 (126726.007.000) 2022-03-30 12:56:26 Image size of job updated: 689576
	166  -  MemoryUsage of job (MB)
	169452  -  ResidentSetSize of job (KB)
...
005 (126726.007.000) 2022-03-30 12:56:26 Job terminated.
	(1) Normal termination (return value 0)
		Usr 0 00:00:07, Sys 0 00:00:02  -  Run Remote Usage
		Usr 0 00:00:00, Sys 0 00:00:00  -  Run Local Usage
		Usr 0 00:00:07, Sys 0 00:00:02  -  Total Remote Usage
		Usr 0 00:00:00, Sys 0 00:00:00  -  Total Local Usage
	0  -  Run Bytes Sent By Job
	0  -  Run Bytes Received By Job
	0  -  Total Bytes Sent By Job
	0  -  Total Bytes Received By Job
	Partitionable Resources :    Usage  Request Allocated 
	   Cpus                 :                 1         1 
	   Disk (KB)            :        1        1    129249 
	   Memory (MB)          :      166     3900      3968 

	Job terminated of its own accord at 2022-03-30T03:56:26Z.
...
005 (126726.006.000) 2022-03-30 12:56:26 Job terminated.
	(1) Normal termination (return value 0)
		Usr 0 00:00:07, Sys 0 00:00:02  -  Run Remote Usage
		Usr 0 00:00:00, Sys 0 00:00:00  -  Run Local Usage
		Usr 0 00:00:07, Sys 0 00:00:02  -  Total Remote Usage
		Usr 0 00:00:00, Sys 0 00:00:00  -  Total Local Usage
	0  -  Run Bytes Sent By Job
	0  -  Run Bytes Received By Job
	0  -  Total Bytes Sent By Job
	0  -  Total Bytes Received By Job
	Partitionable Resources :    Usage  Request Allocated 
	   Cpus                 :                 1         1 
	   Disk (KB)            :        1        1    129249 
	   Memory (MB)          :      149     3900      3968 

	Job terminated of its own accord at 2022-03-30T03:56:26Z.
...
006 (126726.010.000) 2022-03-30 12:56:26 Image size of job updated: 689588
	171  -  MemoryUsage of job (MB)
	174120  -  ResidentSetSize of job (KB)
...
005 (126726.010.000) 2022-03-30 12:56:26 Job terminated.
	(1) Normal termination (return value 0)
		Usr 0 00:00:07, Sys 0 00:00:02  -  Run Remote Usage
		Usr 0 00:00:00, Sys 0 00:00:00  -  Run Local Usage
		Usr 0 00:00:07, Sys 0 00:00:02  -  Total Remote Usage
		Usr 0 00:00:00, Sys 0 00:00:00  -  Total Local Usage
	0  -  Run Bytes Sent By Job
	0  -  Run Bytes Received By Job
	0  -  Total Bytes Sent By Job
	0  -  Total Bytes Received By Job
	Partitionable Resources :    Usage  Request Allocated 
	   Cpus                 :                 1         1 
	   Disk (KB)            :        1        1    129249 
	   Memory (MB)          :      171     3900      3968 

	Job terminated of its own accord at 2022-03-30T03:56:26Z.
...
006 (126726.003.000) 2022-03-30 12:56:27 Image size of job updated: 689640
	149  -  MemoryUsage of job (MB)
	151920  -  ResidentSetSize of job (KB)
...
006 (126726.018.000) 2022-03-30 12:56:27 Image size of job updated: 688968
	161  -  MemoryUsage of job (MB)
	164848  -  ResidentSetSize of job (KB)
...
006 (126726.008.000) 2022-03-30 12:56:27 Image size of job updated: 689864
	169  -  MemoryUsage of job (MB)
	172700  -  ResidentSetSize of job (KB)
...
006 (126726.016.000) 2022-03-30 12:56:27 Image size of job updated: 684920
	161  -  MemoryUsage of job (MB)
	163848  -  ResidentSetSize of job (KB)
...
005 (126726.003.000) 2022-03-30 12:56:27 Job terminated.
	(1) Normal termination (return value 0)
		Usr 0 00:00:08, Sys 0 00:00:02  -  Run Remote Usage
		Usr 0 00:00:00, Sys 0 00:00:00  -  Run Local Usage
		Usr 0 00:00:08, Sys 0 00:00:02  -  Total Remote Usage
		Usr 0 00:00:00, Sys 0 00:00:00  -  Total Local Usage
	0  -  Run Bytes Sent By Job
	0  -  Run Bytes Received By Job
	0  -  Total Bytes Sent By Job
	0  -  Total Bytes Received By Job
	Partitionable Resources :    Usage  Request Allocated 
	   Cpus                 :                 1         1 
	   Disk (KB)            :        1        1    129249 
	   Memory (MB)          :      149     3900      3968 

	Job terminated of its own accord at 2022-03-30T03:56:27Z.
...
005 (126726.008.000) 2022-03-30 12:56:27 Job terminated.
	(1) Normal termination (return value 0)
		Usr 0 00:00:08, Sys 0 00:00:02  -  Run Remote Usage
		Usr 0 00:00:00, Sys 0 00:00:00  -  Run Local Usage
		Usr 0 00:00:08, Sys 0 00:00:02  -  Total Remote Usage
		Usr 0 00:00:00, Sys 0 00:00:00  -  Total Local Usage
	0  -  Run Bytes Sent By Job
	0  -  Run Bytes Received By Job
	0  -  Total Bytes Sent By Job
	0  -  Total Bytes Received By Job
	Partitionable Resources :    Usage  Request Allocated 
	   Cpus                 :                 1         1 
	   Disk (KB)            :        1        1    129249 
	   Memory (MB)          :      169     3900      3968 

	Job terminated of its own accord at 2022-03-30T03:56:27Z.
...
005 (126726.018.000) 2022-03-30 12:56:27 Job terminated.
	(1) Normal termination (return value 0)
		Usr 0 00:00:08, Sys 0 00:00:02  -  Run Remote Usage
		Usr 0 00:00:00, Sys 0 00:00:00  -  Run Local Usage
		Usr 0 00:00:08, Sys 0 00:00:02  -  Total Remote Usage
		Usr 0 00:00:00, Sys 0 00:00:00  -  Total Local Usage
	0  -  Run Bytes Sent By Job
	0  -  Run Bytes Received By Job
	0  -  Total Bytes Sent By Job
	0  -  Total Bytes Received By Job
	Partitionable Resources :    Usage  Request Allocated 
	   Cpus                 :                 1         1 
	   Disk (KB)            :        1        1    129249 
	   Memory (MB)          :      161     3900      3968 

	Job terminated of its own accord at 2022-03-30T03:56:27Z.
...
005 (126726.016.000) 2022-03-30 12:56:27 Job terminated.
	(1) Normal termination (return value 0)
		Usr 0 00:00:08, Sys 0 00:00:02  -  Run Remote Usage
		Usr 0 00:00:00, Sys 0 00:00:00  -  Run Local Usage
		Usr 0 00:00:08, Sys 0 00:00:02  -  Total Remote Usage
		Usr 0 00:00:00, Sys 0 00:00:00  -  Total Local Usage
	0  -  Run Bytes Sent By Job
	0  -  Run Bytes Received By Job
	0  -  Total Bytes Sent By Job
	0  -  Total Bytes Received By Job
	Partitionable Resources :    Usage  Request Allocated 
	   Cpus                 :                 1         1 
	   Disk (KB)            :        1        1    129249 
	   Memory (MB)          :      161     3900      3968 

	Job terminated of its own accord at 2022-03-30T03:56:27Z.
...
006 (126726.014.000) 2022-03-30 12:56:27 Image size of job updated: 689508
	156  -  MemoryUsage of job (MB)
	159400  -  ResidentSetSize of job (KB)
...
006 (126726.000.000) 2022-03-30 12:56:27 Image size of job updated: 689648
	148  -  MemoryUsage of job (MB)
	151308  -  ResidentSetSize of job (KB)
...
006 (126726.011.000) 2022-03-30 12:56:27 Image size of job updated: 687776
	172  -  MemoryUsage of job (MB)
	176128  -  ResidentSetSize of job (KB)
...
005 (126726.014.000) 2022-03-30 12:56:28 Job terminated.
	(1) Normal termination (return value 0)
		Usr 0 00:00:09, Sys 0 00:00:02  -  Run Remote Usage
		Usr 0 00:00:00, Sys 0 00:00:00  -  Run Local Usage
		Usr 0 00:00:09, Sys 0 00:00:02  -  Total Remote Usage
		Usr 0 00:00:00, Sys 0 00:00:00  -  Total Local Usage
	0  -  Run Bytes Sent By Job
	0  -  Run Bytes Received By Job
	0  -  Total Bytes Sent By Job
	0  -  Total Bytes Received By Job
	Partitionable Resources :    Usage  Request Allocated 
	   Cpus                 :                 1         1 
	   Disk (KB)            :        1        1    129249 
	   Memory (MB)          :      156     3900      3968 

	Job terminated of its own accord at 2022-03-30T03:56:27Z.
...
005 (126726.011.000) 2022-03-30 12:56:28 Job terminated.
	(1) Normal termination (return value 0)
		Usr 0 00:00:09, Sys 0 00:00:02  -  Run Remote Usage
		Usr 0 00:00:00, Sys 0 00:00:00  -  Run Local Usage
		Usr 0 00:00:09, Sys 0 00:00:02  -  Total Remote Usage
		Usr 0 00:00:00, Sys 0 00:00:00  -  Total Local Usage
	0  -  Run Bytes Sent By Job
	0  -  Run Bytes Received By Job
	0  -  Total Bytes Sent By Job
	0  -  Total Bytes Received By Job
	Partitionable Resources :    Usage  Request Allocated 
	   Cpus                 :                 1         1 
	   Disk (KB)            :        1        1    129249 
	   Memory (MB)          :      172     3900      3968 

	Job terminated of its own accord at 2022-03-30T03:56:27Z.
...
005 (126726.000.000) 2022-03-30 12:56:28 Job terminated.
	(1) Normal termination (return value 0)
		Usr 0 00:00:08, Sys 0 00:00:02  -  Run Remote Usage
		Usr 0 00:00:00, Sys 0 00:00:00  -  Run Local Usage
		Usr 0 00:00:08, Sys 0 00:00:02  -  Total Remote Usage
		Usr 0 00:00:00, Sys 0 00:00:00  -  Total Local Usage
	0  -  Run Bytes Sent By Job
	0  -  Run Bytes Received By Job
	0  -  Total Bytes Sent By Job
	0  -  Total Bytes Received By Job
	Partitionable Resources :    Usage  Request Allocated 
	   Cpus                 :                 1         1 
	   Disk (KB)            :        1        1    129249 
	   Memory (MB)          :      148     3900      3968 

	Job terminated of its own accord at 2022-03-30T03:56:27Z.
...
006 (126726.013.000) 2022-03-30 12:56:29 Image size of job updated: 664912
	177  -  MemoryUsage of job (MB)
	180800  -  ResidentSetSize of job (KB)
...
006 (126726.009.000) 2022-03-30 12:56:29 Image size of job updated: 689344
	169  -  MemoryUsage of job (MB)
	172304  -  ResidentSetSize of job (KB)
...
005 (126726.013.000) 2022-03-30 12:56:29 Job terminated.
	(1) Normal termination (return value 0)
		Usr 0 00:00:10, Sys 0 00:00:02  -  Run Remote Usage
		Usr 0 00:00:00, Sys 0 00:00:00  -  Run Local Usage
		Usr 0 00:00:10, Sys 0 00:00:02  -  Total Remote Usage
		Usr 0 00:00:00, Sys 0 00:00:00  -  Total Local Usage
	0  -  Run Bytes Sent By Job
	0  -  Run Bytes Received By Job
	0  -  Total Bytes Sent By Job
	0  -  Total Bytes Received By Job
	Partitionable Resources :    Usage  Request Allocated 
	   Cpus                 :                 1         1 
	   Disk (KB)            :        1        1    129249 
	   Memory (MB)          :      177     3900      3968 

	Job terminated of its own accord at 2022-03-30T03:56:29Z.
...
005 (126726.009.000) 2022-03-30 12:56:29 Job terminated.
	(1) Normal termination (return value 0)
		Usr 0 00:00:10, Sys 0 00:00:02  -  Run Remote Usage
		Usr 0 00:00:00, Sys 0 00:00:00  -  Run Local Usage
		Usr 0 00:00:10, Sys 0 00:00:02  -  Total Remote Usage
		Usr 0 00:00:00, Sys 0 00:00:00  -  Total Local Usage
	0  -  Run Bytes Sent By Job
	0  -  Run Bytes Received By Job
	0  -  Total Bytes Sent By Job
	0  -  Total Bytes Received By Job
	Partitionable Resources :    Usage  Request Allocated 
	   Cpus                 :                 1         1 
	   Disk (KB)            :        1        1    129249 
	   Memory (MB)          :      169     3900      3968 

	Job terminated of its own accord at 2022-03-30T03:56:29Z.
...
006 (126726.005.000) 2022-03-30 12:56:31 Image size of job updated: 690136
	149  -  MemoryUsage of job (MB)
	152040  -  ResidentSetSize of job (KB)
...
005 (126726.005.000) 2022-03-30 12:56:31 Job terminated.
	(1) Normal termination (return value 0)
		Usr 0 00:00:12, Sys 0 00:00:02  -  Run Remote Usage
		Usr 0 00:00:00, Sys 0 00:00:00  -  Run Local Usage
		Usr 0 00:00:12, Sys 0 00:00:02  -  Total Remote Usage
		Usr 0 00:00:00, Sys 0 00:00:00  -  Total Local Usage
	0  -  Run Bytes Sent By Job
	0  -  Run Bytes Received By Job
	0  -  Total Bytes Sent By Job
	0  -  Total Bytes Received By Job
	Partitionable Resources :    Usage  Request Allocated 
	   Cpus                 :                 1         1 
	   Disk (KB)            :        1        1    129249 
	   Memory (MB)          :      149     3900      3968 

	Job terminated of its own accord at 2022-03-30T03:56:31Z.
...
006 (126726.004.000) 2022-03-30 12:56:32 Image size of job updated: 689892
	149  -  MemoryUsage of job (MB)
	151924  -  ResidentSetSize of job (KB)
...
005 (126726.004.000) 2022-03-30 12:56:32 Job terminated.
	(1) Normal termination (return value 0)
		Usr 0 00:00:13, Sys 0 00:00:02  -  Run Remote Usage
		Usr 0 00:00:00, Sys 0 00:00:00  -  Run Local Usage
		Usr 0 00:00:13, Sys 0 00:00:02  -  Total Remote Usage
		Usr 0 00:00:00, Sys 0 00:00:00  -  Total Local Usage
	0  -  Run Bytes Sent By Job
	0  -  Run Bytes Received By Job
	0  -  Total Bytes Sent By Job
	0  -  Total Bytes Received By Job
	Partitionable Resources :    Usage  Request Allocated 
	   Cpus                 :                 1         1 
	   Disk (KB)            :        1        1    129249 
	   Memory (MB)          :      149     3900      3968 

	Job terminated of its own accord at 2022-03-30T03:56:32Z.
...
