000 (126390.000.000) 2022-03-28 20:21:51 Job submitted from host: <172.30.1.200:9618?addrs=172.30.1.200-9618&alias=tamsa2.snu.ac.kr&noUDP&sock=schedd_3154_f5cb>
...
000 (126390.001.000) 2022-03-28 20:21:51 Job submitted from host: <172.30.1.200:9618?addrs=172.30.1.200-9618&alias=tamsa2.snu.ac.kr&noUDP&sock=schedd_3154_f5cb>
...
000 (126390.002.000) 2022-03-28 20:21:51 Job submitted from host: <172.30.1.200:9618?addrs=172.30.1.200-9618&alias=tamsa2.snu.ac.kr&noUDP&sock=schedd_3154_f5cb>
...
000 (126390.003.000) 2022-03-28 20:21:51 Job submitted from host: <172.30.1.200:9618?addrs=172.30.1.200-9618&alias=tamsa2.snu.ac.kr&noUDP&sock=schedd_3154_f5cb>
...
000 (126390.004.000) 2022-03-28 20:21:51 Job submitted from host: <172.30.1.200:9618?addrs=172.30.1.200-9618&alias=tamsa2.snu.ac.kr&noUDP&sock=schedd_3154_f5cb>
...
000 (126390.005.000) 2022-03-28 20:21:51 Job submitted from host: <172.30.1.200:9618?addrs=172.30.1.200-9618&alias=tamsa2.snu.ac.kr&noUDP&sock=schedd_3154_f5cb>
...
000 (126390.006.000) 2022-03-28 20:21:51 Job submitted from host: <172.30.1.200:9618?addrs=172.30.1.200-9618&alias=tamsa2.snu.ac.kr&noUDP&sock=schedd_3154_f5cb>
...
000 (126390.007.000) 2022-03-28 20:21:51 Job submitted from host: <172.30.1.200:9618?addrs=172.30.1.200-9618&alias=tamsa2.snu.ac.kr&noUDP&sock=schedd_3154_f5cb>
...
000 (126390.008.000) 2022-03-28 20:21:51 Job submitted from host: <172.30.1.200:9618?addrs=172.30.1.200-9618&alias=tamsa2.snu.ac.kr&noUDP&sock=schedd_3154_f5cb>
...
000 (126390.009.000) 2022-03-28 20:21:51 Job submitted from host: <172.30.1.200:9618?addrs=172.30.1.200-9618&alias=tamsa2.snu.ac.kr&noUDP&sock=schedd_3154_f5cb>
...
000 (126390.010.000) 2022-03-28 20:21:51 Job submitted from host: <172.30.1.200:9618?addrs=172.30.1.200-9618&alias=tamsa2.snu.ac.kr&noUDP&sock=schedd_3154_f5cb>
...
000 (126390.011.000) 2022-03-28 20:21:51 Job submitted from host: <172.30.1.200:9618?addrs=172.30.1.200-9618&alias=tamsa2.snu.ac.kr&noUDP&sock=schedd_3154_f5cb>
...
000 (126390.012.000) 2022-03-28 20:21:51 Job submitted from host: <172.30.1.200:9618?addrs=172.30.1.200-9618&alias=tamsa2.snu.ac.kr&noUDP&sock=schedd_3154_f5cb>
...
000 (126390.013.000) 2022-03-28 20:21:51 Job submitted from host: <172.30.1.200:9618?addrs=172.30.1.200-9618&alias=tamsa2.snu.ac.kr&noUDP&sock=schedd_3154_f5cb>
...
000 (126390.014.000) 2022-03-28 20:21:51 Job submitted from host: <172.30.1.200:9618?addrs=172.30.1.200-9618&alias=tamsa2.snu.ac.kr&noUDP&sock=schedd_3154_f5cb>
...
000 (126390.015.000) 2022-03-28 20:21:51 Job submitted from host: <172.30.1.200:9618?addrs=172.30.1.200-9618&alias=tamsa2.snu.ac.kr&noUDP&sock=schedd_3154_f5cb>
...
000 (126390.016.000) 2022-03-28 20:21:51 Job submitted from host: <172.30.1.200:9618?addrs=172.30.1.200-9618&alias=tamsa2.snu.ac.kr&noUDP&sock=schedd_3154_f5cb>
...
000 (126390.017.000) 2022-03-28 20:21:51 Job submitted from host: <172.30.1.200:9618?addrs=172.30.1.200-9618&alias=tamsa2.snu.ac.kr&noUDP&sock=schedd_3154_f5cb>
...
000 (126390.018.000) 2022-03-28 20:21:51 Job submitted from host: <172.30.1.200:9618?addrs=172.30.1.200-9618&alias=tamsa2.snu.ac.kr&noUDP&sock=schedd_3154_f5cb>
...
000 (126390.019.000) 2022-03-28 20:21:51 Job submitted from host: <172.30.1.200:9618?addrs=172.30.1.200-9618&alias=tamsa2.snu.ac.kr&noUDP&sock=schedd_3154_f5cb>
...
001 (126390.000.000) 2022-03-28 20:22:05 Job executing on host: <172.30.1.202:9618?addrs=172.30.1.202-9618&alias=node2&noUDP&sock=startd_3636_9271>
...
001 (126390.001.000) 2022-03-28 20:22:05 Job executing on host: <172.30.1.202:9618?addrs=172.30.1.202-9618&alias=node2&noUDP&sock=startd_3636_9271>
...
001 (126390.002.000) 2022-03-28 20:22:05 Job executing on host: <172.30.1.202:9618?addrs=172.30.1.202-9618&alias=node2&noUDP&sock=startd_3636_9271>
...
001 (126390.003.000) 2022-03-28 20:22:05 Job executing on host: <172.30.1.202:9618?addrs=172.30.1.202-9618&alias=node2&noUDP&sock=startd_3636_9271>
...
001 (126390.004.000) 2022-03-28 20:22:05 Job executing on host: <172.30.1.202:9618?addrs=172.30.1.202-9618&alias=node2&noUDP&sock=startd_3636_9271>
...
001 (126390.005.000) 2022-03-28 20:22:05 Job executing on host: <172.30.1.202:9618?addrs=172.30.1.202-9618&alias=node2&noUDP&sock=startd_3636_9271>
...
001 (126390.006.000) 2022-03-28 20:22:05 Job executing on host: <172.30.1.202:9618?addrs=172.30.1.202-9618&alias=node2&noUDP&sock=startd_3636_9271>
...
001 (126390.007.000) 2022-03-28 20:22:05 Job executing on host: <172.30.1.202:9618?addrs=172.30.1.202-9618&alias=node2&noUDP&sock=startd_3636_9271>
...
001 (126390.008.000) 2022-03-28 20:22:06 Job executing on host: <172.30.1.202:9618?addrs=172.30.1.202-9618&alias=node2&noUDP&sock=startd_3636_9271>
...
001 (126390.009.000) 2022-03-28 20:22:06 Job executing on host: <172.30.1.202:9618?addrs=172.30.1.202-9618&alias=node2&noUDP&sock=startd_3636_9271>
...
001 (126390.010.000) 2022-03-28 20:22:06 Job executing on host: <172.30.1.202:9618?addrs=172.30.1.202-9618&alias=node2&noUDP&sock=startd_3636_9271>
...
001 (126390.011.000) 2022-03-28 20:22:06 Job executing on host: <172.30.1.202:9618?addrs=172.30.1.202-9618&alias=node2&noUDP&sock=startd_3636_9271>
...
001 (126390.012.000) 2022-03-28 20:22:06 Job executing on host: <172.30.1.202:9618?addrs=172.30.1.202-9618&alias=node2&noUDP&sock=startd_3636_9271>
...
001 (126390.013.000) 2022-03-28 20:22:06 Job executing on host: <172.30.1.202:9618?addrs=172.30.1.202-9618&alias=node2&noUDP&sock=startd_3636_9271>
...
001 (126390.014.000) 2022-03-28 20:22:07 Job executing on host: <172.30.1.202:9618?addrs=172.30.1.202-9618&alias=node2&noUDP&sock=startd_3636_9271>
...
001 (126390.015.000) 2022-03-28 20:22:07 Job executing on host: <172.30.1.202:9618?addrs=172.30.1.202-9618&alias=node2&noUDP&sock=startd_3636_9271>
...
001 (126390.016.000) 2022-03-28 20:22:07 Job executing on host: <172.30.1.202:9618?addrs=172.30.1.202-9618&alias=node2&noUDP&sock=startd_3636_9271>
...
001 (126390.017.000) 2022-03-28 20:22:07 Job executing on host: <172.30.1.202:9618?addrs=172.30.1.202-9618&alias=node2&noUDP&sock=startd_3636_9271>
...
001 (126390.018.000) 2022-03-28 20:22:07 Job executing on host: <172.30.1.202:9618?addrs=172.30.1.202-9618&alias=node2&noUDP&sock=startd_3636_9271>
...
001 (126390.019.000) 2022-03-28 20:22:07 Job executing on host: <172.30.1.202:9618?addrs=172.30.1.202-9618&alias=node2&noUDP&sock=startd_3636_9271>
...
006 (126390.007.000) 2022-03-28 20:22:14 Image size of job updated: 447268
	148  -  MemoryUsage of job (MB)
	150672  -  ResidentSetSize of job (KB)
...
006 (126390.008.000) 2022-03-28 20:22:14 Image size of job updated: 447152
	149  -  MemoryUsage of job (MB)
	151608  -  ResidentSetSize of job (KB)
...
006 (126390.009.000) 2022-03-28 20:22:14 Image size of job updated: 386984
	149  -  MemoryUsage of job (MB)
	151776  -  ResidentSetSize of job (KB)
...
006 (126390.010.000) 2022-03-28 20:22:14 Image size of job updated: 385620
	150  -  MemoryUsage of job (MB)
	153036  -  ResidentSetSize of job (KB)
...
006 (126390.011.000) 2022-03-28 20:22:14 Image size of job updated: 385624
	150  -  MemoryUsage of job (MB)
	153000  -  ResidentSetSize of job (KB)
...
006 (126390.000.000) 2022-03-28 20:22:14 Image size of job updated: 393648
	151  -  MemoryUsage of job (MB)
	154068  -  ResidentSetSize of job (KB)
...
006 (126390.001.000) 2022-03-28 20:22:14 Image size of job updated: 393648
	151  -  MemoryUsage of job (MB)
	154256  -  ResidentSetSize of job (KB)
...
006 (126390.002.000) 2022-03-28 20:22:14 Image size of job updated: 393648
	153  -  MemoryUsage of job (MB)
	155908  -  ResidentSetSize of job (KB)
...
006 (126390.003.000) 2022-03-28 20:22:14 Image size of job updated: 393648
	155  -  MemoryUsage of job (MB)
	158096  -  ResidentSetSize of job (KB)
...
006 (126390.004.000) 2022-03-28 20:22:14 Image size of job updated: 393380
	154  -  MemoryUsage of job (MB)
	157576  -  ResidentSetSize of job (KB)
...
006 (126390.005.000) 2022-03-28 20:22:14 Image size of job updated: 393380
	153  -  MemoryUsage of job (MB)
	156584  -  ResidentSetSize of job (KB)
...
006 (126390.006.000) 2022-03-28 20:22:14 Image size of job updated: 447268
	153  -  MemoryUsage of job (MB)
	156428  -  ResidentSetSize of job (KB)
...
006 (126390.013.000) 2022-03-28 20:22:15 Image size of job updated: 216176
	158  -  MemoryUsage of job (MB)
	161692  -  ResidentSetSize of job (KB)
...
006 (126390.014.000) 2022-03-28 20:22:15 Image size of job updated: 216176
	156  -  MemoryUsage of job (MB)
	158880  -  ResidentSetSize of job (KB)
...
006 (126390.015.000) 2022-03-28 20:22:15 Image size of job updated: 216176
	157  -  MemoryUsage of job (MB)
	160348  -  ResidentSetSize of job (KB)
...
006 (126390.016.000) 2022-03-28 20:22:15 Image size of job updated: 216176
	159  -  MemoryUsage of job (MB)
	162768  -  ResidentSetSize of job (KB)
...
006 (126390.017.000) 2022-03-28 20:22:15 Image size of job updated: 197792
	162  -  MemoryUsage of job (MB)
	165528  -  ResidentSetSize of job (KB)
...
006 (126390.018.000) 2022-03-28 20:22:15 Image size of job updated: 197792
	162  -  MemoryUsage of job (MB)
	165580  -  ResidentSetSize of job (KB)
...
006 (126390.012.000) 2022-03-28 20:22:15 Image size of job updated: 216176
	174  -  MemoryUsage of job (MB)
	178076  -  ResidentSetSize of job (KB)
...
006 (126390.019.000) 2022-03-28 20:22:16 Image size of job updated: 185836
	179  -  MemoryUsage of job (MB)
	182552  -  ResidentSetSize of job (KB)
...
006 (126390.011.000) 2022-03-28 20:22:23 Image size of job updated: 385624
	150  -  MemoryUsage of job (MB)
	153008  -  ResidentSetSize of job (KB)
...
005 (126390.011.000) 2022-03-28 20:22:23 Job terminated.
	(1) Normal termination (return value 0)
		Usr 0 00:00:09, Sys 0 00:00:02  -  Run Remote Usage
		Usr 0 00:00:00, Sys 0 00:00:00  -  Run Local Usage
		Usr 0 00:00:09, Sys 0 00:00:02  -  Total Remote Usage
		Usr 0 00:00:00, Sys 0 00:00:00  -  Total Local Usage
	0  -  Run Bytes Sent By Job
	0  -  Run Bytes Received By Job
	0  -  Total Bytes Sent By Job
	0  -  Total Bytes Received By Job
	Partitionable Resources :    Usage  Request Allocated 
	   Cpus                 :     0.33        1         1 
	   Disk (KB)            :     1           1    129249 
	   Memory (MB)          :   150        3900      3968 

	Job terminated of its own accord at 2022-03-28T11:22:23Z.
...
006 (126390.007.000) 2022-03-28 20:22:24 Image size of job updated: 691500
	148  -  MemoryUsage of job (MB)
	150720  -  ResidentSetSize of job (KB)
...
005 (126390.007.000) 2022-03-28 20:22:24 Job terminated.
	(1) Normal termination (return value 0)
		Usr 0 00:00:10, Sys 0 00:00:02  -  Run Remote Usage
		Usr 0 00:00:00, Sys 0 00:00:00  -  Run Local Usage
		Usr 0 00:00:10, Sys 0 00:00:02  -  Total Remote Usage
		Usr 0 00:00:00, Sys 0 00:00:00  -  Total Local Usage
	0  -  Run Bytes Sent By Job
	0  -  Run Bytes Received By Job
	0  -  Total Bytes Sent By Job
	0  -  Total Bytes Received By Job
	Partitionable Resources :    Usage  Request Allocated 
	   Cpus                 :     0.36        1         1 
	   Disk (KB)            :     1           1    129249 
	   Memory (MB)          :   148        3900      3968 

	Job terminated of its own accord at 2022-03-28T11:22:24Z.
...
006 (126390.001.000) 2022-03-28 20:22:24 Image size of job updated: 691532
	151  -  MemoryUsage of job (MB)
	154284  -  ResidentSetSize of job (KB)
...
005 (126390.001.000) 2022-03-28 20:22:24 Job terminated.
	(1) Normal termination (return value 0)
		Usr 0 00:00:10, Sys 0 00:00:02  -  Run Remote Usage
		Usr 0 00:00:00, Sys 0 00:00:00  -  Run Local Usage
		Usr 0 00:00:10, Sys 0 00:00:02  -  Total Remote Usage
		Usr 0 00:00:00, Sys 0 00:00:00  -  Total Local Usage
	0  -  Run Bytes Sent By Job
	0  -  Run Bytes Received By Job
	0  -  Total Bytes Sent By Job
	0  -  Total Bytes Received By Job
	Partitionable Resources :    Usage  Request Allocated 
	   Cpus                 :     0.33        1         1 
	   Disk (KB)            :     1           1    129249 
	   Memory (MB)          :   151        3900      3968 

	Job terminated of its own accord at 2022-03-28T11:22:24Z.
...
006 (126390.002.000) 2022-03-28 20:22:24 Image size of job updated: 691456
	153  -  MemoryUsage of job (MB)
	155912  -  ResidentSetSize of job (KB)
...
005 (126390.002.000) 2022-03-28 20:22:24 Job terminated.
	(1) Normal termination (return value 0)
		Usr 0 00:00:10, Sys 0 00:00:02  -  Run Remote Usage
		Usr 0 00:00:00, Sys 0 00:00:00  -  Run Local Usage
		Usr 0 00:00:10, Sys 0 00:00:02  -  Total Remote Usage
		Usr 0 00:00:00, Sys 0 00:00:00  -  Total Local Usage
	0  -  Run Bytes Sent By Job
	0  -  Run Bytes Received By Job
	0  -  Total Bytes Sent By Job
	0  -  Total Bytes Received By Job
	Partitionable Resources :    Usage  Request Allocated 
	   Cpus                 :     0.31        1         1 
	   Disk (KB)            :     1           1    129249 
	   Memory (MB)          :   153        3900      3968 

	Job terminated of its own accord at 2022-03-28T11:22:24Z.
...
006 (126390.014.000) 2022-03-28 20:22:25 Image size of job updated: 691472
	156  -  MemoryUsage of job (MB)
	158888  -  ResidentSetSize of job (KB)
...
005 (126390.014.000) 2022-03-28 20:22:25 Job terminated.
	(1) Normal termination (return value 0)
		Usr 0 00:00:10, Sys 0 00:00:02  -  Run Remote Usage
		Usr 0 00:00:00, Sys 0 00:00:00  -  Run Local Usage
		Usr 0 00:00:10, Sys 0 00:00:02  -  Total Remote Usage
		Usr 0 00:00:00, Sys 0 00:00:00  -  Total Local Usage
	0  -  Run Bytes Sent By Job
	0  -  Run Bytes Received By Job
	0  -  Total Bytes Sent By Job
	0  -  Total Bytes Received By Job
	Partitionable Resources :    Usage  Request Allocated 
	   Cpus                 :     0.44        1         1 
	   Disk (KB)            :     1           1    129249 
	   Memory (MB)          :   156        3900      3968 

	Job terminated of its own accord at 2022-03-28T11:22:25Z.
...
006 (126390.017.000) 2022-03-28 20:22:25 Image size of job updated: 691464
	162  -  MemoryUsage of job (MB)
	165540  -  ResidentSetSize of job (KB)
...
005 (126390.017.000) 2022-03-28 20:22:25 Job terminated.
	(1) Normal termination (return value 0)
		Usr 0 00:00:11, Sys 0 00:00:02  -  Run Remote Usage
		Usr 0 00:00:00, Sys 0 00:00:00  -  Run Local Usage
		Usr 0 00:00:11, Sys 0 00:00:02  -  Total Remote Usage
		Usr 0 00:00:00, Sys 0 00:00:00  -  Total Local Usage
	0  -  Run Bytes Sent By Job
	0  -  Run Bytes Received By Job
	0  -  Total Bytes Sent By Job
	0  -  Total Bytes Received By Job
	Partitionable Resources :    Usage  Request Allocated 
	   Cpus                 :     0.44        1         1 
	   Disk (KB)            :     1           1    129249 
	   Memory (MB)          :   162        3900      3968 

	Job terminated of its own accord at 2022-03-28T11:22:25Z.
...
006 (126390.013.000) 2022-03-28 20:22:25 Image size of job updated: 691532
	158  -  MemoryUsage of job (MB)
	161696  -  ResidentSetSize of job (KB)
...
005 (126390.013.000) 2022-03-28 20:22:25 Job terminated.
	(1) Normal termination (return value 0)
		Usr 0 00:00:11, Sys 0 00:00:02  -  Run Remote Usage
		Usr 0 00:00:00, Sys 0 00:00:00  -  Run Local Usage
		Usr 0 00:00:11, Sys 0 00:00:02  -  Total Remote Usage
		Usr 0 00:00:00, Sys 0 00:00:00  -  Total Local Usage
	0  -  Run Bytes Sent By Job
	0  -  Run Bytes Received By Job
	0  -  Total Bytes Sent By Job
	0  -  Total Bytes Received By Job
	Partitionable Resources :    Usage  Request Allocated 
	   Cpus                 :     0.42        1         1 
	   Disk (KB)            :     1           1    129249 
	   Memory (MB)          :   158        3900      3968 

	Job terminated of its own accord at 2022-03-28T11:22:25Z.
...
006 (126390.009.000) 2022-03-28 20:22:26 Image size of job updated: 692068
	149  -  MemoryUsage of job (MB)
	151776  -  ResidentSetSize of job (KB)
...
005 (126390.009.000) 2022-03-28 20:22:26 Job terminated.
	(1) Normal termination (return value 0)
		Usr 0 00:00:11, Sys 0 00:00:03  -  Run Remote Usage
		Usr 0 00:00:00, Sys 0 00:00:00  -  Run Local Usage
		Usr 0 00:00:11, Sys 0 00:00:03  -  Total Remote Usage
		Usr 0 00:00:00, Sys 0 00:00:00  -  Total Local Usage
	0  -  Run Bytes Sent By Job
	0  -  Run Bytes Received By Job
	0  -  Total Bytes Sent By Job
	0  -  Total Bytes Received By Job
	Partitionable Resources :    Usage  Request Allocated 
	   Cpus                 :     0.38        1         1 
	   Disk (KB)            :     1           1    129249 
	   Memory (MB)          :   149        3900      3968 

	Job terminated of its own accord at 2022-03-28T11:22:26Z.
...
006 (126390.016.000) 2022-03-28 20:22:26 Image size of job updated: 691740
	159  -  MemoryUsage of job (MB)
	162768  -  ResidentSetSize of job (KB)
...
005 (126390.016.000) 2022-03-28 20:22:26 Job terminated.
	(1) Normal termination (return value 0)
		Usr 0 00:00:12, Sys 0 00:00:01  -  Run Remote Usage
		Usr 0 00:00:00, Sys 0 00:00:00  -  Run Local Usage
		Usr 0 00:00:12, Sys 0 00:00:01  -  Total Remote Usage
		Usr 0 00:00:00, Sys 0 00:00:00  -  Total Local Usage
	0  -  Run Bytes Sent By Job
	0  -  Run Bytes Received By Job
	0  -  Total Bytes Sent By Job
	0  -  Total Bytes Received By Job
	Partitionable Resources :    Usage  Request Allocated 
	   Cpus                 :     0.41        1         1 
	   Disk (KB)            :     1           1    129249 
	   Memory (MB)          :   159        3900      3968 

	Job terminated of its own accord at 2022-03-28T11:22:26Z.
...
006 (126390.000.000) 2022-03-28 20:22:27 Image size of job updated: 691456
	151  -  MemoryUsage of job (MB)
	154184  -  ResidentSetSize of job (KB)
...
006 (126390.015.000) 2022-03-28 20:22:27 Image size of job updated: 691384
	157  -  MemoryUsage of job (MB)
	160392  -  ResidentSetSize of job (KB)
...
006 (126390.004.000) 2022-03-28 20:22:27 Image size of job updated: 691652
	154  -  MemoryUsage of job (MB)
	157656  -  ResidentSetSize of job (KB)
...
005 (126390.000.000) 2022-03-28 20:22:27 Job terminated.
	(1) Normal termination (return value 0)
		Usr 0 00:00:13, Sys 0 00:00:02  -  Run Remote Usage
		Usr 0 00:00:00, Sys 0 00:00:00  -  Run Local Usage
		Usr 0 00:00:13, Sys 0 00:00:02  -  Total Remote Usage
		Usr 0 00:00:00, Sys 0 00:00:00  -  Total Local Usage
	0  -  Run Bytes Sent By Job
	0  -  Run Bytes Received By Job
	0  -  Total Bytes Sent By Job
	0  -  Total Bytes Received By Job
	Partitionable Resources :    Usage  Request Allocated 
	   Cpus                 :     0.34        1         1 
	   Disk (KB)            :     1           1    129249 
	   Memory (MB)          :   151        3900      3968 

	Job terminated of its own accord at 2022-03-28T11:22:27Z.
...
005 (126390.015.000) 2022-03-28 20:22:27 Job terminated.
	(1) Normal termination (return value 0)
		Usr 0 00:00:12, Sys 0 00:00:01  -  Run Remote Usage
		Usr 0 00:00:00, Sys 0 00:00:00  -  Run Local Usage
		Usr 0 00:00:12, Sys 0 00:00:01  -  Total Remote Usage
		Usr 0 00:00:00, Sys 0 00:00:00  -  Total Local Usage
	0  -  Run Bytes Sent By Job
	0  -  Run Bytes Received By Job
	0  -  Total Bytes Sent By Job
	0  -  Total Bytes Received By Job
	Partitionable Resources :    Usage  Request Allocated 
	   Cpus                 :     0.39        1         1 
	   Disk (KB)            :     1           1    129249 
	   Memory (MB)          :   157        3900      3968 

	Job terminated of its own accord at 2022-03-28T11:22:27Z.
...
006 (126390.003.000) 2022-03-28 20:22:27 Image size of job updated: 691456
	155  -  MemoryUsage of job (MB)
	158104  -  ResidentSetSize of job (KB)
...
005 (126390.004.000) 2022-03-28 20:22:27 Job terminated.
	(1) Normal termination (return value 0)
		Usr 0 00:00:12, Sys 0 00:00:02  -  Run Remote Usage
		Usr 0 00:00:00, Sys 0 00:00:00  -  Run Local Usage
		Usr 0 00:00:12, Sys 0 00:00:02  -  Total Remote Usage
		Usr 0 00:00:00, Sys 0 00:00:00  -  Total Local Usage
	0  -  Run Bytes Sent By Job
	0  -  Run Bytes Received By Job
	0  -  Total Bytes Sent By Job
	0  -  Total Bytes Received By Job
	Partitionable Resources :    Usage  Request Allocated 
	   Cpus                 :     0.34        1         1 
	   Disk (KB)            :     1           1    129249 
	   Memory (MB)          :   154        3900      3968 

	Job terminated of its own accord at 2022-03-28T11:22:27Z.
...
005 (126390.003.000) 2022-03-28 20:22:27 Job terminated.
	(1) Normal termination (return value 0)
		Usr 0 00:00:12, Sys 0 00:00:02  -  Run Remote Usage
		Usr 0 00:00:00, Sys 0 00:00:00  -  Run Local Usage
		Usr 0 00:00:12, Sys 0 00:00:02  -  Total Remote Usage
		Usr 0 00:00:00, Sys 0 00:00:00  -  Total Local Usage
	0  -  Run Bytes Sent By Job
	0  -  Run Bytes Received By Job
	0  -  Total Bytes Sent By Job
	0  -  Total Bytes Received By Job
	Partitionable Resources :    Usage  Request Allocated 
	   Cpus                 :     0.32        1         1 
	   Disk (KB)            :     1           1    129249 
	   Memory (MB)          :   155        3900      3968 

	Job terminated of its own accord at 2022-03-28T11:22:27Z.
...
006 (126390.019.000) 2022-03-28 20:22:27 Image size of job updated: 691484
	179  -  MemoryUsage of job (MB)
	182552  -  ResidentSetSize of job (KB)
...
005 (126390.019.000) 2022-03-28 20:22:27 Job terminated.
	(1) Normal termination (return value 0)
		Usr 0 00:00:13, Sys 0 00:00:01  -  Run Remote Usage
		Usr 0 00:00:00, Sys 0 00:00:00  -  Run Local Usage
		Usr 0 00:00:13, Sys 0 00:00:01  -  Total Remote Usage
		Usr 0 00:00:00, Sys 0 00:00:00  -  Total Local Usage
	0  -  Run Bytes Sent By Job
	0  -  Run Bytes Received By Job
	0  -  Total Bytes Sent By Job
	0  -  Total Bytes Received By Job
	Partitionable Resources :    Usage  Request Allocated 
	   Cpus                 :     0.05        1         1 
	   Disk (KB)            :     1           1    129249 
	   Memory (MB)          :   179        3900      3968 

	Job terminated of its own accord at 2022-03-28T11:22:27Z.
...
006 (126390.018.000) 2022-03-28 20:22:28 Image size of job updated: 691428
	162  -  MemoryUsage of job (MB)
	165596  -  ResidentSetSize of job (KB)
...
005 (126390.018.000) 2022-03-28 20:22:28 Job terminated.
	(1) Normal termination (return value 0)
		Usr 0 00:00:13, Sys 0 00:00:01  -  Run Remote Usage
		Usr 0 00:00:00, Sys 0 00:00:00  -  Run Local Usage
		Usr 0 00:00:13, Sys 0 00:00:01  -  Total Remote Usage
		Usr 0 00:00:00, Sys 0 00:00:00  -  Total Local Usage
	0  -  Run Bytes Sent By Job
	0  -  Run Bytes Received By Job
	0  -  Total Bytes Sent By Job
	0  -  Total Bytes Received By Job
	Partitionable Resources :    Usage  Request Allocated 
	   Cpus                 :     0.42        1         1 
	   Disk (KB)            :     1           1    129249 
	   Memory (MB)          :   162        3900      3968 

	Job terminated of its own accord at 2022-03-28T11:22:28Z.
...
006 (126390.005.000) 2022-03-28 20:22:28 Image size of job updated: 691760
	153  -  MemoryUsage of job (MB)
	156584  -  ResidentSetSize of job (KB)
...
005 (126390.005.000) 2022-03-28 20:22:28 Job terminated.
	(1) Normal termination (return value 0)
		Usr 0 00:00:13, Sys 0 00:00:02  -  Run Remote Usage
		Usr 0 00:00:00, Sys 0 00:00:00  -  Run Local Usage
		Usr 0 00:00:13, Sys 0 00:00:02  -  Total Remote Usage
		Usr 0 00:00:00, Sys 0 00:00:00  -  Total Local Usage
	0  -  Run Bytes Sent By Job
	0  -  Run Bytes Received By Job
	0  -  Total Bytes Sent By Job
	0  -  Total Bytes Received By Job
	Partitionable Resources :    Usage  Request Allocated 
	   Cpus                 :     0.34        1         1 
	   Disk (KB)            :     1           1    129249 
	   Memory (MB)          :   153        3900      3968 

	Job terminated of its own accord at 2022-03-28T11:22:28Z.
...
006 (126390.012.000) 2022-03-28 20:22:28 Image size of job updated: 700616
	174  -  MemoryUsage of job (MB)
	178076  -  ResidentSetSize of job (KB)
...
005 (126390.012.000) 2022-03-28 20:22:28 Job terminated.
	(1) Normal termination (return value 0)
		Usr 0 00:00:13, Sys 0 00:00:02  -  Run Remote Usage
		Usr 0 00:00:00, Sys 0 00:00:00  -  Run Local Usage
		Usr 0 00:00:13, Sys 0 00:00:02  -  Total Remote Usage
		Usr 0 00:00:00, Sys 0 00:00:00  -  Total Local Usage
	0  -  Run Bytes Sent By Job
	0  -  Run Bytes Received By Job
	0  -  Total Bytes Sent By Job
	0  -  Total Bytes Received By Job
	Partitionable Resources :    Usage  Request Allocated 
	   Cpus                 :     0.43        1         1 
	   Disk (KB)            :     1           1    129249 
	   Memory (MB)          :   174        3900      3968 

	Job terminated of its own accord at 2022-03-28T11:22:28Z.
...
006 (126390.008.000) 2022-03-28 20:22:28 Image size of job updated: 693296
	149  -  MemoryUsage of job (MB)
	151608  -  ResidentSetSize of job (KB)
...
005 (126390.008.000) 2022-03-28 20:22:28 Job terminated.
	(1) Normal termination (return value 0)
		Usr 0 00:00:14, Sys 0 00:00:02  -  Run Remote Usage
		Usr 0 00:00:00, Sys 0 00:00:00  -  Run Local Usage
		Usr 0 00:00:14, Sys 0 00:00:02  -  Total Remote Usage
		Usr 0 00:00:00, Sys 0 00:00:00  -  Total Local Usage
	0  -  Run Bytes Sent By Job
	0  -  Run Bytes Received By Job
	0  -  Total Bytes Sent By Job
	0  -  Total Bytes Received By Job
	Partitionable Resources :    Usage  Request Allocated 
	   Cpus                 :     0.35        1         1 
	   Disk (KB)            :     1           1    129249 
	   Memory (MB)          :   149        3900      3968 

	Job terminated of its own accord at 2022-03-28T11:22:28Z.
...
006 (126390.010.000) 2022-03-28 20:22:29 Image size of job updated: 692012
	150  -  MemoryUsage of job (MB)
	153056  -  ResidentSetSize of job (KB)
...
005 (126390.010.000) 2022-03-28 20:22:29 Job terminated.
	(1) Normal termination (return value 0)
		Usr 0 00:00:14, Sys 0 00:00:02  -  Run Remote Usage
		Usr 0 00:00:00, Sys 0 00:00:00  -  Run Local Usage
		Usr 0 00:00:14, Sys 0 00:00:02  -  Total Remote Usage
		Usr 0 00:00:00, Sys 0 00:00:00  -  Total Local Usage
	0  -  Run Bytes Sent By Job
	0  -  Run Bytes Received By Job
	0  -  Total Bytes Sent By Job
	0  -  Total Bytes Received By Job
	Partitionable Resources :    Usage  Request Allocated 
	   Cpus                 :     0.33        1         1 
	   Disk (KB)            :     1           1    129249 
	   Memory (MB)          :   150        3900      3968 

	Job terminated of its own accord at 2022-03-28T11:22:29Z.
...
006 (126390.006.000) 2022-03-28 20:22:30 Image size of job updated: 691996
	153  -  MemoryUsage of job (MB)
	156428  -  ResidentSetSize of job (KB)
...
005 (126390.006.000) 2022-03-28 20:22:30 Job terminated.
	(1) Normal termination (return value 0)
		Usr 0 00:00:15, Sys 0 00:00:02  -  Run Remote Usage
		Usr 0 00:00:00, Sys 0 00:00:00  -  Run Local Usage
		Usr 0 00:00:15, Sys 0 00:00:02  -  Total Remote Usage
		Usr 0 00:00:00, Sys 0 00:00:00  -  Total Local Usage
	0  -  Run Bytes Sent By Job
	0  -  Run Bytes Received By Job
	0  -  Total Bytes Sent By Job
	0  -  Total Bytes Received By Job
	Partitionable Resources :    Usage  Request Allocated 
	   Cpus                 :     0.37        1         1 
	   Disk (KB)            :     1           1    129249 
	   Memory (MB)          :   153        3900      3968 

	Job terminated of its own accord at 2022-03-28T11:22:30Z.
...
