000 (2117004.039.000) 06/02 02:18:35 Job submitted from host: <172.30.1.200:9618?addrs=172.30.1.200-9618+[--1]-9618&noUDP&sock=203143_c79e_3>
...
001 (2117004.039.000) 06/02 02:18:42 Job executing on host: <172.30.1.201:9618?addrs=172.30.1.201-9618+[--1]-9618&noUDP&sock=38984_5c24_3>
...
006 (2117004.039.000) 06/02 02:18:51 Image size of job updated: 35064
	4  -  MemoryUsage of job (MB)
	3364  -  ResidentSetSize of job (KB)
...
006 (2117004.039.000) 06/02 02:23:52 Image size of job updated: 854948
	158  -  MemoryUsage of job (MB)
	161084  -  ResidentSetSize of job (KB)
...
006 (2117004.039.000) 06/02 02:28:53 Image size of job updated: 854948
	158  -  MemoryUsage of job (MB)
	161620  -  ResidentSetSize of job (KB)
...
006 (2117004.039.000) 06/02 02:33:53 Image size of job updated: 854948
	158  -  MemoryUsage of job (MB)
	161680  -  ResidentSetSize of job (KB)
...
006 (2117004.039.000) 06/02 02:38:53 Image size of job updated: 854948
	161  -  MemoryUsage of job (MB)
	164488  -  ResidentSetSize of job (KB)
...
006 (2117004.039.000) 06/02 02:43:54 Image size of job updated: 854948
	162  -  MemoryUsage of job (MB)
	164868  -  ResidentSetSize of job (KB)
...
006 (2117004.039.000) 06/02 02:48:54 Image size of job updated: 854948
	162  -  MemoryUsage of job (MB)
	165088  -  ResidentSetSize of job (KB)
...
006 (2117004.039.000) 06/02 02:53:54 Image size of job updated: 854948
	165  -  MemoryUsage of job (MB)
	168852  -  ResidentSetSize of job (KB)
...
006 (2117004.039.000) 06/02 02:58:55 Image size of job updated: 854948
	166  -  MemoryUsage of job (MB)
	169396  -  ResidentSetSize of job (KB)
...
006 (2117004.039.000) 06/02 03:03:56 Image size of job updated: 854948
	166  -  MemoryUsage of job (MB)
	169448  -  ResidentSetSize of job (KB)
...
006 (2117004.039.000) 06/02 03:08:56 Image size of job updated: 854948
	169  -  MemoryUsage of job (MB)
	172636  -  ResidentSetSize of job (KB)
...
006 (2117004.039.000) 06/02 03:13:57 Image size of job updated: 854948
	170  -  MemoryUsage of job (MB)
	173184  -  ResidentSetSize of job (KB)
...
006 (2117004.039.000) 06/02 03:18:58 Image size of job updated: 854948
	170  -  MemoryUsage of job (MB)
	173652  -  ResidentSetSize of job (KB)
...
006 (2117004.039.000) 06/02 03:23:58 Image size of job updated: 854948
	170  -  MemoryUsage of job (MB)
	173776  -  ResidentSetSize of job (KB)
...
006 (2117004.039.000) 06/02 03:28:58 Image size of job updated: 854948
	170  -  MemoryUsage of job (MB)
	173824  -  ResidentSetSize of job (KB)
...
006 (2117004.039.000) 06/02 03:33:59 Image size of job updated: 854948
	170  -  MemoryUsage of job (MB)
	173828  -  ResidentSetSize of job (KB)
...
006 (2117004.039.000) 06/02 03:43:59 Image size of job updated: 858100
	185  -  MemoryUsage of job (MB)
	188888  -  ResidentSetSize of job (KB)
...
006 (2117004.039.000) 06/02 03:49:00 Image size of job updated: 858668
	186  -  MemoryUsage of job (MB)
	189464  -  ResidentSetSize of job (KB)
...
006 (2117004.039.000) 06/02 03:54:01 Image size of job updated: 858804
	186  -  MemoryUsage of job (MB)
	189584  -  ResidentSetSize of job (KB)
...
006 (2117004.039.000) 06/02 03:59:01 Image size of job updated: 858940
	186  -  MemoryUsage of job (MB)
	189696  -  ResidentSetSize of job (KB)
...
006 (2117004.039.000) 06/02 04:04:02 Image size of job updated: 863132
	190  -  MemoryUsage of job (MB)
	193788  -  ResidentSetSize of job (KB)
...
006 (2117004.039.000) 06/02 04:09:03 Image size of job updated: 863272
	190  -  MemoryUsage of job (MB)
	194020  -  ResidentSetSize of job (KB)
...
006 (2117004.039.000) 06/02 04:14:03 Image size of job updated: 863564
	190  -  MemoryUsage of job (MB)
	194260  -  ResidentSetSize of job (KB)
...
006 (2117004.039.000) 06/02 04:19:03 Image size of job updated: 866360
	193  -  MemoryUsage of job (MB)
	197248  -  ResidentSetSize of job (KB)
...
006 (2117004.039.000) 06/02 04:24:04 Image size of job updated: 867332
	194  -  MemoryUsage of job (MB)
	198012  -  ResidentSetSize of job (KB)
...
006 (2117004.039.000) 06/02 04:29:04 Image size of job updated: 867636
	194  -  MemoryUsage of job (MB)
	198236  -  ResidentSetSize of job (KB)
...
006 (2117004.039.000) 06/02 04:34:04 Image size of job updated: 867636
	194  -  MemoryUsage of job (MB)
	198260  -  ResidentSetSize of job (KB)
...
006 (2117004.039.000) 06/02 04:39:05 Image size of job updated: 871012
	199  -  MemoryUsage of job (MB)
	203448  -  ResidentSetSize of job (KB)
...
006 (2117004.039.000) 06/02 04:44:05 Image size of job updated: 871308
	200  -  MemoryUsage of job (MB)
	203832  -  ResidentSetSize of job (KB)
...
006 (2117004.039.000) 06/02 04:49:05 Image size of job updated: 871588
	200  -  MemoryUsage of job (MB)
	204144  -  ResidentSetSize of job (KB)
...
006 (2117004.039.000) 06/02 04:54:06 Image size of job updated: 871588
	200  -  MemoryUsage of job (MB)
	204176  -  ResidentSetSize of job (KB)
...
006 (2117004.039.000) 06/02 04:59:07 Image size of job updated: 875452
	204  -  MemoryUsage of job (MB)
	207900  -  ResidentSetSize of job (KB)
...
006 (2117004.039.000) 06/02 05:04:07 Image size of job updated: 876028
	204  -  MemoryUsage of job (MB)
	208332  -  ResidentSetSize of job (KB)
...
006 (2117004.039.000) 06/02 05:09:08 Image size of job updated: 876028
	204  -  MemoryUsage of job (MB)
	208484  -  ResidentSetSize of job (KB)
...
006 (2117004.039.000) 06/02 05:14:09 Image size of job updated: 878968
	207  -  MemoryUsage of job (MB)
	211460  -  ResidentSetSize of job (KB)
...
006 (2117004.039.000) 06/02 05:19:09 Image size of job updated: 879936
	208  -  MemoryUsage of job (MB)
	212496  -  ResidentSetSize of job (KB)
...
006 (2117004.039.000) 06/02 05:24:10 Image size of job updated: 880080
	208  -  MemoryUsage of job (MB)
	212712  -  ResidentSetSize of job (KB)
...
006 (2117004.039.000) 06/02 05:29:11 Image size of job updated: 880228
	208  -  MemoryUsage of job (MB)
	212800  -  ResidentSetSize of job (KB)
...
006 (2117004.039.000) 06/02 05:34:11 Image size of job updated: 883804
	212  -  MemoryUsage of job (MB)
	216144  -  ResidentSetSize of job (KB)
...
006 (2117004.039.000) 06/02 05:39:11 Image size of job updated: 884356
	212  -  MemoryUsage of job (MB)
	216720  -  ResidentSetSize of job (KB)
...
006 (2117004.039.000) 06/02 05:44:12 Image size of job updated: 884500
	212  -  MemoryUsage of job (MB)
	216932  -  ResidentSetSize of job (KB)
...
006 (2117004.039.000) 06/02 05:49:12 Image size of job updated: 884500
	212  -  MemoryUsage of job (MB)
	216976  -  ResidentSetSize of job (KB)
...
006 (2117004.039.000) 06/02 05:54:12 Image size of job updated: 888340
	216  -  MemoryUsage of job (MB)
	220876  -  ResidentSetSize of job (KB)
...
006 (2117004.039.000) 06/02 05:59:13 Image size of job updated: 888748
	217  -  MemoryUsage of job (MB)
	221388  -  ResidentSetSize of job (KB)
...
006 (2117004.039.000) 06/02 06:04:14 Image size of job updated: 889044
	217  -  MemoryUsage of job (MB)
	221620  -  ResidentSetSize of job (KB)
...
006 (2117004.039.000) 06/02 06:09:14 Image size of job updated: 892524
	220  -  MemoryUsage of job (MB)
	225040  -  ResidentSetSize of job (KB)
...
006 (2117004.039.000) 06/02 06:14:15 Image size of job updated: 893212
	221  -  MemoryUsage of job (MB)
	225792  -  ResidentSetSize of job (KB)
...
006 (2117004.039.000) 06/02 06:19:16 Image size of job updated: 893492
	221  -  MemoryUsage of job (MB)
	226096  -  ResidentSetSize of job (KB)
...
006 (2117004.039.000) 06/02 06:24:16 Image size of job updated: 893628
	221  -  MemoryUsage of job (MB)
	226224  -  ResidentSetSize of job (KB)
...
006 (2117004.039.000) 06/02 06:29:16 Image size of job updated: 896956
	225  -  MemoryUsage of job (MB)
	229380  -  ResidentSetSize of job (KB)
...
006 (2117004.039.000) 06/02 06:34:17 Image size of job updated: 897792
	225  -  MemoryUsage of job (MB)
	230304  -  ResidentSetSize of job (KB)
...
006 (2117004.039.000) 06/02 06:39:17 Image size of job updated: 898200
	226  -  MemoryUsage of job (MB)
	230712  -  ResidentSetSize of job (KB)
...
006 (2117004.039.000) 06/02 06:44:17 Image size of job updated: 898200
	226  -  MemoryUsage of job (MB)
	230740  -  ResidentSetSize of job (KB)
...
006 (2117004.039.000) 06/02 06:45:46 Image size of job updated: 904976
	226  -  MemoryUsage of job (MB)
	230740  -  ResidentSetSize of job (KB)
...
005 (2117004.039.000) 06/02 06:45:47 Job terminated.
	(1) Normal termination (return value 0)
		Usr 0 04:26:47, Sys 0 00:00:05  -  Run Remote Usage
		Usr 0 00:00:00, Sys 0 00:00:00  -  Run Local Usage
		Usr 0 04:26:47, Sys 0 00:00:05  -  Total Remote Usage
		Usr 0 00:00:00, Sys 0 00:00:00  -  Total Local Usage
	2076021  -  Run Bytes Sent By Job
	225  -  Run Bytes Received By Job
	2076021  -  Total Bytes Sent By Job
	225  -  Total Bytes Received By Job
	Partitionable Resources :    Usage  Request Allocated
	   Cpus                 :                 1         1
	   Disk (KB)            :     2039  2048000   2385094
	   Memory (MB)          :      226     2000      2000
...
