000 (2117004.034.000) 06/02 02:18:35 Job submitted from host: <172.30.1.200:9618?addrs=172.30.1.200-9618+[--1]-9618&noUDP&sock=203143_c79e_3>
...
001 (2117004.034.000) 06/02 02:18:42 Job executing on host: <172.30.1.201:9618?addrs=172.30.1.201-9618+[--1]-9618&noUDP&sock=38984_5c24_3>
...
006 (2117004.034.000) 06/02 02:18:51 Image size of job updated: 1
	3  -  MemoryUsage of job (MB)
	2212  -  ResidentSetSize of job (KB)
...
006 (2117004.034.000) 06/02 02:23:52 Image size of job updated: 1062916
	292  -  MemoryUsage of job (MB)
	298276  -  ResidentSetSize of job (KB)
...
006 (2117004.034.000) 06/02 02:33:53 Image size of job updated: 1062916
	299  -  MemoryUsage of job (MB)
	305328  -  ResidentSetSize of job (KB)
...
006 (2117004.034.000) 06/02 02:48:54 Image size of job updated: 1062916
	300  -  MemoryUsage of job (MB)
	306696  -  ResidentSetSize of job (KB)
...
006 (2117004.034.000) 06/02 02:58:55 Image size of job updated: 1062916
	309  -  MemoryUsage of job (MB)
	315888  -  ResidentSetSize of job (KB)
...
006 (2117004.034.000) 06/02 03:08:56 Image size of job updated: 1062916
	309  -  MemoryUsage of job (MB)
	315892  -  ResidentSetSize of job (KB)
...
006 (2117004.034.000) 06/02 03:13:57 Image size of job updated: 1062916
	309  -  MemoryUsage of job (MB)
	316060  -  ResidentSetSize of job (KB)
...
006 (2117004.034.000) 06/02 03:18:58 Image size of job updated: 1062916
	309  -  MemoryUsage of job (MB)
	316068  -  ResidentSetSize of job (KB)
...
006 (2117004.034.000) 06/02 03:23:58 Image size of job updated: 1062916
	309  -  MemoryUsage of job (MB)
	316076  -  ResidentSetSize of job (KB)
...
006 (2117004.034.000) 06/02 03:33:59 Image size of job updated: 1062916
	309  -  MemoryUsage of job (MB)
	316084  -  ResidentSetSize of job (KB)
...
006 (2117004.034.000) 06/02 03:38:59 Image size of job updated: 1062916
	317  -  MemoryUsage of job (MB)
	323988  -  ResidentSetSize of job (KB)
...
006 (2117004.034.000) 06/02 03:43:59 Image size of job updated: 1062916
	317  -  MemoryUsage of job (MB)
	323996  -  ResidentSetSize of job (KB)
...
006 (2117004.034.000) 06/02 03:49:00 Image size of job updated: 1062916
	317  -  MemoryUsage of job (MB)
	324004  -  ResidentSetSize of job (KB)
...
006 (2117004.034.000) 06/02 04:04:02 Image size of job updated: 1062916
	317  -  MemoryUsage of job (MB)
	324008  -  ResidentSetSize of job (KB)
...
006 (2117004.034.000) 06/02 04:14:03 Image size of job updated: 1062916
	317  -  MemoryUsage of job (MB)
	324016  -  ResidentSetSize of job (KB)
...
006 (2117004.034.000) 06/02 04:39:06 Image size of job updated: 1062916
	334  -  MemoryUsage of job (MB)
	341432  -  ResidentSetSize of job (KB)
...
006 (2117004.034.000) 06/02 04:44:06 Image size of job updated: 1062916
	334  -  MemoryUsage of job (MB)
	341448  -  ResidentSetSize of job (KB)
...
006 (2117004.034.000) 06/02 04:49:06 Image size of job updated: 1062916
	334  -  MemoryUsage of job (MB)
	341460  -  ResidentSetSize of job (KB)
...
006 (2117004.034.000) 06/02 04:54:07 Image size of job updated: 1062916
	334  -  MemoryUsage of job (MB)
	341476  -  ResidentSetSize of job (KB)
...
006 (2117004.034.000) 06/02 04:59:08 Image size of job updated: 1062916
	334  -  MemoryUsage of job (MB)
	341492  -  ResidentSetSize of job (KB)
...
006 (2117004.034.000) 06/02 05:04:08 Image size of job updated: 1062916
	334  -  MemoryUsage of job (MB)
	341504  -  ResidentSetSize of job (KB)
...
006 (2117004.034.000) 06/02 05:09:09 Image size of job updated: 1062916
	334  -  MemoryUsage of job (MB)
	341520  -  ResidentSetSize of job (KB)
...
006 (2117004.034.000) 06/02 05:14:10 Image size of job updated: 1062916
	337  -  MemoryUsage of job (MB)
	344440  -  ResidentSetSize of job (KB)
...
006 (2117004.034.000) 06/02 05:19:10 Image size of job updated: 1062916
	337  -  MemoryUsage of job (MB)
	344468  -  ResidentSetSize of job (KB)
...
006 (2117004.034.000) 06/02 05:24:10 Image size of job updated: 1062916
	337  -  MemoryUsage of job (MB)
	344476  -  ResidentSetSize of job (KB)
...
006 (2117004.034.000) 06/02 05:29:11 Image size of job updated: 1062916
	337  -  MemoryUsage of job (MB)
	344492  -  ResidentSetSize of job (KB)
...
006 (2117004.034.000) 06/02 05:34:11 Image size of job updated: 1062916
	337  -  MemoryUsage of job (MB)
	344512  -  ResidentSetSize of job (KB)
...
006 (2117004.034.000) 06/02 05:39:11 Image size of job updated: 1062916
	337  -  MemoryUsage of job (MB)
	344524  -  ResidentSetSize of job (KB)
...
006 (2117004.034.000) 06/02 05:44:12 Image size of job updated: 1062916
	337  -  MemoryUsage of job (MB)
	344532  -  ResidentSetSize of job (KB)
...
006 (2117004.034.000) 06/02 05:54:13 Image size of job updated: 1062916
	342  -  MemoryUsage of job (MB)
	350164  -  ResidentSetSize of job (KB)
...
006 (2117004.034.000) 06/02 05:59:14 Image size of job updated: 1062916
	342  -  MemoryUsage of job (MB)
	350180  -  ResidentSetSize of job (KB)
...
006 (2117004.034.000) 06/02 06:04:15 Image size of job updated: 1062916
	342  -  MemoryUsage of job (MB)
	350192  -  ResidentSetSize of job (KB)
...
006 (2117004.034.000) 06/02 06:09:15 Image size of job updated: 1062916
	342  -  MemoryUsage of job (MB)
	350208  -  ResidentSetSize of job (KB)
...
006 (2117004.034.000) 06/02 06:14:16 Image size of job updated: 1062916
	343  -  MemoryUsage of job (MB)
	350224  -  ResidentSetSize of job (KB)
...
006 (2117004.034.000) 06/02 06:29:17 Image size of job updated: 1062916
	348  -  MemoryUsage of job (MB)
	355536  -  ResidentSetSize of job (KB)
...
006 (2117004.034.000) 06/02 06:34:18 Image size of job updated: 1062916
	348  -  MemoryUsage of job (MB)
	355556  -  ResidentSetSize of job (KB)
...
006 (2117004.034.000) 06/02 06:39:18 Image size of job updated: 1062916
	348  -  MemoryUsage of job (MB)
	355568  -  ResidentSetSize of job (KB)
...
006 (2117004.034.000) 06/02 06:44:18 Image size of job updated: 1062916
	348  -  MemoryUsage of job (MB)
	355592  -  ResidentSetSize of job (KB)
...
006 (2117004.034.000) 06/02 06:49:20 Image size of job updated: 1062916
	348  -  MemoryUsage of job (MB)
	355600  -  ResidentSetSize of job (KB)
...
006 (2117004.034.000) 06/02 07:04:21 Image size of job updated: 1062916
	350  -  MemoryUsage of job (MB)
	357880  -  ResidentSetSize of job (KB)
...
006 (2117004.034.000) 06/02 07:09:22 Image size of job updated: 1062916
	350  -  MemoryUsage of job (MB)
	357888  -  ResidentSetSize of job (KB)
...
006 (2117004.034.000) 06/02 07:19:22 Image size of job updated: 1062916
	350  -  MemoryUsage of job (MB)
	357900  -  ResidentSetSize of job (KB)
...
006 (2117004.034.000) 06/02 07:24:23 Image size of job updated: 1062916
	350  -  MemoryUsage of job (MB)
	357904  -  ResidentSetSize of job (KB)
...
006 (2117004.034.000) 06/02 07:44:25 Image size of job updated: 1062916
	358  -  MemoryUsage of job (MB)
	366136  -  ResidentSetSize of job (KB)
...
006 (2117004.034.000) 06/02 07:59:27 Image size of job updated: 1062916
	358  -  MemoryUsage of job (MB)
	366144  -  ResidentSetSize of job (KB)
...
006 (2117004.034.000) 06/02 10:09:40 Image size of job updated: 1062916
	361  -  MemoryUsage of job (MB)
	369296  -  ResidentSetSize of job (KB)
...
006 (2117004.034.000) 06/02 10:14:40 Image size of job updated: 1062916
	361  -  MemoryUsage of job (MB)
	369304  -  ResidentSetSize of job (KB)
...
005 (2117004.034.000) 06/02 10:46:04 Job terminated.
	(1) Normal termination (return value 0)
		Usr 0 08:26:14, Sys 0 00:00:55  -  Run Remote Usage
		Usr 0 00:00:00, Sys 0 00:00:00  -  Run Local Usage
		Usr 0 08:26:14, Sys 0 00:00:55  -  Total Remote Usage
		Usr 0 00:00:00, Sys 0 00:00:00  -  Total Local Usage
	1967861  -  Run Bytes Sent By Job
	225  -  Run Bytes Received By Job
	1967861  -  Total Bytes Sent By Job
	225  -  Total Bytes Received By Job
	Partitionable Resources :    Usage  Request Allocated
	   Cpus                 :                 1         1
	   Disk (KB)            :     1933  2048000   2385094
	   Memory (MB)          :      361     2000      2000
...
