000 (2117004.036.000) 06/02 02:18:35 Job submitted from host: <172.30.1.200:9618?addrs=172.30.1.200-9618+[--1]-9618&noUDP&sock=203143_c79e_3>
...
001 (2117004.036.000) 06/02 02:18:42 Job executing on host: <172.30.1.201:9618?addrs=172.30.1.201-9618+[--1]-9618&noUDP&sock=38984_5c24_3>
...
006 (2117004.036.000) 06/02 02:18:51 Image size of job updated: 97092
	2  -  MemoryUsage of job (MB)
	1464  -  ResidentSetSize of job (KB)
...
006 (2117004.036.000) 06/02 02:23:52 Image size of job updated: 1062976
	299  -  MemoryUsage of job (MB)
	305608  -  ResidentSetSize of job (KB)
...
006 (2117004.036.000) 06/02 02:38:53 Image size of job updated: 1062976
	299  -  MemoryUsage of job (MB)
	305636  -  ResidentSetSize of job (KB)
...
006 (2117004.036.000) 06/02 02:58:55 Image size of job updated: 1062976
	299  -  MemoryUsage of job (MB)
	306116  -  ResidentSetSize of job (KB)
...
006 (2117004.036.000) 06/02 03:03:56 Image size of job updated: 1062976
	299  -  MemoryUsage of job (MB)
	306148  -  ResidentSetSize of job (KB)
...
006 (2117004.036.000) 06/02 03:08:56 Image size of job updated: 1062976
	300  -  MemoryUsage of job (MB)
	306296  -  ResidentSetSize of job (KB)
...
006 (2117004.036.000) 06/02 03:13:57 Image size of job updated: 1062976
	303  -  MemoryUsage of job (MB)
	309700  -  ResidentSetSize of job (KB)
...
006 (2117004.036.000) 06/02 03:18:58 Image size of job updated: 1062976
	303  -  MemoryUsage of job (MB)
	309976  -  ResidentSetSize of job (KB)
...
006 (2117004.036.000) 06/02 03:28:58 Image size of job updated: 1062976
	303  -  MemoryUsage of job (MB)
	309992  -  ResidentSetSize of job (KB)
...
006 (2117004.036.000) 06/02 03:33:59 Image size of job updated: 1062976
	303  -  MemoryUsage of job (MB)
	310164  -  ResidentSetSize of job (KB)
...
006 (2117004.036.000) 06/02 03:38:59 Image size of job updated: 1062976
	307  -  MemoryUsage of job (MB)
	313652  -  ResidentSetSize of job (KB)
...
006 (2117004.036.000) 06/02 03:43:59 Image size of job updated: 1062976
	307  -  MemoryUsage of job (MB)
	313984  -  ResidentSetSize of job (KB)
...
006 (2117004.036.000) 06/02 04:04:02 Image size of job updated: 1062976
	307  -  MemoryUsage of job (MB)
	314036  -  ResidentSetSize of job (KB)
...
006 (2117004.036.000) 06/02 04:09:03 Image size of job updated: 1062976
	307  -  MemoryUsage of job (MB)
	314052  -  ResidentSetSize of job (KB)
...
006 (2117004.036.000) 06/02 04:19:03 Image size of job updated: 1062976
	307  -  MemoryUsage of job (MB)
	314136  -  ResidentSetSize of job (KB)
...
006 (2117004.036.000) 06/02 04:29:04 Image size of job updated: 1062976
	307  -  MemoryUsage of job (MB)
	314152  -  ResidentSetSize of job (KB)
...
006 (2117004.036.000) 06/02 04:39:05 Image size of job updated: 1062976
	322  -  MemoryUsage of job (MB)
	329364  -  ResidentSetSize of job (KB)
...
006 (2117004.036.000) 06/02 04:44:06 Image size of job updated: 1062976
	322  -  MemoryUsage of job (MB)
	329372  -  ResidentSetSize of job (KB)
...
006 (2117004.036.000) 06/02 04:49:06 Image size of job updated: 1062976
	322  -  MemoryUsage of job (MB)
	329388  -  ResidentSetSize of job (KB)
...
006 (2117004.036.000) 06/02 04:54:07 Image size of job updated: 1062976
	322  -  MemoryUsage of job (MB)
	329496  -  ResidentSetSize of job (KB)
...
006 (2117004.036.000) 06/02 04:59:08 Image size of job updated: 1062976
	322  -  MemoryUsage of job (MB)
	329508  -  ResidentSetSize of job (KB)
...
006 (2117004.036.000) 06/02 05:04:08 Image size of job updated: 1062976
	322  -  MemoryUsage of job (MB)
	329636  -  ResidentSetSize of job (KB)
...
006 (2117004.036.000) 06/02 05:09:08 Image size of job updated: 1062976
	322  -  MemoryUsage of job (MB)
	329668  -  ResidentSetSize of job (KB)
...
006 (2117004.036.000) 06/02 05:14:09 Image size of job updated: 1062976
	326  -  MemoryUsage of job (MB)
	332988  -  ResidentSetSize of job (KB)
...
006 (2117004.036.000) 06/02 05:19:09 Image size of job updated: 1062976
	326  -  MemoryUsage of job (MB)
	333268  -  ResidentSetSize of job (KB)
...
006 (2117004.036.000) 06/02 05:24:09 Image size of job updated: 1062976
	326  -  MemoryUsage of job (MB)
	333288  -  ResidentSetSize of job (KB)
...
006 (2117004.036.000) 06/02 05:29:10 Image size of job updated: 1062976
	326  -  MemoryUsage of job (MB)
	333384  -  ResidentSetSize of job (KB)
...
006 (2117004.036.000) 06/02 05:34:11 Image size of job updated: 1062976
	326  -  MemoryUsage of job (MB)
	333416  -  ResidentSetSize of job (KB)
...
006 (2117004.036.000) 06/02 05:39:11 Image size of job updated: 1062976
	326  -  MemoryUsage of job (MB)
	333536  -  ResidentSetSize of job (KB)
...
006 (2117004.036.000) 06/02 05:44:12 Image size of job updated: 1062976
	326  -  MemoryUsage of job (MB)
	333564  -  ResidentSetSize of job (KB)
...
006 (2117004.036.000) 06/02 05:49:13 Image size of job updated: 1062976
	329  -  MemoryUsage of job (MB)
	336440  -  ResidentSetSize of job (KB)
...
006 (2117004.036.000) 06/02 05:54:13 Image size of job updated: 1062976
	330  -  MemoryUsage of job (MB)
	337240  -  ResidentSetSize of job (KB)
...
006 (2117004.036.000) 06/02 05:59:14 Image size of job updated: 1062976
	330  -  MemoryUsage of job (MB)
	337256  -  ResidentSetSize of job (KB)
...
006 (2117004.036.000) 06/02 06:04:15 Image size of job updated: 1062976
	330  -  MemoryUsage of job (MB)
	337284  -  ResidentSetSize of job (KB)
...
006 (2117004.036.000) 06/02 06:09:15 Image size of job updated: 1062976
	330  -  MemoryUsage of job (MB)
	337320  -  ResidentSetSize of job (KB)
...
006 (2117004.036.000) 06/02 06:14:15 Image size of job updated: 1062976
	330  -  MemoryUsage of job (MB)
	337508  -  ResidentSetSize of job (KB)
...
006 (2117004.036.000) 06/02 06:19:16 Image size of job updated: 1062976
	330  -  MemoryUsage of job (MB)
	337516  -  ResidentSetSize of job (KB)
...
006 (2117004.036.000) 06/02 06:24:16 Image size of job updated: 1062976
	330  -  MemoryUsage of job (MB)
	337536  -  ResidentSetSize of job (KB)
...
006 (2117004.036.000) 06/02 06:29:16 Image size of job updated: 1062976
	335  -  MemoryUsage of job (MB)
	342844  -  ResidentSetSize of job (KB)
...
006 (2117004.036.000) 06/02 06:34:17 Image size of job updated: 1062976
	336  -  MemoryUsage of job (MB)
	343048  -  ResidentSetSize of job (KB)
...
006 (2117004.036.000) 06/02 06:39:18 Image size of job updated: 1062976
	336  -  MemoryUsage of job (MB)
	343064  -  ResidentSetSize of job (KB)
...
006 (2117004.036.000) 06/02 06:44:18 Image size of job updated: 1062976
	336  -  MemoryUsage of job (MB)
	343076  -  ResidentSetSize of job (KB)
...
006 (2117004.036.000) 06/02 06:49:19 Image size of job updated: 1062976
	336  -  MemoryUsage of job (MB)
	343080  -  ResidentSetSize of job (KB)
...
006 (2117004.036.000) 06/02 06:54:20 Image size of job updated: 1062976
	336  -  MemoryUsage of job (MB)
	343268  -  ResidentSetSize of job (KB)
...
006 (2117004.036.000) 06/02 06:59:20 Image size of job updated: 1062976
	336  -  MemoryUsage of job (MB)
	343284  -  ResidentSetSize of job (KB)
...
006 (2117004.036.000) 06/02 07:04:21 Image size of job updated: 1062976
	339  -  MemoryUsage of job (MB)
	346860  -  ResidentSetSize of job (KB)
...
006 (2117004.036.000) 06/02 07:09:22 Image size of job updated: 1062976
	339  -  MemoryUsage of job (MB)
	346876  -  ResidentSetSize of job (KB)
...
006 (2117004.036.000) 06/02 07:19:22 Image size of job updated: 1062976
	339  -  MemoryUsage of job (MB)
	346948  -  ResidentSetSize of job (KB)
...
006 (2117004.036.000) 06/02 07:29:23 Image size of job updated: 1062976
	339  -  MemoryUsage of job (MB)
	347032  -  ResidentSetSize of job (KB)
...
006 (2117004.036.000) 06/02 07:34:23 Image size of job updated: 1062976
	339  -  MemoryUsage of job (MB)
	347048  -  ResidentSetSize of job (KB)
...
006 (2117004.036.000) 06/02 07:39:24 Image size of job updated: 1062976
	343  -  MemoryUsage of job (MB)
	350572  -  ResidentSetSize of job (KB)
...
006 (2117004.036.000) 06/02 07:44:25 Image size of job updated: 1062976
	343  -  MemoryUsage of job (MB)
	350860  -  ResidentSetSize of job (KB)
...
006 (2117004.036.000) 06/02 07:54:26 Image size of job updated: 1062976
	343  -  MemoryUsage of job (MB)
	350912  -  ResidentSetSize of job (KB)
...
006 (2117004.036.000) 06/02 07:59:27 Image size of job updated: 1062976
	343  -  MemoryUsage of job (MB)
	350928  -  ResidentSetSize of job (KB)
...
006 (2117004.036.000) 06/02 10:09:40 Image size of job updated: 1062976
	346  -  MemoryUsage of job (MB)
	354040  -  ResidentSetSize of job (KB)
...
006 (2117004.036.000) 06/02 10:14:40 Image size of job updated: 1062976
	346  -  MemoryUsage of job (MB)
	354060  -  ResidentSetSize of job (KB)
...
006 (2117004.036.000) 06/02 10:19:40 Image size of job updated: 1062976
	346  -  MemoryUsage of job (MB)
	354064  -  ResidentSetSize of job (KB)
...
006 (2117004.036.000) 06/02 10:24:41 Image size of job updated: 1062976
	346  -  MemoryUsage of job (MB)
	354108  -  ResidentSetSize of job (KB)
...
006 (2117004.036.000) 06/02 10:34:42 Image size of job updated: 1062976
	346  -  MemoryUsage of job (MB)
	354184  -  ResidentSetSize of job (KB)
...
006 (2117004.036.000) 06/02 10:39:43 Image size of job updated: 1062976
	346  -  MemoryUsage of job (MB)
	354204  -  ResidentSetSize of job (KB)
...
005 (2117004.036.000) 06/02 10:43:48 Job terminated.
	(1) Normal termination (return value 0)
		Usr 0 08:24:45, Sys 0 00:00:10  -  Run Remote Usage
		Usr 0 00:00:00, Sys 0 00:00:00  -  Run Local Usage
		Usr 0 08:24:45, Sys 0 00:00:10  -  Total Remote Usage
		Usr 0 00:00:00, Sys 0 00:00:00  -  Total Local Usage
	2007966  -  Run Bytes Sent By Job
	225  -  Run Bytes Received By Job
	2007966  -  Total Bytes Sent By Job
	225  -  Total Bytes Received By Job
	Partitionable Resources :    Usage  Request Allocated
	   Cpus                 :                 1         1
	   Disk (KB)            :     1972  2048000   2385094
	   Memory (MB)          :      346     2000      2000
...
