000 (2117004.004.000) 06/02 02:18:35 Job submitted from host: <172.30.1.200:9618?addrs=172.30.1.200-9618+[--1]-9618&noUDP&sock=203143_c79e_3>
...
001 (2117004.004.000) 06/02 02:18:42 Job executing on host: <172.30.1.207:9618?addrs=172.30.1.207-9618+[--1]-9618&noUDP&sock=6818_28cd_3>
...
006 (2117004.004.000) 06/02 02:18:51 Image size of job updated: 180928
	2  -  MemoryUsage of job (MB)
	1948  -  ResidentSetSize of job (KB)
...
006 (2117004.004.000) 06/02 02:23:52 Image size of job updated: 1062428
	423  -  MemoryUsage of job (MB)
	432376  -  ResidentSetSize of job (KB)
...
006 (2117004.004.000) 06/02 02:28:53 Image size of job updated: 1062824
	423  -  MemoryUsage of job (MB)
	432644  -  ResidentSetSize of job (KB)
...
006 (2117004.004.000) 06/02 02:33:53 Image size of job updated: 1062824
	430  -  MemoryUsage of job (MB)
	439780  -  ResidentSetSize of job (KB)
...
006 (2117004.004.000) 06/02 02:58:55 Image size of job updated: 1062824
	433  -  MemoryUsage of job (MB)
	442724  -  ResidentSetSize of job (KB)
...
006 (2117004.004.000) 06/02 03:13:56 Image size of job updated: 1062824
	442  -  MemoryUsage of job (MB)
	451684  -  ResidentSetSize of job (KB)
...
006 (2117004.004.000) 06/02 03:18:57 Image size of job updated: 1062824
	442  -  MemoryUsage of job (MB)
	451704  -  ResidentSetSize of job (KB)
...
005 (2117004.004.000) 06/02 09:02:51 Job terminated.
	(1) Normal termination (return value 0)
		Usr 0 06:43:37, Sys 0 00:00:20  -  Run Remote Usage
		Usr 0 00:00:00, Sys 0 00:00:00  -  Run Local Usage
		Usr 0 06:43:37, Sys 0 00:00:20  -  Total Remote Usage
		Usr 0 00:00:00, Sys 0 00:00:00  -  Total Local Usage
	1965193  -  Run Bytes Sent By Job
	225  -  Run Bytes Received By Job
	1965193  -  Total Bytes Sent By Job
	225  -  Total Bytes Received By Job
	Partitionable Resources :    Usage  Request Allocated
	   Cpus                 :                 1         1
	   Disk (KB)            :     1930  2048000   2391884
	   Memory (MB)          :      442     2000      2000
...
