000 (2117004.015.000) 06/02 02:18:35 Job submitted from host: <172.30.1.200:9618?addrs=172.30.1.200-9618+[--1]-9618&noUDP&sock=203143_c79e_3>
...
001 (2117004.015.000) 06/02 02:18:40 Job executing on host: <172.30.1.201:9618?addrs=172.30.1.201-9618+[--1]-9618&noUDP&sock=38984_5c24_3>
...
006 (2117004.015.000) 06/02 02:18:49 Image size of job updated: 143068
	8  -  MemoryUsage of job (MB)
	7708  -  ResidentSetSize of job (KB)
...
006 (2117004.015.000) 06/02 02:23:50 Image size of job updated: 855100
	158  -  MemoryUsage of job (MB)
	160892  -  ResidentSetSize of job (KB)
...
006 (2117004.015.000) 06/02 02:28:51 Image size of job updated: 956232
	297  -  MemoryUsage of job (MB)
	303932  -  ResidentSetSize of job (KB)
...
006 (2117004.015.000) 06/02 02:38:51 Image size of job updated: 956232
	297  -  MemoryUsage of job (MB)
	303948  -  ResidentSetSize of job (KB)
...
006 (2117004.015.000) 06/02 02:53:52 Image size of job updated: 956232
	297  -  MemoryUsage of job (MB)
	303952  -  ResidentSetSize of job (KB)
...
006 (2117004.015.000) 06/02 02:58:53 Image size of job updated: 965044
	306  -  MemoryUsage of job (MB)
	312796  -  ResidentSetSize of job (KB)
...
006 (2117004.015.000) 06/02 03:18:55 Image size of job updated: 965632
	307  -  MemoryUsage of job (MB)
	313388  -  ResidentSetSize of job (KB)
...
006 (2117004.015.000) 06/02 03:48:58 Image size of job updated: 969760
	311  -  MemoryUsage of job (MB)
	317508  -  ResidentSetSize of job (KB)
...
006 (2117004.015.000) 06/02 04:44:03 Image size of job updated: 976220
	328  -  MemoryUsage of job (MB)
	335104  -  ResidentSetSize of job (KB)
...
006 (2117004.015.000) 06/02 04:49:03 Image size of job updated: 976220
	328  -  MemoryUsage of job (MB)
	335124  -  ResidentSetSize of job (KB)
...
006 (2117004.015.000) 06/02 04:54:04 Image size of job updated: 976220
	328  -  MemoryUsage of job (MB)
	335136  -  ResidentSetSize of job (KB)
...
006 (2117004.015.000) 06/02 04:59:04 Image size of job updated: 976220
	328  -  MemoryUsage of job (MB)
	335152  -  ResidentSetSize of job (KB)
...
006 (2117004.015.000) 06/02 05:04:04 Image size of job updated: 976220
	328  -  MemoryUsage of job (MB)
	335168  -  ResidentSetSize of job (KB)
...
006 (2117004.015.000) 06/02 05:09:06 Image size of job updated: 976220
	328  -  MemoryUsage of job (MB)
	335176  -  ResidentSetSize of job (KB)
...
006 (2117004.015.000) 06/02 05:19:06 Image size of job updated: 979232
	331  -  MemoryUsage of job (MB)
	338012  -  ResidentSetSize of job (KB)
...
006 (2117004.015.000) 06/02 05:24:07 Image size of job updated: 979232
	331  -  MemoryUsage of job (MB)
	338028  -  ResidentSetSize of job (KB)
...
006 (2117004.015.000) 06/02 05:29:08 Image size of job updated: 979232
	331  -  MemoryUsage of job (MB)
	338040  -  ResidentSetSize of job (KB)
...
006 (2117004.015.000) 06/02 05:34:08 Image size of job updated: 979232
	331  -  MemoryUsage of job (MB)
	338056  -  ResidentSetSize of job (KB)
...
006 (2117004.015.000) 06/02 05:39:09 Image size of job updated: 979232
	331  -  MemoryUsage of job (MB)
	338068  -  ResidentSetSize of job (KB)
...
006 (2117004.015.000) 06/02 05:44:10 Image size of job updated: 979232
	331  -  MemoryUsage of job (MB)
	338072  -  ResidentSetSize of job (KB)
...
006 (2117004.015.000) 06/02 05:59:11 Image size of job updated: 982920
	334  -  MemoryUsage of job (MB)
	341868  -  ResidentSetSize of job (KB)
...
006 (2117004.015.000) 06/02 06:04:11 Image size of job updated: 982920
	334  -  MemoryUsage of job (MB)
	341892  -  ResidentSetSize of job (KB)
...
006 (2117004.015.000) 06/02 06:09:11 Image size of job updated: 982920
	334  -  MemoryUsage of job (MB)
	341904  -  ResidentSetSize of job (KB)
...
006 (2117004.015.000) 06/02 06:14:12 Image size of job updated: 982920
	334  -  MemoryUsage of job (MB)
	341912  -  ResidentSetSize of job (KB)
...
006 (2117004.015.000) 06/02 06:34:15 Image size of job updated: 986992
	340  -  MemoryUsage of job (MB)
	347608  -  ResidentSetSize of job (KB)
...
006 (2117004.015.000) 06/02 06:39:15 Image size of job updated: 986992
	340  -  MemoryUsage of job (MB)
	347624  -  ResidentSetSize of job (KB)
...
006 (2117004.015.000) 06/02 06:44:16 Image size of job updated: 986992
	340  -  MemoryUsage of job (MB)
	347636  -  ResidentSetSize of job (KB)
...
006 (2117004.015.000) 06/02 07:09:18 Image size of job updated: 990004
	343  -  MemoryUsage of job (MB)
	350720  -  ResidentSetSize of job (KB)
...
006 (2117004.015.000) 06/02 07:14:18 Image size of job updated: 990004
	343  -  MemoryUsage of job (MB)
	350724  -  ResidentSetSize of job (KB)
...
006 (2117004.015.000) 06/02 07:29:20 Image size of job updated: 990004
	343  -  MemoryUsage of job (MB)
	350728  -  ResidentSetSize of job (KB)
...
006 (2117004.015.000) 06/02 07:44:22 Image size of job updated: 998632
	351  -  MemoryUsage of job (MB)
	359228  -  ResidentSetSize of job (KB)
...
006 (2117004.015.000) 06/02 07:49:23 Image size of job updated: 998632
	351  -  MemoryUsage of job (MB)
	359240  -  ResidentSetSize of job (KB)
...
006 (2117004.015.000) 06/02 07:54:24 Image size of job updated: 998632
	351  -  MemoryUsage of job (MB)
	359244  -  ResidentSetSize of job (KB)
...
006 (2117004.015.000) 06/02 08:24:27 Image size of job updated: 1001328
	351  -  MemoryUsage of job (MB)
	359244  -  ResidentSetSize of job (KB)
...
006 (2117004.015.000) 06/02 08:29:28 Image size of job updated: 1001584
	351  -  MemoryUsage of job (MB)
	359244  -  ResidentSetSize of job (KB)
...
006 (2117004.015.000) 06/02 08:59:30 Image size of job updated: 1004276
	351  -  MemoryUsage of job (MB)
	359244  -  ResidentSetSize of job (KB)
...
006 (2117004.015.000) 06/02 09:39:34 Image size of job updated: 1007592
	351  -  MemoryUsage of job (MB)
	359244  -  ResidentSetSize of job (KB)
...
006 (2117004.015.000) 06/02 10:14:38 Image size of job updated: 1012752
	352  -  MemoryUsage of job (MB)
	360404  -  ResidentSetSize of job (KB)
...
006 (2117004.015.000) 06/02 10:43:58 Image size of job updated: 1014180
	352  -  MemoryUsage of job (MB)
	360404  -  ResidentSetSize of job (KB)
...
005 (2117004.015.000) 06/02 10:43:59 Job terminated.
	(1) Normal termination (return value 0)
		Usr 0 08:24:40, Sys 0 00:00:17  -  Run Remote Usage
		Usr 0 00:00:00, Sys 0 00:00:00  -  Run Local Usage
		Usr 0 08:24:40, Sys 0 00:00:17  -  Total Remote Usage
		Usr 0 00:00:00, Sys 0 00:00:00  -  Total Local Usage
	1974166  -  Run Bytes Sent By Job
	225  -  Run Bytes Received By Job
	1974166  -  Total Bytes Sent By Job
	225  -  Total Bytes Received By Job
	Partitionable Resources :    Usage  Request Allocated
	   Cpus                 :                 1         1
	   Disk (KB)            :     1939  2048000   2385094
	   Memory (MB)          :      352     2000      2000
...
