000 (2117004.013.000) 06/02 02:18:35 Job submitted from host: <172.30.1.200:9618?addrs=172.30.1.200-9618+[--1]-9618&noUDP&sock=203143_c79e_3>
...
001 (2117004.013.000) 06/02 02:18:43 Job executing on host: <172.30.1.207:9618?addrs=172.30.1.207-9618+[--1]-9618&noUDP&sock=6818_28cd_3>
...
006 (2117004.013.000) 06/02 02:18:51 Image size of job updated: 11688
	2  -  MemoryUsage of job (MB)
	1464  -  ResidentSetSize of job (KB)
...
006 (2117004.013.000) 06/02 02:23:51 Image size of job updated: 1062652
	430  -  MemoryUsage of job (MB)
	440020  -  ResidentSetSize of job (KB)
...
006 (2117004.013.000) 06/02 02:33:52 Image size of job updated: 1062652
	430  -  MemoryUsage of job (MB)
	440028  -  ResidentSetSize of job (KB)
...
006 (2117004.013.000) 06/02 02:48:53 Image size of job updated: 1062652
	430  -  MemoryUsage of job (MB)
	440036  -  ResidentSetSize of job (KB)
...
006 (2117004.013.000) 06/02 02:58:53 Image size of job updated: 1062652
	431  -  MemoryUsage of job (MB)
	440536  -  ResidentSetSize of job (KB)
...
006 (2117004.013.000) 06/02 03:03:54 Image size of job updated: 1062652
	431  -  MemoryUsage of job (MB)
	440828  -  ResidentSetSize of job (KB)
...
006 (2117004.013.000) 06/02 03:08:55 Image size of job updated: 1062652
	431  -  MemoryUsage of job (MB)
	440844  -  ResidentSetSize of job (KB)
...
006 (2117004.013.000) 06/02 03:13:55 Image size of job updated: 1062652
	435  -  MemoryUsage of job (MB)
	444428  -  ResidentSetSize of job (KB)
...
006 (2117004.013.000) 06/02 03:18:56 Image size of job updated: 1062652
	435  -  MemoryUsage of job (MB)
	444492  -  ResidentSetSize of job (KB)
...
006 (2117004.013.000) 06/02 03:23:57 Image size of job updated: 1062652
	435  -  MemoryUsage of job (MB)
	444572  -  ResidentSetSize of job (KB)
...
006 (2117004.013.000) 06/02 03:28:57 Image size of job updated: 1062652
	435  -  MemoryUsage of job (MB)
	444704  -  ResidentSetSize of job (KB)
...
006 (2117004.013.000) 06/02 03:33:57 Image size of job updated: 1062652
	435  -  MemoryUsage of job (MB)
	444808  -  ResidentSetSize of job (KB)
...
005 (2117004.013.000) 06/02 09:29:54 Job terminated.
	(1) Normal termination (return value 0)
		Usr 0 07:10:34, Sys 0 00:00:12  -  Run Remote Usage
		Usr 0 00:00:00, Sys 0 00:00:00  -  Run Local Usage
		Usr 0 07:10:34, Sys 0 00:00:12  -  Total Remote Usage
		Usr 0 00:00:00, Sys 0 00:00:00  -  Total Local Usage
	1973320  -  Run Bytes Sent By Job
	225  -  Run Bytes Received By Job
	1973320  -  Total Bytes Sent By Job
	225  -  Total Bytes Received By Job
	Partitionable Resources :    Usage  Request Allocated
	   Cpus                 :                 1         1
	   Disk (KB)            :     1938  2048000   2391884
	   Memory (MB)          :      435     2000      2000
...
