000 (2117004.037.000) 06/02 02:18:35 Job submitted from host: <172.30.1.200:9618?addrs=172.30.1.200-9618+[--1]-9618&noUDP&sock=203143_c79e_3>
...
001 (2117004.037.000) 06/02 02:18:42 Job executing on host: <172.30.1.201:9618?addrs=172.30.1.201-9618+[--1]-9618&noUDP&sock=38984_5c24_3>
...
006 (2117004.037.000) 06/02 02:18:51 Image size of job updated: 97092
	4  -  MemoryUsage of job (MB)
	3372  -  ResidentSetSize of job (KB)
...
006 (2117004.037.000) 06/02 02:23:52 Image size of job updated: 1062844
	292  -  MemoryUsage of job (MB)
	298556  -  ResidentSetSize of job (KB)
...
006 (2117004.037.000) 06/02 02:48:54 Image size of job updated: 1062844
	299  -  MemoryUsage of job (MB)
	306032  -  ResidentSetSize of job (KB)
...
006 (2117004.037.000) 06/02 02:53:54 Image size of job updated: 1062844
	300  -  MemoryUsage of job (MB)
	307196  -  ResidentSetSize of job (KB)
...
006 (2117004.037.000) 06/02 02:58:55 Image size of job updated: 1062844
	300  -  MemoryUsage of job (MB)
	307200  -  ResidentSetSize of job (KB)
...
006 (2117004.037.000) 06/02 03:03:56 Image size of job updated: 1062844
	306  -  MemoryUsage of job (MB)
	312792  -  ResidentSetSize of job (KB)
...
006 (2117004.037.000) 06/02 03:08:56 Image size of job updated: 1062844
	306  -  MemoryUsage of job (MB)
	312796  -  ResidentSetSize of job (KB)
...
006 (2117004.037.000) 06/02 03:13:57 Image size of job updated: 1062844
	306  -  MemoryUsage of job (MB)
	312812  -  ResidentSetSize of job (KB)
...
006 (2117004.037.000) 06/02 03:23:58 Image size of job updated: 1062844
	312  -  MemoryUsage of job (MB)
	318548  -  ResidentSetSize of job (KB)
...
006 (2117004.037.000) 06/02 03:28:59 Image size of job updated: 1062844
	312  -  MemoryUsage of job (MB)
	318564  -  ResidentSetSize of job (KB)
...
006 (2117004.037.000) 06/02 04:09:03 Image size of job updated: 1062844
	328  -  MemoryUsage of job (MB)
	335732  -  ResidentSetSize of job (KB)
...
006 (2117004.037.000) 06/02 04:14:03 Image size of job updated: 1062844
	329  -  MemoryUsage of job (MB)
	335948  -  ResidentSetSize of job (KB)
...
006 (2117004.037.000) 06/02 04:19:04 Image size of job updated: 1062844
	329  -  MemoryUsage of job (MB)
	335956  -  ResidentSetSize of job (KB)
...
006 (2117004.037.000) 06/02 04:24:05 Image size of job updated: 1062844
	329  -  MemoryUsage of job (MB)
	335980  -  ResidentSetSize of job (KB)
...
006 (2117004.037.000) 06/02 04:39:07 Image size of job updated: 1062844
	334  -  MemoryUsage of job (MB)
	341928  -  ResidentSetSize of job (KB)
...
006 (2117004.037.000) 06/02 05:04:08 Image size of job updated: 1062844
	339  -  MemoryUsage of job (MB)
	347080  -  ResidentSetSize of job (KB)
...
006 (2117004.037.000) 06/02 05:09:09 Image size of job updated: 1062844
	339  -  MemoryUsage of job (MB)
	347092  -  ResidentSetSize of job (KB)
...
006 (2117004.037.000) 06/02 05:34:12 Image size of job updated: 1062844
	349  -  MemoryUsage of job (MB)
	356936  -  ResidentSetSize of job (KB)
...
006 (2117004.037.000) 06/02 05:59:14 Image size of job updated: 1062844
	351  -  MemoryUsage of job (MB)
	359264  -  ResidentSetSize of job (KB)
...
006 (2117004.037.000) 06/02 06:04:15 Image size of job updated: 1062844
	351  -  MemoryUsage of job (MB)
	359276  -  ResidentSetSize of job (KB)
...
006 (2117004.037.000) 06/02 06:29:18 Image size of job updated: 1062844
	355  -  MemoryUsage of job (MB)
	363088  -  ResidentSetSize of job (KB)
...
006 (2117004.037.000) 06/02 06:54:20 Image size of job updated: 1062844
	358  -  MemoryUsage of job (MB)
	366544  -  ResidentSetSize of job (KB)
...
006 (2117004.037.000) 06/02 06:59:20 Image size of job updated: 1062844
	358  -  MemoryUsage of job (MB)
	366552  -  ResidentSetSize of job (KB)
...
006 (2117004.037.000) 06/02 07:24:24 Image size of job updated: 1062844
	363  -  MemoryUsage of job (MB)
	371088  -  ResidentSetSize of job (KB)
...
006 (2117004.037.000) 06/02 07:49:25 Image size of job updated: 1062844
	368  -  MemoryUsage of job (MB)
	376712  -  ResidentSetSize of job (KB)
...
005 (2117004.037.000) 06/02 08:42:58 Job terminated.
	(1) Normal termination (return value 0)
		Usr 0 06:23:49, Sys 0 00:00:13  -  Run Remote Usage
		Usr 0 00:00:00, Sys 0 00:00:00  -  Run Local Usage
		Usr 0 06:23:49, Sys 0 00:00:13  -  Total Remote Usage
		Usr 0 00:00:00, Sys 0 00:00:00  -  Total Local Usage
	2018171  -  Run Bytes Sent By Job
	225  -  Run Bytes Received By Job
	2018171  -  Total Bytes Sent By Job
	225  -  Total Bytes Received By Job
	Partitionable Resources :    Usage  Request Allocated
	   Cpus                 :                 1         1
	   Disk (KB)            :     1982  2048000   2385094
	   Memory (MB)          :      368     2000      2000
...
