000 (2117004.014.000) 06/02 02:18:35 Job submitted from host: <172.30.1.200:9618?addrs=172.30.1.200-9618+[--1]-9618&noUDP&sock=203143_c79e_3>
...
001 (2117004.014.000) 06/02 02:18:43 Job executing on host: <172.30.1.207:9618?addrs=172.30.1.207-9618+[--1]-9618&noUDP&sock=6818_28cd_3>
...
006 (2117004.014.000) 06/02 02:18:51 Image size of job updated: 1
	3  -  MemoryUsage of job (MB)
	2228  -  ResidentSetSize of job (KB)
...
006 (2117004.014.000) 06/02 02:23:51 Image size of job updated: 1063176
	425  -  MemoryUsage of job (MB)
	435040  -  ResidentSetSize of job (KB)
...
006 (2117004.014.000) 06/02 02:28:52 Image size of job updated: 1063176
	432  -  MemoryUsage of job (MB)
	442016  -  ResidentSetSize of job (KB)
...
006 (2117004.014.000) 06/02 02:58:54 Image size of job updated: 1063176
	434  -  MemoryUsage of job (MB)
	444156  -  ResidentSetSize of job (KB)
...
006 (2117004.014.000) 06/02 03:08:56 Image size of job updated: 1063176
	436  -  MemoryUsage of job (MB)
	445492  -  ResidentSetSize of job (KB)
...
006 (2117004.014.000) 06/02 03:13:56 Image size of job updated: 1063176
	439  -  MemoryUsage of job (MB)
	449492  -  ResidentSetSize of job (KB)
...
006 (2117004.014.000) 06/02 03:28:58 Image size of job updated: 1063176
	441  -  MemoryUsage of job (MB)
	450792  -  ResidentSetSize of job (KB)
...
005 (2117004.014.000) 06/02 08:47:27 Job terminated.
	(1) Normal termination (return value 0)
		Usr 0 06:28:13, Sys 0 00:00:11  -  Run Remote Usage
		Usr 0 00:00:00, Sys 0 00:00:00  -  Run Local Usage
		Usr 0 06:28:13, Sys 0 00:00:11  -  Total Remote Usage
		Usr 0 00:00:00, Sys 0 00:00:00  -  Total Local Usage
	1990676  -  Run Bytes Sent By Job
	225  -  Run Bytes Received By Job
	1990676  -  Total Bytes Sent By Job
	225  -  Total Bytes Received By Job
	Partitionable Resources :    Usage  Request Allocated
	   Cpus                 :                 1         1
	   Disk (KB)            :     1955  2048000   2391884
	   Memory (MB)          :      441     2000      2000
...
