000 (2117004.010.000) 06/02 02:18:35 Job submitted from host: <172.30.1.200:9618?addrs=172.30.1.200-9618+[--1]-9618&noUDP&sock=203143_c79e_3>
...
001 (2117004.010.000) 06/02 02:18:42 Job executing on host: <172.30.1.207:9618?addrs=172.30.1.207-9618+[--1]-9618&noUDP&sock=6818_28cd_3>
...
006 (2117004.010.000) 06/02 02:18:51 Image size of job updated: 59952
	10  -  MemoryUsage of job (MB)
	9368  -  ResidentSetSize of job (KB)
...
006 (2117004.010.000) 06/02 02:23:52 Image size of job updated: 1021732
	292  -  MemoryUsage of job (MB)
	298712  -  ResidentSetSize of job (KB)
...
006 (2117004.010.000) 06/02 02:28:52 Image size of job updated: 1021732
	432  -  MemoryUsage of job (MB)
	441976  -  ResidentSetSize of job (KB)
...
006 (2117004.010.000) 06/02 02:38:54 Image size of job updated: 1021732
	432  -  MemoryUsage of job (MB)
	441984  -  ResidentSetSize of job (KB)
...
006 (2117004.010.000) 06/02 03:03:56 Image size of job updated: 1021732
	438  -  MemoryUsage of job (MB)
	447596  -  ResidentSetSize of job (KB)
...
006 (2117004.010.000) 06/02 03:18:57 Image size of job updated: 1021732
	440  -  MemoryUsage of job (MB)
	450512  -  ResidentSetSize of job (KB)
...
005 (2117004.010.000) 06/02 09:06:34 Job terminated.
	(1) Normal termination (return value 0)
		Usr 0 06:47:11, Sys 0 00:00:17  -  Run Remote Usage
		Usr 0 00:00:00, Sys 0 00:00:00  -  Run Local Usage
		Usr 0 06:47:11, Sys 0 00:00:17  -  Total Remote Usage
		Usr 0 00:00:00, Sys 0 00:00:00  -  Total Local Usage
	1949919  -  Run Bytes Sent By Job
	225  -  Run Bytes Received By Job
	1949919  -  Total Bytes Sent By Job
	225  -  Total Bytes Received By Job
	Partitionable Resources :    Usage  Request Allocated
	   Cpus                 :                 1         1
	   Disk (KB)            :     1916  2048000   2391884
	   Memory (MB)          :      440     2000      2000
...
