000 (2117004.001.000) 06/02 02:18:35 Job submitted from host: <172.30.1.200:9618?addrs=172.30.1.200-9618+[--1]-9618&noUDP&sock=203143_c79e_3>
...
001 (2117004.001.000) 06/02 02:18:42 Job executing on host: <172.30.1.207:9618?addrs=172.30.1.207-9618+[--1]-9618&noUDP&sock=6818_28cd_3>
...
006 (2117004.001.000) 06/02 02:18:50 Image size of job updated: 180372
	8  -  MemoryUsage of job (MB)
	7564  -  ResidentSetSize of job (KB)
...
006 (2117004.001.000) 06/02 02:23:50 Image size of job updated: 1062564
	431  -  MemoryUsage of job (MB)
	440356  -  ResidentSetSize of job (KB)
...
006 (2117004.001.000) 06/02 02:58:54 Image size of job updated: 1062564
	432  -  MemoryUsage of job (MB)
	441396  -  ResidentSetSize of job (KB)
...
006 (2117004.001.000) 06/02 03:03:55 Image size of job updated: 1062564
	432  -  MemoryUsage of job (MB)
	441608  -  ResidentSetSize of job (KB)
...
006 (2117004.001.000) 06/02 03:08:55 Image size of job updated: 1062564
	432  -  MemoryUsage of job (MB)
	441656  -  ResidentSetSize of job (KB)
...
006 (2117004.001.000) 06/02 03:13:55 Image size of job updated: 1062564
	435  -  MemoryUsage of job (MB)
	444852  -  ResidentSetSize of job (KB)
...
006 (2117004.001.000) 06/02 03:18:56 Image size of job updated: 1062564
	436  -  MemoryUsage of job (MB)
	445936  -  ResidentSetSize of job (KB)
...
006 (2117004.001.000) 06/02 03:23:57 Image size of job updated: 1062564
	436  -  MemoryUsage of job (MB)
	445952  -  ResidentSetSize of job (KB)
...
005 (2117004.001.000) 06/02 09:00:41 Job terminated.
	(1) Normal termination (return value 0)
		Usr 0 06:41:29, Sys 0 00:00:11  -  Run Remote Usage
		Usr 0 00:00:00, Sys 0 00:00:00  -  Run Local Usage
		Usr 0 06:41:29, Sys 0 00:00:11  -  Total Remote Usage
		Usr 0 00:00:00, Sys 0 00:00:00  -  Total Local Usage
	1954337  -  Run Bytes Sent By Job
	225  -  Run Bytes Received By Job
	1954337  -  Total Bytes Sent By Job
	225  -  Total Bytes Received By Job
	Partitionable Resources :    Usage  Request Allocated
	   Cpus                 :                 1         1
	   Disk (KB)            :     1920  2048000   2391884
	   Memory (MB)          :      436     2000      2000
...
