000 (2117004.028.000) 06/02 02:18:35 Job submitted from host: <172.30.1.200:9618?addrs=172.30.1.200-9618+[--1]-9618&noUDP&sock=203143_c79e_3>
...
001 (2117004.028.000) 06/02 02:18:42 Job executing on host: <172.30.1.201:9618?addrs=172.30.1.201-9618+[--1]-9618&noUDP&sock=38984_5c24_3>
...
006 (2117004.028.000) 06/02 02:18:50 Image size of job updated: 181456
	24  -  MemoryUsage of job (MB)
	23804  -  ResidentSetSize of job (KB)
...
006 (2117004.028.000) 06/02 02:23:50 Image size of job updated: 1062972
	292  -  MemoryUsage of job (MB)
	298536  -  ResidentSetSize of job (KB)
...
006 (2117004.028.000) 06/02 02:28:50 Image size of job updated: 1063104
	299  -  MemoryUsage of job (MB)
	305716  -  ResidentSetSize of job (KB)
...
006 (2117004.028.000) 06/02 02:43:51 Image size of job updated: 1063104
	299  -  MemoryUsage of job (MB)
	305720  -  ResidentSetSize of job (KB)
...
006 (2117004.028.000) 06/02 02:58:53 Image size of job updated: 1063104
	300  -  MemoryUsage of job (MB)
	306512  -  ResidentSetSize of job (KB)
...
006 (2117004.028.000) 06/02 03:03:54 Image size of job updated: 1063104
	300  -  MemoryUsage of job (MB)
	306608  -  ResidentSetSize of job (KB)
...
006 (2117004.028.000) 06/02 03:08:55 Image size of job updated: 1063104
	300  -  MemoryUsage of job (MB)
	307064  -  ResidentSetSize of job (KB)
...
006 (2117004.028.000) 06/02 03:13:55 Image size of job updated: 1063104
	303  -  MemoryUsage of job (MB)
	309412  -  ResidentSetSize of job (KB)
...
006 (2117004.028.000) 06/02 03:18:56 Image size of job updated: 1063104
	304  -  MemoryUsage of job (MB)
	310804  -  ResidentSetSize of job (KB)
...
006 (2117004.028.000) 06/02 03:33:57 Image size of job updated: 1063104
	305  -  MemoryUsage of job (MB)
	311360  -  ResidentSetSize of job (KB)
...
006 (2117004.028.000) 06/02 03:43:58 Image size of job updated: 1063104
	308  -  MemoryUsage of job (MB)
	314908  -  ResidentSetSize of job (KB)
...
006 (2117004.028.000) 06/02 03:48:58 Image size of job updated: 1063104
	308  -  MemoryUsage of job (MB)
	315112  -  ResidentSetSize of job (KB)
...
006 (2117004.028.000) 06/02 03:53:59 Image size of job updated: 1063104
	308  -  MemoryUsage of job (MB)
	315128  -  ResidentSetSize of job (KB)
...
006 (2117004.028.000) 06/02 03:59:00 Image size of job updated: 1063104
	308  -  MemoryUsage of job (MB)
	315148  -  ResidentSetSize of job (KB)
...
006 (2117004.028.000) 06/02 04:14:02 Image size of job updated: 1063104
	308  -  MemoryUsage of job (MB)
	315164  -  ResidentSetSize of job (KB)
...
006 (2117004.028.000) 06/02 04:24:02 Image size of job updated: 1063104
	309  -  MemoryUsage of job (MB)
	315600  -  ResidentSetSize of job (KB)
...
006 (2117004.028.000) 06/02 04:34:03 Image size of job updated: 1063104
	309  -  MemoryUsage of job (MB)
	315604  -  ResidentSetSize of job (KB)
...
006 (2117004.028.000) 06/02 04:39:03 Image size of job updated: 1063104
	323  -  MemoryUsage of job (MB)
	329944  -  ResidentSetSize of job (KB)
...
006 (2117004.028.000) 06/02 04:44:04 Image size of job updated: 1063104
	324  -  MemoryUsage of job (MB)
	330828  -  ResidentSetSize of job (KB)
...
006 (2117004.028.000) 06/02 04:49:04 Image size of job updated: 1063104
	324  -  MemoryUsage of job (MB)
	330860  -  ResidentSetSize of job (KB)
...
006 (2117004.028.000) 06/02 04:54:04 Image size of job updated: 1063104
	324  -  MemoryUsage of job (MB)
	330908  -  ResidentSetSize of job (KB)
...
006 (2117004.028.000) 06/02 04:59:05 Image size of job updated: 1063104
	324  -  MemoryUsage of job (MB)
	330928  -  ResidentSetSize of job (KB)
...
006 (2117004.028.000) 06/02 05:04:06 Image size of job updated: 1063104
	324  -  MemoryUsage of job (MB)
	330960  -  ResidentSetSize of job (KB)
...
006 (2117004.028.000) 06/02 05:09:06 Image size of job updated: 1063104
	324  -  MemoryUsage of job (MB)
	331352  -  ResidentSetSize of job (KB)
...
006 (2117004.028.000) 06/02 05:14:07 Image size of job updated: 1063104
	324  -  MemoryUsage of job (MB)
	331380  -  ResidentSetSize of job (KB)
...
006 (2117004.028.000) 06/02 05:19:08 Image size of job updated: 1063104
	328  -  MemoryUsage of job (MB)
	334936  -  ResidentSetSize of job (KB)
...
006 (2117004.028.000) 06/02 05:24:08 Image size of job updated: 1063104
	328  -  MemoryUsage of job (MB)
	335236  -  ResidentSetSize of job (KB)
...
006 (2117004.028.000) 06/02 05:29:08 Image size of job updated: 1063104
	328  -  MemoryUsage of job (MB)
	335292  -  ResidentSetSize of job (KB)
...
006 (2117004.028.000) 06/02 05:34:09 Image size of job updated: 1063104
	328  -  MemoryUsage of job (MB)
	335320  -  ResidentSetSize of job (KB)
...
006 (2117004.028.000) 06/02 05:39:09 Image size of job updated: 1063104
	328  -  MemoryUsage of job (MB)
	335364  -  ResidentSetSize of job (KB)
...
006 (2117004.028.000) 06/02 05:44:09 Image size of job updated: 1063104
	328  -  MemoryUsage of job (MB)
	335756  -  ResidentSetSize of job (KB)
...
006 (2117004.028.000) 06/02 05:49:10 Image size of job updated: 1063104
	328  -  MemoryUsage of job (MB)
	335772  -  ResidentSetSize of job (KB)
...
006 (2117004.028.000) 06/02 05:54:11 Image size of job updated: 1063104
	328  -  MemoryUsage of job (MB)
	335784  -  ResidentSetSize of job (KB)
...
006 (2117004.028.000) 06/02 05:59:11 Image size of job updated: 1063104
	332  -  MemoryUsage of job (MB)
	339356  -  ResidentSetSize of job (KB)
...
006 (2117004.028.000) 06/02 06:04:12 Image size of job updated: 1063104
	332  -  MemoryUsage of job (MB)
	339528  -  ResidentSetSize of job (KB)
...
006 (2117004.028.000) 06/02 06:09:13 Image size of job updated: 1063104
	332  -  MemoryUsage of job (MB)
	339580  -  ResidentSetSize of job (KB)
...
006 (2117004.028.000) 06/02 06:14:13 Image size of job updated: 1063104
	332  -  MemoryUsage of job (MB)
	339600  -  ResidentSetSize of job (KB)
...
006 (2117004.028.000) 06/02 06:19:14 Image size of job updated: 1063104
	332  -  MemoryUsage of job (MB)
	339632  -  ResidentSetSize of job (KB)
...
006 (2117004.028.000) 06/02 06:24:15 Image size of job updated: 1063104
	332  -  MemoryUsage of job (MB)
	339916  -  ResidentSetSize of job (KB)
...
006 (2117004.028.000) 06/02 06:29:15 Image size of job updated: 1063104
	332  -  MemoryUsage of job (MB)
	339928  -  ResidentSetSize of job (KB)
...
006 (2117004.028.000) 06/02 06:34:15 Image size of job updated: 1063104
	338  -  MemoryUsage of job (MB)
	345308  -  ResidentSetSize of job (KB)
...
006 (2117004.028.000) 06/02 06:39:16 Image size of job updated: 1063104
	338  -  MemoryUsage of job (MB)
	345604  -  ResidentSetSize of job (KB)
...
006 (2117004.028.000) 06/02 06:44:16 Image size of job updated: 1063104
	338  -  MemoryUsage of job (MB)
	345660  -  ResidentSetSize of job (KB)
...
006 (2117004.028.000) 06/02 06:49:16 Image size of job updated: 1063104
	338  -  MemoryUsage of job (MB)
	345688  -  ResidentSetSize of job (KB)
...
006 (2117004.028.000) 06/02 06:54:17 Image size of job updated: 1063104
	338  -  MemoryUsage of job (MB)
	345724  -  ResidentSetSize of job (KB)
...
006 (2117004.028.000) 06/02 06:59:18 Image size of job updated: 1063104
	338  -  MemoryUsage of job (MB)
	346000  -  ResidentSetSize of job (KB)
...
006 (2117004.028.000) 06/02 07:04:18 Image size of job updated: 1063104
	338  -  MemoryUsage of job (MB)
	346016  -  ResidentSetSize of job (KB)
...
006 (2117004.028.000) 06/02 07:09:19 Image size of job updated: 1063104
	338  -  MemoryUsage of job (MB)
	346036  -  ResidentSetSize of job (KB)
...
006 (2117004.028.000) 06/02 07:14:20 Image size of job updated: 1063104
	342  -  MemoryUsage of job (MB)
	349656  -  ResidentSetSize of job (KB)
...
006 (2117004.028.000) 06/02 07:19:20 Image size of job updated: 1063104
	342  -  MemoryUsage of job (MB)
	349812  -  ResidentSetSize of job (KB)
...
006 (2117004.028.000) 06/02 07:24:21 Image size of job updated: 1063104
	342  -  MemoryUsage of job (MB)
	349828  -  ResidentSetSize of job (KB)
...
006 (2117004.028.000) 06/02 07:34:22 Image size of job updated: 1063104
	342  -  MemoryUsage of job (MB)
	349844  -  ResidentSetSize of job (KB)
...
006 (2117004.028.000) 06/02 07:39:22 Image size of job updated: 1063104
	342  -  MemoryUsage of job (MB)
	350200  -  ResidentSetSize of job (KB)
...
006 (2117004.028.000) 06/02 07:49:24 Image size of job updated: 1063104
	346  -  MemoryUsage of job (MB)
	353756  -  ResidentSetSize of job (KB)
...
006 (2117004.028.000) 06/02 07:54:24 Image size of job updated: 1063104
	346  -  MemoryUsage of job (MB)
	354032  -  ResidentSetSize of job (KB)
...
006 (2117004.028.000) 06/02 07:59:25 Image size of job updated: 1063104
	346  -  MemoryUsage of job (MB)
	354044  -  ResidentSetSize of job (KB)
...
006 (2117004.028.000) 06/02 09:49:36 Image size of job updated: 1063104
	346  -  MemoryUsage of job (MB)
	354124  -  ResidentSetSize of job (KB)
...
006 (2117004.028.000) 06/02 09:54:38 Image size of job updated: 1063104
	346  -  MemoryUsage of job (MB)
	354272  -  ResidentSetSize of job (KB)
...
006 (2117004.028.000) 06/02 09:59:38 Image size of job updated: 1063104
	346  -  MemoryUsage of job (MB)
	354304  -  ResidentSetSize of job (KB)
...
006 (2117004.028.000) 06/02 10:04:38 Image size of job updated: 1063104
	347  -  MemoryUsage of job (MB)
	354312  -  ResidentSetSize of job (KB)
...
006 (2117004.028.000) 06/02 10:09:39 Image size of job updated: 1063104
	347  -  MemoryUsage of job (MB)
	354340  -  ResidentSetSize of job (KB)
...
006 (2117004.028.000) 06/02 10:14:40 Image size of job updated: 1063104
	347  -  MemoryUsage of job (MB)
	354720  -  ResidentSetSize of job (KB)
...
006 (2117004.028.000) 06/02 10:19:40 Image size of job updated: 1063104
	347  -  MemoryUsage of job (MB)
	354748  -  ResidentSetSize of job (KB)
...
006 (2117004.028.000) 06/02 10:24:40 Image size of job updated: 1063104
	350  -  MemoryUsage of job (MB)
	358308  -  ResidentSetSize of job (KB)
...
006 (2117004.028.000) 06/02 10:29:41 Image size of job updated: 1063104
	351  -  MemoryUsage of job (MB)
	358596  -  ResidentSetSize of job (KB)
...
006 (2117004.028.000) 06/02 10:34:41 Image size of job updated: 1063104
	351  -  MemoryUsage of job (MB)
	358620  -  ResidentSetSize of job (KB)
...
006 (2117004.028.000) 06/02 10:44:42 Image size of job updated: 1063104
	351  -  MemoryUsage of job (MB)
	358636  -  ResidentSetSize of job (KB)
...
006 (2117004.028.000) 06/02 10:49:42 Image size of job updated: 1063104
	351  -  MemoryUsage of job (MB)
	358948  -  ResidentSetSize of job (KB)
...
006 (2117004.028.000) 06/02 10:54:42 Image size of job updated: 1063104
	351  -  MemoryUsage of job (MB)
	358956  -  ResidentSetSize of job (KB)
...
005 (2117004.028.000) 06/02 10:59:36 Job terminated.
	(1) Normal termination (return value 0)
		Usr 0 08:39:23, Sys 0 00:01:18  -  Run Remote Usage
		Usr 0 00:00:00, Sys 0 00:00:00  -  Run Local Usage
		Usr 0 08:39:23, Sys 0 00:01:18  -  Total Remote Usage
		Usr 0 00:00:00, Sys 0 00:00:00  -  Total Local Usage
	1975206  -  Run Bytes Sent By Job
	225  -  Run Bytes Received By Job
	1975206  -  Total Bytes Sent By Job
	225  -  Total Bytes Received By Job
	Partitionable Resources :    Usage  Request Allocated
	   Cpus                 :                 1         1
	   Disk (KB)            :     1940  2048000   2385094
	   Memory (MB)          :      351     2000      2000
...
