000 (2117004.003.000) 06/02 02:18:35 Job submitted from host: <172.30.1.200:9618?addrs=172.30.1.200-9618+[--1]-9618&noUDP&sock=203143_c79e_3>
...
001 (2117004.003.000) 06/02 02:18:42 Job executing on host: <172.30.1.207:9618?addrs=172.30.1.207-9618+[--1]-9618&noUDP&sock=6818_28cd_3>
...
006 (2117004.003.000) 06/02 02:18:51 Image size of job updated: 180240
	16  -  MemoryUsage of job (MB)
	15868  -  ResidentSetSize of job (KB)
...
006 (2117004.003.000) 06/02 02:23:52 Image size of job updated: 1062692
	423  -  MemoryUsage of job (MB)
	432564  -  ResidentSetSize of job (KB)
...
006 (2117004.003.000) 06/02 02:28:53 Image size of job updated: 1062692
	430  -  MemoryUsage of job (MB)
	439660  -  ResidentSetSize of job (KB)
...
006 (2117004.003.000) 06/02 02:53:54 Image size of job updated: 1062692
	430  -  MemoryUsage of job (MB)
	439672  -  ResidentSetSize of job (KB)
...
006 (2117004.003.000) 06/02 02:58:55 Image size of job updated: 1062692
	431  -  MemoryUsage of job (MB)
	440396  -  ResidentSetSize of job (KB)
...
006 (2117004.003.000) 06/02 03:03:56 Image size of job updated: 1062692
	431  -  MemoryUsage of job (MB)
	441048  -  ResidentSetSize of job (KB)
...
006 (2117004.003.000) 06/02 03:08:56 Image size of job updated: 1062692
	431  -  MemoryUsage of job (MB)
	441260  -  ResidentSetSize of job (KB)
...
006 (2117004.003.000) 06/02 03:13:57 Image size of job updated: 1062692
	435  -  MemoryUsage of job (MB)
	444900  -  ResidentSetSize of job (KB)
...
006 (2117004.003.000) 06/02 03:18:58 Image size of job updated: 1062692
	435  -  MemoryUsage of job (MB)
	444984  -  ResidentSetSize of job (KB)
...
006 (2117004.003.000) 06/02 03:23:58 Image size of job updated: 1062692
	436  -  MemoryUsage of job (MB)
	445656  -  ResidentSetSize of job (KB)
...
006 (2117004.003.000) 06/02 03:28:58 Image size of job updated: 1062692
	436  -  MemoryUsage of job (MB)
	445696  -  ResidentSetSize of job (KB)
...
005 (2117004.003.000) 06/02 08:54:19 Job terminated.
	(1) Normal termination (return value 0)
		Usr 0 06:35:10, Sys 0 00:00:14  -  Run Remote Usage
		Usr 0 00:00:00, Sys 0 00:00:00  -  Run Local Usage
		Usr 0 06:35:10, Sys 0 00:00:14  -  Total Remote Usage
		Usr 0 00:00:00, Sys 0 00:00:00  -  Total Local Usage
	1991583  -  Run Bytes Sent By Job
	225  -  Run Bytes Received By Job
	1991583  -  Total Bytes Sent By Job
	225  -  Total Bytes Received By Job
	Partitionable Resources :    Usage  Request Allocated
	   Cpus                 :                 1         1
	   Disk (KB)            :     1956  2048000   2391884
	   Memory (MB)          :      436     2000      2000
...
