000 (2117004.005.000) 06/02 02:18:35 Job submitted from host: <172.30.1.200:9618?addrs=172.30.1.200-9618+[--1]-9618&noUDP&sock=203143_c79e_3>
...
001 (2117004.005.000) 06/02 02:18:42 Job executing on host: <172.30.1.207:9618?addrs=172.30.1.207-9618+[--1]-9618&noUDP&sock=6818_28cd_3>
...
006 (2117004.005.000) 06/02 02:18:51 Image size of job updated: 180056
	15  -  MemoryUsage of job (MB)
	14444  -  ResidentSetSize of job (KB)
...
006 (2117004.005.000) 06/02 02:23:52 Image size of job updated: 1028116
	433  -  MemoryUsage of job (MB)
	442652  -  ResidentSetSize of job (KB)
...
006 (2117004.005.000) 06/02 02:38:53 Image size of job updated: 1028116
	433  -  MemoryUsage of job (MB)
	442680  -  ResidentSetSize of job (KB)
...
006 (2117004.005.000) 06/02 02:53:55 Image size of job updated: 1028116
	433  -  MemoryUsage of job (MB)
	442688  -  ResidentSetSize of job (KB)
...
006 (2117004.005.000) 06/02 02:58:56 Image size of job updated: 1028116
	439  -  MemoryUsage of job (MB)
	448932  -  ResidentSetSize of job (KB)
...
006 (2117004.005.000) 06/02 03:18:58 Image size of job updated: 1028116
	444  -  MemoryUsage of job (MB)
	454196  -  ResidentSetSize of job (KB)
...
006 (2117004.005.000) 06/02 03:23:58 Image size of job updated: 1028116
	444  -  MemoryUsage of job (MB)
	454200  -  ResidentSetSize of job (KB)
...
006 (2117004.005.000) 06/02 03:28:58 Image size of job updated: 1028116
	444  -  MemoryUsage of job (MB)
	454216  -  ResidentSetSize of job (KB)
...
005 (2117004.005.000) 06/02 08:58:07 Job terminated.
	(1) Normal termination (return value 0)
		Usr 0 06:38:16, Sys 0 00:00:53  -  Run Remote Usage
		Usr 0 00:00:00, Sys 0 00:00:00  -  Run Local Usage
		Usr 0 06:38:16, Sys 0 00:00:53  -  Total Remote Usage
		Usr 0 00:00:00, Sys 0 00:00:00  -  Total Local Usage
	1988788  -  Run Bytes Sent By Job
	225  -  Run Bytes Received By Job
	1988788  -  Total Bytes Sent By Job
	225  -  Total Bytes Received By Job
	Partitionable Resources :    Usage  Request Allocated
	   Cpus                 :                 1         1
	   Disk (KB)            :     1953  2048000   2391884
	   Memory (MB)          :      444     2000      2000
...
