000 (2117004.016.000) 06/02 02:18:35 Job submitted from host: <172.30.1.200:9618?addrs=172.30.1.200-9618+[--1]-9618&noUDP&sock=203143_c79e_3>
...
001 (2117004.016.000) 06/02 02:18:40 Job executing on host: <172.30.1.201:9618?addrs=172.30.1.201-9618+[--1]-9618&noUDP&sock=38984_5c24_3>
...
006 (2117004.016.000) 06/02 02:18:49 Image size of job updated: 143068
	8  -  MemoryUsage of job (MB)
	7800  -  ResidentSetSize of job (KB)
...
006 (2117004.016.000) 06/02 02:23:50 Image size of job updated: 1063040
	292  -  MemoryUsage of job (MB)
	298492  -  ResidentSetSize of job (KB)
...
006 (2117004.016.000) 06/02 02:28:51 Image size of job updated: 1063040
	299  -  MemoryUsage of job (MB)
	305372  -  ResidentSetSize of job (KB)
...
006 (2117004.016.000) 06/02 02:33:51 Image size of job updated: 1063040
	299  -  MemoryUsage of job (MB)
	305544  -  ResidentSetSize of job (KB)
...
006 (2117004.016.000) 06/02 02:43:52 Image size of job updated: 1063040
	299  -  MemoryUsage of job (MB)
	305548  -  ResidentSetSize of job (KB)
...
006 (2117004.016.000) 06/02 02:58:53 Image size of job updated: 1063040
	299  -  MemoryUsage of job (MB)
	306108  -  ResidentSetSize of job (KB)
...
006 (2117004.016.000) 06/02 03:08:53 Image size of job updated: 1063040
	300  -  MemoryUsage of job (MB)
	306224  -  ResidentSetSize of job (KB)
...
006 (2117004.016.000) 06/02 03:13:54 Image size of job updated: 1063040
	303  -  MemoryUsage of job (MB)
	309596  -  ResidentSetSize of job (KB)
...
006 (2117004.016.000) 06/02 03:18:55 Image size of job updated: 1063040
	303  -  MemoryUsage of job (MB)
	309924  -  ResidentSetSize of job (KB)
...
006 (2117004.016.000) 06/02 03:23:55 Image size of job updated: 1063040
	303  -  MemoryUsage of job (MB)
	309988  -  ResidentSetSize of job (KB)
...
006 (2117004.016.000) 06/02 03:28:56 Image size of job updated: 1063040
	303  -  MemoryUsage of job (MB)
	310004  -  ResidentSetSize of job (KB)
...
006 (2117004.016.000) 06/02 03:33:57 Image size of job updated: 1063040
	303  -  MemoryUsage of job (MB)
	310020  -  ResidentSetSize of job (KB)
...
006 (2117004.016.000) 06/02 03:38:57 Image size of job updated: 1063040
	307  -  MemoryUsage of job (MB)
	313412  -  ResidentSetSize of job (KB)
...
006 (2117004.016.000) 06/02 03:43:57 Image size of job updated: 1063040
	307  -  MemoryUsage of job (MB)
	313608  -  ResidentSetSize of job (KB)
...
006 (2117004.016.000) 06/02 03:53:58 Image size of job updated: 1063040
	307  -  MemoryUsage of job (MB)
	313800  -  ResidentSetSize of job (KB)
...
006 (2117004.016.000) 06/02 03:58:58 Image size of job updated: 1063040
	307  -  MemoryUsage of job (MB)
	313868  -  ResidentSetSize of job (KB)
...
006 (2117004.016.000) 06/02 04:13:59 Image size of job updated: 1063040
	307  -  MemoryUsage of job (MB)
	313880  -  ResidentSetSize of job (KB)
...
006 (2117004.016.000) 06/02 04:24:01 Image size of job updated: 1063040
	307  -  MemoryUsage of job (MB)
	313900  -  ResidentSetSize of job (KB)
...
006 (2117004.016.000) 06/02 04:34:02 Image size of job updated: 1063040
	321  -  MemoryUsage of job (MB)
	328700  -  ResidentSetSize of job (KB)
...
006 (2117004.016.000) 06/02 04:39:03 Image size of job updated: 1063040
	322  -  MemoryUsage of job (MB)
	328928  -  ResidentSetSize of job (KB)
...
006 (2117004.016.000) 06/02 04:44:03 Image size of job updated: 1063040
	322  -  MemoryUsage of job (MB)
	329156  -  ResidentSetSize of job (KB)
...
006 (2117004.016.000) 06/02 04:49:03 Image size of job updated: 1063040
	322  -  MemoryUsage of job (MB)
	329256  -  ResidentSetSize of job (KB)
...
006 (2117004.016.000) 06/02 04:54:04 Image size of job updated: 1063040
	322  -  MemoryUsage of job (MB)
	329284  -  ResidentSetSize of job (KB)
...
006 (2117004.016.000) 06/02 04:59:04 Image size of job updated: 1063040
	322  -  MemoryUsage of job (MB)
	329312  -  ResidentSetSize of job (KB)
...
006 (2117004.016.000) 06/02 05:04:04 Image size of job updated: 1063040
	322  -  MemoryUsage of job (MB)
	329368  -  ResidentSetSize of job (KB)
...
006 (2117004.016.000) 06/02 05:09:06 Image size of job updated: 1063040
	325  -  MemoryUsage of job (MB)
	332428  -  ResidentSetSize of job (KB)
...
006 (2117004.016.000) 06/02 05:14:06 Image size of job updated: 1063040
	326  -  MemoryUsage of job (MB)
	332860  -  ResidentSetSize of job (KB)
...
006 (2117004.016.000) 06/02 05:19:06 Image size of job updated: 1063040
	326  -  MemoryUsage of job (MB)
	332904  -  ResidentSetSize of job (KB)
...
006 (2117004.016.000) 06/02 05:24:07 Image size of job updated: 1063040
	326  -  MemoryUsage of job (MB)
	333192  -  ResidentSetSize of job (KB)
...
006 (2117004.016.000) 06/02 05:29:08 Image size of job updated: 1063040
	326  -  MemoryUsage of job (MB)
	333216  -  ResidentSetSize of job (KB)
...
006 (2117004.016.000) 06/02 05:34:08 Image size of job updated: 1063040
	326  -  MemoryUsage of job (MB)
	333248  -  ResidentSetSize of job (KB)
...
006 (2117004.016.000) 06/02 05:39:09 Image size of job updated: 1063040
	326  -  MemoryUsage of job (MB)
	333268  -  ResidentSetSize of job (KB)
...
006 (2117004.016.000) 06/02 05:49:10 Image size of job updated: 1063040
	330  -  MemoryUsage of job (MB)
	336964  -  ResidentSetSize of job (KB)
...
006 (2117004.016.000) 06/02 05:54:10 Image size of job updated: 1063040
	330  -  MemoryUsage of job (MB)
	336988  -  ResidentSetSize of job (KB)
...
006 (2117004.016.000) 06/02 05:59:11 Image size of job updated: 1063040
	330  -  MemoryUsage of job (MB)
	337288  -  ResidentSetSize of job (KB)
...
006 (2117004.016.000) 06/02 06:04:11 Image size of job updated: 1063040
	330  -  MemoryUsage of job (MB)
	337320  -  ResidentSetSize of job (KB)
...
006 (2117004.016.000) 06/02 06:09:11 Image size of job updated: 1063040
	330  -  MemoryUsage of job (MB)
	337352  -  ResidentSetSize of job (KB)
...
006 (2117004.016.000) 06/02 06:14:12 Image size of job updated: 1063040
	330  -  MemoryUsage of job (MB)
	337356  -  ResidentSetSize of job (KB)
...
006 (2117004.016.000) 06/02 06:24:13 Image size of job updated: 1063040
	335  -  MemoryUsage of job (MB)
	342488  -  ResidentSetSize of job (KB)
...
006 (2117004.016.000) 06/02 06:29:14 Image size of job updated: 1063040
	335  -  MemoryUsage of job (MB)
	342828  -  ResidentSetSize of job (KB)
...
006 (2117004.016.000) 06/02 06:34:15 Image size of job updated: 1063040
	335  -  MemoryUsage of job (MB)
	343012  -  ResidentSetSize of job (KB)
...
006 (2117004.016.000) 06/02 06:39:15 Image size of job updated: 1063040
	336  -  MemoryUsage of job (MB)
	343112  -  ResidentSetSize of job (KB)
...
006 (2117004.016.000) 06/02 06:44:16 Image size of job updated: 1063040
	336  -  MemoryUsage of job (MB)
	343136  -  ResidentSetSize of job (KB)
...
006 (2117004.016.000) 06/02 06:59:17 Image size of job updated: 1063040
	339  -  MemoryUsage of job (MB)
	346360  -  ResidentSetSize of job (KB)
...
006 (2117004.016.000) 06/02 07:04:18 Image size of job updated: 1063040
	339  -  MemoryUsage of job (MB)
	346564  -  ResidentSetSize of job (KB)
...
006 (2117004.016.000) 06/02 07:09:18 Image size of job updated: 1063040
	339  -  MemoryUsage of job (MB)
	346772  -  ResidentSetSize of job (KB)
...
006 (2117004.016.000) 06/02 07:14:18 Image size of job updated: 1063040
	339  -  MemoryUsage of job (MB)
	346840  -  ResidentSetSize of job (KB)
...
006 (2117004.016.000) 06/02 07:19:19 Image size of job updated: 1063040
	339  -  MemoryUsage of job (MB)
	346856  -  ResidentSetSize of job (KB)
...
006 (2117004.016.000) 06/02 07:29:20 Image size of job updated: 1063040
	339  -  MemoryUsage of job (MB)
	346872  -  ResidentSetSize of job (KB)
...
006 (2117004.016.000) 06/02 07:34:21 Image size of job updated: 1063040
	343  -  MemoryUsage of job (MB)
	350380  -  ResidentSetSize of job (KB)
...
006 (2117004.016.000) 06/02 07:39:22 Image size of job updated: 1063040
	343  -  MemoryUsage of job (MB)
	350580  -  ResidentSetSize of job (KB)
...
006 (2117004.016.000) 06/02 07:44:22 Image size of job updated: 1063040
	343  -  MemoryUsage of job (MB)
	350776  -  ResidentSetSize of job (KB)
...
006 (2117004.016.000) 06/02 07:49:23 Image size of job updated: 1063040
	343  -  MemoryUsage of job (MB)
	350848  -  ResidentSetSize of job (KB)
...
006 (2117004.016.000) 06/02 07:59:24 Image size of job updated: 1063040
	343  -  MemoryUsage of job (MB)
	350860  -  ResidentSetSize of job (KB)
...
006 (2117004.016.000) 06/02 09:59:37 Image size of job updated: 1063040
	345  -  MemoryUsage of job (MB)
	352812  -  ResidentSetSize of job (KB)
...
006 (2117004.016.000) 06/02 10:04:38 Image size of job updated: 1063040
	346  -  MemoryUsage of job (MB)
	353924  -  ResidentSetSize of job (KB)
...
006 (2117004.016.000) 06/02 10:09:38 Image size of job updated: 1063040
	346  -  MemoryUsage of job (MB)
	353948  -  ResidentSetSize of job (KB)
...
006 (2117004.016.000) 06/02 10:14:38 Image size of job updated: 1063040
	346  -  MemoryUsage of job (MB)
	354132  -  ResidentSetSize of job (KB)
...
006 (2117004.016.000) 06/02 10:19:39 Image size of job updated: 1063040
	346  -  MemoryUsage of job (MB)
	354140  -  ResidentSetSize of job (KB)
...
006 (2117004.016.000) 06/02 10:24:39 Image size of job updated: 1063040
	346  -  MemoryUsage of job (MB)
	354164  -  ResidentSetSize of job (KB)
...
006 (2117004.016.000) 06/02 10:29:39 Image size of job updated: 1063040
	346  -  MemoryUsage of job (MB)
	354192  -  ResidentSetSize of job (KB)
...
006 (2117004.016.000) 06/02 10:34:40 Image size of job updated: 1063040
	346  -  MemoryUsage of job (MB)
	354204  -  ResidentSetSize of job (KB)
...
005 (2117004.016.000) 06/02 10:35:48 Job terminated.
	(1) Normal termination (return value 0)
		Usr 0 08:16:43, Sys 0 00:00:09  -  Run Remote Usage
		Usr 0 00:00:00, Sys 0 00:00:00  -  Run Local Usage
		Usr 0 08:16:43, Sys 0 00:00:09  -  Total Remote Usage
		Usr 0 00:00:00, Sys 0 00:00:00  -  Total Local Usage
	1964156  -  Run Bytes Sent By Job
	225  -  Run Bytes Received By Job
	1964156  -  Total Bytes Sent By Job
	225  -  Total Bytes Received By Job
	Partitionable Resources :    Usage  Request Allocated
	   Cpus                 :                 1         1
	   Disk (KB)            :     1929  2048000   2385094
	   Memory (MB)          :      346     2000      2000
...
