000 (126796.000.000) 2022-03-30 13:39:57 Job submitted from host: <172.30.1.200:9618?addrs=172.30.1.200-9618&alias=tamsa2.snu.ac.kr&noUDP&sock=schedd_3154_f5cb>
...
000 (126796.001.000) 2022-03-30 13:39:57 Job submitted from host: <172.30.1.200:9618?addrs=172.30.1.200-9618&alias=tamsa2.snu.ac.kr&noUDP&sock=schedd_3154_f5cb>
...
000 (126796.002.000) 2022-03-30 13:39:57 Job submitted from host: <172.30.1.200:9618?addrs=172.30.1.200-9618&alias=tamsa2.snu.ac.kr&noUDP&sock=schedd_3154_f5cb>
...
000 (126796.003.000) 2022-03-30 13:39:57 Job submitted from host: <172.30.1.200:9618?addrs=172.30.1.200-9618&alias=tamsa2.snu.ac.kr&noUDP&sock=schedd_3154_f5cb>
...
000 (126796.004.000) 2022-03-30 13:39:57 Job submitted from host: <172.30.1.200:9618?addrs=172.30.1.200-9618&alias=tamsa2.snu.ac.kr&noUDP&sock=schedd_3154_f5cb>
...
000 (126796.005.000) 2022-03-30 13:39:57 Job submitted from host: <172.30.1.200:9618?addrs=172.30.1.200-9618&alias=tamsa2.snu.ac.kr&noUDP&sock=schedd_3154_f5cb>
...
000 (126796.006.000) 2022-03-30 13:39:57 Job submitted from host: <172.30.1.200:9618?addrs=172.30.1.200-9618&alias=tamsa2.snu.ac.kr&noUDP&sock=schedd_3154_f5cb>
...
000 (126796.007.000) 2022-03-30 13:39:57 Job submitted from host: <172.30.1.200:9618?addrs=172.30.1.200-9618&alias=tamsa2.snu.ac.kr&noUDP&sock=schedd_3154_f5cb>
...
000 (126796.008.000) 2022-03-30 13:39:57 Job submitted from host: <172.30.1.200:9618?addrs=172.30.1.200-9618&alias=tamsa2.snu.ac.kr&noUDP&sock=schedd_3154_f5cb>
...
000 (126796.009.000) 2022-03-30 13:39:57 Job submitted from host: <172.30.1.200:9618?addrs=172.30.1.200-9618&alias=tamsa2.snu.ac.kr&noUDP&sock=schedd_3154_f5cb>
...
000 (126796.010.000) 2022-03-30 13:39:57 Job submitted from host: <172.30.1.200:9618?addrs=172.30.1.200-9618&alias=tamsa2.snu.ac.kr&noUDP&sock=schedd_3154_f5cb>
...
000 (126796.011.000) 2022-03-30 13:39:57 Job submitted from host: <172.30.1.200:9618?addrs=172.30.1.200-9618&alias=tamsa2.snu.ac.kr&noUDP&sock=schedd_3154_f5cb>
...
000 (126796.012.000) 2022-03-30 13:39:57 Job submitted from host: <172.30.1.200:9618?addrs=172.30.1.200-9618&alias=tamsa2.snu.ac.kr&noUDP&sock=schedd_3154_f5cb>
...
000 (126796.013.000) 2022-03-30 13:39:57 Job submitted from host: <172.30.1.200:9618?addrs=172.30.1.200-9618&alias=tamsa2.snu.ac.kr&noUDP&sock=schedd_3154_f5cb>
...
000 (126796.014.000) 2022-03-30 13:39:57 Job submitted from host: <172.30.1.200:9618?addrs=172.30.1.200-9618&alias=tamsa2.snu.ac.kr&noUDP&sock=schedd_3154_f5cb>
...
000 (126796.015.000) 2022-03-30 13:39:57 Job submitted from host: <172.30.1.200:9618?addrs=172.30.1.200-9618&alias=tamsa2.snu.ac.kr&noUDP&sock=schedd_3154_f5cb>
...
000 (126796.016.000) 2022-03-30 13:39:57 Job submitted from host: <172.30.1.200:9618?addrs=172.30.1.200-9618&alias=tamsa2.snu.ac.kr&noUDP&sock=schedd_3154_f5cb>
...
000 (126796.017.000) 2022-03-30 13:39:57 Job submitted from host: <172.30.1.200:9618?addrs=172.30.1.200-9618&alias=tamsa2.snu.ac.kr&noUDP&sock=schedd_3154_f5cb>
...
000 (126796.018.000) 2022-03-30 13:39:57 Job submitted from host: <172.30.1.200:9618?addrs=172.30.1.200-9618&alias=tamsa2.snu.ac.kr&noUDP&sock=schedd_3154_f5cb>
...
000 (126796.019.000) 2022-03-30 13:39:57 Job submitted from host: <172.30.1.200:9618?addrs=172.30.1.200-9618&alias=tamsa2.snu.ac.kr&noUDP&sock=schedd_3154_f5cb>
...
001 (126796.000.000) 2022-03-30 13:41:00 Job executing on host: <172.30.1.202:9618?addrs=172.30.1.202-9618&alias=node2&noUDP&sock=startd_3636_9271>
...
001 (126796.001.000) 2022-03-30 13:41:00 Job executing on host: <172.30.1.202:9618?addrs=172.30.1.202-9618&alias=node2&noUDP&sock=startd_3636_9271>
...
001 (126796.002.000) 2022-03-30 13:41:00 Job executing on host: <172.30.1.202:9618?addrs=172.30.1.202-9618&alias=node2&noUDP&sock=startd_3636_9271>
...
001 (126796.003.000) 2022-03-30 13:41:00 Job executing on host: <172.30.1.202:9618?addrs=172.30.1.202-9618&alias=node2&noUDP&sock=startd_3636_9271>
...
001 (126796.004.000) 2022-03-30 13:41:00 Job executing on host: <172.30.1.202:9618?addrs=172.30.1.202-9618&alias=node2&noUDP&sock=startd_3636_9271>
...
001 (126796.005.000) 2022-03-30 13:41:00 Job executing on host: <172.30.1.202:9618?addrs=172.30.1.202-9618&alias=node2&noUDP&sock=startd_3636_9271>
...
001 (126796.006.000) 2022-03-30 13:41:00 Job executing on host: <172.30.1.202:9618?addrs=172.30.1.202-9618&alias=node2&noUDP&sock=startd_3636_9271>
...
001 (126796.007.000) 2022-03-30 13:41:00 Job executing on host: <172.30.1.202:9618?addrs=172.30.1.202-9618&alias=node2&noUDP&sock=startd_3636_9271>
...
001 (126796.008.000) 2022-03-30 13:41:00 Job executing on host: <172.30.1.202:9618?addrs=172.30.1.202-9618&alias=node2&noUDP&sock=startd_3636_9271>
...
001 (126796.009.000) 2022-03-30 13:41:00 Job executing on host: <172.30.1.202:9618?addrs=172.30.1.202-9618&alias=node2&noUDP&sock=startd_3636_9271>
...
001 (126796.010.000) 2022-03-30 13:41:01 Job executing on host: <172.30.1.202:9618?addrs=172.30.1.202-9618&alias=node2&noUDP&sock=startd_3636_9271>
...
001 (126796.011.000) 2022-03-30 13:41:01 Job executing on host: <172.30.1.202:9618?addrs=172.30.1.202-9618&alias=node2&noUDP&sock=startd_3636_9271>
...
001 (126796.012.000) 2022-03-30 13:41:01 Job executing on host: <172.30.1.202:9618?addrs=172.30.1.202-9618&alias=node2&noUDP&sock=startd_3636_9271>
...
001 (126796.013.000) 2022-03-30 13:41:01 Job executing on host: <172.30.1.202:9618?addrs=172.30.1.202-9618&alias=node2&noUDP&sock=startd_3636_9271>
...
001 (126796.014.000) 2022-03-30 13:41:01 Job executing on host: <172.30.1.202:9618?addrs=172.30.1.202-9618&alias=node2&noUDP&sock=startd_3636_9271>
...
001 (126796.015.000) 2022-03-30 13:41:01 Job executing on host: <172.30.1.202:9618?addrs=172.30.1.202-9618&alias=node2&noUDP&sock=startd_3636_9271>
...
001 (126796.016.000) 2022-03-30 13:41:01 Job executing on host: <172.30.1.202:9618?addrs=172.30.1.202-9618&alias=node2&noUDP&sock=startd_3636_9271>
...
001 (126796.017.000) 2022-03-30 13:41:01 Job executing on host: <172.30.1.202:9618?addrs=172.30.1.202-9618&alias=node2&noUDP&sock=startd_3636_9271>
...
001 (126796.018.000) 2022-03-30 13:41:01 Job executing on host: <172.30.1.202:9618?addrs=172.30.1.202-9618&alias=node2&noUDP&sock=startd_3636_9271>
...
001 (126796.019.000) 2022-03-30 13:41:01 Job executing on host: <172.30.1.202:9618?addrs=172.30.1.202-9618&alias=node2&noUDP&sock=startd_3636_9271>
...
006 (126796.000.000) 2022-03-30 13:41:08 Image size of job updated: 522116
	204  -  MemoryUsage of job (MB)
	207984  -  ResidentSetSize of job (KB)
...
006 (126796.009.000) 2022-03-30 13:41:09 Image size of job updated: 480736
	183  -  MemoryUsage of job (MB)
	187000  -  ResidentSetSize of job (KB)
...
006 (126796.010.000) 2022-03-30 13:41:09 Image size of job updated: 496452
	183  -  MemoryUsage of job (MB)
	186452  -  ResidentSetSize of job (KB)
...
006 (126796.011.000) 2022-03-30 13:41:09 Image size of job updated: 499368
	183  -  MemoryUsage of job (MB)
	186464  -  ResidentSetSize of job (KB)
...
006 (126796.012.000) 2022-03-30 13:41:09 Image size of job updated: 499524
	183  -  MemoryUsage of job (MB)
	186456  -  ResidentSetSize of job (KB)
...
006 (126796.013.000) 2022-03-30 13:41:09 Image size of job updated: 503608
	183  -  MemoryUsage of job (MB)
	186460  -  ResidentSetSize of job (KB)
...
006 (126796.014.000) 2022-03-30 13:41:09 Image size of job updated: 496452
	183  -  MemoryUsage of job (MB)
	186988  -  ResidentSetSize of job (KB)
...
006 (126796.001.000) 2022-03-30 13:41:09 Image size of job updated: 522108
	206  -  MemoryUsage of job (MB)
	210944  -  ResidentSetSize of job (KB)
...
006 (126796.002.000) 2022-03-30 13:41:09 Image size of job updated: 522040
	207  -  MemoryUsage of job (MB)
	211012  -  ResidentSetSize of job (KB)
...
006 (126796.003.000) 2022-03-30 13:41:09 Image size of job updated: 522124
	183  -  MemoryUsage of job (MB)
	187380  -  ResidentSetSize of job (KB)
...
006 (126796.004.000) 2022-03-30 13:41:09 Image size of job updated: 522116
	183  -  MemoryUsage of job (MB)
	186984  -  ResidentSetSize of job (KB)
...
006 (126796.005.000) 2022-03-30 13:41:09 Image size of job updated: 519228
	183  -  MemoryUsage of job (MB)
	186932  -  ResidentSetSize of job (KB)
...
006 (126796.006.000) 2022-03-30 13:41:09 Image size of job updated: 522120
	183  -  MemoryUsage of job (MB)
	186932  -  ResidentSetSize of job (KB)
...
006 (126796.007.000) 2022-03-30 13:41:09 Image size of job updated: 519228
	207  -  MemoryUsage of job (MB)
	210992  -  ResidentSetSize of job (KB)
...
006 (126796.008.000) 2022-03-30 13:41:09 Image size of job updated: 502424
	194  -  MemoryUsage of job (MB)
	198376  -  ResidentSetSize of job (KB)
...
006 (126796.015.000) 2022-03-30 13:41:10 Image size of job updated: 496452
	183  -  MemoryUsage of job (MB)
	186996  -  ResidentSetSize of job (KB)
...
006 (126796.016.000) 2022-03-30 13:41:10 Image size of job updated: 646248
	183  -  MemoryUsage of job (MB)
	187032  -  ResidentSetSize of job (KB)
...
006 (126796.017.000) 2022-03-30 13:41:10 Image size of job updated: 646248
	187  -  MemoryUsage of job (MB)
	190472  -  ResidentSetSize of job (KB)
...
006 (126796.018.000) 2022-03-30 13:41:10 Image size of job updated: 646248
	183  -  MemoryUsage of job (MB)
	186992  -  ResidentSetSize of job (KB)
...
006 (126796.019.000) 2022-03-30 13:41:10 Image size of job updated: 646252
	183  -  MemoryUsage of job (MB)
	186940  -  ResidentSetSize of job (KB)
...
006 (126796.014.000) 2022-03-30 13:41:11 Image size of job updated: 682788
	183  -  MemoryUsage of job (MB)
	186988  -  ResidentSetSize of job (KB)
...
005 (126796.014.000) 2022-03-30 13:41:11 Job terminated.
	(1) Normal termination (return value 0)
		Usr 0 00:00:06, Sys 0 00:00:01  -  Run Remote Usage
		Usr 0 00:00:00, Sys 0 00:00:00  -  Run Local Usage
		Usr 0 00:00:06, Sys 0 00:00:01  -  Total Remote Usage
		Usr 0 00:00:00, Sys 0 00:00:00  -  Total Local Usage
	0  -  Run Bytes Sent By Job
	0  -  Run Bytes Received By Job
	0  -  Total Bytes Sent By Job
	0  -  Total Bytes Received By Job
	Partitionable Resources :    Usage  Request Allocated 
	   Cpus                 :                 1         1 
	   Disk (KB)            :        1        1    129249 
	   Memory (MB)          :      183     3900      3968 

	Job terminated of its own accord at 2022-03-30T04:41:11Z.
...
006 (126796.012.000) 2022-03-30 13:41:11 Image size of job updated: 682792
	183  -  MemoryUsage of job (MB)
	186456  -  ResidentSetSize of job (KB)
...
005 (126796.012.000) 2022-03-30 13:41:11 Job terminated.
	(1) Normal termination (return value 0)
		Usr 0 00:00:06, Sys 0 00:00:01  -  Run Remote Usage
		Usr 0 00:00:00, Sys 0 00:00:00  -  Run Local Usage
		Usr 0 00:00:06, Sys 0 00:00:01  -  Total Remote Usage
		Usr 0 00:00:00, Sys 0 00:00:00  -  Total Local Usage
	0  -  Run Bytes Sent By Job
	0  -  Run Bytes Received By Job
	0  -  Total Bytes Sent By Job
	0  -  Total Bytes Received By Job
	Partitionable Resources :    Usage  Request Allocated 
	   Cpus                 :                 1         1 
	   Disk (KB)            :        1        1    129249 
	   Memory (MB)          :      183     3900      3968 

	Job terminated of its own accord at 2022-03-30T04:41:11Z.
...
006 (126796.011.000) 2022-03-30 13:41:11 Image size of job updated: 684176
	183  -  MemoryUsage of job (MB)
	186464  -  ResidentSetSize of job (KB)
...
006 (126796.017.000) 2022-03-30 13:41:11 Image size of job updated: 684932
	187  -  MemoryUsage of job (MB)
	190480  -  ResidentSetSize of job (KB)
...
005 (126796.011.000) 2022-03-30 13:41:11 Job terminated.
	(1) Normal termination (return value 0)
		Usr 0 00:00:06, Sys 0 00:00:01  -  Run Remote Usage
		Usr 0 00:00:00, Sys 0 00:00:00  -  Run Local Usage
		Usr 0 00:00:06, Sys 0 00:00:01  -  Total Remote Usage
		Usr 0 00:00:00, Sys 0 00:00:00  -  Total Local Usage
	0  -  Run Bytes Sent By Job
	0  -  Run Bytes Received By Job
	0  -  Total Bytes Sent By Job
	0  -  Total Bytes Received By Job
	Partitionable Resources :    Usage  Request Allocated 
	   Cpus                 :                 1         1 
	   Disk (KB)            :        1        1    129249 
	   Memory (MB)          :      183     3900      3968 

	Job terminated of its own accord at 2022-03-30T04:41:11Z.
...
005 (126796.017.000) 2022-03-30 13:41:11 Job terminated.
	(1) Normal termination (return value 0)
		Usr 0 00:00:06, Sys 0 00:00:01  -  Run Remote Usage
		Usr 0 00:00:00, Sys 0 00:00:00  -  Run Local Usage
		Usr 0 00:00:06, Sys 0 00:00:01  -  Total Remote Usage
		Usr 0 00:00:00, Sys 0 00:00:00  -  Total Local Usage
	0  -  Run Bytes Sent By Job
	0  -  Run Bytes Received By Job
	0  -  Total Bytes Sent By Job
	0  -  Total Bytes Received By Job
	Partitionable Resources :    Usage  Request Allocated 
	   Cpus                 :                 1         1 
	   Disk (KB)            :        1        1    129249 
	   Memory (MB)          :      187     3900      3968 

	Job terminated of its own accord at 2022-03-30T04:41:11Z.
...
006 (126796.016.000) 2022-03-30 13:41:12 Image size of job updated: 684948
	183  -  MemoryUsage of job (MB)
	187032  -  ResidentSetSize of job (KB)
...
005 (126796.016.000) 2022-03-30 13:41:12 Job terminated.
	(1) Normal termination (return value 0)
		Usr 0 00:00:07, Sys 0 00:00:01  -  Run Remote Usage
		Usr 0 00:00:00, Sys 0 00:00:00  -  Run Local Usage
		Usr 0 00:00:07, Sys 0 00:00:01  -  Total Remote Usage
		Usr 0 00:00:00, Sys 0 00:00:00  -  Total Local Usage
	0  -  Run Bytes Sent By Job
	0  -  Run Bytes Received By Job
	0  -  Total Bytes Sent By Job
	0  -  Total Bytes Received By Job
	Partitionable Resources :    Usage  Request Allocated 
	   Cpus                 :                 1         1 
	   Disk (KB)            :        1        1    129249 
	   Memory (MB)          :      183     3900      3968 

	Job terminated of its own accord at 2022-03-30T04:41:12Z.
...
006 (126796.015.000) 2022-03-30 13:41:12 Image size of job updated: 684168
	183  -  MemoryUsage of job (MB)
	186996  -  ResidentSetSize of job (KB)
...
005 (126796.015.000) 2022-03-30 13:41:12 Job terminated.
	(1) Normal termination (return value 0)
		Usr 0 00:00:07, Sys 0 00:00:01  -  Run Remote Usage
		Usr 0 00:00:00, Sys 0 00:00:00  -  Run Local Usage
		Usr 0 00:00:07, Sys 0 00:00:01  -  Total Remote Usage
		Usr 0 00:00:00, Sys 0 00:00:00  -  Total Local Usage
	0  -  Run Bytes Sent By Job
	0  -  Run Bytes Received By Job
	0  -  Total Bytes Sent By Job
	0  -  Total Bytes Received By Job
	Partitionable Resources :    Usage  Request Allocated 
	   Cpus                 :                 1         1 
	   Disk (KB)            :        1        1    129249 
	   Memory (MB)          :      183     3900      3968 

	Job terminated of its own accord at 2022-03-30T04:41:12Z.
...
006 (126796.002.000) 2022-03-30 13:41:12 Image size of job updated: 688644
	207  -  MemoryUsage of job (MB)
	211012  -  ResidentSetSize of job (KB)
...
005 (126796.002.000) 2022-03-30 13:41:12 Job terminated.
	(1) Normal termination (return value 0)
		Usr 0 00:00:07, Sys 0 00:00:01  -  Run Remote Usage
		Usr 0 00:00:00, Sys 0 00:00:00  -  Run Local Usage
		Usr 0 00:00:07, Sys 0 00:00:01  -  Total Remote Usage
		Usr 0 00:00:00, Sys 0 00:00:00  -  Total Local Usage
	0  -  Run Bytes Sent By Job
	0  -  Run Bytes Received By Job
	0  -  Total Bytes Sent By Job
	0  -  Total Bytes Received By Job
	Partitionable Resources :    Usage  Request Allocated 
	   Cpus                 :                 1         1 
	   Disk (KB)            :        1        1    129249 
	   Memory (MB)          :      207     3900      3968 

	Job terminated of its own accord at 2022-03-30T04:41:12Z.
...
006 (126796.008.000) 2022-03-30 13:41:13 Image size of job updated: 685020
	194  -  MemoryUsage of job (MB)
	198400  -  ResidentSetSize of job (KB)
...
006 (126796.013.000) 2022-03-30 13:41:13 Image size of job updated: 653444
	183  -  MemoryUsage of job (MB)
	186460  -  ResidentSetSize of job (KB)
...
005 (126796.008.000) 2022-03-30 13:41:13 Job terminated.
	(1) Normal termination (return value 0)
		Usr 0 00:00:08, Sys 0 00:00:01  -  Run Remote Usage
		Usr 0 00:00:00, Sys 0 00:00:00  -  Run Local Usage
		Usr 0 00:00:08, Sys 0 00:00:01  -  Total Remote Usage
		Usr 0 00:00:00, Sys 0 00:00:00  -  Total Local Usage
	0  -  Run Bytes Sent By Job
	0  -  Run Bytes Received By Job
	0  -  Total Bytes Sent By Job
	0  -  Total Bytes Received By Job
	Partitionable Resources :    Usage  Request Allocated 
	   Cpus                 :                 1         1 
	   Disk (KB)            :        1        1    129249 
	   Memory (MB)          :      194     3900      3968 

	Job terminated of its own accord at 2022-03-30T04:41:13Z.
...
005 (126796.013.000) 2022-03-30 13:41:13 Job terminated.
	(1) Normal termination (return value 0)
		Usr 0 00:00:08, Sys 0 00:00:01  -  Run Remote Usage
		Usr 0 00:00:00, Sys 0 00:00:00  -  Run Local Usage
		Usr 0 00:00:08, Sys 0 00:00:01  -  Total Remote Usage
		Usr 0 00:00:00, Sys 0 00:00:00  -  Total Local Usage
	0  -  Run Bytes Sent By Job
	0  -  Run Bytes Received By Job
	0  -  Total Bytes Sent By Job
	0  -  Total Bytes Received By Job
	Partitionable Resources :    Usage  Request Allocated 
	   Cpus                 :                 1         1 
	   Disk (KB)            :        1        1    129249 
	   Memory (MB)          :      183     3900      3968 

	Job terminated of its own accord at 2022-03-30T04:41:13Z.
...
006 (126796.018.000) 2022-03-30 13:41:13 Image size of job updated: 682912
	183  -  MemoryUsage of job (MB)
	186992  -  ResidentSetSize of job (KB)
...
005 (126796.018.000) 2022-03-30 13:41:13 Job terminated.
	(1) Normal termination (return value 0)
		Usr 0 00:00:08, Sys 0 00:00:01  -  Run Remote Usage
		Usr 0 00:00:00, Sys 0 00:00:00  -  Run Local Usage
		Usr 0 00:00:08, Sys 0 00:00:01  -  Total Remote Usage
		Usr 0 00:00:00, Sys 0 00:00:00  -  Total Local Usage
	0  -  Run Bytes Sent By Job
	0  -  Run Bytes Received By Job
	0  -  Total Bytes Sent By Job
	0  -  Total Bytes Received By Job
	Partitionable Resources :    Usage  Request Allocated 
	   Cpus                 :                 1         1 
	   Disk (KB)            :        1        1    129249 
	   Memory (MB)          :      183     3900      3968 

	Job terminated of its own accord at 2022-03-30T04:41:13Z.
...
006 (126796.001.000) 2022-03-30 13:41:14 Image size of job updated: 688608
	206  -  MemoryUsage of job (MB)
	210944  -  ResidentSetSize of job (KB)
...
005 (126796.001.000) 2022-03-30 13:41:14 Job terminated.
	(1) Normal termination (return value 0)
		Usr 0 00:00:09, Sys 0 00:00:01  -  Run Remote Usage
		Usr 0 00:00:00, Sys 0 00:00:00  -  Run Local Usage
		Usr 0 00:00:09, Sys 0 00:00:01  -  Total Remote Usage
		Usr 0 00:00:00, Sys 0 00:00:00  -  Total Local Usage
	0  -  Run Bytes Sent By Job
	0  -  Run Bytes Received By Job
	0  -  Total Bytes Sent By Job
	0  -  Total Bytes Received By Job
	Partitionable Resources :    Usage  Request Allocated 
	   Cpus                 :                 1         1 
	   Disk (KB)            :        1        1    129249 
	   Memory (MB)          :      206     3900      3968 

	Job terminated of its own accord at 2022-03-30T04:41:14Z.
...
006 (126796.009.000) 2022-03-30 13:41:14 Image size of job updated: 684992
	183  -  MemoryUsage of job (MB)
	187000  -  ResidentSetSize of job (KB)
...
005 (126796.009.000) 2022-03-30 13:41:14 Job terminated.
	(1) Normal termination (return value 0)
		Usr 0 00:00:09, Sys 0 00:00:01  -  Run Remote Usage
		Usr 0 00:00:00, Sys 0 00:00:00  -  Run Local Usage
		Usr 0 00:00:09, Sys 0 00:00:01  -  Total Remote Usage
		Usr 0 00:00:00, Sys 0 00:00:00  -  Total Local Usage
	0  -  Run Bytes Sent By Job
	0  -  Run Bytes Received By Job
	0  -  Total Bytes Sent By Job
	0  -  Total Bytes Received By Job
	Partitionable Resources :    Usage  Request Allocated 
	   Cpus                 :                 1         1 
	   Disk (KB)            :        1        1    129249 
	   Memory (MB)          :      183     3900      3968 

	Job terminated of its own accord at 2022-03-30T04:41:14Z.
...
006 (126796.000.000) 2022-03-30 13:41:14 Image size of job updated: 688604
	204  -  MemoryUsage of job (MB)
	208056  -  ResidentSetSize of job (KB)
...
005 (126796.000.000) 2022-03-30 13:41:14 Job terminated.
	(1) Normal termination (return value 0)
		Usr 0 00:00:09, Sys 0 00:00:02  -  Run Remote Usage
		Usr 0 00:00:00, Sys 0 00:00:00  -  Run Local Usage
		Usr 0 00:00:09, Sys 0 00:00:02  -  Total Remote Usage
		Usr 0 00:00:00, Sys 0 00:00:00  -  Total Local Usage
	0  -  Run Bytes Sent By Job
	0  -  Run Bytes Received By Job
	0  -  Total Bytes Sent By Job
	0  -  Total Bytes Received By Job
	Partitionable Resources :    Usage  Request Allocated 
	   Cpus                 :                 1         1 
	   Disk (KB)            :        1        1    129249 
	   Memory (MB)          :      204     3900      3968 

	Job terminated of its own accord at 2022-03-30T04:41:14Z.
...
006 (126796.019.000) 2022-03-30 13:41:14 Image size of job updated: 686800
	183  -  MemoryUsage of job (MB)
	186940  -  ResidentSetSize of job (KB)
...
005 (126796.019.000) 2022-03-30 13:41:14 Job terminated.
	(1) Normal termination (return value 0)
		Usr 0 00:00:09, Sys 0 00:00:01  -  Run Remote Usage
		Usr 0 00:00:00, Sys 0 00:00:00  -  Run Local Usage
		Usr 0 00:00:09, Sys 0 00:00:01  -  Total Remote Usage
		Usr 0 00:00:00, Sys 0 00:00:00  -  Total Local Usage
	0  -  Run Bytes Sent By Job
	0  -  Run Bytes Received By Job
	0  -  Total Bytes Sent By Job
	0  -  Total Bytes Received By Job
	Partitionable Resources :    Usage  Request Allocated 
	   Cpus                 :                 1         1 
	   Disk (KB)            :        1        1    129249 
	   Memory (MB)          :      183     3900      3968 

	Job terminated of its own accord at 2022-03-30T04:41:14Z.
...
006 (126796.010.000) 2022-03-30 13:41:14 Image size of job updated: 684968
	183  -  MemoryUsage of job (MB)
	186452  -  ResidentSetSize of job (KB)
...
005 (126796.010.000) 2022-03-30 13:41:15 Job terminated.
	(1) Normal termination (return value 0)
		Usr 0 00:00:10, Sys 0 00:00:01  -  Run Remote Usage
		Usr 0 00:00:00, Sys 0 00:00:00  -  Run Local Usage
		Usr 0 00:00:10, Sys 0 00:00:01  -  Total Remote Usage
		Usr 0 00:00:00, Sys 0 00:00:00  -  Total Local Usage
	0  -  Run Bytes Sent By Job
	0  -  Run Bytes Received By Job
	0  -  Total Bytes Sent By Job
	0  -  Total Bytes Received By Job
	Partitionable Resources :    Usage  Request Allocated 
	   Cpus                 :                 1         1 
	   Disk (KB)            :        1        1    129249 
	   Memory (MB)          :      183     3900      3968 

	Job terminated of its own accord at 2022-03-30T04:41:14Z.
...
006 (126796.007.000) 2022-03-30 13:41:15 Image size of job updated: 685024
	207  -  MemoryUsage of job (MB)
	210992  -  ResidentSetSize of job (KB)
...
005 (126796.007.000) 2022-03-30 13:41:15 Job terminated.
	(1) Normal termination (return value 0)
		Usr 0 00:00:11, Sys 0 00:00:01  -  Run Remote Usage
		Usr 0 00:00:00, Sys 0 00:00:00  -  Run Local Usage
		Usr 0 00:00:11, Sys 0 00:00:01  -  Total Remote Usage
		Usr 0 00:00:00, Sys 0 00:00:00  -  Total Local Usage
	0  -  Run Bytes Sent By Job
	0  -  Run Bytes Received By Job
	0  -  Total Bytes Sent By Job
	0  -  Total Bytes Received By Job
	Partitionable Resources :    Usage  Request Allocated 
	   Cpus                 :                 1         1 
	   Disk (KB)            :        1        1    129249 
	   Memory (MB)          :      207     3900      3968 

	Job terminated of its own accord at 2022-03-30T04:41:15Z.
...
006 (126796.003.000) 2022-03-30 13:41:15 Image size of job updated: 690056
	183  -  MemoryUsage of job (MB)
	187380  -  ResidentSetSize of job (KB)
...
005 (126796.003.000) 2022-03-30 13:41:15 Job terminated.
	(1) Normal termination (return value 0)
		Usr 0 00:00:11, Sys 0 00:00:01  -  Run Remote Usage
		Usr 0 00:00:00, Sys 0 00:00:00  -  Run Local Usage
		Usr 0 00:00:11, Sys 0 00:00:01  -  Total Remote Usage
		Usr 0 00:00:00, Sys 0 00:00:00  -  Total Local Usage
	0  -  Run Bytes Sent By Job
	0  -  Run Bytes Received By Job
	0  -  Total Bytes Sent By Job
	0  -  Total Bytes Received By Job
	Partitionable Resources :    Usage  Request Allocated 
	   Cpus                 :                 1         1 
	   Disk (KB)            :        1        1    129249 
	   Memory (MB)          :      183     3900      3968 

	Job terminated of its own accord at 2022-03-30T04:41:15Z.
...
006 (126796.006.000) 2022-03-30 13:41:16 Image size of job updated: 686796
	183  -  MemoryUsage of job (MB)
	186932  -  ResidentSetSize of job (KB)
...
005 (126796.006.000) 2022-03-30 13:41:16 Job terminated.
	(1) Normal termination (return value 0)
		Usr 0 00:00:11, Sys 0 00:00:01  -  Run Remote Usage
		Usr 0 00:00:00, Sys 0 00:00:00  -  Run Local Usage
		Usr 0 00:00:11, Sys 0 00:00:01  -  Total Remote Usage
		Usr 0 00:00:00, Sys 0 00:00:00  -  Total Local Usage
	0  -  Run Bytes Sent By Job
	0  -  Run Bytes Received By Job
	0  -  Total Bytes Sent By Job
	0  -  Total Bytes Received By Job
	Partitionable Resources :    Usage  Request Allocated 
	   Cpus                 :                 1         1 
	   Disk (KB)            :        1        1    129249 
	   Memory (MB)          :      183     3900      3968 

	Job terminated of its own accord at 2022-03-30T04:41:15Z.
...
006 (126796.005.000) 2022-03-30 13:41:16 Image size of job updated: 688636
	183  -  MemoryUsage of job (MB)
	186932  -  ResidentSetSize of job (KB)
...
005 (126796.005.000) 2022-03-30 13:41:16 Job terminated.
	(1) Normal termination (return value 0)
		Usr 0 00:00:11, Sys 0 00:00:02  -  Run Remote Usage
		Usr 0 00:00:00, Sys 0 00:00:00  -  Run Local Usage
		Usr 0 00:00:11, Sys 0 00:00:02  -  Total Remote Usage
		Usr 0 00:00:00, Sys 0 00:00:00  -  Total Local Usage
	0  -  Run Bytes Sent By Job
	0  -  Run Bytes Received By Job
	0  -  Total Bytes Sent By Job
	0  -  Total Bytes Received By Job
	Partitionable Resources :    Usage  Request Allocated 
	   Cpus                 :                 1         1 
	   Disk (KB)            :        1        1    129249 
	   Memory (MB)          :      183     3900      3968 

	Job terminated of its own accord at 2022-03-30T04:41:16Z.
...
006 (126796.004.000) 2022-03-30 13:41:18 Image size of job updated: 689880
	183  -  MemoryUsage of job (MB)
	186984  -  ResidentSetSize of job (KB)
...
005 (126796.004.000) 2022-03-30 13:41:18 Job terminated.
	(1) Normal termination (return value 0)
		Usr 0 00:00:14, Sys 0 00:00:01  -  Run Remote Usage
		Usr 0 00:00:00, Sys 0 00:00:00  -  Run Local Usage
		Usr 0 00:00:14, Sys 0 00:00:01  -  Total Remote Usage
		Usr 0 00:00:00, Sys 0 00:00:00  -  Total Local Usage
	0  -  Run Bytes Sent By Job
	0  -  Run Bytes Received By Job
	0  -  Total Bytes Sent By Job
	0  -  Total Bytes Received By Job
	Partitionable Resources :    Usage  Request Allocated 
	   Cpus                 :                 1         1 
	   Disk (KB)            :        1        1    129249 
	   Memory (MB)          :      183     3900      3968 

	Job terminated of its own accord at 2022-03-30T04:41:18Z.
...
