000 (126412.000.000) 2022-03-28 20:27:34 Job submitted from host: <172.30.1.200:9618?addrs=172.30.1.200-9618&alias=tamsa2.snu.ac.kr&noUDP&sock=schedd_3154_f5cb>
...
000 (126412.001.000) 2022-03-28 20:27:34 Job submitted from host: <172.30.1.200:9618?addrs=172.30.1.200-9618&alias=tamsa2.snu.ac.kr&noUDP&sock=schedd_3154_f5cb>
...
000 (126412.002.000) 2022-03-28 20:27:34 Job submitted from host: <172.30.1.200:9618?addrs=172.30.1.200-9618&alias=tamsa2.snu.ac.kr&noUDP&sock=schedd_3154_f5cb>
...
000 (126412.003.000) 2022-03-28 20:27:34 Job submitted from host: <172.30.1.200:9618?addrs=172.30.1.200-9618&alias=tamsa2.snu.ac.kr&noUDP&sock=schedd_3154_f5cb>
...
000 (126412.004.000) 2022-03-28 20:27:34 Job submitted from host: <172.30.1.200:9618?addrs=172.30.1.200-9618&alias=tamsa2.snu.ac.kr&noUDP&sock=schedd_3154_f5cb>
...
000 (126412.005.000) 2022-03-28 20:27:34 Job submitted from host: <172.30.1.200:9618?addrs=172.30.1.200-9618&alias=tamsa2.snu.ac.kr&noUDP&sock=schedd_3154_f5cb>
...
000 (126412.006.000) 2022-03-28 20:27:34 Job submitted from host: <172.30.1.200:9618?addrs=172.30.1.200-9618&alias=tamsa2.snu.ac.kr&noUDP&sock=schedd_3154_f5cb>
...
000 (126412.007.000) 2022-03-28 20:27:34 Job submitted from host: <172.30.1.200:9618?addrs=172.30.1.200-9618&alias=tamsa2.snu.ac.kr&noUDP&sock=schedd_3154_f5cb>
...
000 (126412.008.000) 2022-03-28 20:27:34 Job submitted from host: <172.30.1.200:9618?addrs=172.30.1.200-9618&alias=tamsa2.snu.ac.kr&noUDP&sock=schedd_3154_f5cb>
...
000 (126412.009.000) 2022-03-28 20:27:34 Job submitted from host: <172.30.1.200:9618?addrs=172.30.1.200-9618&alias=tamsa2.snu.ac.kr&noUDP&sock=schedd_3154_f5cb>
...
000 (126412.010.000) 2022-03-28 20:27:34 Job submitted from host: <172.30.1.200:9618?addrs=172.30.1.200-9618&alias=tamsa2.snu.ac.kr&noUDP&sock=schedd_3154_f5cb>
...
000 (126412.011.000) 2022-03-28 20:27:34 Job submitted from host: <172.30.1.200:9618?addrs=172.30.1.200-9618&alias=tamsa2.snu.ac.kr&noUDP&sock=schedd_3154_f5cb>
...
000 (126412.012.000) 2022-03-28 20:27:34 Job submitted from host: <172.30.1.200:9618?addrs=172.30.1.200-9618&alias=tamsa2.snu.ac.kr&noUDP&sock=schedd_3154_f5cb>
...
000 (126412.013.000) 2022-03-28 20:27:34 Job submitted from host: <172.30.1.200:9618?addrs=172.30.1.200-9618&alias=tamsa2.snu.ac.kr&noUDP&sock=schedd_3154_f5cb>
...
000 (126412.014.000) 2022-03-28 20:27:34 Job submitted from host: <172.30.1.200:9618?addrs=172.30.1.200-9618&alias=tamsa2.snu.ac.kr&noUDP&sock=schedd_3154_f5cb>
...
000 (126412.015.000) 2022-03-28 20:27:34 Job submitted from host: <172.30.1.200:9618?addrs=172.30.1.200-9618&alias=tamsa2.snu.ac.kr&noUDP&sock=schedd_3154_f5cb>
...
000 (126412.016.000) 2022-03-28 20:27:34 Job submitted from host: <172.30.1.200:9618?addrs=172.30.1.200-9618&alias=tamsa2.snu.ac.kr&noUDP&sock=schedd_3154_f5cb>
...
000 (126412.017.000) 2022-03-28 20:27:34 Job submitted from host: <172.30.1.200:9618?addrs=172.30.1.200-9618&alias=tamsa2.snu.ac.kr&noUDP&sock=schedd_3154_f5cb>
...
000 (126412.018.000) 2022-03-28 20:27:34 Job submitted from host: <172.30.1.200:9618?addrs=172.30.1.200-9618&alias=tamsa2.snu.ac.kr&noUDP&sock=schedd_3154_f5cb>
...
000 (126412.019.000) 2022-03-28 20:27:34 Job submitted from host: <172.30.1.200:9618?addrs=172.30.1.200-9618&alias=tamsa2.snu.ac.kr&noUDP&sock=schedd_3154_f5cb>
...
001 (126412.008.000) 2022-03-28 20:28:08 Job executing on host: <172.30.1.205:9618?addrs=172.30.1.205-9618&alias=node5&noUDP&sock=startd_3654_eb26>
...
001 (126412.014.000) 2022-03-28 20:28:08 Job executing on host: <172.30.1.206:9618?addrs=172.30.1.206-9618&alias=node6&noUDP&sock=startd_38667_ec9e>
...
001 (126412.000.000) 2022-03-28 20:28:08 Job executing on host: <172.30.1.201:9618?addrs=172.30.1.201-9618&alias=node1&noUDP&sock=startd_3603_efd1>
...
001 (126412.001.000) 2022-03-28 20:28:08 Job executing on host: <172.30.1.201:9618?addrs=172.30.1.201-9618&alias=node1&noUDP&sock=startd_3603_efd1>
...
001 (126412.002.000) 2022-03-28 20:28:09 Job executing on host: <172.30.1.201:9618?addrs=172.30.1.201-9618&alias=node1&noUDP&sock=startd_3603_efd1>
...
001 (126412.009.000) 2022-03-28 20:28:09 Job executing on host: <172.30.1.205:9618?addrs=172.30.1.205-9618&alias=node5&noUDP&sock=startd_3654_eb26>
...
001 (126412.003.000) 2022-03-28 20:28:09 Job executing on host: <172.30.1.201:9618?addrs=172.30.1.201-9618&alias=node1&noUDP&sock=startd_3603_efd1>
...
001 (126412.010.000) 2022-03-28 20:28:09 Job executing on host: <172.30.1.205:9618?addrs=172.30.1.205-9618&alias=node5&noUDP&sock=startd_3654_eb26>
...
001 (126412.004.000) 2022-03-28 20:28:09 Job executing on host: <172.30.1.201:9618?addrs=172.30.1.201-9618&alias=node1&noUDP&sock=startd_3603_efd1>
...
001 (126412.015.000) 2022-03-28 20:28:09 Job executing on host: <172.30.1.206:9618?addrs=172.30.1.206-9618&alias=node6&noUDP&sock=startd_38667_ec9e>
...
001 (126412.011.000) 2022-03-28 20:28:09 Job executing on host: <172.30.1.205:9618?addrs=172.30.1.205-9618&alias=node5&noUDP&sock=startd_3654_eb26>
...
001 (126412.016.000) 2022-03-28 20:28:09 Job executing on host: <172.30.1.206:9618?addrs=172.30.1.206-9618&alias=node6&noUDP&sock=startd_38667_ec9e>
...
001 (126412.005.000) 2022-03-28 20:28:09 Job executing on host: <172.30.1.201:9618?addrs=172.30.1.201-9618&alias=node1&noUDP&sock=startd_3603_efd1>
...
001 (126412.017.000) 2022-03-28 20:28:09 Job executing on host: <172.30.1.206:9618?addrs=172.30.1.206-9618&alias=node6&noUDP&sock=startd_38667_ec9e>
...
001 (126412.012.000) 2022-03-28 20:28:09 Job executing on host: <172.30.1.205:9618?addrs=172.30.1.205-9618&alias=node5&noUDP&sock=startd_3654_eb26>
...
001 (126412.006.000) 2022-03-28 20:28:09 Job executing on host: <172.30.1.201:9618?addrs=172.30.1.201-9618&alias=node1&noUDP&sock=startd_3603_efd1>
...
001 (126412.018.000) 2022-03-28 20:28:09 Job executing on host: <172.30.1.206:9618?addrs=172.30.1.206-9618&alias=node6&noUDP&sock=startd_38667_ec9e>
...
001 (126412.013.000) 2022-03-28 20:28:09 Job executing on host: <172.30.1.205:9618?addrs=172.30.1.205-9618&alias=node5&noUDP&sock=startd_3654_eb26>
...
001 (126412.007.000) 2022-03-28 20:28:09 Job executing on host: <172.30.1.201:9618?addrs=172.30.1.201-9618&alias=node1&noUDP&sock=startd_3603_efd1>
...
001 (126412.019.000) 2022-03-28 20:28:09 Job executing on host: <172.30.1.206:9618?addrs=172.30.1.206-9618&alias=node6&noUDP&sock=startd_38667_ec9e>
...
006 (126412.001.000) 2022-03-28 20:28:17 Image size of job updated: 647752
	185  -  MemoryUsage of job (MB)
	188704  -  ResidentSetSize of job (KB)
...
006 (126412.002.000) 2022-03-28 20:28:17 Image size of job updated: 647752
	185  -  MemoryUsage of job (MB)
	188588  -  ResidentSetSize of job (KB)
...
006 (126412.009.000) 2022-03-28 20:28:17 Image size of job updated: 647756
	185  -  MemoryUsage of job (MB)
	188724  -  ResidentSetSize of job (KB)
...
006 (126412.015.000) 2022-03-28 20:28:17 Image size of job updated: 647760
	185  -  MemoryUsage of job (MB)
	189028  -  ResidentSetSize of job (KB)
...
006 (126412.010.000) 2022-03-28 20:28:17 Image size of job updated: 691396
	208  -  MemoryUsage of job (MB)
	212612  -  ResidentSetSize of job (KB)
...
006 (126412.003.000) 2022-03-28 20:28:17 Image size of job updated: 691640
	208  -  MemoryUsage of job (MB)
	212648  -  ResidentSetSize of job (KB)
...
006 (126412.004.000) 2022-03-28 20:28:17 Image size of job updated: 691392
	208  -  MemoryUsage of job (MB)
	212592  -  ResidentSetSize of job (KB)
...
006 (126412.016.000) 2022-03-28 20:28:17 Image size of job updated: 691556
	208  -  MemoryUsage of job (MB)
	212756  -  ResidentSetSize of job (KB)
...
006 (126412.011.000) 2022-03-28 20:28:17 Image size of job updated: 691424
	208  -  MemoryUsage of job (MB)
	212636  -  ResidentSetSize of job (KB)
...
006 (126412.005.000) 2022-03-28 20:28:17 Image size of job updated: 691392
	208  -  MemoryUsage of job (MB)
	212596  -  ResidentSetSize of job (KB)
...
006 (126412.017.000) 2022-03-28 20:28:17 Image size of job updated: 647764
	195  -  MemoryUsage of job (MB)
	199184  -  ResidentSetSize of job (KB)
...
006 (126412.012.000) 2022-03-28 20:28:17 Image size of job updated: 659784
	194  -  MemoryUsage of job (MB)
	198416  -  ResidentSetSize of job (KB)
...
006 (126412.006.000) 2022-03-28 20:28:17 Image size of job updated: 691392
	208  -  MemoryUsage of job (MB)
	212600  -  ResidentSetSize of job (KB)
...
006 (126412.018.000) 2022-03-28 20:28:17 Image size of job updated: 691164
	210  -  MemoryUsage of job (MB)
	214276  -  ResidentSetSize of job (KB)
...
006 (126412.013.000) 2022-03-28 20:28:17 Image size of job updated: 647752
	185  -  MemoryUsage of job (MB)
	188768  -  ResidentSetSize of job (KB)
...
006 (126412.007.000) 2022-03-28 20:28:17 Image size of job updated: 647748
	185  -  MemoryUsage of job (MB)
	188696  -  ResidentSetSize of job (KB)
...
006 (126412.014.000) 2022-03-28 20:28:17 Image size of job updated: 691400
	210  -  MemoryUsage of job (MB)
	214268  -  ResidentSetSize of job (KB)
...
006 (126412.008.000) 2022-03-28 20:28:17 Image size of job updated: 688460
	208  -  MemoryUsage of job (MB)
	212800  -  ResidentSetSize of job (KB)
...
006 (126412.000.000) 2022-03-28 20:28:17 Image size of job updated: 647748
	194  -  MemoryUsage of job (MB)
	197964  -  ResidentSetSize of job (KB)
...
006 (126412.019.000) 2022-03-28 20:28:18 Image size of job updated: 691424
	208  -  MemoryUsage of job (MB)
	212636  -  ResidentSetSize of job (KB)
...
006 (126412.010.000) 2022-03-28 20:28:22 Image size of job updated: 691476
	208  -  MemoryUsage of job (MB)
	212612  -  ResidentSetSize of job (KB)
...
005 (126412.010.000) 2022-03-28 20:28:22 Job terminated.
	(1) Normal termination (return value 0)
		Usr 0 00:00:10, Sys 0 00:00:01  -  Run Remote Usage
		Usr 0 00:00:00, Sys 0 00:00:00  -  Run Local Usage
		Usr 0 00:00:10, Sys 0 00:00:01  -  Total Remote Usage
		Usr 0 00:00:00, Sys 0 00:00:00  -  Total Local Usage
	0  -  Run Bytes Sent By Job
	0  -  Run Bytes Received By Job
	0  -  Total Bytes Sent By Job
	0  -  Total Bytes Received By Job
	Partitionable Resources :    Usage  Request Allocated 
	   Cpus                 :                 1         1 
	   Disk (KB)            :        1        1    129249 
	   Memory (MB)          :      208     3900      3968 

	Job terminated of its own accord at 2022-03-28T11:28:22Z.
...
006 (126412.018.000) 2022-03-28 20:28:23 Image size of job updated: 691228
	210  -  MemoryUsage of job (MB)
	214276  -  ResidentSetSize of job (KB)
...
005 (126412.018.000) 2022-03-28 20:28:23 Job terminated.
	(1) Normal termination (return value 0)
		Usr 0 00:00:12, Sys 0 00:00:01  -  Run Remote Usage
		Usr 0 00:00:00, Sys 0 00:00:00  -  Run Local Usage
		Usr 0 00:00:12, Sys 0 00:00:01  -  Total Remote Usage
		Usr 0 00:00:00, Sys 0 00:00:00  -  Total Local Usage
	0  -  Run Bytes Sent By Job
	0  -  Run Bytes Received By Job
	0  -  Total Bytes Sent By Job
	0  -  Total Bytes Received By Job
	Partitionable Resources :    Usage  Request Allocated 
	   Cpus                 :                 1         1 
	   Disk (KB)            :        1        1     89980 
	   Memory (MB)          :      210     3900      3968 

	Job terminated of its own accord at 2022-03-28T11:28:23Z.
...
006 (126412.006.000) 2022-03-28 20:28:24 Image size of job updated: 691456
	208  -  MemoryUsage of job (MB)
	212600  -  ResidentSetSize of job (KB)
...
005 (126412.006.000) 2022-03-28 20:28:24 Job terminated.
	(1) Normal termination (return value 0)
		Usr 0 00:00:11, Sys 0 00:00:01  -  Run Remote Usage
		Usr 0 00:00:00, Sys 0 00:00:00  -  Run Local Usage
		Usr 0 00:00:11, Sys 0 00:00:01  -  Total Remote Usage
		Usr 0 00:00:00, Sys 0 00:00:00  -  Total Local Usage
	0  -  Run Bytes Sent By Job
	0  -  Run Bytes Received By Job
	0  -  Total Bytes Sent By Job
	0  -  Total Bytes Received By Job
	Partitionable Resources :    Usage  Request Allocated 
	   Cpus                 :                 1         1 
	   Disk (KB)            :        1        1    121641 
	   Memory (MB)          :      208     3900      3968 

	Job terminated of its own accord at 2022-03-28T11:28:24Z.
...
006 (126412.009.000) 2022-03-28 20:28:24 Image size of job updated: 691736
	185  -  MemoryUsage of job (MB)
	188724  -  ResidentSetSize of job (KB)
...
006 (126412.019.000) 2022-03-28 20:28:24 Image size of job updated: 691488
	208  -  MemoryUsage of job (MB)
	212636  -  ResidentSetSize of job (KB)
...
005 (126412.019.000) 2022-03-28 20:28:24 Job terminated.
	(1) Normal termination (return value 0)
		Usr 0 00:00:12, Sys 0 00:00:01  -  Run Remote Usage
		Usr 0 00:00:00, Sys 0 00:00:00  -  Run Local Usage
		Usr 0 00:00:12, Sys 0 00:00:01  -  Total Remote Usage
		Usr 0 00:00:00, Sys 0 00:00:00  -  Total Local Usage
	0  -  Run Bytes Sent By Job
	0  -  Run Bytes Received By Job
	0  -  Total Bytes Sent By Job
	0  -  Total Bytes Received By Job
	Partitionable Resources :    Usage  Request Allocated 
	   Cpus                 :                 1         1 
	   Disk (KB)            :        1        1     89980 
	   Memory (MB)          :      208     3900      3968 

	Job terminated of its own accord at 2022-03-28T11:28:24Z.
...
005 (126412.009.000) 2022-03-28 20:28:24 Job terminated.
	(1) Normal termination (return value 0)
		Usr 0 00:00:12, Sys 0 00:00:01  -  Run Remote Usage
		Usr 0 00:00:00, Sys 0 00:00:00  -  Run Local Usage
		Usr 0 00:00:12, Sys 0 00:00:01  -  Total Remote Usage
		Usr 0 00:00:00, Sys 0 00:00:00  -  Total Local Usage
	0  -  Run Bytes Sent By Job
	0  -  Run Bytes Received By Job
	0  -  Total Bytes Sent By Job
	0  -  Total Bytes Received By Job
	Partitionable Resources :    Usage  Request Allocated 
	   Cpus                 :                 1         1 
	   Disk (KB)            :        1        1    129249 
	   Memory (MB)          :      185     3900      3968 

	Job terminated of its own accord at 2022-03-28T11:28:24Z.
...
006 (126412.015.000) 2022-03-28 20:28:24 Image size of job updated: 691424
	185  -  MemoryUsage of job (MB)
	189028  -  ResidentSetSize of job (KB)
...
005 (126412.015.000) 2022-03-28 20:28:24 Job terminated.
	(1) Normal termination (return value 0)
		Usr 0 00:00:13, Sys 0 00:00:01  -  Run Remote Usage
		Usr 0 00:00:00, Sys 0 00:00:00  -  Run Local Usage
		Usr 0 00:00:13, Sys 0 00:00:01  -  Total Remote Usage
		Usr 0 00:00:00, Sys 0 00:00:00  -  Total Local Usage
	0  -  Run Bytes Sent By Job
	0  -  Run Bytes Received By Job
	0  -  Total Bytes Sent By Job
	0  -  Total Bytes Received By Job
	Partitionable Resources :    Usage  Request Allocated 
	   Cpus                 :                 1         1 
	   Disk (KB)            :        1        1     89980 
	   Memory (MB)          :      185     3900      3968 

	Job terminated of its own accord at 2022-03-28T11:28:24Z.
...
006 (126412.016.000) 2022-03-28 20:28:24 Image size of job updated: 691636
	208  -  MemoryUsage of job (MB)
	212756  -  ResidentSetSize of job (KB)
...
005 (126412.016.000) 2022-03-28 20:28:24 Job terminated.
	(1) Normal termination (return value 0)
		Usr 0 00:00:14, Sys 0 00:00:01  -  Run Remote Usage
		Usr 0 00:00:00, Sys 0 00:00:00  -  Run Local Usage
		Usr 0 00:00:14, Sys 0 00:00:01  -  Total Remote Usage
		Usr 0 00:00:00, Sys 0 00:00:00  -  Total Local Usage
	0  -  Run Bytes Sent By Job
	0  -  Run Bytes Received By Job
	0  -  Total Bytes Sent By Job
	0  -  Total Bytes Received By Job
	Partitionable Resources :    Usage  Request Allocated 
	   Cpus                 :                 1         1 
	   Disk (KB)            :        1        1     89980 
	   Memory (MB)          :      208     3900      3968 

	Job terminated of its own accord at 2022-03-28T11:28:24Z.
...
006 (126412.001.000) 2022-03-28 20:28:24 Image size of job updated: 691484
	185  -  MemoryUsage of job (MB)
	188704  -  ResidentSetSize of job (KB)
...
005 (126412.001.000) 2022-03-28 20:28:24 Job terminated.
	(1) Normal termination (return value 0)
		Usr 0 00:00:12, Sys 0 00:00:01  -  Run Remote Usage
		Usr 0 00:00:00, Sys 0 00:00:00  -  Run Local Usage
		Usr 0 00:00:12, Sys 0 00:00:01  -  Total Remote Usage
		Usr 0 00:00:00, Sys 0 00:00:00  -  Total Local Usage
	0  -  Run Bytes Sent By Job
	0  -  Run Bytes Received By Job
	0  -  Total Bytes Sent By Job
	0  -  Total Bytes Received By Job
	Partitionable Resources :    Usage  Request Allocated 
	   Cpus                 :                 1         1 
	   Disk (KB)            :        1        1    121641 
	   Memory (MB)          :      185     3900      3968 

	Job terminated of its own accord at 2022-03-28T11:28:24Z.
...
006 (126412.000.000) 2022-03-28 20:28:27 Image size of job updated: 691656
	194  -  MemoryUsage of job (MB)
	197976  -  ResidentSetSize of job (KB)
...
005 (126412.000.000) 2022-03-28 20:28:27 Job terminated.
	(1) Normal termination (return value 0)
		Usr 0 00:00:15, Sys 0 00:00:01  -  Run Remote Usage
		Usr 0 00:00:00, Sys 0 00:00:00  -  Run Local Usage
		Usr 0 00:00:15, Sys 0 00:00:01  -  Total Remote Usage
		Usr 0 00:00:00, Sys 0 00:00:00  -  Total Local Usage
	0  -  Run Bytes Sent By Job
	0  -  Run Bytes Received By Job
	0  -  Total Bytes Sent By Job
	0  -  Total Bytes Received By Job
	Partitionable Resources :    Usage  Request Allocated 
	   Cpus                 :                 1         1 
	   Disk (KB)            :        1        1    121641 
	   Memory (MB)          :      194     3900      3968 

	Job terminated of its own accord at 2022-03-28T11:28:27Z.
...
006 (126412.002.000) 2022-03-28 20:28:27 Image size of job updated: 691484
	185  -  MemoryUsage of job (MB)
	188588  -  ResidentSetSize of job (KB)
...
005 (126412.002.000) 2022-03-28 20:28:27 Job terminated.
	(1) Normal termination (return value 0)
		Usr 0 00:00:15, Sys 0 00:00:01  -  Run Remote Usage
		Usr 0 00:00:00, Sys 0 00:00:00  -  Run Local Usage
		Usr 0 00:00:15, Sys 0 00:00:01  -  Total Remote Usage
		Usr 0 00:00:00, Sys 0 00:00:00  -  Total Local Usage
	0  -  Run Bytes Sent By Job
	0  -  Run Bytes Received By Job
	0  -  Total Bytes Sent By Job
	0  -  Total Bytes Received By Job
	Partitionable Resources :    Usage  Request Allocated 
	   Cpus                 :                 1         1 
	   Disk (KB)            :        1        1    121641 
	   Memory (MB)          :      185     3900      3968 

	Job terminated of its own accord at 2022-03-28T11:28:27Z.
...
006 (126412.017.000) 2022-03-28 20:28:27 Image size of job updated: 691780
	195  -  MemoryUsage of job (MB)
	199216  -  ResidentSetSize of job (KB)
...
005 (126412.017.000) 2022-03-28 20:28:27 Job terminated.
	(1) Normal termination (return value 0)
		Usr 0 00:00:16, Sys 0 00:00:01  -  Run Remote Usage
		Usr 0 00:00:00, Sys 0 00:00:00  -  Run Local Usage
		Usr 0 00:00:16, Sys 0 00:00:01  -  Total Remote Usage
		Usr 0 00:00:00, Sys 0 00:00:00  -  Total Local Usage
	0  -  Run Bytes Sent By Job
	0  -  Run Bytes Received By Job
	0  -  Total Bytes Sent By Job
	0  -  Total Bytes Received By Job
	Partitionable Resources :    Usage  Request Allocated 
	   Cpus                 :                 1         1 
	   Disk (KB)            :        1        1     89980 
	   Memory (MB)          :      195     3900      3968 

	Job terminated of its own accord at 2022-03-28T11:28:27Z.
...
006 (126412.014.000) 2022-03-28 20:28:28 Image size of job updated: 691464
	210  -  MemoryUsage of job (MB)
	214268  -  ResidentSetSize of job (KB)
...
005 (126412.014.000) 2022-03-28 20:28:28 Job terminated.
	(1) Normal termination (return value 0)
		Usr 0 00:00:17, Sys 0 00:00:01  -  Run Remote Usage
		Usr 0 00:00:00, Sys 0 00:00:00  -  Run Local Usage
		Usr 0 00:00:17, Sys 0 00:00:01  -  Total Remote Usage
		Usr 0 00:00:00, Sys 0 00:00:00  -  Total Local Usage
	0  -  Run Bytes Sent By Job
	0  -  Run Bytes Received By Job
	0  -  Total Bytes Sent By Job
	0  -  Total Bytes Received By Job
	Partitionable Resources :    Usage  Request Allocated 
	   Cpus                 :                 1         1 
	   Disk (KB)            :        1        1     89980 
	   Memory (MB)          :      210     3900      3968 

	Job terminated of its own accord at 2022-03-28T11:28:28Z.
...
005 (126412.003.000) 2022-03-28 20:28:28 Job terminated.
	(1) Normal termination (return value 0)
		Usr 0 00:00:16, Sys 0 00:00:01  -  Run Remote Usage
		Usr 0 00:00:00, Sys 0 00:00:00  -  Run Local Usage
		Usr 0 00:00:16, Sys 0 00:00:01  -  Total Remote Usage
		Usr 0 00:00:00, Sys 0 00:00:00  -  Total Local Usage
	0  -  Run Bytes Sent By Job
	0  -  Run Bytes Received By Job
	0  -  Total Bytes Sent By Job
	0  -  Total Bytes Received By Job
	Partitionable Resources :    Usage  Request Allocated 
	   Cpus                 :                 1         1 
	   Disk (KB)            :        1        1    121641 
	   Memory (MB)          :      208     3900      3968 

	Job terminated of its own accord at 2022-03-28T11:28:28Z.
...
006 (126412.004.000) 2022-03-28 20:28:32 Image size of job updated: 691456
	208  -  MemoryUsage of job (MB)
	212592  -  ResidentSetSize of job (KB)
...
005 (126412.004.000) 2022-03-28 20:28:32 Job terminated.
	(1) Normal termination (return value 0)
		Usr 0 00:00:20, Sys 0 00:00:01  -  Run Remote Usage
		Usr 0 00:00:00, Sys 0 00:00:00  -  Run Local Usage
		Usr 0 00:00:20, Sys 0 00:00:01  -  Total Remote Usage
		Usr 0 00:00:00, Sys 0 00:00:00  -  Total Local Usage
	0  -  Run Bytes Sent By Job
	0  -  Run Bytes Received By Job
	0  -  Total Bytes Sent By Job
	0  -  Total Bytes Received By Job
	Partitionable Resources :    Usage  Request Allocated 
	   Cpus                 :                 1         1 
	   Disk (KB)            :        1        1    121641 
	   Memory (MB)          :      208     3900      3968 

	Job terminated of its own accord at 2022-03-28T11:28:32Z.
...
006 (126412.012.000) 2022-03-28 20:28:32 Image size of job updated: 691776
	194  -  MemoryUsage of job (MB)
	198416  -  ResidentSetSize of job (KB)
...
005 (126412.012.000) 2022-03-28 20:28:32 Job terminated.
	(1) Normal termination (return value 0)
		Usr 0 00:00:21, Sys 0 00:00:01  -  Run Remote Usage
		Usr 0 00:00:00, Sys 0 00:00:00  -  Run Local Usage
		Usr 0 00:00:21, Sys 0 00:00:01  -  Total Remote Usage
		Usr 0 00:00:00, Sys 0 00:00:00  -  Total Local Usage
	0  -  Run Bytes Sent By Job
	0  -  Run Bytes Received By Job
	0  -  Total Bytes Sent By Job
	0  -  Total Bytes Received By Job
	Partitionable Resources :    Usage  Request Allocated 
	   Cpus                 :                 1         1 
	   Disk (KB)            :        1        1    129249 
	   Memory (MB)          :      194     3900      3968 

	Job terminated of its own accord at 2022-03-28T11:28:32Z.
...
006 (126412.008.000) 2022-03-28 20:28:33 Image size of job updated: 691652
	208  -  MemoryUsage of job (MB)
	212800  -  ResidentSetSize of job (KB)
...
005 (126412.008.000) 2022-03-28 20:28:33 Job terminated.
	(1) Normal termination (return value 0)
		Usr 0 00:00:22, Sys 0 00:00:01  -  Run Remote Usage
		Usr 0 00:00:00, Sys 0 00:00:00  -  Run Local Usage
		Usr 0 00:00:22, Sys 0 00:00:01  -  Total Remote Usage
		Usr 0 00:00:00, Sys 0 00:00:00  -  Total Local Usage
	0  -  Run Bytes Sent By Job
	0  -  Run Bytes Received By Job
	0  -  Total Bytes Sent By Job
	0  -  Total Bytes Received By Job
	Partitionable Resources :    Usage  Request Allocated 
	   Cpus                 :                 1         1 
	   Disk (KB)            :        1        1    129249 
	   Memory (MB)          :      208     3900      3968 

	Job terminated of its own accord at 2022-03-28T11:28:33Z.
...
006 (126412.013.000) 2022-03-28 20:28:38 Image size of job updated: 691812
	185  -  MemoryUsage of job (MB)
	188768  -  ResidentSetSize of job (KB)
...
005 (126412.011.000) 2022-03-28 20:28:38 Job terminated.
	(1) Normal termination (return value 0)
		Usr 0 00:00:26, Sys 0 00:00:01  -  Run Remote Usage
		Usr 0 00:00:00, Sys 0 00:00:00  -  Run Local Usage
		Usr 0 00:00:26, Sys 0 00:00:01  -  Total Remote Usage
		Usr 0 00:00:00, Sys 0 00:00:00  -  Total Local Usage
	0  -  Run Bytes Sent By Job
	0  -  Run Bytes Received By Job
	0  -  Total Bytes Sent By Job
	0  -  Total Bytes Received By Job
	Partitionable Resources :    Usage  Request Allocated 
	   Cpus                 :                 1         1 
	   Disk (KB)            :        1        1    129249 
	   Memory (MB)          :      208     3900      3968 

	Job terminated of its own accord at 2022-03-28T11:28:38Z.
...
005 (126412.013.000) 2022-03-28 20:28:38 Job terminated.
	(1) Normal termination (return value 0)
		Usr 0 00:00:26, Sys 0 00:00:01  -  Run Remote Usage
		Usr 0 00:00:00, Sys 0 00:00:00  -  Run Local Usage
		Usr 0 00:00:26, Sys 0 00:00:01  -  Total Remote Usage
		Usr 0 00:00:00, Sys 0 00:00:00  -  Total Local Usage
	0  -  Run Bytes Sent By Job
	0  -  Run Bytes Received By Job
	0  -  Total Bytes Sent By Job
	0  -  Total Bytes Received By Job
	Partitionable Resources :    Usage  Request Allocated 
	   Cpus                 :                 1         1 
	   Disk (KB)            :        1        1    129249 
	   Memory (MB)          :      185     3900      3968 

	Job terminated of its own accord at 2022-03-28T11:28:38Z.
...
006 (126412.007.000) 2022-03-28 20:28:40 Image size of job updated: 691480
	185  -  MemoryUsage of job (MB)
	188696  -  ResidentSetSize of job (KB)
...
005 (126412.007.000) 2022-03-28 20:28:40 Job terminated.
	(1) Normal termination (return value 0)
		Usr 0 00:00:28, Sys 0 00:00:01  -  Run Remote Usage
		Usr 0 00:00:00, Sys 0 00:00:00  -  Run Local Usage
		Usr 0 00:00:28, Sys 0 00:00:01  -  Total Remote Usage
		Usr 0 00:00:00, Sys 0 00:00:00  -  Total Local Usage
	0  -  Run Bytes Sent By Job
	0  -  Run Bytes Received By Job
	0  -  Total Bytes Sent By Job
	0  -  Total Bytes Received By Job
	Partitionable Resources :    Usage  Request Allocated 
	   Cpus                 :                 1         1 
	   Disk (KB)            :        1        1    121641 
	   Memory (MB)          :      185     3900      3968 

	Job terminated of its own accord at 2022-03-28T11:28:40Z.
...
005 (126412.005.000) 2022-03-28 20:28:50 Job terminated.
	(1) Normal termination (return value 0)
		Usr 0 00:00:38, Sys 0 00:00:01  -  Run Remote Usage
		Usr 0 00:00:00, Sys 0 00:00:00  -  Run Local Usage
		Usr 0 00:00:38, Sys 0 00:00:01  -  Total Remote Usage
		Usr 0 00:00:00, Sys 0 00:00:00  -  Total Local Usage
	0  -  Run Bytes Sent By Job
	0  -  Run Bytes Received By Job
	0  -  Total Bytes Sent By Job
	0  -  Total Bytes Received By Job
	Partitionable Resources :    Usage  Request Allocated 
	   Cpus                 :                 1         1 
	   Disk (KB)            :        1        1    121641 
	   Memory (MB)          :      208     3900      3968 

	Job terminated of its own accord at 2022-03-28T11:28:50Z.
...
