000 (126800.000.000) 2022-03-30 13:41:28 Job submitted from host: <172.30.1.200:9618?addrs=172.30.1.200-9618&alias=tamsa2.snu.ac.kr&noUDP&sock=schedd_3154_f5cb>
...
000 (126800.001.000) 2022-03-30 13:41:28 Job submitted from host: <172.30.1.200:9618?addrs=172.30.1.200-9618&alias=tamsa2.snu.ac.kr&noUDP&sock=schedd_3154_f5cb>
...
000 (126800.002.000) 2022-03-30 13:41:28 Job submitted from host: <172.30.1.200:9618?addrs=172.30.1.200-9618&alias=tamsa2.snu.ac.kr&noUDP&sock=schedd_3154_f5cb>
...
000 (126800.003.000) 2022-03-30 13:41:28 Job submitted from host: <172.30.1.200:9618?addrs=172.30.1.200-9618&alias=tamsa2.snu.ac.kr&noUDP&sock=schedd_3154_f5cb>
...
000 (126800.004.000) 2022-03-30 13:41:28 Job submitted from host: <172.30.1.200:9618?addrs=172.30.1.200-9618&alias=tamsa2.snu.ac.kr&noUDP&sock=schedd_3154_f5cb>
...
000 (126800.005.000) 2022-03-30 13:41:28 Job submitted from host: <172.30.1.200:9618?addrs=172.30.1.200-9618&alias=tamsa2.snu.ac.kr&noUDP&sock=schedd_3154_f5cb>
...
000 (126800.006.000) 2022-03-30 13:41:28 Job submitted from host: <172.30.1.200:9618?addrs=172.30.1.200-9618&alias=tamsa2.snu.ac.kr&noUDP&sock=schedd_3154_f5cb>
...
000 (126800.007.000) 2022-03-30 13:41:28 Job submitted from host: <172.30.1.200:9618?addrs=172.30.1.200-9618&alias=tamsa2.snu.ac.kr&noUDP&sock=schedd_3154_f5cb>
...
000 (126800.008.000) 2022-03-30 13:41:28 Job submitted from host: <172.30.1.200:9618?addrs=172.30.1.200-9618&alias=tamsa2.snu.ac.kr&noUDP&sock=schedd_3154_f5cb>
...
000 (126800.009.000) 2022-03-30 13:41:28 Job submitted from host: <172.30.1.200:9618?addrs=172.30.1.200-9618&alias=tamsa2.snu.ac.kr&noUDP&sock=schedd_3154_f5cb>
...
000 (126800.010.000) 2022-03-30 13:41:28 Job submitted from host: <172.30.1.200:9618?addrs=172.30.1.200-9618&alias=tamsa2.snu.ac.kr&noUDP&sock=schedd_3154_f5cb>
...
000 (126800.011.000) 2022-03-30 13:41:28 Job submitted from host: <172.30.1.200:9618?addrs=172.30.1.200-9618&alias=tamsa2.snu.ac.kr&noUDP&sock=schedd_3154_f5cb>
...
000 (126800.012.000) 2022-03-30 13:41:28 Job submitted from host: <172.30.1.200:9618?addrs=172.30.1.200-9618&alias=tamsa2.snu.ac.kr&noUDP&sock=schedd_3154_f5cb>
...
000 (126800.013.000) 2022-03-30 13:41:28 Job submitted from host: <172.30.1.200:9618?addrs=172.30.1.200-9618&alias=tamsa2.snu.ac.kr&noUDP&sock=schedd_3154_f5cb>
...
000 (126800.014.000) 2022-03-30 13:41:28 Job submitted from host: <172.30.1.200:9618?addrs=172.30.1.200-9618&alias=tamsa2.snu.ac.kr&noUDP&sock=schedd_3154_f5cb>
...
000 (126800.015.000) 2022-03-30 13:41:28 Job submitted from host: <172.30.1.200:9618?addrs=172.30.1.200-9618&alias=tamsa2.snu.ac.kr&noUDP&sock=schedd_3154_f5cb>
...
000 (126800.016.000) 2022-03-30 13:41:28 Job submitted from host: <172.30.1.200:9618?addrs=172.30.1.200-9618&alias=tamsa2.snu.ac.kr&noUDP&sock=schedd_3154_f5cb>
...
000 (126800.017.000) 2022-03-30 13:41:28 Job submitted from host: <172.30.1.200:9618?addrs=172.30.1.200-9618&alias=tamsa2.snu.ac.kr&noUDP&sock=schedd_3154_f5cb>
...
000 (126800.018.000) 2022-03-30 13:41:28 Job submitted from host: <172.30.1.200:9618?addrs=172.30.1.200-9618&alias=tamsa2.snu.ac.kr&noUDP&sock=schedd_3154_f5cb>
...
000 (126800.019.000) 2022-03-30 13:41:28 Job submitted from host: <172.30.1.200:9618?addrs=172.30.1.200-9618&alias=tamsa2.snu.ac.kr&noUDP&sock=schedd_3154_f5cb>
...
001 (126800.000.000) 2022-03-30 13:41:43 Job executing on host: <172.30.1.203:9618?addrs=172.30.1.203-9618&alias=node3&noUDP&sock=startd_3597_d240>
...
001 (126800.001.000) 2022-03-30 13:41:43 Job executing on host: <172.30.1.203:9618?addrs=172.30.1.203-9618&alias=node3&noUDP&sock=startd_3597_d240>
...
001 (126800.002.000) 2022-03-30 13:41:43 Job executing on host: <172.30.1.203:9618?addrs=172.30.1.203-9618&alias=node3&noUDP&sock=startd_3597_d240>
...
001 (126800.003.000) 2022-03-30 13:41:43 Job executing on host: <172.30.1.203:9618?addrs=172.30.1.203-9618&alias=node3&noUDP&sock=startd_3597_d240>
...
001 (126800.004.000) 2022-03-30 13:41:43 Job executing on host: <172.30.1.203:9618?addrs=172.30.1.203-9618&alias=node3&noUDP&sock=startd_3597_d240>
...
001 (126800.005.000) 2022-03-30 13:41:43 Job executing on host: <172.30.1.203:9618?addrs=172.30.1.203-9618&alias=node3&noUDP&sock=startd_3597_d240>
...
001 (126800.006.000) 2022-03-30 13:41:43 Job executing on host: <172.30.1.203:9618?addrs=172.30.1.203-9618&alias=node3&noUDP&sock=startd_3597_d240>
...
001 (126800.007.000) 2022-03-30 13:41:44 Job executing on host: <172.30.1.203:9618?addrs=172.30.1.203-9618&alias=node3&noUDP&sock=startd_3597_d240>
...
001 (126800.008.000) 2022-03-30 13:41:44 Job executing on host: <172.30.1.203:9618?addrs=172.30.1.203-9618&alias=node3&noUDP&sock=startd_3597_d240>
...
001 (126800.009.000) 2022-03-30 13:41:44 Job executing on host: <172.30.1.203:9618?addrs=172.30.1.203-9618&alias=node3&noUDP&sock=startd_3597_d240>
...
001 (126800.010.000) 2022-03-30 13:41:44 Job executing on host: <172.30.1.203:9618?addrs=172.30.1.203-9618&alias=node3&noUDP&sock=startd_3597_d240>
...
001 (126800.011.000) 2022-03-30 13:41:44 Job executing on host: <172.30.1.203:9618?addrs=172.30.1.203-9618&alias=node3&noUDP&sock=startd_3597_d240>
...
001 (126800.012.000) 2022-03-30 13:41:44 Job executing on host: <172.30.1.203:9618?addrs=172.30.1.203-9618&alias=node3&noUDP&sock=startd_3597_d240>
...
001 (126800.013.000) 2022-03-30 13:41:44 Job executing on host: <172.30.1.203:9618?addrs=172.30.1.203-9618&alias=node3&noUDP&sock=startd_3597_d240>
...
001 (126800.014.000) 2022-03-30 13:41:44 Job executing on host: <172.30.1.203:9618?addrs=172.30.1.203-9618&alias=node3&noUDP&sock=startd_3597_d240>
...
001 (126800.015.000) 2022-03-30 13:41:44 Job executing on host: <172.30.1.203:9618?addrs=172.30.1.203-9618&alias=node3&noUDP&sock=startd_3597_d240>
...
001 (126800.016.000) 2022-03-30 13:41:44 Job executing on host: <172.30.1.203:9618?addrs=172.30.1.203-9618&alias=node3&noUDP&sock=startd_3597_d240>
...
001 (126800.017.000) 2022-03-30 13:41:44 Job executing on host: <172.30.1.203:9618?addrs=172.30.1.203-9618&alias=node3&noUDP&sock=startd_3597_d240>
...
001 (126800.018.000) 2022-03-30 13:41:44 Job executing on host: <172.30.1.203:9618?addrs=172.30.1.203-9618&alias=node3&noUDP&sock=startd_3597_d240>
...
001 (126800.019.000) 2022-03-30 13:41:44 Job executing on host: <172.30.1.203:9618?addrs=172.30.1.203-9618&alias=node3&noUDP&sock=startd_3597_d240>
...
006 (126800.006.000) 2022-03-30 13:41:52 Image size of job updated: 447268
	152  -  MemoryUsage of job (MB)
	155340  -  ResidentSetSize of job (KB)
...
006 (126800.007.000) 2022-03-30 13:41:52 Image size of job updated: 447264
	152  -  MemoryUsage of job (MB)
	155312  -  ResidentSetSize of job (KB)
...
006 (126800.008.000) 2022-03-30 13:41:52 Image size of job updated: 447268
	152  -  MemoryUsage of job (MB)
	155384  -  ResidentSetSize of job (KB)
...
006 (126800.009.000) 2022-03-30 13:41:52 Image size of job updated: 447268
	152  -  MemoryUsage of job (MB)
	154896  -  ResidentSetSize of job (KB)
...
006 (126800.010.000) 2022-03-30 13:41:52 Image size of job updated: 447264
	164  -  MemoryUsage of job (MB)
	167144  -  ResidentSetSize of job (KB)
...
006 (126800.011.000) 2022-03-30 13:41:52 Image size of job updated: 447268
	159  -  MemoryUsage of job (MB)
	162520  -  ResidentSetSize of job (KB)
...
006 (126800.012.000) 2022-03-30 13:41:52 Image size of job updated: 447268
	152  -  MemoryUsage of job (MB)
	155420  -  ResidentSetSize of job (KB)
...
006 (126800.013.000) 2022-03-30 13:41:52 Image size of job updated: 392884
	171  -  MemoryUsage of job (MB)
	174336  -  ResidentSetSize of job (KB)
...
006 (126800.000.000) 2022-03-30 13:41:52 Image size of job updated: 447268
	171  -  MemoryUsage of job (MB)
	174436  -  ResidentSetSize of job (KB)
...
006 (126800.001.000) 2022-03-30 13:41:52 Image size of job updated: 447264
	173  -  MemoryUsage of job (MB)
	176968  -  ResidentSetSize of job (KB)
...
006 (126800.002.000) 2022-03-30 13:41:52 Image size of job updated: 447268
	171  -  MemoryUsage of job (MB)
	174368  -  ResidentSetSize of job (KB)
...
006 (126800.003.000) 2022-03-30 13:41:52 Image size of job updated: 447264
	152  -  MemoryUsage of job (MB)
	155500  -  ResidentSetSize of job (KB)
...
006 (126800.004.000) 2022-03-30 13:41:52 Image size of job updated: 447268
	176  -  MemoryUsage of job (MB)
	179464  -  ResidentSetSize of job (KB)
...
006 (126800.005.000) 2022-03-30 13:41:52 Image size of job updated: 447264
	157  -  MemoryUsage of job (MB)
	160320  -  ResidentSetSize of job (KB)
...
006 (126800.013.000) 2022-03-30 13:41:53 Image size of job updated: 392884
	171  -  MemoryUsage of job (MB)
	174344  -  ResidentSetSize of job (KB)
...
006 (126800.014.000) 2022-03-30 13:41:53 Image size of job updated: 385440
	0  -  MemoryUsage of job (MB)
	0  -  ResidentSetSize of job (KB)
...
005 (126800.013.000) 2022-03-30 13:41:53 Job terminated.
	(1) Normal termination (return value 0)
		Usr 0 00:00:03, Sys 0 00:00:01  -  Run Remote Usage
		Usr 0 00:00:00, Sys 0 00:00:00  -  Run Local Usage
		Usr 0 00:00:03, Sys 0 00:00:01  -  Total Remote Usage
		Usr 0 00:00:00, Sys 0 00:00:00  -  Total Local Usage
	0  -  Run Bytes Sent By Job
	0  -  Run Bytes Received By Job
	0  -  Total Bytes Sent By Job
	0  -  Total Bytes Received By Job
	Partitionable Resources :    Usage  Request Allocated 
	   Cpus                 :                 1         1 
	   Disk (KB)            :        1        1    129249 
	   Memory (MB)          :      171     3900      3968 

	Job terminated of its own accord at 2022-03-30T04:41:53Z.
...
006 (126800.010.000) 2022-03-30 13:41:53 Image size of job updated: 447264
	164  -  MemoryUsage of job (MB)
	167172  -  ResidentSetSize of job (KB)
...
006 (126800.017.000) 2022-03-30 13:41:53 Image size of job updated: 599192
	0  -  MemoryUsage of job (MB)
	0  -  ResidentSetSize of job (KB)
...
005 (126800.014.000) 2022-03-30 13:41:53 Job terminated.
	(1) Normal termination (return value 0)
		Usr 0 00:00:03, Sys 0 00:00:01  -  Run Remote Usage
		Usr 0 00:00:00, Sys 0 00:00:00  -  Run Local Usage
		Usr 0 00:00:03, Sys 0 00:00:01  -  Total Remote Usage
		Usr 0 00:00:00, Sys 0 00:00:00  -  Total Local Usage
	0  -  Run Bytes Sent By Job
	0  -  Run Bytes Received By Job
	0  -  Total Bytes Sent By Job
	0  -  Total Bytes Received By Job
	Partitionable Resources :    Usage  Request Allocated 
	   Cpus                 :                 1         1 
	   Disk (KB)            :        1        1    129249 
	   Memory (MB)          :        0     3900      3968 

	Job terminated of its own accord at 2022-03-30T04:41:53Z.
...
006 (126800.011.000) 2022-03-30 13:41:53 Image size of job updated: 601348
	159  -  MemoryUsage of job (MB)
	162580  -  ResidentSetSize of job (KB)
...
006 (126800.018.000) 2022-03-30 13:41:53 Image size of job updated: 601372
	0  -  MemoryUsage of job (MB)
	0  -  ResidentSetSize of job (KB)
...
006 (126800.016.000) 2022-03-30 13:41:53 Image size of job updated: 601384
	0  -  MemoryUsage of job (MB)
	0  -  ResidentSetSize of job (KB)
...
005 (126800.010.000) 2022-03-30 13:41:53 Job terminated.
	(1) Normal termination (return value 0)
		Usr 0 00:00:03, Sys 0 00:00:01  -  Run Remote Usage
		Usr 0 00:00:00, Sys 0 00:00:00  -  Run Local Usage
		Usr 0 00:00:03, Sys 0 00:00:01  -  Total Remote Usage
		Usr 0 00:00:00, Sys 0 00:00:00  -  Total Local Usage
	0  -  Run Bytes Sent By Job
	0  -  Run Bytes Received By Job
	0  -  Total Bytes Sent By Job
	0  -  Total Bytes Received By Job
	Partitionable Resources :    Usage  Request Allocated 
	   Cpus                 :                 1         1 
	   Disk (KB)            :        1        1    129249 
	   Memory (MB)          :      164     3900      3968 

	Job terminated of its own accord at 2022-03-30T04:41:53Z.
...
005 (126800.017.000) 2022-03-30 13:41:53 Job terminated.
	(1) Normal termination (return value 0)
		Usr 0 00:00:03, Sys 0 00:00:01  -  Run Remote Usage
		Usr 0 00:00:00, Sys 0 00:00:00  -  Run Local Usage
		Usr 0 00:00:03, Sys 0 00:00:01  -  Total Remote Usage
		Usr 0 00:00:00, Sys 0 00:00:00  -  Total Local Usage
	0  -  Run Bytes Sent By Job
	0  -  Run Bytes Received By Job
	0  -  Total Bytes Sent By Job
	0  -  Total Bytes Received By Job
	Partitionable Resources :    Usage  Request Allocated 
	   Cpus                 :                 1         1 
	   Disk (KB)            :        1        1    129249 
	   Memory (MB)          :        0     3900      3968 

	Job terminated of its own accord at 2022-03-30T04:41:53Z.
...
006 (126800.019.000) 2022-03-30 13:41:53 Image size of job updated: 601364
	0  -  MemoryUsage of job (MB)
	0  -  ResidentSetSize of job (KB)
...
005 (126800.011.000) 2022-03-30 13:41:53 Job terminated.
	(1) Normal termination (return value 0)
		Usr 0 00:00:03, Sys 0 00:00:01  -  Run Remote Usage
		Usr 0 00:00:00, Sys 0 00:00:00  -  Run Local Usage
		Usr 0 00:00:03, Sys 0 00:00:01  -  Total Remote Usage
		Usr 0 00:00:00, Sys 0 00:00:00  -  Total Local Usage
	0  -  Run Bytes Sent By Job
	0  -  Run Bytes Received By Job
	0  -  Total Bytes Sent By Job
	0  -  Total Bytes Received By Job
	Partitionable Resources :    Usage  Request Allocated 
	   Cpus                 :                 1         1 
	   Disk (KB)            :        1        1    129249 
	   Memory (MB)          :      159     3900      3968 

	Job terminated of its own accord at 2022-03-30T04:41:53Z.
...
006 (126800.015.000) 2022-03-30 13:41:53 Image size of job updated: 601364
	178  -  MemoryUsage of job (MB)
	181884  -  ResidentSetSize of job (KB)
...
005 (126800.016.000) 2022-03-30 13:41:53 Job terminated.
	(1) Normal termination (return value 0)
		Usr 0 00:00:03, Sys 0 00:00:01  -  Run Remote Usage
		Usr 0 00:00:00, Sys 0 00:00:00  -  Run Local Usage
		Usr 0 00:00:03, Sys 0 00:00:01  -  Total Remote Usage
		Usr 0 00:00:00, Sys 0 00:00:00  -  Total Local Usage
	0  -  Run Bytes Sent By Job
	0  -  Run Bytes Received By Job
	0  -  Total Bytes Sent By Job
	0  -  Total Bytes Received By Job
	Partitionable Resources :    Usage  Request Allocated 
	   Cpus                 :                 1         1 
	   Disk (KB)            :        1        1    129249 
	   Memory (MB)          :        0     3900      3968 

	Job terminated of its own accord at 2022-03-30T04:41:53Z.
...
005 (126800.019.000) 2022-03-30 13:41:53 Job terminated.
	(1) Normal termination (return value 0)
		Usr 0 00:00:04, Sys 0 00:00:01  -  Run Remote Usage
		Usr 0 00:00:00, Sys 0 00:00:00  -  Run Local Usage
		Usr 0 00:00:04, Sys 0 00:00:01  -  Total Remote Usage
		Usr 0 00:00:00, Sys 0 00:00:00  -  Total Local Usage
	0  -  Run Bytes Sent By Job
	0  -  Run Bytes Received By Job
	0  -  Total Bytes Sent By Job
	0  -  Total Bytes Received By Job
	Partitionable Resources :    Usage  Request Allocated 
	   Cpus                 :                 1         1 
	   Disk (KB)            :        1        1    129249 
	   Memory (MB)          :        0     3900      3968 

	Job terminated of its own accord at 2022-03-30T04:41:53Z.
...
005 (126800.018.000) 2022-03-30 13:41:53 Job terminated.
	(1) Normal termination (return value 0)
		Usr 0 00:00:03, Sys 0 00:00:01  -  Run Remote Usage
		Usr 0 00:00:00, Sys 0 00:00:00  -  Run Local Usage
		Usr 0 00:00:03, Sys 0 00:00:01  -  Total Remote Usage
		Usr 0 00:00:00, Sys 0 00:00:00  -  Total Local Usage
	0  -  Run Bytes Sent By Job
	0  -  Run Bytes Received By Job
	0  -  Total Bytes Sent By Job
	0  -  Total Bytes Received By Job
	Partitionable Resources :    Usage  Request Allocated 
	   Cpus                 :                 1         1 
	   Disk (KB)            :        1        1    129249 
	   Memory (MB)          :        0     3900      3968 

	Job terminated of its own accord at 2022-03-30T04:41:53Z.
...
006 (126800.012.000) 2022-03-30 13:41:53 Image size of job updated: 601392
	152  -  MemoryUsage of job (MB)
	155420  -  ResidentSetSize of job (KB)
...
005 (126800.012.000) 2022-03-30 13:41:53 Job terminated.
	(1) Normal termination (return value 0)
		Usr 0 00:00:04, Sys 0 00:00:01  -  Run Remote Usage
		Usr 0 00:00:00, Sys 0 00:00:00  -  Run Local Usage
		Usr 0 00:00:04, Sys 0 00:00:01  -  Total Remote Usage
		Usr 0 00:00:00, Sys 0 00:00:00  -  Total Local Usage
	0  -  Run Bytes Sent By Job
	0  -  Run Bytes Received By Job
	0  -  Total Bytes Sent By Job
	0  -  Total Bytes Received By Job
	Partitionable Resources :    Usage  Request Allocated 
	   Cpus                 :                 1         1 
	   Disk (KB)            :        1        1    129249 
	   Memory (MB)          :      152     3900      3968 

	Job terminated of its own accord at 2022-03-30T04:41:53Z.
...
006 (126800.015.000) 2022-03-30 13:41:53 Image size of job updated: 601380
	178  -  MemoryUsage of job (MB)
	181884  -  ResidentSetSize of job (KB)
...
005 (126800.015.000) 2022-03-30 13:41:53 Job terminated.
	(1) Normal termination (return value 0)
		Usr 0 00:00:04, Sys 0 00:00:01  -  Run Remote Usage
		Usr 0 00:00:00, Sys 0 00:00:00  -  Run Local Usage
		Usr 0 00:00:04, Sys 0 00:00:01  -  Total Remote Usage
		Usr 0 00:00:00, Sys 0 00:00:00  -  Total Local Usage
	0  -  Run Bytes Sent By Job
	0  -  Run Bytes Received By Job
	0  -  Total Bytes Sent By Job
	0  -  Total Bytes Received By Job
	Partitionable Resources :    Usage  Request Allocated 
	   Cpus                 :                 1         1 
	   Disk (KB)            :        1        1    129249 
	   Memory (MB)          :      178     3900      3968 

	Job terminated of its own accord at 2022-03-30T04:41:53Z.
...
006 (126800.004.000) 2022-03-30 13:41:53 Image size of job updated: 603220
	176  -  MemoryUsage of job (MB)
	179616  -  ResidentSetSize of job (KB)
...
005 (126800.004.000) 2022-03-30 13:41:54 Job terminated.
	(1) Normal termination (return value 0)
		Usr 0 00:00:04, Sys 0 00:00:01  -  Run Remote Usage
		Usr 0 00:00:00, Sys 0 00:00:00  -  Run Local Usage
		Usr 0 00:00:04, Sys 0 00:00:01  -  Total Remote Usage
		Usr 0 00:00:00, Sys 0 00:00:00  -  Total Local Usage
	0  -  Run Bytes Sent By Job
	0  -  Run Bytes Received By Job
	0  -  Total Bytes Sent By Job
	0  -  Total Bytes Received By Job
	Partitionable Resources :    Usage  Request Allocated 
	   Cpus                 :                 1         1 
	   Disk (KB)            :        1        1    129249 
	   Memory (MB)          :      176     3900      3968 

	Job terminated of its own accord at 2022-03-30T04:41:53Z.
...
006 (126800.002.000) 2022-03-30 13:41:54 Image size of job updated: 603212
	171  -  MemoryUsage of job (MB)
	174368  -  ResidentSetSize of job (KB)
...
006 (126800.001.000) 2022-03-30 13:41:54 Image size of job updated: 603216
	173  -  MemoryUsage of job (MB)
	176968  -  ResidentSetSize of job (KB)
...
005 (126800.002.000) 2022-03-30 13:41:54 Job terminated.
	(1) Normal termination (return value 0)
		Usr 0 00:00:04, Sys 0 00:00:01  -  Run Remote Usage
		Usr 0 00:00:00, Sys 0 00:00:00  -  Run Local Usage
		Usr 0 00:00:04, Sys 0 00:00:01  -  Total Remote Usage
		Usr 0 00:00:00, Sys 0 00:00:00  -  Total Local Usage
	0  -  Run Bytes Sent By Job
	0  -  Run Bytes Received By Job
	0  -  Total Bytes Sent By Job
	0  -  Total Bytes Received By Job
	Partitionable Resources :    Usage  Request Allocated 
	   Cpus                 :                 1         1 
	   Disk (KB)            :        1        1    129249 
	   Memory (MB)          :      171     3900      3968 

	Job terminated of its own accord at 2022-03-30T04:41:54Z.
...
005 (126800.001.000) 2022-03-30 13:41:54 Job terminated.
	(1) Normal termination (return value 0)
		Usr 0 00:00:04, Sys 0 00:00:01  -  Run Remote Usage
		Usr 0 00:00:00, Sys 0 00:00:00  -  Run Local Usage
		Usr 0 00:00:04, Sys 0 00:00:01  -  Total Remote Usage
		Usr 0 00:00:00, Sys 0 00:00:00  -  Total Local Usage
	0  -  Run Bytes Sent By Job
	0  -  Run Bytes Received By Job
	0  -  Total Bytes Sent By Job
	0  -  Total Bytes Received By Job
	Partitionable Resources :    Usage  Request Allocated 
	   Cpus                 :                 1         1 
	   Disk (KB)            :        1        1    129249 
	   Memory (MB)          :      173     3900      3968 

	Job terminated of its own accord at 2022-03-30T04:41:54Z.
...
006 (126800.008.000) 2022-03-30 13:41:54 Image size of job updated: 603236
	152  -  MemoryUsage of job (MB)
	155384  -  ResidentSetSize of job (KB)
...
005 (126800.008.000) 2022-03-30 13:41:54 Job terminated.
	(1) Normal termination (return value 0)
		Usr 0 00:00:04, Sys 0 00:00:01  -  Run Remote Usage
		Usr 0 00:00:00, Sys 0 00:00:00  -  Run Local Usage
		Usr 0 00:00:04, Sys 0 00:00:01  -  Total Remote Usage
		Usr 0 00:00:00, Sys 0 00:00:00  -  Total Local Usage
	0  -  Run Bytes Sent By Job
	0  -  Run Bytes Received By Job
	0  -  Total Bytes Sent By Job
	0  -  Total Bytes Received By Job
	Partitionable Resources :    Usage  Request Allocated 
	   Cpus                 :                 1         1 
	   Disk (KB)            :        1        1    129249 
	   Memory (MB)          :      152     3900      3968 

	Job terminated of its own accord at 2022-03-30T04:41:54Z.
...
006 (126800.000.000) 2022-03-30 13:41:54 Image size of job updated: 603200
	171  -  MemoryUsage of job (MB)
	174436  -  ResidentSetSize of job (KB)
...
006 (126800.005.000) 2022-03-30 13:41:54 Image size of job updated: 603244
	157  -  MemoryUsage of job (MB)
	160332  -  ResidentSetSize of job (KB)
...
005 (126800.000.000) 2022-03-30 13:41:54 Job terminated.
	(1) Normal termination (return value 0)
		Usr 0 00:00:05, Sys 0 00:00:01  -  Run Remote Usage
		Usr 0 00:00:00, Sys 0 00:00:00  -  Run Local Usage
		Usr 0 00:00:05, Sys 0 00:00:01  -  Total Remote Usage
		Usr 0 00:00:00, Sys 0 00:00:00  -  Total Local Usage
	0  -  Run Bytes Sent By Job
	0  -  Run Bytes Received By Job
	0  -  Total Bytes Sent By Job
	0  -  Total Bytes Received By Job
	Partitionable Resources :    Usage  Request Allocated 
	   Cpus                 :                 1         1 
	   Disk (KB)            :        1        1    129249 
	   Memory (MB)          :      171     3900      3968 

	Job terminated of its own accord at 2022-03-30T04:41:54Z.
...
005 (126800.005.000) 2022-03-30 13:41:54 Job terminated.
	(1) Normal termination (return value 0)
		Usr 0 00:00:05, Sys 0 00:00:01  -  Run Remote Usage
		Usr 0 00:00:00, Sys 0 00:00:00  -  Run Local Usage
		Usr 0 00:00:05, Sys 0 00:00:01  -  Total Remote Usage
		Usr 0 00:00:00, Sys 0 00:00:00  -  Total Local Usage
	0  -  Run Bytes Sent By Job
	0  -  Run Bytes Received By Job
	0  -  Total Bytes Sent By Job
	0  -  Total Bytes Received By Job
	Partitionable Resources :    Usage  Request Allocated 
	   Cpus                 :                 1         1 
	   Disk (KB)            :        1        1    129249 
	   Memory (MB)          :      157     3900      3968 

	Job terminated of its own accord at 2022-03-30T04:41:54Z.
...
006 (126800.006.000) 2022-03-30 13:41:54 Image size of job updated: 603424
	152  -  MemoryUsage of job (MB)
	155340  -  ResidentSetSize of job (KB)
...
005 (126800.006.000) 2022-03-30 13:41:54 Job terminated.
	(1) Normal termination (return value 0)
		Usr 0 00:00:05, Sys 0 00:00:01  -  Run Remote Usage
		Usr 0 00:00:00, Sys 0 00:00:00  -  Run Local Usage
		Usr 0 00:00:05, Sys 0 00:00:01  -  Total Remote Usage
		Usr 0 00:00:00, Sys 0 00:00:00  -  Total Local Usage
	0  -  Run Bytes Sent By Job
	0  -  Run Bytes Received By Job
	0  -  Total Bytes Sent By Job
	0  -  Total Bytes Received By Job
	Partitionable Resources :    Usage  Request Allocated 
	   Cpus                 :                 1         1 
	   Disk (KB)            :        1        1    129249 
	   Memory (MB)          :      152     3900      3968 

	Job terminated of its own accord at 2022-03-30T04:41:54Z.
...
006 (126800.009.000) 2022-03-30 13:41:55 Image size of job updated: 603280
	152  -  MemoryUsage of job (MB)
	154896  -  ResidentSetSize of job (KB)
...
005 (126800.009.000) 2022-03-30 13:41:55 Job terminated.
	(1) Normal termination (return value 0)
		Usr 0 00:00:05, Sys 0 00:00:01  -  Run Remote Usage
		Usr 0 00:00:00, Sys 0 00:00:00  -  Run Local Usage
		Usr 0 00:00:05, Sys 0 00:00:01  -  Total Remote Usage
		Usr 0 00:00:00, Sys 0 00:00:00  -  Total Local Usage
	0  -  Run Bytes Sent By Job
	0  -  Run Bytes Received By Job
	0  -  Total Bytes Sent By Job
	0  -  Total Bytes Received By Job
	Partitionable Resources :    Usage  Request Allocated 
	   Cpus                 :                 1         1 
	   Disk (KB)            :        1        1    129249 
	   Memory (MB)          :      152     3900      3968 

	Job terminated of its own accord at 2022-03-30T04:41:55Z.
...
006 (126800.007.000) 2022-03-30 13:41:55 Image size of job updated: 603620
	152  -  MemoryUsage of job (MB)
	155312  -  ResidentSetSize of job (KB)
...
005 (126800.007.000) 2022-03-30 13:41:55 Job terminated.
	(1) Normal termination (return value 0)
		Usr 0 00:00:05, Sys 0 00:00:01  -  Run Remote Usage
		Usr 0 00:00:00, Sys 0 00:00:00  -  Run Local Usage
		Usr 0 00:00:05, Sys 0 00:00:01  -  Total Remote Usage
		Usr 0 00:00:00, Sys 0 00:00:00  -  Total Local Usage
	0  -  Run Bytes Sent By Job
	0  -  Run Bytes Received By Job
	0  -  Total Bytes Sent By Job
	0  -  Total Bytes Received By Job
	Partitionable Resources :    Usage  Request Allocated 
	   Cpus                 :                 1         1 
	   Disk (KB)            :        1        1    129249 
	   Memory (MB)          :      152     3900      3968 

	Job terminated of its own accord at 2022-03-30T04:41:55Z.
...
006 (126800.003.000) 2022-03-30 13:41:55 Image size of job updated: 603656
	152  -  MemoryUsage of job (MB)
	155500  -  ResidentSetSize of job (KB)
...
005 (126800.003.000) 2022-03-30 13:41:55 Job terminated.
	(1) Normal termination (return value 0)
		Usr 0 00:00:06, Sys 0 00:00:01  -  Run Remote Usage
		Usr 0 00:00:00, Sys 0 00:00:00  -  Run Local Usage
		Usr 0 00:00:06, Sys 0 00:00:01  -  Total Remote Usage
		Usr 0 00:00:00, Sys 0 00:00:00  -  Total Local Usage
	0  -  Run Bytes Sent By Job
	0  -  Run Bytes Received By Job
	0  -  Total Bytes Sent By Job
	0  -  Total Bytes Received By Job
	Partitionable Resources :    Usage  Request Allocated 
	   Cpus                 :                 1         1 
	   Disk (KB)            :        1        1    129249 
	   Memory (MB)          :      152     3900      3968 

	Job terminated of its own accord at 2022-03-30T04:41:55Z.
...
