000 (126729.000.000) 2022-03-30 12:56:34 Job submitted from host: <172.30.1.200:9618?addrs=172.30.1.200-9618&alias=tamsa2.snu.ac.kr&noUDP&sock=schedd_3154_f5cb>
...
000 (126729.001.000) 2022-03-30 12:56:34 Job submitted from host: <172.30.1.200:9618?addrs=172.30.1.200-9618&alias=tamsa2.snu.ac.kr&noUDP&sock=schedd_3154_f5cb>
...
000 (126729.002.000) 2022-03-30 12:56:34 Job submitted from host: <172.30.1.200:9618?addrs=172.30.1.200-9618&alias=tamsa2.snu.ac.kr&noUDP&sock=schedd_3154_f5cb>
...
000 (126729.003.000) 2022-03-30 12:56:34 Job submitted from host: <172.30.1.200:9618?addrs=172.30.1.200-9618&alias=tamsa2.snu.ac.kr&noUDP&sock=schedd_3154_f5cb>
...
000 (126729.004.000) 2022-03-30 12:56:34 Job submitted from host: <172.30.1.200:9618?addrs=172.30.1.200-9618&alias=tamsa2.snu.ac.kr&noUDP&sock=schedd_3154_f5cb>
...
000 (126729.005.000) 2022-03-30 12:56:34 Job submitted from host: <172.30.1.200:9618?addrs=172.30.1.200-9618&alias=tamsa2.snu.ac.kr&noUDP&sock=schedd_3154_f5cb>
...
000 (126729.006.000) 2022-03-30 12:56:34 Job submitted from host: <172.30.1.200:9618?addrs=172.30.1.200-9618&alias=tamsa2.snu.ac.kr&noUDP&sock=schedd_3154_f5cb>
...
000 (126729.007.000) 2022-03-30 12:56:34 Job submitted from host: <172.30.1.200:9618?addrs=172.30.1.200-9618&alias=tamsa2.snu.ac.kr&noUDP&sock=schedd_3154_f5cb>
...
000 (126729.008.000) 2022-03-30 12:56:34 Job submitted from host: <172.30.1.200:9618?addrs=172.30.1.200-9618&alias=tamsa2.snu.ac.kr&noUDP&sock=schedd_3154_f5cb>
...
000 (126729.009.000) 2022-03-30 12:56:34 Job submitted from host: <172.30.1.200:9618?addrs=172.30.1.200-9618&alias=tamsa2.snu.ac.kr&noUDP&sock=schedd_3154_f5cb>
...
000 (126729.010.000) 2022-03-30 12:56:34 Job submitted from host: <172.30.1.200:9618?addrs=172.30.1.200-9618&alias=tamsa2.snu.ac.kr&noUDP&sock=schedd_3154_f5cb>
...
000 (126729.011.000) 2022-03-30 12:56:34 Job submitted from host: <172.30.1.200:9618?addrs=172.30.1.200-9618&alias=tamsa2.snu.ac.kr&noUDP&sock=schedd_3154_f5cb>
...
000 (126729.012.000) 2022-03-30 12:56:34 Job submitted from host: <172.30.1.200:9618?addrs=172.30.1.200-9618&alias=tamsa2.snu.ac.kr&noUDP&sock=schedd_3154_f5cb>
...
000 (126729.013.000) 2022-03-30 12:56:34 Job submitted from host: <172.30.1.200:9618?addrs=172.30.1.200-9618&alias=tamsa2.snu.ac.kr&noUDP&sock=schedd_3154_f5cb>
...
000 (126729.014.000) 2022-03-30 12:56:34 Job submitted from host: <172.30.1.200:9618?addrs=172.30.1.200-9618&alias=tamsa2.snu.ac.kr&noUDP&sock=schedd_3154_f5cb>
...
000 (126729.015.000) 2022-03-30 12:56:34 Job submitted from host: <172.30.1.200:9618?addrs=172.30.1.200-9618&alias=tamsa2.snu.ac.kr&noUDP&sock=schedd_3154_f5cb>
...
000 (126729.016.000) 2022-03-30 12:56:34 Job submitted from host: <172.30.1.200:9618?addrs=172.30.1.200-9618&alias=tamsa2.snu.ac.kr&noUDP&sock=schedd_3154_f5cb>
...
000 (126729.017.000) 2022-03-30 12:56:34 Job submitted from host: <172.30.1.200:9618?addrs=172.30.1.200-9618&alias=tamsa2.snu.ac.kr&noUDP&sock=schedd_3154_f5cb>
...
000 (126729.018.000) 2022-03-30 12:56:34 Job submitted from host: <172.30.1.200:9618?addrs=172.30.1.200-9618&alias=tamsa2.snu.ac.kr&noUDP&sock=schedd_3154_f5cb>
...
000 (126729.019.000) 2022-03-30 12:56:34 Job submitted from host: <172.30.1.200:9618?addrs=172.30.1.200-9618&alias=tamsa2.snu.ac.kr&noUDP&sock=schedd_3154_f5cb>
...
001 (126729.001.000) 2022-03-30 12:56:50 Job executing on host: <172.30.1.202:9618?addrs=172.30.1.202-9618&alias=node2&noUDP&sock=startd_3636_9271>
...
001 (126729.000.000) 2022-03-30 12:56:50 Job executing on host: <172.30.1.202:9618?addrs=172.30.1.202-9618&alias=node2&noUDP&sock=startd_3636_9271>
...
001 (126729.002.000) 2022-03-30 12:56:50 Job executing on host: <172.30.1.202:9618?addrs=172.30.1.202-9618&alias=node2&noUDP&sock=startd_3636_9271>
...
001 (126729.003.000) 2022-03-30 12:56:50 Job executing on host: <172.30.1.202:9618?addrs=172.30.1.202-9618&alias=node2&noUDP&sock=startd_3636_9271>
...
001 (126729.004.000) 2022-03-30 12:56:51 Job executing on host: <172.30.1.202:9618?addrs=172.30.1.202-9618&alias=node2&noUDP&sock=startd_3636_9271>
...
001 (126729.005.000) 2022-03-30 12:56:51 Job executing on host: <172.30.1.202:9618?addrs=172.30.1.202-9618&alias=node2&noUDP&sock=startd_3636_9271>
...
001 (126729.006.000) 2022-03-30 12:56:51 Job executing on host: <172.30.1.202:9618?addrs=172.30.1.202-9618&alias=node2&noUDP&sock=startd_3636_9271>
...
001 (126729.009.000) 2022-03-30 12:56:51 Job executing on host: <172.30.1.202:9618?addrs=172.30.1.202-9618&alias=node2&noUDP&sock=startd_3636_9271>
...
001 (126729.007.000) 2022-03-30 12:56:51 Job executing on host: <172.30.1.202:9618?addrs=172.30.1.202-9618&alias=node2&noUDP&sock=startd_3636_9271>
...
001 (126729.010.000) 2022-03-30 12:56:51 Job executing on host: <172.30.1.202:9618?addrs=172.30.1.202-9618&alias=node2&noUDP&sock=startd_3636_9271>
...
001 (126729.008.000) 2022-03-30 12:56:51 Job executing on host: <172.30.1.202:9618?addrs=172.30.1.202-9618&alias=node2&noUDP&sock=startd_3636_9271>
...
001 (126729.011.000) 2022-03-30 12:56:51 Job executing on host: <172.30.1.202:9618?addrs=172.30.1.202-9618&alias=node2&noUDP&sock=startd_3636_9271>
...
001 (126729.012.000) 2022-03-30 12:56:51 Job executing on host: <172.30.1.202:9618?addrs=172.30.1.202-9618&alias=node2&noUDP&sock=startd_3636_9271>
...
001 (126729.014.000) 2022-03-30 12:56:51 Job executing on host: <172.30.1.202:9618?addrs=172.30.1.202-9618&alias=node2&noUDP&sock=startd_3636_9271>
...
001 (126729.013.000) 2022-03-30 12:56:51 Job executing on host: <172.30.1.202:9618?addrs=172.30.1.202-9618&alias=node2&noUDP&sock=startd_3636_9271>
...
001 (126729.015.000) 2022-03-30 12:56:51 Job executing on host: <172.30.1.202:9618?addrs=172.30.1.202-9618&alias=node2&noUDP&sock=startd_3636_9271>
...
001 (126729.017.000) 2022-03-30 12:56:51 Job executing on host: <172.30.1.202:9618?addrs=172.30.1.202-9618&alias=node2&noUDP&sock=startd_3636_9271>
...
001 (126729.016.000) 2022-03-30 12:56:51 Job executing on host: <172.30.1.202:9618?addrs=172.30.1.202-9618&alias=node2&noUDP&sock=startd_3636_9271>
...
001 (126729.018.000) 2022-03-30 12:56:51 Job executing on host: <172.30.1.202:9618?addrs=172.30.1.202-9618&alias=node2&noUDP&sock=startd_3636_9271>
...
001 (126729.019.000) 2022-03-30 12:56:52 Job executing on host: <172.30.1.202:9618?addrs=172.30.1.202-9618&alias=node2&noUDP&sock=startd_3636_9271>
...
006 (126729.003.000) 2022-03-30 12:56:59 Image size of job updated: 393512
	149  -  MemoryUsage of job (MB)
	152028  -  ResidentSetSize of job (KB)
...
006 (126729.004.000) 2022-03-30 12:56:59 Image size of job updated: 393512
	149  -  MemoryUsage of job (MB)
	152144  -  ResidentSetSize of job (KB)
...
006 (126729.005.000) 2022-03-30 12:56:59 Image size of job updated: 393512
	149  -  MemoryUsage of job (MB)
	152560  -  ResidentSetSize of job (KB)
...
006 (126729.006.000) 2022-03-30 12:56:59 Image size of job updated: 393644
	150  -  MemoryUsage of job (MB)
	152596  -  ResidentSetSize of job (KB)
...
006 (126729.009.000) 2022-03-30 12:56:59 Image size of job updated: 393512
	150  -  MemoryUsage of job (MB)
	153092  -  ResidentSetSize of job (KB)
...
006 (126729.007.000) 2022-03-30 12:56:59 Image size of job updated: 393016
	151  -  MemoryUsage of job (MB)
	153872  -  ResidentSetSize of job (KB)
...
006 (126729.010.000) 2022-03-30 12:56:59 Image size of job updated: 447264
	152  -  MemoryUsage of job (MB)
	154832  -  ResidentSetSize of job (KB)
...
006 (126729.008.000) 2022-03-30 12:56:59 Image size of job updated: 447268
	152  -  MemoryUsage of job (MB)
	155012  -  ResidentSetSize of job (KB)
...
006 (126729.011.000) 2022-03-30 12:56:59 Image size of job updated: 385620
	154  -  MemoryUsage of job (MB)
	157288  -  ResidentSetSize of job (KB)
...
006 (126729.001.000) 2022-03-30 12:56:59 Image size of job updated: 393512
	161  -  MemoryUsage of job (MB)
	163964  -  ResidentSetSize of job (KB)
...
006 (126729.000.000) 2022-03-30 12:56:59 Image size of job updated: 393512
	161  -  MemoryUsage of job (MB)
	163964  -  ResidentSetSize of job (KB)
...
006 (126729.002.000) 2022-03-30 12:56:59 Image size of job updated: 393512
	161  -  MemoryUsage of job (MB)
	164684  -  ResidentSetSize of job (KB)
...
006 (126729.018.000) 2022-03-30 12:57:00 Image size of job updated: 318692
	163  -  MemoryUsage of job (MB)
	166536  -  ResidentSetSize of job (KB)
...
006 (126729.019.000) 2022-03-30 12:57:00 Image size of job updated: 216012
	165  -  MemoryUsage of job (MB)
	168952  -  ResidentSetSize of job (KB)
...
006 (126729.012.000) 2022-03-30 12:57:00 Image size of job updated: 385536
	175  -  MemoryUsage of job (MB)
	178320  -  ResidentSetSize of job (KB)
...
006 (126729.014.000) 2022-03-30 12:57:00 Image size of job updated: 385488
	175  -  MemoryUsage of job (MB)
	178480  -  ResidentSetSize of job (KB)
...
006 (126729.013.000) 2022-03-30 12:57:00 Image size of job updated: 369548
	177  -  MemoryUsage of job (MB)
	180800  -  ResidentSetSize of job (KB)
...
006 (126729.015.000) 2022-03-30 12:57:00 Image size of job updated: 369548
	177  -  MemoryUsage of job (MB)
	180816  -  ResidentSetSize of job (KB)
...
006 (126729.017.000) 2022-03-30 12:57:00 Image size of job updated: 318692
	177  -  MemoryUsage of job (MB)
	180808  -  ResidentSetSize of job (KB)
...
006 (126729.016.000) 2022-03-30 12:57:00 Image size of job updated: 318692
	177  -  MemoryUsage of job (MB)
	180816  -  ResidentSetSize of job (KB)
...
006 (126729.019.000) 2022-03-30 12:57:05 Image size of job updated: 216012
	166  -  MemoryUsage of job (MB)
	169260  -  ResidentSetSize of job (KB)
...
005 (126729.019.000) 2022-03-30 12:57:05 Job terminated.
	(1) Normal termination (return value 0)
		Usr 0 00:00:06, Sys 0 00:00:02  -  Run Remote Usage
		Usr 0 00:00:00, Sys 0 00:00:00  -  Run Local Usage
		Usr 0 00:00:06, Sys 0 00:00:02  -  Total Remote Usage
		Usr 0 00:00:00, Sys 0 00:00:00  -  Total Local Usage
	0  -  Run Bytes Sent By Job
	0  -  Run Bytes Received By Job
	0  -  Total Bytes Sent By Job
	0  -  Total Bytes Received By Job
	Partitionable Resources :    Usage  Request Allocated 
	   Cpus                 :                 1         1 
	   Disk (KB)            :        1        1    129249 
	   Memory (MB)          :      166     3900      3968 

	Job terminated of its own accord at 2022-03-30T03:57:05Z.
...
006 (126729.012.000) 2022-03-30 12:57:05 Image size of job updated: 689520
	175  -  MemoryUsage of job (MB)
	178320  -  ResidentSetSize of job (KB)
...
005 (126729.012.000) 2022-03-30 12:57:05 Job terminated.
	(1) Normal termination (return value 0)
		Usr 0 00:00:06, Sys 0 00:00:02  -  Run Remote Usage
		Usr 0 00:00:00, Sys 0 00:00:00  -  Run Local Usage
		Usr 0 00:00:06, Sys 0 00:00:02  -  Total Remote Usage
		Usr 0 00:00:00, Sys 0 00:00:00  -  Total Local Usage
	0  -  Run Bytes Sent By Job
	0  -  Run Bytes Received By Job
	0  -  Total Bytes Sent By Job
	0  -  Total Bytes Received By Job
	Partitionable Resources :    Usage  Request Allocated 
	   Cpus                 :                 1         1 
	   Disk (KB)            :        1        1    129249 
	   Memory (MB)          :      175     3900      3968 

	Job terminated of its own accord at 2022-03-30T03:57:05Z.
...
006 (126729.015.000) 2022-03-30 12:57:05 Image size of job updated: 689816
	177  -  MemoryUsage of job (MB)
	180816  -  ResidentSetSize of job (KB)
...
005 (126729.015.000) 2022-03-30 12:57:05 Job terminated.
	(1) Normal termination (return value 0)
		Usr 0 00:00:07, Sys 0 00:00:02  -  Run Remote Usage
		Usr 0 00:00:00, Sys 0 00:00:00  -  Run Local Usage
		Usr 0 00:00:07, Sys 0 00:00:02  -  Total Remote Usage
		Usr 0 00:00:00, Sys 0 00:00:00  -  Total Local Usage
	0  -  Run Bytes Sent By Job
	0  -  Run Bytes Received By Job
	0  -  Total Bytes Sent By Job
	0  -  Total Bytes Received By Job
	Partitionable Resources :    Usage  Request Allocated 
	   Cpus                 :                 1         1 
	   Disk (KB)            :        1        1    129249 
	   Memory (MB)          :      177     3900      3968 

	Job terminated of its own accord at 2022-03-30T03:57:05Z.
...
006 (126729.007.000) 2022-03-30 12:57:05 Image size of job updated: 689608
	151  -  MemoryUsage of job (MB)
	153896  -  ResidentSetSize of job (KB)
...
005 (126729.007.000) 2022-03-30 12:57:05 Job terminated.
	(1) Normal termination (return value 0)
		Usr 0 00:00:07, Sys 0 00:00:02  -  Run Remote Usage
		Usr 0 00:00:00, Sys 0 00:00:00  -  Run Local Usage
		Usr 0 00:00:07, Sys 0 00:00:02  -  Total Remote Usage
		Usr 0 00:00:00, Sys 0 00:00:00  -  Total Local Usage
	0  -  Run Bytes Sent By Job
	0  -  Run Bytes Received By Job
	0  -  Total Bytes Sent By Job
	0  -  Total Bytes Received By Job
	Partitionable Resources :    Usage  Request Allocated 
	   Cpus                 :                 1         1 
	   Disk (KB)            :        1        1    129249 
	   Memory (MB)          :      151     3900      3968 

	Job terminated of its own accord at 2022-03-30T03:57:05Z.
...
006 (126729.016.000) 2022-03-30 12:57:05 Image size of job updated: 689536
	177  -  MemoryUsage of job (MB)
	180816  -  ResidentSetSize of job (KB)
...
005 (126729.016.000) 2022-03-30 12:57:05 Job terminated.
	(1) Normal termination (return value 0)
		Usr 0 00:00:07, Sys 0 00:00:02  -  Run Remote Usage
		Usr 0 00:00:00, Sys 0 00:00:00  -  Run Local Usage
		Usr 0 00:00:07, Sys 0 00:00:02  -  Total Remote Usage
		Usr 0 00:00:00, Sys 0 00:00:00  -  Total Local Usage
	0  -  Run Bytes Sent By Job
	0  -  Run Bytes Received By Job
	0  -  Total Bytes Sent By Job
	0  -  Total Bytes Received By Job
	Partitionable Resources :    Usage  Request Allocated 
	   Cpus                 :                 1         1 
	   Disk (KB)            :        1        1    129249 
	   Memory (MB)          :      177     3900      3968 

	Job terminated of its own accord at 2022-03-30T03:57:05Z.
...
006 (126729.017.000) 2022-03-30 12:57:06 Image size of job updated: 683044
	177  -  MemoryUsage of job (MB)
	180808  -  ResidentSetSize of job (KB)
...
006 (126729.002.000) 2022-03-30 12:57:06 Image size of job updated: 689624
	161  -  MemoryUsage of job (MB)
	164688  -  ResidentSetSize of job (KB)
...
005 (126729.017.000) 2022-03-30 12:57:06 Job terminated.
	(1) Normal termination (return value 0)
		Usr 0 00:00:08, Sys 0 00:00:02  -  Run Remote Usage
		Usr 0 00:00:00, Sys 0 00:00:00  -  Run Local Usage
		Usr 0 00:00:08, Sys 0 00:00:02  -  Total Remote Usage
		Usr 0 00:00:00, Sys 0 00:00:00  -  Total Local Usage
	0  -  Run Bytes Sent By Job
	0  -  Run Bytes Received By Job
	0  -  Total Bytes Sent By Job
	0  -  Total Bytes Received By Job
	Partitionable Resources :    Usage  Request Allocated 
	   Cpus                 :                 1         1 
	   Disk (KB)            :        1        1    129249 
	   Memory (MB)          :      177     3900      3968 

	Job terminated of its own accord at 2022-03-30T03:57:06Z.
...
005 (126729.002.000) 2022-03-30 12:57:06 Job terminated.
	(1) Normal termination (return value 0)
		Usr 0 00:00:07, Sys 0 00:00:02  -  Run Remote Usage
		Usr 0 00:00:00, Sys 0 00:00:00  -  Run Local Usage
		Usr 0 00:00:07, Sys 0 00:00:02  -  Total Remote Usage
		Usr 0 00:00:00, Sys 0 00:00:00  -  Total Local Usage
	0  -  Run Bytes Sent By Job
	0  -  Run Bytes Received By Job
	0  -  Total Bytes Sent By Job
	0  -  Total Bytes Received By Job
	Partitionable Resources :    Usage  Request Allocated 
	   Cpus                 :                 1         1 
	   Disk (KB)            :        1        1    129249 
	   Memory (MB)          :      161     3900      3968 

	Job terminated of its own accord at 2022-03-30T03:57:06Z.
...
006 (126729.010.000) 2022-03-30 12:57:06 Image size of job updated: 689288
	152  -  MemoryUsage of job (MB)
	154832  -  ResidentSetSize of job (KB)
...
005 (126729.010.000) 2022-03-30 12:57:06 Job terminated.
	(1) Normal termination (return value 0)
		Usr 0 00:00:08, Sys 0 00:00:02  -  Run Remote Usage
		Usr 0 00:00:00, Sys 0 00:00:00  -  Run Local Usage
		Usr 0 00:00:08, Sys 0 00:00:02  -  Total Remote Usage
		Usr 0 00:00:00, Sys 0 00:00:00  -  Total Local Usage
	0  -  Run Bytes Sent By Job
	0  -  Run Bytes Received By Job
	0  -  Total Bytes Sent By Job
	0  -  Total Bytes Received By Job
	Partitionable Resources :    Usage  Request Allocated 
	   Cpus                 :                 1         1 
	   Disk (KB)            :        1        1    129249 
	   Memory (MB)          :      152     3900      3968 

	Job terminated of its own accord at 2022-03-30T03:57:06Z.
...
006 (126729.011.000) 2022-03-30 12:57:06 Image size of job updated: 689476
	154  -  MemoryUsage of job (MB)
	157320  -  ResidentSetSize of job (KB)
...
005 (126729.011.000) 2022-03-30 12:57:07 Job terminated.
	(1) Normal termination (return value 0)
		Usr 0 00:00:08, Sys 0 00:00:02  -  Run Remote Usage
		Usr 0 00:00:00, Sys 0 00:00:00  -  Run Local Usage
		Usr 0 00:00:08, Sys 0 00:00:02  -  Total Remote Usage
		Usr 0 00:00:00, Sys 0 00:00:00  -  Total Local Usage
	0  -  Run Bytes Sent By Job
	0  -  Run Bytes Received By Job
	0  -  Total Bytes Sent By Job
	0  -  Total Bytes Received By Job
	Partitionable Resources :    Usage  Request Allocated 
	   Cpus                 :                 1         1 
	   Disk (KB)            :        1        1    129249 
	   Memory (MB)          :      154     3900      3968 

	Job terminated of its own accord at 2022-03-30T03:57:06Z.
...
006 (126729.003.000) 2022-03-30 12:57:07 Image size of job updated: 689616
	149  -  MemoryUsage of job (MB)
	152028  -  ResidentSetSize of job (KB)
...
005 (126729.003.000) 2022-03-30 12:57:07 Job terminated.
	(1) Normal termination (return value 0)
		Usr 0 00:00:08, Sys 0 00:00:02  -  Run Remote Usage
		Usr 0 00:00:00, Sys 0 00:00:00  -  Run Local Usage
		Usr 0 00:00:08, Sys 0 00:00:02  -  Total Remote Usage
		Usr 0 00:00:00, Sys 0 00:00:00  -  Total Local Usage
	0  -  Run Bytes Sent By Job
	0  -  Run Bytes Received By Job
	0  -  Total Bytes Sent By Job
	0  -  Total Bytes Received By Job
	Partitionable Resources :    Usage  Request Allocated 
	   Cpus                 :                 1         1 
	   Disk (KB)            :        1        1    129249 
	   Memory (MB)          :      149     3900      3968 

	Job terminated of its own accord at 2022-03-30T03:57:07Z.
...
006 (126729.018.000) 2022-03-30 12:57:07 Image size of job updated: 689732
	163  -  MemoryUsage of job (MB)
	166544  -  ResidentSetSize of job (KB)
...
005 (126729.018.000) 2022-03-30 12:57:07 Job terminated.
	(1) Normal termination (return value 0)
		Usr 0 00:00:08, Sys 0 00:00:02  -  Run Remote Usage
		Usr 0 00:00:00, Sys 0 00:00:00  -  Run Local Usage
		Usr 0 00:00:08, Sys 0 00:00:02  -  Total Remote Usage
		Usr 0 00:00:00, Sys 0 00:00:00  -  Total Local Usage
	0  -  Run Bytes Sent By Job
	0  -  Run Bytes Received By Job
	0  -  Total Bytes Sent By Job
	0  -  Total Bytes Received By Job
	Partitionable Resources :    Usage  Request Allocated 
	   Cpus                 :                 1         1 
	   Disk (KB)            :        1        1    129249 
	   Memory (MB)          :      163     3900      3968 

	Job terminated of its own accord at 2022-03-30T03:57:07Z.
...
006 (126729.008.000) 2022-03-30 12:57:07 Image size of job updated: 689860
	152  -  MemoryUsage of job (MB)
	155072  -  ResidentSetSize of job (KB)
...
005 (126729.008.000) 2022-03-30 12:57:07 Job terminated.
	(1) Normal termination (return value 0)
		Usr 0 00:00:09, Sys 0 00:00:02  -  Run Remote Usage
		Usr 0 00:00:00, Sys 0 00:00:00  -  Run Local Usage
		Usr 0 00:00:09, Sys 0 00:00:02  -  Total Remote Usage
		Usr 0 00:00:00, Sys 0 00:00:00  -  Total Local Usage
	0  -  Run Bytes Sent By Job
	0  -  Run Bytes Received By Job
	0  -  Total Bytes Sent By Job
	0  -  Total Bytes Received By Job
	Partitionable Resources :    Usage  Request Allocated 
	   Cpus                 :                 1         1 
	   Disk (KB)            :        1        1    129249 
	   Memory (MB)          :      152     3900      3968 

	Job terminated of its own accord at 2022-03-30T03:57:07Z.
...
006 (126729.001.000) 2022-03-30 12:57:07 Image size of job updated: 689628
	161  -  MemoryUsage of job (MB)
	163964  -  ResidentSetSize of job (KB)
...
005 (126729.001.000) 2022-03-30 12:57:07 Job terminated.
	(1) Normal termination (return value 0)
		Usr 0 00:00:09, Sys 0 00:00:02  -  Run Remote Usage
		Usr 0 00:00:00, Sys 0 00:00:00  -  Run Local Usage
		Usr 0 00:00:09, Sys 0 00:00:02  -  Total Remote Usage
		Usr 0 00:00:00, Sys 0 00:00:00  -  Total Local Usage
	0  -  Run Bytes Sent By Job
	0  -  Run Bytes Received By Job
	0  -  Total Bytes Sent By Job
	0  -  Total Bytes Received By Job
	Partitionable Resources :    Usage  Request Allocated 
	   Cpus                 :                 1         1 
	   Disk (KB)            :        1        1    129249 
	   Memory (MB)          :      161     3900      3968 

	Job terminated of its own accord at 2022-03-30T03:57:07Z.
...
006 (126729.000.000) 2022-03-30 12:57:07 Image size of job updated: 689360
	161  -  MemoryUsage of job (MB)
	163964  -  ResidentSetSize of job (KB)
...
005 (126729.000.000) 2022-03-30 12:57:07 Job terminated.
	(1) Normal termination (return value 0)
		Usr 0 00:00:09, Sys 0 00:00:02  -  Run Remote Usage
		Usr 0 00:00:00, Sys 0 00:00:00  -  Run Local Usage
		Usr 0 00:00:09, Sys 0 00:00:02  -  Total Remote Usage
		Usr 0 00:00:00, Sys 0 00:00:00  -  Total Local Usage
	0  -  Run Bytes Sent By Job
	0  -  Run Bytes Received By Job
	0  -  Total Bytes Sent By Job
	0  -  Total Bytes Received By Job
	Partitionable Resources :    Usage  Request Allocated 
	   Cpus                 :                 1         1 
	   Disk (KB)            :        1        1    129249 
	   Memory (MB)          :      161     3900      3968 

	Job terminated of its own accord at 2022-03-30T03:57:07Z.
...
006 (126729.014.000) 2022-03-30 12:57:08 Image size of job updated: 689448
	175  -  MemoryUsage of job (MB)
	178480  -  ResidentSetSize of job (KB)
...
005 (126729.014.000) 2022-03-30 12:57:08 Job terminated.
	(1) Normal termination (return value 0)
		Usr 0 00:00:09, Sys 0 00:00:02  -  Run Remote Usage
		Usr 0 00:00:00, Sys 0 00:00:00  -  Run Local Usage
		Usr 0 00:00:09, Sys 0 00:00:02  -  Total Remote Usage
		Usr 0 00:00:00, Sys 0 00:00:00  -  Total Local Usage
	0  -  Run Bytes Sent By Job
	0  -  Run Bytes Received By Job
	0  -  Total Bytes Sent By Job
	0  -  Total Bytes Received By Job
	Partitionable Resources :    Usage  Request Allocated 
	   Cpus                 :                 1         1 
	   Disk (KB)            :        1        1    129249 
	   Memory (MB)          :      175     3900      3968 

	Job terminated of its own accord at 2022-03-30T03:57:08Z.
...
006 (126729.005.000) 2022-03-30 12:57:08 Image size of job updated: 690088
	149  -  MemoryUsage of job (MB)
	152560  -  ResidentSetSize of job (KB)
...
005 (126729.005.000) 2022-03-30 12:57:08 Job terminated.
	(1) Normal termination (return value 0)
		Usr 0 00:00:09, Sys 0 00:00:02  -  Run Remote Usage
		Usr 0 00:00:00, Sys 0 00:00:00  -  Run Local Usage
		Usr 0 00:00:09, Sys 0 00:00:02  -  Total Remote Usage
		Usr 0 00:00:00, Sys 0 00:00:00  -  Total Local Usage
	0  -  Run Bytes Sent By Job
	0  -  Run Bytes Received By Job
	0  -  Total Bytes Sent By Job
	0  -  Total Bytes Received By Job
	Partitionable Resources :    Usage  Request Allocated 
	   Cpus                 :                 1         1 
	   Disk (KB)            :        1        1    129249 
	   Memory (MB)          :      149     3900      3968 

	Job terminated of its own accord at 2022-03-30T03:57:08Z.
...
006 (126729.009.000) 2022-03-30 12:57:08 Image size of job updated: 689864
	150  -  MemoryUsage of job (MB)
	153092  -  ResidentSetSize of job (KB)
...
005 (126729.009.000) 2022-03-30 12:57:08 Job terminated.
	(1) Normal termination (return value 0)
		Usr 0 00:00:10, Sys 0 00:00:03  -  Run Remote Usage
		Usr 0 00:00:00, Sys 0 00:00:00  -  Run Local Usage
		Usr 0 00:00:10, Sys 0 00:00:03  -  Total Remote Usage
		Usr 0 00:00:00, Sys 0 00:00:00  -  Total Local Usage
	0  -  Run Bytes Sent By Job
	0  -  Run Bytes Received By Job
	0  -  Total Bytes Sent By Job
	0  -  Total Bytes Received By Job
	Partitionable Resources :    Usage  Request Allocated 
	   Cpus                 :                 1         1 
	   Disk (KB)            :        1        1    129249 
	   Memory (MB)          :      150     3900      3968 

	Job terminated of its own accord at 2022-03-30T03:57:08Z.
...
006 (126729.013.000) 2022-03-30 12:57:08 Image size of job updated: 689812
	177  -  MemoryUsage of job (MB)
	180800  -  ResidentSetSize of job (KB)
...
005 (126729.013.000) 2022-03-30 12:57:09 Job terminated.
	(1) Normal termination (return value 0)
		Usr 0 00:00:10, Sys 0 00:00:02  -  Run Remote Usage
		Usr 0 00:00:00, Sys 0 00:00:00  -  Run Local Usage
		Usr 0 00:00:10, Sys 0 00:00:02  -  Total Remote Usage
		Usr 0 00:00:00, Sys 0 00:00:00  -  Total Local Usage
	0  -  Run Bytes Sent By Job
	0  -  Run Bytes Received By Job
	0  -  Total Bytes Sent By Job
	0  -  Total Bytes Received By Job
	Partitionable Resources :    Usage  Request Allocated 
	   Cpus                 :                 1         1 
	   Disk (KB)            :        1        1    129249 
	   Memory (MB)          :      177     3900      3968 

	Job terminated of its own accord at 2022-03-30T03:57:08Z.
...
006 (126729.006.000) 2022-03-30 12:57:09 Image size of job updated: 690032
	150  -  MemoryUsage of job (MB)
	152596  -  ResidentSetSize of job (KB)
...
005 (126729.006.000) 2022-03-30 12:57:09 Job terminated.
	(1) Normal termination (return value 0)
		Usr 0 00:00:11, Sys 0 00:00:02  -  Run Remote Usage
		Usr 0 00:00:00, Sys 0 00:00:00  -  Run Local Usage
		Usr 0 00:00:11, Sys 0 00:00:02  -  Total Remote Usage
		Usr 0 00:00:00, Sys 0 00:00:00  -  Total Local Usage
	0  -  Run Bytes Sent By Job
	0  -  Run Bytes Received By Job
	0  -  Total Bytes Sent By Job
	0  -  Total Bytes Received By Job
	Partitionable Resources :    Usage  Request Allocated 
	   Cpus                 :                 1         1 
	   Disk (KB)            :        1        1    129249 
	   Memory (MB)          :      150     3900      3968 

	Job terminated of its own accord at 2022-03-30T03:57:09Z.
...
006 (126729.004.000) 2022-03-30 12:57:11 Image size of job updated: 690136
	149  -  MemoryUsage of job (MB)
	152144  -  ResidentSetSize of job (KB)
...
005 (126729.004.000) 2022-03-30 12:57:11 Job terminated.
	(1) Normal termination (return value 0)
		Usr 0 00:00:12, Sys 0 00:00:02  -  Run Remote Usage
		Usr 0 00:00:00, Sys 0 00:00:00  -  Run Local Usage
		Usr 0 00:00:12, Sys 0 00:00:02  -  Total Remote Usage
		Usr 0 00:00:00, Sys 0 00:00:00  -  Total Local Usage
	0  -  Run Bytes Sent By Job
	0  -  Run Bytes Received By Job
	0  -  Total Bytes Sent By Job
	0  -  Total Bytes Received By Job
	Partitionable Resources :    Usage  Request Allocated 
	   Cpus                 :                 1         1 
	   Disk (KB)            :        1        1    129249 
	   Memory (MB)          :      149     3900      3968 

	Job terminated of its own accord at 2022-03-30T03:57:11Z.
...
