000 (126339.000.000) 2022-03-28 20:09:12 Job submitted from host: <172.30.1.200:9618?addrs=172.30.1.200-9618&alias=tamsa2.snu.ac.kr&noUDP&sock=schedd_3154_f5cb>
...
000 (126339.001.000) 2022-03-28 20:09:12 Job submitted from host: <172.30.1.200:9618?addrs=172.30.1.200-9618&alias=tamsa2.snu.ac.kr&noUDP&sock=schedd_3154_f5cb>
...
000 (126339.002.000) 2022-03-28 20:09:12 Job submitted from host: <172.30.1.200:9618?addrs=172.30.1.200-9618&alias=tamsa2.snu.ac.kr&noUDP&sock=schedd_3154_f5cb>
...
000 (126339.003.000) 2022-03-28 20:09:12 Job submitted from host: <172.30.1.200:9618?addrs=172.30.1.200-9618&alias=tamsa2.snu.ac.kr&noUDP&sock=schedd_3154_f5cb>
...
000 (126339.004.000) 2022-03-28 20:09:12 Job submitted from host: <172.30.1.200:9618?addrs=172.30.1.200-9618&alias=tamsa2.snu.ac.kr&noUDP&sock=schedd_3154_f5cb>
...
000 (126339.005.000) 2022-03-28 20:09:12 Job submitted from host: <172.30.1.200:9618?addrs=172.30.1.200-9618&alias=tamsa2.snu.ac.kr&noUDP&sock=schedd_3154_f5cb>
...
000 (126339.006.000) 2022-03-28 20:09:12 Job submitted from host: <172.30.1.200:9618?addrs=172.30.1.200-9618&alias=tamsa2.snu.ac.kr&noUDP&sock=schedd_3154_f5cb>
...
000 (126339.007.000) 2022-03-28 20:09:12 Job submitted from host: <172.30.1.200:9618?addrs=172.30.1.200-9618&alias=tamsa2.snu.ac.kr&noUDP&sock=schedd_3154_f5cb>
...
000 (126339.008.000) 2022-03-28 20:09:12 Job submitted from host: <172.30.1.200:9618?addrs=172.30.1.200-9618&alias=tamsa2.snu.ac.kr&noUDP&sock=schedd_3154_f5cb>
...
000 (126339.009.000) 2022-03-28 20:09:12 Job submitted from host: <172.30.1.200:9618?addrs=172.30.1.200-9618&alias=tamsa2.snu.ac.kr&noUDP&sock=schedd_3154_f5cb>
...
000 (126339.010.000) 2022-03-28 20:09:12 Job submitted from host: <172.30.1.200:9618?addrs=172.30.1.200-9618&alias=tamsa2.snu.ac.kr&noUDP&sock=schedd_3154_f5cb>
...
000 (126339.011.000) 2022-03-28 20:09:12 Job submitted from host: <172.30.1.200:9618?addrs=172.30.1.200-9618&alias=tamsa2.snu.ac.kr&noUDP&sock=schedd_3154_f5cb>
...
000 (126339.012.000) 2022-03-28 20:09:12 Job submitted from host: <172.30.1.200:9618?addrs=172.30.1.200-9618&alias=tamsa2.snu.ac.kr&noUDP&sock=schedd_3154_f5cb>
...
000 (126339.013.000) 2022-03-28 20:09:12 Job submitted from host: <172.30.1.200:9618?addrs=172.30.1.200-9618&alias=tamsa2.snu.ac.kr&noUDP&sock=schedd_3154_f5cb>
...
000 (126339.014.000) 2022-03-28 20:09:12 Job submitted from host: <172.30.1.200:9618?addrs=172.30.1.200-9618&alias=tamsa2.snu.ac.kr&noUDP&sock=schedd_3154_f5cb>
...
000 (126339.015.000) 2022-03-28 20:09:12 Job submitted from host: <172.30.1.200:9618?addrs=172.30.1.200-9618&alias=tamsa2.snu.ac.kr&noUDP&sock=schedd_3154_f5cb>
...
000 (126339.016.000) 2022-03-28 20:09:12 Job submitted from host: <172.30.1.200:9618?addrs=172.30.1.200-9618&alias=tamsa2.snu.ac.kr&noUDP&sock=schedd_3154_f5cb>
...
000 (126339.017.000) 2022-03-28 20:09:12 Job submitted from host: <172.30.1.200:9618?addrs=172.30.1.200-9618&alias=tamsa2.snu.ac.kr&noUDP&sock=schedd_3154_f5cb>
...
000 (126339.018.000) 2022-03-28 20:09:12 Job submitted from host: <172.30.1.200:9618?addrs=172.30.1.200-9618&alias=tamsa2.snu.ac.kr&noUDP&sock=schedd_3154_f5cb>
...
000 (126339.019.000) 2022-03-28 20:09:12 Job submitted from host: <172.30.1.200:9618?addrs=172.30.1.200-9618&alias=tamsa2.snu.ac.kr&noUDP&sock=schedd_3154_f5cb>
...
001 (126339.006.000) 2022-03-28 20:09:23 Job executing on host: <172.30.1.204:9618?addrs=172.30.1.204-9618&alias=node4&noUDP&sock=startd_3623_a7b6>
...
001 (126339.007.000) 2022-03-28 20:09:23 Job executing on host: <172.30.1.204:9618?addrs=172.30.1.204-9618&alias=node4&noUDP&sock=startd_3623_a7b6>
...
001 (126339.008.000) 2022-03-28 20:09:23 Job executing on host: <172.30.1.204:9618?addrs=172.30.1.204-9618&alias=node4&noUDP&sock=startd_3623_a7b6>
...
001 (126339.009.000) 2022-03-28 20:09:23 Job executing on host: <172.30.1.204:9618?addrs=172.30.1.204-9618&alias=node4&noUDP&sock=startd_3623_a7b6>
...
001 (126339.010.000) 2022-03-28 20:09:23 Job executing on host: <172.30.1.204:9618?addrs=172.30.1.204-9618&alias=node4&noUDP&sock=startd_3623_a7b6>
...
001 (126339.011.000) 2022-03-28 20:09:23 Job executing on host: <172.30.1.204:9618?addrs=172.30.1.204-9618&alias=node4&noUDP&sock=startd_3623_a7b6>
...
001 (126339.012.000) 2022-03-28 20:09:23 Job executing on host: <172.30.1.204:9618?addrs=172.30.1.204-9618&alias=node4&noUDP&sock=startd_3623_a7b6>
...
001 (126339.013.000) 2022-03-28 20:09:23 Job executing on host: <172.30.1.204:9618?addrs=172.30.1.204-9618&alias=node4&noUDP&sock=startd_3623_a7b6>
...
001 (126339.014.000) 2022-03-28 20:09:23 Job executing on host: <172.30.1.204:9618?addrs=172.30.1.204-9618&alias=node4&noUDP&sock=startd_3623_a7b6>
...
001 (126339.015.000) 2022-03-28 20:09:23 Job executing on host: <172.30.1.204:9618?addrs=172.30.1.204-9618&alias=node4&noUDP&sock=startd_3623_a7b6>
...
001 (126339.016.000) 2022-03-28 20:09:23 Job executing on host: <172.30.1.204:9618?addrs=172.30.1.204-9618&alias=node4&noUDP&sock=startd_3623_a7b6>
...
001 (126339.017.000) 2022-03-28 20:09:23 Job executing on host: <172.30.1.204:9618?addrs=172.30.1.204-9618&alias=node4&noUDP&sock=startd_3623_a7b6>
...
001 (126339.018.000) 2022-03-28 20:09:23 Job executing on host: <172.30.1.204:9618?addrs=172.30.1.204-9618&alias=node4&noUDP&sock=startd_3623_a7b6>
...
001 (126339.019.000) 2022-03-28 20:09:23 Job executing on host: <172.30.1.204:9618?addrs=172.30.1.204-9618&alias=node4&noUDP&sock=startd_3623_a7b6>
...
001 (126339.000.000) 2022-03-28 20:09:25 Job executing on host: <172.30.1.203:9618?addrs=172.30.1.203-9618&alias=node3&noUDP&sock=startd_3597_d240>
...
001 (126339.001.000) 2022-03-28 20:09:25 Job executing on host: <172.30.1.203:9618?addrs=172.30.1.203-9618&alias=node3&noUDP&sock=startd_3597_d240>
...
001 (126339.002.000) 2022-03-28 20:09:25 Job executing on host: <172.30.1.203:9618?addrs=172.30.1.203-9618&alias=node3&noUDP&sock=startd_3597_d240>
...
001 (126339.003.000) 2022-03-28 20:09:25 Job executing on host: <172.30.1.203:9618?addrs=172.30.1.203-9618&alias=node3&noUDP&sock=startd_3597_d240>
...
001 (126339.004.000) 2022-03-28 20:09:25 Job executing on host: <172.30.1.203:9618?addrs=172.30.1.203-9618&alias=node3&noUDP&sock=startd_3597_d240>
...
001 (126339.005.000) 2022-03-28 20:09:25 Job executing on host: <172.30.1.203:9618?addrs=172.30.1.203-9618&alias=node3&noUDP&sock=startd_3597_d240>
...
006 (126339.006.000) 2022-03-28 20:09:31 Image size of job updated: 691428
	208  -  MemoryUsage of job (MB)
	212640  -  ResidentSetSize of job (KB)
...
006 (126339.007.000) 2022-03-28 20:09:31 Image size of job updated: 647748
	195  -  MemoryUsage of job (MB)
	198664  -  ResidentSetSize of job (KB)
...
006 (126339.009.000) 2022-03-28 20:09:31 Image size of job updated: 647748
	185  -  MemoryUsage of job (MB)
	188956  -  ResidentSetSize of job (KB)
...
006 (126339.008.000) 2022-03-28 20:09:31 Image size of job updated: 691388
	208  -  MemoryUsage of job (MB)
	212604  -  ResidentSetSize of job (KB)
...
006 (126339.010.000) 2022-03-28 20:09:31 Image size of job updated: 647752
	198  -  MemoryUsage of job (MB)
	202420  -  ResidentSetSize of job (KB)
...
006 (126339.011.000) 2022-03-28 20:09:31 Image size of job updated: 691332
	210  -  MemoryUsage of job (MB)
	214244  -  ResidentSetSize of job (KB)
...
006 (126339.012.000) 2022-03-28 20:09:31 Image size of job updated: 647760
	185  -  MemoryUsage of job (MB)
	189088  -  ResidentSetSize of job (KB)
...
006 (126339.013.000) 2022-03-28 20:09:32 Image size of job updated: 647756
	210  -  MemoryUsage of job (MB)
	214800  -  ResidentSetSize of job (KB)
...
006 (126339.014.000) 2022-03-28 20:09:32 Image size of job updated: 647756
	185  -  MemoryUsage of job (MB)
	188760  -  ResidentSetSize of job (KB)
...
006 (126339.015.000) 2022-03-28 20:09:32 Image size of job updated: 647748
	195  -  MemoryUsage of job (MB)
	198712  -  ResidentSetSize of job (KB)
...
006 (126339.016.000) 2022-03-28 20:09:32 Image size of job updated: 655140
	208  -  MemoryUsage of job (MB)
	212760  -  ResidentSetSize of job (KB)
...
006 (126339.017.000) 2022-03-28 20:09:32 Image size of job updated: 647752
	185  -  MemoryUsage of job (MB)
	189116  -  ResidentSetSize of job (KB)
...
006 (126339.018.000) 2022-03-28 20:09:32 Image size of job updated: 647748
	208  -  MemoryUsage of job (MB)
	212720  -  ResidentSetSize of job (KB)
...
006 (126339.019.000) 2022-03-28 20:09:32 Image size of job updated: 655276
	208  -  MemoryUsage of job (MB)
	212668  -  ResidentSetSize of job (KB)
...
006 (126339.000.000) 2022-03-28 20:09:33 Image size of job updated: 188664
	184  -  MemoryUsage of job (MB)
	188128  -  ResidentSetSize of job (KB)
...
006 (126339.001.000) 2022-03-28 20:09:33 Image size of job updated: 189028
	184  -  MemoryUsage of job (MB)
	188128  -  ResidentSetSize of job (KB)
...
006 (126339.002.000) 2022-03-28 20:09:34 Image size of job updated: 189124
	185  -  MemoryUsage of job (MB)
	188564  -  ResidentSetSize of job (KB)
...
006 (126339.003.000) 2022-03-28 20:09:34 Image size of job updated: 189308
	185  -  MemoryUsage of job (MB)
	188560  -  ResidentSetSize of job (KB)
...
006 (126339.004.000) 2022-03-28 20:09:34 Image size of job updated: 202460
	185  -  MemoryUsage of job (MB)
	188624  -  ResidentSetSize of job (KB)
...
006 (126339.005.000) 2022-03-28 20:09:34 Image size of job updated: 202168
	185  -  MemoryUsage of job (MB)
	188640  -  ResidentSetSize of job (KB)
...
005 (126339.011.000) 2022-03-28 20:09:36 Job terminated.
	(1) Normal termination (return value 0)
		Usr 0 00:00:10, Sys 0 00:00:01  -  Run Remote Usage
		Usr 0 00:00:00, Sys 0 00:00:00  -  Run Local Usage
		Usr 0 00:00:10, Sys 0 00:00:01  -  Total Remote Usage
		Usr 0 00:00:00, Sys 0 00:00:00  -  Total Local Usage
	0  -  Run Bytes Sent By Job
	0  -  Run Bytes Received By Job
	0  -  Total Bytes Sent By Job
	0  -  Total Bytes Received By Job
	Partitionable Resources :    Usage  Request Allocated 
	   Cpus                 :                 1         1 
	   Disk (KB)            :        1        1    129249 
	   Memory (MB)          :      210     3900      3968 

	Job terminated of its own accord at 2022-03-28T11:09:36Z.
...
006 (126339.007.000) 2022-03-28 20:09:37 Image size of job updated: 691388
	195  -  MemoryUsage of job (MB)
	198664  -  ResidentSetSize of job (KB)
...
006 (126339.008.000) 2022-03-28 20:09:37 Image size of job updated: 691460
	208  -  MemoryUsage of job (MB)
	212604  -  ResidentSetSize of job (KB)
...
005 (126339.007.000) 2022-03-28 20:09:37 Job terminated.
	(1) Normal termination (return value 0)
		Usr 0 00:00:10, Sys 0 00:00:01  -  Run Remote Usage
		Usr 0 00:00:00, Sys 0 00:00:00  -  Run Local Usage
		Usr 0 00:00:10, Sys 0 00:00:01  -  Total Remote Usage
		Usr 0 00:00:00, Sys 0 00:00:00  -  Total Local Usage
	0  -  Run Bytes Sent By Job
	0  -  Run Bytes Received By Job
	0  -  Total Bytes Sent By Job
	0  -  Total Bytes Received By Job
	Partitionable Resources :    Usage  Request Allocated 
	   Cpus                 :                 1         1 
	   Disk (KB)            :        1        1    129249 
	   Memory (MB)          :      195     3900      3968 

	Job terminated of its own accord at 2022-03-28T11:09:37Z.
...
005 (126339.008.000) 2022-03-28 20:09:37 Job terminated.
	(1) Normal termination (return value 0)
		Usr 0 00:00:09, Sys 0 00:00:01  -  Run Remote Usage
		Usr 0 00:00:00, Sys 0 00:00:00  -  Run Local Usage
		Usr 0 00:00:09, Sys 0 00:00:01  -  Total Remote Usage
		Usr 0 00:00:00, Sys 0 00:00:00  -  Total Local Usage
	0  -  Run Bytes Sent By Job
	0  -  Run Bytes Received By Job
	0  -  Total Bytes Sent By Job
	0  -  Total Bytes Received By Job
	Partitionable Resources :    Usage  Request Allocated 
	   Cpus                 :                 1         1 
	   Disk (KB)            :        1        1    129249 
	   Memory (MB)          :      208     3900      3968 

	Job terminated of its own accord at 2022-03-28T11:09:37Z.
...
006 (126339.009.000) 2022-03-28 20:09:38 Image size of job updated: 691740
	185  -  MemoryUsage of job (MB)
	188956  -  ResidentSetSize of job (KB)
...
005 (126339.009.000) 2022-03-28 20:09:38 Job terminated.
	(1) Normal termination (return value 0)
		Usr 0 00:00:11, Sys 0 00:00:01  -  Run Remote Usage
		Usr 0 00:00:00, Sys 0 00:00:00  -  Run Local Usage
		Usr 0 00:00:11, Sys 0 00:00:01  -  Total Remote Usage
		Usr 0 00:00:00, Sys 0 00:00:00  -  Total Local Usage
	0  -  Run Bytes Sent By Job
	0  -  Run Bytes Received By Job
	0  -  Total Bytes Sent By Job
	0  -  Total Bytes Received By Job
	Partitionable Resources :    Usage  Request Allocated 
	   Cpus                 :                 1         1 
	   Disk (KB)            :        1        1    129249 
	   Memory (MB)          :      185     3900      3968 

	Job terminated of its own accord at 2022-03-28T11:09:38Z.
...
006 (126339.015.000) 2022-03-28 20:09:38 Image size of job updated: 691728
	195  -  MemoryUsage of job (MB)
	198728  -  ResidentSetSize of job (KB)
...
005 (126339.015.000) 2022-03-28 20:09:38 Job terminated.
	(1) Normal termination (return value 0)
		Usr 0 00:00:12, Sys 0 00:00:01  -  Run Remote Usage
		Usr 0 00:00:00, Sys 0 00:00:00  -  Run Local Usage
		Usr 0 00:00:12, Sys 0 00:00:01  -  Total Remote Usage
		Usr 0 00:00:00, Sys 0 00:00:00  -  Total Local Usage
	0  -  Run Bytes Sent By Job
	0  -  Run Bytes Received By Job
	0  -  Total Bytes Sent By Job
	0  -  Total Bytes Received By Job
	Partitionable Resources :    Usage  Request Allocated 
	   Cpus                 :                 1         1 
	   Disk (KB)            :        1        1    129249 
	   Memory (MB)          :      195     3900      3968 

	Job terminated of its own accord at 2022-03-28T11:09:38Z.
...
006 (126339.018.000) 2022-03-28 20:09:39 Image size of job updated: 686776
	208  -  MemoryUsage of job (MB)
	212720  -  ResidentSetSize of job (KB)
...
005 (126339.018.000) 2022-03-28 20:09:39 Job terminated.
	(1) Normal termination (return value 0)
		Usr 0 00:00:13, Sys 0 00:00:01  -  Run Remote Usage
		Usr 0 00:00:00, Sys 0 00:00:00  -  Run Local Usage
		Usr 0 00:00:13, Sys 0 00:00:01  -  Total Remote Usage
		Usr 0 00:00:00, Sys 0 00:00:00  -  Total Local Usage
	0  -  Run Bytes Sent By Job
	0  -  Run Bytes Received By Job
	0  -  Total Bytes Sent By Job
	0  -  Total Bytes Received By Job
	Partitionable Resources :    Usage  Request Allocated 
	   Cpus                 :                 1         1 
	   Disk (KB)            :        1        1    129249 
	   Memory (MB)          :      208     3900      3968 

	Job terminated of its own accord at 2022-03-28T11:09:39Z.
...
006 (126339.017.000) 2022-03-28 20:09:40 Image size of job updated: 691912
	185  -  MemoryUsage of job (MB)
	189116  -  ResidentSetSize of job (KB)
...
005 (126339.017.000) 2022-03-28 20:09:40 Job terminated.
	(1) Normal termination (return value 0)
		Usr 0 00:00:13, Sys 0 00:00:01  -  Run Remote Usage
		Usr 0 00:00:00, Sys 0 00:00:00  -  Run Local Usage
		Usr 0 00:00:13, Sys 0 00:00:01  -  Total Remote Usage
		Usr 0 00:00:00, Sys 0 00:00:00  -  Total Local Usage
	0  -  Run Bytes Sent By Job
	0  -  Run Bytes Received By Job
	0  -  Total Bytes Sent By Job
	0  -  Total Bytes Received By Job
	Partitionable Resources :    Usage  Request Allocated 
	   Cpus                 :                 1         1 
	   Disk (KB)            :        1        1    129249 
	   Memory (MB)          :      185     3900      3968 

	Job terminated of its own accord at 2022-03-28T11:09:40Z.
...
006 (126339.019.000) 2022-03-28 20:09:40 Image size of job updated: 691520
	208  -  MemoryUsage of job (MB)
	212668  -  ResidentSetSize of job (KB)
...
005 (126339.019.000) 2022-03-28 20:09:40 Job terminated.
	(1) Normal termination (return value 0)
		Usr 0 00:00:14, Sys 0 00:00:01  -  Run Remote Usage
		Usr 0 00:00:00, Sys 0 00:00:00  -  Run Local Usage
		Usr 0 00:00:14, Sys 0 00:00:01  -  Total Remote Usage
		Usr 0 00:00:00, Sys 0 00:00:00  -  Total Local Usage
	0  -  Run Bytes Sent By Job
	0  -  Run Bytes Received By Job
	0  -  Total Bytes Sent By Job
	0  -  Total Bytes Received By Job
	Partitionable Resources :    Usage  Request Allocated 
	   Cpus                 :                 1         1 
	   Disk (KB)            :        1        1    129249 
	   Memory (MB)          :      208     3900      3968 

	Job terminated of its own accord at 2022-03-28T11:09:40Z.
...
006 (126339.012.000) 2022-03-28 20:09:40 Image size of job updated: 691780
	185  -  MemoryUsage of job (MB)
	189088  -  ResidentSetSize of job (KB)
...
005 (126339.012.000) 2022-03-28 20:09:40 Job terminated.
	(1) Normal termination (return value 0)
		Usr 0 00:00:14, Sys 0 00:00:01  -  Run Remote Usage
		Usr 0 00:00:00, Sys 0 00:00:00  -  Run Local Usage
		Usr 0 00:00:14, Sys 0 00:00:01  -  Total Remote Usage
		Usr 0 00:00:00, Sys 0 00:00:00  -  Total Local Usage
	0  -  Run Bytes Sent By Job
	0  -  Run Bytes Received By Job
	0  -  Total Bytes Sent By Job
	0  -  Total Bytes Received By Job
	Partitionable Resources :    Usage  Request Allocated 
	   Cpus                 :                 1         1 
	   Disk (KB)            :        1        1    129249 
	   Memory (MB)          :      185     3900      3968 

	Job terminated of its own accord at 2022-03-28T11:09:40Z.
...
006 (126339.001.000) 2022-03-28 20:09:40 Image size of job updated: 691496
	184  -  MemoryUsage of job (MB)
	188128  -  ResidentSetSize of job (KB)
...
005 (126339.001.000) 2022-03-28 20:09:40 Job terminated.
	(1) Normal termination (return value 0)
		Usr 0 00:00:10, Sys 0 00:00:02  -  Run Remote Usage
		Usr 0 00:00:00, Sys 0 00:00:00  -  Run Local Usage
		Usr 0 00:00:10, Sys 0 00:00:02  -  Total Remote Usage
		Usr 0 00:00:00, Sys 0 00:00:00  -  Total Local Usage
	0  -  Run Bytes Sent By Job
	0  -  Run Bytes Received By Job
	0  -  Total Bytes Sent By Job
	0  -  Total Bytes Received By Job
	Partitionable Resources :    Usage  Request Allocated 
	   Cpus                 :                 1         1 
	   Disk (KB)            :        1        1    129249 
	   Memory (MB)          :      184     3900      3968 

	Job terminated of its own accord at 2022-03-28T11:09:40Z.
...
006 (126339.006.000) 2022-03-28 20:09:41 Image size of job updated: 691492
	208  -  MemoryUsage of job (MB)
	212640  -  ResidentSetSize of job (KB)
...
005 (126339.006.000) 2022-03-28 20:09:41 Job terminated.
	(1) Normal termination (return value 0)
		Usr 0 00:00:15, Sys 0 00:00:01  -  Run Remote Usage
		Usr 0 00:00:00, Sys 0 00:00:00  -  Run Local Usage
		Usr 0 00:00:15, Sys 0 00:00:01  -  Total Remote Usage
		Usr 0 00:00:00, Sys 0 00:00:00  -  Total Local Usage
	0  -  Run Bytes Sent By Job
	0  -  Run Bytes Received By Job
	0  -  Total Bytes Sent By Job
	0  -  Total Bytes Received By Job
	Partitionable Resources :    Usage  Request Allocated 
	   Cpus                 :                 1         1 
	   Disk (KB)            :        1        1    129249 
	   Memory (MB)          :      208     3900      3968 

	Job terminated of its own accord at 2022-03-28T11:09:41Z.
...
006 (126339.010.000) 2022-03-28 20:09:41 Image size of job updated: 691652
	198  -  MemoryUsage of job (MB)
	202572  -  ResidentSetSize of job (KB)
...
005 (126339.010.000) 2022-03-28 20:09:41 Job terminated.
	(1) Normal termination (return value 0)
		Usr 0 00:00:15, Sys 0 00:00:01  -  Run Remote Usage
		Usr 0 00:00:00, Sys 0 00:00:00  -  Run Local Usage
		Usr 0 00:00:15, Sys 0 00:00:01  -  Total Remote Usage
		Usr 0 00:00:00, Sys 0 00:00:00  -  Total Local Usage
	0  -  Run Bytes Sent By Job
	0  -  Run Bytes Received By Job
	0  -  Total Bytes Sent By Job
	0  -  Total Bytes Received By Job
	Partitionable Resources :    Usage  Request Allocated 
	   Cpus                 :                 1         1 
	   Disk (KB)            :        1        1    129249 
	   Memory (MB)          :      198     3900      3968 

	Job terminated of its own accord at 2022-03-28T11:09:41Z.
...
006 (126339.014.000) 2022-03-28 20:09:42 Image size of job updated: 691628
	185  -  MemoryUsage of job (MB)
	188760  -  ResidentSetSize of job (KB)
...
005 (126339.014.000) 2022-03-28 20:09:42 Job terminated.
	(1) Normal termination (return value 0)
		Usr 0 00:00:15, Sys 0 00:00:01  -  Run Remote Usage
		Usr 0 00:00:00, Sys 0 00:00:00  -  Run Local Usage
		Usr 0 00:00:15, Sys 0 00:00:01  -  Total Remote Usage
		Usr 0 00:00:00, Sys 0 00:00:00  -  Total Local Usage
	0  -  Run Bytes Sent By Job
	0  -  Run Bytes Received By Job
	0  -  Total Bytes Sent By Job
	0  -  Total Bytes Received By Job
	Partitionable Resources :    Usage  Request Allocated 
	   Cpus                 :                 1         1 
	   Disk (KB)            :        1        1    129249 
	   Memory (MB)          :      185     3900      3968 

	Job terminated of its own accord at 2022-03-28T11:09:42Z.
...
006 (126339.016.000) 2022-03-28 20:09:42 Image size of job updated: 691624
	208  -  MemoryUsage of job (MB)
	212760  -  ResidentSetSize of job (KB)
...
005 (126339.016.000) 2022-03-28 20:09:42 Job terminated.
	(1) Normal termination (return value 0)
		Usr 0 00:00:16, Sys 0 00:00:01  -  Run Remote Usage
		Usr 0 00:00:00, Sys 0 00:00:00  -  Run Local Usage
		Usr 0 00:00:16, Sys 0 00:00:01  -  Total Remote Usage
		Usr 0 00:00:00, Sys 0 00:00:00  -  Total Local Usage
	0  -  Run Bytes Sent By Job
	0  -  Run Bytes Received By Job
	0  -  Total Bytes Sent By Job
	0  -  Total Bytes Received By Job
	Partitionable Resources :    Usage  Request Allocated 
	   Cpus                 :                 1         1 
	   Disk (KB)            :        1        1    129249 
	   Memory (MB)          :      208     3900      3968 

	Job terminated of its own accord at 2022-03-28T11:09:42Z.
...
006 (126339.013.000) 2022-03-28 20:09:43 Image size of job updated: 692036
	210  -  MemoryUsage of job (MB)
	214800  -  ResidentSetSize of job (KB)
...
005 (126339.013.000) 2022-03-28 20:09:43 Job terminated.
	(1) Normal termination (return value 0)
		Usr 0 00:00:16, Sys 0 00:00:01  -  Run Remote Usage
		Usr 0 00:00:00, Sys 0 00:00:00  -  Run Local Usage
		Usr 0 00:00:16, Sys 0 00:00:01  -  Total Remote Usage
		Usr 0 00:00:00, Sys 0 00:00:00  -  Total Local Usage
	0  -  Run Bytes Sent By Job
	0  -  Run Bytes Received By Job
	0  -  Total Bytes Sent By Job
	0  -  Total Bytes Received By Job
	Partitionable Resources :    Usage  Request Allocated 
	   Cpus                 :                 1         1 
	   Disk (KB)            :        1        1    129249 
	   Memory (MB)          :      210     3900      3968 

	Job terminated of its own accord at 2022-03-28T11:09:43Z.
...
006 (126339.005.000) 2022-03-28 20:09:43 Image size of job updated: 691484
	185  -  MemoryUsage of job (MB)
	188640  -  ResidentSetSize of job (KB)
...
005 (126339.005.000) 2022-03-28 20:09:43 Job terminated.
	(1) Normal termination (return value 0)
		Usr 0 00:00:13, Sys 0 00:00:01  -  Run Remote Usage
		Usr 0 00:00:00, Sys 0 00:00:00  -  Run Local Usage
		Usr 0 00:00:13, Sys 0 00:00:01  -  Total Remote Usage
		Usr 0 00:00:00, Sys 0 00:00:00  -  Total Local Usage
	0  -  Run Bytes Sent By Job
	0  -  Run Bytes Received By Job
	0  -  Total Bytes Sent By Job
	0  -  Total Bytes Received By Job
	Partitionable Resources :    Usage  Request Allocated 
	   Cpus                 :                 1         1 
	   Disk (KB)            :        1        1    129249 
	   Memory (MB)          :      185     3900      3968 

	Job terminated of its own accord at 2022-03-28T11:09:43Z.
...
006 (126339.000.000) 2022-03-28 20:09:46 Image size of job updated: 691468
	184  -  MemoryUsage of job (MB)
	188128  -  ResidentSetSize of job (KB)
...
005 (126339.000.000) 2022-03-28 20:09:46 Job terminated.
	(1) Normal termination (return value 0)
		Usr 0 00:00:16, Sys 0 00:00:01  -  Run Remote Usage
		Usr 0 00:00:00, Sys 0 00:00:00  -  Run Local Usage
		Usr 0 00:00:16, Sys 0 00:00:01  -  Total Remote Usage
		Usr 0 00:00:00, Sys 0 00:00:00  -  Total Local Usage
	0  -  Run Bytes Sent By Job
	0  -  Run Bytes Received By Job
	0  -  Total Bytes Sent By Job
	0  -  Total Bytes Received By Job
	Partitionable Resources :    Usage  Request Allocated 
	   Cpus                 :                 1         1 
	   Disk (KB)            :        1        1    129249 
	   Memory (MB)          :      184     3900      3968 

	Job terminated of its own accord at 2022-03-28T11:09:46Z.
...
006 (126339.003.000) 2022-03-28 20:09:48 Image size of job updated: 691492
	185  -  MemoryUsage of job (MB)
	188560  -  ResidentSetSize of job (KB)
...
005 (126339.003.000) 2022-03-28 20:09:48 Job terminated.
	(1) Normal termination (return value 0)
		Usr 0 00:00:18, Sys 0 00:00:01  -  Run Remote Usage
		Usr 0 00:00:00, Sys 0 00:00:00  -  Run Local Usage
		Usr 0 00:00:18, Sys 0 00:00:01  -  Total Remote Usage
		Usr 0 00:00:00, Sys 0 00:00:00  -  Total Local Usage
	0  -  Run Bytes Sent By Job
	0  -  Run Bytes Received By Job
	0  -  Total Bytes Sent By Job
	0  -  Total Bytes Received By Job
	Partitionable Resources :    Usage  Request Allocated 
	   Cpus                 :                 1         1 
	   Disk (KB)            :        1        1    129249 
	   Memory (MB)          :      185     3900      3968 

	Job terminated of its own accord at 2022-03-28T11:09:48Z.
...
006 (126339.004.000) 2022-03-28 20:09:51 Image size of job updated: 691536
	185  -  MemoryUsage of job (MB)
	188624  -  ResidentSetSize of job (KB)
...
005 (126339.004.000) 2022-03-28 20:09:51 Job terminated.
	(1) Normal termination (return value 0)
		Usr 0 00:00:20, Sys 0 00:00:02  -  Run Remote Usage
		Usr 0 00:00:00, Sys 0 00:00:00  -  Run Local Usage
		Usr 0 00:00:20, Sys 0 00:00:02  -  Total Remote Usage
		Usr 0 00:00:00, Sys 0 00:00:00  -  Total Local Usage
	0  -  Run Bytes Sent By Job
	0  -  Run Bytes Received By Job
	0  -  Total Bytes Sent By Job
	0  -  Total Bytes Received By Job
	Partitionable Resources :    Usage  Request Allocated 
	   Cpus                 :                 1         1 
	   Disk (KB)            :        1        1    129249 
	   Memory (MB)          :      185     3900      3968 

	Job terminated of its own accord at 2022-03-28T11:09:51Z.
...
006 (126339.002.000) 2022-03-28 20:09:53 Image size of job updated: 692032
	185  -  MemoryUsage of job (MB)
	188564  -  ResidentSetSize of job (KB)
...
005 (126339.002.000) 2022-03-28 20:09:53 Job terminated.
	(1) Normal termination (return value 0)
		Usr 0 00:00:23, Sys 0 00:00:01  -  Run Remote Usage
		Usr 0 00:00:00, Sys 0 00:00:00  -  Run Local Usage
		Usr 0 00:00:23, Sys 0 00:00:01  -  Total Remote Usage
		Usr 0 00:00:00, Sys 0 00:00:00  -  Total Local Usage
	0  -  Run Bytes Sent By Job
	0  -  Run Bytes Received By Job
	0  -  Total Bytes Sent By Job
	0  -  Total Bytes Received By Job
	Partitionable Resources :    Usage  Request Allocated 
	   Cpus                 :                 1         1 
	   Disk (KB)            :        1        1    129249 
	   Memory (MB)          :      185     3900      3968 

	Job terminated of its own accord at 2022-03-28T11:09:53Z.
...
