000 (126807.000.000) 2022-03-30 13:41:30 Job submitted from host: <172.30.1.200:9618?addrs=172.30.1.200-9618&alias=tamsa2.snu.ac.kr&noUDP&sock=schedd_3154_f5cb>
...
000 (126807.001.000) 2022-03-30 13:41:30 Job submitted from host: <172.30.1.200:9618?addrs=172.30.1.200-9618&alias=tamsa2.snu.ac.kr&noUDP&sock=schedd_3154_f5cb>
...
000 (126807.002.000) 2022-03-30 13:41:30 Job submitted from host: <172.30.1.200:9618?addrs=172.30.1.200-9618&alias=tamsa2.snu.ac.kr&noUDP&sock=schedd_3154_f5cb>
...
000 (126807.003.000) 2022-03-30 13:41:30 Job submitted from host: <172.30.1.200:9618?addrs=172.30.1.200-9618&alias=tamsa2.snu.ac.kr&noUDP&sock=schedd_3154_f5cb>
...
000 (126807.004.000) 2022-03-30 13:41:30 Job submitted from host: <172.30.1.200:9618?addrs=172.30.1.200-9618&alias=tamsa2.snu.ac.kr&noUDP&sock=schedd_3154_f5cb>
...
000 (126807.005.000) 2022-03-30 13:41:30 Job submitted from host: <172.30.1.200:9618?addrs=172.30.1.200-9618&alias=tamsa2.snu.ac.kr&noUDP&sock=schedd_3154_f5cb>
...
000 (126807.006.000) 2022-03-30 13:41:30 Job submitted from host: <172.30.1.200:9618?addrs=172.30.1.200-9618&alias=tamsa2.snu.ac.kr&noUDP&sock=schedd_3154_f5cb>
...
000 (126807.007.000) 2022-03-30 13:41:30 Job submitted from host: <172.30.1.200:9618?addrs=172.30.1.200-9618&alias=tamsa2.snu.ac.kr&noUDP&sock=schedd_3154_f5cb>
...
000 (126807.008.000) 2022-03-30 13:41:30 Job submitted from host: <172.30.1.200:9618?addrs=172.30.1.200-9618&alias=tamsa2.snu.ac.kr&noUDP&sock=schedd_3154_f5cb>
...
000 (126807.009.000) 2022-03-30 13:41:30 Job submitted from host: <172.30.1.200:9618?addrs=172.30.1.200-9618&alias=tamsa2.snu.ac.kr&noUDP&sock=schedd_3154_f5cb>
...
000 (126807.010.000) 2022-03-30 13:41:30 Job submitted from host: <172.30.1.200:9618?addrs=172.30.1.200-9618&alias=tamsa2.snu.ac.kr&noUDP&sock=schedd_3154_f5cb>
...
000 (126807.011.000) 2022-03-30 13:41:30 Job submitted from host: <172.30.1.200:9618?addrs=172.30.1.200-9618&alias=tamsa2.snu.ac.kr&noUDP&sock=schedd_3154_f5cb>
...
000 (126807.012.000) 2022-03-30 13:41:30 Job submitted from host: <172.30.1.200:9618?addrs=172.30.1.200-9618&alias=tamsa2.snu.ac.kr&noUDP&sock=schedd_3154_f5cb>
...
000 (126807.013.000) 2022-03-30 13:41:30 Job submitted from host: <172.30.1.200:9618?addrs=172.30.1.200-9618&alias=tamsa2.snu.ac.kr&noUDP&sock=schedd_3154_f5cb>
...
000 (126807.014.000) 2022-03-30 13:41:30 Job submitted from host: <172.30.1.200:9618?addrs=172.30.1.200-9618&alias=tamsa2.snu.ac.kr&noUDP&sock=schedd_3154_f5cb>
...
000 (126807.015.000) 2022-03-30 13:41:30 Job submitted from host: <172.30.1.200:9618?addrs=172.30.1.200-9618&alias=tamsa2.snu.ac.kr&noUDP&sock=schedd_3154_f5cb>
...
000 (126807.016.000) 2022-03-30 13:41:30 Job submitted from host: <172.30.1.200:9618?addrs=172.30.1.200-9618&alias=tamsa2.snu.ac.kr&noUDP&sock=schedd_3154_f5cb>
...
000 (126807.017.000) 2022-03-30 13:41:30 Job submitted from host: <172.30.1.200:9618?addrs=172.30.1.200-9618&alias=tamsa2.snu.ac.kr&noUDP&sock=schedd_3154_f5cb>
...
000 (126807.018.000) 2022-03-30 13:41:30 Job submitted from host: <172.30.1.200:9618?addrs=172.30.1.200-9618&alias=tamsa2.snu.ac.kr&noUDP&sock=schedd_3154_f5cb>
...
000 (126807.019.000) 2022-03-30 13:41:30 Job submitted from host: <172.30.1.200:9618?addrs=172.30.1.200-9618&alias=tamsa2.snu.ac.kr&noUDP&sock=schedd_3154_f5cb>
...
001 (126807.013.000) 2022-03-30 13:41:45 Job executing on host: <172.30.1.201:9618?addrs=172.30.1.201-9618&alias=node1&noUDP&sock=startd_3603_efd1>
...
001 (126807.014.000) 2022-03-30 13:41:45 Job executing on host: <172.30.1.201:9618?addrs=172.30.1.201-9618&alias=node1&noUDP&sock=startd_3603_efd1>
...
001 (126807.015.000) 2022-03-30 13:41:45 Job executing on host: <172.30.1.201:9618?addrs=172.30.1.201-9618&alias=node1&noUDP&sock=startd_3603_efd1>
...
001 (126807.016.000) 2022-03-30 13:41:46 Job executing on host: <172.30.1.201:9618?addrs=172.30.1.201-9618&alias=node1&noUDP&sock=startd_3603_efd1>
...
001 (126807.017.000) 2022-03-30 13:41:46 Job executing on host: <172.30.1.201:9618?addrs=172.30.1.201-9618&alias=node1&noUDP&sock=startd_3603_efd1>
...
001 (126807.018.000) 2022-03-30 13:41:46 Job executing on host: <172.30.1.201:9618?addrs=172.30.1.201-9618&alias=node1&noUDP&sock=startd_3603_efd1>
...
001 (126807.019.000) 2022-03-30 13:41:46 Job executing on host: <172.30.1.201:9618?addrs=172.30.1.201-9618&alias=node1&noUDP&sock=startd_3603_efd1>
...
001 (126807.000.000) 2022-03-30 13:41:47 Job executing on host: <172.30.1.208:9618?addrs=172.30.1.208-9618&alias=node8&noUDP&sock=startd_32564_c61f>
...
001 (126807.001.000) 2022-03-30 13:41:47 Job executing on host: <172.30.1.208:9618?addrs=172.30.1.208-9618&alias=node8&noUDP&sock=startd_32564_c61f>
...
001 (126807.002.000) 2022-03-30 13:41:47 Job executing on host: <172.30.1.208:9618?addrs=172.30.1.208-9618&alias=node8&noUDP&sock=startd_32564_c61f>
...
001 (126807.003.000) 2022-03-30 13:41:47 Job executing on host: <172.30.1.208:9618?addrs=172.30.1.208-9618&alias=node8&noUDP&sock=startd_32564_c61f>
...
001 (126807.004.000) 2022-03-30 13:41:47 Job executing on host: <172.30.1.208:9618?addrs=172.30.1.208-9618&alias=node8&noUDP&sock=startd_32564_c61f>
...
001 (126807.005.000) 2022-03-30 13:41:47 Job executing on host: <172.30.1.208:9618?addrs=172.30.1.208-9618&alias=node8&noUDP&sock=startd_32564_c61f>
...
001 (126807.006.000) 2022-03-30 13:41:47 Job executing on host: <172.30.1.208:9618?addrs=172.30.1.208-9618&alias=node8&noUDP&sock=startd_32564_c61f>
...
001 (126807.007.000) 2022-03-30 13:41:47 Job executing on host: <172.30.1.208:9618?addrs=172.30.1.208-9618&alias=node8&noUDP&sock=startd_32564_c61f>
...
001 (126807.008.000) 2022-03-30 13:41:47 Job executing on host: <172.30.1.208:9618?addrs=172.30.1.208-9618&alias=node8&noUDP&sock=startd_32564_c61f>
...
001 (126807.009.000) 2022-03-30 13:41:47 Job executing on host: <172.30.1.208:9618?addrs=172.30.1.208-9618&alias=node8&noUDP&sock=startd_32564_c61f>
...
001 (126807.010.000) 2022-03-30 13:41:47 Job executing on host: <172.30.1.208:9618?addrs=172.30.1.208-9618&alias=node8&noUDP&sock=startd_32564_c61f>
...
001 (126807.011.000) 2022-03-30 13:41:47 Job executing on host: <172.30.1.208:9618?addrs=172.30.1.208-9618&alias=node8&noUDP&sock=startd_32564_c61f>
...
001 (126807.012.000) 2022-03-30 13:41:48 Job executing on host: <172.30.1.208:9618?addrs=172.30.1.208-9618&alias=node8&noUDP&sock=startd_32564_c61f>
...
006 (126807.015.000) 2022-03-30 13:41:54 Image size of job updated: 644060
	183  -  MemoryUsage of job (MB)
	187024  -  ResidentSetSize of job (KB)
...
006 (126807.016.000) 2022-03-30 13:41:54 Image size of job updated: 644068
	183  -  MemoryUsage of job (MB)
	187044  -  ResidentSetSize of job (KB)
...
006 (126807.017.000) 2022-03-30 13:41:54 Image size of job updated: 644064
	183  -  MemoryUsage of job (MB)
	187108  -  ResidentSetSize of job (KB)
...
006 (126807.018.000) 2022-03-30 13:41:54 Image size of job updated: 644064
	193  -  MemoryUsage of job (MB)
	197084  -  ResidentSetSize of job (KB)
...
006 (126807.019.000) 2022-03-30 13:41:54 Image size of job updated: 644064
	183  -  MemoryUsage of job (MB)
	187124  -  ResidentSetSize of job (KB)
...
006 (126807.013.000) 2022-03-30 13:41:54 Image size of job updated: 644052
	183  -  MemoryUsage of job (MB)
	187148  -  ResidentSetSize of job (KB)
...
006 (126807.014.000) 2022-03-30 13:41:54 Image size of job updated: 644048
	183  -  MemoryUsage of job (MB)
	186928  -  ResidentSetSize of job (KB)
...
005 (126807.018.000) 2022-03-30 13:41:54 Job terminated.
	(1) Normal termination (return value 0)
		Usr 0 00:00:06, Sys 0 00:00:01  -  Run Remote Usage
		Usr 0 00:00:00, Sys 0 00:00:00  -  Run Local Usage
		Usr 0 00:00:06, Sys 0 00:00:01  -  Total Remote Usage
		Usr 0 00:00:00, Sys 0 00:00:00  -  Total Local Usage
	0  -  Run Bytes Sent By Job
	0  -  Run Bytes Received By Job
	0  -  Total Bytes Sent By Job
	0  -  Total Bytes Received By Job
	Partitionable Resources :    Usage  Request Allocated 
	   Cpus                 :        0        1         1 
	   Disk (KB)            :        1        1    121641 
	   Memory (MB)          :      193     3900      3968 

	Job terminated of its own accord at 2022-03-30T04:41:54Z.
...
006 (126807.000.000) 2022-03-30 13:41:55 Image size of job updated: 185824
	177  -  MemoryUsage of job (MB)
	181032  -  ResidentSetSize of job (KB)
...
006 (126807.001.000) 2022-03-30 13:41:55 Image size of job updated: 185536
	177  -  MemoryUsage of job (MB)
	181032  -  ResidentSetSize of job (KB)
...
006 (126807.002.000) 2022-03-30 13:41:55 Image size of job updated: 185536
	177  -  MemoryUsage of job (MB)
	181020  -  ResidentSetSize of job (KB)
...
006 (126807.003.000) 2022-03-30 13:41:55 Image size of job updated: 185540
	177  -  MemoryUsage of job (MB)
	181032  -  ResidentSetSize of job (KB)
...
006 (126807.004.000) 2022-03-30 13:41:55 Image size of job updated: 185540
	177  -  MemoryUsage of job (MB)
	181040  -  ResidentSetSize of job (KB)
...
006 (126807.011.000) 2022-03-30 13:41:56 Image size of job updated: 181080
	165  -  MemoryUsage of job (MB)
	168088  -  ResidentSetSize of job (KB)
...
006 (126807.012.000) 2022-03-30 13:41:56 Image size of job updated: 194148
	183  -  MemoryUsage of job (MB)
	186456  -  ResidentSetSize of job (KB)
...
006 (126807.005.000) 2022-03-30 13:41:56 Image size of job updated: 190724
	183  -  MemoryUsage of job (MB)
	186452  -  ResidentSetSize of job (KB)
...
006 (126807.006.000) 2022-03-30 13:41:56 Image size of job updated: 189960
	183  -  MemoryUsage of job (MB)
	186464  -  ResidentSetSize of job (KB)
...
006 (126807.007.000) 2022-03-30 13:41:56 Image size of job updated: 188236
	183  -  MemoryUsage of job (MB)
	186988  -  ResidentSetSize of job (KB)
...
006 (126807.008.000) 2022-03-30 13:41:56 Image size of job updated: 187264
	183  -  MemoryUsage of job (MB)
	186452  -  ResidentSetSize of job (KB)
...
006 (126807.009.000) 2022-03-30 13:41:56 Image size of job updated: 195192
	182  -  MemoryUsage of job (MB)
	185652  -  ResidentSetSize of job (KB)
...
006 (126807.010.000) 2022-03-30 13:41:56 Image size of job updated: 193816
	183  -  MemoryUsage of job (MB)
	186440  -  ResidentSetSize of job (KB)
...
006 (126807.016.000) 2022-03-30 13:41:57 Image size of job updated: 646248
	183  -  MemoryUsage of job (MB)
	187044  -  ResidentSetSize of job (KB)
...
005 (126807.016.000) 2022-03-30 13:41:57 Job terminated.
	(1) Normal termination (return value 0)
		Usr 0 00:00:08, Sys 0 00:00:01  -  Run Remote Usage
		Usr 0 00:00:00, Sys 0 00:00:00  -  Run Local Usage
		Usr 0 00:00:08, Sys 0 00:00:01  -  Total Remote Usage
		Usr 0 00:00:00, Sys 0 00:00:00  -  Total Local Usage
	0  -  Run Bytes Sent By Job
	0  -  Run Bytes Received By Job
	0  -  Total Bytes Sent By Job
	0  -  Total Bytes Received By Job
	Partitionable Resources :    Usage  Request Allocated 
	   Cpus                 :     0.01        1         1 
	   Disk (KB)            :     1           1    121641 
	   Memory (MB)          :   183        3900      3968 

	Job terminated of its own accord at 2022-03-30T04:41:57Z.
...
006 (126807.015.000) 2022-03-30 13:41:57 Image size of job updated: 646256
	183  -  MemoryUsage of job (MB)
	187024  -  ResidentSetSize of job (KB)
...
005 (126807.015.000) 2022-03-30 13:41:57 Job terminated.
	(1) Normal termination (return value 0)
		Usr 0 00:00:08, Sys 0 00:00:01  -  Run Remote Usage
		Usr 0 00:00:00, Sys 0 00:00:00  -  Run Local Usage
		Usr 0 00:00:08, Sys 0 00:00:01  -  Total Remote Usage
		Usr 0 00:00:00, Sys 0 00:00:00  -  Total Local Usage
	0  -  Run Bytes Sent By Job
	0  -  Run Bytes Received By Job
	0  -  Total Bytes Sent By Job
	0  -  Total Bytes Received By Job
	Partitionable Resources :    Usage  Request Allocated 
	   Cpus                 :     0.01        1         1 
	   Disk (KB)            :     1           1    121641 
	   Memory (MB)          :   183        3900      3968 

	Job terminated of its own accord at 2022-03-30T04:41:57Z.
...
006 (126807.013.000) 2022-03-30 13:41:57 Image size of job updated: 658988
	183  -  MemoryUsage of job (MB)
	187148  -  ResidentSetSize of job (KB)
...
005 (126807.013.000) 2022-03-30 13:41:58 Job terminated.
	(1) Normal termination (return value 0)
		Usr 0 00:00:09, Sys 0 00:00:01  -  Run Remote Usage
		Usr 0 00:00:00, Sys 0 00:00:00  -  Run Local Usage
		Usr 0 00:00:09, Sys 0 00:00:01  -  Total Remote Usage
		Usr 0 00:00:00, Sys 0 00:00:00  -  Total Local Usage
	0  -  Run Bytes Sent By Job
	0  -  Run Bytes Received By Job
	0  -  Total Bytes Sent By Job
	0  -  Total Bytes Received By Job
	Partitionable Resources :    Usage  Request Allocated 
	   Cpus                 :     0.07        1         1 
	   Disk (KB)            :     1           1    121641 
	   Memory (MB)          :   183        3900      3968 

	Job terminated of its own accord at 2022-03-30T04:41:57Z.
...
006 (126807.019.000) 2022-03-30 13:41:58 Image size of job updated: 686768
	183  -  MemoryUsage of job (MB)
	187124  -  ResidentSetSize of job (KB)
...
005 (126807.019.000) 2022-03-30 13:41:58 Job terminated.
	(1) Normal termination (return value 0)
		Usr 0 00:00:09, Sys 0 00:00:01  -  Run Remote Usage
		Usr 0 00:00:00, Sys 0 00:00:00  -  Run Local Usage
		Usr 0 00:00:09, Sys 0 00:00:01  -  Total Remote Usage
		Usr 0 00:00:00, Sys 0 00:00:00  -  Total Local Usage
	0  -  Run Bytes Sent By Job
	0  -  Run Bytes Received By Job
	0  -  Total Bytes Sent By Job
	0  -  Total Bytes Received By Job
	Partitionable Resources :    Usage  Request Allocated 
	   Cpus                 :        0        1         1 
	   Disk (KB)            :        1        1    121641 
	   Memory (MB)          :      183     3900      3968 

	Job terminated of its own accord at 2022-03-30T04:41:58Z.
...
006 (126807.014.000) 2022-03-30 13:41:59 Image size of job updated: 646244
	183  -  MemoryUsage of job (MB)
	186928  -  ResidentSetSize of job (KB)
...
005 (126807.014.000) 2022-03-30 13:41:59 Job terminated.
	(1) Normal termination (return value 0)
		Usr 0 00:00:11, Sys 0 00:00:01  -  Run Remote Usage
		Usr 0 00:00:00, Sys 0 00:00:00  -  Run Local Usage
		Usr 0 00:00:11, Sys 0 00:00:01  -  Total Remote Usage
		Usr 0 00:00:00, Sys 0 00:00:00  -  Total Local Usage
	0  -  Run Bytes Sent By Job
	0  -  Run Bytes Received By Job
	0  -  Total Bytes Sent By Job
	0  -  Total Bytes Received By Job
	Partitionable Resources :    Usage  Request Allocated 
	   Cpus                 :        0        1         1 
	   Disk (KB)            :        1        1    121641 
	   Memory (MB)          :      183     3900      3968 

	Job terminated of its own accord at 2022-03-30T04:41:59Z.
...
006 (126807.010.000) 2022-03-30 13:42:01 Image size of job updated: 684176
	183  -  MemoryUsage of job (MB)
	186440  -  ResidentSetSize of job (KB)
...
005 (126807.010.000) 2022-03-30 13:42:01 Job terminated.
	(1) Normal termination (return value 0)
		Usr 0 00:00:08, Sys 0 00:00:01  -  Run Remote Usage
		Usr 0 00:00:00, Sys 0 00:00:00  -  Run Local Usage
		Usr 0 00:00:08, Sys 0 00:00:01  -  Total Remote Usage
		Usr 0 00:00:00, Sys 0 00:00:00  -  Total Local Usage
	0  -  Run Bytes Sent By Job
	0  -  Run Bytes Received By Job
	0  -  Total Bytes Sent By Job
	0  -  Total Bytes Received By Job
	Partitionable Resources :    Usage  Request Allocated 
	   Cpus                 :                 1         1 
	   Disk (KB)            :        1        1    121125 
	   Memory (MB)          :      183     3900      3968 

	Job terminated of its own accord at 2022-03-30T04:42:01Z.
...
006 (126807.011.000) 2022-03-30 13:42:02 Image size of job updated: 684172
	165  -  MemoryUsage of job (MB)
	168088  -  ResidentSetSize of job (KB)
...
005 (126807.011.000) 2022-03-30 13:42:02 Job terminated.
	(1) Normal termination (return value 0)
		Usr 0 00:00:08, Sys 0 00:00:02  -  Run Remote Usage
		Usr 0 00:00:00, Sys 0 00:00:00  -  Run Local Usage
		Usr 0 00:00:08, Sys 0 00:00:02  -  Total Remote Usage
		Usr 0 00:00:00, Sys 0 00:00:00  -  Total Local Usage
	0  -  Run Bytes Sent By Job
	0  -  Run Bytes Received By Job
	0  -  Total Bytes Sent By Job
	0  -  Total Bytes Received By Job
	Partitionable Resources :    Usage  Request Allocated 
	   Cpus                 :                 1         1 
	   Disk (KB)            :        1        1    121125 
	   Memory (MB)          :      165     3900      3968 

	Job terminated of its own accord at 2022-03-30T04:42:02Z.
...
006 (126807.003.000) 2022-03-30 13:42:02 Image size of job updated: 688608
	177  -  MemoryUsage of job (MB)
	181032  -  ResidentSetSize of job (KB)
...
005 (126807.003.000) 2022-03-30 13:42:02 Job terminated.
	(1) Normal termination (return value 0)
		Usr 0 00:00:09, Sys 0 00:00:02  -  Run Remote Usage
		Usr 0 00:00:00, Sys 0 00:00:00  -  Run Local Usage
		Usr 0 00:00:09, Sys 0 00:00:02  -  Total Remote Usage
		Usr 0 00:00:00, Sys 0 00:00:00  -  Total Local Usage
	0  -  Run Bytes Sent By Job
	0  -  Run Bytes Received By Job
	0  -  Total Bytes Sent By Job
	0  -  Total Bytes Received By Job
	Partitionable Resources :    Usage  Request Allocated 
	   Cpus                 :                 1         1 
	   Disk (KB)            :        1        1    121125 
	   Memory (MB)          :      177     3900      3968 

	Job terminated of its own accord at 2022-03-30T04:42:02Z.
...
006 (126807.007.000) 2022-03-30 13:42:02 Image size of job updated: 688608
	183  -  MemoryUsage of job (MB)
	186988  -  ResidentSetSize of job (KB)
...
005 (126807.007.000) 2022-03-30 13:42:02 Job terminated.
	(1) Normal termination (return value 0)
		Usr 0 00:00:09, Sys 0 00:00:02  -  Run Remote Usage
		Usr 0 00:00:00, Sys 0 00:00:00  -  Run Local Usage
		Usr 0 00:00:09, Sys 0 00:00:02  -  Total Remote Usage
		Usr 0 00:00:00, Sys 0 00:00:00  -  Total Local Usage
	0  -  Run Bytes Sent By Job
	0  -  Run Bytes Received By Job
	0  -  Total Bytes Sent By Job
	0  -  Total Bytes Received By Job
	Partitionable Resources :    Usage  Request Allocated 
	   Cpus                 :                 1         1 
	   Disk (KB)            :        1        1    121125 
	   Memory (MB)          :      183     3900      3968 

	Job terminated of its own accord at 2022-03-30T04:42:02Z.
...
006 (126807.000.000) 2022-03-30 13:42:03 Image size of job updated: 688604
	177  -  MemoryUsage of job (MB)
	181032  -  ResidentSetSize of job (KB)
...
005 (126807.000.000) 2022-03-30 13:42:03 Job terminated.
	(1) Normal termination (return value 0)
		Usr 0 00:00:10, Sys 0 00:00:02  -  Run Remote Usage
		Usr 0 00:00:00, Sys 0 00:00:00  -  Run Local Usage
		Usr 0 00:00:10, Sys 0 00:00:02  -  Total Remote Usage
		Usr 0 00:00:00, Sys 0 00:00:00  -  Total Local Usage
	0  -  Run Bytes Sent By Job
	0  -  Run Bytes Received By Job
	0  -  Total Bytes Sent By Job
	0  -  Total Bytes Received By Job
	Partitionable Resources :    Usage  Request Allocated 
	   Cpus                 :                 1         1 
	   Disk (KB)            :        1        1    121125 
	   Memory (MB)          :      177     3900      3968 

	Job terminated of its own accord at 2022-03-30T04:42:03Z.
...
006 (126807.004.000) 2022-03-30 13:42:03 Image size of job updated: 688600
	177  -  MemoryUsage of job (MB)
	181040  -  ResidentSetSize of job (KB)
...
005 (126807.004.000) 2022-03-30 13:42:04 Job terminated.
	(1) Normal termination (return value 0)
		Usr 0 00:00:10, Sys 0 00:00:02  -  Run Remote Usage
		Usr 0 00:00:00, Sys 0 00:00:00  -  Run Local Usage
		Usr 0 00:00:10, Sys 0 00:00:02  -  Total Remote Usage
		Usr 0 00:00:00, Sys 0 00:00:00  -  Total Local Usage
	0  -  Run Bytes Sent By Job
	0  -  Run Bytes Received By Job
	0  -  Total Bytes Sent By Job
	0  -  Total Bytes Received By Job
	Partitionable Resources :    Usage  Request Allocated 
	   Cpus                 :                 1         1 
	   Disk (KB)            :        1        1    121125 
	   Memory (MB)          :      177     3900      3968 

	Job terminated of its own accord at 2022-03-30T04:42:03Z.
...
006 (126807.001.000) 2022-03-30 13:42:04 Image size of job updated: 688608
	177  -  MemoryUsage of job (MB)
	181032  -  ResidentSetSize of job (KB)
...
005 (126807.001.000) 2022-03-30 13:42:04 Job terminated.
	(1) Normal termination (return value 0)
		Usr 0 00:00:11, Sys 0 00:00:02  -  Run Remote Usage
		Usr 0 00:00:00, Sys 0 00:00:00  -  Run Local Usage
		Usr 0 00:00:11, Sys 0 00:00:02  -  Total Remote Usage
		Usr 0 00:00:00, Sys 0 00:00:00  -  Total Local Usage
	0  -  Run Bytes Sent By Job
	0  -  Run Bytes Received By Job
	0  -  Total Bytes Sent By Job
	0  -  Total Bytes Received By Job
	Partitionable Resources :    Usage  Request Allocated 
	   Cpus                 :                 1         1 
	   Disk (KB)            :        1        1    121125 
	   Memory (MB)          :      177     3900      3968 

	Job terminated of its own accord at 2022-03-30T04:42:04Z.
...
006 (126807.005.000) 2022-03-30 13:42:04 Image size of job updated: 686728
	183  -  MemoryUsage of job (MB)
	186452  -  ResidentSetSize of job (KB)
...
005 (126807.005.000) 2022-03-30 13:42:04 Job terminated.
	(1) Normal termination (return value 0)
		Usr 0 00:00:11, Sys 0 00:00:02  -  Run Remote Usage
		Usr 0 00:00:00, Sys 0 00:00:00  -  Run Local Usage
		Usr 0 00:00:11, Sys 0 00:00:02  -  Total Remote Usage
		Usr 0 00:00:00, Sys 0 00:00:00  -  Total Local Usage
	0  -  Run Bytes Sent By Job
	0  -  Run Bytes Received By Job
	0  -  Total Bytes Sent By Job
	0  -  Total Bytes Received By Job
	Partitionable Resources :    Usage  Request Allocated 
	   Cpus                 :                 1         1 
	   Disk (KB)            :        1        1    121125 
	   Memory (MB)          :      183     3900      3968 

	Job terminated of its own accord at 2022-03-30T04:42:04Z.
...
006 (126807.012.000) 2022-03-30 13:42:05 Image size of job updated: 659036
	183  -  MemoryUsage of job (MB)
	186456  -  ResidentSetSize of job (KB)
...
005 (126807.012.000) 2022-03-30 13:42:05 Job terminated.
	(1) Normal termination (return value 0)
		Usr 0 00:00:12, Sys 0 00:00:01  -  Run Remote Usage
		Usr 0 00:00:00, Sys 0 00:00:00  -  Run Local Usage
		Usr 0 00:00:12, Sys 0 00:00:01  -  Total Remote Usage
		Usr 0 00:00:00, Sys 0 00:00:00  -  Total Local Usage
	0  -  Run Bytes Sent By Job
	0  -  Run Bytes Received By Job
	0  -  Total Bytes Sent By Job
	0  -  Total Bytes Received By Job
	Partitionable Resources :    Usage  Request Allocated 
	   Cpus                 :                 1         1 
	   Disk (KB)            :        1        1    121125 
	   Memory (MB)          :      183     3900      3968 

	Job terminated of its own accord at 2022-03-30T04:42:05Z.
...
006 (126807.009.000) 2022-03-30 13:42:06 Image size of job updated: 688608
	182  -  MemoryUsage of job (MB)
	185652  -  ResidentSetSize of job (KB)
...
005 (126807.009.000) 2022-03-30 13:42:06 Job terminated.
	(1) Normal termination (return value 0)
		Usr 0 00:00:12, Sys 0 00:00:03  -  Run Remote Usage
		Usr 0 00:00:00, Sys 0 00:00:00  -  Run Local Usage
		Usr 0 00:00:12, Sys 0 00:00:03  -  Total Remote Usage
		Usr 0 00:00:00, Sys 0 00:00:00  -  Total Local Usage
	0  -  Run Bytes Sent By Job
	0  -  Run Bytes Received By Job
	0  -  Total Bytes Sent By Job
	0  -  Total Bytes Received By Job
	Partitionable Resources :    Usage  Request Allocated 
	   Cpus                 :                 1         1 
	   Disk (KB)            :        1        1    121125 
	   Memory (MB)          :      182     3900      3968 

	Job terminated of its own accord at 2022-03-30T04:42:06Z.
...
006 (126807.006.000) 2022-03-30 13:42:13 Image size of job updated: 646256
	183  -  MemoryUsage of job (MB)
	186464  -  ResidentSetSize of job (KB)
...
005 (126807.006.000) 2022-03-30 13:42:13 Job terminated.
	(1) Normal termination (return value 0)
		Usr 0 00:00:20, Sys 0 00:00:02  -  Run Remote Usage
		Usr 0 00:00:00, Sys 0 00:00:00  -  Run Local Usage
		Usr 0 00:00:20, Sys 0 00:00:02  -  Total Remote Usage
		Usr 0 00:00:00, Sys 0 00:00:00  -  Total Local Usage
	0  -  Run Bytes Sent By Job
	0  -  Run Bytes Received By Job
	0  -  Total Bytes Sent By Job
	0  -  Total Bytes Received By Job
	Partitionable Resources :    Usage  Request Allocated 
	   Cpus                 :                 1         1 
	   Disk (KB)            :        1        1    121125 
	   Memory (MB)          :      183     3900      3968 

	Job terminated of its own accord at 2022-03-30T04:42:13Z.
...
006 (126807.008.000) 2022-03-30 13:42:27 Image size of job updated: 646252
	183  -  MemoryUsage of job (MB)
	186452  -  ResidentSetSize of job (KB)
...
005 (126807.008.000) 2022-03-30 13:42:27 Job terminated.
	(1) Normal termination (return value 0)
		Usr 0 00:00:34, Sys 0 00:00:01  -  Run Remote Usage
		Usr 0 00:00:00, Sys 0 00:00:00  -  Run Local Usage
		Usr 0 00:00:34, Sys 0 00:00:01  -  Total Remote Usage
		Usr 0 00:00:00, Sys 0 00:00:00  -  Total Local Usage
	0  -  Run Bytes Sent By Job
	0  -  Run Bytes Received By Job
	0  -  Total Bytes Sent By Job
	0  -  Total Bytes Received By Job
	Partitionable Resources :    Usage  Request Allocated 
	   Cpus                 :                 1         1 
	   Disk (KB)            :        1        1    121125 
	   Memory (MB)          :      183     3900      3968 

	Job terminated of its own accord at 2022-03-30T04:42:27Z.
...
006 (126807.017.000) 2022-03-30 13:42:29 Image size of job updated: 658552
	183  -  MemoryUsage of job (MB)
	187108  -  ResidentSetSize of job (KB)
...
005 (126807.017.000) 2022-03-30 13:42:29 Job terminated.
	(1) Normal termination (return value 0)
		Usr 0 00:00:40, Sys 0 00:00:01  -  Run Remote Usage
		Usr 0 00:00:00, Sys 0 00:00:00  -  Run Local Usage
		Usr 0 00:00:40, Sys 0 00:00:01  -  Total Remote Usage
		Usr 0 00:00:00, Sys 0 00:00:00  -  Total Local Usage
	0  -  Run Bytes Sent By Job
	0  -  Run Bytes Received By Job
	0  -  Total Bytes Sent By Job
	0  -  Total Bytes Received By Job
	Partitionable Resources :    Usage  Request Allocated 
	   Cpus                 :     0.01        1         1 
	   Disk (KB)            :     1           1    121641 
	   Memory (MB)          :   183        3900      3968 

	Job terminated of its own accord at 2022-03-30T04:42:29Z.
...
006 (126807.002.000) 2022-03-30 13:42:43 Image size of job updated: 690224
	177  -  MemoryUsage of job (MB)
	181020  -  ResidentSetSize of job (KB)
...
005 (126807.002.000) 2022-03-30 13:42:43 Job terminated.
	(1) Normal termination (return value 0)
		Usr 0 00:00:48, Sys 0 00:00:02  -  Run Remote Usage
		Usr 0 00:00:00, Sys 0 00:00:00  -  Run Local Usage
		Usr 0 00:00:48, Sys 0 00:00:02  -  Total Remote Usage
		Usr 0 00:00:00, Sys 0 00:00:00  -  Total Local Usage
	0  -  Run Bytes Sent By Job
	0  -  Run Bytes Received By Job
	0  -  Total Bytes Sent By Job
	0  -  Total Bytes Received By Job
	Partitionable Resources :    Usage  Request Allocated 
	   Cpus                 :                 1         1 
	   Disk (KB)            :        1        1    121125 
	   Memory (MB)          :      177     3900      3968 

	Job terminated of its own accord at 2022-03-30T04:42:43Z.
...
