000 (126481.000.000) 2022-03-29 12:53:31 Job submitted from host: <172.30.1.200:9618?addrs=172.30.1.200-9618&alias=tamsa2.snu.ac.kr&noUDP&sock=schedd_3154_f5cb>
...
000 (126481.001.000) 2022-03-29 12:53:31 Job submitted from host: <172.30.1.200:9618?addrs=172.30.1.200-9618&alias=tamsa2.snu.ac.kr&noUDP&sock=schedd_3154_f5cb>
...
000 (126481.002.000) 2022-03-29 12:53:31 Job submitted from host: <172.30.1.200:9618?addrs=172.30.1.200-9618&alias=tamsa2.snu.ac.kr&noUDP&sock=schedd_3154_f5cb>
...
000 (126481.003.000) 2022-03-29 12:53:31 Job submitted from host: <172.30.1.200:9618?addrs=172.30.1.200-9618&alias=tamsa2.snu.ac.kr&noUDP&sock=schedd_3154_f5cb>
...
000 (126481.004.000) 2022-03-29 12:53:31 Job submitted from host: <172.30.1.200:9618?addrs=172.30.1.200-9618&alias=tamsa2.snu.ac.kr&noUDP&sock=schedd_3154_f5cb>
...
000 (126481.005.000) 2022-03-29 12:53:31 Job submitted from host: <172.30.1.200:9618?addrs=172.30.1.200-9618&alias=tamsa2.snu.ac.kr&noUDP&sock=schedd_3154_f5cb>
...
000 (126481.006.000) 2022-03-29 12:53:31 Job submitted from host: <172.30.1.200:9618?addrs=172.30.1.200-9618&alias=tamsa2.snu.ac.kr&noUDP&sock=schedd_3154_f5cb>
...
000 (126481.007.000) 2022-03-29 12:53:31 Job submitted from host: <172.30.1.200:9618?addrs=172.30.1.200-9618&alias=tamsa2.snu.ac.kr&noUDP&sock=schedd_3154_f5cb>
...
000 (126481.008.000) 2022-03-29 12:53:31 Job submitted from host: <172.30.1.200:9618?addrs=172.30.1.200-9618&alias=tamsa2.snu.ac.kr&noUDP&sock=schedd_3154_f5cb>
...
000 (126481.009.000) 2022-03-29 12:53:31 Job submitted from host: <172.30.1.200:9618?addrs=172.30.1.200-9618&alias=tamsa2.snu.ac.kr&noUDP&sock=schedd_3154_f5cb>
...
000 (126481.010.000) 2022-03-29 12:53:31 Job submitted from host: <172.30.1.200:9618?addrs=172.30.1.200-9618&alias=tamsa2.snu.ac.kr&noUDP&sock=schedd_3154_f5cb>
...
000 (126481.011.000) 2022-03-29 12:53:31 Job submitted from host: <172.30.1.200:9618?addrs=172.30.1.200-9618&alias=tamsa2.snu.ac.kr&noUDP&sock=schedd_3154_f5cb>
...
000 (126481.012.000) 2022-03-29 12:53:31 Job submitted from host: <172.30.1.200:9618?addrs=172.30.1.200-9618&alias=tamsa2.snu.ac.kr&noUDP&sock=schedd_3154_f5cb>
...
000 (126481.013.000) 2022-03-29 12:53:31 Job submitted from host: <172.30.1.200:9618?addrs=172.30.1.200-9618&alias=tamsa2.snu.ac.kr&noUDP&sock=schedd_3154_f5cb>
...
000 (126481.014.000) 2022-03-29 12:53:31 Job submitted from host: <172.30.1.200:9618?addrs=172.30.1.200-9618&alias=tamsa2.snu.ac.kr&noUDP&sock=schedd_3154_f5cb>
...
000 (126481.015.000) 2022-03-29 12:53:31 Job submitted from host: <172.30.1.200:9618?addrs=172.30.1.200-9618&alias=tamsa2.snu.ac.kr&noUDP&sock=schedd_3154_f5cb>
...
000 (126481.016.000) 2022-03-29 12:53:31 Job submitted from host: <172.30.1.200:9618?addrs=172.30.1.200-9618&alias=tamsa2.snu.ac.kr&noUDP&sock=schedd_3154_f5cb>
...
000 (126481.017.000) 2022-03-29 12:53:31 Job submitted from host: <172.30.1.200:9618?addrs=172.30.1.200-9618&alias=tamsa2.snu.ac.kr&noUDP&sock=schedd_3154_f5cb>
...
000 (126481.018.000) 2022-03-29 12:53:31 Job submitted from host: <172.30.1.200:9618?addrs=172.30.1.200-9618&alias=tamsa2.snu.ac.kr&noUDP&sock=schedd_3154_f5cb>
...
000 (126481.019.000) 2022-03-29 12:53:31 Job submitted from host: <172.30.1.200:9618?addrs=172.30.1.200-9618&alias=tamsa2.snu.ac.kr&noUDP&sock=schedd_3154_f5cb>
...
001 (126481.000.000) 2022-03-29 12:53:45 Job executing on host: <172.30.1.202:9618?addrs=172.30.1.202-9618&alias=node2&noUDP&sock=startd_3636_9271>
...
001 (126481.001.000) 2022-03-29 12:53:45 Job executing on host: <172.30.1.202:9618?addrs=172.30.1.202-9618&alias=node2&noUDP&sock=startd_3636_9271>
...
001 (126481.004.000) 2022-03-29 12:53:45 Job executing on host: <172.30.1.202:9618?addrs=172.30.1.202-9618&alias=node2&noUDP&sock=startd_3636_9271>
...
001 (126481.002.000) 2022-03-29 12:53:45 Job executing on host: <172.30.1.202:9618?addrs=172.30.1.202-9618&alias=node2&noUDP&sock=startd_3636_9271>
...
001 (126481.003.000) 2022-03-29 12:53:45 Job executing on host: <172.30.1.202:9618?addrs=172.30.1.202-9618&alias=node2&noUDP&sock=startd_3636_9271>
...
001 (126481.007.000) 2022-03-29 12:53:45 Job executing on host: <172.30.1.202:9618?addrs=172.30.1.202-9618&alias=node2&noUDP&sock=startd_3636_9271>
...
001 (126481.005.000) 2022-03-29 12:53:45 Job executing on host: <172.30.1.202:9618?addrs=172.30.1.202-9618&alias=node2&noUDP&sock=startd_3636_9271>
...
001 (126481.006.000) 2022-03-29 12:53:45 Job executing on host: <172.30.1.202:9618?addrs=172.30.1.202-9618&alias=node2&noUDP&sock=startd_3636_9271>
...
001 (126481.008.000) 2022-03-29 12:53:45 Job executing on host: <172.30.1.202:9618?addrs=172.30.1.202-9618&alias=node2&noUDP&sock=startd_3636_9271>
...
001 (126481.010.000) 2022-03-29 12:53:45 Job executing on host: <172.30.1.202:9618?addrs=172.30.1.202-9618&alias=node2&noUDP&sock=startd_3636_9271>
...
001 (126481.009.000) 2022-03-29 12:53:45 Job executing on host: <172.30.1.202:9618?addrs=172.30.1.202-9618&alias=node2&noUDP&sock=startd_3636_9271>
...
001 (126481.011.000) 2022-03-29 12:53:45 Job executing on host: <172.30.1.202:9618?addrs=172.30.1.202-9618&alias=node2&noUDP&sock=startd_3636_9271>
...
001 (126481.012.000) 2022-03-29 12:53:46 Job executing on host: <172.30.1.202:9618?addrs=172.30.1.202-9618&alias=node2&noUDP&sock=startd_3636_9271>
...
001 (126481.013.000) 2022-03-29 12:53:46 Job executing on host: <172.30.1.202:9618?addrs=172.30.1.202-9618&alias=node2&noUDP&sock=startd_3636_9271>
...
001 (126481.014.000) 2022-03-29 12:53:46 Job executing on host: <172.30.1.202:9618?addrs=172.30.1.202-9618&alias=node2&noUDP&sock=startd_3636_9271>
...
001 (126481.017.000) 2022-03-29 12:53:46 Job executing on host: <172.30.1.202:9618?addrs=172.30.1.202-9618&alias=node2&noUDP&sock=startd_3636_9271>
...
001 (126481.016.000) 2022-03-29 12:53:46 Job executing on host: <172.30.1.202:9618?addrs=172.30.1.202-9618&alias=node2&noUDP&sock=startd_3636_9271>
...
001 (126481.019.000) 2022-03-29 12:53:46 Job executing on host: <172.30.1.202:9618?addrs=172.30.1.202-9618&alias=node2&noUDP&sock=startd_3636_9271>
...
001 (126481.015.000) 2022-03-29 12:53:47 Job executing on host: <172.30.1.202:9618?addrs=172.30.1.202-9618&alias=node2&noUDP&sock=startd_3636_9271>
...
001 (126481.018.000) 2022-03-29 12:53:47 Job executing on host: <172.30.1.202:9618?addrs=172.30.1.202-9618&alias=node2&noUDP&sock=startd_3636_9271>
...
006 (126481.000.000) 2022-03-29 12:53:53 Image size of job updated: 385404
	168  -  MemoryUsage of job (MB)
	171012  -  ResidentSetSize of job (KB)
...
006 (126481.001.000) 2022-03-29 12:53:53 Image size of job updated: 369856
	170  -  MemoryUsage of job (MB)
	174068  -  ResidentSetSize of job (KB)
...
006 (126481.004.000) 2022-03-29 12:53:53 Image size of job updated: 369856
	173  -  MemoryUsage of job (MB)
	176852  -  ResidentSetSize of job (KB)
...
006 (126481.002.000) 2022-03-29 12:53:53 Image size of job updated: 369856
	174  -  MemoryUsage of job (MB)
	177812  -  ResidentSetSize of job (KB)
...
006 (126481.003.000) 2022-03-29 12:53:53 Image size of job updated: 369856
	176  -  MemoryUsage of job (MB)
	180200  -  ResidentSetSize of job (KB)
...
006 (126481.011.000) 2022-03-29 12:53:54 Image size of job updated: 219044
	180  -  MemoryUsage of job (MB)
	183448  -  ResidentSetSize of job (KB)
...
006 (126481.012.000) 2022-03-29 12:53:54 Image size of job updated: 219044
	180  -  MemoryUsage of job (MB)
	184112  -  ResidentSetSize of job (KB)
...
006 (126481.013.000) 2022-03-29 12:53:54 Image size of job updated: 219044
	182  -  MemoryUsage of job (MB)
	185820  -  ResidentSetSize of job (KB)
...
006 (126481.007.000) 2022-03-29 12:53:54 Image size of job updated: 369856
	184  -  MemoryUsage of job (MB)
	188096  -  ResidentSetSize of job (KB)
...
006 (126481.005.000) 2022-03-29 12:53:54 Image size of job updated: 369856
	184  -  MemoryUsage of job (MB)
	188100  -  ResidentSetSize of job (KB)
...
006 (126481.006.000) 2022-03-29 12:53:54 Image size of job updated: 222384
	184  -  MemoryUsage of job (MB)
	188108  -  ResidentSetSize of job (KB)
...
006 (126481.008.000) 2022-03-29 12:53:54 Image size of job updated: 222384
	184  -  MemoryUsage of job (MB)
	188112  -  ResidentSetSize of job (KB)
...
006 (126481.010.000) 2022-03-29 12:53:54 Image size of job updated: 222384
	184  -  MemoryUsage of job (MB)
	188100  -  ResidentSetSize of job (KB)
...
006 (126481.009.000) 2022-03-29 12:53:54 Image size of job updated: 219044
	184  -  MemoryUsage of job (MB)
	188104  -  ResidentSetSize of job (KB)
...
006 (126481.019.000) 2022-03-29 12:53:55 Image size of job updated: 185104
	180  -  MemoryUsage of job (MB)
	183616  -  ResidentSetSize of job (KB)
...
006 (126481.015.000) 2022-03-29 12:53:55 Image size of job updated: 202960
	183  -  MemoryUsage of job (MB)
	187056  -  ResidentSetSize of job (KB)
...
006 (126481.018.000) 2022-03-29 12:53:55 Image size of job updated: 205304
	183  -  MemoryUsage of job (MB)
	187064  -  ResidentSetSize of job (KB)
...
006 (126481.014.000) 2022-03-29 12:53:55 Image size of job updated: 188744
	184  -  MemoryUsage of job (MB)
	188104  -  ResidentSetSize of job (KB)
...
006 (126481.017.000) 2022-03-29 12:53:55 Image size of job updated: 189468
	184  -  MemoryUsage of job (MB)
	188096  -  ResidentSetSize of job (KB)
...
006 (126481.016.000) 2022-03-29 12:53:55 Image size of job updated: 189220
	184  -  MemoryUsage of job (MB)
	188096  -  ResidentSetSize of job (KB)
...
006 (126481.019.000) 2022-03-29 12:54:06 Image size of job updated: 691492
	180  -  MemoryUsage of job (MB)
	183628  -  ResidentSetSize of job (KB)
...
006 (126481.003.000) 2022-03-29 12:54:07 Image size of job updated: 691452
	176  -  MemoryUsage of job (MB)
	180200  -  ResidentSetSize of job (KB)
...
005 (126481.019.000) 2022-03-29 12:54:07 Job terminated.
	(1) Normal termination (return value 0)
		Usr 0 00:00:14, Sys 0 00:00:02  -  Run Remote Usage
		Usr 0 00:00:00, Sys 0 00:00:00  -  Run Local Usage
		Usr 0 00:00:14, Sys 0 00:00:02  -  Total Remote Usage
		Usr 0 00:00:00, Sys 0 00:00:00  -  Total Local Usage
	0  -  Run Bytes Sent By Job
	0  -  Run Bytes Received By Job
	0  -  Total Bytes Sent By Job
	0  -  Total Bytes Received By Job
	Partitionable Resources :    Usage  Request Allocated 
	   Cpus                 :                 1         1 
	   Disk (KB)            :        1        1    129249 
	   Memory (MB)          :      180     3900      3968 

	Job terminated of its own accord at 2022-03-29T03:54:06Z.
...
005 (126481.003.000) 2022-03-29 12:54:07 Job terminated.
	(1) Normal termination (return value 0)
		Usr 0 00:00:15, Sys 0 00:00:02  -  Run Remote Usage
		Usr 0 00:00:00, Sys 0 00:00:00  -  Run Local Usage
		Usr 0 00:00:15, Sys 0 00:00:02  -  Total Remote Usage
		Usr 0 00:00:00, Sys 0 00:00:00  -  Total Local Usage
	0  -  Run Bytes Sent By Job
	0  -  Run Bytes Received By Job
	0  -  Total Bytes Sent By Job
	0  -  Total Bytes Received By Job
	Partitionable Resources :    Usage  Request Allocated 
	   Cpus                 :                 1         1 
	   Disk (KB)            :        1        1    129249 
	   Memory (MB)          :      176     3900      3968 

	Job terminated of its own accord at 2022-03-29T03:54:07Z.
...
006 (126481.013.000) 2022-03-29 12:54:07 Image size of job updated: 691880
	182  -  MemoryUsage of job (MB)
	185856  -  ResidentSetSize of job (KB)
...
005 (126481.013.000) 2022-03-29 12:54:08 Job terminated.
	(1) Normal termination (return value 0)
		Usr 0 00:00:15, Sys 0 00:00:02  -  Run Remote Usage
		Usr 0 00:00:00, Sys 0 00:00:00  -  Run Local Usage
		Usr 0 00:00:15, Sys 0 00:00:02  -  Total Remote Usage
		Usr 0 00:00:00, Sys 0 00:00:00  -  Total Local Usage
	0  -  Run Bytes Sent By Job
	0  -  Run Bytes Received By Job
	0  -  Total Bytes Sent By Job
	0  -  Total Bytes Received By Job
	Partitionable Resources :    Usage  Request Allocated 
	   Cpus                 :                 1         1 
	   Disk (KB)            :        1        1    129249 
	   Memory (MB)          :      182     3900      3968 

	Job terminated of its own accord at 2022-03-29T03:54:07Z.
...
006 (126481.016.000) 2022-03-29 12:54:09 Image size of job updated: 691676
	184  -  MemoryUsage of job (MB)
	188096  -  ResidentSetSize of job (KB)
...
006 (126481.009.000) 2022-03-29 12:54:09 Image size of job updated: 691472
	184  -  MemoryUsage of job (MB)
	188104  -  ResidentSetSize of job (KB)
...
005 (126481.016.000) 2022-03-29 12:54:09 Job terminated.
	(1) Normal termination (return value 0)
		Usr 0 00:00:16, Sys 0 00:00:02  -  Run Remote Usage
		Usr 0 00:00:00, Sys 0 00:00:00  -  Run Local Usage
		Usr 0 00:00:16, Sys 0 00:00:02  -  Total Remote Usage
		Usr 0 00:00:00, Sys 0 00:00:00  -  Total Local Usage
	0  -  Run Bytes Sent By Job
	0  -  Run Bytes Received By Job
	0  -  Total Bytes Sent By Job
	0  -  Total Bytes Received By Job
	Partitionable Resources :    Usage  Request Allocated 
	   Cpus                 :                 1         1 
	   Disk (KB)            :        1        1    129249 
	   Memory (MB)          :      184     3900      3968 

	Job terminated of its own accord at 2022-03-29T03:54:09Z.
...
005 (126481.009.000) 2022-03-29 12:54:09 Job terminated.
	(1) Normal termination (return value 0)
		Usr 0 00:00:17, Sys 0 00:00:02  -  Run Remote Usage
		Usr 0 00:00:00, Sys 0 00:00:00  -  Run Local Usage
		Usr 0 00:00:17, Sys 0 00:00:02  -  Total Remote Usage
		Usr 0 00:00:00, Sys 0 00:00:00  -  Total Local Usage
	0  -  Run Bytes Sent By Job
	0  -  Run Bytes Received By Job
	0  -  Total Bytes Sent By Job
	0  -  Total Bytes Received By Job
	Partitionable Resources :    Usage  Request Allocated 
	   Cpus                 :                 1         1 
	   Disk (KB)            :        1        1    129249 
	   Memory (MB)          :      184     3900      3968 

	Job terminated of its own accord at 2022-03-29T03:54:09Z.
...
006 (126481.015.000) 2022-03-29 12:54:09 Image size of job updated: 691704
	183  -  MemoryUsage of job (MB)
	187056  -  ResidentSetSize of job (KB)
...
005 (126481.015.000) 2022-03-29 12:54:09 Job terminated.
	(1) Normal termination (return value 0)
		Usr 0 00:00:16, Sys 0 00:00:02  -  Run Remote Usage
		Usr 0 00:00:00, Sys 0 00:00:00  -  Run Local Usage
		Usr 0 00:00:16, Sys 0 00:00:02  -  Total Remote Usage
		Usr 0 00:00:00, Sys 0 00:00:00  -  Total Local Usage
	0  -  Run Bytes Sent By Job
	0  -  Run Bytes Received By Job
	0  -  Total Bytes Sent By Job
	0  -  Total Bytes Received By Job
	Partitionable Resources :    Usage  Request Allocated 
	   Cpus                 :                 1         1 
	   Disk (KB)            :        1        1    129249 
	   Memory (MB)          :      183     3900      3968 

	Job terminated of its own accord at 2022-03-29T03:54:09Z.
...
006 (126481.005.000) 2022-03-29 12:54:09 Image size of job updated: 693296
	184  -  MemoryUsage of job (MB)
	188100  -  ResidentSetSize of job (KB)
...
005 (126481.005.000) 2022-03-29 12:54:09 Job terminated.
	(1) Normal termination (return value 0)
		Usr 0 00:00:17, Sys 0 00:00:02  -  Run Remote Usage
		Usr 0 00:00:00, Sys 0 00:00:00  -  Run Local Usage
		Usr 0 00:00:17, Sys 0 00:00:02  -  Total Remote Usage
		Usr 0 00:00:00, Sys 0 00:00:00  -  Total Local Usage
	0  -  Run Bytes Sent By Job
	0  -  Run Bytes Received By Job
	0  -  Total Bytes Sent By Job
	0  -  Total Bytes Received By Job
	Partitionable Resources :    Usage  Request Allocated 
	   Cpus                 :                 1         1 
	   Disk (KB)            :        1        1    129249 
	   Memory (MB)          :      184     3900      3968 

	Job terminated of its own accord at 2022-03-29T03:54:09Z.
...
006 (126481.008.000) 2022-03-29 12:54:10 Image size of job updated: 691492
	184  -  MemoryUsage of job (MB)
	188112  -  ResidentSetSize of job (KB)
...
005 (126481.008.000) 2022-03-29 12:54:10 Job terminated.
	(1) Normal termination (return value 0)
		Usr 0 00:00:18, Sys 0 00:00:02  -  Run Remote Usage
		Usr 0 00:00:00, Sys 0 00:00:00  -  Run Local Usage
		Usr 0 00:00:18, Sys 0 00:00:02  -  Total Remote Usage
		Usr 0 00:00:00, Sys 0 00:00:00  -  Total Local Usage
	0  -  Run Bytes Sent By Job
	0  -  Run Bytes Received By Job
	0  -  Total Bytes Sent By Job
	0  -  Total Bytes Received By Job
	Partitionable Resources :    Usage  Request Allocated 
	   Cpus                 :                 1         1 
	   Disk (KB)            :        1        1    129249 
	   Memory (MB)          :      184     3900      3968 

	Job terminated of its own accord at 2022-03-29T03:54:10Z.
...
006 (126481.002.000) 2022-03-29 12:54:11 Image size of job updated: 691448
	174  -  MemoryUsage of job (MB)
	177816  -  ResidentSetSize of job (KB)
...
005 (126481.002.000) 2022-03-29 12:54:11 Job terminated.
	(1) Normal termination (return value 0)
		Usr 0 00:00:19, Sys 0 00:00:02  -  Run Remote Usage
		Usr 0 00:00:00, Sys 0 00:00:00  -  Run Local Usage
		Usr 0 00:00:19, Sys 0 00:00:02  -  Total Remote Usage
		Usr 0 00:00:00, Sys 0 00:00:00  -  Total Local Usage
	0  -  Run Bytes Sent By Job
	0  -  Run Bytes Received By Job
	0  -  Total Bytes Sent By Job
	0  -  Total Bytes Received By Job
	Partitionable Resources :    Usage  Request Allocated 
	   Cpus                 :                 1         1 
	   Disk (KB)            :        1        1    129249 
	   Memory (MB)          :      174     3900      3968 

	Job terminated of its own accord at 2022-03-29T03:54:11Z.
...
006 (126481.007.000) 2022-03-29 12:54:11 Image size of job updated: 691616
	184  -  MemoryUsage of job (MB)
	188096  -  ResidentSetSize of job (KB)
...
006 (126481.011.000) 2022-03-29 12:54:11 Image size of job updated: 691804
	180  -  MemoryUsage of job (MB)
	183460  -  ResidentSetSize of job (KB)
...
005 (126481.007.000) 2022-03-29 12:54:11 Job terminated.
	(1) Normal termination (return value 0)
		Usr 0 00:00:19, Sys 0 00:00:02  -  Run Remote Usage
		Usr 0 00:00:00, Sys 0 00:00:00  -  Run Local Usage
		Usr 0 00:00:19, Sys 0 00:00:02  -  Total Remote Usage
		Usr 0 00:00:00, Sys 0 00:00:00  -  Total Local Usage
	0  -  Run Bytes Sent By Job
	0  -  Run Bytes Received By Job
	0  -  Total Bytes Sent By Job
	0  -  Total Bytes Received By Job
	Partitionable Resources :    Usage  Request Allocated 
	   Cpus                 :                 1         1 
	   Disk (KB)            :        1        1    129249 
	   Memory (MB)          :      184     3900      3968 

	Job terminated of its own accord at 2022-03-29T03:54:11Z.
...
005 (126481.011.000) 2022-03-29 12:54:11 Job terminated.
	(1) Normal termination (return value 0)
		Usr 0 00:00:19, Sys 0 00:00:02  -  Run Remote Usage
		Usr 0 00:00:00, Sys 0 00:00:00  -  Run Local Usage
		Usr 0 00:00:19, Sys 0 00:00:02  -  Total Remote Usage
		Usr 0 00:00:00, Sys 0 00:00:00  -  Total Local Usage
	0  -  Run Bytes Sent By Job
	0  -  Run Bytes Received By Job
	0  -  Total Bytes Sent By Job
	0  -  Total Bytes Received By Job
	Partitionable Resources :    Usage  Request Allocated 
	   Cpus                 :                 1         1 
	   Disk (KB)            :        1        1    129249 
	   Memory (MB)          :      180     3900      3968 

	Job terminated of its own accord at 2022-03-29T03:54:11Z.
...
006 (126481.017.000) 2022-03-29 12:54:12 Image size of job updated: 686580
	184  -  MemoryUsage of job (MB)
	188096  -  ResidentSetSize of job (KB)
...
005 (126481.017.000) 2022-03-29 12:54:12 Job terminated.
	(1) Normal termination (return value 0)
		Usr 0 00:00:19, Sys 0 00:00:02  -  Run Remote Usage
		Usr 0 00:00:00, Sys 0 00:00:00  -  Run Local Usage
		Usr 0 00:00:19, Sys 0 00:00:02  -  Total Remote Usage
		Usr 0 00:00:00, Sys 0 00:00:00  -  Total Local Usage
	0  -  Run Bytes Sent By Job
	0  -  Run Bytes Received By Job
	0  -  Total Bytes Sent By Job
	0  -  Total Bytes Received By Job
	Partitionable Resources :    Usage  Request Allocated 
	   Cpus                 :                 1         1 
	   Disk (KB)            :        1        1    129249 
	   Memory (MB)          :      184     3900      3968 

	Job terminated of its own accord at 2022-03-29T03:54:12Z.
...
006 (126481.006.000) 2022-03-29 12:54:13 Image size of job updated: 691456
	184  -  MemoryUsage of job (MB)
	188108  -  ResidentSetSize of job (KB)
...
006 (126481.012.000) 2022-03-29 12:54:13 Image size of job updated: 691484
	180  -  MemoryUsage of job (MB)
	184132  -  ResidentSetSize of job (KB)
...
005 (126481.012.000) 2022-03-29 12:54:13 Job terminated.
	(1) Normal termination (return value 0)
		Usr 0 00:00:21, Sys 0 00:00:02  -  Run Remote Usage
		Usr 0 00:00:00, Sys 0 00:00:00  -  Run Local Usage
		Usr 0 00:00:21, Sys 0 00:00:02  -  Total Remote Usage
		Usr 0 00:00:00, Sys 0 00:00:00  -  Total Local Usage
	0  -  Run Bytes Sent By Job
	0  -  Run Bytes Received By Job
	0  -  Total Bytes Sent By Job
	0  -  Total Bytes Received By Job
	Partitionable Resources :    Usage  Request Allocated 
	   Cpus                 :                 1         1 
	   Disk (KB)            :        1        1    129249 
	   Memory (MB)          :      180     3900      3968 

	Job terminated of its own accord at 2022-03-29T03:54:13Z.
...
005 (126481.006.000) 2022-03-29 12:54:13 Job terminated.
	(1) Normal termination (return value 0)
		Usr 0 00:00:20, Sys 0 00:00:02  -  Run Remote Usage
		Usr 0 00:00:00, Sys 0 00:00:00  -  Run Local Usage
		Usr 0 00:00:20, Sys 0 00:00:02  -  Total Remote Usage
		Usr 0 00:00:00, Sys 0 00:00:00  -  Total Local Usage
	0  -  Run Bytes Sent By Job
	0  -  Run Bytes Received By Job
	0  -  Total Bytes Sent By Job
	0  -  Total Bytes Received By Job
	Partitionable Resources :    Usage  Request Allocated 
	   Cpus                 :                 1         1 
	   Disk (KB)            :        1        1    129249 
	   Memory (MB)          :      184     3900      3968 

	Job terminated of its own accord at 2022-03-29T03:54:13Z.
...
006 (126481.018.000) 2022-03-29 12:54:13 Image size of job updated: 691448
	183  -  MemoryUsage of job (MB)
	187096  -  ResidentSetSize of job (KB)
...
005 (126481.018.000) 2022-03-29 12:54:13 Job terminated.
	(1) Normal termination (return value 0)
		Usr 0 00:00:21, Sys 0 00:00:02  -  Run Remote Usage
		Usr 0 00:00:00, Sys 0 00:00:00  -  Run Local Usage
		Usr 0 00:00:21, Sys 0 00:00:02  -  Total Remote Usage
		Usr 0 00:00:00, Sys 0 00:00:00  -  Total Local Usage
	0  -  Run Bytes Sent By Job
	0  -  Run Bytes Received By Job
	0  -  Total Bytes Sent By Job
	0  -  Total Bytes Received By Job
	Partitionable Resources :    Usage  Request Allocated 
	   Cpus                 :                 1         1 
	   Disk (KB)            :        1        1    129249 
	   Memory (MB)          :      183     3900      3968 

	Job terminated of its own accord at 2022-03-29T03:54:13Z.
...
006 (126481.000.000) 2022-03-29 12:54:13 Image size of job updated: 691232
	168  -  MemoryUsage of job (MB)
	171016  -  ResidentSetSize of job (KB)
...
005 (126481.000.000) 2022-03-29 12:54:13 Job terminated.
	(1) Normal termination (return value 0)
		Usr 0 00:00:22, Sys 0 00:00:02  -  Run Remote Usage
		Usr 0 00:00:00, Sys 0 00:00:00  -  Run Local Usage
		Usr 0 00:00:22, Sys 0 00:00:02  -  Total Remote Usage
		Usr 0 00:00:00, Sys 0 00:00:00  -  Total Local Usage
	0  -  Run Bytes Sent By Job
	0  -  Run Bytes Received By Job
	0  -  Total Bytes Sent By Job
	0  -  Total Bytes Received By Job
	Partitionable Resources :    Usage  Request Allocated 
	   Cpus                 :                 1         1 
	   Disk (KB)            :        1        1    129249 
	   Memory (MB)          :      168     3900      3968 

	Job terminated of its own accord at 2022-03-29T03:54:13Z.
...
006 (126481.014.000) 2022-03-29 12:54:14 Image size of job updated: 691228
	184  -  MemoryUsage of job (MB)
	188104  -  ResidentSetSize of job (KB)
...
005 (126481.014.000) 2022-03-29 12:54:14 Job terminated.
	(1) Normal termination (return value 0)
		Usr 0 00:00:21, Sys 0 00:00:02  -  Run Remote Usage
		Usr 0 00:00:00, Sys 0 00:00:00  -  Run Local Usage
		Usr 0 00:00:21, Sys 0 00:00:02  -  Total Remote Usage
		Usr 0 00:00:00, Sys 0 00:00:00  -  Total Local Usage
	0  -  Run Bytes Sent By Job
	0  -  Run Bytes Received By Job
	0  -  Total Bytes Sent By Job
	0  -  Total Bytes Received By Job
	Partitionable Resources :    Usage  Request Allocated 
	   Cpus                 :                 1         1 
	   Disk (KB)            :        1        1    129249 
	   Memory (MB)          :      184     3900      3968 

	Job terminated of its own accord at 2022-03-29T03:54:14Z.
...
006 (126481.001.000) 2022-03-29 12:54:15 Image size of job updated: 692436
	170  -  MemoryUsage of job (MB)
	174068  -  ResidentSetSize of job (KB)
...
005 (126481.001.000) 2022-03-29 12:54:16 Job terminated.
	(1) Normal termination (return value 0)
		Usr 0 00:00:24, Sys 0 00:00:02  -  Run Remote Usage
		Usr 0 00:00:00, Sys 0 00:00:00  -  Run Local Usage
		Usr 0 00:00:24, Sys 0 00:00:02  -  Total Remote Usage
		Usr 0 00:00:00, Sys 0 00:00:00  -  Total Local Usage
	0  -  Run Bytes Sent By Job
	0  -  Run Bytes Received By Job
	0  -  Total Bytes Sent By Job
	0  -  Total Bytes Received By Job
	Partitionable Resources :    Usage  Request Allocated 
	   Cpus                 :                 1         1 
	   Disk (KB)            :        1        1    129249 
	   Memory (MB)          :      170     3900      3968 

	Job terminated of its own accord at 2022-03-29T03:54:15Z.
...
006 (126481.004.000) 2022-03-29 12:54:22 Image size of job updated: 691168
	173  -  MemoryUsage of job (MB)
	176972  -  ResidentSetSize of job (KB)
...
005 (126481.004.000) 2022-03-29 12:54:22 Job terminated.
	(1) Normal termination (return value 0)
		Usr 0 00:00:30, Sys 0 00:00:02  -  Run Remote Usage
		Usr 0 00:00:00, Sys 0 00:00:00  -  Run Local Usage
		Usr 0 00:00:30, Sys 0 00:00:02  -  Total Remote Usage
		Usr 0 00:00:00, Sys 0 00:00:00  -  Total Local Usage
	0  -  Run Bytes Sent By Job
	0  -  Run Bytes Received By Job
	0  -  Total Bytes Sent By Job
	0  -  Total Bytes Received By Job
	Partitionable Resources :    Usage  Request Allocated 
	   Cpus                 :                 1         1 
	   Disk (KB)            :        1        1    129249 
	   Memory (MB)          :      173     3900      3968 

	Job terminated of its own accord at 2022-03-29T03:54:22Z.
...
006 (126481.010.000) 2022-03-29 12:54:27 Image size of job updated: 691488
	184  -  MemoryUsage of job (MB)
	188100  -  ResidentSetSize of job (KB)
...
005 (126481.010.000) 2022-03-29 12:54:27 Job terminated.
	(1) Normal termination (return value 0)
		Usr 0 00:00:35, Sys 0 00:00:02  -  Run Remote Usage
		Usr 0 00:00:00, Sys 0 00:00:00  -  Run Local Usage
		Usr 0 00:00:35, Sys 0 00:00:02  -  Total Remote Usage
		Usr 0 00:00:00, Sys 0 00:00:00  -  Total Local Usage
	0  -  Run Bytes Sent By Job
	0  -  Run Bytes Received By Job
	0  -  Total Bytes Sent By Job
	0  -  Total Bytes Received By Job
	Partitionable Resources :    Usage  Request Allocated 
	   Cpus                 :                 1         1 
	   Disk (KB)            :        1        1    129249 
	   Memory (MB)          :      184     3900      3968 

	Job terminated of its own accord at 2022-03-29T03:54:27Z.
...
000 (126516.000.000) 2022-03-29 13:32:03 Job submitted from host: <172.30.1.200:9618?addrs=172.30.1.200-9618&alias=tamsa2.snu.ac.kr&noUDP&sock=schedd_3154_f5cb>
...
000 (126516.001.000) 2022-03-29 13:32:03 Job submitted from host: <172.30.1.200:9618?addrs=172.30.1.200-9618&alias=tamsa2.snu.ac.kr&noUDP&sock=schedd_3154_f5cb>
...
000 (126516.002.000) 2022-03-29 13:32:03 Job submitted from host: <172.30.1.200:9618?addrs=172.30.1.200-9618&alias=tamsa2.snu.ac.kr&noUDP&sock=schedd_3154_f5cb>
...
000 (126516.003.000) 2022-03-29 13:32:03 Job submitted from host: <172.30.1.200:9618?addrs=172.30.1.200-9618&alias=tamsa2.snu.ac.kr&noUDP&sock=schedd_3154_f5cb>
...
000 (126516.004.000) 2022-03-29 13:32:03 Job submitted from host: <172.30.1.200:9618?addrs=172.30.1.200-9618&alias=tamsa2.snu.ac.kr&noUDP&sock=schedd_3154_f5cb>
...
000 (126516.005.000) 2022-03-29 13:32:03 Job submitted from host: <172.30.1.200:9618?addrs=172.30.1.200-9618&alias=tamsa2.snu.ac.kr&noUDP&sock=schedd_3154_f5cb>
...
000 (126516.006.000) 2022-03-29 13:32:03 Job submitted from host: <172.30.1.200:9618?addrs=172.30.1.200-9618&alias=tamsa2.snu.ac.kr&noUDP&sock=schedd_3154_f5cb>
...
000 (126516.007.000) 2022-03-29 13:32:03 Job submitted from host: <172.30.1.200:9618?addrs=172.30.1.200-9618&alias=tamsa2.snu.ac.kr&noUDP&sock=schedd_3154_f5cb>
...
000 (126516.008.000) 2022-03-29 13:32:03 Job submitted from host: <172.30.1.200:9618?addrs=172.30.1.200-9618&alias=tamsa2.snu.ac.kr&noUDP&sock=schedd_3154_f5cb>
...
000 (126516.009.000) 2022-03-29 13:32:03 Job submitted from host: <172.30.1.200:9618?addrs=172.30.1.200-9618&alias=tamsa2.snu.ac.kr&noUDP&sock=schedd_3154_f5cb>
...
000 (126516.010.000) 2022-03-29 13:32:03 Job submitted from host: <172.30.1.200:9618?addrs=172.30.1.200-9618&alias=tamsa2.snu.ac.kr&noUDP&sock=schedd_3154_f5cb>
...
000 (126516.011.000) 2022-03-29 13:32:03 Job submitted from host: <172.30.1.200:9618?addrs=172.30.1.200-9618&alias=tamsa2.snu.ac.kr&noUDP&sock=schedd_3154_f5cb>
...
000 (126516.012.000) 2022-03-29 13:32:03 Job submitted from host: <172.30.1.200:9618?addrs=172.30.1.200-9618&alias=tamsa2.snu.ac.kr&noUDP&sock=schedd_3154_f5cb>
...
000 (126516.013.000) 2022-03-29 13:32:03 Job submitted from host: <172.30.1.200:9618?addrs=172.30.1.200-9618&alias=tamsa2.snu.ac.kr&noUDP&sock=schedd_3154_f5cb>
...
000 (126516.014.000) 2022-03-29 13:32:03 Job submitted from host: <172.30.1.200:9618?addrs=172.30.1.200-9618&alias=tamsa2.snu.ac.kr&noUDP&sock=schedd_3154_f5cb>
...
000 (126516.015.000) 2022-03-29 13:32:03 Job submitted from host: <172.30.1.200:9618?addrs=172.30.1.200-9618&alias=tamsa2.snu.ac.kr&noUDP&sock=schedd_3154_f5cb>
...
000 (126516.016.000) 2022-03-29 13:32:03 Job submitted from host: <172.30.1.200:9618?addrs=172.30.1.200-9618&alias=tamsa2.snu.ac.kr&noUDP&sock=schedd_3154_f5cb>
...
000 (126516.017.000) 2022-03-29 13:32:03 Job submitted from host: <172.30.1.200:9618?addrs=172.30.1.200-9618&alias=tamsa2.snu.ac.kr&noUDP&sock=schedd_3154_f5cb>
...
000 (126516.018.000) 2022-03-29 13:32:03 Job submitted from host: <172.30.1.200:9618?addrs=172.30.1.200-9618&alias=tamsa2.snu.ac.kr&noUDP&sock=schedd_3154_f5cb>
...
000 (126516.019.000) 2022-03-29 13:32:03 Job submitted from host: <172.30.1.200:9618?addrs=172.30.1.200-9618&alias=tamsa2.snu.ac.kr&noUDP&sock=schedd_3154_f5cb>
...
001 (126516.011.000) 2022-03-29 13:32:15 Job executing on host: <172.30.1.204:9618?addrs=172.30.1.204-9618&alias=node4&noUDP&sock=startd_3623_a7b6>
...
001 (126516.001.000) 2022-03-29 13:32:15 Job executing on host: <172.30.1.203:9618?addrs=172.30.1.203-9618&alias=node3&noUDP&sock=startd_3597_d240>
...
001 (126516.012.000) 2022-03-29 13:32:15 Job executing on host: <172.30.1.204:9618?addrs=172.30.1.204-9618&alias=node4&noUDP&sock=startd_3623_a7b6>
...
001 (126516.002.000) 2022-03-29 13:32:15 Job executing on host: <172.30.1.203:9618?addrs=172.30.1.203-9618&alias=node3&noUDP&sock=startd_3597_d240>
...
001 (126516.013.000) 2022-03-29 13:32:15 Job executing on host: <172.30.1.204:9618?addrs=172.30.1.204-9618&alias=node4&noUDP&sock=startd_3623_a7b6>
...
001 (126516.014.000) 2022-03-29 13:32:15 Job executing on host: <172.30.1.204:9618?addrs=172.30.1.204-9618&alias=node4&noUDP&sock=startd_3623_a7b6>
...
001 (126516.003.000) 2022-03-29 13:32:15 Job executing on host: <172.30.1.203:9618?addrs=172.30.1.203-9618&alias=node3&noUDP&sock=startd_3597_d240>
...
001 (126516.015.000) 2022-03-29 13:32:15 Job executing on host: <172.30.1.204:9618?addrs=172.30.1.204-9618&alias=node4&noUDP&sock=startd_3623_a7b6>
...
001 (126516.004.000) 2022-03-29 13:32:16 Job executing on host: <172.30.1.203:9618?addrs=172.30.1.203-9618&alias=node3&noUDP&sock=startd_3597_d240>
...
001 (126516.016.000) 2022-03-29 13:32:16 Job executing on host: <172.30.1.204:9618?addrs=172.30.1.204-9618&alias=node4&noUDP&sock=startd_3623_a7b6>
...
001 (126516.005.000) 2022-03-29 13:32:16 Job executing on host: <172.30.1.203:9618?addrs=172.30.1.203-9618&alias=node3&noUDP&sock=startd_3597_d240>
...
001 (126516.006.000) 2022-03-29 13:32:16 Job executing on host: <172.30.1.203:9618?addrs=172.30.1.203-9618&alias=node3&noUDP&sock=startd_3597_d240>
...
001 (126516.017.000) 2022-03-29 13:32:16 Job executing on host: <172.30.1.204:9618?addrs=172.30.1.204-9618&alias=node4&noUDP&sock=startd_3623_a7b6>
...
001 (126516.018.000) 2022-03-29 13:32:16 Job executing on host: <172.30.1.204:9618?addrs=172.30.1.204-9618&alias=node4&noUDP&sock=startd_3623_a7b6>
...
001 (126516.007.000) 2022-03-29 13:32:16 Job executing on host: <172.30.1.203:9618?addrs=172.30.1.203-9618&alias=node3&noUDP&sock=startd_3597_d240>
...
001 (126516.019.000) 2022-03-29 13:32:16 Job executing on host: <172.30.1.204:9618?addrs=172.30.1.204-9618&alias=node4&noUDP&sock=startd_3623_a7b6>
...
001 (126516.008.000) 2022-03-29 13:32:16 Job executing on host: <172.30.1.203:9618?addrs=172.30.1.203-9618&alias=node3&noUDP&sock=startd_3597_d240>
...
001 (126516.009.000) 2022-03-29 13:32:16 Job executing on host: <172.30.1.203:9618?addrs=172.30.1.203-9618&alias=node3&noUDP&sock=startd_3597_d240>
...
001 (126516.010.000) 2022-03-29 13:32:16 Job executing on host: <172.30.1.203:9618?addrs=172.30.1.203-9618&alias=node3&noUDP&sock=startd_3597_d240>
...
001 (126516.000.000) 2022-03-29 13:32:17 Job executing on host: <172.30.1.202:9618?addrs=172.30.1.202-9618&alias=node2&noUDP&sock=startd_3636_9271>
...
006 (126516.015.000) 2022-03-29 13:32:24 Image size of job updated: 647224
	184  -  MemoryUsage of job (MB)
	188180  -  ResidentSetSize of job (KB)
...
006 (126516.004.000) 2022-03-29 13:32:24 Image size of job updated: 647208
	184  -  MemoryUsage of job (MB)
	187544  -  ResidentSetSize of job (KB)
...
006 (126516.005.000) 2022-03-29 13:32:24 Image size of job updated: 690884
	209  -  MemoryUsage of job (MB)
	213640  -  ResidentSetSize of job (KB)
...
006 (126516.016.000) 2022-03-29 13:32:24 Image size of job updated: 690876
	208  -  MemoryUsage of job (MB)
	211984  -  ResidentSetSize of job (KB)
...
006 (126516.006.000) 2022-03-29 13:32:24 Image size of job updated: 685996
	207  -  MemoryUsage of job (MB)
	211932  -  ResidentSetSize of job (KB)
...
006 (126516.017.000) 2022-03-29 13:32:24 Image size of job updated: 647232
	201  -  MemoryUsage of job (MB)
	205152  -  ResidentSetSize of job (KB)
...
006 (126516.007.000) 2022-03-29 13:32:24 Image size of job updated: 654432
	203  -  MemoryUsage of job (MB)
	207476  -  ResidentSetSize of job (KB)
...
006 (126516.018.000) 2022-03-29 13:32:24 Image size of job updated: 691104
	208  -  MemoryUsage of job (MB)
	212028  -  ResidentSetSize of job (KB)
...
006 (126516.019.000) 2022-03-29 13:32:24 Image size of job updated: 660036
	208  -  MemoryUsage of job (MB)
	211984  -  ResidentSetSize of job (KB)
...
006 (126516.008.000) 2022-03-29 13:32:24 Image size of job updated: 647232
	184  -  MemoryUsage of job (MB)
	188024  -  ResidentSetSize of job (KB)
...
006 (126516.011.000) 2022-03-29 13:32:24 Image size of job updated: 647240
	197  -  MemoryUsage of job (MB)
	201664  -  ResidentSetSize of job (KB)
...
006 (126516.001.000) 2022-03-29 13:32:24 Image size of job updated: 647228
	184  -  MemoryUsage of job (MB)
	188192  -  ResidentSetSize of job (KB)
...
006 (126516.012.000) 2022-03-29 13:32:24 Image size of job updated: 647232
	184  -  MemoryUsage of job (MB)
	188384  -  ResidentSetSize of job (KB)
...
006 (126516.013.000) 2022-03-29 13:32:24 Image size of job updated: 647232
	208  -  MemoryUsage of job (MB)
	212160  -  ResidentSetSize of job (KB)
...
006 (126516.002.000) 2022-03-29 13:32:24 Image size of job updated: 647236
	184  -  MemoryUsage of job (MB)
	188252  -  ResidentSetSize of job (KB)
...
006 (126516.014.000) 2022-03-29 13:32:25 Image size of job updated: 647236
	185  -  MemoryUsage of job (MB)
	188460  -  ResidentSetSize of job (KB)
...
006 (126516.003.000) 2022-03-29 13:32:25 Image size of job updated: 690884
	208  -  MemoryUsage of job (MB)
	212004  -  ResidentSetSize of job (KB)
...
006 (126516.000.000) 2022-03-29 13:32:25 Image size of job updated: 523104
	184  -  MemoryUsage of job (MB)
	188068  -  ResidentSetSize of job (KB)
...
006 (126516.009.000) 2022-03-29 13:32:25 Image size of job updated: 690876
	208  -  MemoryUsage of job (MB)
	211996  -  ResidentSetSize of job (KB)
...
005 (126516.016.000) 2022-03-29 13:32:25 Job terminated.
	(1) Normal termination (return value 0)
		Usr 0 00:00:06, Sys 0 00:00:01  -  Run Remote Usage
		Usr 0 00:00:00, Sys 0 00:00:00  -  Run Local Usage
		Usr 0 00:00:06, Sys 0 00:00:01  -  Total Remote Usage
		Usr 0 00:00:00, Sys 0 00:00:00  -  Total Local Usage
	0  -  Run Bytes Sent By Job
	0  -  Run Bytes Received By Job
	0  -  Total Bytes Sent By Job
	0  -  Total Bytes Received By Job
	Partitionable Resources :    Usage  Request Allocated 
	   Cpus                 :                 1         1 
	   Disk (KB)            :        1        1    129249 
	   Memory (MB)          :      208     3900      3968 

	Job terminated of its own accord at 2022-03-29T04:32:25Z.
...
006 (126516.010.000) 2022-03-29 13:32:25 Image size of job updated: 690920
	208  -  MemoryUsage of job (MB)
	212040  -  ResidentSetSize of job (KB)
...
005 (126516.018.000) 2022-03-29 13:32:26 Job terminated.
	(1) Normal termination (return value 0)
		Usr 0 00:00:07, Sys 0 00:00:01  -  Run Remote Usage
		Usr 0 00:00:00, Sys 0 00:00:00  -  Run Local Usage
		Usr 0 00:00:07, Sys 0 00:00:01  -  Total Remote Usage
		Usr 0 00:00:00, Sys 0 00:00:00  -  Total Local Usage
	0  -  Run Bytes Sent By Job
	0  -  Run Bytes Received By Job
	0  -  Total Bytes Sent By Job
	0  -  Total Bytes Received By Job
	Partitionable Resources :    Usage  Request Allocated 
	   Cpus                 :                 1         1 
	   Disk (KB)            :        1        1    129249 
	   Memory (MB)          :      208     3900      3968 

	Job terminated of its own accord at 2022-03-29T04:32:26Z.
...
006 (126516.013.000) 2022-03-29 13:32:27 Image size of job updated: 691040
	208  -  MemoryUsage of job (MB)
	212160  -  ResidentSetSize of job (KB)
...
005 (126516.013.000) 2022-03-29 13:32:27 Job terminated.
	(1) Normal termination (return value 0)
		Usr 0 00:00:08, Sys 0 00:00:01  -  Run Remote Usage
		Usr 0 00:00:00, Sys 0 00:00:00  -  Run Local Usage
		Usr 0 00:00:08, Sys 0 00:00:01  -  Total Remote Usage
		Usr 0 00:00:00, Sys 0 00:00:00  -  Total Local Usage
	0  -  Run Bytes Sent By Job
	0  -  Run Bytes Received By Job
	0  -  Total Bytes Sent By Job
	0  -  Total Bytes Received By Job
	Partitionable Resources :    Usage  Request Allocated 
	   Cpus                 :                 1         1 
	   Disk (KB)            :        1        1    129249 
	   Memory (MB)          :      208     3900      3968 

	Job terminated of its own accord at 2022-03-29T04:32:27Z.
...
006 (126516.019.000) 2022-03-29 13:32:28 Image size of job updated: 690868
	208  -  MemoryUsage of job (MB)
	211984  -  ResidentSetSize of job (KB)
...
005 (126516.019.000) 2022-03-29 13:32:28 Job terminated.
	(1) Normal termination (return value 0)
		Usr 0 00:00:09, Sys 0 00:00:01  -  Run Remote Usage
		Usr 0 00:00:00, Sys 0 00:00:00  -  Run Local Usage
		Usr 0 00:00:09, Sys 0 00:00:01  -  Total Remote Usage
		Usr 0 00:00:00, Sys 0 00:00:00  -  Total Local Usage
	0  -  Run Bytes Sent By Job
	0  -  Run Bytes Received By Job
	0  -  Total Bytes Sent By Job
	0  -  Total Bytes Received By Job
	Partitionable Resources :    Usage  Request Allocated 
	   Cpus                 :                 1         1 
	   Disk (KB)            :        1        1    129249 
	   Memory (MB)          :      208     3900      3968 

	Job terminated of its own accord at 2022-03-29T04:32:28Z.
...
006 (126516.014.000) 2022-03-29 13:32:28 Image size of job updated: 691144
	185  -  MemoryUsage of job (MB)
	188460  -  ResidentSetSize of job (KB)
...
005 (126516.014.000) 2022-03-29 13:32:28 Job terminated.
	(1) Normal termination (return value 0)
		Usr 0 00:00:10, Sys 0 00:00:01  -  Run Remote Usage
		Usr 0 00:00:00, Sys 0 00:00:00  -  Run Local Usage
		Usr 0 00:00:10, Sys 0 00:00:01  -  Total Remote Usage
		Usr 0 00:00:00, Sys 0 00:00:00  -  Total Local Usage
	0  -  Run Bytes Sent By Job
	0  -  Run Bytes Received By Job
	0  -  Total Bytes Sent By Job
	0  -  Total Bytes Received By Job
	Partitionable Resources :    Usage  Request Allocated 
	   Cpus                 :                 1         1 
	   Disk (KB)            :        1        1    129249 
	   Memory (MB)          :      185     3900      3968 

	Job terminated of its own accord at 2022-03-29T04:32:28Z.
...
006 (126516.003.000) 2022-03-29 13:32:28 Image size of job updated: 690948
	208  -  MemoryUsage of job (MB)
	212004  -  ResidentSetSize of job (KB)
...
005 (126516.003.000) 2022-03-29 13:32:28 Job terminated.
	(1) Normal termination (return value 0)
		Usr 0 00:00:09, Sys 0 00:00:01  -  Run Remote Usage
		Usr 0 00:00:00, Sys 0 00:00:00  -  Run Local Usage
		Usr 0 00:00:09, Sys 0 00:00:01  -  Total Remote Usage
		Usr 0 00:00:00, Sys 0 00:00:00  -  Total Local Usage
	0  -  Run Bytes Sent By Job
	0  -  Run Bytes Received By Job
	0  -  Total Bytes Sent By Job
	0  -  Total Bytes Received By Job
	Partitionable Resources :    Usage  Request Allocated 
	   Cpus                 :     0.51        1         1 
	   Disk (KB)            :     1           1    129249 
	   Memory (MB)          :   208        3900      3968 

	Job terminated of its own accord at 2022-03-29T04:32:28Z.
...
006 (126516.006.000) 2022-03-29 13:32:29 Image size of job updated: 689852
	207  -  MemoryUsage of job (MB)
	211932  -  ResidentSetSize of job (KB)
...
006 (126516.010.000) 2022-03-29 13:32:29 Image size of job updated: 690936
	208  -  MemoryUsage of job (MB)
	212040  -  ResidentSetSize of job (KB)
...
005 (126516.006.000) 2022-03-29 13:32:29 Job terminated.
	(1) Normal termination (return value 0)
		Usr 0 00:00:09, Sys 0 00:00:01  -  Run Remote Usage
		Usr 0 00:00:00, Sys 0 00:00:00  -  Run Local Usage
		Usr 0 00:00:09, Sys 0 00:00:01  -  Total Remote Usage
		Usr 0 00:00:00, Sys 0 00:00:00  -  Total Local Usage
	0  -  Run Bytes Sent By Job
	0  -  Run Bytes Received By Job
	0  -  Total Bytes Sent By Job
	0  -  Total Bytes Received By Job
	Partitionable Resources :    Usage  Request Allocated 
	   Cpus                 :     0.08        1         1 
	   Disk (KB)            :     1           1    129249 
	   Memory (MB)          :   207        3900      3968 

	Job terminated of its own accord at 2022-03-29T04:32:29Z.
...
005 (126516.010.000) 2022-03-29 13:32:29 Job terminated.
	(1) Normal termination (return value 0)
		Usr 0 00:00:10, Sys 0 00:00:01  -  Run Remote Usage
		Usr 0 00:00:00, Sys 0 00:00:00  -  Run Local Usage
		Usr 0 00:00:10, Sys 0 00:00:01  -  Total Remote Usage
		Usr 0 00:00:00, Sys 0 00:00:00  -  Total Local Usage
	0  -  Run Bytes Sent By Job
	0  -  Run Bytes Received By Job
	0  -  Total Bytes Sent By Job
	0  -  Total Bytes Received By Job
	Partitionable Resources :    Usage  Request Allocated 
	   Cpus                 :     0.17        1         1 
	   Disk (KB)            :     1           1    129249 
	   Memory (MB)          :   208        3900      3968 

	Job terminated of its own accord at 2022-03-29T04:32:29Z.
...
006 (126516.017.000) 2022-03-29 13:32:31 Image size of job updated: 686032
	201  -  MemoryUsage of job (MB)
	205164  -  ResidentSetSize of job (KB)
...
005 (126516.017.000) 2022-03-29 13:32:31 Job terminated.
	(1) Normal termination (return value 0)
		Usr 0 00:00:12, Sys 0 00:00:01  -  Run Remote Usage
		Usr 0 00:00:00, Sys 0 00:00:00  -  Run Local Usage
		Usr 0 00:00:12, Sys 0 00:00:01  -  Total Remote Usage
		Usr 0 00:00:00, Sys 0 00:00:00  -  Total Local Usage
	0  -  Run Bytes Sent By Job
	0  -  Run Bytes Received By Job
	0  -  Total Bytes Sent By Job
	0  -  Total Bytes Received By Job
	Partitionable Resources :    Usage  Request Allocated 
	   Cpus                 :                 1         1 
	   Disk (KB)            :        1        1    129249 
	   Memory (MB)          :      201     3900      3968 

	Job terminated of its own accord at 2022-03-29T04:32:31Z.
...
006 (126516.015.000) 2022-03-29 13:32:31 Image size of job updated: 691108
	184  -  MemoryUsage of job (MB)
	188180  -  ResidentSetSize of job (KB)
...
006 (126516.001.000) 2022-03-29 13:32:31 Image size of job updated: 691116
	184  -  MemoryUsage of job (MB)
	188192  -  ResidentSetSize of job (KB)
...
005 (126516.015.000) 2022-03-29 13:32:31 Job terminated.
	(1) Normal termination (return value 0)
		Usr 0 00:00:12, Sys 0 00:00:01  -  Run Remote Usage
		Usr 0 00:00:00, Sys 0 00:00:00  -  Run Local Usage
		Usr 0 00:00:12, Sys 0 00:00:01  -  Total Remote Usage
		Usr 0 00:00:00, Sys 0 00:00:00  -  Total Local Usage
	0  -  Run Bytes Sent By Job
	0  -  Run Bytes Received By Job
	0  -  Total Bytes Sent By Job
	0  -  Total Bytes Received By Job
	Partitionable Resources :    Usage  Request Allocated 
	   Cpus                 :                 1         1 
	   Disk (KB)            :        1        1    129249 
	   Memory (MB)          :      184     3900      3968 

	Job terminated of its own accord at 2022-03-29T04:32:31Z.
...
005 (126516.001.000) 2022-03-29 13:32:31 Job terminated.
	(1) Normal termination (return value 0)
		Usr 0 00:00:12, Sys 0 00:00:01  -  Run Remote Usage
		Usr 0 00:00:00, Sys 0 00:00:00  -  Run Local Usage
		Usr 0 00:00:12, Sys 0 00:00:01  -  Total Remote Usage
		Usr 0 00:00:00, Sys 0 00:00:00  -  Total Local Usage
	0  -  Run Bytes Sent By Job
	0  -  Run Bytes Received By Job
	0  -  Total Bytes Sent By Job
	0  -  Total Bytes Received By Job
	Partitionable Resources :    Usage  Request Allocated 
	   Cpus                 :     0.48        1         1 
	   Disk (KB)            :     1           1    129249 
	   Memory (MB)          :   184        3900      3968 

	Job terminated of its own accord at 2022-03-29T04:32:31Z.
...
006 (126516.009.000) 2022-03-29 13:32:32 Image size of job updated: 692748
	208  -  MemoryUsage of job (MB)
	211996  -  ResidentSetSize of job (KB)
...
005 (126516.009.000) 2022-03-29 13:32:32 Job terminated.
	(1) Normal termination (return value 0)
		Usr 0 00:00:12, Sys 0 00:00:01  -  Run Remote Usage
		Usr 0 00:00:00, Sys 0 00:00:00  -  Run Local Usage
		Usr 0 00:00:12, Sys 0 00:00:01  -  Total Remote Usage
		Usr 0 00:00:00, Sys 0 00:00:00  -  Total Local Usage
	0  -  Run Bytes Sent By Job
	0  -  Run Bytes Received By Job
	0  -  Total Bytes Sent By Job
	0  -  Total Bytes Received By Job
	Partitionable Resources :    Usage  Request Allocated 
	   Cpus                 :     0.02        1         1 
	   Disk (KB)            :     1           1    129249 
	   Memory (MB)          :   208        3900      3968 

	Job terminated of its own accord at 2022-03-29T04:32:32Z.
...
006 (126516.012.000) 2022-03-29 13:32:33 Image size of job updated: 690804
	184  -  MemoryUsage of job (MB)
	188384  -  ResidentSetSize of job (KB)
...
005 (126516.012.000) 2022-03-29 13:32:33 Job terminated.
	(1) Normal termination (return value 0)
		Usr 0 00:00:14, Sys 0 00:00:01  -  Run Remote Usage
		Usr 0 00:00:00, Sys 0 00:00:00  -  Run Local Usage
		Usr 0 00:00:14, Sys 0 00:00:01  -  Total Remote Usage
		Usr 0 00:00:00, Sys 0 00:00:00  -  Total Local Usage
	0  -  Run Bytes Sent By Job
	0  -  Run Bytes Received By Job
	0  -  Total Bytes Sent By Job
	0  -  Total Bytes Received By Job
	Partitionable Resources :    Usage  Request Allocated 
	   Cpus                 :                 1         1 
	   Disk (KB)            :        1        1    129249 
	   Memory (MB)          :      184     3900      3968 

	Job terminated of its own accord at 2022-03-29T04:32:33Z.
...
006 (126516.002.000) 2022-03-29 13:32:34 Image size of job updated: 690568
	184  -  MemoryUsage of job (MB)
	188252  -  ResidentSetSize of job (KB)
...
005 (126516.002.000) 2022-03-29 13:32:34 Job terminated.
	(1) Normal termination (return value 0)
		Usr 0 00:00:16, Sys 0 00:00:01  -  Run Remote Usage
		Usr 0 00:00:00, Sys 0 00:00:00  -  Run Local Usage
		Usr 0 00:00:16, Sys 0 00:00:01  -  Total Remote Usage
		Usr 0 00:00:00, Sys 0 00:00:00  -  Total Local Usage
	0  -  Run Bytes Sent By Job
	0  -  Run Bytes Received By Job
	0  -  Total Bytes Sent By Job
	0  -  Total Bytes Received By Job
	Partitionable Resources :    Usage  Request Allocated 
	   Cpus                 :     0.48        1         1 
	   Disk (KB)            :     1           1    129249 
	   Memory (MB)          :   184        3900      3968 

	Job terminated of its own accord at 2022-03-29T04:32:34Z.
...
006 (126516.000.000) 2022-03-29 13:32:36 Image size of job updated: 693028
	184  -  MemoryUsage of job (MB)
	188068  -  ResidentSetSize of job (KB)
...
005 (126516.000.000) 2022-03-29 13:32:36 Job terminated.
	(1) Normal termination (return value 0)
		Usr 0 00:00:15, Sys 0 00:00:01  -  Run Remote Usage
		Usr 0 00:00:00, Sys 0 00:00:00  -  Run Local Usage
		Usr 0 00:00:15, Sys 0 00:00:01  -  Total Remote Usage
		Usr 0 00:00:00, Sys 0 00:00:00  -  Total Local Usage
	0  -  Run Bytes Sent By Job
	0  -  Run Bytes Received By Job
	0  -  Total Bytes Sent By Job
	0  -  Total Bytes Received By Job
	Partitionable Resources :    Usage  Request Allocated 
	   Cpus                 :     0.99        1         1 
	   Disk (KB)            :     1           1    129249 
	   Memory (MB)          :   184        3900      3968 

	Job terminated of its own accord at 2022-03-29T04:32:36Z.
...
006 (126516.007.000) 2022-03-29 13:32:36 Image size of job updated: 690864
	203  -  MemoryUsage of job (MB)
	207644  -  ResidentSetSize of job (KB)
...
005 (126516.007.000) 2022-03-29 13:32:37 Job terminated.
	(1) Normal termination (return value 0)
		Usr 0 00:00:18, Sys 0 00:00:01  -  Run Remote Usage
		Usr 0 00:00:00, Sys 0 00:00:00  -  Run Local Usage
		Usr 0 00:00:18, Sys 0 00:00:01  -  Total Remote Usage
		Usr 0 00:00:00, Sys 0 00:00:00  -  Total Local Usage
	0  -  Run Bytes Sent By Job
	0  -  Run Bytes Received By Job
	0  -  Total Bytes Sent By Job
	0  -  Total Bytes Received By Job
	Partitionable Resources :    Usage  Request Allocated 
	   Cpus                 :     0.01        1         1 
	   Disk (KB)            :     1           1    129249 
	   Memory (MB)          :   203        3900      3968 

	Job terminated of its own accord at 2022-03-29T04:32:36Z.
...
006 (126516.008.000) 2022-03-29 13:32:41 Image size of job updated: 691292
	184  -  MemoryUsage of job (MB)
	188024  -  ResidentSetSize of job (KB)
...
005 (126516.008.000) 2022-03-29 13:32:41 Job terminated.
	(1) Normal termination (return value 0)
		Usr 0 00:00:22, Sys 0 00:00:01  -  Run Remote Usage
		Usr 0 00:00:00, Sys 0 00:00:00  -  Run Local Usage
		Usr 0 00:00:22, Sys 0 00:00:01  -  Total Remote Usage
		Usr 0 00:00:00, Sys 0 00:00:00  -  Total Local Usage
	0  -  Run Bytes Sent By Job
	0  -  Run Bytes Received By Job
	0  -  Total Bytes Sent By Job
	0  -  Total Bytes Received By Job
	Partitionable Resources :    Usage  Request Allocated 
	   Cpus                 :     0.01        1         1 
	   Disk (KB)            :     1           1    129249 
	   Memory (MB)          :   184        3900      3968 

	Job terminated of its own accord at 2022-03-29T04:32:41Z.
...
006 (126516.004.000) 2022-03-29 13:32:43 Image size of job updated: 691104
	184  -  MemoryUsage of job (MB)
	187544  -  ResidentSetSize of job (KB)
...
005 (126516.004.000) 2022-03-29 13:32:43 Job terminated.
	(1) Normal termination (return value 0)
		Usr 0 00:00:24, Sys 0 00:00:01  -  Run Remote Usage
		Usr 0 00:00:00, Sys 0 00:00:00  -  Run Local Usage
		Usr 0 00:00:24, Sys 0 00:00:01  -  Total Remote Usage
		Usr 0 00:00:00, Sys 0 00:00:00  -  Total Local Usage
	0  -  Run Bytes Sent By Job
	0  -  Run Bytes Received By Job
	0  -  Total Bytes Sent By Job
	0  -  Total Bytes Received By Job
	Partitionable Resources :    Usage  Request Allocated 
	   Cpus                 :     0.54        1         1 
	   Disk (KB)            :     1           1    129249 
	   Memory (MB)          :   184        3900      3968 

	Job terminated of its own accord at 2022-03-29T04:32:43Z.
...
005 (126516.005.000) 2022-03-29 13:33:03 Job terminated.
	(1) Normal termination (return value 0)
		Usr 0 00:00:44, Sys 0 00:00:01  -  Run Remote Usage
		Usr 0 00:00:00, Sys 0 00:00:00  -  Run Local Usage
		Usr 0 00:00:44, Sys 0 00:00:01  -  Total Remote Usage
		Usr 0 00:00:00, Sys 0 00:00:00  -  Total Local Usage
	0  -  Run Bytes Sent By Job
	0  -  Run Bytes Received By Job
	0  -  Total Bytes Sent By Job
	0  -  Total Bytes Received By Job
	Partitionable Resources :    Usage  Request Allocated 
	   Cpus                 :     0.56        1         1 
	   Disk (KB)            :     1           1    129249 
	   Memory (MB)          :   209        3900      3968 

	Job terminated of its own accord at 2022-03-29T04:33:03Z.
...
006 (126516.011.000) 2022-03-29 13:33:21 Image size of job updated: 691112
	198  -  MemoryUsage of job (MB)
	201912  -  ResidentSetSize of job (KB)
...
005 (126516.011.000) 2022-03-29 13:33:21 Job terminated.
	(1) Normal termination (return value 0)
		Usr 0 00:01:03, Sys 0 00:00:01  -  Run Remote Usage
		Usr 0 00:00:00, Sys 0 00:00:00  -  Run Local Usage
		Usr 0 00:01:03, Sys 0 00:00:01  -  Total Remote Usage
		Usr 0 00:00:00, Sys 0 00:00:00  -  Total Local Usage
	0  -  Run Bytes Sent By Job
	0  -  Run Bytes Received By Job
	0  -  Total Bytes Sent By Job
	0  -  Total Bytes Received By Job
	Partitionable Resources :    Usage  Request Allocated 
	   Cpus                 :                 1         1 
	   Disk (KB)            :        1        1    129249 
	   Memory (MB)          :      198     3900      3968 

	Job terminated of its own accord at 2022-03-29T04:33:21Z.
...
