000 (126723.000.000) 2022-03-30 12:55:16 Job submitted from host: <172.30.1.200:9618?addrs=172.30.1.200-9618&alias=tamsa2.snu.ac.kr&noUDP&sock=schedd_3154_f5cb>
...
000 (126723.001.000) 2022-03-30 12:55:16 Job submitted from host: <172.30.1.200:9618?addrs=172.30.1.200-9618&alias=tamsa2.snu.ac.kr&noUDP&sock=schedd_3154_f5cb>
...
000 (126723.002.000) 2022-03-30 12:55:16 Job submitted from host: <172.30.1.200:9618?addrs=172.30.1.200-9618&alias=tamsa2.snu.ac.kr&noUDP&sock=schedd_3154_f5cb>
...
000 (126723.003.000) 2022-03-30 12:55:16 Job submitted from host: <172.30.1.200:9618?addrs=172.30.1.200-9618&alias=tamsa2.snu.ac.kr&noUDP&sock=schedd_3154_f5cb>
...
000 (126723.004.000) 2022-03-30 12:55:16 Job submitted from host: <172.30.1.200:9618?addrs=172.30.1.200-9618&alias=tamsa2.snu.ac.kr&noUDP&sock=schedd_3154_f5cb>
...
000 (126723.005.000) 2022-03-30 12:55:16 Job submitted from host: <172.30.1.200:9618?addrs=172.30.1.200-9618&alias=tamsa2.snu.ac.kr&noUDP&sock=schedd_3154_f5cb>
...
000 (126723.006.000) 2022-03-30 12:55:16 Job submitted from host: <172.30.1.200:9618?addrs=172.30.1.200-9618&alias=tamsa2.snu.ac.kr&noUDP&sock=schedd_3154_f5cb>
...
000 (126723.007.000) 2022-03-30 12:55:16 Job submitted from host: <172.30.1.200:9618?addrs=172.30.1.200-9618&alias=tamsa2.snu.ac.kr&noUDP&sock=schedd_3154_f5cb>
...
000 (126723.008.000) 2022-03-30 12:55:16 Job submitted from host: <172.30.1.200:9618?addrs=172.30.1.200-9618&alias=tamsa2.snu.ac.kr&noUDP&sock=schedd_3154_f5cb>
...
000 (126723.009.000) 2022-03-30 12:55:16 Job submitted from host: <172.30.1.200:9618?addrs=172.30.1.200-9618&alias=tamsa2.snu.ac.kr&noUDP&sock=schedd_3154_f5cb>
...
000 (126723.010.000) 2022-03-30 12:55:16 Job submitted from host: <172.30.1.200:9618?addrs=172.30.1.200-9618&alias=tamsa2.snu.ac.kr&noUDP&sock=schedd_3154_f5cb>
...
000 (126723.011.000) 2022-03-30 12:55:16 Job submitted from host: <172.30.1.200:9618?addrs=172.30.1.200-9618&alias=tamsa2.snu.ac.kr&noUDP&sock=schedd_3154_f5cb>
...
000 (126723.012.000) 2022-03-30 12:55:16 Job submitted from host: <172.30.1.200:9618?addrs=172.30.1.200-9618&alias=tamsa2.snu.ac.kr&noUDP&sock=schedd_3154_f5cb>
...
000 (126723.013.000) 2022-03-30 12:55:16 Job submitted from host: <172.30.1.200:9618?addrs=172.30.1.200-9618&alias=tamsa2.snu.ac.kr&noUDP&sock=schedd_3154_f5cb>
...
000 (126723.014.000) 2022-03-30 12:55:16 Job submitted from host: <172.30.1.200:9618?addrs=172.30.1.200-9618&alias=tamsa2.snu.ac.kr&noUDP&sock=schedd_3154_f5cb>
...
000 (126723.015.000) 2022-03-30 12:55:16 Job submitted from host: <172.30.1.200:9618?addrs=172.30.1.200-9618&alias=tamsa2.snu.ac.kr&noUDP&sock=schedd_3154_f5cb>
...
000 (126723.016.000) 2022-03-30 12:55:16 Job submitted from host: <172.30.1.200:9618?addrs=172.30.1.200-9618&alias=tamsa2.snu.ac.kr&noUDP&sock=schedd_3154_f5cb>
...
000 (126723.017.000) 2022-03-30 12:55:16 Job submitted from host: <172.30.1.200:9618?addrs=172.30.1.200-9618&alias=tamsa2.snu.ac.kr&noUDP&sock=schedd_3154_f5cb>
...
000 (126723.018.000) 2022-03-30 12:55:16 Job submitted from host: <172.30.1.200:9618?addrs=172.30.1.200-9618&alias=tamsa2.snu.ac.kr&noUDP&sock=schedd_3154_f5cb>
...
000 (126723.019.000) 2022-03-30 12:55:16 Job submitted from host: <172.30.1.200:9618?addrs=172.30.1.200-9618&alias=tamsa2.snu.ac.kr&noUDP&sock=schedd_3154_f5cb>
...
001 (126723.000.000) 2022-03-30 12:55:28 Job executing on host: <172.30.1.203:9618?addrs=172.30.1.203-9618&alias=node3&noUDP&sock=startd_3597_d240>
...
001 (126723.001.000) 2022-03-30 12:55:29 Job executing on host: <172.30.1.203:9618?addrs=172.30.1.203-9618&alias=node3&noUDP&sock=startd_3597_d240>
...
001 (126723.002.000) 2022-03-30 12:55:29 Job executing on host: <172.30.1.203:9618?addrs=172.30.1.203-9618&alias=node3&noUDP&sock=startd_3597_d240>
...
001 (126723.003.000) 2022-03-30 12:55:29 Job executing on host: <172.30.1.203:9618?addrs=172.30.1.203-9618&alias=node3&noUDP&sock=startd_3597_d240>
...
001 (126723.004.000) 2022-03-30 12:55:29 Job executing on host: <172.30.1.203:9618?addrs=172.30.1.203-9618&alias=node3&noUDP&sock=startd_3597_d240>
...
001 (126723.005.000) 2022-03-30 12:55:29 Job executing on host: <172.30.1.203:9618?addrs=172.30.1.203-9618&alias=node3&noUDP&sock=startd_3597_d240>
...
001 (126723.006.000) 2022-03-30 12:55:29 Job executing on host: <172.30.1.203:9618?addrs=172.30.1.203-9618&alias=node3&noUDP&sock=startd_3597_d240>
...
001 (126723.007.000) 2022-03-30 12:55:29 Job executing on host: <172.30.1.203:9618?addrs=172.30.1.203-9618&alias=node3&noUDP&sock=startd_3597_d240>
...
001 (126723.008.000) 2022-03-30 12:55:29 Job executing on host: <172.30.1.203:9618?addrs=172.30.1.203-9618&alias=node3&noUDP&sock=startd_3597_d240>
...
001 (126723.009.000) 2022-03-30 12:55:29 Job executing on host: <172.30.1.203:9618?addrs=172.30.1.203-9618&alias=node3&noUDP&sock=startd_3597_d240>
...
001 (126723.010.000) 2022-03-30 12:55:29 Job executing on host: <172.30.1.203:9618?addrs=172.30.1.203-9618&alias=node3&noUDP&sock=startd_3597_d240>
...
001 (126723.011.000) 2022-03-30 12:55:29 Job executing on host: <172.30.1.203:9618?addrs=172.30.1.203-9618&alias=node3&noUDP&sock=startd_3597_d240>
...
001 (126723.012.000) 2022-03-30 12:55:29 Job executing on host: <172.30.1.203:9618?addrs=172.30.1.203-9618&alias=node3&noUDP&sock=startd_3597_d240>
...
001 (126723.013.000) 2022-03-30 12:55:29 Job executing on host: <172.30.1.203:9618?addrs=172.30.1.203-9618&alias=node3&noUDP&sock=startd_3597_d240>
...
001 (126723.014.000) 2022-03-30 12:55:29 Job executing on host: <172.30.1.203:9618?addrs=172.30.1.203-9618&alias=node3&noUDP&sock=startd_3597_d240>
...
001 (126723.015.000) 2022-03-30 12:55:30 Job executing on host: <172.30.1.203:9618?addrs=172.30.1.203-9618&alias=node3&noUDP&sock=startd_3597_d240>
...
001 (126723.016.000) 2022-03-30 12:55:30 Job executing on host: <172.30.1.203:9618?addrs=172.30.1.203-9618&alias=node3&noUDP&sock=startd_3597_d240>
...
001 (126723.017.000) 2022-03-30 12:55:30 Job executing on host: <172.30.1.203:9618?addrs=172.30.1.203-9618&alias=node3&noUDP&sock=startd_3597_d240>
...
001 (126723.018.000) 2022-03-30 12:55:30 Job executing on host: <172.30.1.203:9618?addrs=172.30.1.203-9618&alias=node3&noUDP&sock=startd_3597_d240>
...
001 (126723.019.000) 2022-03-30 12:55:30 Job executing on host: <172.30.1.203:9618?addrs=172.30.1.203-9618&alias=node3&noUDP&sock=startd_3597_d240>
...
006 (126723.000.000) 2022-03-30 12:55:37 Image size of job updated: 427644
	161  -  MemoryUsage of job (MB)
	163912  -  ResidentSetSize of job (KB)
...
006 (126723.001.000) 2022-03-30 12:55:37 Image size of job updated: 425056
	161  -  MemoryUsage of job (MB)
	164176  -  ResidentSetSize of job (KB)
...
006 (126723.002.000) 2022-03-30 12:55:37 Image size of job updated: 425756
	166  -  MemoryUsage of job (MB)
	169424  -  ResidentSetSize of job (KB)
...
006 (126723.003.000) 2022-03-30 12:55:37 Image size of job updated: 425568
	163  -  MemoryUsage of job (MB)
	166816  -  ResidentSetSize of job (KB)
...
006 (126723.004.000) 2022-03-30 12:55:37 Image size of job updated: 428088
	166  -  MemoryUsage of job (MB)
	169664  -  ResidentSetSize of job (KB)
...
006 (126723.005.000) 2022-03-30 12:55:37 Image size of job updated: 426420
	166  -  MemoryUsage of job (MB)
	169416  -  ResidentSetSize of job (KB)
...
006 (126723.006.000) 2022-03-30 12:55:37 Image size of job updated: 427948
	169  -  MemoryUsage of job (MB)
	172352  -  ResidentSetSize of job (KB)
...
006 (126723.007.000) 2022-03-30 12:55:37 Image size of job updated: 407344
	172  -  MemoryUsage of job (MB)
	175392  -  ResidentSetSize of job (KB)
...
006 (126723.015.000) 2022-03-30 12:55:38 Image size of job updated: 405548
	178  -  MemoryUsage of job (MB)
	181640  -  ResidentSetSize of job (KB)
...
006 (126723.016.000) 2022-03-30 12:55:38 Image size of job updated: 407488
	181  -  MemoryUsage of job (MB)
	185144  -  ResidentSetSize of job (KB)
...
006 (126723.017.000) 2022-03-30 12:55:38 Image size of job updated: 408084
	180  -  MemoryUsage of job (MB)
	184076  -  ResidentSetSize of job (KB)
...
006 (126723.018.000) 2022-03-30 12:55:38 Image size of job updated: 401440
	181  -  MemoryUsage of job (MB)
	185328  -  ResidentSetSize of job (KB)
...
006 (126723.019.000) 2022-03-30 12:55:38 Image size of job updated: 407176
	183  -  MemoryUsage of job (MB)
	186384  -  ResidentSetSize of job (KB)
...
006 (126723.008.000) 2022-03-30 12:55:38 Image size of job updated: 406892
	183  -  MemoryUsage of job (MB)
	186392  -  ResidentSetSize of job (KB)
...
006 (126723.009.000) 2022-03-30 12:55:38 Image size of job updated: 405548
	183  -  MemoryUsage of job (MB)
	186380  -  ResidentSetSize of job (KB)
...
006 (126723.010.000) 2022-03-30 12:55:38 Image size of job updated: 405548
	183  -  MemoryUsage of job (MB)
	186376  -  ResidentSetSize of job (KB)
...
006 (126723.011.000) 2022-03-30 12:55:38 Image size of job updated: 406748
	183  -  MemoryUsage of job (MB)
	186384  -  ResidentSetSize of job (KB)
...
006 (126723.012.000) 2022-03-30 12:55:38 Image size of job updated: 405548
	183  -  MemoryUsage of job (MB)
	186388  -  ResidentSetSize of job (KB)
...
006 (126723.013.000) 2022-03-30 12:55:38 Image size of job updated: 405072
	183  -  MemoryUsage of job (MB)
	186392  -  ResidentSetSize of job (KB)
...
006 (126723.014.000) 2022-03-30 12:55:39 Image size of job updated: 407488
	183  -  MemoryUsage of job (MB)
	186396  -  ResidentSetSize of job (KB)
...
006 (126723.002.000) 2022-03-30 12:55:42 Image size of job updated: 688828
	166  -  MemoryUsage of job (MB)
	169452  -  ResidentSetSize of job (KB)
...
005 (126723.002.000) 2022-03-30 12:55:42 Job terminated.
	(1) Normal termination (return value 0)
		Usr 0 00:00:06, Sys 0 00:00:02  -  Run Remote Usage
		Usr 0 00:00:00, Sys 0 00:00:00  -  Run Local Usage
		Usr 0 00:00:06, Sys 0 00:00:02  -  Total Remote Usage
		Usr 0 00:00:00, Sys 0 00:00:00  -  Total Local Usage
	0  -  Run Bytes Sent By Job
	0  -  Run Bytes Received By Job
	0  -  Total Bytes Sent By Job
	0  -  Total Bytes Received By Job
	Partitionable Resources :    Usage  Request Allocated 
	   Cpus                 :                 1         1 
	   Disk (KB)            :        1        1    129249 
	   Memory (MB)          :      166     3900      3968 

	Job terminated of its own accord at 2022-03-30T03:55:42Z.
...
006 (126723.003.000) 2022-03-30 12:55:42 Image size of job updated: 689624
	163  -  MemoryUsage of job (MB)
	166816  -  ResidentSetSize of job (KB)
...
005 (126723.003.000) 2022-03-30 12:55:42 Job terminated.
	(1) Normal termination (return value 0)
		Usr 0 00:00:06, Sys 0 00:00:02  -  Run Remote Usage
		Usr 0 00:00:00, Sys 0 00:00:00  -  Run Local Usage
		Usr 0 00:00:06, Sys 0 00:00:02  -  Total Remote Usage
		Usr 0 00:00:00, Sys 0 00:00:00  -  Total Local Usage
	0  -  Run Bytes Sent By Job
	0  -  Run Bytes Received By Job
	0  -  Total Bytes Sent By Job
	0  -  Total Bytes Received By Job
	Partitionable Resources :    Usage  Request Allocated 
	   Cpus                 :                 1         1 
	   Disk (KB)            :        1        1    129249 
	   Memory (MB)          :      163     3900      3968 

	Job terminated of its own accord at 2022-03-30T03:55:42Z.
...
006 (126723.016.000) 2022-03-30 12:55:42 Image size of job updated: 689556
	181  -  MemoryUsage of job (MB)
	185144  -  ResidentSetSize of job (KB)
...
005 (126723.016.000) 2022-03-30 12:55:42 Job terminated.
	(1) Normal termination (return value 0)
		Usr 0 00:00:07, Sys 0 00:00:02  -  Run Remote Usage
		Usr 0 00:00:00, Sys 0 00:00:00  -  Run Local Usage
		Usr 0 00:00:07, Sys 0 00:00:02  -  Total Remote Usage
		Usr 0 00:00:00, Sys 0 00:00:00  -  Total Local Usage
	0  -  Run Bytes Sent By Job
	0  -  Run Bytes Received By Job
	0  -  Total Bytes Sent By Job
	0  -  Total Bytes Received By Job
	Partitionable Resources :    Usage  Request Allocated 
	   Cpus                 :                 1         1 
	   Disk (KB)            :        1        1    129249 
	   Memory (MB)          :      181     3900      3968 

	Job terminated of its own accord at 2022-03-30T03:55:42Z.
...
006 (126723.005.000) 2022-03-30 12:55:42 Image size of job updated: 689632
	166  -  MemoryUsage of job (MB)
	169416  -  ResidentSetSize of job (KB)
...
005 (126723.005.000) 2022-03-30 12:55:42 Job terminated.
	(1) Normal termination (return value 0)
		Usr 0 00:00:07, Sys 0 00:00:02  -  Run Remote Usage
		Usr 0 00:00:00, Sys 0 00:00:00  -  Run Local Usage
		Usr 0 00:00:07, Sys 0 00:00:02  -  Total Remote Usage
		Usr 0 00:00:00, Sys 0 00:00:00  -  Total Local Usage
	0  -  Run Bytes Sent By Job
	0  -  Run Bytes Received By Job
	0  -  Total Bytes Sent By Job
	0  -  Total Bytes Received By Job
	Partitionable Resources :    Usage  Request Allocated 
	   Cpus                 :                 1         1 
	   Disk (KB)            :        1        1    129249 
	   Memory (MB)          :      166     3900      3968 

	Job terminated of its own accord at 2022-03-30T03:55:42Z.
...
006 (126723.018.000) 2022-03-30 12:55:42 Image size of job updated: 689536
	181  -  MemoryUsage of job (MB)
	185328  -  ResidentSetSize of job (KB)
...
005 (126723.018.000) 2022-03-30 12:55:42 Job terminated.
	(1) Normal termination (return value 0)
		Usr 0 00:00:07, Sys 0 00:00:01  -  Run Remote Usage
		Usr 0 00:00:00, Sys 0 00:00:00  -  Run Local Usage
		Usr 0 00:00:07, Sys 0 00:00:01  -  Total Remote Usage
		Usr 0 00:00:00, Sys 0 00:00:00  -  Total Local Usage
	0  -  Run Bytes Sent By Job
	0  -  Run Bytes Received By Job
	0  -  Total Bytes Sent By Job
	0  -  Total Bytes Received By Job
	Partitionable Resources :    Usage  Request Allocated 
	   Cpus                 :                 1         1 
	   Disk (KB)            :        1        1    129249 
	   Memory (MB)          :      181     3900      3968 

	Job terminated of its own accord at 2022-03-30T03:55:42Z.
...
006 (126723.006.000) 2022-03-30 12:55:42 Image size of job updated: 689636
	169  -  MemoryUsage of job (MB)
	172356  -  ResidentSetSize of job (KB)
...
006 (126723.015.000) 2022-03-30 12:55:42 Image size of job updated: 689812
	178  -  MemoryUsage of job (MB)
	181640  -  ResidentSetSize of job (KB)
...
005 (126723.006.000) 2022-03-30 12:55:42 Job terminated.
	(1) Normal termination (return value 0)
		Usr 0 00:00:07, Sys 0 00:00:02  -  Run Remote Usage
		Usr 0 00:00:00, Sys 0 00:00:00  -  Run Local Usage
		Usr 0 00:00:07, Sys 0 00:00:02  -  Total Remote Usage
		Usr 0 00:00:00, Sys 0 00:00:00  -  Total Local Usage
	0  -  Run Bytes Sent By Job
	0  -  Run Bytes Received By Job
	0  -  Total Bytes Sent By Job
	0  -  Total Bytes Received By Job
	Partitionable Resources :    Usage  Request Allocated 
	   Cpus                 :                 1         1 
	   Disk (KB)            :        1        1    129249 
	   Memory (MB)          :      169     3900      3968 

	Job terminated of its own accord at 2022-03-30T03:55:42Z.
...
006 (126723.019.000) 2022-03-30 12:55:42 Image size of job updated: 689780
	183  -  MemoryUsage of job (MB)
	186384  -  ResidentSetSize of job (KB)
...
006 (126723.014.000) 2022-03-30 12:55:42 Image size of job updated: 689816
	183  -  MemoryUsage of job (MB)
	186396  -  ResidentSetSize of job (KB)
...
005 (126723.015.000) 2022-03-30 12:55:43 Job terminated.
	(1) Normal termination (return value 0)
		Usr 0 00:00:07, Sys 0 00:00:02  -  Run Remote Usage
		Usr 0 00:00:00, Sys 0 00:00:00  -  Run Local Usage
		Usr 0 00:00:07, Sys 0 00:00:02  -  Total Remote Usage
		Usr 0 00:00:00, Sys 0 00:00:00  -  Total Local Usage
	0  -  Run Bytes Sent By Job
	0  -  Run Bytes Received By Job
	0  -  Total Bytes Sent By Job
	0  -  Total Bytes Received By Job
	Partitionable Resources :    Usage  Request Allocated 
	   Cpus                 :                 1         1 
	   Disk (KB)            :        1        1    129249 
	   Memory (MB)          :      178     3900      3968 

	Job terminated of its own accord at 2022-03-30T03:55:42Z.
...
005 (126723.014.000) 2022-03-30 12:55:43 Job terminated.
	(1) Normal termination (return value 0)
		Usr 0 00:00:07, Sys 0 00:00:02  -  Run Remote Usage
		Usr 0 00:00:00, Sys 0 00:00:00  -  Run Local Usage
		Usr 0 00:00:07, Sys 0 00:00:02  -  Total Remote Usage
		Usr 0 00:00:00, Sys 0 00:00:00  -  Total Local Usage
	0  -  Run Bytes Sent By Job
	0  -  Run Bytes Received By Job
	0  -  Total Bytes Sent By Job
	0  -  Total Bytes Received By Job
	Partitionable Resources :    Usage  Request Allocated 
	   Cpus                 :                 1         1 
	   Disk (KB)            :        1        1    129249 
	   Memory (MB)          :      183     3900      3968 

	Job terminated of its own accord at 2022-03-30T03:55:42Z.
...
005 (126723.019.000) 2022-03-30 12:55:43 Job terminated.
	(1) Normal termination (return value 0)
		Usr 0 00:00:07, Sys 0 00:00:02  -  Run Remote Usage
		Usr 0 00:00:00, Sys 0 00:00:00  -  Run Local Usage
		Usr 0 00:00:07, Sys 0 00:00:02  -  Total Remote Usage
		Usr 0 00:00:00, Sys 0 00:00:00  -  Total Local Usage
	0  -  Run Bytes Sent By Job
	0  -  Run Bytes Received By Job
	0  -  Total Bytes Sent By Job
	0  -  Total Bytes Received By Job
	Partitionable Resources :    Usage  Request Allocated 
	   Cpus                 :                 1         1 
	   Disk (KB)            :        1        1    129249 
	   Memory (MB)          :      183     3900      3968 

	Job terminated of its own accord at 2022-03-30T03:55:42Z.
...
006 (126723.012.000) 2022-03-30 12:55:43 Image size of job updated: 689784
	183  -  MemoryUsage of job (MB)
	186388  -  ResidentSetSize of job (KB)
...
005 (126723.012.000) 2022-03-30 12:55:43 Job terminated.
	(1) Normal termination (return value 0)
		Usr 0 00:00:07, Sys 0 00:00:01  -  Run Remote Usage
		Usr 0 00:00:00, Sys 0 00:00:00  -  Run Local Usage
		Usr 0 00:00:07, Sys 0 00:00:01  -  Total Remote Usage
		Usr 0 00:00:00, Sys 0 00:00:00  -  Total Local Usage
	0  -  Run Bytes Sent By Job
	0  -  Run Bytes Received By Job
	0  -  Total Bytes Sent By Job
	0  -  Total Bytes Received By Job
	Partitionable Resources :    Usage  Request Allocated 
	   Cpus                 :                 1         1 
	   Disk (KB)            :        1        1    129249 
	   Memory (MB)          :      183     3900      3968 

	Job terminated of its own accord at 2022-03-30T03:55:43Z.
...
006 (126723.001.000) 2022-03-30 12:55:43 Image size of job updated: 689596
	161  -  MemoryUsage of job (MB)
	164180  -  ResidentSetSize of job (KB)
...
005 (126723.001.000) 2022-03-30 12:55:43 Job terminated.
	(1) Normal termination (return value 0)
		Usr 0 00:00:07, Sys 0 00:00:02  -  Run Remote Usage
		Usr 0 00:00:00, Sys 0 00:00:00  -  Run Local Usage
		Usr 0 00:00:07, Sys 0 00:00:02  -  Total Remote Usage
		Usr 0 00:00:00, Sys 0 00:00:00  -  Total Local Usage
	0  -  Run Bytes Sent By Job
	0  -  Run Bytes Received By Job
	0  -  Total Bytes Sent By Job
	0  -  Total Bytes Received By Job
	Partitionable Resources :    Usage  Request Allocated 
	   Cpus                 :                 1         1 
	   Disk (KB)            :        1        1    129249 
	   Memory (MB)          :      161     3900      3968 

	Job terminated of its own accord at 2022-03-30T03:55:43Z.
...
006 (126723.017.000) 2022-03-30 12:55:43 Image size of job updated: 686476
	180  -  MemoryUsage of job (MB)
	184088  -  ResidentSetSize of job (KB)
...
005 (126723.017.000) 2022-03-30 12:55:43 Job terminated.
	(1) Normal termination (return value 0)
		Usr 0 00:00:08, Sys 0 00:00:02  -  Run Remote Usage
		Usr 0 00:00:00, Sys 0 00:00:00  -  Run Local Usage
		Usr 0 00:00:08, Sys 0 00:00:02  -  Total Remote Usage
		Usr 0 00:00:00, Sys 0 00:00:00  -  Total Local Usage
	0  -  Run Bytes Sent By Job
	0  -  Run Bytes Received By Job
	0  -  Total Bytes Sent By Job
	0  -  Total Bytes Received By Job
	Partitionable Resources :    Usage  Request Allocated 
	   Cpus                 :                 1         1 
	   Disk (KB)            :        1        1    129249 
	   Memory (MB)          :      180     3900      3968 

	Job terminated of its own accord at 2022-03-30T03:55:43Z.
...
006 (126723.010.000) 2022-03-30 12:55:43 Image size of job updated: 688980
	183  -  MemoryUsage of job (MB)
	186376  -  ResidentSetSize of job (KB)
...
006 (126723.009.000) 2022-03-30 12:55:43 Image size of job updated: 689948
	183  -  MemoryUsage of job (MB)
	186380  -  ResidentSetSize of job (KB)
...
005 (126723.010.000) 2022-03-30 12:55:43 Job terminated.
	(1) Normal termination (return value 0)
		Usr 0 00:00:08, Sys 0 00:00:01  -  Run Remote Usage
		Usr 0 00:00:00, Sys 0 00:00:00  -  Run Local Usage
		Usr 0 00:00:08, Sys 0 00:00:01  -  Total Remote Usage
		Usr 0 00:00:00, Sys 0 00:00:00  -  Total Local Usage
	0  -  Run Bytes Sent By Job
	0  -  Run Bytes Received By Job
	0  -  Total Bytes Sent By Job
	0  -  Total Bytes Received By Job
	Partitionable Resources :    Usage  Request Allocated 
	   Cpus                 :                 1         1 
	   Disk (KB)            :        1        1    129249 
	   Memory (MB)          :      183     3900      3968 

	Job terminated of its own accord at 2022-03-30T03:55:43Z.
...
005 (126723.009.000) 2022-03-30 12:55:43 Job terminated.
	(1) Normal termination (return value 0)
		Usr 0 00:00:08, Sys 0 00:00:02  -  Run Remote Usage
		Usr 0 00:00:00, Sys 0 00:00:00  -  Run Local Usage
		Usr 0 00:00:08, Sys 0 00:00:02  -  Total Remote Usage
		Usr 0 00:00:00, Sys 0 00:00:00  -  Total Local Usage
	0  -  Run Bytes Sent By Job
	0  -  Run Bytes Received By Job
	0  -  Total Bytes Sent By Job
	0  -  Total Bytes Received By Job
	Partitionable Resources :    Usage  Request Allocated 
	   Cpus                 :                 1         1 
	   Disk (KB)            :        1        1    129249 
	   Memory (MB)          :      183     3900      3968 

	Job terminated of its own accord at 2022-03-30T03:55:43Z.
...
006 (126723.011.000) 2022-03-30 12:55:44 Image size of job updated: 689448
	183  -  MemoryUsage of job (MB)
	186384  -  ResidentSetSize of job (KB)
...
005 (126723.011.000) 2022-03-30 12:55:44 Job terminated.
	(1) Normal termination (return value 0)
		Usr 0 00:00:08, Sys 0 00:00:02  -  Run Remote Usage
		Usr 0 00:00:00, Sys 0 00:00:00  -  Run Local Usage
		Usr 0 00:00:08, Sys 0 00:00:02  -  Total Remote Usage
		Usr 0 00:00:00, Sys 0 00:00:00  -  Total Local Usage
	0  -  Run Bytes Sent By Job
	0  -  Run Bytes Received By Job
	0  -  Total Bytes Sent By Job
	0  -  Total Bytes Received By Job
	Partitionable Resources :    Usage  Request Allocated 
	   Cpus                 :                 1         1 
	   Disk (KB)            :        1        1    129249 
	   Memory (MB)          :      183     3900      3968 

	Job terminated of its own accord at 2022-03-30T03:55:44Z.
...
006 (126723.004.000) 2022-03-30 12:55:44 Image size of job updated: 689760
	166  -  MemoryUsage of job (MB)
	169768  -  ResidentSetSize of job (KB)
...
005 (126723.004.000) 2022-03-30 12:55:44 Job terminated.
	(1) Normal termination (return value 0)
		Usr 0 00:00:08, Sys 0 00:00:02  -  Run Remote Usage
		Usr 0 00:00:00, Sys 0 00:00:00  -  Run Local Usage
		Usr 0 00:00:08, Sys 0 00:00:02  -  Total Remote Usage
		Usr 0 00:00:00, Sys 0 00:00:00  -  Total Local Usage
	0  -  Run Bytes Sent By Job
	0  -  Run Bytes Received By Job
	0  -  Total Bytes Sent By Job
	0  -  Total Bytes Received By Job
	Partitionable Resources :    Usage  Request Allocated 
	   Cpus                 :                 1         1 
	   Disk (KB)            :        1        1    129249 
	   Memory (MB)          :      166     3900      3968 

	Job terminated of its own accord at 2022-03-30T03:55:44Z.
...
006 (126723.013.000) 2022-03-30 12:55:44 Image size of job updated: 690064
	183  -  MemoryUsage of job (MB)
	186392  -  ResidentSetSize of job (KB)
...
005 (126723.013.000) 2022-03-30 12:55:45 Job terminated.
	(1) Normal termination (return value 0)
		Usr 0 00:00:09, Sys 0 00:00:01  -  Run Remote Usage
		Usr 0 00:00:00, Sys 0 00:00:00  -  Run Local Usage
		Usr 0 00:00:09, Sys 0 00:00:01  -  Total Remote Usage
		Usr 0 00:00:00, Sys 0 00:00:00  -  Total Local Usage
	0  -  Run Bytes Sent By Job
	0  -  Run Bytes Received By Job
	0  -  Total Bytes Sent By Job
	0  -  Total Bytes Received By Job
	Partitionable Resources :    Usage  Request Allocated 
	   Cpus                 :                 1         1 
	   Disk (KB)            :        1        1    129249 
	   Memory (MB)          :      183     3900      3968 

	Job terminated of its own accord at 2022-03-30T03:55:44Z.
...
006 (126723.007.000) 2022-03-30 12:55:45 Image size of job updated: 699116
	172  -  MemoryUsage of job (MB)
	175392  -  ResidentSetSize of job (KB)
...
006 (126723.008.000) 2022-03-30 12:55:45 Image size of job updated: 698856
	183  -  MemoryUsage of job (MB)
	186392  -  ResidentSetSize of job (KB)
...
005 (126723.007.000) 2022-03-30 12:55:45 Job terminated.
	(1) Normal termination (return value 0)
		Usr 0 00:00:09, Sys 0 00:00:02  -  Run Remote Usage
		Usr 0 00:00:00, Sys 0 00:00:00  -  Run Local Usage
		Usr 0 00:00:09, Sys 0 00:00:02  -  Total Remote Usage
		Usr 0 00:00:00, Sys 0 00:00:00  -  Total Local Usage
	0  -  Run Bytes Sent By Job
	0  -  Run Bytes Received By Job
	0  -  Total Bytes Sent By Job
	0  -  Total Bytes Received By Job
	Partitionable Resources :    Usage  Request Allocated 
	   Cpus                 :                 1         1 
	   Disk (KB)            :        1        1    129249 
	   Memory (MB)          :      172     3900      3968 

	Job terminated of its own accord at 2022-03-30T03:55:45Z.
...
005 (126723.008.000) 2022-03-30 12:55:45 Job terminated.
	(1) Normal termination (return value 0)
		Usr 0 00:00:09, Sys 0 00:00:02  -  Run Remote Usage
		Usr 0 00:00:00, Sys 0 00:00:00  -  Run Local Usage
		Usr 0 00:00:09, Sys 0 00:00:02  -  Total Remote Usage
		Usr 0 00:00:00, Sys 0 00:00:00  -  Total Local Usage
	0  -  Run Bytes Sent By Job
	0  -  Run Bytes Received By Job
	0  -  Total Bytes Sent By Job
	0  -  Total Bytes Received By Job
	Partitionable Resources :    Usage  Request Allocated 
	   Cpus                 :                 1         1 
	   Disk (KB)            :        1        1    129249 
	   Memory (MB)          :      183     3900      3968 

	Job terminated of its own accord at 2022-03-30T03:55:45Z.
...
006 (126723.000.000) 2022-03-30 12:55:47 Image size of job updated: 690132
	161  -  MemoryUsage of job (MB)
	163932  -  ResidentSetSize of job (KB)
...
005 (126723.000.000) 2022-03-30 12:55:47 Job terminated.
	(1) Normal termination (return value 0)
		Usr 0 00:00:11, Sys 0 00:00:02  -  Run Remote Usage
		Usr 0 00:00:00, Sys 0 00:00:00  -  Run Local Usage
		Usr 0 00:00:11, Sys 0 00:00:02  -  Total Remote Usage
		Usr 0 00:00:00, Sys 0 00:00:00  -  Total Local Usage
	0  -  Run Bytes Sent By Job
	0  -  Run Bytes Received By Job
	0  -  Total Bytes Sent By Job
	0  -  Total Bytes Received By Job
	Partitionable Resources :    Usage  Request Allocated 
	   Cpus                 :                 1         1 
	   Disk (KB)            :        1        1    129249 
	   Memory (MB)          :      161     3900      3968 

	Job terminated of its own accord at 2022-03-30T03:55:47Z.
...
