000 (2118549.005.000) 06/08 00:00:09 Job submitted from host: <172.30.1.200:9618?addrs=172.30.1.200-9618+[--1]-9618&noUDP&sock=203143_c79e_3>
...
001 (2118549.005.000) 06/08 00:00:11 Job executing on host: <172.30.1.209:9618?addrs=172.30.1.209-9618+[--1]-9618&noUDP&sock=43218_8821_3>
...
006 (2118549.005.000) 06/08 00:00:20 Image size of job updated: 71812
	15  -  MemoryUsage of job (MB)
	14432  -  ResidentSetSize of job (KB)
...
006 (2118549.005.000) 06/08 00:05:21 Image size of job updated: 656272
	160  -  MemoryUsage of job (MB)
	163536  -  ResidentSetSize of job (KB)
...
006 (2118549.005.000) 06/08 00:10:21 Image size of job updated: 664672
	168  -  MemoryUsage of job (MB)
	171800  -  ResidentSetSize of job (KB)
...
006 (2118549.005.000) 06/08 00:15:21 Image size of job updated: 669140
	183  -  MemoryUsage of job (MB)
	186952  -  ResidentSetSize of job (KB)
...
006 (2118549.005.000) 06/08 00:20:22 Image size of job updated: 677696
	191  -  MemoryUsage of job (MB)
	195376  -  ResidentSetSize of job (KB)
...
006 (2118549.005.000) 06/08 00:25:22 Image size of job updated: 685804
	199  -  MemoryUsage of job (MB)
	203616  -  ResidentSetSize of job (KB)
...
006 (2118549.005.000) 06/08 00:30:22 Image size of job updated: 697992
	211  -  MemoryUsage of job (MB)
	215844  -  ResidentSetSize of job (KB)
...
006 (2118549.005.000) 06/08 00:35:23 Image size of job updated: 706580
	220  -  MemoryUsage of job (MB)
	224280  -  ResidentSetSize of job (KB)
...
006 (2118549.005.000) 06/08 00:36:02 Image size of job updated: 715276
	220  -  MemoryUsage of job (MB)
	224280  -  ResidentSetSize of job (KB)
...
005 (2118549.005.000) 06/08 00:36:02 Job terminated.
	(1) Normal termination (return value 0)
		Usr 0 00:35:42, Sys 0 00:00:01  -  Run Remote Usage
		Usr 0 00:00:00, Sys 0 00:00:00  -  Run Local Usage
		Usr 0 00:35:42, Sys 0 00:00:01  -  Total Remote Usage
		Usr 0 00:00:00, Sys 0 00:00:00  -  Total Local Usage
	220  -  Run Bytes Sent By Job
	241  -  Run Bytes Received By Job
	220  -  Total Bytes Sent By Job
	241  -  Total Bytes Received By Job
	Partitionable Resources :    Usage  Request Allocated
	   Cpus                 :                 1         1
	   Disk (KB)            :       12  2048000   2441136
	   Memory (MB)          :      220     2000      2000
...
