000 (2118549.000.000) 06/08 00:00:09 Job submitted from host: <172.30.1.200:9618?addrs=172.30.1.200-9618+[--1]-9618&noUDP&sock=203143_c79e_3>
...
001 (2118549.000.000) 06/08 00:00:11 Job executing on host: <172.30.1.209:9618?addrs=172.30.1.209-9618+[--1]-9618&noUDP&sock=43218_8821_3>
...
006 (2118549.000.000) 06/08 00:00:20 Image size of job updated: 175908
	8  -  MemoryUsage of job (MB)
	8172  -  ResidentSetSize of job (KB)
...
006 (2118549.000.000) 06/08 00:05:21 Image size of job updated: 658952
	162  -  MemoryUsage of job (MB)
	165788  -  ResidentSetSize of job (KB)
...
006 (2118549.000.000) 06/08 00:10:22 Image size of job updated: 663764
	167  -  MemoryUsage of job (MB)
	170828  -  ResidentSetSize of job (KB)
...
006 (2118549.000.000) 06/08 00:15:22 Image size of job updated: 671652
	186  -  MemoryUsage of job (MB)
	189652  -  ResidentSetSize of job (KB)
...
006 (2118549.000.000) 06/08 00:20:22 Image size of job updated: 679972
	194  -  MemoryUsage of job (MB)
	197892  -  ResidentSetSize of job (KB)
...
006 (2118549.000.000) 06/08 00:25:23 Image size of job updated: 691616
	205  -  MemoryUsage of job (MB)
	209464  -  ResidentSetSize of job (KB)
...
006 (2118549.000.000) 06/08 00:30:24 Image size of job updated: 702588
	216  -  MemoryUsage of job (MB)
	220292  -  ResidentSetSize of job (KB)
...
006 (2118549.000.000) 06/08 00:32:14 Image size of job updated: 704032
	216  -  MemoryUsage of job (MB)
	220292  -  ResidentSetSize of job (KB)
...
005 (2118549.000.000) 06/08 00:32:14 Job terminated.
	(1) Normal termination (return value 0)
		Usr 0 00:31:37, Sys 0 00:00:06  -  Run Remote Usage
		Usr 0 00:00:00, Sys 0 00:00:00  -  Run Local Usage
		Usr 0 00:31:37, Sys 0 00:00:06  -  Total Remote Usage
		Usr 0 00:00:00, Sys 0 00:00:00  -  Total Local Usage
	214  -  Run Bytes Sent By Job
	241  -  Run Bytes Received By Job
	214  -  Total Bytes Sent By Job
	241  -  Total Bytes Received By Job
	Partitionable Resources :    Usage  Request Allocated
	   Cpus                 :                 1         1
	   Disk (KB)            :       12  2048000   2441136
	   Memory (MB)          :      216     2000      2000
...
