000 (127745.000.000) 2022-03-31 12:11:49 Job submitted from host: <172.30.1.200:9618?addrs=172.30.1.200-9618&alias=tamsa2.snu.ac.kr&noUDP&sock=schedd_3154_f5cb>
...
000 (127745.001.000) 2022-03-31 12:11:49 Job submitted from host: <172.30.1.200:9618?addrs=172.30.1.200-9618&alias=tamsa2.snu.ac.kr&noUDP&sock=schedd_3154_f5cb>
...
000 (127745.002.000) 2022-03-31 12:11:49 Job submitted from host: <172.30.1.200:9618?addrs=172.30.1.200-9618&alias=tamsa2.snu.ac.kr&noUDP&sock=schedd_3154_f5cb>
...
000 (127745.003.000) 2022-03-31 12:11:49 Job submitted from host: <172.30.1.200:9618?addrs=172.30.1.200-9618&alias=tamsa2.snu.ac.kr&noUDP&sock=schedd_3154_f5cb>
...
000 (127745.004.000) 2022-03-31 12:11:49 Job submitted from host: <172.30.1.200:9618?addrs=172.30.1.200-9618&alias=tamsa2.snu.ac.kr&noUDP&sock=schedd_3154_f5cb>
...
000 (127745.005.000) 2022-03-31 12:11:49 Job submitted from host: <172.30.1.200:9618?addrs=172.30.1.200-9618&alias=tamsa2.snu.ac.kr&noUDP&sock=schedd_3154_f5cb>
...
000 (127745.006.000) 2022-03-31 12:11:49 Job submitted from host: <172.30.1.200:9618?addrs=172.30.1.200-9618&alias=tamsa2.snu.ac.kr&noUDP&sock=schedd_3154_f5cb>
...
000 (127745.007.000) 2022-03-31 12:11:49 Job submitted from host: <172.30.1.200:9618?addrs=172.30.1.200-9618&alias=tamsa2.snu.ac.kr&noUDP&sock=schedd_3154_f5cb>
...
000 (127745.008.000) 2022-03-31 12:11:49 Job submitted from host: <172.30.1.200:9618?addrs=172.30.1.200-9618&alias=tamsa2.snu.ac.kr&noUDP&sock=schedd_3154_f5cb>
...
000 (127745.009.000) 2022-03-31 12:11:49 Job submitted from host: <172.30.1.200:9618?addrs=172.30.1.200-9618&alias=tamsa2.snu.ac.kr&noUDP&sock=schedd_3154_f5cb>
...
000 (127745.010.000) 2022-03-31 12:11:49 Job submitted from host: <172.30.1.200:9618?addrs=172.30.1.200-9618&alias=tamsa2.snu.ac.kr&noUDP&sock=schedd_3154_f5cb>
...
000 (127745.011.000) 2022-03-31 12:11:49 Job submitted from host: <172.30.1.200:9618?addrs=172.30.1.200-9618&alias=tamsa2.snu.ac.kr&noUDP&sock=schedd_3154_f5cb>
...
000 (127745.012.000) 2022-03-31 12:11:49 Job submitted from host: <172.30.1.200:9618?addrs=172.30.1.200-9618&alias=tamsa2.snu.ac.kr&noUDP&sock=schedd_3154_f5cb>
...
000 (127745.013.000) 2022-03-31 12:11:49 Job submitted from host: <172.30.1.200:9618?addrs=172.30.1.200-9618&alias=tamsa2.snu.ac.kr&noUDP&sock=schedd_3154_f5cb>
...
000 (127745.014.000) 2022-03-31 12:11:49 Job submitted from host: <172.30.1.200:9618?addrs=172.30.1.200-9618&alias=tamsa2.snu.ac.kr&noUDP&sock=schedd_3154_f5cb>
...
000 (127745.015.000) 2022-03-31 12:11:49 Job submitted from host: <172.30.1.200:9618?addrs=172.30.1.200-9618&alias=tamsa2.snu.ac.kr&noUDP&sock=schedd_3154_f5cb>
...
000 (127745.016.000) 2022-03-31 12:11:49 Job submitted from host: <172.30.1.200:9618?addrs=172.30.1.200-9618&alias=tamsa2.snu.ac.kr&noUDP&sock=schedd_3154_f5cb>
...
000 (127745.017.000) 2022-03-31 12:11:49 Job submitted from host: <172.30.1.200:9618?addrs=172.30.1.200-9618&alias=tamsa2.snu.ac.kr&noUDP&sock=schedd_3154_f5cb>
...
000 (127745.018.000) 2022-03-31 12:11:49 Job submitted from host: <172.30.1.200:9618?addrs=172.30.1.200-9618&alias=tamsa2.snu.ac.kr&noUDP&sock=schedd_3154_f5cb>
...
000 (127745.019.000) 2022-03-31 12:11:49 Job submitted from host: <172.30.1.200:9618?addrs=172.30.1.200-9618&alias=tamsa2.snu.ac.kr&noUDP&sock=schedd_3154_f5cb>
...
001 (127745.000.000) 2022-03-31 12:11:58 Job executing on host: <172.30.1.206:9618?addrs=172.30.1.206-9618&alias=node6&noUDP&sock=startd_38667_ec9e>
...
001 (127745.001.000) 2022-03-31 12:11:58 Job executing on host: <172.30.1.206:9618?addrs=172.30.1.206-9618&alias=node6&noUDP&sock=startd_38667_ec9e>
...
001 (127745.002.000) 2022-03-31 12:11:58 Job executing on host: <172.30.1.206:9618?addrs=172.30.1.206-9618&alias=node6&noUDP&sock=startd_38667_ec9e>
...
001 (127745.003.000) 2022-03-31 12:11:58 Job executing on host: <172.30.1.206:9618?addrs=172.30.1.206-9618&alias=node6&noUDP&sock=startd_38667_ec9e>
...
001 (127745.004.000) 2022-03-31 12:11:58 Job executing on host: <172.30.1.206:9618?addrs=172.30.1.206-9618&alias=node6&noUDP&sock=startd_38667_ec9e>
...
001 (127745.005.000) 2022-03-31 12:11:58 Job executing on host: <172.30.1.206:9618?addrs=172.30.1.206-9618&alias=node6&noUDP&sock=startd_38667_ec9e>
...
001 (127745.006.000) 2022-03-31 12:11:58 Job executing on host: <172.30.1.206:9618?addrs=172.30.1.206-9618&alias=node6&noUDP&sock=startd_38667_ec9e>
...
001 (127745.007.000) 2022-03-31 12:11:58 Job executing on host: <172.30.1.206:9618?addrs=172.30.1.206-9618&alias=node6&noUDP&sock=startd_38667_ec9e>
...
001 (127745.008.000) 2022-03-31 12:11:58 Job executing on host: <172.30.1.206:9618?addrs=172.30.1.206-9618&alias=node6&noUDP&sock=startd_38667_ec9e>
...
001 (127745.009.000) 2022-03-31 12:11:58 Job executing on host: <172.30.1.206:9618?addrs=172.30.1.206-9618&alias=node6&noUDP&sock=startd_38667_ec9e>
...
001 (127745.010.000) 2022-03-31 12:11:58 Job executing on host: <172.30.1.206:9618?addrs=172.30.1.206-9618&alias=node6&noUDP&sock=startd_38667_ec9e>
...
001 (127745.011.000) 2022-03-31 12:11:58 Job executing on host: <172.30.1.206:9618?addrs=172.30.1.206-9618&alias=node6&noUDP&sock=startd_38667_ec9e>
...
001 (127745.012.000) 2022-03-31 12:11:58 Job executing on host: <172.30.1.206:9618?addrs=172.30.1.206-9618&alias=node6&noUDP&sock=startd_38667_ec9e>
...
001 (127745.013.000) 2022-03-31 12:11:58 Job executing on host: <172.30.1.206:9618?addrs=172.30.1.206-9618&alias=node6&noUDP&sock=startd_38667_ec9e>
...
001 (127745.014.000) 2022-03-31 12:11:58 Job executing on host: <172.30.1.206:9618?addrs=172.30.1.206-9618&alias=node6&noUDP&sock=startd_38667_ec9e>
...
001 (127745.015.000) 2022-03-31 12:11:58 Job executing on host: <172.30.1.206:9618?addrs=172.30.1.206-9618&alias=node6&noUDP&sock=startd_38667_ec9e>
...
001 (127745.016.000) 2022-03-31 12:11:59 Job executing on host: <172.30.1.206:9618?addrs=172.30.1.206-9618&alias=node6&noUDP&sock=startd_38667_ec9e>
...
001 (127745.017.000) 2022-03-31 12:11:59 Job executing on host: <172.30.1.206:9618?addrs=172.30.1.206-9618&alias=node6&noUDP&sock=startd_38667_ec9e>
...
001 (127745.018.000) 2022-03-31 12:11:59 Job executing on host: <172.30.1.206:9618?addrs=172.30.1.206-9618&alias=node6&noUDP&sock=startd_38667_ec9e>
...
001 (127745.019.000) 2022-03-31 12:11:59 Job executing on host: <172.30.1.206:9618?addrs=172.30.1.206-9618&alias=node6&noUDP&sock=startd_38667_ec9e>
...
006 (127745.000.000) 2022-03-31 12:12:06 Image size of job updated: 57752
	56  -  MemoryUsage of job (MB)
	56656  -  ResidentSetSize of job (KB)
...
006 (127745.001.000) 2022-03-31 12:12:06 Image size of job updated: 58136
	56  -  MemoryUsage of job (MB)
	56756  -  ResidentSetSize of job (KB)
...
006 (127745.002.000) 2022-03-31 12:12:06 Image size of job updated: 59512
	57  -  MemoryUsage of job (MB)
	58088  -  ResidentSetSize of job (KB)
...
006 (127745.003.000) 2022-03-31 12:12:06 Image size of job updated: 60508
	59  -  MemoryUsage of job (MB)
	59452  -  ResidentSetSize of job (KB)
...
006 (127745.004.000) 2022-03-31 12:12:06 Image size of job updated: 62500
	61  -  MemoryUsage of job (MB)
	62088  -  ResidentSetSize of job (KB)
...
006 (127745.005.000) 2022-03-31 12:12:06 Image size of job updated: 62872
	61  -  MemoryUsage of job (MB)
	62096  -  ResidentSetSize of job (KB)
...
006 (127745.015.000) 2022-03-31 12:12:07 Image size of job updated: 65112
	63  -  MemoryUsage of job (MB)
	63800  -  ResidentSetSize of job (KB)
...
006 (127745.016.000) 2022-03-31 12:12:07 Image size of job updated: 67100
	64  -  MemoryUsage of job (MB)
	64628  -  ResidentSetSize of job (KB)
...
006 (127745.017.000) 2022-03-31 12:12:07 Image size of job updated: 67788
	64  -  MemoryUsage of job (MB)
	65500  -  ResidentSetSize of job (KB)
...
006 (127745.018.000) 2022-03-31 12:12:07 Image size of job updated: 68396
	65  -  MemoryUsage of job (MB)
	66068  -  ResidentSetSize of job (KB)
...
006 (127745.019.000) 2022-03-31 12:12:07 Image size of job updated: 68344
	65  -  MemoryUsage of job (MB)
	66412  -  ResidentSetSize of job (KB)
...
006 (127745.006.000) 2022-03-31 12:12:07 Image size of job updated: 73292
	71  -  MemoryUsage of job (MB)
	71912  -  ResidentSetSize of job (KB)
...
006 (127745.007.000) 2022-03-31 12:12:07 Image size of job updated: 74052
	71  -  MemoryUsage of job (MB)
	72172  -  ResidentSetSize of job (KB)
...
006 (127745.008.000) 2022-03-31 12:12:07 Image size of job updated: 74256
	72  -  MemoryUsage of job (MB)
	72724  -  ResidentSetSize of job (KB)
...
006 (127745.009.000) 2022-03-31 12:12:07 Image size of job updated: 81448
	78  -  MemoryUsage of job (MB)
	79756  -  ResidentSetSize of job (KB)
...
006 (127745.010.000) 2022-03-31 12:12:07 Image size of job updated: 82196
	79  -  MemoryUsage of job (MB)
	80312  -  ResidentSetSize of job (KB)
...
006 (127745.011.000) 2022-03-31 12:12:07 Image size of job updated: 85936
	83  -  MemoryUsage of job (MB)
	84304  -  ResidentSetSize of job (KB)
...
006 (127745.012.000) 2022-03-31 12:12:07 Image size of job updated: 90928
	88  -  MemoryUsage of job (MB)
	89384  -  ResidentSetSize of job (KB)
...
006 (127745.013.000) 2022-03-31 12:12:07 Image size of job updated: 92948
	90  -  MemoryUsage of job (MB)
	91612  -  ResidentSetSize of job (KB)
...
006 (127745.014.000) 2022-03-31 12:12:07 Image size of job updated: 99508
	96  -  MemoryUsage of job (MB)
	97324  -  ResidentSetSize of job (KB)
...
006 (127745.019.000) 2022-03-31 12:12:16 Image size of job updated: 684932
	65  -  MemoryUsage of job (MB)
	66416  -  ResidentSetSize of job (KB)
...
005 (127745.019.000) 2022-03-31 12:12:16 Job terminated.
	(1) Normal termination (return value 0)
		Usr 0 00:00:06, Sys 0 00:00:01  -  Run Remote Usage
		Usr 0 00:00:00, Sys 0 00:00:00  -  Run Local Usage
		Usr 0 00:00:06, Sys 0 00:00:01  -  Total Remote Usage
		Usr 0 00:00:00, Sys 0 00:00:00  -  Total Local Usage
	0  -  Run Bytes Sent By Job
	0  -  Run Bytes Received By Job
	0  -  Total Bytes Sent By Job
	0  -  Total Bytes Received By Job
	Partitionable Resources :    Usage  Request Allocated 
	   Cpus                 :                 1         1 
	   Disk (KB)            :        1        1     89980 
	   Memory (MB)          :       65     3900      3968 

	Job terminated of its own accord at 2022-03-31T03:12:16Z.
...
006 (127745.015.000) 2022-03-31 12:12:17 Image size of job updated: 659040
	63  -  MemoryUsage of job (MB)
	63800  -  ResidentSetSize of job (KB)
...
005 (127745.015.000) 2022-03-31 12:12:17 Job terminated.
	(1) Normal termination (return value 0)
		Usr 0 00:00:07, Sys 0 00:00:01  -  Run Remote Usage
		Usr 0 00:00:00, Sys 0 00:00:00  -  Run Local Usage
		Usr 0 00:00:07, Sys 0 00:00:01  -  Total Remote Usage
		Usr 0 00:00:00, Sys 0 00:00:00  -  Total Local Usage
	0  -  Run Bytes Sent By Job
	0  -  Run Bytes Received By Job
	0  -  Total Bytes Sent By Job
	0  -  Total Bytes Received By Job
	Partitionable Resources :    Usage  Request Allocated 
	   Cpus                 :                 1         1 
	   Disk (KB)            :        1        1     89980 
	   Memory (MB)          :       63     3900      3968 

	Job terminated of its own accord at 2022-03-31T03:12:17Z.
...
006 (127745.011.000) 2022-03-31 12:12:18 Image size of job updated: 664896
	84  -  MemoryUsage of job (MB)
	85240  -  ResidentSetSize of job (KB)
...
006 (127745.013.000) 2022-03-31 12:12:18 Image size of job updated: 664896
	90  -  MemoryUsage of job (MB)
	91676  -  ResidentSetSize of job (KB)
...
006 (127745.010.000) 2022-03-31 12:12:18 Image size of job updated: 664900
	79  -  MemoryUsage of job (MB)
	80416  -  ResidentSetSize of job (KB)
...
005 (127745.011.000) 2022-03-31 12:12:18 Job terminated.
	(1) Normal termination (return value 0)
		Usr 0 00:00:08, Sys 0 00:00:01  -  Run Remote Usage
		Usr 0 00:00:00, Sys 0 00:00:00  -  Run Local Usage
		Usr 0 00:00:08, Sys 0 00:00:01  -  Total Remote Usage
		Usr 0 00:00:00, Sys 0 00:00:00  -  Total Local Usage
	0  -  Run Bytes Sent By Job
	0  -  Run Bytes Received By Job
	0  -  Total Bytes Sent By Job
	0  -  Total Bytes Received By Job
	Partitionable Resources :    Usage  Request Allocated 
	   Cpus                 :                 1         1 
	   Disk (KB)            :        1        1     89980 
	   Memory (MB)          :       84     3900      3968 

	Job terminated of its own accord at 2022-03-31T03:12:18Z.
...
005 (127745.010.000) 2022-03-31 12:12:18 Job terminated.
	(1) Normal termination (return value 0)
		Usr 0 00:00:08, Sys 0 00:00:01  -  Run Remote Usage
		Usr 0 00:00:00, Sys 0 00:00:00  -  Run Local Usage
		Usr 0 00:00:08, Sys 0 00:00:01  -  Total Remote Usage
		Usr 0 00:00:00, Sys 0 00:00:00  -  Total Local Usage
	0  -  Run Bytes Sent By Job
	0  -  Run Bytes Received By Job
	0  -  Total Bytes Sent By Job
	0  -  Total Bytes Received By Job
	Partitionable Resources :    Usage  Request Allocated 
	   Cpus                 :                 1         1 
	   Disk (KB)            :        1        1     89980 
	   Memory (MB)          :       79     3900      3968 

	Job terminated of its own accord at 2022-03-31T03:12:18Z.
...
005 (127745.013.000) 2022-03-31 12:12:18 Job terminated.
	(1) Normal termination (return value 0)
		Usr 0 00:00:08, Sys 0 00:00:01  -  Run Remote Usage
		Usr 0 00:00:00, Sys 0 00:00:00  -  Run Local Usage
		Usr 0 00:00:08, Sys 0 00:00:01  -  Total Remote Usage
		Usr 0 00:00:00, Sys 0 00:00:00  -  Total Local Usage
	0  -  Run Bytes Sent By Job
	0  -  Run Bytes Received By Job
	0  -  Total Bytes Sent By Job
	0  -  Total Bytes Received By Job
	Partitionable Resources :    Usage  Request Allocated 
	   Cpus                 :                 1         1 
	   Disk (KB)            :        1        1     89980 
	   Memory (MB)          :       90     3900      3968 

	Job terminated of its own accord at 2022-03-31T03:12:18Z.
...
006 (127745.012.000) 2022-03-31 12:12:18 Image size of job updated: 686740
	89  -  MemoryUsage of job (MB)
	91000  -  ResidentSetSize of job (KB)
...
005 (127745.012.000) 2022-03-31 12:12:18 Job terminated.
	(1) Normal termination (return value 0)
		Usr 0 00:00:09, Sys 0 00:00:01  -  Run Remote Usage
		Usr 0 00:00:00, Sys 0 00:00:00  -  Run Local Usage
		Usr 0 00:00:09, Sys 0 00:00:01  -  Total Remote Usage
		Usr 0 00:00:00, Sys 0 00:00:00  -  Total Local Usage
	0  -  Run Bytes Sent By Job
	0  -  Run Bytes Received By Job
	0  -  Total Bytes Sent By Job
	0  -  Total Bytes Received By Job
	Partitionable Resources :    Usage  Request Allocated 
	   Cpus                 :                 1         1 
	   Disk (KB)            :        1        1     89980 
	   Memory (MB)          :       89     3900      3968 

	Job terminated of its own accord at 2022-03-31T03:12:18Z.
...
006 (127745.018.000) 2022-03-31 12:12:19 Image size of job updated: 686744
	65  -  MemoryUsage of job (MB)
	66068  -  ResidentSetSize of job (KB)
...
005 (127745.018.000) 2022-03-31 12:12:19 Job terminated.
	(1) Normal termination (return value 0)
		Usr 0 00:00:09, Sys 0 00:00:01  -  Run Remote Usage
		Usr 0 00:00:00, Sys 0 00:00:00  -  Run Local Usage
		Usr 0 00:00:09, Sys 0 00:00:01  -  Total Remote Usage
		Usr 0 00:00:00, Sys 0 00:00:00  -  Total Local Usage
	0  -  Run Bytes Sent By Job
	0  -  Run Bytes Received By Job
	0  -  Total Bytes Sent By Job
	0  -  Total Bytes Received By Job
	Partitionable Resources :    Usage  Request Allocated 
	   Cpus                 :                 1         1 
	   Disk (KB)            :        1        1     89980 
	   Memory (MB)          :       65     3900      3968 

	Job terminated of its own accord at 2022-03-31T03:12:19Z.
...
006 (127745.016.000) 2022-03-31 12:12:19 Image size of job updated: 686772
	64  -  MemoryUsage of job (MB)
	64628  -  ResidentSetSize of job (KB)
...
005 (127745.016.000) 2022-03-31 12:12:19 Job terminated.
	(1) Normal termination (return value 0)
		Usr 0 00:00:09, Sys 0 00:00:01  -  Run Remote Usage
		Usr 0 00:00:00, Sys 0 00:00:00  -  Run Local Usage
		Usr 0 00:00:09, Sys 0 00:00:01  -  Total Remote Usage
		Usr 0 00:00:00, Sys 0 00:00:00  -  Total Local Usage
	0  -  Run Bytes Sent By Job
	0  -  Run Bytes Received By Job
	0  -  Total Bytes Sent By Job
	0  -  Total Bytes Received By Job
	Partitionable Resources :    Usage  Request Allocated 
	   Cpus                 :                 1         1 
	   Disk (KB)            :        1        1     89980 
	   Memory (MB)          :       64     3900      3968 

	Job terminated of its own accord at 2022-03-31T03:12:19Z.
...
006 (127745.002.000) 2022-03-31 12:12:20 Image size of job updated: 688684
	57  -  MemoryUsage of job (MB)
	58152  -  ResidentSetSize of job (KB)
...
005 (127745.002.000) 2022-03-31 12:12:20 Job terminated.
	(1) Normal termination (return value 0)
		Usr 0 00:00:10, Sys 0 00:00:02  -  Run Remote Usage
		Usr 0 00:00:00, Sys 0 00:00:00  -  Run Local Usage
		Usr 0 00:00:10, Sys 0 00:00:02  -  Total Remote Usage
		Usr 0 00:00:00, Sys 0 00:00:00  -  Total Local Usage
	0  -  Run Bytes Sent By Job
	0  -  Run Bytes Received By Job
	0  -  Total Bytes Sent By Job
	0  -  Total Bytes Received By Job
	Partitionable Resources :    Usage  Request Allocated 
	   Cpus                 :                 1         1 
	   Disk (KB)            :        1        1     89980 
	   Memory (MB)          :       57     3900      3968 

	Job terminated of its own accord at 2022-03-31T03:12:20Z.
...
006 (127745.007.000) 2022-03-31 12:12:20 Image size of job updated: 688644
	71  -  MemoryUsage of job (MB)
	72172  -  ResidentSetSize of job (KB)
...
006 (127745.014.000) 2022-03-31 12:12:20 Image size of job updated: 686772
	96  -  MemoryUsage of job (MB)
	97400  -  ResidentSetSize of job (KB)
...
005 (127745.007.000) 2022-03-31 12:12:20 Job terminated.
	(1) Normal termination (return value 0)
		Usr 0 00:00:10, Sys 0 00:00:02  -  Run Remote Usage
		Usr 0 00:00:00, Sys 0 00:00:00  -  Run Local Usage
		Usr 0 00:00:10, Sys 0 00:00:02  -  Total Remote Usage
		Usr 0 00:00:00, Sys 0 00:00:00  -  Total Local Usage
	0  -  Run Bytes Sent By Job
	0  -  Run Bytes Received By Job
	0  -  Total Bytes Sent By Job
	0  -  Total Bytes Received By Job
	Partitionable Resources :    Usage  Request Allocated 
	   Cpus                 :                 1         1 
	   Disk (KB)            :        1        1     89980 
	   Memory (MB)          :       71     3900      3968 

	Job terminated of its own accord at 2022-03-31T03:12:20Z.
...
005 (127745.014.000) 2022-03-31 12:12:20 Job terminated.
	(1) Normal termination (return value 0)
		Usr 0 00:00:10, Sys 0 00:00:01  -  Run Remote Usage
		Usr 0 00:00:00, Sys 0 00:00:00  -  Run Local Usage
		Usr 0 00:00:10, Sys 0 00:00:01  -  Total Remote Usage
		Usr 0 00:00:00, Sys 0 00:00:00  -  Total Local Usage
	0  -  Run Bytes Sent By Job
	0  -  Run Bytes Received By Job
	0  -  Total Bytes Sent By Job
	0  -  Total Bytes Received By Job
	Partitionable Resources :    Usage  Request Allocated 
	   Cpus                 :                 1         1 
	   Disk (KB)            :        1        1     89980 
	   Memory (MB)          :       96     3900      3968 

	Job terminated of its own accord at 2022-03-31T03:12:20Z.
...
006 (127745.003.000) 2022-03-31 12:12:21 Image size of job updated: 689880
	59  -  MemoryUsage of job (MB)
	59460  -  ResidentSetSize of job (KB)
...
005 (127745.003.000) 2022-03-31 12:12:21 Job terminated.
	(1) Normal termination (return value 0)
		Usr 0 00:00:11, Sys 0 00:00:02  -  Run Remote Usage
		Usr 0 00:00:00, Sys 0 00:00:00  -  Run Local Usage
		Usr 0 00:00:11, Sys 0 00:00:02  -  Total Remote Usage
		Usr 0 00:00:00, Sys 0 00:00:00  -  Total Local Usage
	0  -  Run Bytes Sent By Job
	0  -  Run Bytes Received By Job
	0  -  Total Bytes Sent By Job
	0  -  Total Bytes Received By Job
	Partitionable Resources :    Usage  Request Allocated 
	   Cpus                 :                 1         1 
	   Disk (KB)            :        1        1     89980 
	   Memory (MB)          :       59     3900      3968 

	Job terminated of its own accord at 2022-03-31T03:12:21Z.
...
006 (127745.017.000) 2022-03-31 12:12:21 Image size of job updated: 664936
	64  -  MemoryUsage of job (MB)
	65500  -  ResidentSetSize of job (KB)
...
005 (127745.017.000) 2022-03-31 12:12:21 Job terminated.
	(1) Normal termination (return value 0)
		Usr 0 00:00:12, Sys 0 00:00:01  -  Run Remote Usage
		Usr 0 00:00:00, Sys 0 00:00:00  -  Run Local Usage
		Usr 0 00:00:12, Sys 0 00:00:01  -  Total Remote Usage
		Usr 0 00:00:00, Sys 0 00:00:00  -  Total Local Usage
	0  -  Run Bytes Sent By Job
	0  -  Run Bytes Received By Job
	0  -  Total Bytes Sent By Job
	0  -  Total Bytes Received By Job
	Partitionable Resources :    Usage  Request Allocated 
	   Cpus                 :                 1         1 
	   Disk (KB)            :        1        1     89980 
	   Memory (MB)          :       64     3900      3968 

	Job terminated of its own accord at 2022-03-31T03:12:21Z.
...
006 (127745.004.000) 2022-03-31 12:12:22 Image size of job updated: 686804
	61  -  MemoryUsage of job (MB)
	62088  -  ResidentSetSize of job (KB)
...
005 (127745.004.000) 2022-03-31 12:12:22 Job terminated.
	(1) Normal termination (return value 0)
		Usr 0 00:00:12, Sys 0 00:00:02  -  Run Remote Usage
		Usr 0 00:00:00, Sys 0 00:00:00  -  Run Local Usage
		Usr 0 00:00:12, Sys 0 00:00:02  -  Total Remote Usage
		Usr 0 00:00:00, Sys 0 00:00:00  -  Total Local Usage
	0  -  Run Bytes Sent By Job
	0  -  Run Bytes Received By Job
	0  -  Total Bytes Sent By Job
	0  -  Total Bytes Received By Job
	Partitionable Resources :    Usage  Request Allocated 
	   Cpus                 :                 1         1 
	   Disk (KB)            :        1        1     89980 
	   Memory (MB)          :       61     3900      3968 

	Job terminated of its own accord at 2022-03-31T03:12:22Z.
...
006 (127745.009.000) 2022-03-31 12:12:23 Image size of job updated: 686736
	78  -  MemoryUsage of job (MB)
	79812  -  ResidentSetSize of job (KB)
...
005 (127745.009.000) 2022-03-31 12:12:23 Job terminated.
	(1) Normal termination (return value 0)
		Usr 0 00:00:13, Sys 0 00:00:02  -  Run Remote Usage
		Usr 0 00:00:00, Sys 0 00:00:00  -  Run Local Usage
		Usr 0 00:00:13, Sys 0 00:00:02  -  Total Remote Usage
		Usr 0 00:00:00, Sys 0 00:00:00  -  Total Local Usage
	0  -  Run Bytes Sent By Job
	0  -  Run Bytes Received By Job
	0  -  Total Bytes Sent By Job
	0  -  Total Bytes Received By Job
	Partitionable Resources :    Usage  Request Allocated 
	   Cpus                 :                 1         1 
	   Disk (KB)            :        1        1     89980 
	   Memory (MB)          :       78     3900      3968 

	Job terminated of its own accord at 2022-03-31T03:12:23Z.
...
006 (127745.000.000) 2022-03-31 12:12:24 Image size of job updated: 684996
	56  -  MemoryUsage of job (MB)
	56656  -  ResidentSetSize of job (KB)
...
005 (127745.000.000) 2022-03-31 12:12:24 Job terminated.
	(1) Normal termination (return value 0)
		Usr 0 00:00:14, Sys 0 00:00:03  -  Run Remote Usage
		Usr 0 00:00:00, Sys 0 00:00:00  -  Run Local Usage
		Usr 0 00:00:14, Sys 0 00:00:03  -  Total Remote Usage
		Usr 0 00:00:00, Sys 0 00:00:00  -  Total Local Usage
	0  -  Run Bytes Sent By Job
	0  -  Run Bytes Received By Job
	0  -  Total Bytes Sent By Job
	0  -  Total Bytes Received By Job
	Partitionable Resources :    Usage  Request Allocated 
	   Cpus                 :                 1         1 
	   Disk (KB)            :        1        1     89980 
	   Memory (MB)          :       56     3900      3968 

	Job terminated of its own accord at 2022-03-31T03:12:24Z.
...
006 (127745.001.000) 2022-03-31 12:12:24 Image size of job updated: 690496
	56  -  MemoryUsage of job (MB)
	56760  -  ResidentSetSize of job (KB)
...
005 (127745.001.000) 2022-03-31 12:12:24 Job terminated.
	(1) Normal termination (return value 0)
		Usr 0 00:00:15, Sys 0 00:00:02  -  Run Remote Usage
		Usr 0 00:00:00, Sys 0 00:00:00  -  Run Local Usage
		Usr 0 00:00:15, Sys 0 00:00:02  -  Total Remote Usage
		Usr 0 00:00:00, Sys 0 00:00:00  -  Total Local Usage
	0  -  Run Bytes Sent By Job
	0  -  Run Bytes Received By Job
	0  -  Total Bytes Sent By Job
	0  -  Total Bytes Received By Job
	Partitionable Resources :    Usage  Request Allocated 
	   Cpus                 :                 1         1 
	   Disk (KB)            :        1        1     89980 
	   Memory (MB)          :       56     3900      3968 

	Job terminated of its own accord at 2022-03-31T03:12:24Z.
...
006 (127745.005.000) 2022-03-31 12:12:30 Image size of job updated: 685056
	61  -  MemoryUsage of job (MB)
	62096  -  ResidentSetSize of job (KB)
...
005 (127745.005.000) 2022-03-31 12:12:30 Job terminated.
	(1) Normal termination (return value 0)
		Usr 0 00:00:20, Sys 0 00:00:02  -  Run Remote Usage
		Usr 0 00:00:00, Sys 0 00:00:00  -  Run Local Usage
		Usr 0 00:00:20, Sys 0 00:00:02  -  Total Remote Usage
		Usr 0 00:00:00, Sys 0 00:00:00  -  Total Local Usage
	0  -  Run Bytes Sent By Job
	0  -  Run Bytes Received By Job
	0  -  Total Bytes Sent By Job
	0  -  Total Bytes Received By Job
	Partitionable Resources :    Usage  Request Allocated 
	   Cpus                 :                 1         1 
	   Disk (KB)            :        1        1     89980 
	   Memory (MB)          :       61     3900      3968 

	Job terminated of its own accord at 2022-03-31T03:12:30Z.
...
006 (127745.008.000) 2022-03-31 12:12:47 Image size of job updated: 690084
	72  -  MemoryUsage of job (MB)
	72728  -  ResidentSetSize of job (KB)
...
005 (127745.008.000) 2022-03-31 12:12:47 Job terminated.
	(1) Normal termination (return value 0)
		Usr 0 00:00:37, Sys 0 00:00:01  -  Run Remote Usage
		Usr 0 00:00:00, Sys 0 00:00:00  -  Run Local Usage
		Usr 0 00:00:37, Sys 0 00:00:01  -  Total Remote Usage
		Usr 0 00:00:00, Sys 0 00:00:00  -  Total Local Usage
	0  -  Run Bytes Sent By Job
	0  -  Run Bytes Received By Job
	0  -  Total Bytes Sent By Job
	0  -  Total Bytes Received By Job
	Partitionable Resources :    Usage  Request Allocated 
	   Cpus                 :                 1         1 
	   Disk (KB)            :        1        1     89980 
	   Memory (MB)          :       72     3900      3968 

	Job terminated of its own accord at 2022-03-31T03:12:47Z.
...
006 (127745.006.000) 2022-03-31 12:12:51 Image size of job updated: 689880
	71  -  MemoryUsage of job (MB)
	71912  -  ResidentSetSize of job (KB)
...
005 (127745.006.000) 2022-03-31 12:12:51 Job terminated.
	(1) Normal termination (return value 0)
		Usr 0 00:00:41, Sys 0 00:00:01  -  Run Remote Usage
		Usr 0 00:00:00, Sys 0 00:00:00  -  Run Local Usage
		Usr 0 00:00:41, Sys 0 00:00:01  -  Total Remote Usage
		Usr 0 00:00:00, Sys 0 00:00:00  -  Total Local Usage
	0  -  Run Bytes Sent By Job
	0  -  Run Bytes Received By Job
	0  -  Total Bytes Sent By Job
	0  -  Total Bytes Received By Job
	Partitionable Resources :    Usage  Request Allocated 
	   Cpus                 :                 1         1 
	   Disk (KB)            :        1        1     89980 
	   Memory (MB)          :       71     3900      3968 

	Job terminated of its own accord at 2022-03-31T03:12:51Z.
...
000 (127844.000.000) 2022-03-31 15:11:48 Job submitted from host: <172.30.1.200:9618?addrs=172.30.1.200-9618&alias=tamsa2.snu.ac.kr&noUDP&sock=schedd_3154_f5cb>
...
000 (127844.001.000) 2022-03-31 15:11:48 Job submitted from host: <172.30.1.200:9618?addrs=172.30.1.200-9618&alias=tamsa2.snu.ac.kr&noUDP&sock=schedd_3154_f5cb>
...
000 (127844.002.000) 2022-03-31 15:11:48 Job submitted from host: <172.30.1.200:9618?addrs=172.30.1.200-9618&alias=tamsa2.snu.ac.kr&noUDP&sock=schedd_3154_f5cb>
...
000 (127844.003.000) 2022-03-31 15:11:48 Job submitted from host: <172.30.1.200:9618?addrs=172.30.1.200-9618&alias=tamsa2.snu.ac.kr&noUDP&sock=schedd_3154_f5cb>
...
000 (127844.004.000) 2022-03-31 15:11:48 Job submitted from host: <172.30.1.200:9618?addrs=172.30.1.200-9618&alias=tamsa2.snu.ac.kr&noUDP&sock=schedd_3154_f5cb>
...
000 (127844.005.000) 2022-03-31 15:11:48 Job submitted from host: <172.30.1.200:9618?addrs=172.30.1.200-9618&alias=tamsa2.snu.ac.kr&noUDP&sock=schedd_3154_f5cb>
...
000 (127844.006.000) 2022-03-31 15:11:48 Job submitted from host: <172.30.1.200:9618?addrs=172.30.1.200-9618&alias=tamsa2.snu.ac.kr&noUDP&sock=schedd_3154_f5cb>
...
000 (127844.007.000) 2022-03-31 15:11:48 Job submitted from host: <172.30.1.200:9618?addrs=172.30.1.200-9618&alias=tamsa2.snu.ac.kr&noUDP&sock=schedd_3154_f5cb>
...
000 (127844.008.000) 2022-03-31 15:11:48 Job submitted from host: <172.30.1.200:9618?addrs=172.30.1.200-9618&alias=tamsa2.snu.ac.kr&noUDP&sock=schedd_3154_f5cb>
...
000 (127844.009.000) 2022-03-31 15:11:48 Job submitted from host: <172.30.1.200:9618?addrs=172.30.1.200-9618&alias=tamsa2.snu.ac.kr&noUDP&sock=schedd_3154_f5cb>
...
000 (127844.010.000) 2022-03-31 15:11:48 Job submitted from host: <172.30.1.200:9618?addrs=172.30.1.200-9618&alias=tamsa2.snu.ac.kr&noUDP&sock=schedd_3154_f5cb>
...
000 (127844.011.000) 2022-03-31 15:11:48 Job submitted from host: <172.30.1.200:9618?addrs=172.30.1.200-9618&alias=tamsa2.snu.ac.kr&noUDP&sock=schedd_3154_f5cb>
...
000 (127844.012.000) 2022-03-31 15:11:48 Job submitted from host: <172.30.1.200:9618?addrs=172.30.1.200-9618&alias=tamsa2.snu.ac.kr&noUDP&sock=schedd_3154_f5cb>
...
000 (127844.013.000) 2022-03-31 15:11:48 Job submitted from host: <172.30.1.200:9618?addrs=172.30.1.200-9618&alias=tamsa2.snu.ac.kr&noUDP&sock=schedd_3154_f5cb>
...
000 (127844.014.000) 2022-03-31 15:11:48 Job submitted from host: <172.30.1.200:9618?addrs=172.30.1.200-9618&alias=tamsa2.snu.ac.kr&noUDP&sock=schedd_3154_f5cb>
...
000 (127844.015.000) 2022-03-31 15:11:48 Job submitted from host: <172.30.1.200:9618?addrs=172.30.1.200-9618&alias=tamsa2.snu.ac.kr&noUDP&sock=schedd_3154_f5cb>
...
000 (127844.016.000) 2022-03-31 15:11:48 Job submitted from host: <172.30.1.200:9618?addrs=172.30.1.200-9618&alias=tamsa2.snu.ac.kr&noUDP&sock=schedd_3154_f5cb>
...
000 (127844.017.000) 2022-03-31 15:11:48 Job submitted from host: <172.30.1.200:9618?addrs=172.30.1.200-9618&alias=tamsa2.snu.ac.kr&noUDP&sock=schedd_3154_f5cb>
...
000 (127844.018.000) 2022-03-31 15:11:48 Job submitted from host: <172.30.1.200:9618?addrs=172.30.1.200-9618&alias=tamsa2.snu.ac.kr&noUDP&sock=schedd_3154_f5cb>
...
000 (127844.019.000) 2022-03-31 15:11:48 Job submitted from host: <172.30.1.200:9618?addrs=172.30.1.200-9618&alias=tamsa2.snu.ac.kr&noUDP&sock=schedd_3154_f5cb>
...
001 (127844.012.000) 2022-03-31 15:13:41 Job executing on host: <172.30.1.201:9618?addrs=172.30.1.201-9618&alias=node1&noUDP&sock=startd_3603_efd1>
...
001 (127844.013.000) 2022-03-31 15:13:41 Job executing on host: <172.30.1.201:9618?addrs=172.30.1.201-9618&alias=node1&noUDP&sock=startd_3603_efd1>
...
001 (127844.014.000) 2022-03-31 15:13:41 Job executing on host: <172.30.1.201:9618?addrs=172.30.1.201-9618&alias=node1&noUDP&sock=startd_3603_efd1>
...
001 (127844.016.000) 2022-03-31 15:13:41 Job executing on host: <172.30.1.201:9618?addrs=172.30.1.201-9618&alias=node1&noUDP&sock=startd_3603_efd1>
...
001 (127844.015.000) 2022-03-31 15:13:42 Job executing on host: <172.30.1.201:9618?addrs=172.30.1.201-9618&alias=node1&noUDP&sock=startd_3603_efd1>
...
001 (127844.017.000) 2022-03-31 15:13:42 Job executing on host: <172.30.1.201:9618?addrs=172.30.1.201-9618&alias=node1&noUDP&sock=startd_3603_efd1>
...
001 (127844.018.000) 2022-03-31 15:13:42 Job executing on host: <172.30.1.201:9618?addrs=172.30.1.201-9618&alias=node1&noUDP&sock=startd_3603_efd1>
...
001 (127844.019.000) 2022-03-31 15:13:42 Job executing on host: <172.30.1.201:9618?addrs=172.30.1.201-9618&alias=node1&noUDP&sock=startd_3603_efd1>
...
001 (127844.000.000) 2022-03-31 15:13:43 Job executing on host: <172.30.1.208:9618?addrs=172.30.1.208-9618&alias=node8&noUDP&sock=startd_32564_c61f>
...
001 (127844.001.000) 2022-03-31 15:13:43 Job executing on host: <172.30.1.208:9618?addrs=172.30.1.208-9618&alias=node8&noUDP&sock=startd_32564_c61f>
...
001 (127844.002.000) 2022-03-31 15:13:43 Job executing on host: <172.30.1.208:9618?addrs=172.30.1.208-9618&alias=node8&noUDP&sock=startd_32564_c61f>
...
001 (127844.003.000) 2022-03-31 15:13:43 Job executing on host: <172.30.1.208:9618?addrs=172.30.1.208-9618&alias=node8&noUDP&sock=startd_32564_c61f>
...
001 (127844.004.000) 2022-03-31 15:13:43 Job executing on host: <172.30.1.208:9618?addrs=172.30.1.208-9618&alias=node8&noUDP&sock=startd_32564_c61f>
...
001 (127844.005.000) 2022-03-31 15:13:43 Job executing on host: <172.30.1.208:9618?addrs=172.30.1.208-9618&alias=node8&noUDP&sock=startd_32564_c61f>
...
001 (127844.006.000) 2022-03-31 15:13:44 Job executing on host: <172.30.1.208:9618?addrs=172.30.1.208-9618&alias=node8&noUDP&sock=startd_32564_c61f>
...
001 (127844.007.000) 2022-03-31 15:13:44 Job executing on host: <172.30.1.208:9618?addrs=172.30.1.208-9618&alias=node8&noUDP&sock=startd_32564_c61f>
...
001 (127844.008.000) 2022-03-31 15:13:44 Job executing on host: <172.30.1.208:9618?addrs=172.30.1.208-9618&alias=node8&noUDP&sock=startd_32564_c61f>
...
001 (127844.009.000) 2022-03-31 15:13:44 Job executing on host: <172.30.1.208:9618?addrs=172.30.1.208-9618&alias=node8&noUDP&sock=startd_32564_c61f>
...
001 (127844.010.000) 2022-03-31 15:13:44 Job executing on host: <172.30.1.208:9618?addrs=172.30.1.208-9618&alias=node8&noUDP&sock=startd_32564_c61f>
...
001 (127844.011.000) 2022-03-31 15:13:44 Job executing on host: <172.30.1.208:9618?addrs=172.30.1.208-9618&alias=node8&noUDP&sock=startd_32564_c61f>
...
006 (127844.015.000) 2022-03-31 15:13:50 Image size of job updated: 509360
	155  -  MemoryUsage of job (MB)
	158576  -  ResidentSetSize of job (KB)
...
006 (127844.017.000) 2022-03-31 15:13:50 Image size of job updated: 507192
	155  -  MemoryUsage of job (MB)
	158720  -  ResidentSetSize of job (KB)
...
006 (127844.018.000) 2022-03-31 15:13:50 Image size of job updated: 509360
	155  -  MemoryUsage of job (MB)
	158716  -  ResidentSetSize of job (KB)
...
006 (127844.019.000) 2022-03-31 15:13:50 Image size of job updated: 507192
	156  -  MemoryUsage of job (MB)
	159012  -  ResidentSetSize of job (KB)
...
006 (127844.012.000) 2022-03-31 15:13:50 Image size of job updated: 509360
	156  -  MemoryUsage of job (MB)
	159432  -  ResidentSetSize of job (KB)
...
006 (127844.013.000) 2022-03-31 15:13:50 Image size of job updated: 509740
	156  -  MemoryUsage of job (MB)
	159496  -  ResidentSetSize of job (KB)
...
006 (127844.014.000) 2022-03-31 15:13:50 Image size of job updated: 507192
	156  -  MemoryUsage of job (MB)
	159680  -  ResidentSetSize of job (KB)
...
006 (127844.016.000) 2022-03-31 15:13:51 Image size of job updated: 507192
	156  -  MemoryUsage of job (MB)
	159680  -  ResidentSetSize of job (KB)
...
006 (127844.005.000) 2022-03-31 15:13:52 Image size of job updated: 184144
	180  -  MemoryUsage of job (MB)
	183788  -  ResidentSetSize of job (KB)
...
006 (127844.006.000) 2022-03-31 15:13:52 Image size of job updated: 640680
	181  -  MemoryUsage of job (MB)
	184416  -  ResidentSetSize of job (KB)
...
006 (127844.007.000) 2022-03-31 15:13:52 Image size of job updated: 612284
	157  -  MemoryUsage of job (MB)
	160252  -  ResidentSetSize of job (KB)
...
006 (127844.008.000) 2022-03-31 15:13:52 Image size of job updated: 612280
	161  -  MemoryUsage of job (MB)
	164356  -  ResidentSetSize of job (KB)
...
006 (127844.009.000) 2022-03-31 15:13:52 Image size of job updated: 640676
	184  -  MemoryUsage of job (MB)
	187432  -  ResidentSetSize of job (KB)
...
006 (127844.000.000) 2022-03-31 15:13:52 Image size of job updated: 640672
	185  -  MemoryUsage of job (MB)
	188472  -  ResidentSetSize of job (KB)
...
006 (127844.001.000) 2022-03-31 15:13:52 Image size of job updated: 646064
	185  -  MemoryUsage of job (MB)
	188476  -  ResidentSetSize of job (KB)
...
006 (127844.002.000) 2022-03-31 15:13:52 Image size of job updated: 640680
	185  -  MemoryUsage of job (MB)
	188476  -  ResidentSetSize of job (KB)
...
006 (127844.003.000) 2022-03-31 15:13:52 Image size of job updated: 646056
	185  -  MemoryUsage of job (MB)
	188476  -  ResidentSetSize of job (KB)
...
006 (127844.004.000) 2022-03-31 15:13:52 Image size of job updated: 646056
	185  -  MemoryUsage of job (MB)
	188996  -  ResidentSetSize of job (KB)
...
006 (127844.010.000) 2022-03-31 15:13:53 Image size of job updated: 612284
	185  -  MemoryUsage of job (MB)
	188472  -  ResidentSetSize of job (KB)
...
006 (127844.011.000) 2022-03-31 15:13:53 Image size of job updated: 640676
	185  -  MemoryUsage of job (MB)
	188476  -  ResidentSetSize of job (KB)
...
006 (127844.007.000) 2022-03-31 15:14:07 Image size of job updated: 688824
	157  -  MemoryUsage of job (MB)
	160260  -  ResidentSetSize of job (KB)
...
005 (127844.007.000) 2022-03-31 15:14:07 Job terminated.
	(1) Normal termination (return value 0)
		Usr 0 00:00:16, Sys 0 00:00:02  -  Run Remote Usage
		Usr 0 00:00:00, Sys 0 00:00:00  -  Run Local Usage
		Usr 0 00:00:16, Sys 0 00:00:02  -  Total Remote Usage
		Usr 0 00:00:00, Sys 0 00:00:00  -  Total Local Usage
	0  -  Run Bytes Sent By Job
	0  -  Run Bytes Received By Job
	0  -  Total Bytes Sent By Job
	0  -  Total Bytes Received By Job
	Partitionable Resources :    Usage  Request Allocated 
	   Cpus                 :                 1         1 
	   Disk (KB)            :        1        1    121125 
	   Memory (MB)          :      157     3900      3968 

	Job terminated of its own accord at 2022-03-31T06:14:07Z.
...
006 (127844.000.000) 2022-03-31 15:14:08 Image size of job updated: 690676
	185  -  MemoryUsage of job (MB)
	188472  -  ResidentSetSize of job (KB)
...
005 (127844.000.000) 2022-03-31 15:14:08 Job terminated.
	(1) Normal termination (return value 0)
		Usr 0 00:00:18, Sys 0 00:00:02  -  Run Remote Usage
		Usr 0 00:00:00, Sys 0 00:00:00  -  Run Local Usage
		Usr 0 00:00:18, Sys 0 00:00:02  -  Total Remote Usage
		Usr 0 00:00:00, Sys 0 00:00:00  -  Total Local Usage
	0  -  Run Bytes Sent By Job
	0  -  Run Bytes Received By Job
	0  -  Total Bytes Sent By Job
	0  -  Total Bytes Received By Job
	Partitionable Resources :    Usage  Request Allocated 
	   Cpus                 :                 1         1 
	   Disk (KB)            :        1        1    121125 
	   Memory (MB)          :      185     3900      3968 

	Job terminated of its own accord at 2022-03-31T06:14:08Z.
...
006 (127844.004.000) 2022-03-31 15:14:08 Image size of job updated: 690620
	185  -  MemoryUsage of job (MB)
	188996  -  ResidentSetSize of job (KB)
...
005 (127844.004.000) 2022-03-31 15:14:08 Job terminated.
	(1) Normal termination (return value 0)
		Usr 0 00:00:18, Sys 0 00:00:01  -  Run Remote Usage
		Usr 0 00:00:00, Sys 0 00:00:00  -  Run Local Usage
		Usr 0 00:00:18, Sys 0 00:00:01  -  Total Remote Usage
		Usr 0 00:00:00, Sys 0 00:00:00  -  Total Local Usage
	0  -  Run Bytes Sent By Job
	0  -  Run Bytes Received By Job
	0  -  Total Bytes Sent By Job
	0  -  Total Bytes Received By Job
	Partitionable Resources :    Usage  Request Allocated 
	   Cpus                 :                 1         1 
	   Disk (KB)            :        1        1    121125 
	   Memory (MB)          :      185     3900      3968 

	Job terminated of its own accord at 2022-03-31T06:14:08Z.
...
006 (127844.013.000) 2022-03-31 15:14:09 Image size of job updated: 687128
	156  -  MemoryUsage of job (MB)
	159496  -  ResidentSetSize of job (KB)
...
005 (127844.013.000) 2022-03-31 15:14:09 Job terminated.
	(1) Normal termination (return value 0)
		Usr 0 00:00:16, Sys 0 00:00:03  -  Run Remote Usage
		Usr 0 00:00:00, Sys 0 00:00:00  -  Run Local Usage
		Usr 0 00:00:16, Sys 0 00:00:03  -  Total Remote Usage
		Usr 0 00:00:00, Sys 0 00:00:00  -  Total Local Usage
	0  -  Run Bytes Sent By Job
	0  -  Run Bytes Received By Job
	0  -  Total Bytes Sent By Job
	0  -  Total Bytes Received By Job
	Partitionable Resources :    Usage  Request Allocated 
	   Cpus                 :                 1         1 
	   Disk (KB)            :        1        1    121641 
	   Memory (MB)          :      156     3900      3968 

	Job terminated of its own accord at 2022-03-31T06:14:09Z.
...
006 (127844.002.000) 2022-03-31 15:14:09 Image size of job updated: 690700
	185  -  MemoryUsage of job (MB)
	188476  -  ResidentSetSize of job (KB)
...
005 (127844.002.000) 2022-03-31 15:14:09 Job terminated.
	(1) Normal termination (return value 0)
		Usr 0 00:00:19, Sys 0 00:00:02  -  Run Remote Usage
		Usr 0 00:00:00, Sys 0 00:00:00  -  Run Local Usage
		Usr 0 00:00:19, Sys 0 00:00:02  -  Total Remote Usage
		Usr 0 00:00:00, Sys 0 00:00:00  -  Total Local Usage
	0  -  Run Bytes Sent By Job
	0  -  Run Bytes Received By Job
	0  -  Total Bytes Sent By Job
	0  -  Total Bytes Received By Job
	Partitionable Resources :    Usage  Request Allocated 
	   Cpus                 :                 1         1 
	   Disk (KB)            :        1        1    121125 
	   Memory (MB)          :      185     3900      3968 

	Job terminated of its own accord at 2022-03-31T06:14:09Z.
...
006 (127844.001.000) 2022-03-31 15:14:09 Image size of job updated: 691812
	185  -  MemoryUsage of job (MB)
	188476  -  ResidentSetSize of job (KB)
...
005 (127844.001.000) 2022-03-31 15:14:09 Job terminated.
	(1) Normal termination (return value 0)
		Usr 0 00:00:19, Sys 0 00:00:01  -  Run Remote Usage
		Usr 0 00:00:00, Sys 0 00:00:00  -  Run Local Usage
		Usr 0 00:00:19, Sys 0 00:00:01  -  Total Remote Usage
		Usr 0 00:00:00, Sys 0 00:00:00  -  Total Local Usage
	0  -  Run Bytes Sent By Job
	0  -  Run Bytes Received By Job
	0  -  Total Bytes Sent By Job
	0  -  Total Bytes Received By Job
	Partitionable Resources :    Usage  Request Allocated 
	   Cpus                 :                 1         1 
	   Disk (KB)            :        1        1    121125 
	   Memory (MB)          :      185     3900      3968 

	Job terminated of its own accord at 2022-03-31T06:14:09Z.
...
006 (127844.011.000) 2022-03-31 15:14:09 Image size of job updated: 692180
	185  -  MemoryUsage of job (MB)
	188476  -  ResidentSetSize of job (KB)
...
006 (127844.006.000) 2022-03-31 15:14:09 Image size of job updated: 692180
	181  -  MemoryUsage of job (MB)
	184436  -  ResidentSetSize of job (KB)
...
005 (127844.011.000) 2022-03-31 15:14:09 Job terminated.
	(1) Normal termination (return value 0)
		Usr 0 00:00:19, Sys 0 00:00:02  -  Run Remote Usage
		Usr 0 00:00:00, Sys 0 00:00:00  -  Run Local Usage
		Usr 0 00:00:19, Sys 0 00:00:02  -  Total Remote Usage
		Usr 0 00:00:00, Sys 0 00:00:00  -  Total Local Usage
	0  -  Run Bytes Sent By Job
	0  -  Run Bytes Received By Job
	0  -  Total Bytes Sent By Job
	0  -  Total Bytes Received By Job
	Partitionable Resources :    Usage  Request Allocated 
	   Cpus                 :                 1         1 
	   Disk (KB)            :        1        1    121125 
	   Memory (MB)          :      185     3900      3968 

	Job terminated of its own accord at 2022-03-31T06:14:09Z.
...
005 (127844.006.000) 2022-03-31 15:14:09 Job terminated.
	(1) Normal termination (return value 0)
		Usr 0 00:00:19, Sys 0 00:00:02  -  Run Remote Usage
		Usr 0 00:00:00, Sys 0 00:00:00  -  Run Local Usage
		Usr 0 00:00:19, Sys 0 00:00:02  -  Total Remote Usage
		Usr 0 00:00:00, Sys 0 00:00:00  -  Total Local Usage
	0  -  Run Bytes Sent By Job
	0  -  Run Bytes Received By Job
	0  -  Total Bytes Sent By Job
	0  -  Total Bytes Received By Job
	Partitionable Resources :    Usage  Request Allocated 
	   Cpus                 :                 1         1 
	   Disk (KB)            :        1        1    121125 
	   Memory (MB)          :      181     3900      3968 

	Job terminated of its own accord at 2022-03-31T06:14:09Z.
...
006 (127844.012.000) 2022-03-31 15:14:09 Image size of job updated: 687128
	156  -  MemoryUsage of job (MB)
	159432  -  ResidentSetSize of job (KB)
...
005 (127844.012.000) 2022-03-31 15:14:10 Job terminated.
	(1) Normal termination (return value 0)
		Usr 0 00:00:16, Sys 0 00:00:03  -  Run Remote Usage
		Usr 0 00:00:00, Sys 0 00:00:00  -  Run Local Usage
		Usr 0 00:00:16, Sys 0 00:00:03  -  Total Remote Usage
		Usr 0 00:00:00, Sys 0 00:00:00  -  Total Local Usage
	0  -  Run Bytes Sent By Job
	0  -  Run Bytes Received By Job
	0  -  Total Bytes Sent By Job
	0  -  Total Bytes Received By Job
	Partitionable Resources :    Usage  Request Allocated 
	   Cpus                 :                 1         1 
	   Disk (KB)            :        1        1    121641 
	   Memory (MB)          :      156     3900      3968 

	Job terminated of its own accord at 2022-03-31T06:14:09Z.
...
006 (127844.010.000) 2022-03-31 15:14:13 Image size of job updated: 688804
	185  -  MemoryUsage of job (MB)
	188472  -  ResidentSetSize of job (KB)
...
005 (127844.010.000) 2022-03-31 15:14:13 Job terminated.
	(1) Normal termination (return value 0)
		Usr 0 00:00:22, Sys 0 00:00:02  -  Run Remote Usage
		Usr 0 00:00:00, Sys 0 00:00:00  -  Run Local Usage
		Usr 0 00:00:22, Sys 0 00:00:02  -  Total Remote Usage
		Usr 0 00:00:00, Sys 0 00:00:00  -  Total Local Usage
	0  -  Run Bytes Sent By Job
	0  -  Run Bytes Received By Job
	0  -  Total Bytes Sent By Job
	0  -  Total Bytes Received By Job
	Partitionable Resources :    Usage  Request Allocated 
	   Cpus                 :                 1         1 
	   Disk (KB)            :        1        1    121125 
	   Memory (MB)          :      185     3900      3968 

	Job terminated of its own accord at 2022-03-31T06:14:13Z.
...
006 (127844.015.000) 2022-03-31 15:14:13 Image size of job updated: 690680
	155  -  MemoryUsage of job (MB)
	158576  -  ResidentSetSize of job (KB)
...
005 (127844.015.000) 2022-03-31 15:14:13 Job terminated.
	(1) Normal termination (return value 0)
		Usr 0 00:00:20, Sys 0 00:00:03  -  Run Remote Usage
		Usr 0 00:00:00, Sys 0 00:00:00  -  Run Local Usage
		Usr 0 00:00:20, Sys 0 00:00:03  -  Total Remote Usage
		Usr 0 00:00:00, Sys 0 00:00:00  -  Total Local Usage
	0  -  Run Bytes Sent By Job
	0  -  Run Bytes Received By Job
	0  -  Total Bytes Sent By Job
	0  -  Total Bytes Received By Job
	Partitionable Resources :    Usage  Request Allocated 
	   Cpus                 :                 1         1 
	   Disk (KB)            :        1        1    121641 
	   Memory (MB)          :      155     3900      3968 

	Job terminated of its own accord at 2022-03-31T06:14:13Z.
...
006 (127844.008.000) 2022-03-31 15:14:13 Image size of job updated: 692292
	161  -  MemoryUsage of job (MB)
	164412  -  ResidentSetSize of job (KB)
...
005 (127844.008.000) 2022-03-31 15:14:14 Job terminated.
	(1) Normal termination (return value 0)
		Usr 0 00:00:23, Sys 0 00:00:02  -  Run Remote Usage
		Usr 0 00:00:00, Sys 0 00:00:00  -  Run Local Usage
		Usr 0 00:00:23, Sys 0 00:00:02  -  Total Remote Usage
		Usr 0 00:00:00, Sys 0 00:00:00  -  Total Local Usage
	0  -  Run Bytes Sent By Job
	0  -  Run Bytes Received By Job
	0  -  Total Bytes Sent By Job
	0  -  Total Bytes Received By Job
	Partitionable Resources :    Usage  Request Allocated 
	   Cpus                 :                 1         1 
	   Disk (KB)            :        1        1    121125 
	   Memory (MB)          :      161     3900      3968 

	Job terminated of its own accord at 2022-03-31T06:14:13Z.
...
006 (127844.003.000) 2022-03-31 15:14:14 Image size of job updated: 692064
	185  -  MemoryUsage of job (MB)
	188476  -  ResidentSetSize of job (KB)
...
005 (127844.003.000) 2022-03-31 15:14:14 Job terminated.
	(1) Normal termination (return value 0)
		Usr 0 00:00:25, Sys 0 00:00:01  -  Run Remote Usage
		Usr 0 00:00:00, Sys 0 00:00:00  -  Run Local Usage
		Usr 0 00:00:25, Sys 0 00:00:01  -  Total Remote Usage
		Usr 0 00:00:00, Sys 0 00:00:00  -  Total Local Usage
	0  -  Run Bytes Sent By Job
	0  -  Run Bytes Received By Job
	0  -  Total Bytes Sent By Job
	0  -  Total Bytes Received By Job
	Partitionable Resources :    Usage  Request Allocated 
	   Cpus                 :                 1         1 
	   Disk (KB)            :        1        1    121125 
	   Memory (MB)          :      185     3900      3968 

	Job terminated of its own accord at 2022-03-31T06:14:14Z.
...
006 (127844.009.000) 2022-03-31 15:14:14 Image size of job updated: 687128
	184  -  MemoryUsage of job (MB)
	187432  -  ResidentSetSize of job (KB)
...
005 (127844.009.000) 2022-03-31 15:14:15 Job terminated.
	(1) Normal termination (return value 0)
		Usr 0 00:00:25, Sys 0 00:00:02  -  Run Remote Usage
		Usr 0 00:00:00, Sys 0 00:00:00  -  Run Local Usage
		Usr 0 00:00:25, Sys 0 00:00:02  -  Total Remote Usage
		Usr 0 00:00:00, Sys 0 00:00:00  -  Total Local Usage
	0  -  Run Bytes Sent By Job
	0  -  Run Bytes Received By Job
	0  -  Total Bytes Sent By Job
	0  -  Total Bytes Received By Job
	Partitionable Resources :    Usage  Request Allocated 
	   Cpus                 :                 1         1 
	   Disk (KB)            :        1        1    121125 
	   Memory (MB)          :      184     3900      3968 

	Job terminated of its own accord at 2022-03-31T06:14:14Z.
...
006 (127844.005.000) 2022-03-31 15:14:20 Image size of job updated: 687200
	180  -  MemoryUsage of job (MB)
	183972  -  ResidentSetSize of job (KB)
...
005 (127844.005.000) 2022-03-31 15:14:20 Job terminated.
	(1) Normal termination (return value 0)
		Usr 0 00:00:31, Sys 0 00:00:01  -  Run Remote Usage
		Usr 0 00:00:00, Sys 0 00:00:00  -  Run Local Usage
		Usr 0 00:00:31, Sys 0 00:00:01  -  Total Remote Usage
		Usr 0 00:00:00, Sys 0 00:00:00  -  Total Local Usage
	0  -  Run Bytes Sent By Job
	0  -  Run Bytes Received By Job
	0  -  Total Bytes Sent By Job
	0  -  Total Bytes Received By Job
	Partitionable Resources :    Usage  Request Allocated 
	   Cpus                 :                 1         1 
	   Disk (KB)            :        1        1    121125 
	   Memory (MB)          :      180     3900      3968 

	Job terminated of its own accord at 2022-03-31T06:14:20Z.
...
006 (127844.016.000) 2022-03-31 15:14:23 Image size of job updated: 692156
	156  -  MemoryUsage of job (MB)
	159680  -  ResidentSetSize of job (KB)
...
005 (127844.016.000) 2022-03-31 15:14:23 Job terminated.
	(1) Normal termination (return value 0)
		Usr 0 00:00:30, Sys 0 00:00:03  -  Run Remote Usage
		Usr 0 00:00:00, Sys 0 00:00:00  -  Run Local Usage
		Usr 0 00:00:30, Sys 0 00:00:03  -  Total Remote Usage
		Usr 0 00:00:00, Sys 0 00:00:00  -  Total Local Usage
	0  -  Run Bytes Sent By Job
	0  -  Run Bytes Received By Job
	0  -  Total Bytes Sent By Job
	0  -  Total Bytes Received By Job
	Partitionable Resources :    Usage  Request Allocated 
	   Cpus                 :                 1         1 
	   Disk (KB)            :        1        1    121641 
	   Memory (MB)          :      156     3900      3968 

	Job terminated of its own accord at 2022-03-31T06:14:23Z.
...
006 (127844.018.000) 2022-03-31 15:14:26 Image size of job updated: 692324
	155  -  MemoryUsage of job (MB)
	158716  -  ResidentSetSize of job (KB)
...
005 (127844.018.000) 2022-03-31 15:14:26 Job terminated.
	(1) Normal termination (return value 0)
		Usr 0 00:00:33, Sys 0 00:00:03  -  Run Remote Usage
		Usr 0 00:00:00, Sys 0 00:00:00  -  Run Local Usage
		Usr 0 00:00:33, Sys 0 00:00:03  -  Total Remote Usage
		Usr 0 00:00:00, Sys 0 00:00:00  -  Total Local Usage
	0  -  Run Bytes Sent By Job
	0  -  Run Bytes Received By Job
	0  -  Total Bytes Sent By Job
	0  -  Total Bytes Received By Job
	Partitionable Resources :    Usage  Request Allocated 
	   Cpus                 :                 1         1 
	   Disk (KB)            :        1        1    121641 
	   Memory (MB)          :      155     3900      3968 

	Job terminated of its own accord at 2022-03-31T06:14:26Z.
...
006 (127844.019.000) 2022-03-31 15:15:03 Image size of job updated: 691964
	156  -  MemoryUsage of job (MB)
	159012  -  ResidentSetSize of job (KB)
...
005 (127844.019.000) 2022-03-31 15:15:03 Job terminated.
	(1) Normal termination (return value 0)
		Usr 0 00:01:09, Sys 0 00:00:03  -  Run Remote Usage
		Usr 0 00:00:00, Sys 0 00:00:00  -  Run Local Usage
		Usr 0 00:01:09, Sys 0 00:00:03  -  Total Remote Usage
		Usr 0 00:00:00, Sys 0 00:00:00  -  Total Local Usage
	0  -  Run Bytes Sent By Job
	0  -  Run Bytes Received By Job
	0  -  Total Bytes Sent By Job
	0  -  Total Bytes Received By Job
	Partitionable Resources :    Usage  Request Allocated 
	   Cpus                 :                 1         1 
	   Disk (KB)            :        1        1    121641 
	   Memory (MB)          :      156     3900      3968 

	Job terminated of its own accord at 2022-03-31T06:15:03Z.
...
006 (127844.017.000) 2022-03-31 15:15:08 Image size of job updated: 692020
	155  -  MemoryUsage of job (MB)
	158720  -  ResidentSetSize of job (KB)
...
005 (127844.017.000) 2022-03-31 15:15:08 Job terminated.
	(1) Normal termination (return value 0)
		Usr 0 00:01:14, Sys 0 00:00:03  -  Run Remote Usage
		Usr 0 00:00:00, Sys 0 00:00:00  -  Run Local Usage
		Usr 0 00:01:14, Sys 0 00:00:03  -  Total Remote Usage
		Usr 0 00:00:00, Sys 0 00:00:00  -  Total Local Usage
	0  -  Run Bytes Sent By Job
	0  -  Run Bytes Received By Job
	0  -  Total Bytes Sent By Job
	0  -  Total Bytes Received By Job
	Partitionable Resources :    Usage  Request Allocated 
	   Cpus                 :                 1         1 
	   Disk (KB)            :        1        1    121641 
	   Memory (MB)          :      155     3900      3968 

	Job terminated of its own accord at 2022-03-31T06:15:08Z.
...
006 (127844.014.000) 2022-03-31 15:15:32 Image size of job updated: 692160
	156  -  MemoryUsage of job (MB)
	159680  -  ResidentSetSize of job (KB)
...
005 (127844.014.000) 2022-03-31 15:15:32 Job terminated.
	(1) Normal termination (return value 0)
		Usr 0 00:01:37, Sys 0 00:00:03  -  Run Remote Usage
		Usr 0 00:00:00, Sys 0 00:00:00  -  Run Local Usage
		Usr 0 00:01:37, Sys 0 00:00:03  -  Total Remote Usage
		Usr 0 00:00:00, Sys 0 00:00:00  -  Total Local Usage
	0  -  Run Bytes Sent By Job
	0  -  Run Bytes Received By Job
	0  -  Total Bytes Sent By Job
	0  -  Total Bytes Received By Job
	Partitionable Resources :    Usage  Request Allocated 
	   Cpus                 :                 1         1 
	   Disk (KB)            :        1        1    121641 
	   Memory (MB)          :      156     3900      3968 

	Job terminated of its own accord at 2022-03-31T06:15:32Z.
...
