000 (126225.000.000) 2022-03-28 19:46:35 Job submitted from host: <172.30.1.200:9618?addrs=172.30.1.200-9618&alias=tamsa2.snu.ac.kr&noUDP&sock=schedd_3154_f5cb>
...
000 (126225.001.000) 2022-03-28 19:46:35 Job submitted from host: <172.30.1.200:9618?addrs=172.30.1.200-9618&alias=tamsa2.snu.ac.kr&noUDP&sock=schedd_3154_f5cb>
...
000 (126225.002.000) 2022-03-28 19:46:35 Job submitted from host: <172.30.1.200:9618?addrs=172.30.1.200-9618&alias=tamsa2.snu.ac.kr&noUDP&sock=schedd_3154_f5cb>
...
000 (126225.003.000) 2022-03-28 19:46:35 Job submitted from host: <172.30.1.200:9618?addrs=172.30.1.200-9618&alias=tamsa2.snu.ac.kr&noUDP&sock=schedd_3154_f5cb>
...
000 (126225.004.000) 2022-03-28 19:46:35 Job submitted from host: <172.30.1.200:9618?addrs=172.30.1.200-9618&alias=tamsa2.snu.ac.kr&noUDP&sock=schedd_3154_f5cb>
...
000 (126225.005.000) 2022-03-28 19:46:35 Job submitted from host: <172.30.1.200:9618?addrs=172.30.1.200-9618&alias=tamsa2.snu.ac.kr&noUDP&sock=schedd_3154_f5cb>
...
000 (126225.006.000) 2022-03-28 19:46:35 Job submitted from host: <172.30.1.200:9618?addrs=172.30.1.200-9618&alias=tamsa2.snu.ac.kr&noUDP&sock=schedd_3154_f5cb>
...
000 (126225.007.000) 2022-03-28 19:46:35 Job submitted from host: <172.30.1.200:9618?addrs=172.30.1.200-9618&alias=tamsa2.snu.ac.kr&noUDP&sock=schedd_3154_f5cb>
...
000 (126225.008.000) 2022-03-28 19:46:35 Job submitted from host: <172.30.1.200:9618?addrs=172.30.1.200-9618&alias=tamsa2.snu.ac.kr&noUDP&sock=schedd_3154_f5cb>
...
000 (126225.009.000) 2022-03-28 19:46:35 Job submitted from host: <172.30.1.200:9618?addrs=172.30.1.200-9618&alias=tamsa2.snu.ac.kr&noUDP&sock=schedd_3154_f5cb>
...
000 (126225.010.000) 2022-03-28 19:46:35 Job submitted from host: <172.30.1.200:9618?addrs=172.30.1.200-9618&alias=tamsa2.snu.ac.kr&noUDP&sock=schedd_3154_f5cb>
...
000 (126225.011.000) 2022-03-28 19:46:35 Job submitted from host: <172.30.1.200:9618?addrs=172.30.1.200-9618&alias=tamsa2.snu.ac.kr&noUDP&sock=schedd_3154_f5cb>
...
000 (126225.012.000) 2022-03-28 19:46:35 Job submitted from host: <172.30.1.200:9618?addrs=172.30.1.200-9618&alias=tamsa2.snu.ac.kr&noUDP&sock=schedd_3154_f5cb>
...
000 (126225.013.000) 2022-03-28 19:46:35 Job submitted from host: <172.30.1.200:9618?addrs=172.30.1.200-9618&alias=tamsa2.snu.ac.kr&noUDP&sock=schedd_3154_f5cb>
...
000 (126225.014.000) 2022-03-28 19:46:35 Job submitted from host: <172.30.1.200:9618?addrs=172.30.1.200-9618&alias=tamsa2.snu.ac.kr&noUDP&sock=schedd_3154_f5cb>
...
000 (126225.015.000) 2022-03-28 19:46:35 Job submitted from host: <172.30.1.200:9618?addrs=172.30.1.200-9618&alias=tamsa2.snu.ac.kr&noUDP&sock=schedd_3154_f5cb>
...
000 (126225.016.000) 2022-03-28 19:46:35 Job submitted from host: <172.30.1.200:9618?addrs=172.30.1.200-9618&alias=tamsa2.snu.ac.kr&noUDP&sock=schedd_3154_f5cb>
...
000 (126225.017.000) 2022-03-28 19:46:35 Job submitted from host: <172.30.1.200:9618?addrs=172.30.1.200-9618&alias=tamsa2.snu.ac.kr&noUDP&sock=schedd_3154_f5cb>
...
000 (126225.018.000) 2022-03-28 19:46:35 Job submitted from host: <172.30.1.200:9618?addrs=172.30.1.200-9618&alias=tamsa2.snu.ac.kr&noUDP&sock=schedd_3154_f5cb>
...
000 (126225.019.000) 2022-03-28 19:46:35 Job submitted from host: <172.30.1.200:9618?addrs=172.30.1.200-9618&alias=tamsa2.snu.ac.kr&noUDP&sock=schedd_3154_f5cb>
...
001 (126225.000.000) 2022-03-28 19:46:51 Job executing on host: <172.30.1.203:9618?addrs=172.30.1.203-9618&alias=node3&noUDP&sock=startd_3597_d240>
...
001 (126225.001.000) 2022-03-28 19:46:51 Job executing on host: <172.30.1.203:9618?addrs=172.30.1.203-9618&alias=node3&noUDP&sock=startd_3597_d240>
...
001 (126225.002.000) 2022-03-28 19:46:51 Job executing on host: <172.30.1.203:9618?addrs=172.30.1.203-9618&alias=node3&noUDP&sock=startd_3597_d240>
...
001 (126225.003.000) 2022-03-28 19:46:51 Job executing on host: <172.30.1.203:9618?addrs=172.30.1.203-9618&alias=node3&noUDP&sock=startd_3597_d240>
...
001 (126225.004.000) 2022-03-28 19:46:51 Job executing on host: <172.30.1.203:9618?addrs=172.30.1.203-9618&alias=node3&noUDP&sock=startd_3597_d240>
...
001 (126225.005.000) 2022-03-28 19:46:51 Job executing on host: <172.30.1.203:9618?addrs=172.30.1.203-9618&alias=node3&noUDP&sock=startd_3597_d240>
...
001 (126225.006.000) 2022-03-28 19:46:51 Job executing on host: <172.30.1.203:9618?addrs=172.30.1.203-9618&alias=node3&noUDP&sock=startd_3597_d240>
...
001 (126225.007.000) 2022-03-28 19:46:52 Job executing on host: <172.30.1.203:9618?addrs=172.30.1.203-9618&alias=node3&noUDP&sock=startd_3597_d240>
...
001 (126225.008.000) 2022-03-28 19:46:52 Job executing on host: <172.30.1.203:9618?addrs=172.30.1.203-9618&alias=node3&noUDP&sock=startd_3597_d240>
...
001 (126225.009.000) 2022-03-28 19:46:52 Job executing on host: <172.30.1.203:9618?addrs=172.30.1.203-9618&alias=node3&noUDP&sock=startd_3597_d240>
...
001 (126225.010.000) 2022-03-28 19:46:52 Job executing on host: <172.30.1.203:9618?addrs=172.30.1.203-9618&alias=node3&noUDP&sock=startd_3597_d240>
...
001 (126225.011.000) 2022-03-28 19:46:52 Job executing on host: <172.30.1.203:9618?addrs=172.30.1.203-9618&alias=node3&noUDP&sock=startd_3597_d240>
...
001 (126225.012.000) 2022-03-28 19:46:52 Job executing on host: <172.30.1.203:9618?addrs=172.30.1.203-9618&alias=node3&noUDP&sock=startd_3597_d240>
...
001 (126225.013.000) 2022-03-28 19:46:52 Job executing on host: <172.30.1.203:9618?addrs=172.30.1.203-9618&alias=node3&noUDP&sock=startd_3597_d240>
...
001 (126225.014.000) 2022-03-28 19:46:52 Job executing on host: <172.30.1.203:9618?addrs=172.30.1.203-9618&alias=node3&noUDP&sock=startd_3597_d240>
...
001 (126225.015.000) 2022-03-28 19:46:52 Job executing on host: <172.30.1.203:9618?addrs=172.30.1.203-9618&alias=node3&noUDP&sock=startd_3597_d240>
...
001 (126225.016.000) 2022-03-28 19:46:52 Job executing on host: <172.30.1.203:9618?addrs=172.30.1.203-9618&alias=node3&noUDP&sock=startd_3597_d240>
...
001 (126225.017.000) 2022-03-28 19:46:52 Job executing on host: <172.30.1.203:9618?addrs=172.30.1.203-9618&alias=node3&noUDP&sock=startd_3597_d240>
...
001 (126225.018.000) 2022-03-28 19:46:52 Job executing on host: <172.30.1.203:9618?addrs=172.30.1.203-9618&alias=node3&noUDP&sock=startd_3597_d240>
...
001 (126225.019.000) 2022-03-28 19:46:52 Job executing on host: <172.30.1.203:9618?addrs=172.30.1.203-9618&alias=node3&noUDP&sock=startd_3597_d240>
...
006 (126225.007.000) 2022-03-28 19:47:00 Image size of job updated: 393380
	155  -  MemoryUsage of job (MB)
	157892  -  ResidentSetSize of job (KB)
...
006 (126225.008.000) 2022-03-28 19:47:00 Image size of job updated: 393380
	157  -  MemoryUsage of job (MB)
	160392  -  ResidentSetSize of job (KB)
...
006 (126225.009.000) 2022-03-28 19:47:00 Image size of job updated: 390288
	158  -  MemoryUsage of job (MB)
	161716  -  ResidentSetSize of job (KB)
...
006 (126225.010.000) 2022-03-28 19:47:00 Image size of job updated: 390420
	158  -  MemoryUsage of job (MB)
	160892  -  ResidentSetSize of job (KB)
...
006 (126225.011.000) 2022-03-28 19:47:00 Image size of job updated: 385488
	162  -  MemoryUsage of job (MB)
	165692  -  ResidentSetSize of job (KB)
...
006 (126225.012.000) 2022-03-28 19:47:00 Image size of job updated: 385488
	161  -  MemoryUsage of job (MB)
	164260  -  ResidentSetSize of job (KB)
...
006 (126225.013.000) 2022-03-28 19:47:00 Image size of job updated: 383452
	162  -  MemoryUsage of job (MB)
	165696  -  ResidentSetSize of job (KB)
...
006 (126225.000.000) 2022-03-28 19:47:00 Image size of job updated: 394192
	164  -  MemoryUsage of job (MB)
	167088  -  ResidentSetSize of job (KB)
...
006 (126225.001.000) 2022-03-28 19:47:00 Image size of job updated: 394192
	163  -  MemoryUsage of job (MB)
	166536  -  ResidentSetSize of job (KB)
...
006 (126225.002.000) 2022-03-28 19:47:00 Image size of job updated: 394192
	169  -  MemoryUsage of job (MB)
	172428  -  ResidentSetSize of job (KB)
...
006 (126225.003.000) 2022-03-28 19:47:00 Image size of job updated: 394184
	166  -  MemoryUsage of job (MB)
	169616  -  ResidentSetSize of job (KB)
...
006 (126225.004.000) 2022-03-28 19:47:00 Image size of job updated: 394192
	171  -  MemoryUsage of job (MB)
	174424  -  ResidentSetSize of job (KB)
...
006 (126225.005.000) 2022-03-28 19:47:00 Image size of job updated: 394192
	172  -  MemoryUsage of job (MB)
	175352  -  ResidentSetSize of job (KB)
...
006 (126225.006.000) 2022-03-28 19:47:00 Image size of job updated: 394192
	171  -  MemoryUsage of job (MB)
	174088  -  ResidentSetSize of job (KB)
...
006 (126225.014.000) 2022-03-28 19:47:01 Image size of job updated: 383452
	179  -  MemoryUsage of job (MB)
	182784  -  ResidentSetSize of job (KB)
...
006 (126225.015.000) 2022-03-28 19:47:01 Image size of job updated: 383452
	179  -  MemoryUsage of job (MB)
	182560  -  ResidentSetSize of job (KB)
...
006 (126225.016.000) 2022-03-28 19:47:01 Image size of job updated: 272012
	181  -  MemoryUsage of job (MB)
	185112  -  ResidentSetSize of job (KB)
...
006 (126225.017.000) 2022-03-28 19:47:01 Image size of job updated: 272012
	181  -  MemoryUsage of job (MB)
	185168  -  ResidentSetSize of job (KB)
...
006 (126225.018.000) 2022-03-28 19:47:01 Image size of job updated: 272012
	183  -  MemoryUsage of job (MB)
	187136  -  ResidentSetSize of job (KB)
...
006 (126225.019.000) 2022-03-28 19:47:01 Image size of job updated: 272012
	182  -  MemoryUsage of job (MB)
	185880  -  ResidentSetSize of job (KB)
...
006 (126225.012.000) 2022-03-28 19:47:07 Image size of job updated: 385488
	161  -  MemoryUsage of job (MB)
	164344  -  ResidentSetSize of job (KB)
...
005 (126225.012.000) 2022-03-28 19:47:08 Job terminated.
	(1) Normal termination (return value 0)
		Usr 0 00:00:08, Sys 0 00:00:02  -  Run Remote Usage
		Usr 0 00:00:00, Sys 0 00:00:00  -  Run Local Usage
		Usr 0 00:00:08, Sys 0 00:00:02  -  Total Remote Usage
		Usr 0 00:00:00, Sys 0 00:00:00  -  Total Local Usage
	0  -  Run Bytes Sent By Job
	0  -  Run Bytes Received By Job
	0  -  Total Bytes Sent By Job
	0  -  Total Bytes Received By Job
	Partitionable Resources :    Usage  Request Allocated 
	   Cpus                 :                 1         1 
	   Disk (KB)            :        1        1    129249 
	   Memory (MB)          :      161     3900      3968 

	Job terminated of its own accord at 2022-03-28T10:47:07Z.
...
006 (126225.018.000) 2022-03-28 19:47:08 Image size of job updated: 691452
	183  -  MemoryUsage of job (MB)
	187144  -  ResidentSetSize of job (KB)
...
005 (126225.018.000) 2022-03-28 19:47:08 Job terminated.
	(1) Normal termination (return value 0)
		Usr 0 00:00:09, Sys 0 00:00:02  -  Run Remote Usage
		Usr 0 00:00:00, Sys 0 00:00:00  -  Run Local Usage
		Usr 0 00:00:09, Sys 0 00:00:02  -  Total Remote Usage
		Usr 0 00:00:00, Sys 0 00:00:00  -  Total Local Usage
	0  -  Run Bytes Sent By Job
	0  -  Run Bytes Received By Job
	0  -  Total Bytes Sent By Job
	0  -  Total Bytes Received By Job
	Partitionable Resources :    Usage  Request Allocated 
	   Cpus                 :                 1         1 
	   Disk (KB)            :        1        1    129249 
	   Memory (MB)          :      183     3900      3968 

	Job terminated of its own accord at 2022-03-28T10:47:08Z.
...
006 (126225.001.000) 2022-03-28 19:47:09 Image size of job updated: 691536
	163  -  MemoryUsage of job (MB)
	166540  -  ResidentSetSize of job (KB)
...
005 (126225.001.000) 2022-03-28 19:47:09 Job terminated.
	(1) Normal termination (return value 0)
		Usr 0 00:00:10, Sys 0 00:00:02  -  Run Remote Usage
		Usr 0 00:00:00, Sys 0 00:00:00  -  Run Local Usage
		Usr 0 00:00:10, Sys 0 00:00:02  -  Total Remote Usage
		Usr 0 00:00:00, Sys 0 00:00:00  -  Total Local Usage
	0  -  Run Bytes Sent By Job
	0  -  Run Bytes Received By Job
	0  -  Total Bytes Sent By Job
	0  -  Total Bytes Received By Job
	Partitionable Resources :    Usage  Request Allocated 
	   Cpus                 :                 1         1 
	   Disk (KB)            :        1        1    129249 
	   Memory (MB)          :      163     3900      3968 

	Job terminated of its own accord at 2022-03-28T10:47:09Z.
...
006 (126225.007.000) 2022-03-28 19:47:09 Image size of job updated: 691700
	155  -  MemoryUsage of job (MB)
	158092  -  ResidentSetSize of job (KB)
...
005 (126225.007.000) 2022-03-28 19:47:09 Job terminated.
	(1) Normal termination (return value 0)
		Usr 0 00:00:10, Sys 0 00:00:02  -  Run Remote Usage
		Usr 0 00:00:00, Sys 0 00:00:00  -  Run Local Usage
		Usr 0 00:00:10, Sys 0 00:00:02  -  Total Remote Usage
		Usr 0 00:00:00, Sys 0 00:00:00  -  Total Local Usage
	0  -  Run Bytes Sent By Job
	0  -  Run Bytes Received By Job
	0  -  Total Bytes Sent By Job
	0  -  Total Bytes Received By Job
	Partitionable Resources :    Usage  Request Allocated 
	   Cpus                 :     0.98        1         1 
	   Disk (KB)            :     1           1    129249 
	   Memory (MB)          :   155        3900      3968 

	Job terminated of its own accord at 2022-03-28T10:47:09Z.
...
006 (126225.008.000) 2022-03-28 19:47:09 Image size of job updated: 691648
	157  -  MemoryUsage of job (MB)
	160436  -  ResidentSetSize of job (KB)
...
005 (126225.008.000) 2022-03-28 19:47:09 Job terminated.
	(1) Normal termination (return value 0)
		Usr 0 00:00:10, Sys 0 00:00:02  -  Run Remote Usage
		Usr 0 00:00:00, Sys 0 00:00:00  -  Run Local Usage
		Usr 0 00:00:10, Sys 0 00:00:02  -  Total Remote Usage
		Usr 0 00:00:00, Sys 0 00:00:00  -  Total Local Usage
	0  -  Run Bytes Sent By Job
	0  -  Run Bytes Received By Job
	0  -  Total Bytes Sent By Job
	0  -  Total Bytes Received By Job
	Partitionable Resources :    Usage  Request Allocated 
	   Cpus                 :     0.95        1         1 
	   Disk (KB)            :     1           1    129249 
	   Memory (MB)          :   157        3900      3968 

	Job terminated of its own accord at 2022-03-28T10:47:09Z.
...
006 (126225.014.000) 2022-03-28 19:47:09 Image size of job updated: 691536
	179  -  MemoryUsage of job (MB)
	182784  -  ResidentSetSize of job (KB)
...
005 (126225.014.000) 2022-03-28 19:47:09 Job terminated.
	(1) Normal termination (return value 0)
		Usr 0 00:00:10, Sys 0 00:00:02  -  Run Remote Usage
		Usr 0 00:00:00, Sys 0 00:00:00  -  Run Local Usage
		Usr 0 00:00:10, Sys 0 00:00:02  -  Total Remote Usage
		Usr 0 00:00:00, Sys 0 00:00:00  -  Total Local Usage
	0  -  Run Bytes Sent By Job
	0  -  Run Bytes Received By Job
	0  -  Total Bytes Sent By Job
	0  -  Total Bytes Received By Job
	Partitionable Resources :    Usage  Request Allocated 
	   Cpus                 :     0.96        1         1 
	   Disk (KB)            :     1           1    129249 
	   Memory (MB)          :   179        3900      3968 

	Job terminated of its own accord at 2022-03-28T10:47:09Z.
...
006 (126225.013.000) 2022-03-28 19:47:09 Image size of job updated: 691496
	162  -  MemoryUsage of job (MB)
	165700  -  ResidentSetSize of job (KB)
...
005 (126225.013.000) 2022-03-28 19:47:09 Job terminated.
	(1) Normal termination (return value 0)
		Usr 0 00:00:10, Sys 0 00:00:02  -  Run Remote Usage
		Usr 0 00:00:00, Sys 0 00:00:00  -  Run Local Usage
		Usr 0 00:00:10, Sys 0 00:00:02  -  Total Remote Usage
		Usr 0 00:00:00, Sys 0 00:00:00  -  Total Local Usage
	0  -  Run Bytes Sent By Job
	0  -  Run Bytes Received By Job
	0  -  Total Bytes Sent By Job
	0  -  Total Bytes Received By Job
	Partitionable Resources :    Usage  Request Allocated 
	   Cpus                 :     0.92        1         1 
	   Disk (KB)            :     1           1    129249 
	   Memory (MB)          :   162        3900      3968 

	Job terminated of its own accord at 2022-03-28T10:47:09Z.
...
006 (126225.006.000) 2022-03-28 19:47:10 Image size of job updated: 691744
	171  -  MemoryUsage of job (MB)
	174088  -  ResidentSetSize of job (KB)
...
006 (126225.017.000) 2022-03-28 19:47:10 Image size of job updated: 691460
	181  -  MemoryUsage of job (MB)
	185324  -  ResidentSetSize of job (KB)
...
006 (126225.010.000) 2022-03-28 19:47:10 Image size of job updated: 691660
	158  -  MemoryUsage of job (MB)
	160892  -  ResidentSetSize of job (KB)
...
005 (126225.006.000) 2022-03-28 19:47:10 Job terminated.
	(1) Normal termination (return value 0)
		Usr 0 00:00:10, Sys 0 00:00:02  -  Run Remote Usage
		Usr 0 00:00:00, Sys 0 00:00:00  -  Run Local Usage
		Usr 0 00:00:10, Sys 0 00:00:02  -  Total Remote Usage
		Usr 0 00:00:00, Sys 0 00:00:00  -  Total Local Usage
	0  -  Run Bytes Sent By Job
	0  -  Run Bytes Received By Job
	0  -  Total Bytes Sent By Job
	0  -  Total Bytes Received By Job
	Partitionable Resources :    Usage  Request Allocated 
	   Cpus                 :     1.00        1         1 
	   Disk (KB)            :     1           1    129249 
	   Memory (MB)          :   171        3900      3968 

	Job terminated of its own accord at 2022-03-28T10:47:10Z.
...
005 (126225.017.000) 2022-03-28 19:47:10 Job terminated.
	(1) Normal termination (return value 0)
		Usr 0 00:00:10, Sys 0 00:00:02  -  Run Remote Usage
		Usr 0 00:00:00, Sys 0 00:00:00  -  Run Local Usage
		Usr 0 00:00:10, Sys 0 00:00:02  -  Total Remote Usage
		Usr 0 00:00:00, Sys 0 00:00:00  -  Total Local Usage
	0  -  Run Bytes Sent By Job
	0  -  Run Bytes Received By Job
	0  -  Total Bytes Sent By Job
	0  -  Total Bytes Received By Job
	Partitionable Resources :    Usage  Request Allocated 
	   Cpus                 :     1.00        1         1 
	   Disk (KB)            :     1           1    129249 
	   Memory (MB)          :   181        3900      3968 

	Job terminated of its own accord at 2022-03-28T10:47:10Z.
...
005 (126225.010.000) 2022-03-28 19:47:10 Job terminated.
	(1) Normal termination (return value 0)
		Usr 0 00:00:10, Sys 0 00:00:02  -  Run Remote Usage
		Usr 0 00:00:00, Sys 0 00:00:00  -  Run Local Usage
		Usr 0 00:00:10, Sys 0 00:00:02  -  Total Remote Usage
		Usr 0 00:00:00, Sys 0 00:00:00  -  Total Local Usage
	0  -  Run Bytes Sent By Job
	0  -  Run Bytes Received By Job
	0  -  Total Bytes Sent By Job
	0  -  Total Bytes Received By Job
	Partitionable Resources :    Usage  Request Allocated 
	   Cpus                 :     0.98        1         1 
	   Disk (KB)            :     1           1    129249 
	   Memory (MB)          :   158        3900      3968 

	Job terminated of its own accord at 2022-03-28T10:47:10Z.
...
006 (126225.019.000) 2022-03-28 19:47:11 Image size of job updated: 690192
	182  -  MemoryUsage of job (MB)
	185904  -  ResidentSetSize of job (KB)
...
005 (126225.019.000) 2022-03-28 19:47:11 Job terminated.
	(1) Normal termination (return value 0)
		Usr 0 00:00:12, Sys 0 00:00:02  -  Run Remote Usage
		Usr 0 00:00:00, Sys 0 00:00:00  -  Run Local Usage
		Usr 0 00:00:12, Sys 0 00:00:02  -  Total Remote Usage
		Usr 0 00:00:00, Sys 0 00:00:00  -  Total Local Usage
	0  -  Run Bytes Sent By Job
	0  -  Run Bytes Received By Job
	0  -  Total Bytes Sent By Job
	0  -  Total Bytes Received By Job
	Partitionable Resources :    Usage  Request Allocated 
	   Cpus                 :     1.00        1         1 
	   Disk (KB)            :     1           1    129249 
	   Memory (MB)          :   182        3900      3968 

	Job terminated of its own accord at 2022-03-28T10:47:11Z.
...
006 (126225.002.000) 2022-03-28 19:47:11 Image size of job updated: 691452
	169  -  MemoryUsage of job (MB)
	172428  -  ResidentSetSize of job (KB)
...
005 (126225.002.000) 2022-03-28 19:47:11 Job terminated.
	(1) Normal termination (return value 0)
		Usr 0 00:00:11, Sys 0 00:00:02  -  Run Remote Usage
		Usr 0 00:00:00, Sys 0 00:00:00  -  Run Local Usage
		Usr 0 00:00:11, Sys 0 00:00:02  -  Total Remote Usage
		Usr 0 00:00:00, Sys 0 00:00:00  -  Total Local Usage
	0  -  Run Bytes Sent By Job
	0  -  Run Bytes Received By Job
	0  -  Total Bytes Sent By Job
	0  -  Total Bytes Received By Job
	Partitionable Resources :    Usage  Request Allocated 
	   Cpus                 :     1.00        1         1 
	   Disk (KB)            :     1           1    129249 
	   Memory (MB)          :   169        3900      3968 

	Job terminated of its own accord at 2022-03-28T10:47:11Z.
...
006 (126225.000.000) 2022-03-28 19:47:12 Image size of job updated: 692016
	164  -  MemoryUsage of job (MB)
	167088  -  ResidentSetSize of job (KB)
...
005 (126225.000.000) 2022-03-28 19:47:12 Job terminated.
	(1) Normal termination (return value 0)
		Usr 0 00:00:12, Sys 0 00:00:02  -  Run Remote Usage
		Usr 0 00:00:00, Sys 0 00:00:00  -  Run Local Usage
		Usr 0 00:00:12, Sys 0 00:00:02  -  Total Remote Usage
		Usr 0 00:00:00, Sys 0 00:00:00  -  Total Local Usage
	0  -  Run Bytes Sent By Job
	0  -  Run Bytes Received By Job
	0  -  Total Bytes Sent By Job
	0  -  Total Bytes Received By Job
	Partitionable Resources :    Usage  Request Allocated 
	   Cpus                 :     0.96        1         1 
	   Disk (KB)            :     1           1    129249 
	   Memory (MB)          :   164        3900      3968 

	Job terminated of its own accord at 2022-03-28T10:47:12Z.
...
006 (126225.009.000) 2022-03-28 19:47:12 Image size of job updated: 691744
	158  -  MemoryUsage of job (MB)
	161716  -  ResidentSetSize of job (KB)
...
005 (126225.009.000) 2022-03-28 19:47:12 Job terminated.
	(1) Normal termination (return value 0)
		Usr 0 00:00:12, Sys 0 00:00:02  -  Run Remote Usage
		Usr 0 00:00:00, Sys 0 00:00:00  -  Run Local Usage
		Usr 0 00:00:12, Sys 0 00:00:02  -  Total Remote Usage
		Usr 0 00:00:00, Sys 0 00:00:00  -  Total Local Usage
	0  -  Run Bytes Sent By Job
	0  -  Run Bytes Received By Job
	0  -  Total Bytes Sent By Job
	0  -  Total Bytes Received By Job
	Partitionable Resources :    Usage  Request Allocated 
	   Cpus                 :     0.99        1         1 
	   Disk (KB)            :     1           1    129249 
	   Memory (MB)          :   158        3900      3968 

	Job terminated of its own accord at 2022-03-28T10:47:12Z.
...
006 (126225.011.000) 2022-03-28 19:47:14 Image size of job updated: 692664
	162  -  MemoryUsage of job (MB)
	165696  -  ResidentSetSize of job (KB)
...
005 (126225.011.000) 2022-03-28 19:47:14 Job terminated.
	(1) Normal termination (return value 0)
		Usr 0 00:00:15, Sys 0 00:00:02  -  Run Remote Usage
		Usr 0 00:00:00, Sys 0 00:00:00  -  Run Local Usage
		Usr 0 00:00:15, Sys 0 00:00:02  -  Total Remote Usage
		Usr 0 00:00:00, Sys 0 00:00:00  -  Total Local Usage
	0  -  Run Bytes Sent By Job
	0  -  Run Bytes Received By Job
	0  -  Total Bytes Sent By Job
	0  -  Total Bytes Received By Job
	Partitionable Resources :    Usage  Request Allocated 
	   Cpus                 :     1.00        1         1 
	   Disk (KB)            :     1           1    129249 
	   Memory (MB)          :   162        3900      3968 

	Job terminated of its own accord at 2022-03-28T10:47:14Z.
...
006 (126225.003.000) 2022-03-28 19:47:15 Image size of job updated: 691864
	166  -  MemoryUsage of job (MB)
	169616  -  ResidentSetSize of job (KB)
...
006 (126225.004.000) 2022-03-28 19:47:15 Image size of job updated: 691656
	171  -  MemoryUsage of job (MB)
	174424  -  ResidentSetSize of job (KB)
...
005 (126225.003.000) 2022-03-28 19:47:15 Job terminated.
	(1) Normal termination (return value 0)
		Usr 0 00:00:15, Sys 0 00:00:02  -  Run Remote Usage
		Usr 0 00:00:00, Sys 0 00:00:00  -  Run Local Usage
		Usr 0 00:00:15, Sys 0 00:00:02  -  Total Remote Usage
		Usr 0 00:00:00, Sys 0 00:00:00  -  Total Local Usage
	0  -  Run Bytes Sent By Job
	0  -  Run Bytes Received By Job
	0  -  Total Bytes Sent By Job
	0  -  Total Bytes Received By Job
	Partitionable Resources :    Usage  Request Allocated 
	   Cpus                 :     0.97        1         1 
	   Disk (KB)            :     1           1    129249 
	   Memory (MB)          :   166        3900      3968 

	Job terminated of its own accord at 2022-03-28T10:47:15Z.
...
005 (126225.004.000) 2022-03-28 19:47:15 Job terminated.
	(1) Normal termination (return value 0)
		Usr 0 00:00:15, Sys 0 00:00:02  -  Run Remote Usage
		Usr 0 00:00:00, Sys 0 00:00:00  -  Run Local Usage
		Usr 0 00:00:15, Sys 0 00:00:02  -  Total Remote Usage
		Usr 0 00:00:00, Sys 0 00:00:00  -  Total Local Usage
	0  -  Run Bytes Sent By Job
	0  -  Run Bytes Received By Job
	0  -  Total Bytes Sent By Job
	0  -  Total Bytes Received By Job
	Partitionable Resources :    Usage  Request Allocated 
	   Cpus                 :     1.00        1         1 
	   Disk (KB)            :     1           1    129249 
	   Memory (MB)          :   171        3900      3968 

	Job terminated of its own accord at 2022-03-28T10:47:15Z.
...
006 (126225.015.000) 2022-03-28 19:47:17 Image size of job updated: 692036
	179  -  MemoryUsage of job (MB)
	182560  -  ResidentSetSize of job (KB)
...
005 (126225.015.000) 2022-03-28 19:47:17 Job terminated.
	(1) Normal termination (return value 0)
		Usr 0 00:00:18, Sys 0 00:00:02  -  Run Remote Usage
		Usr 0 00:00:00, Sys 0 00:00:00  -  Run Local Usage
		Usr 0 00:00:18, Sys 0 00:00:02  -  Total Remote Usage
		Usr 0 00:00:00, Sys 0 00:00:00  -  Total Local Usage
	0  -  Run Bytes Sent By Job
	0  -  Run Bytes Received By Job
	0  -  Total Bytes Sent By Job
	0  -  Total Bytes Received By Job
	Partitionable Resources :    Usage  Request Allocated 
	   Cpus                 :     1.00        1         1 
	   Disk (KB)            :     1           1    129249 
	   Memory (MB)          :   179        3900      3968 

	Job terminated of its own accord at 2022-03-28T10:47:17Z.
...
006 (126225.016.000) 2022-03-28 19:47:18 Image size of job updated: 691980
	181  -  MemoryUsage of job (MB)
	185112  -  ResidentSetSize of job (KB)
...
005 (126225.016.000) 2022-03-28 19:47:18 Job terminated.
	(1) Normal termination (return value 0)
		Usr 0 00:00:18, Sys 0 00:00:02  -  Run Remote Usage
		Usr 0 00:00:00, Sys 0 00:00:00  -  Run Local Usage
		Usr 0 00:00:18, Sys 0 00:00:02  -  Total Remote Usage
		Usr 0 00:00:00, Sys 0 00:00:00  -  Total Local Usage
	0  -  Run Bytes Sent By Job
	0  -  Run Bytes Received By Job
	0  -  Total Bytes Sent By Job
	0  -  Total Bytes Received By Job
	Partitionable Resources :    Usage  Request Allocated 
	   Cpus                 :     1.00        1         1 
	   Disk (KB)            :     1           1    129249 
	   Memory (MB)          :   181        3900      3968 

	Job terminated of its own accord at 2022-03-28T10:47:18Z.
...
006 (126225.005.000) 2022-03-28 19:47:20 Image size of job updated: 693296
	172  -  MemoryUsage of job (MB)
	175356  -  ResidentSetSize of job (KB)
...
005 (126225.005.000) 2022-03-28 19:47:20 Job terminated.
	(1) Normal termination (return value 0)
		Usr 0 00:00:21, Sys 0 00:00:02  -  Run Remote Usage
		Usr 0 00:00:00, Sys 0 00:00:00  -  Run Local Usage
		Usr 0 00:00:21, Sys 0 00:00:02  -  Total Remote Usage
		Usr 0 00:00:00, Sys 0 00:00:00  -  Total Local Usage
	0  -  Run Bytes Sent By Job
	0  -  Run Bytes Received By Job
	0  -  Total Bytes Sent By Job
	0  -  Total Bytes Received By Job
	Partitionable Resources :    Usage  Request Allocated 
	   Cpus                 :     1.00        1         1 
	   Disk (KB)            :     1           1    129249 
	   Memory (MB)          :   172        3900      3968 

	Job terminated of its own accord at 2022-03-28T10:47:20Z.
...
