000 (126810.000.000) 2022-03-30 13:42:16 Job submitted from host: <172.30.1.200:9618?addrs=172.30.1.200-9618&alias=tamsa2.snu.ac.kr&noUDP&sock=schedd_3154_f5cb>
...
000 (126810.001.000) 2022-03-30 13:42:16 Job submitted from host: <172.30.1.200:9618?addrs=172.30.1.200-9618&alias=tamsa2.snu.ac.kr&noUDP&sock=schedd_3154_f5cb>
...
000 (126810.002.000) 2022-03-30 13:42:16 Job submitted from host: <172.30.1.200:9618?addrs=172.30.1.200-9618&alias=tamsa2.snu.ac.kr&noUDP&sock=schedd_3154_f5cb>
...
000 (126810.003.000) 2022-03-30 13:42:16 Job submitted from host: <172.30.1.200:9618?addrs=172.30.1.200-9618&alias=tamsa2.snu.ac.kr&noUDP&sock=schedd_3154_f5cb>
...
000 (126810.004.000) 2022-03-30 13:42:16 Job submitted from host: <172.30.1.200:9618?addrs=172.30.1.200-9618&alias=tamsa2.snu.ac.kr&noUDP&sock=schedd_3154_f5cb>
...
000 (126810.005.000) 2022-03-30 13:42:16 Job submitted from host: <172.30.1.200:9618?addrs=172.30.1.200-9618&alias=tamsa2.snu.ac.kr&noUDP&sock=schedd_3154_f5cb>
...
000 (126810.006.000) 2022-03-30 13:42:16 Job submitted from host: <172.30.1.200:9618?addrs=172.30.1.200-9618&alias=tamsa2.snu.ac.kr&noUDP&sock=schedd_3154_f5cb>
...
000 (126810.007.000) 2022-03-30 13:42:16 Job submitted from host: <172.30.1.200:9618?addrs=172.30.1.200-9618&alias=tamsa2.snu.ac.kr&noUDP&sock=schedd_3154_f5cb>
...
000 (126810.008.000) 2022-03-30 13:42:16 Job submitted from host: <172.30.1.200:9618?addrs=172.30.1.200-9618&alias=tamsa2.snu.ac.kr&noUDP&sock=schedd_3154_f5cb>
...
000 (126810.009.000) 2022-03-30 13:42:16 Job submitted from host: <172.30.1.200:9618?addrs=172.30.1.200-9618&alias=tamsa2.snu.ac.kr&noUDP&sock=schedd_3154_f5cb>
...
000 (126810.010.000) 2022-03-30 13:42:16 Job submitted from host: <172.30.1.200:9618?addrs=172.30.1.200-9618&alias=tamsa2.snu.ac.kr&noUDP&sock=schedd_3154_f5cb>
...
000 (126810.011.000) 2022-03-30 13:42:16 Job submitted from host: <172.30.1.200:9618?addrs=172.30.1.200-9618&alias=tamsa2.snu.ac.kr&noUDP&sock=schedd_3154_f5cb>
...
000 (126810.012.000) 2022-03-30 13:42:16 Job submitted from host: <172.30.1.200:9618?addrs=172.30.1.200-9618&alias=tamsa2.snu.ac.kr&noUDP&sock=schedd_3154_f5cb>
...
000 (126810.013.000) 2022-03-30 13:42:16 Job submitted from host: <172.30.1.200:9618?addrs=172.30.1.200-9618&alias=tamsa2.snu.ac.kr&noUDP&sock=schedd_3154_f5cb>
...
000 (126810.014.000) 2022-03-30 13:42:16 Job submitted from host: <172.30.1.200:9618?addrs=172.30.1.200-9618&alias=tamsa2.snu.ac.kr&noUDP&sock=schedd_3154_f5cb>
...
000 (126810.015.000) 2022-03-30 13:42:16 Job submitted from host: <172.30.1.200:9618?addrs=172.30.1.200-9618&alias=tamsa2.snu.ac.kr&noUDP&sock=schedd_3154_f5cb>
...
000 (126810.016.000) 2022-03-30 13:42:16 Job submitted from host: <172.30.1.200:9618?addrs=172.30.1.200-9618&alias=tamsa2.snu.ac.kr&noUDP&sock=schedd_3154_f5cb>
...
000 (126810.017.000) 2022-03-30 13:42:16 Job submitted from host: <172.30.1.200:9618?addrs=172.30.1.200-9618&alias=tamsa2.snu.ac.kr&noUDP&sock=schedd_3154_f5cb>
...
000 (126810.018.000) 2022-03-30 13:42:16 Job submitted from host: <172.30.1.200:9618?addrs=172.30.1.200-9618&alias=tamsa2.snu.ac.kr&noUDP&sock=schedd_3154_f5cb>
...
000 (126810.019.000) 2022-03-30 13:42:16 Job submitted from host: <172.30.1.200:9618?addrs=172.30.1.200-9618&alias=tamsa2.snu.ac.kr&noUDP&sock=schedd_3154_f5cb>
...
001 (126810.001.000) 2022-03-30 13:42:27 Job executing on host: <172.30.1.202:9618?addrs=172.30.1.202-9618&alias=node2&noUDP&sock=startd_3636_9271>
...
001 (126810.002.000) 2022-03-30 13:42:27 Job executing on host: <172.30.1.202:9618?addrs=172.30.1.202-9618&alias=node2&noUDP&sock=startd_3636_9271>
...
001 (126810.000.000) 2022-03-30 13:42:27 Job executing on host: <172.30.1.202:9618?addrs=172.30.1.202-9618&alias=node2&noUDP&sock=startd_3636_9271>
...
001 (126810.004.000) 2022-03-30 13:42:27 Job executing on host: <172.30.1.202:9618?addrs=172.30.1.202-9618&alias=node2&noUDP&sock=startd_3636_9271>
...
001 (126810.006.000) 2022-03-30 13:42:27 Job executing on host: <172.30.1.202:9618?addrs=172.30.1.202-9618&alias=node2&noUDP&sock=startd_3636_9271>
...
001 (126810.007.000) 2022-03-30 13:42:27 Job executing on host: <172.30.1.202:9618?addrs=172.30.1.202-9618&alias=node2&noUDP&sock=startd_3636_9271>
...
001 (126810.003.000) 2022-03-30 13:42:28 Job executing on host: <172.30.1.202:9618?addrs=172.30.1.202-9618&alias=node2&noUDP&sock=startd_3636_9271>
...
001 (126810.005.000) 2022-03-30 13:42:28 Job executing on host: <172.30.1.202:9618?addrs=172.30.1.202-9618&alias=node2&noUDP&sock=startd_3636_9271>
...
001 (126810.009.000) 2022-03-30 13:42:28 Job executing on host: <172.30.1.202:9618?addrs=172.30.1.202-9618&alias=node2&noUDP&sock=startd_3636_9271>
...
001 (126810.011.000) 2022-03-30 13:42:28 Job executing on host: <172.30.1.202:9618?addrs=172.30.1.202-9618&alias=node2&noUDP&sock=startd_3636_9271>
...
001 (126810.008.000) 2022-03-30 13:42:28 Job executing on host: <172.30.1.202:9618?addrs=172.30.1.202-9618&alias=node2&noUDP&sock=startd_3636_9271>
...
001 (126810.013.000) 2022-03-30 13:42:28 Job executing on host: <172.30.1.202:9618?addrs=172.30.1.202-9618&alias=node2&noUDP&sock=startd_3636_9271>
...
001 (126810.010.000) 2022-03-30 13:42:28 Job executing on host: <172.30.1.202:9618?addrs=172.30.1.202-9618&alias=node2&noUDP&sock=startd_3636_9271>
...
001 (126810.012.000) 2022-03-30 13:42:28 Job executing on host: <172.30.1.202:9618?addrs=172.30.1.202-9618&alias=node2&noUDP&sock=startd_3636_9271>
...
001 (126810.014.000) 2022-03-30 13:42:28 Job executing on host: <172.30.1.202:9618?addrs=172.30.1.202-9618&alias=node2&noUDP&sock=startd_3636_9271>
...
001 (126810.016.000) 2022-03-30 13:42:28 Job executing on host: <172.30.1.202:9618?addrs=172.30.1.202-9618&alias=node2&noUDP&sock=startd_3636_9271>
...
001 (126810.018.000) 2022-03-30 13:42:28 Job executing on host: <172.30.1.202:9618?addrs=172.30.1.202-9618&alias=node2&noUDP&sock=startd_3636_9271>
...
001 (126810.015.000) 2022-03-30 13:42:29 Job executing on host: <172.30.1.202:9618?addrs=172.30.1.202-9618&alias=node2&noUDP&sock=startd_3636_9271>
...
001 (126810.019.000) 2022-03-30 13:42:29 Job executing on host: <172.30.1.202:9618?addrs=172.30.1.202-9618&alias=node2&noUDP&sock=startd_3636_9271>
...
001 (126810.017.000) 2022-03-30 13:42:29 Job executing on host: <172.30.1.202:9618?addrs=172.30.1.202-9618&alias=node2&noUDP&sock=startd_3636_9271>
...
006 (126810.007.000) 2022-03-30 13:42:36 Image size of job updated: 185840
	177  -  MemoryUsage of job (MB)
	180960  -  ResidentSetSize of job (KB)
...
006 (126810.003.000) 2022-03-30 13:42:36 Image size of job updated: 185840
	177  -  MemoryUsage of job (MB)
	180972  -  ResidentSetSize of job (KB)
...
006 (126810.005.000) 2022-03-30 13:42:36 Image size of job updated: 185840
	179  -  MemoryUsage of job (MB)
	182400  -  ResidentSetSize of job (KB)
...
006 (126810.009.000) 2022-03-30 13:42:36 Image size of job updated: 185840
	177  -  MemoryUsage of job (MB)
	181172  -  ResidentSetSize of job (KB)
...
006 (126810.011.000) 2022-03-30 13:42:36 Image size of job updated: 185668
	180  -  MemoryUsage of job (MB)
	184288  -  ResidentSetSize of job (KB)
...
006 (126810.008.000) 2022-03-30 13:42:36 Image size of job updated: 185668
	180  -  MemoryUsage of job (MB)
	183364  -  ResidentSetSize of job (KB)
...
006 (126810.001.000) 2022-03-30 13:42:36 Image size of job updated: 321084
	180  -  MemoryUsage of job (MB)
	184308  -  ResidentSetSize of job (KB)
...
006 (126810.002.000) 2022-03-30 13:42:36 Image size of job updated: 222384
	183  -  MemoryUsage of job (MB)
	186548  -  ResidentSetSize of job (KB)
...
006 (126810.000.000) 2022-03-30 13:42:36 Image size of job updated: 216176
	183  -  MemoryUsage of job (MB)
	186556  -  ResidentSetSize of job (KB)
...
006 (126810.004.000) 2022-03-30 13:42:36 Image size of job updated: 216012
	183  -  MemoryUsage of job (MB)
	186544  -  ResidentSetSize of job (KB)
...
006 (126810.006.000) 2022-03-30 13:42:36 Image size of job updated: 216012
	183  -  MemoryUsage of job (MB)
	186548  -  ResidentSetSize of job (KB)
...
006 (126810.015.000) 2022-03-30 13:42:37 Image size of job updated: 195672
	183  -  MemoryUsage of job (MB)
	186544  -  ResidentSetSize of job (KB)
...
006 (126810.019.000) 2022-03-30 13:42:37 Image size of job updated: 192484
	183  -  MemoryUsage of job (MB)
	186528  -  ResidentSetSize of job (KB)
...
006 (126810.017.000) 2022-03-30 13:42:37 Image size of job updated: 193552
	183  -  MemoryUsage of job (MB)
	186560  -  ResidentSetSize of job (KB)
...
006 (126810.013.000) 2022-03-30 13:42:37 Image size of job updated: 186960
	183  -  MemoryUsage of job (MB)
	186552  -  ResidentSetSize of job (KB)
...
006 (126810.010.000) 2022-03-30 13:42:37 Image size of job updated: 187044
	183  -  MemoryUsage of job (MB)
	186560  -  ResidentSetSize of job (KB)
...
006 (126810.012.000) 2022-03-30 13:42:37 Image size of job updated: 187580
	183  -  MemoryUsage of job (MB)
	186544  -  ResidentSetSize of job (KB)
...
006 (126810.014.000) 2022-03-30 13:42:37 Image size of job updated: 187552
	183  -  MemoryUsage of job (MB)
	186544  -  ResidentSetSize of job (KB)
...
006 (126810.016.000) 2022-03-30 13:42:37 Image size of job updated: 188872
	183  -  MemoryUsage of job (MB)
	186528  -  ResidentSetSize of job (KB)
...
006 (126810.018.000) 2022-03-30 13:42:38 Image size of job updated: 187376
	183  -  MemoryUsage of job (MB)
	186532  -  ResidentSetSize of job (KB)
...
006 (126810.000.000) 2022-03-30 13:42:42 Image size of job updated: 689852
	183  -  MemoryUsage of job (MB)
	186556  -  ResidentSetSize of job (KB)
...
005 (126810.000.000) 2022-03-30 13:42:42 Job terminated.
	(1) Normal termination (return value 0)
		Usr 0 00:00:08, Sys 0 00:00:02  -  Run Remote Usage
		Usr 0 00:00:00, Sys 0 00:00:00  -  Run Local Usage
		Usr 0 00:00:08, Sys 0 00:00:02  -  Total Remote Usage
		Usr 0 00:00:00, Sys 0 00:00:00  -  Total Local Usage
	0  -  Run Bytes Sent By Job
	0  -  Run Bytes Received By Job
	0  -  Total Bytes Sent By Job
	0  -  Total Bytes Received By Job
	Partitionable Resources :    Usage  Request Allocated 
	   Cpus                 :     0.41        1         1 
	   Disk (KB)            :     1           1    129249 
	   Memory (MB)          :   183        3900      3968 

	Job terminated of its own accord at 2022-03-30T04:42:42Z.
...
006 (126810.018.000) 2022-03-30 13:42:42 Image size of job updated: 686780
	183  -  MemoryUsage of job (MB)
	186532  -  ResidentSetSize of job (KB)
...
006 (126810.019.000) 2022-03-30 13:42:42 Image size of job updated: 686884
	183  -  MemoryUsage of job (MB)
	186528  -  ResidentSetSize of job (KB)
...
005 (126810.018.000) 2022-03-30 13:42:42 Job terminated.
	(1) Normal termination (return value 0)
		Usr 0 00:00:08, Sys 0 00:00:01  -  Run Remote Usage
		Usr 0 00:00:00, Sys 0 00:00:00  -  Run Local Usage
		Usr 0 00:00:08, Sys 0 00:00:01  -  Total Remote Usage
		Usr 0 00:00:00, Sys 0 00:00:00  -  Total Local Usage
	0  -  Run Bytes Sent By Job
	0  -  Run Bytes Received By Job
	0  -  Total Bytes Sent By Job
	0  -  Total Bytes Received By Job
	Partitionable Resources :    Usage  Request Allocated 
	   Cpus                 :     0.01        1         1 
	   Disk (KB)            :     1           1    129249 
	   Memory (MB)          :   183        3900      3968 

	Job terminated of its own accord at 2022-03-30T04:42:42Z.
...
005 (126810.019.000) 2022-03-30 13:42:42 Job terminated.
	(1) Normal termination (return value 0)
		Usr 0 00:00:08, Sys 0 00:00:01  -  Run Remote Usage
		Usr 0 00:00:00, Sys 0 00:00:00  -  Run Local Usage
		Usr 0 00:00:08, Sys 0 00:00:01  -  Total Remote Usage
		Usr 0 00:00:00, Sys 0 00:00:00  -  Total Local Usage
	0  -  Run Bytes Sent By Job
	0  -  Run Bytes Received By Job
	0  -  Total Bytes Sent By Job
	0  -  Total Bytes Received By Job
	Partitionable Resources :    Usage  Request Allocated 
	   Cpus                 :        0        1         1 
	   Disk (KB)            :        1        1    129249 
	   Memory (MB)          :      183     3900      3968 

	Job terminated of its own accord at 2022-03-30T04:42:42Z.
...
006 (126810.015.000) 2022-03-30 13:42:43 Image size of job updated: 665076
	183  -  MemoryUsage of job (MB)
	186544  -  ResidentSetSize of job (KB)
...
005 (126810.015.000) 2022-03-30 13:42:43 Job terminated.
	(1) Normal termination (return value 0)
		Usr 0 00:00:09, Sys 0 00:00:01  -  Run Remote Usage
		Usr 0 00:00:00, Sys 0 00:00:00  -  Run Local Usage
		Usr 0 00:00:09, Sys 0 00:00:01  -  Total Remote Usage
		Usr 0 00:00:00, Sys 0 00:00:00  -  Total Local Usage
	0  -  Run Bytes Sent By Job
	0  -  Run Bytes Received By Job
	0  -  Total Bytes Sent By Job
	0  -  Total Bytes Received By Job
	Partitionable Resources :    Usage  Request Allocated 
	   Cpus                 :     0.01        1         1 
	   Disk (KB)            :     1           1    129249 
	   Memory (MB)          :   183        3900      3968 

	Job terminated of its own accord at 2022-03-30T04:42:43Z.
...
006 (126810.011.000) 2022-03-30 13:42:43 Image size of job updated: 685172
	180  -  MemoryUsage of job (MB)
	184320  -  ResidentSetSize of job (KB)
...
006 (126810.001.000) 2022-03-30 13:42:43 Image size of job updated: 689844
	180  -  MemoryUsage of job (MB)
	184320  -  ResidentSetSize of job (KB)
...
006 (126810.017.000) 2022-03-30 13:42:43 Image size of job updated: 689804
	183  -  MemoryUsage of job (MB)
	186560  -  ResidentSetSize of job (KB)
...
006 (126810.005.000) 2022-03-30 13:42:43 Image size of job updated: 690116
	179  -  MemoryUsage of job (MB)
	182404  -  ResidentSetSize of job (KB)
...
005 (126810.011.000) 2022-03-30 13:42:43 Job terminated.
	(1) Normal termination (return value 0)
		Usr 0 00:00:09, Sys 0 00:00:01  -  Run Remote Usage
		Usr 0 00:00:00, Sys 0 00:00:00  -  Run Local Usage
		Usr 0 00:00:09, Sys 0 00:00:01  -  Total Remote Usage
		Usr 0 00:00:00, Sys 0 00:00:00  -  Total Local Usage
	0  -  Run Bytes Sent By Job
	0  -  Run Bytes Received By Job
	0  -  Total Bytes Sent By Job
	0  -  Total Bytes Received By Job
	Partitionable Resources :    Usage  Request Allocated 
	   Cpus                 :     0.01        1         1 
	   Disk (KB)            :     1           1    129249 
	   Memory (MB)          :   180        3900      3968 

	Job terminated of its own accord at 2022-03-30T04:42:43Z.
...
005 (126810.001.000) 2022-03-30 13:42:43 Job terminated.
	(1) Normal termination (return value 0)
		Usr 0 00:00:09, Sys 0 00:00:02  -  Run Remote Usage
		Usr 0 00:00:00, Sys 0 00:00:00  -  Run Local Usage
		Usr 0 00:00:09, Sys 0 00:00:02  -  Total Remote Usage
		Usr 0 00:00:00, Sys 0 00:00:00  -  Total Local Usage
	0  -  Run Bytes Sent By Job
	0  -  Run Bytes Received By Job
	0  -  Total Bytes Sent By Job
	0  -  Total Bytes Received By Job
	Partitionable Resources :    Usage  Request Allocated 
	   Cpus                 :     0.44        1         1 
	   Disk (KB)            :     1           1    129249 
	   Memory (MB)          :   180        3900      3968 

	Job terminated of its own accord at 2022-03-30T04:42:43Z.
...
005 (126810.005.000) 2022-03-30 13:42:43 Job terminated.
	(1) Normal termination (return value 0)
		Usr 0 00:00:09, Sys 0 00:00:01  -  Run Remote Usage
		Usr 0 00:00:00, Sys 0 00:00:00  -  Run Local Usage
		Usr 0 00:00:09, Sys 0 00:00:01  -  Total Remote Usage
		Usr 0 00:00:00, Sys 0 00:00:00  -  Total Local Usage
	0  -  Run Bytes Sent By Job
	0  -  Run Bytes Received By Job
	0  -  Total Bytes Sent By Job
	0  -  Total Bytes Received By Job
	Partitionable Resources :    Usage  Request Allocated 
	   Cpus                 :     0.07        1         1 
	   Disk (KB)            :     1           1    129249 
	   Memory (MB)          :   179        3900      3968 

	Job terminated of its own accord at 2022-03-30T04:42:43Z.
...
005 (126810.017.000) 2022-03-30 13:42:43 Job terminated.
	(1) Normal termination (return value 0)
		Usr 0 00:00:09, Sys 0 00:00:01  -  Run Remote Usage
		Usr 0 00:00:00, Sys 0 00:00:00  -  Run Local Usage
		Usr 0 00:00:09, Sys 0 00:00:01  -  Total Remote Usage
		Usr 0 00:00:00, Sys 0 00:00:00  -  Total Local Usage
	0  -  Run Bytes Sent By Job
	0  -  Run Bytes Received By Job
	0  -  Total Bytes Sent By Job
	0  -  Total Bytes Received By Job
	Partitionable Resources :    Usage  Request Allocated 
	   Cpus                 :        0        1         1 
	   Disk (KB)            :        1        1    129249 
	   Memory (MB)          :      183     3900      3968 

	Job terminated of its own accord at 2022-03-30T04:42:43Z.
...
006 (126810.007.000) 2022-03-30 13:42:44 Image size of job updated: 689864
	177  -  MemoryUsage of job (MB)
	180960  -  ResidentSetSize of job (KB)
...
005 (126810.007.000) 2022-03-30 13:42:44 Job terminated.
	(1) Normal termination (return value 0)
		Usr 0 00:00:10, Sys 0 00:00:01  -  Run Remote Usage
		Usr 0 00:00:00, Sys 0 00:00:00  -  Run Local Usage
		Usr 0 00:00:10, Sys 0 00:00:01  -  Total Remote Usage
		Usr 0 00:00:00, Sys 0 00:00:00  -  Total Local Usage
	0  -  Run Bytes Sent By Job
	0  -  Run Bytes Received By Job
	0  -  Total Bytes Sent By Job
	0  -  Total Bytes Received By Job
	Partitionable Resources :    Usage  Request Allocated 
	   Cpus                 :     0.41        1         1 
	   Disk (KB)            :     1           1    129249 
	   Memory (MB)          :   177        3900      3968 

	Job terminated of its own accord at 2022-03-30T04:42:44Z.
...
006 (126810.010.000) 2022-03-30 13:42:44 Image size of job updated: 689828
	183  -  MemoryUsage of job (MB)
	186560  -  ResidentSetSize of job (KB)
...
005 (126810.010.000) 2022-03-30 13:42:44 Job terminated.
	(1) Normal termination (return value 0)
		Usr 0 00:00:10, Sys 0 00:00:01  -  Run Remote Usage
		Usr 0 00:00:00, Sys 0 00:00:00  -  Run Local Usage
		Usr 0 00:00:10, Sys 0 00:00:01  -  Total Remote Usage
		Usr 0 00:00:00, Sys 0 00:00:00  -  Total Local Usage
	0  -  Run Bytes Sent By Job
	0  -  Run Bytes Received By Job
	0  -  Total Bytes Sent By Job
	0  -  Total Bytes Received By Job
	Partitionable Resources :    Usage  Request Allocated 
	   Cpus                 :     0.02        1         1 
	   Disk (KB)            :     1           1    129249 
	   Memory (MB)          :   183        3900      3968 

	Job terminated of its own accord at 2022-03-30T04:42:44Z.
...
006 (126810.003.000) 2022-03-30 13:42:44 Image size of job updated: 689884
	177  -  MemoryUsage of job (MB)
	180972  -  ResidentSetSize of job (KB)
...
005 (126810.003.000) 2022-03-30 13:42:44 Job terminated.
	(1) Normal termination (return value 0)
		Usr 0 00:00:10, Sys 0 00:00:01  -  Run Remote Usage
		Usr 0 00:00:00, Sys 0 00:00:00  -  Run Local Usage
		Usr 0 00:00:10, Sys 0 00:00:01  -  Total Remote Usage
		Usr 0 00:00:00, Sys 0 00:00:00  -  Total Local Usage
	0  -  Run Bytes Sent By Job
	0  -  Run Bytes Received By Job
	0  -  Total Bytes Sent By Job
	0  -  Total Bytes Received By Job
	Partitionable Resources :    Usage  Request Allocated 
	   Cpus                 :     0.39        1         1 
	   Disk (KB)            :     1           1    129249 
	   Memory (MB)          :   177        3900      3968 

	Job terminated of its own accord at 2022-03-30T04:42:44Z.
...
006 (126810.013.000) 2022-03-30 13:42:44 Image size of job updated: 689756
	183  -  MemoryUsage of job (MB)
	186552  -  ResidentSetSize of job (KB)
...
006 (126810.008.000) 2022-03-30 13:42:44 Image size of job updated: 689620
	180  -  MemoryUsage of job (MB)
	183368  -  ResidentSetSize of job (KB)
...
005 (126810.008.000) 2022-03-30 13:42:44 Job terminated.
	(1) Normal termination (return value 0)
		Usr 0 00:00:10, Sys 0 00:00:01  -  Run Remote Usage
		Usr 0 00:00:00, Sys 0 00:00:00  -  Run Local Usage
		Usr 0 00:00:10, Sys 0 00:00:01  -  Total Remote Usage
		Usr 0 00:00:00, Sys 0 00:00:00  -  Total Local Usage
	0  -  Run Bytes Sent By Job
	0  -  Run Bytes Received By Job
	0  -  Total Bytes Sent By Job
	0  -  Total Bytes Received By Job
	Partitionable Resources :    Usage  Request Allocated 
	   Cpus                 :     0.02        1         1 
	   Disk (KB)            :     1           1    129249 
	   Memory (MB)          :   180        3900      3968 

	Job terminated of its own accord at 2022-03-30T04:42:44Z.
...
005 (126810.013.000) 2022-03-30 13:42:44 Job terminated.
	(1) Normal termination (return value 0)
		Usr 0 00:00:10, Sys 0 00:00:01  -  Run Remote Usage
		Usr 0 00:00:00, Sys 0 00:00:00  -  Run Local Usage
		Usr 0 00:00:10, Sys 0 00:00:01  -  Total Remote Usage
		Usr 0 00:00:00, Sys 0 00:00:00  -  Total Local Usage
	0  -  Run Bytes Sent By Job
	0  -  Run Bytes Received By Job
	0  -  Total Bytes Sent By Job
	0  -  Total Bytes Received By Job
	Partitionable Resources :    Usage  Request Allocated 
	   Cpus                 :     0.01        1         1 
	   Disk (KB)            :     1           1    129249 
	   Memory (MB)          :   183        3900      3968 

	Job terminated of its own accord at 2022-03-30T04:42:44Z.
...
006 (126810.014.000) 2022-03-30 13:42:45 Image size of job updated: 690072
	183  -  MemoryUsage of job (MB)
	186544  -  ResidentSetSize of job (KB)
...
005 (126810.014.000) 2022-03-30 13:42:45 Job terminated.
	(1) Normal termination (return value 0)
		Usr 0 00:00:11, Sys 0 00:00:01  -  Run Remote Usage
		Usr 0 00:00:00, Sys 0 00:00:00  -  Run Local Usage
		Usr 0 00:00:11, Sys 0 00:00:01  -  Total Remote Usage
		Usr 0 00:00:00, Sys 0 00:00:00  -  Total Local Usage
	0  -  Run Bytes Sent By Job
	0  -  Run Bytes Received By Job
	0  -  Total Bytes Sent By Job
	0  -  Total Bytes Received By Job
	Partitionable Resources :    Usage  Request Allocated 
	   Cpus                 :     0.01        1         1 
	   Disk (KB)            :     1           1    129249 
	   Memory (MB)          :   183        3900      3968 

	Job terminated of its own accord at 2022-03-30T04:42:45Z.
...
006 (126810.002.000) 2022-03-30 13:42:45 Image size of job updated: 689804
	183  -  MemoryUsage of job (MB)
	186548  -  ResidentSetSize of job (KB)
...
005 (126810.002.000) 2022-03-30 13:42:45 Job terminated.
	(1) Normal termination (return value 0)
		Usr 0 00:00:11, Sys 0 00:00:02  -  Run Remote Usage
		Usr 0 00:00:00, Sys 0 00:00:00  -  Run Local Usage
		Usr 0 00:00:11, Sys 0 00:00:02  -  Total Remote Usage
		Usr 0 00:00:00, Sys 0 00:00:00  -  Total Local Usage
	0  -  Run Bytes Sent By Job
	0  -  Run Bytes Received By Job
	0  -  Total Bytes Sent By Job
	0  -  Total Bytes Received By Job
	Partitionable Resources :    Usage  Request Allocated 
	   Cpus                 :     0.44        1         1 
	   Disk (KB)            :     1           1    129249 
	   Memory (MB)          :   183        3900      3968 

	Job terminated of its own accord at 2022-03-30T04:42:45Z.
...
006 (126810.012.000) 2022-03-30 13:42:46 Image size of job updated: 688032
	183  -  MemoryUsage of job (MB)
	186544  -  ResidentSetSize of job (KB)
...
005 (126810.012.000) 2022-03-30 13:42:46 Job terminated.
	(1) Normal termination (return value 0)
		Usr 0 00:00:12, Sys 0 00:00:01  -  Run Remote Usage
		Usr 0 00:00:00, Sys 0 00:00:00  -  Run Local Usage
		Usr 0 00:00:12, Sys 0 00:00:01  -  Total Remote Usage
		Usr 0 00:00:00, Sys 0 00:00:00  -  Total Local Usage
	0  -  Run Bytes Sent By Job
	0  -  Run Bytes Received By Job
	0  -  Total Bytes Sent By Job
	0  -  Total Bytes Received By Job
	Partitionable Resources :    Usage  Request Allocated 
	   Cpus                 :     0.01        1         1 
	   Disk (KB)            :     1           1    129249 
	   Memory (MB)          :   183        3900      3968 

	Job terminated of its own accord at 2022-03-30T04:42:46Z.
...
006 (126810.016.000) 2022-03-30 13:42:47 Image size of job updated: 646220
	183  -  MemoryUsage of job (MB)
	186528  -  ResidentSetSize of job (KB)
...
005 (126810.016.000) 2022-03-30 13:42:47 Job terminated.
	(1) Normal termination (return value 0)
		Usr 0 00:00:13, Sys 0 00:00:01  -  Run Remote Usage
		Usr 0 00:00:00, Sys 0 00:00:00  -  Run Local Usage
		Usr 0 00:00:13, Sys 0 00:00:01  -  Total Remote Usage
		Usr 0 00:00:00, Sys 0 00:00:00  -  Total Local Usage
	0  -  Run Bytes Sent By Job
	0  -  Run Bytes Received By Job
	0  -  Total Bytes Sent By Job
	0  -  Total Bytes Received By Job
	Partitionable Resources :    Usage  Request Allocated 
	   Cpus                 :     0.02        1         1 
	   Disk (KB)            :     1           1    129249 
	   Memory (MB)          :   183        3900      3968 

	Job terminated of its own accord at 2022-03-30T04:42:47Z.
...
006 (126810.009.000) 2022-03-30 13:42:50 Image size of job updated: 690484
	177  -  MemoryUsage of job (MB)
	181176  -  ResidentSetSize of job (KB)
...
005 (126810.009.000) 2022-03-30 13:42:50 Job terminated.
	(1) Normal termination (return value 0)
		Usr 0 00:00:16, Sys 0 00:00:01  -  Run Remote Usage
		Usr 0 00:00:00, Sys 0 00:00:00  -  Run Local Usage
		Usr 0 00:00:16, Sys 0 00:00:01  -  Total Remote Usage
		Usr 0 00:00:00, Sys 0 00:00:00  -  Total Local Usage
	0  -  Run Bytes Sent By Job
	0  -  Run Bytes Received By Job
	0  -  Total Bytes Sent By Job
	0  -  Total Bytes Received By Job
	Partitionable Resources :    Usage  Request Allocated 
	   Cpus                 :     0.04        1         1 
	   Disk (KB)            :     1           1    129249 
	   Memory (MB)          :   177        3900      3968 

	Job terminated of its own accord at 2022-03-30T04:42:50Z.
...
006 (126810.006.000) 2022-03-30 13:42:50 Image size of job updated: 691308
	183  -  MemoryUsage of job (MB)
	186548  -  ResidentSetSize of job (KB)
...
005 (126810.006.000) 2022-03-30 13:42:50 Job terminated.
	(1) Normal termination (return value 0)
		Usr 0 00:00:17, Sys 0 00:00:01  -  Run Remote Usage
		Usr 0 00:00:00, Sys 0 00:00:00  -  Run Local Usage
		Usr 0 00:00:17, Sys 0 00:00:01  -  Total Remote Usage
		Usr 0 00:00:00, Sys 0 00:00:00  -  Total Local Usage
	0  -  Run Bytes Sent By Job
	0  -  Run Bytes Received By Job
	0  -  Total Bytes Sent By Job
	0  -  Total Bytes Received By Job
	Partitionable Resources :    Usage  Request Allocated 
	   Cpus                 :     0.43        1         1 
	   Disk (KB)            :     1           1    129249 
	   Memory (MB)          :   183        3900      3968 

	Job terminated of its own accord at 2022-03-30T04:42:50Z.
...
006 (126810.004.000) 2022-03-30 13:43:12 Image size of job updated: 689880
	183  -  MemoryUsage of job (MB)
	186544  -  ResidentSetSize of job (KB)
...
005 (126810.004.000) 2022-03-30 13:43:12 Job terminated.
	(1) Normal termination (return value 0)
		Usr 0 00:00:38, Sys 0 00:00:02  -  Run Remote Usage
		Usr 0 00:00:00, Sys 0 00:00:00  -  Run Local Usage
		Usr 0 00:00:38, Sys 0 00:00:02  -  Total Remote Usage
		Usr 0 00:00:00, Sys 0 00:00:00  -  Total Local Usage
	0  -  Run Bytes Sent By Job
	0  -  Run Bytes Received By Job
	0  -  Total Bytes Sent By Job
	0  -  Total Bytes Received By Job
	Partitionable Resources :    Usage  Request Allocated 
	   Cpus                 :     0.41        1         1 
	   Disk (KB)            :     1           1    129249 
	   Memory (MB)          :   183        3900      3968 

	Job terminated of its own accord at 2022-03-30T04:43:12Z.
...
000 (127788.000.000) 2022-03-31 14:00:39 Job submitted from host: <172.30.1.200:9618?addrs=172.30.1.200-9618&alias=tamsa2.snu.ac.kr&noUDP&sock=schedd_3154_f5cb>
...
000 (127788.001.000) 2022-03-31 14:00:39 Job submitted from host: <172.30.1.200:9618?addrs=172.30.1.200-9618&alias=tamsa2.snu.ac.kr&noUDP&sock=schedd_3154_f5cb>
...
000 (127788.002.000) 2022-03-31 14:00:39 Job submitted from host: <172.30.1.200:9618?addrs=172.30.1.200-9618&alias=tamsa2.snu.ac.kr&noUDP&sock=schedd_3154_f5cb>
...
000 (127788.003.000) 2022-03-31 14:00:39 Job submitted from host: <172.30.1.200:9618?addrs=172.30.1.200-9618&alias=tamsa2.snu.ac.kr&noUDP&sock=schedd_3154_f5cb>
...
000 (127788.004.000) 2022-03-31 14:00:39 Job submitted from host: <172.30.1.200:9618?addrs=172.30.1.200-9618&alias=tamsa2.snu.ac.kr&noUDP&sock=schedd_3154_f5cb>
...
000 (127788.005.000) 2022-03-31 14:00:39 Job submitted from host: <172.30.1.200:9618?addrs=172.30.1.200-9618&alias=tamsa2.snu.ac.kr&noUDP&sock=schedd_3154_f5cb>
...
000 (127788.006.000) 2022-03-31 14:00:39 Job submitted from host: <172.30.1.200:9618?addrs=172.30.1.200-9618&alias=tamsa2.snu.ac.kr&noUDP&sock=schedd_3154_f5cb>
...
000 (127788.007.000) 2022-03-31 14:00:39 Job submitted from host: <172.30.1.200:9618?addrs=172.30.1.200-9618&alias=tamsa2.snu.ac.kr&noUDP&sock=schedd_3154_f5cb>
...
000 (127788.008.000) 2022-03-31 14:00:39 Job submitted from host: <172.30.1.200:9618?addrs=172.30.1.200-9618&alias=tamsa2.snu.ac.kr&noUDP&sock=schedd_3154_f5cb>
...
000 (127788.009.000) 2022-03-31 14:00:39 Job submitted from host: <172.30.1.200:9618?addrs=172.30.1.200-9618&alias=tamsa2.snu.ac.kr&noUDP&sock=schedd_3154_f5cb>
...
000 (127788.010.000) 2022-03-31 14:00:39 Job submitted from host: <172.30.1.200:9618?addrs=172.30.1.200-9618&alias=tamsa2.snu.ac.kr&noUDP&sock=schedd_3154_f5cb>
...
000 (127788.011.000) 2022-03-31 14:00:39 Job submitted from host: <172.30.1.200:9618?addrs=172.30.1.200-9618&alias=tamsa2.snu.ac.kr&noUDP&sock=schedd_3154_f5cb>
...
000 (127788.012.000) 2022-03-31 14:00:39 Job submitted from host: <172.30.1.200:9618?addrs=172.30.1.200-9618&alias=tamsa2.snu.ac.kr&noUDP&sock=schedd_3154_f5cb>
...
000 (127788.013.000) 2022-03-31 14:00:39 Job submitted from host: <172.30.1.200:9618?addrs=172.30.1.200-9618&alias=tamsa2.snu.ac.kr&noUDP&sock=schedd_3154_f5cb>
...
000 (127788.014.000) 2022-03-31 14:00:39 Job submitted from host: <172.30.1.200:9618?addrs=172.30.1.200-9618&alias=tamsa2.snu.ac.kr&noUDP&sock=schedd_3154_f5cb>
...
000 (127788.015.000) 2022-03-31 14:00:39 Job submitted from host: <172.30.1.200:9618?addrs=172.30.1.200-9618&alias=tamsa2.snu.ac.kr&noUDP&sock=schedd_3154_f5cb>
...
000 (127788.016.000) 2022-03-31 14:00:39 Job submitted from host: <172.30.1.200:9618?addrs=172.30.1.200-9618&alias=tamsa2.snu.ac.kr&noUDP&sock=schedd_3154_f5cb>
...
000 (127788.017.000) 2022-03-31 14:00:39 Job submitted from host: <172.30.1.200:9618?addrs=172.30.1.200-9618&alias=tamsa2.snu.ac.kr&noUDP&sock=schedd_3154_f5cb>
...
000 (127788.018.000) 2022-03-31 14:00:39 Job submitted from host: <172.30.1.200:9618?addrs=172.30.1.200-9618&alias=tamsa2.snu.ac.kr&noUDP&sock=schedd_3154_f5cb>
...
000 (127788.019.000) 2022-03-31 14:00:39 Job submitted from host: <172.30.1.200:9618?addrs=172.30.1.200-9618&alias=tamsa2.snu.ac.kr&noUDP&sock=schedd_3154_f5cb>
...
001 (127788.002.000) 2022-03-31 14:00:47 Job executing on host: <172.30.1.202:9618?addrs=172.30.1.202-9618&alias=node2&noUDP&sock=startd_3636_9271>
...
001 (127788.000.000) 2022-03-31 14:00:47 Job executing on host: <172.30.1.202:9618?addrs=172.30.1.202-9618&alias=node2&noUDP&sock=startd_3636_9271>
...
001 (127788.001.000) 2022-03-31 14:00:47 Job executing on host: <172.30.1.202:9618?addrs=172.30.1.202-9618&alias=node2&noUDP&sock=startd_3636_9271>
...
001 (127788.004.000) 2022-03-31 14:00:47 Job executing on host: <172.30.1.202:9618?addrs=172.30.1.202-9618&alias=node2&noUDP&sock=startd_3636_9271>
...
001 (127788.003.000) 2022-03-31 14:00:47 Job executing on host: <172.30.1.202:9618?addrs=172.30.1.202-9618&alias=node2&noUDP&sock=startd_3636_9271>
...
001 (127788.005.000) 2022-03-31 14:00:47 Job executing on host: <172.30.1.202:9618?addrs=172.30.1.202-9618&alias=node2&noUDP&sock=startd_3636_9271>
...
001 (127788.006.000) 2022-03-31 14:00:47 Job executing on host: <172.30.1.202:9618?addrs=172.30.1.202-9618&alias=node2&noUDP&sock=startd_3636_9271>
...
001 (127788.007.000) 2022-03-31 14:00:47 Job executing on host: <172.30.1.202:9618?addrs=172.30.1.202-9618&alias=node2&noUDP&sock=startd_3636_9271>
...
001 (127788.008.000) 2022-03-31 14:00:48 Job executing on host: <172.30.1.202:9618?addrs=172.30.1.202-9618&alias=node2&noUDP&sock=startd_3636_9271>
...
001 (127788.009.000) 2022-03-31 14:00:48 Job executing on host: <172.30.1.202:9618?addrs=172.30.1.202-9618&alias=node2&noUDP&sock=startd_3636_9271>
...
001 (127788.011.000) 2022-03-31 14:00:48 Job executing on host: <172.30.1.202:9618?addrs=172.30.1.202-9618&alias=node2&noUDP&sock=startd_3636_9271>
...
001 (127788.012.000) 2022-03-31 14:00:48 Job executing on host: <172.30.1.202:9618?addrs=172.30.1.202-9618&alias=node2&noUDP&sock=startd_3636_9271>
...
001 (127788.010.000) 2022-03-31 14:00:48 Job executing on host: <172.30.1.202:9618?addrs=172.30.1.202-9618&alias=node2&noUDP&sock=startd_3636_9271>
...
001 (127788.014.000) 2022-03-31 14:00:48 Job executing on host: <172.30.1.202:9618?addrs=172.30.1.202-9618&alias=node2&noUDP&sock=startd_3636_9271>
...
001 (127788.013.000) 2022-03-31 14:00:48 Job executing on host: <172.30.1.202:9618?addrs=172.30.1.202-9618&alias=node2&noUDP&sock=startd_3636_9271>
...
001 (127788.015.000) 2022-03-31 14:00:48 Job executing on host: <172.30.1.202:9618?addrs=172.30.1.202-9618&alias=node2&noUDP&sock=startd_3636_9271>
...
001 (127788.017.000) 2022-03-31 14:00:48 Job executing on host: <172.30.1.202:9618?addrs=172.30.1.202-9618&alias=node2&noUDP&sock=startd_3636_9271>
...
001 (127788.016.000) 2022-03-31 14:00:48 Job executing on host: <172.30.1.202:9618?addrs=172.30.1.202-9618&alias=node2&noUDP&sock=startd_3636_9271>
...
001 (127788.018.000) 2022-03-31 14:00:48 Job executing on host: <172.30.1.202:9618?addrs=172.30.1.202-9618&alias=node2&noUDP&sock=startd_3636_9271>
...
001 (127788.019.000) 2022-03-31 14:00:49 Job executing on host: <172.30.1.202:9618?addrs=172.30.1.202-9618&alias=node2&noUDP&sock=startd_3636_9271>
...
006 (127788.007.000) 2022-03-31 14:00:56 Image size of job updated: 185840
	177  -  MemoryUsage of job (MB)
	181072  -  ResidentSetSize of job (KB)
...
006 (127788.008.000) 2022-03-31 14:00:56 Image size of job updated: 185824
	177  -  MemoryUsage of job (MB)
	181076  -  ResidentSetSize of job (KB)
...
006 (127788.009.000) 2022-03-31 14:00:56 Image size of job updated: 185824
	178  -  MemoryUsage of job (MB)
	181680  -  ResidentSetSize of job (KB)
...
006 (127788.011.000) 2022-03-31 14:00:56 Image size of job updated: 186040
	182  -  MemoryUsage of job (MB)
	185476  -  ResidentSetSize of job (KB)
...
006 (127788.012.000) 2022-03-31 14:00:56 Image size of job updated: 185792
	182  -  MemoryUsage of job (MB)
	185388  -  ResidentSetSize of job (KB)
...
006 (127788.010.000) 2022-03-31 14:00:56 Image size of job updated: 187644
	183  -  MemoryUsage of job (MB)
	186640  -  ResidentSetSize of job (KB)
...
006 (127788.002.000) 2022-03-31 14:00:56 Image size of job updated: 202996
	182  -  MemoryUsage of job (MB)
	185528  -  ResidentSetSize of job (KB)
...
006 (127788.000.000) 2022-03-31 14:00:56 Image size of job updated: 203196
	182  -  MemoryUsage of job (MB)
	185912  -  ResidentSetSize of job (KB)
...
006 (127788.001.000) 2022-03-31 14:00:56 Image size of job updated: 202996
	182  -  MemoryUsage of job (MB)
	186276  -  ResidentSetSize of job (KB)
...
006 (127788.004.000) 2022-03-31 14:00:56 Image size of job updated: 187460
	183  -  MemoryUsage of job (MB)
	186632  -  ResidentSetSize of job (KB)
...
006 (127788.003.000) 2022-03-31 14:00:56 Image size of job updated: 186804
	183  -  MemoryUsage of job (MB)
	186644  -  ResidentSetSize of job (KB)
...
006 (127788.005.000) 2022-03-31 14:00:56 Image size of job updated: 186804
	183  -  MemoryUsage of job (MB)
	186628  -  ResidentSetSize of job (KB)
...
006 (127788.006.000) 2022-03-31 14:00:56 Image size of job updated: 187124
	183  -  MemoryUsage of job (MB)
	186616  -  ResidentSetSize of job (KB)
...
006 (127788.018.000) 2022-03-31 14:00:57 Image size of job updated: 193776
	183  -  MemoryUsage of job (MB)
	186644  -  ResidentSetSize of job (KB)
...
006 (127788.019.000) 2022-03-31 14:00:57 Image size of job updated: 194056
	183  -  MemoryUsage of job (MB)
	186624  -  ResidentSetSize of job (KB)
...
006 (127788.014.000) 2022-03-31 14:00:57 Image size of job updated: 188572
	183  -  MemoryUsage of job (MB)
	186636  -  ResidentSetSize of job (KB)
...
006 (127788.013.000) 2022-03-31 14:00:57 Image size of job updated: 187428
	183  -  MemoryUsage of job (MB)
	186644  -  ResidentSetSize of job (KB)
...
006 (127788.015.000) 2022-03-31 14:00:57 Image size of job updated: 190464
	183  -  MemoryUsage of job (MB)
	186652  -  ResidentSetSize of job (KB)
...
006 (127788.017.000) 2022-03-31 14:00:57 Image size of job updated: 187200
	183  -  MemoryUsage of job (MB)
	186644  -  ResidentSetSize of job (KB)
...
006 (127788.016.000) 2022-03-31 14:00:57 Image size of job updated: 196596
	183  -  MemoryUsage of job (MB)
	186652  -  ResidentSetSize of job (KB)
...
006 (127788.012.000) 2022-03-31 14:01:00 Image size of job updated: 689040
	182  -  MemoryUsage of job (MB)
	185392  -  ResidentSetSize of job (KB)
...
005 (127788.012.000) 2022-03-31 14:01:00 Job terminated.
	(1) Normal termination (return value 0)
		Usr 0 00:00:06, Sys 0 00:00:01  -  Run Remote Usage
		Usr 0 00:00:00, Sys 0 00:00:00  -  Run Local Usage
		Usr 0 00:00:06, Sys 0 00:00:01  -  Total Remote Usage
		Usr 0 00:00:00, Sys 0 00:00:00  -  Total Local Usage
	0  -  Run Bytes Sent By Job
	0  -  Run Bytes Received By Job
	0  -  Total Bytes Sent By Job
	0  -  Total Bytes Received By Job
	Partitionable Resources :    Usage  Request Allocated 
	   Cpus                 :                 1         1 
	   Disk (KB)            :        1        1    129249 
	   Memory (MB)          :      182     3900      3968 

	Job terminated of its own accord at 2022-03-31T05:01:00Z.
...
006 (127788.000.000) 2022-03-31 14:01:01 Image size of job updated: 689856
	182  -  MemoryUsage of job (MB)
	185912  -  ResidentSetSize of job (KB)
...
005 (127788.000.000) 2022-03-31 14:01:01 Job terminated.
	(1) Normal termination (return value 0)
		Usr 0 00:00:07, Sys 0 00:00:02  -  Run Remote Usage
		Usr 0 00:00:00, Sys 0 00:00:00  -  Run Local Usage
		Usr 0 00:00:07, Sys 0 00:00:02  -  Total Remote Usage
		Usr 0 00:00:00, Sys 0 00:00:00  -  Total Local Usage
	0  -  Run Bytes Sent By Job
	0  -  Run Bytes Received By Job
	0  -  Total Bytes Sent By Job
	0  -  Total Bytes Received By Job
	Partitionable Resources :    Usage  Request Allocated 
	   Cpus                 :                 1         1 
	   Disk (KB)            :        1        1    129249 
	   Memory (MB)          :      182     3900      3968 

	Job terminated of its own accord at 2022-03-31T05:01:01Z.
...
006 (127788.019.000) 2022-03-31 14:01:02 Image size of job updated: 690068
	183  -  MemoryUsage of job (MB)
	186624  -  ResidentSetSize of job (KB)
...
005 (127788.019.000) 2022-03-31 14:01:02 Job terminated.
	(1) Normal termination (return value 0)
		Usr 0 00:00:08, Sys 0 00:00:01  -  Run Remote Usage
		Usr 0 00:00:00, Sys 0 00:00:00  -  Run Local Usage
		Usr 0 00:00:08, Sys 0 00:00:01  -  Total Remote Usage
		Usr 0 00:00:00, Sys 0 00:00:00  -  Total Local Usage
	0  -  Run Bytes Sent By Job
	0  -  Run Bytes Received By Job
	0  -  Total Bytes Sent By Job
	0  -  Total Bytes Received By Job
	Partitionable Resources :    Usage  Request Allocated 
	   Cpus                 :                 1         1 
	   Disk (KB)            :        1        1    129249 
	   Memory (MB)          :      183     3900      3968 

	Job terminated of its own accord at 2022-03-31T05:01:02Z.
...
006 (127788.004.000) 2022-03-31 14:01:03 Image size of job updated: 690064
	183  -  MemoryUsage of job (MB)
	186632  -  ResidentSetSize of job (KB)
...
005 (127788.004.000) 2022-03-31 14:01:03 Job terminated.
	(1) Normal termination (return value 0)
		Usr 0 00:00:10, Sys 0 00:00:02  -  Run Remote Usage
		Usr 0 00:00:00, Sys 0 00:00:00  -  Run Local Usage
		Usr 0 00:00:10, Sys 0 00:00:02  -  Total Remote Usage
		Usr 0 00:00:00, Sys 0 00:00:00  -  Total Local Usage
	0  -  Run Bytes Sent By Job
	0  -  Run Bytes Received By Job
	0  -  Total Bytes Sent By Job
	0  -  Total Bytes Received By Job
	Partitionable Resources :    Usage  Request Allocated 
	   Cpus                 :                 1         1 
	   Disk (KB)            :        1        1    129249 
	   Memory (MB)          :      183     3900      3968 

	Job terminated of its own accord at 2022-03-31T05:01:03Z.
...
006 (127788.015.000) 2022-03-31 14:01:03 Image size of job updated: 686920
	183  -  MemoryUsage of job (MB)
	186652  -  ResidentSetSize of job (KB)
...
005 (127788.015.000) 2022-03-31 14:01:03 Job terminated.
	(1) Normal termination (return value 0)
		Usr 0 00:00:10, Sys 0 00:00:01  -  Run Remote Usage
		Usr 0 00:00:00, Sys 0 00:00:00  -  Run Local Usage
		Usr 0 00:00:10, Sys 0 00:00:01  -  Total Remote Usage
		Usr 0 00:00:00, Sys 0 00:00:00  -  Total Local Usage
	0  -  Run Bytes Sent By Job
	0  -  Run Bytes Received By Job
	0  -  Total Bytes Sent By Job
	0  -  Total Bytes Received By Job
	Partitionable Resources :    Usage  Request Allocated 
	   Cpus                 :                 1         1 
	   Disk (KB)            :        1        1    129249 
	   Memory (MB)          :      183     3900      3968 

	Job terminated of its own accord at 2022-03-31T05:01:03Z.
...
006 (127788.010.000) 2022-03-31 14:01:04 Image size of job updated: 690080
	183  -  MemoryUsage of job (MB)
	186640  -  ResidentSetSize of job (KB)
...
005 (127788.010.000) 2022-03-31 14:01:04 Job terminated.
	(1) Normal termination (return value 0)
		Usr 0 00:00:10, Sys 0 00:00:01  -  Run Remote Usage
		Usr 0 00:00:00, Sys 0 00:00:00  -  Run Local Usage
		Usr 0 00:00:10, Sys 0 00:00:01  -  Total Remote Usage
		Usr 0 00:00:00, Sys 0 00:00:00  -  Total Local Usage
	0  -  Run Bytes Sent By Job
	0  -  Run Bytes Received By Job
	0  -  Total Bytes Sent By Job
	0  -  Total Bytes Received By Job
	Partitionable Resources :    Usage  Request Allocated 
	   Cpus                 :                 1         1 
	   Disk (KB)            :        1        1    129249 
	   Memory (MB)          :      183     3900      3968 

	Job terminated of its own accord at 2022-03-31T05:01:04Z.
...
006 (127788.014.000) 2022-03-31 14:01:04 Image size of job updated: 689272
	183  -  MemoryUsage of job (MB)
	186636  -  ResidentSetSize of job (KB)
...
005 (127788.014.000) 2022-03-31 14:01:04 Job terminated.
	(1) Normal termination (return value 0)
		Usr 0 00:00:10, Sys 0 00:00:01  -  Run Remote Usage
		Usr 0 00:00:00, Sys 0 00:00:00  -  Run Local Usage
		Usr 0 00:00:10, Sys 0 00:00:01  -  Total Remote Usage
		Usr 0 00:00:00, Sys 0 00:00:00  -  Total Local Usage
	0  -  Run Bytes Sent By Job
	0  -  Run Bytes Received By Job
	0  -  Total Bytes Sent By Job
	0  -  Total Bytes Received By Job
	Partitionable Resources :    Usage  Request Allocated 
	   Cpus                 :                 1         1 
	   Disk (KB)            :        1        1    129249 
	   Memory (MB)          :      183     3900      3968 

	Job terminated of its own accord at 2022-03-31T05:01:04Z.
...
006 (127788.018.000) 2022-03-31 14:01:04 Image size of job updated: 690088
	183  -  MemoryUsage of job (MB)
	186644  -  ResidentSetSize of job (KB)
...
005 (127788.018.000) 2022-03-31 14:01:04 Job terminated.
	(1) Normal termination (return value 0)
		Usr 0 00:00:11, Sys 0 00:00:01  -  Run Remote Usage
		Usr 0 00:00:00, Sys 0 00:00:00  -  Run Local Usage
		Usr 0 00:00:11, Sys 0 00:00:01  -  Total Remote Usage
		Usr 0 00:00:00, Sys 0 00:00:00  -  Total Local Usage
	0  -  Run Bytes Sent By Job
	0  -  Run Bytes Received By Job
	0  -  Total Bytes Sent By Job
	0  -  Total Bytes Received By Job
	Partitionable Resources :    Usage  Request Allocated 
	   Cpus                 :                 1         1 
	   Disk (KB)            :        1        1    129249 
	   Memory (MB)          :      183     3900      3968 

	Job terminated of its own accord at 2022-03-31T05:01:04Z.
...
006 (127788.008.000) 2022-03-31 14:01:05 Image size of job updated: 690380
	177  -  MemoryUsage of job (MB)
	181076  -  ResidentSetSize of job (KB)
...
006 (127788.013.000) 2022-03-31 14:01:05 Image size of job updated: 690076
	183  -  MemoryUsage of job (MB)
	186644  -  ResidentSetSize of job (KB)
...
006 (127788.002.000) 2022-03-31 14:01:05 Image size of job updated: 689856
	182  -  MemoryUsage of job (MB)
	185528  -  ResidentSetSize of job (KB)
...
006 (127788.011.000) 2022-03-31 14:01:06 Image size of job updated: 690240
	182  -  MemoryUsage of job (MB)
	185476  -  ResidentSetSize of job (KB)
...
005 (127788.008.000) 2022-03-31 14:01:06 Job terminated.
	(1) Normal termination (return value 0)
		Usr 0 00:00:11, Sys 0 00:00:01  -  Run Remote Usage
		Usr 0 00:00:00, Sys 0 00:00:00  -  Run Local Usage
		Usr 0 00:00:11, Sys 0 00:00:01  -  Total Remote Usage
		Usr 0 00:00:00, Sys 0 00:00:00  -  Total Local Usage
	0  -  Run Bytes Sent By Job
	0  -  Run Bytes Received By Job
	0  -  Total Bytes Sent By Job
	0  -  Total Bytes Received By Job
	Partitionable Resources :    Usage  Request Allocated 
	   Cpus                 :                 1         1 
	   Disk (KB)            :        1        1    129249 
	   Memory (MB)          :      177     3900      3968 

	Job terminated of its own accord at 2022-03-31T05:01:05Z.
...
005 (127788.013.000) 2022-03-31 14:01:06 Job terminated.
	(1) Normal termination (return value 0)
		Usr 0 00:00:11, Sys 0 00:00:01  -  Run Remote Usage
		Usr 0 00:00:00, Sys 0 00:00:00  -  Run Local Usage
		Usr 0 00:00:11, Sys 0 00:00:01  -  Total Remote Usage
		Usr 0 00:00:00, Sys 0 00:00:00  -  Total Local Usage
	0  -  Run Bytes Sent By Job
	0  -  Run Bytes Received By Job
	0  -  Total Bytes Sent By Job
	0  -  Total Bytes Received By Job
	Partitionable Resources :    Usage  Request Allocated 
	   Cpus                 :                 1         1 
	   Disk (KB)            :        1        1    129249 
	   Memory (MB)          :      183     3900      3968 

	Job terminated of its own accord at 2022-03-31T05:01:05Z.
...
006 (127788.001.000) 2022-03-31 14:01:06 Image size of job updated: 690420
	182  -  MemoryUsage of job (MB)
	186312  -  ResidentSetSize of job (KB)
...
005 (127788.002.000) 2022-03-31 14:01:06 Job terminated.
	(1) Normal termination (return value 0)
		Usr 0 00:00:12, Sys 0 00:00:02  -  Run Remote Usage
		Usr 0 00:00:00, Sys 0 00:00:00  -  Run Local Usage
		Usr 0 00:00:12, Sys 0 00:00:02  -  Total Remote Usage
		Usr 0 00:00:00, Sys 0 00:00:00  -  Total Local Usage
	0  -  Run Bytes Sent By Job
	0  -  Run Bytes Received By Job
	0  -  Total Bytes Sent By Job
	0  -  Total Bytes Received By Job
	Partitionable Resources :    Usage  Request Allocated 
	   Cpus                 :                 1         1 
	   Disk (KB)            :        1        1    129249 
	   Memory (MB)          :      182     3900      3968 

	Job terminated of its own accord at 2022-03-31T05:01:05Z.
...
005 (127788.011.000) 2022-03-31 14:01:06 Job terminated.
	(1) Normal termination (return value 0)
		Usr 0 00:00:12, Sys 0 00:00:01  -  Run Remote Usage
		Usr 0 00:00:00, Sys 0 00:00:00  -  Run Local Usage
		Usr 0 00:00:12, Sys 0 00:00:01  -  Total Remote Usage
		Usr 0 00:00:00, Sys 0 00:00:00  -  Total Local Usage
	0  -  Run Bytes Sent By Job
	0  -  Run Bytes Received By Job
	0  -  Total Bytes Sent By Job
	0  -  Total Bytes Received By Job
	Partitionable Resources :    Usage  Request Allocated 
	   Cpus                 :                 1         1 
	   Disk (KB)            :        1        1    129249 
	   Memory (MB)          :      182     3900      3968 

	Job terminated of its own accord at 2022-03-31T05:01:06Z.
...
005 (127788.001.000) 2022-03-31 14:01:06 Job terminated.
	(1) Normal termination (return value 0)
		Usr 0 00:00:12, Sys 0 00:00:02  -  Run Remote Usage
		Usr 0 00:00:00, Sys 0 00:00:00  -  Run Local Usage
		Usr 0 00:00:12, Sys 0 00:00:02  -  Total Remote Usage
		Usr 0 00:00:00, Sys 0 00:00:00  -  Total Local Usage
	0  -  Run Bytes Sent By Job
	0  -  Run Bytes Received By Job
	0  -  Total Bytes Sent By Job
	0  -  Total Bytes Received By Job
	Partitionable Resources :    Usage  Request Allocated 
	   Cpus                 :                 1         1 
	   Disk (KB)            :        1        1    129249 
	   Memory (MB)          :      182     3900      3968 

	Job terminated of its own accord at 2022-03-31T05:01:06Z.
...
006 (127788.016.000) 2022-03-31 14:01:06 Image size of job updated: 690084
	183  -  MemoryUsage of job (MB)
	186652  -  ResidentSetSize of job (KB)
...
005 (127788.016.000) 2022-03-31 14:01:06 Job terminated.
	(1) Normal termination (return value 0)
		Usr 0 00:00:13, Sys 0 00:00:01  -  Run Remote Usage
		Usr 0 00:00:00, Sys 0 00:00:00  -  Run Local Usage
		Usr 0 00:00:13, Sys 0 00:00:01  -  Total Remote Usage
		Usr 0 00:00:00, Sys 0 00:00:00  -  Total Local Usage
	0  -  Run Bytes Sent By Job
	0  -  Run Bytes Received By Job
	0  -  Total Bytes Sent By Job
	0  -  Total Bytes Received By Job
	Partitionable Resources :    Usage  Request Allocated 
	   Cpus                 :                 1         1 
	   Disk (KB)            :        1        1    129249 
	   Memory (MB)          :      183     3900      3968 

	Job terminated of its own accord at 2022-03-31T05:01:06Z.
...
006 (127788.009.000) 2022-03-31 14:01:09 Image size of job updated: 689848
	178  -  MemoryUsage of job (MB)
	181680  -  ResidentSetSize of job (KB)
...
005 (127788.009.000) 2022-03-31 14:01:09 Job terminated.
	(1) Normal termination (return value 0)
		Usr 0 00:00:15, Sys 0 00:00:01  -  Run Remote Usage
		Usr 0 00:00:00, Sys 0 00:00:00  -  Run Local Usage
		Usr 0 00:00:15, Sys 0 00:00:01  -  Total Remote Usage
		Usr 0 00:00:00, Sys 0 00:00:00  -  Total Local Usage
	0  -  Run Bytes Sent By Job
	0  -  Run Bytes Received By Job
	0  -  Total Bytes Sent By Job
	0  -  Total Bytes Received By Job
	Partitionable Resources :    Usage  Request Allocated 
	   Cpus                 :                 1         1 
	   Disk (KB)            :        1        1    129249 
	   Memory (MB)          :      178     3900      3968 

	Job terminated of its own accord at 2022-03-31T05:01:09Z.
...
006 (127788.007.000) 2022-03-31 14:01:10 Image size of job updated: 690176
	177  -  MemoryUsage of job (MB)
	181072  -  ResidentSetSize of job (KB)
...
005 (127788.007.000) 2022-03-31 14:01:10 Job terminated.
	(1) Normal termination (return value 0)
		Usr 0 00:00:16, Sys 0 00:00:02  -  Run Remote Usage
		Usr 0 00:00:00, Sys 0 00:00:00  -  Run Local Usage
		Usr 0 00:00:16, Sys 0 00:00:02  -  Total Remote Usage
		Usr 0 00:00:00, Sys 0 00:00:00  -  Total Local Usage
	0  -  Run Bytes Sent By Job
	0  -  Run Bytes Received By Job
	0  -  Total Bytes Sent By Job
	0  -  Total Bytes Received By Job
	Partitionable Resources :    Usage  Request Allocated 
	   Cpus                 :                 1         1 
	   Disk (KB)            :        1        1    129249 
	   Memory (MB)          :      177     3900      3968 

	Job terminated of its own accord at 2022-03-31T05:01:10Z.
...
006 (127788.005.000) 2022-03-31 14:01:10 Image size of job updated: 690272
	183  -  MemoryUsage of job (MB)
	186628  -  ResidentSetSize of job (KB)
...
005 (127788.005.000) 2022-03-31 14:01:10 Job terminated.
	(1) Normal termination (return value 0)
		Usr 0 00:00:16, Sys 0 00:00:02  -  Run Remote Usage
		Usr 0 00:00:00, Sys 0 00:00:00  -  Run Local Usage
		Usr 0 00:00:16, Sys 0 00:00:02  -  Total Remote Usage
		Usr 0 00:00:00, Sys 0 00:00:00  -  Total Local Usage
	0  -  Run Bytes Sent By Job
	0  -  Run Bytes Received By Job
	0  -  Total Bytes Sent By Job
	0  -  Total Bytes Received By Job
	Partitionable Resources :    Usage  Request Allocated 
	   Cpus                 :                 1         1 
	   Disk (KB)            :        1        1    129249 
	   Memory (MB)          :      183     3900      3968 

	Job terminated of its own accord at 2022-03-31T05:01:10Z.
...
006 (127788.017.000) 2022-03-31 14:01:12 Image size of job updated: 670548
	183  -  MemoryUsage of job (MB)
	186644  -  ResidentSetSize of job (KB)
...
005 (127788.017.000) 2022-03-31 14:01:12 Job terminated.
	(1) Normal termination (return value 0)
		Usr 0 00:00:15, Sys 0 00:00:02  -  Run Remote Usage
		Usr 0 00:00:00, Sys 0 00:00:00  -  Run Local Usage
		Usr 0 00:00:15, Sys 0 00:00:02  -  Total Remote Usage
		Usr 0 00:00:00, Sys 0 00:00:00  -  Total Local Usage
	0  -  Run Bytes Sent By Job
	0  -  Run Bytes Received By Job
	0  -  Total Bytes Sent By Job
	0  -  Total Bytes Received By Job
	Partitionable Resources :    Usage  Request Allocated 
	   Cpus                 :                 1         1 
	   Disk (KB)            :        1        1    129249 
	   Memory (MB)          :      183     3900      3968 

	Job terminated of its own accord at 2022-03-31T05:01:12Z.
...
006 (127788.006.000) 2022-03-31 14:01:15 Image size of job updated: 692024
	183  -  MemoryUsage of job (MB)
	186616  -  ResidentSetSize of job (KB)
...
005 (127788.006.000) 2022-03-31 14:01:15 Job terminated.
	(1) Normal termination (return value 0)
		Usr 0 00:00:18, Sys 0 00:00:03  -  Run Remote Usage
		Usr 0 00:00:00, Sys 0 00:00:00  -  Run Local Usage
		Usr 0 00:00:18, Sys 0 00:00:03  -  Total Remote Usage
		Usr 0 00:00:00, Sys 0 00:00:00  -  Total Local Usage
	0  -  Run Bytes Sent By Job
	0  -  Run Bytes Received By Job
	0  -  Total Bytes Sent By Job
	0  -  Total Bytes Received By Job
	Partitionable Resources :    Usage  Request Allocated 
	   Cpus                 :                 1         1 
	   Disk (KB)            :        1        1    129249 
	   Memory (MB)          :      183     3900      3968 

	Job terminated of its own accord at 2022-03-31T05:01:15Z.
...
006 (127788.003.000) 2022-03-31 14:01:45 Image size of job updated: 690412
	183  -  MemoryUsage of job (MB)
	186644  -  ResidentSetSize of job (KB)
...
005 (127788.003.000) 2022-03-31 14:01:45 Job terminated.
	(1) Normal termination (return value 0)
		Usr 0 00:00:51, Sys 0 00:00:02  -  Run Remote Usage
		Usr 0 00:00:00, Sys 0 00:00:00  -  Run Local Usage
		Usr 0 00:00:51, Sys 0 00:00:02  -  Total Remote Usage
		Usr 0 00:00:00, Sys 0 00:00:00  -  Total Local Usage
	0  -  Run Bytes Sent By Job
	0  -  Run Bytes Received By Job
	0  -  Total Bytes Sent By Job
	0  -  Total Bytes Received By Job
	Partitionable Resources :    Usage  Request Allocated 
	   Cpus                 :                 1         1 
	   Disk (KB)            :        1        1    129249 
	   Memory (MB)          :      183     3900      3968 

	Job terminated of its own accord at 2022-03-31T05:01:45Z.
...
000 (127884.000.000) 2022-03-31 15:17:43 Job submitted from host: <172.30.1.200:9618?addrs=172.30.1.200-9618&alias=tamsa2.snu.ac.kr&noUDP&sock=schedd_3154_f5cb>
...
000 (127884.001.000) 2022-03-31 15:17:43 Job submitted from host: <172.30.1.200:9618?addrs=172.30.1.200-9618&alias=tamsa2.snu.ac.kr&noUDP&sock=schedd_3154_f5cb>
...
000 (127884.002.000) 2022-03-31 15:17:43 Job submitted from host: <172.30.1.200:9618?addrs=172.30.1.200-9618&alias=tamsa2.snu.ac.kr&noUDP&sock=schedd_3154_f5cb>
...
000 (127884.003.000) 2022-03-31 15:17:43 Job submitted from host: <172.30.1.200:9618?addrs=172.30.1.200-9618&alias=tamsa2.snu.ac.kr&noUDP&sock=schedd_3154_f5cb>
...
000 (127884.004.000) 2022-03-31 15:17:43 Job submitted from host: <172.30.1.200:9618?addrs=172.30.1.200-9618&alias=tamsa2.snu.ac.kr&noUDP&sock=schedd_3154_f5cb>
...
000 (127884.005.000) 2022-03-31 15:17:43 Job submitted from host: <172.30.1.200:9618?addrs=172.30.1.200-9618&alias=tamsa2.snu.ac.kr&noUDP&sock=schedd_3154_f5cb>
...
000 (127884.006.000) 2022-03-31 15:17:43 Job submitted from host: <172.30.1.200:9618?addrs=172.30.1.200-9618&alias=tamsa2.snu.ac.kr&noUDP&sock=schedd_3154_f5cb>
...
000 (127884.007.000) 2022-03-31 15:17:43 Job submitted from host: <172.30.1.200:9618?addrs=172.30.1.200-9618&alias=tamsa2.snu.ac.kr&noUDP&sock=schedd_3154_f5cb>
...
000 (127884.008.000) 2022-03-31 15:17:43 Job submitted from host: <172.30.1.200:9618?addrs=172.30.1.200-9618&alias=tamsa2.snu.ac.kr&noUDP&sock=schedd_3154_f5cb>
...
000 (127884.009.000) 2022-03-31 15:17:43 Job submitted from host: <172.30.1.200:9618?addrs=172.30.1.200-9618&alias=tamsa2.snu.ac.kr&noUDP&sock=schedd_3154_f5cb>
...
000 (127884.010.000) 2022-03-31 15:17:43 Job submitted from host: <172.30.1.200:9618?addrs=172.30.1.200-9618&alias=tamsa2.snu.ac.kr&noUDP&sock=schedd_3154_f5cb>
...
000 (127884.011.000) 2022-03-31 15:17:43 Job submitted from host: <172.30.1.200:9618?addrs=172.30.1.200-9618&alias=tamsa2.snu.ac.kr&noUDP&sock=schedd_3154_f5cb>
...
000 (127884.012.000) 2022-03-31 15:17:43 Job submitted from host: <172.30.1.200:9618?addrs=172.30.1.200-9618&alias=tamsa2.snu.ac.kr&noUDP&sock=schedd_3154_f5cb>
...
000 (127884.013.000) 2022-03-31 15:17:43 Job submitted from host: <172.30.1.200:9618?addrs=172.30.1.200-9618&alias=tamsa2.snu.ac.kr&noUDP&sock=schedd_3154_f5cb>
...
000 (127884.014.000) 2022-03-31 15:17:43 Job submitted from host: <172.30.1.200:9618?addrs=172.30.1.200-9618&alias=tamsa2.snu.ac.kr&noUDP&sock=schedd_3154_f5cb>
...
000 (127884.015.000) 2022-03-31 15:17:43 Job submitted from host: <172.30.1.200:9618?addrs=172.30.1.200-9618&alias=tamsa2.snu.ac.kr&noUDP&sock=schedd_3154_f5cb>
...
000 (127884.016.000) 2022-03-31 15:17:43 Job submitted from host: <172.30.1.200:9618?addrs=172.30.1.200-9618&alias=tamsa2.snu.ac.kr&noUDP&sock=schedd_3154_f5cb>
...
000 (127884.017.000) 2022-03-31 15:17:43 Job submitted from host: <172.30.1.200:9618?addrs=172.30.1.200-9618&alias=tamsa2.snu.ac.kr&noUDP&sock=schedd_3154_f5cb>
...
000 (127884.018.000) 2022-03-31 15:17:43 Job submitted from host: <172.30.1.200:9618?addrs=172.30.1.200-9618&alias=tamsa2.snu.ac.kr&noUDP&sock=schedd_3154_f5cb>
...
000 (127884.019.000) 2022-03-31 15:17:43 Job submitted from host: <172.30.1.200:9618?addrs=172.30.1.200-9618&alias=tamsa2.snu.ac.kr&noUDP&sock=schedd_3154_f5cb>
...
001 (127884.000.000) 2022-03-31 15:18:05 Job executing on host: <172.30.1.202:9618?addrs=172.30.1.202-9618&alias=node2&noUDP&sock=startd_3636_9271>
...
001 (127884.003.000) 2022-03-31 15:18:05 Job executing on host: <172.30.1.203:9618?addrs=172.30.1.203-9618&alias=node3&noUDP&sock=startd_3597_d240>
...
001 (127884.001.000) 2022-03-31 15:18:05 Job executing on host: <172.30.1.202:9618?addrs=172.30.1.202-9618&alias=node2&noUDP&sock=startd_3636_9271>
...
001 (127884.005.000) 2022-03-31 15:18:05 Job executing on host: <172.30.1.207:9618?addrs=172.30.1.207-9618&alias=node7&noUDP&sock=startd_3626_b67f>
...
001 (127884.009.000) 2022-03-31 15:18:05 Job executing on host: <172.30.1.208:9618?addrs=172.30.1.208-9618&alias=node8&noUDP&sock=startd_32564_c61f>
...
001 (127884.004.000) 2022-03-31 15:18:05 Job executing on host: <172.30.1.203:9618?addrs=172.30.1.203-9618&alias=node3&noUDP&sock=startd_3597_d240>
...
001 (127884.010.000) 2022-03-31 15:18:05 Job executing on host: <172.30.1.208:9618?addrs=172.30.1.208-9618&alias=node8&noUDP&sock=startd_32564_c61f>
...
001 (127884.006.000) 2022-03-31 15:18:05 Job executing on host: <172.30.1.207:9618?addrs=172.30.1.207-9618&alias=node7&noUDP&sock=startd_3626_b67f>
...
001 (127884.011.000) 2022-03-31 15:18:05 Job executing on host: <172.30.1.208:9618?addrs=172.30.1.208-9618&alias=node8&noUDP&sock=startd_32564_c61f>
...
001 (127884.012.000) 2022-03-31 15:18:05 Job executing on host: <172.30.1.208:9618?addrs=172.30.1.208-9618&alias=node8&noUDP&sock=startd_32564_c61f>
...
001 (127884.007.000) 2022-03-31 15:18:05 Job executing on host: <172.30.1.207:9618?addrs=172.30.1.207-9618&alias=node7&noUDP&sock=startd_3626_b67f>
...
001 (127884.013.000) 2022-03-31 15:18:05 Job executing on host: <172.30.1.208:9618?addrs=172.30.1.208-9618&alias=node8&noUDP&sock=startd_32564_c61f>
...
001 (127884.008.000) 2022-03-31 15:18:05 Job executing on host: <172.30.1.207:9618?addrs=172.30.1.207-9618&alias=node7&noUDP&sock=startd_3626_b67f>
...
001 (127884.014.000) 2022-03-31 15:18:05 Job executing on host: <172.30.1.208:9618?addrs=172.30.1.208-9618&alias=node8&noUDP&sock=startd_32564_c61f>
...
001 (127884.015.000) 2022-03-31 15:18:05 Job executing on host: <172.30.1.208:9618?addrs=172.30.1.208-9618&alias=node8&noUDP&sock=startd_32564_c61f>
...
001 (127884.016.000) 2022-03-31 15:18:05 Job executing on host: <172.30.1.208:9618?addrs=172.30.1.208-9618&alias=node8&noUDP&sock=startd_32564_c61f>
...
001 (127884.017.000) 2022-03-31 15:18:05 Job executing on host: <172.30.1.208:9618?addrs=172.30.1.208-9618&alias=node8&noUDP&sock=startd_32564_c61f>
...
001 (127884.018.000) 2022-03-31 15:18:05 Job executing on host: <172.30.1.208:9618?addrs=172.30.1.208-9618&alias=node8&noUDP&sock=startd_32564_c61f>
...
001 (127884.019.000) 2022-03-31 15:18:05 Job executing on host: <172.30.1.208:9618?addrs=172.30.1.208-9618&alias=node8&noUDP&sock=startd_32564_c61f>
...
001 (127884.002.000) 2022-03-31 15:18:05 Job executing on host: <172.30.1.202:9618?addrs=172.30.1.202-9618&alias=node2&noUDP&sock=startd_3636_9271>
...
006 (127884.000.000) 2022-03-31 15:18:13 Image size of job updated: 648284
	185  -  MemoryUsage of job (MB)
	189220  -  ResidentSetSize of job (KB)
...
006 (127884.003.000) 2022-03-31 15:18:13 Image size of job updated: 378072
	90  -  MemoryUsage of job (MB)
	91736  -  ResidentSetSize of job (KB)
...
006 (127884.009.000) 2022-03-31 15:18:13 Image size of job updated: 499772
	132  -  MemoryUsage of job (MB)
	134504  -  ResidentSetSize of job (KB)
...
006 (127884.005.000) 2022-03-31 15:18:13 Image size of job updated: 272672
	133  -  MemoryUsage of job (MB)
	135192  -  ResidentSetSize of job (KB)
...
006 (127884.019.000) 2022-03-31 15:18:14 Image size of job updated: 499772
	139  -  MemoryUsage of job (MB)
	142008  -  ResidentSetSize of job (KB)
...
006 (127884.002.000) 2022-03-31 15:18:14 Image size of job updated: 648260
	185  -  MemoryUsage of job (MB)
	189036  -  ResidentSetSize of job (KB)
...
006 (127884.004.000) 2022-03-31 15:18:14 Image size of job updated: 377556
	123  -  MemoryUsage of job (MB)
	124956  -  ResidentSetSize of job (KB)
...
006 (127884.010.000) 2022-03-31 15:18:14 Image size of job updated: 498404
	147  -  MemoryUsage of job (MB)
	150500  -  ResidentSetSize of job (KB)
...
006 (127884.011.000) 2022-03-31 15:18:14 Image size of job updated: 499772
	149  -  MemoryUsage of job (MB)
	152240  -  ResidentSetSize of job (KB)
...
006 (127884.006.000) 2022-03-31 15:18:14 Image size of job updated: 273040
	165  -  MemoryUsage of job (MB)
	168628  -  ResidentSetSize of job (KB)
...
006 (127884.012.000) 2022-03-31 15:18:14 Image size of job updated: 499772
	149  -  MemoryUsage of job (MB)
	151872  -  ResidentSetSize of job (KB)
...
006 (127884.007.000) 2022-03-31 15:18:14 Image size of job updated: 273040
	169  -  MemoryUsage of job (MB)
	172848  -  ResidentSetSize of job (KB)
...
006 (127884.013.000) 2022-03-31 15:18:14 Image size of job updated: 482556
	147  -  MemoryUsage of job (MB)
	149520  -  ResidentSetSize of job (KB)
...
006 (127884.001.000) 2022-03-31 15:18:14 Image size of job updated: 648288
	186  -  MemoryUsage of job (MB)
	189512  -  ResidentSetSize of job (KB)
...
006 (127884.008.000) 2022-03-31 15:18:14 Image size of job updated: 272672
	170  -  MemoryUsage of job (MB)
	173748  -  ResidentSetSize of job (KB)
...
006 (127884.014.000) 2022-03-31 15:18:14 Image size of job updated: 499772
	149  -  MemoryUsage of job (MB)
	152248  -  ResidentSetSize of job (KB)
...
006 (127884.015.000) 2022-03-31 15:18:14 Image size of job updated: 499772
	151  -  MemoryUsage of job (MB)
	154072  -  ResidentSetSize of job (KB)
...
006 (127884.016.000) 2022-03-31 15:18:14 Image size of job updated: 498404
	151  -  MemoryUsage of job (MB)
	154032  -  ResidentSetSize of job (KB)
...
006 (127884.017.000) 2022-03-31 15:18:14 Image size of job updated: 498272
	149  -  MemoryUsage of job (MB)
	152240  -  ResidentSetSize of job (KB)
...
006 (127884.018.000) 2022-03-31 15:18:14 Image size of job updated: 499772
	149  -  MemoryUsage of job (MB)
	152240  -  ResidentSetSize of job (KB)
...
006 (127884.000.000) 2022-03-31 15:18:22 Image size of job updated: 692232
	185  -  MemoryUsage of job (MB)
	189220  -  ResidentSetSize of job (KB)
...
005 (127884.000.000) 2022-03-31 15:18:22 Job terminated.
	(1) Normal termination (return value 0)
		Usr 0 00:00:13, Sys 0 00:00:02  -  Run Remote Usage
		Usr 0 00:00:00, Sys 0 00:00:00  -  Run Local Usage
		Usr 0 00:00:13, Sys 0 00:00:02  -  Total Remote Usage
		Usr 0 00:00:00, Sys 0 00:00:00  -  Total Local Usage
	0  -  Run Bytes Sent By Job
	0  -  Run Bytes Received By Job
	0  -  Total Bytes Sent By Job
	0  -  Total Bytes Received By Job
	Partitionable Resources :    Usage  Request Allocated 
	   Cpus                 :                 1         1 
	   Disk (KB)            :        1        1    129249 
	   Memory (MB)          :      185     3900      3968 

	Job terminated of its own accord at 2022-03-31T06:18:22Z.
...
006 (127884.002.000) 2022-03-31 15:18:22 Image size of job updated: 692280
	185  -  MemoryUsage of job (MB)
	189036  -  ResidentSetSize of job (KB)
...
005 (127884.002.000) 2022-03-31 15:18:22 Job terminated.
	(1) Normal termination (return value 0)
		Usr 0 00:00:12, Sys 0 00:00:02  -  Run Remote Usage
		Usr 0 00:00:00, Sys 0 00:00:00  -  Run Local Usage
		Usr 0 00:00:12, Sys 0 00:00:02  -  Total Remote Usage
		Usr 0 00:00:00, Sys 0 00:00:00  -  Total Local Usage
	0  -  Run Bytes Sent By Job
	0  -  Run Bytes Received By Job
	0  -  Total Bytes Sent By Job
	0  -  Total Bytes Received By Job
	Partitionable Resources :    Usage  Request Allocated 
	   Cpus                 :                 1         1 
	   Disk (KB)            :        1        1    129249 
	   Memory (MB)          :      185     3900      3968 

	Job terminated of its own accord at 2022-03-31T06:18:22Z.
...
006 (127884.015.000) 2022-03-31 15:18:27 Image size of job updated: 691996
	151  -  MemoryUsage of job (MB)
	154072  -  ResidentSetSize of job (KB)
...
006 (127884.009.000) 2022-03-31 15:18:27 Image size of job updated: 692128
	132  -  MemoryUsage of job (MB)
	134504  -  ResidentSetSize of job (KB)
...
005 (127884.015.000) 2022-03-31 15:18:27 Job terminated.
	(1) Normal termination (return value 0)
		Usr 0 00:00:12, Sys 0 00:00:02  -  Run Remote Usage
		Usr 0 00:00:00, Sys 0 00:00:00  -  Run Local Usage
		Usr 0 00:00:12, Sys 0 00:00:02  -  Total Remote Usage
		Usr 0 00:00:00, Sys 0 00:00:00  -  Total Local Usage
	0  -  Run Bytes Sent By Job
	0  -  Run Bytes Received By Job
	0  -  Total Bytes Sent By Job
	0  -  Total Bytes Received By Job
	Partitionable Resources :    Usage  Request Allocated 
	   Cpus                 :     0.48        1         1 
	   Disk (KB)            :     1           1    121125 
	   Memory (MB)          :   151        3900      3968 

	Job terminated of its own accord at 2022-03-31T06:18:27Z.
...
005 (127884.009.000) 2022-03-31 15:18:27 Job terminated.
	(1) Normal termination (return value 0)
		Usr 0 00:00:12, Sys 0 00:00:02  -  Run Remote Usage
		Usr 0 00:00:00, Sys 0 00:00:00  -  Run Local Usage
		Usr 0 00:00:12, Sys 0 00:00:02  -  Total Remote Usage
		Usr 0 00:00:00, Sys 0 00:00:00  -  Total Local Usage
	0  -  Run Bytes Sent By Job
	0  -  Run Bytes Received By Job
	0  -  Total Bytes Sent By Job
	0  -  Total Bytes Received By Job
	Partitionable Resources :    Usage  Request Allocated 
	   Cpus                 :     0.51        1         1 
	   Disk (KB)            :     1           1    121125 
	   Memory (MB)          :   132        3900      3968 

	Job terminated of its own accord at 2022-03-31T06:18:27Z.
...
006 (127884.011.000) 2022-03-31 15:18:27 Image size of job updated: 692172
	149  -  MemoryUsage of job (MB)
	152240  -  ResidentSetSize of job (KB)
...
005 (127884.011.000) 2022-03-31 15:18:27 Job terminated.
	(1) Normal termination (return value 0)
		Usr 0 00:00:12, Sys 0 00:00:02  -  Run Remote Usage
		Usr 0 00:00:00, Sys 0 00:00:00  -  Run Local Usage
		Usr 0 00:00:12, Sys 0 00:00:02  -  Total Remote Usage
		Usr 0 00:00:00, Sys 0 00:00:00  -  Total Local Usage
	0  -  Run Bytes Sent By Job
	0  -  Run Bytes Received By Job
	0  -  Total Bytes Sent By Job
	0  -  Total Bytes Received By Job
	Partitionable Resources :    Usage  Request Allocated 
	   Cpus                 :     0.52        1         1 
	   Disk (KB)            :     1           1    121125 
	   Memory (MB)          :   149        3900      3968 

	Job terminated of its own accord at 2022-03-31T06:18:27Z.
...
006 (127884.019.000) 2022-03-31 15:18:31 Image size of job updated: 692060
	139  -  MemoryUsage of job (MB)
	142008  -  ResidentSetSize of job (KB)
...
006 (127884.010.000) 2022-03-31 15:18:31 Image size of job updated: 691772
	148  -  MemoryUsage of job (MB)
	150548  -  ResidentSetSize of job (KB)
...
006 (127884.018.000) 2022-03-31 15:18:31 Image size of job updated: 691768
	149  -  MemoryUsage of job (MB)
	152240  -  ResidentSetSize of job (KB)
...
006 (127884.016.000) 2022-03-31 15:18:31 Image size of job updated: 692208
	151  -  MemoryUsage of job (MB)
	154032  -  ResidentSetSize of job (KB)
...
005 (127884.019.000) 2022-03-31 15:18:31 Job terminated.
	(1) Normal termination (return value 0)
		Usr 0 00:00:13, Sys 0 00:00:02  -  Run Remote Usage
		Usr 0 00:00:00, Sys 0 00:00:00  -  Run Local Usage
		Usr 0 00:00:13, Sys 0 00:00:02  -  Total Remote Usage
		Usr 0 00:00:00, Sys 0 00:00:00  -  Total Local Usage
	0  -  Run Bytes Sent By Job
	0  -  Run Bytes Received By Job
	0  -  Total Bytes Sent By Job
	0  -  Total Bytes Received By Job
	Partitionable Resources :    Usage  Request Allocated 
	   Cpus                 :     0.52        1         1 
	   Disk (KB)            :     1           1    121125 
	   Memory (MB)          :   139        3900      3968 

	Job terminated of its own accord at 2022-03-31T06:18:31Z.
...
005 (127884.010.000) 2022-03-31 15:18:31 Job terminated.
	(1) Normal termination (return value 0)
		Usr 0 00:00:15, Sys 0 00:00:02  -  Run Remote Usage
		Usr 0 00:00:00, Sys 0 00:00:00  -  Run Local Usage
		Usr 0 00:00:15, Sys 0 00:00:02  -  Total Remote Usage
		Usr 0 00:00:00, Sys 0 00:00:00  -  Total Local Usage
	0  -  Run Bytes Sent By Job
	0  -  Run Bytes Received By Job
	0  -  Total Bytes Sent By Job
	0  -  Total Bytes Received By Job
	Partitionable Resources :    Usage  Request Allocated 
	   Cpus                 :     0.52        1         1 
	   Disk (KB)            :     1           1    121125 
	   Memory (MB)          :   148        3900      3968 

	Job terminated of its own accord at 2022-03-31T06:18:31Z.
...
005 (127884.016.000) 2022-03-31 15:18:31 Job terminated.
	(1) Normal termination (return value 0)
		Usr 0 00:00:13, Sys 0 00:00:02  -  Run Remote Usage
		Usr 0 00:00:00, Sys 0 00:00:00  -  Run Local Usage
		Usr 0 00:00:13, Sys 0 00:00:02  -  Total Remote Usage
		Usr 0 00:00:00, Sys 0 00:00:00  -  Total Local Usage
	0  -  Run Bytes Sent By Job
	0  -  Run Bytes Received By Job
	0  -  Total Bytes Sent By Job
	0  -  Total Bytes Received By Job
	Partitionable Resources :    Usage  Request Allocated 
	   Cpus                 :     0.50        1         1 
	   Disk (KB)            :     1           1    121125 
	   Memory (MB)          :   151        3900      3968 

	Job terminated of its own accord at 2022-03-31T06:18:31Z.
...
005 (127884.018.000) 2022-03-31 15:18:31 Job terminated.
	(1) Normal termination (return value 0)
		Usr 0 00:00:13, Sys 0 00:00:02  -  Run Remote Usage
		Usr 0 00:00:00, Sys 0 00:00:00  -  Run Local Usage
		Usr 0 00:00:13, Sys 0 00:00:02  -  Total Remote Usage
		Usr 0 00:00:00, Sys 0 00:00:00  -  Total Local Usage
	0  -  Run Bytes Sent By Job
	0  -  Run Bytes Received By Job
	0  -  Total Bytes Sent By Job
	0  -  Total Bytes Received By Job
	Partitionable Resources :    Usage  Request Allocated 
	   Cpus                 :     0.50        1         1 
	   Disk (KB)            :     1           1    121125 
	   Memory (MB)          :   149        3900      3968 

	Job terminated of its own accord at 2022-03-31T06:18:31Z.
...
006 (127884.008.000) 2022-03-31 15:18:31 Image size of job updated: 700992
	170  -  MemoryUsage of job (MB)
	173748  -  ResidentSetSize of job (KB)
...
005 (127884.008.000) 2022-03-31 15:18:32 Job terminated.
	(1) Normal termination (return value 0)
		Usr 0 00:00:15, Sys 0 00:00:02  -  Run Remote Usage
		Usr 0 00:00:00, Sys 0 00:00:00  -  Run Local Usage
		Usr 0 00:00:15, Sys 0 00:00:02  -  Total Remote Usage
		Usr 0 00:00:00, Sys 0 00:00:00  -  Total Local Usage
	0  -  Run Bytes Sent By Job
	0  -  Run Bytes Received By Job
	0  -  Total Bytes Sent By Job
	0  -  Total Bytes Received By Job
	Partitionable Resources :    Usage  Request Allocated 
	   Cpus                 :                 1         1 
	   Disk (KB)            :        1        1    129249 
	   Memory (MB)          :      170     3900      3968 

	Job terminated of its own accord at 2022-03-31T06:18:31Z.
...
006 (127884.013.000) 2022-03-31 15:18:33 Image size of job updated: 692160
	147  -  MemoryUsage of job (MB)
	149524  -  ResidentSetSize of job (KB)
...
005 (127884.013.000) 2022-03-31 15:18:33 Job terminated.
	(1) Normal termination (return value 0)
		Usr 0 00:00:18, Sys 0 00:00:02  -  Run Remote Usage
		Usr 0 00:00:00, Sys 0 00:00:00  -  Run Local Usage
		Usr 0 00:00:18, Sys 0 00:00:02  -  Total Remote Usage
		Usr 0 00:00:00, Sys 0 00:00:00  -  Total Local Usage
	0  -  Run Bytes Sent By Job
	0  -  Run Bytes Received By Job
	0  -  Total Bytes Sent By Job
	0  -  Total Bytes Received By Job
	Partitionable Resources :    Usage  Request Allocated 
	   Cpus                 :     0.52        1         1 
	   Disk (KB)            :     1           1    121125 
	   Memory (MB)          :   147        3900      3968 

	Job terminated of its own accord at 2022-03-31T06:18:33Z.
...
006 (127884.007.000) 2022-03-31 15:18:34 Image size of job updated: 700712
	169  -  MemoryUsage of job (MB)
	172864  -  ResidentSetSize of job (KB)
...
005 (127884.007.000) 2022-03-31 15:18:34 Job terminated.
	(1) Normal termination (return value 0)
		Usr 0 00:00:19, Sys 0 00:00:01  -  Run Remote Usage
		Usr 0 00:00:00, Sys 0 00:00:00  -  Run Local Usage
		Usr 0 00:00:19, Sys 0 00:00:01  -  Total Remote Usage
		Usr 0 00:00:00, Sys 0 00:00:00  -  Total Local Usage
	0  -  Run Bytes Sent By Job
	0  -  Run Bytes Received By Job
	0  -  Total Bytes Sent By Job
	0  -  Total Bytes Received By Job
	Partitionable Resources :    Usage  Request Allocated 
	   Cpus                 :                 1         1 
	   Disk (KB)            :        1        1    129249 
	   Memory (MB)          :      169     3900      3968 

	Job terminated of its own accord at 2022-03-31T06:18:34Z.
...
006 (127884.017.000) 2022-03-31 15:18:35 Image size of job updated: 692344
	149  -  MemoryUsage of job (MB)
	152240  -  ResidentSetSize of job (KB)
...
005 (127884.017.000) 2022-03-31 15:18:35 Job terminated.
	(1) Normal termination (return value 0)
		Usr 0 00:00:20, Sys 0 00:00:02  -  Run Remote Usage
		Usr 0 00:00:00, Sys 0 00:00:00  -  Run Local Usage
		Usr 0 00:00:20, Sys 0 00:00:02  -  Total Remote Usage
		Usr 0 00:00:00, Sys 0 00:00:00  -  Total Local Usage
	0  -  Run Bytes Sent By Job
	0  -  Run Bytes Received By Job
	0  -  Total Bytes Sent By Job
	0  -  Total Bytes Received By Job
	Partitionable Resources :    Usage  Request Allocated 
	   Cpus                 :     0.51        1         1 
	   Disk (KB)            :     1           1    121125 
	   Memory (MB)          :   149        3900      3968 

	Job terminated of its own accord at 2022-03-31T06:18:35Z.
...
006 (127884.003.000) 2022-03-31 15:18:35 Image size of job updated: 692292
	90  -  MemoryUsage of job (MB)
	91828  -  ResidentSetSize of job (KB)
...
005 (127884.003.000) 2022-03-31 15:18:36 Job terminated.
	(1) Normal termination (return value 0)
		Usr 0 00:00:20, Sys 0 00:00:02  -  Run Remote Usage
		Usr 0 00:00:00, Sys 0 00:00:00  -  Run Local Usage
		Usr 0 00:00:20, Sys 0 00:00:02  -  Total Remote Usage
		Usr 0 00:00:00, Sys 0 00:00:00  -  Total Local Usage
	0  -  Run Bytes Sent By Job
	0  -  Run Bytes Received By Job
	0  -  Total Bytes Sent By Job
	0  -  Total Bytes Received By Job
	Partitionable Resources :    Usage  Request Allocated 
	   Cpus                 :                 1         1 
	   Disk (KB)            :        1        1    129249 
	   Memory (MB)          :       90     3900      3968 

	Job terminated of its own accord at 2022-03-31T06:18:35Z.
...
006 (127884.004.000) 2022-03-31 15:18:40 Image size of job updated: 692304
	123  -  MemoryUsage of job (MB)
	124956  -  ResidentSetSize of job (KB)
...
005 (127884.004.000) 2022-03-31 15:18:40 Job terminated.
	(1) Normal termination (return value 0)
		Usr 0 00:00:24, Sys 0 00:00:02  -  Run Remote Usage
		Usr 0 00:00:00, Sys 0 00:00:00  -  Run Local Usage
		Usr 0 00:00:24, Sys 0 00:00:02  -  Total Remote Usage
		Usr 0 00:00:00, Sys 0 00:00:00  -  Total Local Usage
	0  -  Run Bytes Sent By Job
	0  -  Run Bytes Received By Job
	0  -  Total Bytes Sent By Job
	0  -  Total Bytes Received By Job
	Partitionable Resources :    Usage  Request Allocated 
	   Cpus                 :                 1         1 
	   Disk (KB)            :        1        1    129249 
	   Memory (MB)          :      123     3900      3968 

	Job terminated of its own accord at 2022-03-31T06:18:40Z.
...
006 (127884.014.000) 2022-03-31 15:18:40 Image size of job updated: 691996
	149  -  MemoryUsage of job (MB)
	152264  -  ResidentSetSize of job (KB)
...
005 (127884.014.000) 2022-03-31 15:18:40 Job terminated.
	(1) Normal termination (return value 0)
		Usr 0 00:00:25, Sys 0 00:00:02  -  Run Remote Usage
		Usr 0 00:00:00, Sys 0 00:00:00  -  Run Local Usage
		Usr 0 00:00:25, Sys 0 00:00:02  -  Total Remote Usage
		Usr 0 00:00:00, Sys 0 00:00:00  -  Total Local Usage
	0  -  Run Bytes Sent By Job
	0  -  Run Bytes Received By Job
	0  -  Total Bytes Sent By Job
	0  -  Total Bytes Received By Job
	Partitionable Resources :    Usage  Request Allocated 
	   Cpus                 :     0.49        1         1 
	   Disk (KB)            :     1           1    121125 
	   Memory (MB)          :   149        3900      3968 

	Job terminated of its own accord at 2022-03-31T06:18:40Z.
...
006 (127884.006.000) 2022-03-31 15:18:41 Image size of job updated: 691992
	165  -  MemoryUsage of job (MB)
	168628  -  ResidentSetSize of job (KB)
...
005 (127884.006.000) 2022-03-31 15:18:41 Job terminated.
	(1) Normal termination (return value 0)
		Usr 0 00:00:27, Sys 0 00:00:02  -  Run Remote Usage
		Usr 0 00:00:00, Sys 0 00:00:00  -  Run Local Usage
		Usr 0 00:00:27, Sys 0 00:00:02  -  Total Remote Usage
		Usr 0 00:00:00, Sys 0 00:00:00  -  Total Local Usage
	0  -  Run Bytes Sent By Job
	0  -  Run Bytes Received By Job
	0  -  Total Bytes Sent By Job
	0  -  Total Bytes Received By Job
	Partitionable Resources :    Usage  Request Allocated 
	   Cpus                 :                 1         1 
	   Disk (KB)            :        1        1    129249 
	   Memory (MB)          :      165     3900      3968 

	Job terminated of its own accord at 2022-03-31T06:18:41Z.
...
006 (127884.005.000) 2022-03-31 15:18:48 Image size of job updated: 691988
	133  -  MemoryUsage of job (MB)
	135232  -  ResidentSetSize of job (KB)
...
005 (127884.005.000) 2022-03-31 15:18:48 Job terminated.
	(1) Normal termination (return value 0)
		Usr 0 00:00:35, Sys 0 00:00:02  -  Run Remote Usage
		Usr 0 00:00:00, Sys 0 00:00:00  -  Run Local Usage
		Usr 0 00:00:35, Sys 0 00:00:02  -  Total Remote Usage
		Usr 0 00:00:00, Sys 0 00:00:00  -  Total Local Usage
	0  -  Run Bytes Sent By Job
	0  -  Run Bytes Received By Job
	0  -  Total Bytes Sent By Job
	0  -  Total Bytes Received By Job
	Partitionable Resources :    Usage  Request Allocated 
	   Cpus                 :                 1         1 
	   Disk (KB)            :        1        1    129249 
	   Memory (MB)          :      133     3900      3968 

	Job terminated of its own accord at 2022-03-31T06:18:48Z.
...
006 (127884.012.000) 2022-03-31 15:19:01 Image size of job updated: 692172
	149  -  MemoryUsage of job (MB)
	151888  -  ResidentSetSize of job (KB)
...
005 (127884.012.000) 2022-03-31 15:19:01 Job terminated.
	(1) Normal termination (return value 0)
		Usr 0 00:00:46, Sys 0 00:00:02  -  Run Remote Usage
		Usr 0 00:00:00, Sys 0 00:00:00  -  Run Local Usage
		Usr 0 00:00:46, Sys 0 00:00:02  -  Total Remote Usage
		Usr 0 00:00:00, Sys 0 00:00:00  -  Total Local Usage
	0  -  Run Bytes Sent By Job
	0  -  Run Bytes Received By Job
	0  -  Total Bytes Sent By Job
	0  -  Total Bytes Received By Job
	Partitionable Resources :    Usage  Request Allocated 
	   Cpus                 :     0.52        1         1 
	   Disk (KB)            :     1           1    121125 
	   Memory (MB)          :   149        3900      3968 

	Job terminated of its own accord at 2022-03-31T06:19:01Z.
...
006 (127884.001.000) 2022-03-31 15:19:03 Image size of job updated: 692544
	186  -  MemoryUsage of job (MB)
	189512  -  ResidentSetSize of job (KB)
...
005 (127884.001.000) 2022-03-31 15:19:03 Job terminated.
	(1) Normal termination (return value 0)
		Usr 0 00:00:52, Sys 0 00:00:02  -  Run Remote Usage
		Usr 0 00:00:00, Sys 0 00:00:00  -  Run Local Usage
		Usr 0 00:00:52, Sys 0 00:00:02  -  Total Remote Usage
		Usr 0 00:00:00, Sys 0 00:00:00  -  Total Local Usage
	0  -  Run Bytes Sent By Job
	0  -  Run Bytes Received By Job
	0  -  Total Bytes Sent By Job
	0  -  Total Bytes Received By Job
	Partitionable Resources :    Usage  Request Allocated 
	   Cpus                 :                 1         1 
	   Disk (KB)            :        1        1    129249 
	   Memory (MB)          :      186     3900      3968 

	Job terminated of its own accord at 2022-03-31T06:19:03Z.
...
