000 (2117006.000.000) 06/02 02:18:41 Job submitted from host: <172.30.1.200:9618?addrs=172.30.1.200-9618+[--1]-9618&noUDP&sock=203143_c79e_3>
...
001 (2117006.000.000) 06/02 02:19:05 Job executing on host: <172.30.1.203:9618?addrs=172.30.1.203-9618+[--1]-9618&noUDP&sock=4770_66d7_5>
...
006 (2117006.000.000) 06/02 02:19:13 Image size of job updated: 179580
	8  -  MemoryUsage of job (MB)
	7488  -  ResidentSetSize of job (KB)
...
006 (2117006.000.000) 06/02 02:24:13 Image size of job updated: 653880
	294  -  MemoryUsage of job (MB)
	300576  -  ResidentSetSize of job (KB)
...
006 (2117006.000.000) 06/02 02:29:14 Image size of job updated: 654012
	294  -  MemoryUsage of job (MB)
	300740  -  ResidentSetSize of job (KB)
...
006 (2117006.000.000) 06/02 02:39:15 Image size of job updated: 654144
	294  -  MemoryUsage of job (MB)
	300808  -  ResidentSetSize of job (KB)
...
006 (2117006.000.000) 06/02 02:44:16 Image size of job updated: 654276
	294  -  MemoryUsage of job (MB)
	300976  -  ResidentSetSize of job (KB)
...
006 (2117006.000.000) 06/02 02:49:17 Image size of job updated: 654276
	294  -  MemoryUsage of job (MB)
	301000  -  ResidentSetSize of job (KB)
...
006 (2117006.000.000) 06/02 02:59:17 Image size of job updated: 654276
	294  -  MemoryUsage of job (MB)
	301004  -  ResidentSetSize of job (KB)
...
006 (2117006.000.000) 06/02 03:04:18 Image size of job updated: 657844
	298  -  MemoryUsage of job (MB)
	304576  -  ResidentSetSize of job (KB)
...
006 (2117006.000.000) 06/02 03:09:18 Image size of job updated: 658108
	298  -  MemoryUsage of job (MB)
	304844  -  ResidentSetSize of job (KB)
...
006 (2117006.000.000) 06/02 03:14:18 Image size of job updated: 658108
	298  -  MemoryUsage of job (MB)
	304848  -  ResidentSetSize of job (KB)
...
006 (2117006.000.000) 06/02 03:19:19 Image size of job updated: 658240
	298  -  MemoryUsage of job (MB)
	304984  -  ResidentSetSize of job (KB)
...
006 (2117006.000.000) 06/02 03:24:19 Image size of job updated: 658372
	298  -  MemoryUsage of job (MB)
	304996  -  ResidentSetSize of job (KB)
...
006 (2117006.000.000) 06/02 03:29:19 Image size of job updated: 658372
	298  -  MemoryUsage of job (MB)
	305000  -  ResidentSetSize of job (KB)
...
006 (2117006.000.000) 06/02 03:34:20 Image size of job updated: 658372
	298  -  MemoryUsage of job (MB)
	305004  -  ResidentSetSize of job (KB)
...
006 (2117006.000.000) 06/02 03:39:21 Image size of job updated: 662072
	298  -  MemoryUsage of job (MB)
	305004  -  ResidentSetSize of job (KB)
...
006 (2117006.000.000) 06/02 03:44:21 Image size of job updated: 662336
	298  -  MemoryUsage of job (MB)
	305004  -  ResidentSetSize of job (KB)
...
006 (2117006.000.000) 06/02 03:54:22 Image size of job updated: 662624
	298  -  MemoryUsage of job (MB)
	305004  -  ResidentSetSize of job (KB)
...
006 (2117006.000.000) 06/02 04:09:23 Image size of job updated: 665928
	298  -  MemoryUsage of job (MB)
	305004  -  ResidentSetSize of job (KB)
...
006 (2117006.000.000) 06/02 04:14:23 Image size of job updated: 666196
	298  -  MemoryUsage of job (MB)
	305004  -  ResidentSetSize of job (KB)
...
006 (2117006.000.000) 06/02 04:19:23 Image size of job updated: 666332
	298  -  MemoryUsage of job (MB)
	305004  -  ResidentSetSize of job (KB)
...
006 (2117006.000.000) 06/02 04:29:25 Image size of job updated: 666472
	298  -  MemoryUsage of job (MB)
	305004  -  ResidentSetSize of job (KB)
...
006 (2117006.000.000) 06/02 04:34:25 Image size of job updated: 666604
	298  -  MemoryUsage of job (MB)
	305004  -  ResidentSetSize of job (KB)
...
006 (2117006.000.000) 06/02 04:54:27 Image size of job updated: 670088
	298  -  MemoryUsage of job (MB)
	305004  -  ResidentSetSize of job (KB)
...
006 (2117006.000.000) 06/02 04:59:28 Image size of job updated: 670488
	298  -  MemoryUsage of job (MB)
	305004  -  ResidentSetSize of job (KB)
...
006 (2117006.000.000) 06/02 05:04:28 Image size of job updated: 670756
	298  -  MemoryUsage of job (MB)
	305004  -  ResidentSetSize of job (KB)
...
006 (2117006.000.000) 06/02 05:19:30 Image size of job updated: 671020
	298  -  MemoryUsage of job (MB)
	305004  -  ResidentSetSize of job (KB)
...
006 (2117006.000.000) 06/02 05:24:30 Image size of job updated: 671276
	298  -  MemoryUsage of job (MB)
	305004  -  ResidentSetSize of job (KB)
...
006 (2117006.000.000) 06/02 05:39:32 Image size of job updated: 674708
	298  -  MemoryUsage of job (MB)
	305004  -  ResidentSetSize of job (KB)
...
006 (2117006.000.000) 06/02 05:44:33 Image size of job updated: 674972
	298  -  MemoryUsage of job (MB)
	305004  -  ResidentSetSize of job (KB)
...
006 (2117006.000.000) 06/02 05:59:34 Image size of job updated: 675416
	298  -  MemoryUsage of job (MB)
	305004  -  ResidentSetSize of job (KB)
...
006 (2117006.000.000) 06/02 06:19:36 Image size of job updated: 679108
	298  -  MemoryUsage of job (MB)
	305004  -  ResidentSetSize of job (KB)
...
006 (2117006.000.000) 06/02 06:24:37 Image size of job updated: 679376
	298  -  MemoryUsage of job (MB)
	305004  -  ResidentSetSize of job (KB)
...
006 (2117006.000.000) 06/02 06:39:39 Image size of job updated: 679512
	298  -  MemoryUsage of job (MB)
	305004  -  ResidentSetSize of job (KB)
...
006 (2117006.000.000) 06/02 06:54:41 Image size of job updated: 679652
	298  -  MemoryUsage of job (MB)
	305004  -  ResidentSetSize of job (KB)
...
006 (2117006.000.000) 06/02 06:59:41 Image size of job updated: 682992
	298  -  MemoryUsage of job (MB)
	305004  -  ResidentSetSize of job (KB)
...
006 (2117006.000.000) 06/02 07:04:41 Image size of job updated: 683256
	298  -  MemoryUsage of job (MB)
	305004  -  ResidentSetSize of job (KB)
...
006 (2117006.000.000) 06/02 07:14:42 Image size of job updated: 683392
	298  -  MemoryUsage of job (MB)
	305004  -  ResidentSetSize of job (KB)
...
006 (2117006.000.000) 06/02 07:19:42 Image size of job updated: 683524
	298  -  MemoryUsage of job (MB)
	305004  -  ResidentSetSize of job (KB)
...
006 (2117006.000.000) 06/02 07:34:44 Image size of job updated: 683672
	298  -  MemoryUsage of job (MB)
	305004  -  ResidentSetSize of job (KB)
...
006 (2117006.000.000) 06/02 07:39:45 Image size of job updated: 686840
	298  -  MemoryUsage of job (MB)
	305004  -  ResidentSetSize of job (KB)
...
006 (2117006.000.000) 06/02 07:44:46 Image size of job updated: 686972
	298  -  MemoryUsage of job (MB)
	305004  -  ResidentSetSize of job (KB)
...
006 (2117006.000.000) 06/02 07:49:46 Image size of job updated: 687104
	298  -  MemoryUsage of job (MB)
	305004  -  ResidentSetSize of job (KB)
...
006 (2117006.000.000) 06/02 07:54:46 Image size of job updated: 687240
	298  -  MemoryUsage of job (MB)
	305004  -  ResidentSetSize of job (KB)
...
006 (2117006.000.000) 06/02 07:59:47 Image size of job updated: 687632
	298  -  MemoryUsage of job (MB)
	305004  -  ResidentSetSize of job (KB)
...
006 (2117006.000.000) 06/02 08:29:50 Image size of job updated: 690800
	298  -  MemoryUsage of job (MB)
	305004  -  ResidentSetSize of job (KB)
...
006 (2117006.000.000) 06/02 08:34:51 Image size of job updated: 691200
	298  -  MemoryUsage of job (MB)
	305004  -  ResidentSetSize of job (KB)
...
006 (2117006.000.000) 06/02 08:39:51 Image size of job updated: 691468
	298  -  MemoryUsage of job (MB)
	305004  -  ResidentSetSize of job (KB)
...
006 (2117006.000.000) 06/02 08:54:52 Image size of job updated: 691600
	298  -  MemoryUsage of job (MB)
	305004  -  ResidentSetSize of job (KB)
...
006 (2117006.000.000) 06/02 09:04:53 Image size of job updated: 691740
	298  -  MemoryUsage of job (MB)
	305004  -  ResidentSetSize of job (KB)
...
006 (2117006.000.000) 06/02 09:14:54 Image size of job updated: 695432
	298  -  MemoryUsage of job (MB)
	305004  -  ResidentSetSize of job (KB)
...
006 (2117006.000.000) 06/02 09:19:55 Image size of job updated: 695564
	298  -  MemoryUsage of job (MB)
	305004  -  ResidentSetSize of job (KB)
...
006 (2117006.000.000) 06/02 09:29:56 Image size of job updated: 695712
	298  -  MemoryUsage of job (MB)
	305004  -  ResidentSetSize of job (KB)
...
006 (2117006.000.000) 06/02 09:34:56 Image size of job updated: 695848
	298  -  MemoryUsage of job (MB)
	305004  -  ResidentSetSize of job (KB)
...
006 (2117006.000.000) 06/02 09:54:59 Image size of job updated: 699280
	298  -  MemoryUsage of job (MB)
	305004  -  ResidentSetSize of job (KB)
...
006 (2117006.000.000) 06/02 09:59:59 Image size of job updated: 699548
	298  -  MemoryUsage of job (MB)
	305004  -  ResidentSetSize of job (KB)
...
006 (2117006.000.000) 06/02 10:15:01 Image size of job updated: 700276
	298  -  MemoryUsage of job (MB)
	305004  -  ResidentSetSize of job (KB)
...
006 (2117006.000.000) 06/02 10:35:03 Image size of job updated: 703832
	298  -  MemoryUsage of job (MB)
	305004  -  ResidentSetSize of job (KB)
...
006 (2117006.000.000) 06/02 10:40:04 Image size of job updated: 703964
	298  -  MemoryUsage of job (MB)
	305004  -  ResidentSetSize of job (KB)
...
006 (2117006.000.000) 06/02 10:45:05 Image size of job updated: 704096
	298  -  MemoryUsage of job (MB)
	305004  -  ResidentSetSize of job (KB)
...
006 (2117006.000.000) 06/02 10:50:05 Image size of job updated: 704248
	298  -  MemoryUsage of job (MB)
	305004  -  ResidentSetSize of job (KB)
...
006 (2117006.000.000) 06/02 10:55:05 Image size of job updated: 704380
	298  -  MemoryUsage of job (MB)
	305004  -  ResidentSetSize of job (KB)
...
006 (2117006.000.000) 06/02 11:10:06 Image size of job updated: 704520
	298  -  MemoryUsage of job (MB)
	305004  -  ResidentSetSize of job (KB)
...
006 (2117006.000.000) 06/02 11:15:07 Image size of job updated: 707556
	298  -  MemoryUsage of job (MB)
	305004  -  ResidentSetSize of job (KB)
...
006 (2117006.000.000) 06/02 11:20:08 Image size of job updated: 708208
	298  -  MemoryUsage of job (MB)
	305004  -  ResidentSetSize of job (KB)
...
006 (2117006.000.000) 06/02 11:25:08 Image size of job updated: 708344
	298  -  MemoryUsage of job (MB)
	305004  -  ResidentSetSize of job (KB)
...
006 (2117006.000.000) 06/02 11:35:10 Image size of job updated: 708480
	298  -  MemoryUsage of job (MB)
	305004  -  ResidentSetSize of job (KB)
...
006 (2117006.000.000) 06/02 11:40:10 Image size of job updated: 708612
	298  -  MemoryUsage of job (MB)
	305004  -  ResidentSetSize of job (KB)
...
006 (2117006.000.000) 06/02 11:54:41 Image size of job updated: 715808
	298  -  MemoryUsage of job (MB)
	305004  -  ResidentSetSize of job (KB)
...
005 (2117006.000.000) 06/02 11:54:41 Job terminated.
	(1) Normal termination (return value 0)
		Usr 0 09:29:24, Sys 0 00:05:59  -  Run Remote Usage
		Usr 0 00:00:00, Sys 0 00:00:00  -  Run Local Usage
		Usr 0 09:29:24, Sys 0 00:05:59  -  Total Remote Usage
		Usr 0 00:00:00, Sys 0 00:00:00  -  Total Local Usage
	262965  -  Run Bytes Sent By Job
	225  -  Run Bytes Received By Job
	262965  -  Total Bytes Sent By Job
	225  -  Total Bytes Received By Job
	Partitionable Resources :    Usage  Request Allocated
	   Cpus                 :                 1         1
	   Disk (KB)            :      268  2048000   2425692
	   Memory (MB)          :      298     2000      2000
...
