000 (2117006.014.000) 06/02 02:18:41 Job submitted from host: <172.30.1.200:9618?addrs=172.30.1.200-9618+[--1]-9618&noUDP&sock=203143_c79e_3>
...
001 (2117006.014.000) 06/02 02:19:06 Job executing on host: <172.30.1.203:9618?addrs=172.30.1.203-9618+[--1]-9618&noUDP&sock=4770_66d7_5>
...
006 (2117006.014.000) 06/02 02:19:14 Image size of job updated: 1
	3  -  MemoryUsage of job (MB)
	2216  -  ResidentSetSize of job (KB)
...
006 (2117006.014.000) 06/02 02:24:14 Image size of job updated: 654232
	292  -  MemoryUsage of job (MB)
	298416  -  ResidentSetSize of job (KB)
...
006 (2117006.014.000) 06/02 02:29:15 Image size of job updated: 654364
	292  -  MemoryUsage of job (MB)
	298552  -  ResidentSetSize of job (KB)
...
006 (2117006.014.000) 06/02 02:34:16 Image size of job updated: 654764
	292  -  MemoryUsage of job (MB)
	298848  -  ResidentSetSize of job (KB)
...
006 (2117006.014.000) 06/02 03:04:20 Image size of job updated: 655160
	293  -  MemoryUsage of job (MB)
	299356  -  ResidentSetSize of job (KB)
...
006 (2117006.014.000) 06/02 03:09:20 Image size of job updated: 655292
	293  -  MemoryUsage of job (MB)
	299372  -  ResidentSetSize of job (KB)
...
006 (2117006.014.000) 06/02 03:19:21 Image size of job updated: 659168
	297  -  MemoryUsage of job (MB)
	303336  -  ResidentSetSize of job (KB)
...
006 (2117006.014.000) 06/02 03:24:21 Image size of job updated: 659708
	297  -  MemoryUsage of job (MB)
	303788  -  ResidentSetSize of job (KB)
...
006 (2117006.014.000) 06/02 03:44:23 Image size of job updated: 660104
	297  -  MemoryUsage of job (MB)
	303788  -  ResidentSetSize of job (KB)
...
006 (2117006.014.000) 06/02 03:54:25 Image size of job updated: 664348
	297  -  MemoryUsage of job (MB)
	303788  -  ResidentSetSize of job (KB)
...
006 (2117006.014.000) 06/02 03:59:25 Image size of job updated: 664480
	297  -  MemoryUsage of job (MB)
	303788  -  ResidentSetSize of job (KB)
...
006 (2117006.014.000) 06/02 04:04:25 Image size of job updated: 664880
	297  -  MemoryUsage of job (MB)
	303788  -  ResidentSetSize of job (KB)
...
006 (2117006.014.000) 06/02 04:29:28 Image size of job updated: 665276
	297  -  MemoryUsage of job (MB)
	303788  -  ResidentSetSize of job (KB)
...
006 (2117006.014.000) 06/02 04:34:28 Image size of job updated: 665408
	297  -  MemoryUsage of job (MB)
	303788  -  ResidentSetSize of job (KB)
...
006 (2117006.014.000) 06/02 04:44:30 Image size of job updated: 669504
	297  -  MemoryUsage of job (MB)
	303788  -  ResidentSetSize of job (KB)
...
006 (2117006.014.000) 06/02 04:49:30 Image size of job updated: 669636
	297  -  MemoryUsage of job (MB)
	303788  -  ResidentSetSize of job (KB)
...
006 (2117006.014.000) 06/02 04:54:31 Image size of job updated: 669900
	297  -  MemoryUsage of job (MB)
	303788  -  ResidentSetSize of job (KB)
...
006 (2117006.014.000) 06/02 05:04:32 Image size of job updated: 670032
	297  -  MemoryUsage of job (MB)
	303788  -  ResidentSetSize of job (KB)
...
006 (2117006.014.000) 06/02 05:24:33 Image size of job updated: 670164
	297  -  MemoryUsage of job (MB)
	303788  -  ResidentSetSize of job (KB)
...
006 (2117006.014.000) 06/02 05:29:35 Image size of job updated: 670560
	297  -  MemoryUsage of job (MB)
	303788  -  ResidentSetSize of job (KB)
...
006 (2117006.014.000) 06/02 05:39:35 Image size of job updated: 674784
	297  -  MemoryUsage of job (MB)
	303788  -  ResidentSetSize of job (KB)
...
006 (2117006.014.000) 06/02 05:44:36 Image size of job updated: 675140
	297  -  MemoryUsage of job (MB)
	303788  -  ResidentSetSize of job (KB)
...
006 (2117006.014.000) 06/02 05:49:37 Image size of job updated: 675272
	297  -  MemoryUsage of job (MB)
	303788  -  ResidentSetSize of job (KB)
...
006 (2117006.014.000) 06/02 05:54:37 Image size of job updated: 675404
	297  -  MemoryUsage of job (MB)
	303788  -  ResidentSetSize of job (KB)
...
006 (2117006.014.000) 06/02 06:09:39 Image size of job updated: 675536
	297  -  MemoryUsage of job (MB)
	303788  -  ResidentSetSize of job (KB)
...
006 (2117006.014.000) 06/02 06:24:41 Image size of job updated: 675936
	297  -  MemoryUsage of job (MB)
	303788  -  ResidentSetSize of job (KB)
...
006 (2117006.014.000) 06/02 06:34:42 Image size of job updated: 680168
	297  -  MemoryUsage of job (MB)
	303788  -  ResidentSetSize of job (KB)
...
006 (2117006.014.000) 06/02 06:44:42 Image size of job updated: 680300
	297  -  MemoryUsage of job (MB)
	303788  -  ResidentSetSize of job (KB)
...
006 (2117006.014.000) 06/02 06:49:43 Image size of job updated: 680696
	297  -  MemoryUsage of job (MB)
	303788  -  ResidentSetSize of job (KB)
...
006 (2117006.014.000) 06/02 07:19:46 Image size of job updated: 681092
	297  -  MemoryUsage of job (MB)
	303788  -  ResidentSetSize of job (KB)
...
006 (2117006.014.000) 06/02 07:29:47 Image size of job updated: 685196
	297  -  MemoryUsage of job (MB)
	303788  -  ResidentSetSize of job (KB)
...
006 (2117006.014.000) 06/02 07:34:47 Image size of job updated: 685328
	297  -  MemoryUsage of job (MB)
	303788  -  ResidentSetSize of job (KB)
...
006 (2117006.014.000) 06/02 07:39:48 Image size of job updated: 685460
	297  -  MemoryUsage of job (MB)
	303788  -  ResidentSetSize of job (KB)
...
006 (2117006.014.000) 06/02 07:44:48 Image size of job updated: 685724
	297  -  MemoryUsage of job (MB)
	303788  -  ResidentSetSize of job (KB)
...
006 (2117006.014.000) 06/02 08:14:52 Image size of job updated: 686120
	297  -  MemoryUsage of job (MB)
	303788  -  ResidentSetSize of job (KB)
...
006 (2117006.014.000) 06/02 08:24:53 Image size of job updated: 690108
	297  -  MemoryUsage of job (MB)
	303788  -  ResidentSetSize of job (KB)
...
006 (2117006.014.000) 06/02 08:29:54 Image size of job updated: 690244
	297  -  MemoryUsage of job (MB)
	303788  -  ResidentSetSize of job (KB)
...
006 (2117006.014.000) 06/02 08:34:54 Image size of job updated: 690376
	297  -  MemoryUsage of job (MB)
	303788  -  ResidentSetSize of job (KB)
...
006 (2117006.014.000) 06/02 08:39:54 Image size of job updated: 691028
	297  -  MemoryUsage of job (MB)
	303788  -  ResidentSetSize of job (KB)
...
006 (2117006.014.000) 06/02 09:09:57 Image size of job updated: 691424
	297  -  MemoryUsage of job (MB)
	303788  -  ResidentSetSize of job (KB)
...
006 (2117006.014.000) 06/02 09:14:58 Image size of job updated: 691556
	297  -  MemoryUsage of job (MB)
	303788  -  ResidentSetSize of job (KB)
...
006 (2117006.014.000) 06/02 09:19:59 Image size of job updated: 694612
	297  -  MemoryUsage of job (MB)
	303788  -  ResidentSetSize of job (KB)
...
006 (2117006.014.000) 06/02 09:24:59 Image size of job updated: 695272
	297  -  MemoryUsage of job (MB)
	303788  -  ResidentSetSize of job (KB)
...
006 (2117006.014.000) 06/02 09:30:00 Image size of job updated: 695404
	297  -  MemoryUsage of job (MB)
	303788  -  ResidentSetSize of job (KB)
...
006 (2117006.014.000) 06/02 09:35:01 Image size of job updated: 695668
	297  -  MemoryUsage of job (MB)
	303788  -  ResidentSetSize of job (KB)
...
006 (2117006.014.000) 06/02 10:05:04 Image size of job updated: 696196
	297  -  MemoryUsage of job (MB)
	303788  -  ResidentSetSize of job (KB)
...
006 (2117006.014.000) 06/02 10:20:05 Image size of job updated: 700372
	297  -  MemoryUsage of job (MB)
	303788  -  ResidentSetSize of job (KB)
...
006 (2117006.014.000) 06/02 10:25:06 Image size of job updated: 700504
	297  -  MemoryUsage of job (MB)
	303788  -  ResidentSetSize of job (KB)
...
006 (2117006.014.000) 06/02 10:30:06 Image size of job updated: 700912
	297  -  MemoryUsage of job (MB)
	303788  -  ResidentSetSize of job (KB)
...
006 (2117006.014.000) 06/02 11:00:09 Image size of job updated: 701564
	297  -  MemoryUsage of job (MB)
	303788  -  ResidentSetSize of job (KB)
...
006 (2117006.014.000) 06/02 11:15:11 Image size of job updated: 705536
	297  -  MemoryUsage of job (MB)
	303788  -  ResidentSetSize of job (KB)
...
006 (2117006.014.000) 06/02 11:20:11 Image size of job updated: 705668
	297  -  MemoryUsage of job (MB)
	303788  -  ResidentSetSize of job (KB)
...
006 (2117006.014.000) 06/02 11:25:12 Image size of job updated: 705932
	297  -  MemoryUsage of job (MB)
	303788  -  ResidentSetSize of job (KB)
...
006 (2117006.014.000) 06/02 11:55:15 Image size of job updated: 706196
	297  -  MemoryUsage of job (MB)
	303788  -  ResidentSetSize of job (KB)
...
006 (2117006.014.000) 06/02 12:00:16 Image size of job updated: 706460
	297  -  MemoryUsage of job (MB)
	303788  -  ResidentSetSize of job (KB)
...
006 (2117006.014.000) 06/02 12:10:16 Image size of job updated: 710556
	297  -  MemoryUsage of job (MB)
	303788  -  ResidentSetSize of job (KB)
...
006 (2117006.014.000) 06/02 12:15:17 Image size of job updated: 710688
	297  -  MemoryUsage of job (MB)
	303788  -  ResidentSetSize of job (KB)
...
006 (2117006.014.000) 06/02 12:20:18 Image size of job updated: 710952
	297  -  MemoryUsage of job (MB)
	303788  -  ResidentSetSize of job (KB)
...
006 (2117006.014.000) 06/02 12:25:18 Image size of job updated: 711084
	297  -  MemoryUsage of job (MB)
	303788  -  ResidentSetSize of job (KB)
...
006 (2117006.014.000) 06/02 12:55:22 Image size of job updated: 711612
	297  -  MemoryUsage of job (MB)
	303788  -  ResidentSetSize of job (KB)
...
006 (2117006.014.000) 06/02 13:05:23 Image size of job updated: 715712
	297  -  MemoryUsage of job (MB)
	303788  -  ResidentSetSize of job (KB)
...
006 (2117006.014.000) 06/02 13:10:23 Image size of job updated: 715844
	297  -  MemoryUsage of job (MB)
	303788  -  ResidentSetSize of job (KB)
...
006 (2117006.014.000) 06/02 13:15:23 Image size of job updated: 715976
	297  -  MemoryUsage of job (MB)
	303788  -  ResidentSetSize of job (KB)
...
006 (2117006.014.000) 06/02 13:20:24 Image size of job updated: 716464
	297  -  MemoryUsage of job (MB)
	303788  -  ResidentSetSize of job (KB)
...
006 (2117006.014.000) 06/02 13:50:28 Image size of job updated: 716864
	297  -  MemoryUsage of job (MB)
	303788  -  ResidentSetSize of job (KB)
...
006 (2117006.014.000) 06/02 14:00:29 Image size of job updated: 720836
	297  -  MemoryUsage of job (MB)
	303788  -  ResidentSetSize of job (KB)
...
006 (2117006.014.000) 06/02 14:05:29 Image size of job updated: 720972
	297  -  MemoryUsage of job (MB)
	303788  -  ResidentSetSize of job (KB)
...
006 (2117006.014.000) 06/02 14:10:31 Image size of job updated: 721104
	297  -  MemoryUsage of job (MB)
	303788  -  ResidentSetSize of job (KB)
...
006 (2117006.014.000) 06/02 14:15:31 Image size of job updated: 721648
	297  -  MemoryUsage of job (MB)
	303788  -  ResidentSetSize of job (KB)
...
006 (2117006.014.000) 06/02 14:45:35 Image size of job updated: 721912
	297  -  MemoryUsage of job (MB)
	303788  -  ResidentSetSize of job (KB)
...
006 (2117006.014.000) 06/02 14:50:35 Image size of job updated: 722044
	297  -  MemoryUsage of job (MB)
	303788  -  ResidentSetSize of job (KB)
...
006 (2117006.014.000) 06/02 14:55:28 Image size of job updated: 730288
	297  -  MemoryUsage of job (MB)
	303788  -  ResidentSetSize of job (KB)
...
005 (2117006.014.000) 06/02 14:55:29 Job terminated.
	(1) Normal termination (return value 0)
		Usr 0 12:35:37, Sys 0 00:00:30  -  Run Remote Usage
		Usr 0 00:00:00, Sys 0 00:00:00  -  Run Local Usage
		Usr 0 12:35:37, Sys 0 00:00:30  -  Total Remote Usage
		Usr 0 00:00:00, Sys 0 00:00:00  -  Total Local Usage
	139993  -  Run Bytes Sent By Job
	225  -  Run Bytes Received By Job
	139993  -  Total Bytes Sent By Job
	225  -  Total Bytes Received By Job
	Partitionable Resources :    Usage  Request Allocated
	   Cpus                 :                 1         1
	   Disk (KB)            :      148  2048000   2425692
	   Memory (MB)          :      297     2000      2000
...
