000 (126818.000.000) 2022-03-30 13:42:18 Job submitted from host: <172.30.1.200:9618?addrs=172.30.1.200-9618&alias=tamsa2.snu.ac.kr&noUDP&sock=schedd_3154_f5cb>
...
000 (126818.001.000) 2022-03-30 13:42:18 Job submitted from host: <172.30.1.200:9618?addrs=172.30.1.200-9618&alias=tamsa2.snu.ac.kr&noUDP&sock=schedd_3154_f5cb>
...
000 (126818.002.000) 2022-03-30 13:42:18 Job submitted from host: <172.30.1.200:9618?addrs=172.30.1.200-9618&alias=tamsa2.snu.ac.kr&noUDP&sock=schedd_3154_f5cb>
...
000 (126818.003.000) 2022-03-30 13:42:18 Job submitted from host: <172.30.1.200:9618?addrs=172.30.1.200-9618&alias=tamsa2.snu.ac.kr&noUDP&sock=schedd_3154_f5cb>
...
000 (126818.004.000) 2022-03-30 13:42:18 Job submitted from host: <172.30.1.200:9618?addrs=172.30.1.200-9618&alias=tamsa2.snu.ac.kr&noUDP&sock=schedd_3154_f5cb>
...
000 (126818.005.000) 2022-03-30 13:42:18 Job submitted from host: <172.30.1.200:9618?addrs=172.30.1.200-9618&alias=tamsa2.snu.ac.kr&noUDP&sock=schedd_3154_f5cb>
...
000 (126818.006.000) 2022-03-30 13:42:18 Job submitted from host: <172.30.1.200:9618?addrs=172.30.1.200-9618&alias=tamsa2.snu.ac.kr&noUDP&sock=schedd_3154_f5cb>
...
000 (126818.007.000) 2022-03-30 13:42:18 Job submitted from host: <172.30.1.200:9618?addrs=172.30.1.200-9618&alias=tamsa2.snu.ac.kr&noUDP&sock=schedd_3154_f5cb>
...
000 (126818.008.000) 2022-03-30 13:42:18 Job submitted from host: <172.30.1.200:9618?addrs=172.30.1.200-9618&alias=tamsa2.snu.ac.kr&noUDP&sock=schedd_3154_f5cb>
...
000 (126818.009.000) 2022-03-30 13:42:18 Job submitted from host: <172.30.1.200:9618?addrs=172.30.1.200-9618&alias=tamsa2.snu.ac.kr&noUDP&sock=schedd_3154_f5cb>
...
000 (126818.010.000) 2022-03-30 13:42:18 Job submitted from host: <172.30.1.200:9618?addrs=172.30.1.200-9618&alias=tamsa2.snu.ac.kr&noUDP&sock=schedd_3154_f5cb>
...
000 (126818.011.000) 2022-03-30 13:42:18 Job submitted from host: <172.30.1.200:9618?addrs=172.30.1.200-9618&alias=tamsa2.snu.ac.kr&noUDP&sock=schedd_3154_f5cb>
...
000 (126818.012.000) 2022-03-30 13:42:18 Job submitted from host: <172.30.1.200:9618?addrs=172.30.1.200-9618&alias=tamsa2.snu.ac.kr&noUDP&sock=schedd_3154_f5cb>
...
000 (126818.013.000) 2022-03-30 13:42:18 Job submitted from host: <172.30.1.200:9618?addrs=172.30.1.200-9618&alias=tamsa2.snu.ac.kr&noUDP&sock=schedd_3154_f5cb>
...
000 (126818.014.000) 2022-03-30 13:42:18 Job submitted from host: <172.30.1.200:9618?addrs=172.30.1.200-9618&alias=tamsa2.snu.ac.kr&noUDP&sock=schedd_3154_f5cb>
...
000 (126818.015.000) 2022-03-30 13:42:18 Job submitted from host: <172.30.1.200:9618?addrs=172.30.1.200-9618&alias=tamsa2.snu.ac.kr&noUDP&sock=schedd_3154_f5cb>
...
000 (126818.016.000) 2022-03-30 13:42:18 Job submitted from host: <172.30.1.200:9618?addrs=172.30.1.200-9618&alias=tamsa2.snu.ac.kr&noUDP&sock=schedd_3154_f5cb>
...
000 (126818.017.000) 2022-03-30 13:42:18 Job submitted from host: <172.30.1.200:9618?addrs=172.30.1.200-9618&alias=tamsa2.snu.ac.kr&noUDP&sock=schedd_3154_f5cb>
...
000 (126818.018.000) 2022-03-30 13:42:18 Job submitted from host: <172.30.1.200:9618?addrs=172.30.1.200-9618&alias=tamsa2.snu.ac.kr&noUDP&sock=schedd_3154_f5cb>
...
000 (126818.019.000) 2022-03-30 13:42:18 Job submitted from host: <172.30.1.200:9618?addrs=172.30.1.200-9618&alias=tamsa2.snu.ac.kr&noUDP&sock=schedd_3154_f5cb>
...
001 (126818.017.000) 2022-03-30 13:42:28 Job executing on host: <172.30.1.201:9618?addrs=172.30.1.201-9618&alias=node1&noUDP&sock=startd_3603_efd1>
...
001 (126818.018.000) 2022-03-30 13:42:28 Job executing on host: <172.30.1.201:9618?addrs=172.30.1.201-9618&alias=node1&noUDP&sock=startd_3603_efd1>
...
001 (126818.019.000) 2022-03-30 13:42:28 Job executing on host: <172.30.1.201:9618?addrs=172.30.1.201-9618&alias=node1&noUDP&sock=startd_3603_efd1>
...
001 (126818.000.000) 2022-03-30 13:42:29 Job executing on host: <172.30.1.208:9618?addrs=172.30.1.208-9618&alias=node8&noUDP&sock=startd_32564_c61f>
...
001 (126818.001.000) 2022-03-30 13:42:29 Job executing on host: <172.30.1.208:9618?addrs=172.30.1.208-9618&alias=node8&noUDP&sock=startd_32564_c61f>
...
001 (126818.002.000) 2022-03-30 13:42:29 Job executing on host: <172.30.1.208:9618?addrs=172.30.1.208-9618&alias=node8&noUDP&sock=startd_32564_c61f>
...
001 (126818.003.000) 2022-03-30 13:42:29 Job executing on host: <172.30.1.208:9618?addrs=172.30.1.208-9618&alias=node8&noUDP&sock=startd_32564_c61f>
...
001 (126818.004.000) 2022-03-30 13:42:29 Job executing on host: <172.30.1.208:9618?addrs=172.30.1.208-9618&alias=node8&noUDP&sock=startd_32564_c61f>
...
001 (126818.005.000) 2022-03-30 13:42:29 Job executing on host: <172.30.1.208:9618?addrs=172.30.1.208-9618&alias=node8&noUDP&sock=startd_32564_c61f>
...
001 (126818.006.000) 2022-03-30 13:42:29 Job executing on host: <172.30.1.208:9618?addrs=172.30.1.208-9618&alias=node8&noUDP&sock=startd_32564_c61f>
...
001 (126818.007.000) 2022-03-30 13:42:29 Job executing on host: <172.30.1.208:9618?addrs=172.30.1.208-9618&alias=node8&noUDP&sock=startd_32564_c61f>
...
001 (126818.008.000) 2022-03-30 13:42:29 Job executing on host: <172.30.1.208:9618?addrs=172.30.1.208-9618&alias=node8&noUDP&sock=startd_32564_c61f>
...
001 (126818.009.000) 2022-03-30 13:42:30 Job executing on host: <172.30.1.208:9618?addrs=172.30.1.208-9618&alias=node8&noUDP&sock=startd_32564_c61f>
...
001 (126818.010.000) 2022-03-30 13:42:30 Job executing on host: <172.30.1.208:9618?addrs=172.30.1.208-9618&alias=node8&noUDP&sock=startd_32564_c61f>
...
001 (126818.011.000) 2022-03-30 13:42:30 Job executing on host: <172.30.1.208:9618?addrs=172.30.1.208-9618&alias=node8&noUDP&sock=startd_32564_c61f>
...
001 (126818.012.000) 2022-03-30 13:42:30 Job executing on host: <172.30.1.208:9618?addrs=172.30.1.208-9618&alias=node8&noUDP&sock=startd_32564_c61f>
...
001 (126818.013.000) 2022-03-30 13:42:30 Job executing on host: <172.30.1.208:9618?addrs=172.30.1.208-9618&alias=node8&noUDP&sock=startd_32564_c61f>
...
001 (126818.014.000) 2022-03-30 13:42:30 Job executing on host: <172.30.1.208:9618?addrs=172.30.1.208-9618&alias=node8&noUDP&sock=startd_32564_c61f>
...
001 (126818.015.000) 2022-03-30 13:42:30 Job executing on host: <172.30.1.208:9618?addrs=172.30.1.208-9618&alias=node8&noUDP&sock=startd_32564_c61f>
...
001 (126818.016.000) 2022-03-30 13:42:30 Job executing on host: <172.30.1.208:9618?addrs=172.30.1.208-9618&alias=node8&noUDP&sock=startd_32564_c61f>
...
006 (126818.019.000) 2022-03-30 13:42:34 Image size of job updated: 397044
	0  -  MemoryUsage of job (MB)
	0  -  ResidentSetSize of job (KB)
...
005 (126818.019.000) 2022-03-30 13:42:34 Job terminated.
	(1) Normal termination (return value 0)
		Usr 0 00:00:04, Sys 0 00:00:00  -  Run Remote Usage
		Usr 0 00:00:00, Sys 0 00:00:00  -  Run Local Usage
		Usr 0 00:00:04, Sys 0 00:00:00  -  Total Remote Usage
		Usr 0 00:00:00, Sys 0 00:00:00  -  Total Local Usage
	0  -  Run Bytes Sent By Job
	0  -  Run Bytes Received By Job
	0  -  Total Bytes Sent By Job
	0  -  Total Bytes Received By Job
	Partitionable Resources :    Usage  Request Allocated 
	   Cpus                 :                 1         1 
	   Disk (KB)            :        1        1    121641 
	   Memory (MB)          :        0     3900      3968 

	Job terminated of its own accord at 2022-03-30T04:42:34Z.
...
006 (126818.018.000) 2022-03-30 13:42:35 Image size of job updated: 653424
	0  -  MemoryUsage of job (MB)
	0  -  ResidentSetSize of job (KB)
...
005 (126818.018.000) 2022-03-30 13:42:35 Job terminated.
	(1) Normal termination (return value 0)
		Usr 0 00:00:05, Sys 0 00:00:00  -  Run Remote Usage
		Usr 0 00:00:00, Sys 0 00:00:00  -  Run Local Usage
		Usr 0 00:00:05, Sys 0 00:00:00  -  Total Remote Usage
		Usr 0 00:00:00, Sys 0 00:00:00  -  Total Local Usage
	0  -  Run Bytes Sent By Job
	0  -  Run Bytes Received By Job
	0  -  Total Bytes Sent By Job
	0  -  Total Bytes Received By Job
	Partitionable Resources :    Usage  Request Allocated 
	   Cpus                 :                 1         1 
	   Disk (KB)            :        1        1    121641 
	   Memory (MB)          :        0     3900      3968 

	Job terminated of its own accord at 2022-03-30T04:42:35Z.
...
006 (126818.017.000) 2022-03-30 13:42:36 Image size of job updated: 646252
	183  -  MemoryUsage of job (MB)
	187040  -  ResidentSetSize of job (KB)
...
006 (126818.000.000) 2022-03-30 13:42:37 Image size of job updated: 633476
	177  -  MemoryUsage of job (MB)
	181028  -  ResidentSetSize of job (KB)
...
006 (126818.001.000) 2022-03-30 13:42:37 Image size of job updated: 633480
	177  -  MemoryUsage of job (MB)
	181036  -  ResidentSetSize of job (KB)
...
005 (126818.017.000) 2022-03-30 13:42:37 Job terminated.
	(1) Normal termination (return value 0)
		Usr 0 00:00:07, Sys 0 00:00:00  -  Run Remote Usage
		Usr 0 00:00:00, Sys 0 00:00:00  -  Run Local Usage
		Usr 0 00:00:07, Sys 0 00:00:00  -  Total Remote Usage
		Usr 0 00:00:00, Sys 0 00:00:00  -  Total Local Usage
	0  -  Run Bytes Sent By Job
	0  -  Run Bytes Received By Job
	0  -  Total Bytes Sent By Job
	0  -  Total Bytes Received By Job
	Partitionable Resources :    Usage  Request Allocated 
	   Cpus                 :                 1         1 
	   Disk (KB)            :        1        1    121641 
	   Memory (MB)          :      183     3900      3968 

	Job terminated of its own accord at 2022-03-30T04:42:37Z.
...
006 (126818.009.000) 2022-03-30 13:42:38 Image size of job updated: 633472
	182  -  MemoryUsage of job (MB)
	186272  -  ResidentSetSize of job (KB)
...
006 (126818.010.000) 2022-03-30 13:42:38 Image size of job updated: 633480
	183  -  MemoryUsage of job (MB)
	186452  -  ResidentSetSize of job (KB)
...
006 (126818.011.000) 2022-03-30 13:42:38 Image size of job updated: 633472
	183  -  MemoryUsage of job (MB)
	186460  -  ResidentSetSize of job (KB)
...
006 (126818.012.000) 2022-03-30 13:42:38 Image size of job updated: 609120
	171  -  MemoryUsage of job (MB)
	174156  -  ResidentSetSize of job (KB)
...
006 (126818.013.000) 2022-03-30 13:42:38 Image size of job updated: 633476
	183  -  MemoryUsage of job (MB)
	186448  -  ResidentSetSize of job (KB)
...
006 (126818.002.000) 2022-03-30 13:42:38 Image size of job updated: 633480
	183  -  MemoryUsage of job (MB)
	186460  -  ResidentSetSize of job (KB)
...
006 (126818.003.000) 2022-03-30 13:42:38 Image size of job updated: 633472
	183  -  MemoryUsage of job (MB)
	186464  -  ResidentSetSize of job (KB)
...
006 (126818.004.000) 2022-03-30 13:42:38 Image size of job updated: 633480
	183  -  MemoryUsage of job (MB)
	186444  -  ResidentSetSize of job (KB)
...
006 (126818.005.000) 2022-03-30 13:42:38 Image size of job updated: 628348
	183  -  MemoryUsage of job (MB)
	186448  -  ResidentSetSize of job (KB)
...
006 (126818.006.000) 2022-03-30 13:42:38 Image size of job updated: 633472
	183  -  MemoryUsage of job (MB)
	186452  -  ResidentSetSize of job (KB)
...
006 (126818.007.000) 2022-03-30 13:42:38 Image size of job updated: 633480
	183  -  MemoryUsage of job (MB)
	186464  -  ResidentSetSize of job (KB)
...
006 (126818.008.000) 2022-03-30 13:42:39 Image size of job updated: 633476
	183  -  MemoryUsage of job (MB)
	186464  -  ResidentSetSize of job (KB)
...
006 (126818.014.000) 2022-03-30 13:42:39 Image size of job updated: 609180
	183  -  MemoryUsage of job (MB)
	186456  -  ResidentSetSize of job (KB)
...
006 (126818.015.000) 2022-03-30 13:42:39 Image size of job updated: 609180
	183  -  MemoryUsage of job (MB)
	186460  -  ResidentSetSize of job (KB)
...
006 (126818.016.000) 2022-03-30 13:42:39 Image size of job updated: 609176
	183  -  MemoryUsage of job (MB)
	186452  -  ResidentSetSize of job (KB)
...
006 (126818.013.000) 2022-03-30 13:42:44 Image size of job updated: 659768
	183  -  MemoryUsage of job (MB)
	186448  -  ResidentSetSize of job (KB)
...
005 (126818.013.000) 2022-03-30 13:42:44 Job terminated.
	(1) Normal termination (return value 0)
		Usr 0 00:00:09, Sys 0 00:00:01  -  Run Remote Usage
		Usr 0 00:00:00, Sys 0 00:00:00  -  Run Local Usage
		Usr 0 00:00:09, Sys 0 00:00:01  -  Total Remote Usage
		Usr 0 00:00:00, Sys 0 00:00:00  -  Total Local Usage
	0  -  Run Bytes Sent By Job
	0  -  Run Bytes Received By Job
	0  -  Total Bytes Sent By Job
	0  -  Total Bytes Received By Job
	Partitionable Resources :    Usage  Request Allocated 
	   Cpus                 :                 1         1 
	   Disk (KB)            :        1        1    121125 
	   Memory (MB)          :      183     3900      3968 

	Job terminated of its own accord at 2022-03-30T04:42:44Z.
...
006 (126818.010.000) 2022-03-30 13:42:45 Image size of job updated: 684944
	183  -  MemoryUsage of job (MB)
	186452  -  ResidentSetSize of job (KB)
...
005 (126818.010.000) 2022-03-30 13:42:45 Job terminated.
	(1) Normal termination (return value 0)
		Usr 0 00:00:09, Sys 0 00:00:01  -  Run Remote Usage
		Usr 0 00:00:00, Sys 0 00:00:00  -  Run Local Usage
		Usr 0 00:00:09, Sys 0 00:00:01  -  Total Remote Usage
		Usr 0 00:00:00, Sys 0 00:00:00  -  Total Local Usage
	0  -  Run Bytes Sent By Job
	0  -  Run Bytes Received By Job
	0  -  Total Bytes Sent By Job
	0  -  Total Bytes Received By Job
	Partitionable Resources :    Usage  Request Allocated 
	   Cpus                 :                 1         1 
	   Disk (KB)            :        1        1    121125 
	   Memory (MB)          :      183     3900      3968 

	Job terminated of its own accord at 2022-03-30T04:42:45Z.
...
006 (126818.011.000) 2022-03-30 13:42:46 Image size of job updated: 686732
	183  -  MemoryUsage of job (MB)
	186460  -  ResidentSetSize of job (KB)
...
005 (126818.011.000) 2022-03-30 13:42:46 Job terminated.
	(1) Normal termination (return value 0)
		Usr 0 00:00:10, Sys 0 00:00:01  -  Run Remote Usage
		Usr 0 00:00:00, Sys 0 00:00:00  -  Run Local Usage
		Usr 0 00:00:10, Sys 0 00:00:01  -  Total Remote Usage
		Usr 0 00:00:00, Sys 0 00:00:00  -  Total Local Usage
	0  -  Run Bytes Sent By Job
	0  -  Run Bytes Received By Job
	0  -  Total Bytes Sent By Job
	0  -  Total Bytes Received By Job
	Partitionable Resources :    Usage  Request Allocated 
	   Cpus                 :                 1         1 
	   Disk (KB)            :        1        1    121125 
	   Memory (MB)          :      183     3900      3968 

	Job terminated of its own accord at 2022-03-30T04:42:46Z.
...
006 (126818.016.000) 2022-03-30 13:42:47 Image size of job updated: 653464
	183  -  MemoryUsage of job (MB)
	186452  -  ResidentSetSize of job (KB)
...
005 (126818.016.000) 2022-03-30 13:42:47 Job terminated.
	(1) Normal termination (return value 0)
		Usr 0 00:00:11, Sys 0 00:00:02  -  Run Remote Usage
		Usr 0 00:00:00, Sys 0 00:00:00  -  Run Local Usage
		Usr 0 00:00:11, Sys 0 00:00:02  -  Total Remote Usage
		Usr 0 00:00:00, Sys 0 00:00:00  -  Total Local Usage
	0  -  Run Bytes Sent By Job
	0  -  Run Bytes Received By Job
	0  -  Total Bytes Sent By Job
	0  -  Total Bytes Received By Job
	Partitionable Resources :    Usage  Request Allocated 
	   Cpus                 :                 1         1 
	   Disk (KB)            :        1        1    121125 
	   Memory (MB)          :      183     3900      3968 

	Job terminated of its own accord at 2022-03-30T04:42:47Z.
...
006 (126818.002.000) 2022-03-30 13:42:48 Image size of job updated: 685000
	183  -  MemoryUsage of job (MB)
	186460  -  ResidentSetSize of job (KB)
...
005 (126818.002.000) 2022-03-30 13:42:48 Job terminated.
	(1) Normal termination (return value 0)
		Usr 0 00:00:13, Sys 0 00:00:02  -  Run Remote Usage
		Usr 0 00:00:00, Sys 0 00:00:00  -  Run Local Usage
		Usr 0 00:00:13, Sys 0 00:00:02  -  Total Remote Usage
		Usr 0 00:00:00, Sys 0 00:00:00  -  Total Local Usage
	0  -  Run Bytes Sent By Job
	0  -  Run Bytes Received By Job
	0  -  Total Bytes Sent By Job
	0  -  Total Bytes Received By Job
	Partitionable Resources :    Usage  Request Allocated 
	   Cpus                 :                 1         1 
	   Disk (KB)            :        1        1    121125 
	   Memory (MB)          :      183     3900      3968 

	Job terminated of its own accord at 2022-03-30T04:42:48Z.
...
006 (126818.006.000) 2022-03-30 13:42:49 Image size of job updated: 686728
	183  -  MemoryUsage of job (MB)
	186452  -  ResidentSetSize of job (KB)
...
005 (126818.006.000) 2022-03-30 13:42:49 Job terminated.
	(1) Normal termination (return value 0)
		Usr 0 00:00:13, Sys 0 00:00:01  -  Run Remote Usage
		Usr 0 00:00:00, Sys 0 00:00:00  -  Run Local Usage
		Usr 0 00:00:13, Sys 0 00:00:01  -  Total Remote Usage
		Usr 0 00:00:00, Sys 0 00:00:00  -  Total Local Usage
	0  -  Run Bytes Sent By Job
	0  -  Run Bytes Received By Job
	0  -  Total Bytes Sent By Job
	0  -  Total Bytes Received By Job
	Partitionable Resources :    Usage  Request Allocated 
	   Cpus                 :                 1         1 
	   Disk (KB)            :        1        1    121125 
	   Memory (MB)          :      183     3900      3968 

	Job terminated of its own accord at 2022-03-30T04:42:49Z.
...
006 (126818.015.000) 2022-03-30 13:42:50 Image size of job updated: 653496
	183  -  MemoryUsage of job (MB)
	186460  -  ResidentSetSize of job (KB)
...
005 (126818.015.000) 2022-03-30 13:42:50 Job terminated.
	(1) Normal termination (return value 0)
		Usr 0 00:00:14, Sys 0 00:00:02  -  Run Remote Usage
		Usr 0 00:00:00, Sys 0 00:00:00  -  Run Local Usage
		Usr 0 00:00:14, Sys 0 00:00:02  -  Total Remote Usage
		Usr 0 00:00:00, Sys 0 00:00:00  -  Total Local Usage
	0  -  Run Bytes Sent By Job
	0  -  Run Bytes Received By Job
	0  -  Total Bytes Sent By Job
	0  -  Total Bytes Received By Job
	Partitionable Resources :    Usage  Request Allocated 
	   Cpus                 :                 1         1 
	   Disk (KB)            :        1        1    121125 
	   Memory (MB)          :      183     3900      3968 

	Job terminated of its own accord at 2022-03-30T04:42:50Z.
...
006 (126818.007.000) 2022-03-30 13:42:50 Image size of job updated: 690164
	183  -  MemoryUsage of job (MB)
	186464  -  ResidentSetSize of job (KB)
...
005 (126818.007.000) 2022-03-30 13:42:50 Job terminated.
	(1) Normal termination (return value 0)
		Usr 0 00:00:15, Sys 0 00:00:01  -  Run Remote Usage
		Usr 0 00:00:00, Sys 0 00:00:00  -  Run Local Usage
		Usr 0 00:00:15, Sys 0 00:00:01  -  Total Remote Usage
		Usr 0 00:00:00, Sys 0 00:00:00  -  Total Local Usage
	0  -  Run Bytes Sent By Job
	0  -  Run Bytes Received By Job
	0  -  Total Bytes Sent By Job
	0  -  Total Bytes Received By Job
	Partitionable Resources :    Usage  Request Allocated 
	   Cpus                 :                 1         1 
	   Disk (KB)            :        1        1    121125 
	   Memory (MB)          :      183     3900      3968 

	Job terminated of its own accord at 2022-03-30T04:42:50Z.
...
006 (126818.014.000) 2022-03-30 13:42:51 Image size of job updated: 659052
	183  -  MemoryUsage of job (MB)
	186456  -  ResidentSetSize of job (KB)
...
005 (126818.014.000) 2022-03-30 13:42:51 Job terminated.
	(1) Normal termination (return value 0)
		Usr 0 00:00:15, Sys 0 00:00:02  -  Run Remote Usage
		Usr 0 00:00:00, Sys 0 00:00:00  -  Run Local Usage
		Usr 0 00:00:15, Sys 0 00:00:02  -  Total Remote Usage
		Usr 0 00:00:00, Sys 0 00:00:00  -  Total Local Usage
	0  -  Run Bytes Sent By Job
	0  -  Run Bytes Received By Job
	0  -  Total Bytes Sent By Job
	0  -  Total Bytes Received By Job
	Partitionable Resources :    Usage  Request Allocated 
	   Cpus                 :                 1         1 
	   Disk (KB)            :        1        1    121125 
	   Memory (MB)          :      183     3900      3968 

	Job terminated of its own accord at 2022-03-30T04:42:51Z.
...
006 (126818.005.000) 2022-03-30 13:42:52 Image size of job updated: 685024
	183  -  MemoryUsage of job (MB)
	186448  -  ResidentSetSize of job (KB)
...
005 (126818.005.000) 2022-03-30 13:42:52 Job terminated.
	(1) Normal termination (return value 0)
		Usr 0 00:00:16, Sys 0 00:00:02  -  Run Remote Usage
		Usr 0 00:00:00, Sys 0 00:00:00  -  Run Local Usage
		Usr 0 00:00:16, Sys 0 00:00:02  -  Total Remote Usage
		Usr 0 00:00:00, Sys 0 00:00:00  -  Total Local Usage
	0  -  Run Bytes Sent By Job
	0  -  Run Bytes Received By Job
	0  -  Total Bytes Sent By Job
	0  -  Total Bytes Received By Job
	Partitionable Resources :    Usage  Request Allocated 
	   Cpus                 :                 1         1 
	   Disk (KB)            :        1        1    121125 
	   Memory (MB)          :      183     3900      3968 

	Job terminated of its own accord at 2022-03-30T04:42:52Z.
...
006 (126818.001.000) 2022-03-30 13:42:54 Image size of job updated: 684988
	177  -  MemoryUsage of job (MB)
	181036  -  ResidentSetSize of job (KB)
...
005 (126818.001.000) 2022-03-30 13:42:54 Job terminated.
	(1) Normal termination (return value 0)
		Usr 0 00:00:19, Sys 0 00:00:01  -  Run Remote Usage
		Usr 0 00:00:00, Sys 0 00:00:00  -  Run Local Usage
		Usr 0 00:00:19, Sys 0 00:00:01  -  Total Remote Usage
		Usr 0 00:00:00, Sys 0 00:00:00  -  Total Local Usage
	0  -  Run Bytes Sent By Job
	0  -  Run Bytes Received By Job
	0  -  Total Bytes Sent By Job
	0  -  Total Bytes Received By Job
	Partitionable Resources :    Usage  Request Allocated 
	   Cpus                 :                 1         1 
	   Disk (KB)            :        1        1    121125 
	   Memory (MB)          :      177     3900      3968 

	Job terminated of its own accord at 2022-03-30T04:42:54Z.
...
006 (126818.003.000) 2022-03-30 13:42:57 Image size of job updated: 686732
	183  -  MemoryUsage of job (MB)
	186464  -  ResidentSetSize of job (KB)
...
005 (126818.003.000) 2022-03-30 13:42:57 Job terminated.
	(1) Normal termination (return value 0)
		Usr 0 00:00:22, Sys 0 00:00:02  -  Run Remote Usage
		Usr 0 00:00:00, Sys 0 00:00:00  -  Run Local Usage
		Usr 0 00:00:22, Sys 0 00:00:02  -  Total Remote Usage
		Usr 0 00:00:00, Sys 0 00:00:00  -  Total Local Usage
	0  -  Run Bytes Sent By Job
	0  -  Run Bytes Received By Job
	0  -  Total Bytes Sent By Job
	0  -  Total Bytes Received By Job
	Partitionable Resources :    Usage  Request Allocated 
	   Cpus                 :                 1         1 
	   Disk (KB)            :        1        1    121125 
	   Memory (MB)          :      183     3900      3968 

	Job terminated of its own accord at 2022-03-30T04:42:57Z.
...
006 (126818.008.000) 2022-03-30 13:43:03 Image size of job updated: 690108
	183  -  MemoryUsage of job (MB)
	186464  -  ResidentSetSize of job (KB)
...
005 (126818.008.000) 2022-03-30 13:43:03 Job terminated.
	(1) Normal termination (return value 0)
		Usr 0 00:00:28, Sys 0 00:00:01  -  Run Remote Usage
		Usr 0 00:00:00, Sys 0 00:00:00  -  Run Local Usage
		Usr 0 00:00:28, Sys 0 00:00:01  -  Total Remote Usage
		Usr 0 00:00:00, Sys 0 00:00:00  -  Total Local Usage
	0  -  Run Bytes Sent By Job
	0  -  Run Bytes Received By Job
	0  -  Total Bytes Sent By Job
	0  -  Total Bytes Received By Job
	Partitionable Resources :    Usage  Request Allocated 
	   Cpus                 :                 1         1 
	   Disk (KB)            :        1        1    121125 
	   Memory (MB)          :      183     3900      3968 

	Job terminated of its own accord at 2022-03-30T04:43:03Z.
...
006 (126818.009.000) 2022-03-30 13:43:05 Image size of job updated: 690148
	182  -  MemoryUsage of job (MB)
	186368  -  ResidentSetSize of job (KB)
...
005 (126818.009.000) 2022-03-30 13:43:05 Job terminated.
	(1) Normal termination (return value 0)
		Usr 0 00:00:30, Sys 0 00:00:01  -  Run Remote Usage
		Usr 0 00:00:00, Sys 0 00:00:00  -  Run Local Usage
		Usr 0 00:00:30, Sys 0 00:00:01  -  Total Remote Usage
		Usr 0 00:00:00, Sys 0 00:00:00  -  Total Local Usage
	0  -  Run Bytes Sent By Job
	0  -  Run Bytes Received By Job
	0  -  Total Bytes Sent By Job
	0  -  Total Bytes Received By Job
	Partitionable Resources :    Usage  Request Allocated 
	   Cpus                 :                 1         1 
	   Disk (KB)            :        1        1    121125 
	   Memory (MB)          :      182     3900      3968 

	Job terminated of its own accord at 2022-03-30T04:43:05Z.
...
006 (126818.004.000) 2022-03-30 13:43:08 Image size of job updated: 689992
	183  -  MemoryUsage of job (MB)
	186444  -  ResidentSetSize of job (KB)
...
005 (126818.004.000) 2022-03-30 13:43:08 Job terminated.
	(1) Normal termination (return value 0)
		Usr 0 00:00:33, Sys 0 00:00:01  -  Run Remote Usage
		Usr 0 00:00:00, Sys 0 00:00:00  -  Run Local Usage
		Usr 0 00:00:33, Sys 0 00:00:01  -  Total Remote Usage
		Usr 0 00:00:00, Sys 0 00:00:00  -  Total Local Usage
	0  -  Run Bytes Sent By Job
	0  -  Run Bytes Received By Job
	0  -  Total Bytes Sent By Job
	0  -  Total Bytes Received By Job
	Partitionable Resources :    Usage  Request Allocated 
	   Cpus                 :                 1         1 
	   Disk (KB)            :        1        1    121125 
	   Memory (MB)          :      183     3900      3968 

	Job terminated of its own accord at 2022-03-30T04:43:08Z.
...
006 (126818.000.000) 2022-03-30 13:43:09 Image size of job updated: 691300
	177  -  MemoryUsage of job (MB)
	181028  -  ResidentSetSize of job (KB)
...
005 (126818.000.000) 2022-03-30 13:43:09 Job terminated.
	(1) Normal termination (return value 0)
		Usr 0 00:00:34, Sys 0 00:00:01  -  Run Remote Usage
		Usr 0 00:00:00, Sys 0 00:00:00  -  Run Local Usage
		Usr 0 00:00:34, Sys 0 00:00:01  -  Total Remote Usage
		Usr 0 00:00:00, Sys 0 00:00:00  -  Total Local Usage
	0  -  Run Bytes Sent By Job
	0  -  Run Bytes Received By Job
	0  -  Total Bytes Sent By Job
	0  -  Total Bytes Received By Job
	Partitionable Resources :    Usage  Request Allocated 
	   Cpus                 :                 1         1 
	   Disk (KB)            :        1        1    121125 
	   Memory (MB)          :      177     3900      3968 

	Job terminated of its own accord at 2022-03-30T04:43:09Z.
...
006 (126818.012.000) 2022-03-30 13:43:10 Image size of job updated: 646260
	171  -  MemoryUsage of job (MB)
	174240  -  ResidentSetSize of job (KB)
...
005 (126818.012.000) 2022-03-30 13:43:10 Job terminated.
	(1) Normal termination (return value 0)
		Usr 0 00:00:34, Sys 0 00:00:02  -  Run Remote Usage
		Usr 0 00:00:00, Sys 0 00:00:00  -  Run Local Usage
		Usr 0 00:00:34, Sys 0 00:00:02  -  Total Remote Usage
		Usr 0 00:00:00, Sys 0 00:00:00  -  Total Local Usage
	0  -  Run Bytes Sent By Job
	0  -  Run Bytes Received By Job
	0  -  Total Bytes Sent By Job
	0  -  Total Bytes Received By Job
	Partitionable Resources :    Usage  Request Allocated 
	   Cpus                 :     1.00        1         1 
	   Disk (KB)            :     1           1    121125 
	   Memory (MB)          :   171        3900      3968 

	Job terminated of its own accord at 2022-03-30T04:43:10Z.
...
000 (127796.000.000) 2022-03-31 14:00:41 Job submitted from host: <172.30.1.200:9618?addrs=172.30.1.200-9618&alias=tamsa2.snu.ac.kr&noUDP&sock=schedd_3154_f5cb>
...
000 (127796.001.000) 2022-03-31 14:00:41 Job submitted from host: <172.30.1.200:9618?addrs=172.30.1.200-9618&alias=tamsa2.snu.ac.kr&noUDP&sock=schedd_3154_f5cb>
...
000 (127796.002.000) 2022-03-31 14:00:41 Job submitted from host: <172.30.1.200:9618?addrs=172.30.1.200-9618&alias=tamsa2.snu.ac.kr&noUDP&sock=schedd_3154_f5cb>
...
000 (127796.003.000) 2022-03-31 14:00:41 Job submitted from host: <172.30.1.200:9618?addrs=172.30.1.200-9618&alias=tamsa2.snu.ac.kr&noUDP&sock=schedd_3154_f5cb>
...
000 (127796.004.000) 2022-03-31 14:00:41 Job submitted from host: <172.30.1.200:9618?addrs=172.30.1.200-9618&alias=tamsa2.snu.ac.kr&noUDP&sock=schedd_3154_f5cb>
...
000 (127796.005.000) 2022-03-31 14:00:41 Job submitted from host: <172.30.1.200:9618?addrs=172.30.1.200-9618&alias=tamsa2.snu.ac.kr&noUDP&sock=schedd_3154_f5cb>
...
000 (127796.006.000) 2022-03-31 14:00:41 Job submitted from host: <172.30.1.200:9618?addrs=172.30.1.200-9618&alias=tamsa2.snu.ac.kr&noUDP&sock=schedd_3154_f5cb>
...
000 (127796.007.000) 2022-03-31 14:00:41 Job submitted from host: <172.30.1.200:9618?addrs=172.30.1.200-9618&alias=tamsa2.snu.ac.kr&noUDP&sock=schedd_3154_f5cb>
...
000 (127796.008.000) 2022-03-31 14:00:41 Job submitted from host: <172.30.1.200:9618?addrs=172.30.1.200-9618&alias=tamsa2.snu.ac.kr&noUDP&sock=schedd_3154_f5cb>
...
000 (127796.009.000) 2022-03-31 14:00:41 Job submitted from host: <172.30.1.200:9618?addrs=172.30.1.200-9618&alias=tamsa2.snu.ac.kr&noUDP&sock=schedd_3154_f5cb>
...
000 (127796.010.000) 2022-03-31 14:00:41 Job submitted from host: <172.30.1.200:9618?addrs=172.30.1.200-9618&alias=tamsa2.snu.ac.kr&noUDP&sock=schedd_3154_f5cb>
...
000 (127796.011.000) 2022-03-31 14:00:41 Job submitted from host: <172.30.1.200:9618?addrs=172.30.1.200-9618&alias=tamsa2.snu.ac.kr&noUDP&sock=schedd_3154_f5cb>
...
000 (127796.012.000) 2022-03-31 14:00:41 Job submitted from host: <172.30.1.200:9618?addrs=172.30.1.200-9618&alias=tamsa2.snu.ac.kr&noUDP&sock=schedd_3154_f5cb>
...
000 (127796.013.000) 2022-03-31 14:00:41 Job submitted from host: <172.30.1.200:9618?addrs=172.30.1.200-9618&alias=tamsa2.snu.ac.kr&noUDP&sock=schedd_3154_f5cb>
...
000 (127796.014.000) 2022-03-31 14:00:41 Job submitted from host: <172.30.1.200:9618?addrs=172.30.1.200-9618&alias=tamsa2.snu.ac.kr&noUDP&sock=schedd_3154_f5cb>
...
000 (127796.015.000) 2022-03-31 14:00:41 Job submitted from host: <172.30.1.200:9618?addrs=172.30.1.200-9618&alias=tamsa2.snu.ac.kr&noUDP&sock=schedd_3154_f5cb>
...
000 (127796.016.000) 2022-03-31 14:00:41 Job submitted from host: <172.30.1.200:9618?addrs=172.30.1.200-9618&alias=tamsa2.snu.ac.kr&noUDP&sock=schedd_3154_f5cb>
...
000 (127796.017.000) 2022-03-31 14:00:41 Job submitted from host: <172.30.1.200:9618?addrs=172.30.1.200-9618&alias=tamsa2.snu.ac.kr&noUDP&sock=schedd_3154_f5cb>
...
000 (127796.018.000) 2022-03-31 14:00:41 Job submitted from host: <172.30.1.200:9618?addrs=172.30.1.200-9618&alias=tamsa2.snu.ac.kr&noUDP&sock=schedd_3154_f5cb>
...
000 (127796.019.000) 2022-03-31 14:00:41 Job submitted from host: <172.30.1.200:9618?addrs=172.30.1.200-9618&alias=tamsa2.snu.ac.kr&noUDP&sock=schedd_3154_f5cb>
...
001 (127796.000.000) 2022-03-31 14:00:48 Job executing on host: <172.30.1.201:9618?addrs=172.30.1.201-9618&alias=node1&noUDP&sock=startd_3603_efd1>
...
001 (127796.001.000) 2022-03-31 14:00:48 Job executing on host: <172.30.1.201:9618?addrs=172.30.1.201-9618&alias=node1&noUDP&sock=startd_3603_efd1>
...
001 (127796.002.000) 2022-03-31 14:00:48 Job executing on host: <172.30.1.201:9618?addrs=172.30.1.201-9618&alias=node1&noUDP&sock=startd_3603_efd1>
...
001 (127796.003.000) 2022-03-31 14:00:48 Job executing on host: <172.30.1.201:9618?addrs=172.30.1.201-9618&alias=node1&noUDP&sock=startd_3603_efd1>
...
001 (127796.004.000) 2022-03-31 14:00:48 Job executing on host: <172.30.1.201:9618?addrs=172.30.1.201-9618&alias=node1&noUDP&sock=startd_3603_efd1>
...
001 (127796.005.000) 2022-03-31 14:00:48 Job executing on host: <172.30.1.201:9618?addrs=172.30.1.201-9618&alias=node1&noUDP&sock=startd_3603_efd1>
...
001 (127796.006.000) 2022-03-31 14:00:48 Job executing on host: <172.30.1.201:9618?addrs=172.30.1.201-9618&alias=node1&noUDP&sock=startd_3603_efd1>
...
001 (127796.007.000) 2022-03-31 14:00:48 Job executing on host: <172.30.1.201:9618?addrs=172.30.1.201-9618&alias=node1&noUDP&sock=startd_3603_efd1>
...
001 (127796.008.000) 2022-03-31 14:00:49 Job executing on host: <172.30.1.201:9618?addrs=172.30.1.201-9618&alias=node1&noUDP&sock=startd_3603_efd1>
...
001 (127796.009.000) 2022-03-31 14:00:49 Job executing on host: <172.30.1.201:9618?addrs=172.30.1.201-9618&alias=node1&noUDP&sock=startd_3603_efd1>
...
001 (127796.010.000) 2022-03-31 14:00:49 Job executing on host: <172.30.1.201:9618?addrs=172.30.1.201-9618&alias=node1&noUDP&sock=startd_3603_efd1>
...
001 (127796.011.000) 2022-03-31 14:00:49 Job executing on host: <172.30.1.201:9618?addrs=172.30.1.201-9618&alias=node1&noUDP&sock=startd_3603_efd1>
...
001 (127796.012.000) 2022-03-31 14:00:49 Job executing on host: <172.30.1.201:9618?addrs=172.30.1.201-9618&alias=node1&noUDP&sock=startd_3603_efd1>
...
001 (127796.013.000) 2022-03-31 14:00:49 Job executing on host: <172.30.1.201:9618?addrs=172.30.1.201-9618&alias=node1&noUDP&sock=startd_3603_efd1>
...
001 (127796.014.000) 2022-03-31 14:00:49 Job executing on host: <172.30.1.201:9618?addrs=172.30.1.201-9618&alias=node1&noUDP&sock=startd_3603_efd1>
...
001 (127796.016.000) 2022-03-31 14:00:49 Job executing on host: <172.30.1.201:9618?addrs=172.30.1.201-9618&alias=node1&noUDP&sock=startd_3603_efd1>
...
001 (127796.015.000) 2022-03-31 14:00:49 Job executing on host: <172.30.1.201:9618?addrs=172.30.1.201-9618&alias=node1&noUDP&sock=startd_3603_efd1>
...
001 (127796.017.000) 2022-03-31 14:00:49 Job executing on host: <172.30.1.201:9618?addrs=172.30.1.201-9618&alias=node1&noUDP&sock=startd_3603_efd1>
...
001 (127796.018.000) 2022-03-31 14:00:49 Job executing on host: <172.30.1.201:9618?addrs=172.30.1.201-9618&alias=node1&noUDP&sock=startd_3603_efd1>
...
001 (127796.019.000) 2022-03-31 14:00:49 Job executing on host: <172.30.1.201:9618?addrs=172.30.1.201-9618&alias=node1&noUDP&sock=startd_3603_efd1>
...
006 (127796.007.000) 2022-03-31 14:00:57 Image size of job updated: 392676
	152  -  MemoryUsage of job (MB)
	154988  -  ResidentSetSize of job (KB)
...
006 (127796.008.000) 2022-03-31 14:00:57 Image size of job updated: 610476
	152  -  MemoryUsage of job (MB)
	155152  -  ResidentSetSize of job (KB)
...
006 (127796.009.000) 2022-03-31 14:00:57 Image size of job updated: 618372
	158  -  MemoryUsage of job (MB)
	161300  -  ResidentSetSize of job (KB)
...
006 (127796.010.000) 2022-03-31 14:00:57 Image size of job updated: 618364
	158  -  MemoryUsage of job (MB)
	161288  -  ResidentSetSize of job (KB)
...
006 (127796.011.000) 2022-03-31 14:00:57 Image size of job updated: 610476
	155  -  MemoryUsage of job (MB)
	158260  -  ResidentSetSize of job (KB)
...
006 (127796.012.000) 2022-03-31 14:00:57 Image size of job updated: 611192
	158  -  MemoryUsage of job (MB)
	161296  -  ResidentSetSize of job (KB)
...
006 (127796.013.000) 2022-03-31 14:00:57 Image size of job updated: 610880
	160  -  MemoryUsage of job (MB)
	162900  -  ResidentSetSize of job (KB)
...
006 (127796.000.000) 2022-03-31 14:00:57 Image size of job updated: 618372
	165  -  MemoryUsage of job (MB)
	168496  -  ResidentSetSize of job (KB)
...
006 (127796.001.000) 2022-03-31 14:00:57 Image size of job updated: 618372
	164  -  MemoryUsage of job (MB)
	167832  -  ResidentSetSize of job (KB)
...
006 (127796.002.000) 2022-03-31 14:00:57 Image size of job updated: 611196
	166  -  MemoryUsage of job (MB)
	169744  -  ResidentSetSize of job (KB)
...
006 (127796.003.000) 2022-03-31 14:00:57 Image size of job updated: 618372
	167  -  MemoryUsage of job (MB)
	170000  -  ResidentSetSize of job (KB)
...
006 (127796.004.000) 2022-03-31 14:00:57 Image size of job updated: 618368
	170  -  MemoryUsage of job (MB)
	173668  -  ResidentSetSize of job (KB)
...
006 (127796.005.000) 2022-03-31 14:00:57 Image size of job updated: 610480
	170  -  MemoryUsage of job (MB)
	173428  -  ResidentSetSize of job (KB)
...
006 (127796.006.000) 2022-03-31 14:00:57 Image size of job updated: 618372
	172  -  MemoryUsage of job (MB)
	175704  -  ResidentSetSize of job (KB)
...
006 (127796.014.000) 2022-03-31 14:00:58 Image size of job updated: 618364
	178  -  MemoryUsage of job (MB)
	181820  -  ResidentSetSize of job (KB)
...
006 (127796.016.000) 2022-03-31 14:00:58 Image size of job updated: 610476
	177  -  MemoryUsage of job (MB)
	181136  -  ResidentSetSize of job (KB)
...
006 (127796.015.000) 2022-03-31 14:00:58 Image size of job updated: 618372
	179  -  MemoryUsage of job (MB)
	182544  -  ResidentSetSize of job (KB)
...
006 (127796.017.000) 2022-03-31 14:00:58 Image size of job updated: 610484
	178  -  MemoryUsage of job (MB)
	181288  -  ResidentSetSize of job (KB)
...
006 (127796.018.000) 2022-03-31 14:00:58 Image size of job updated: 618368
	180  -  MemoryUsage of job (MB)
	183496  -  ResidentSetSize of job (KB)
...
006 (127796.019.000) 2022-03-31 14:00:58 Image size of job updated: 610352
	179  -  MemoryUsage of job (MB)
	182716  -  ResidentSetSize of job (KB)
...
006 (127796.008.000) 2022-03-31 14:01:07 Image size of job updated: 689608
	152  -  MemoryUsage of job (MB)
	155152  -  ResidentSetSize of job (KB)
...
005 (127796.008.000) 2022-03-31 14:01:07 Job terminated.
	(1) Normal termination (return value 0)
		Usr 0 00:00:11, Sys 0 00:00:02  -  Run Remote Usage
		Usr 0 00:00:00, Sys 0 00:00:00  -  Run Local Usage
		Usr 0 00:00:11, Sys 0 00:00:02  -  Total Remote Usage
		Usr 0 00:00:00, Sys 0 00:00:00  -  Total Local Usage
	0  -  Run Bytes Sent By Job
	0  -  Run Bytes Received By Job
	0  -  Total Bytes Sent By Job
	0  -  Total Bytes Received By Job
	Partitionable Resources :    Usage  Request Allocated 
	   Cpus                 :                 1         1 
	   Disk (KB)            :        1        1    121641 
	   Memory (MB)          :      152     3900      3968 

	Job terminated of its own accord at 2022-03-31T05:01:07Z.
...
006 (127796.019.000) 2022-03-31 14:01:08 Image size of job updated: 653656
	179  -  MemoryUsage of job (MB)
	182720  -  ResidentSetSize of job (KB)
...
005 (127796.019.000) 2022-03-31 14:01:08 Job terminated.
	(1) Normal termination (return value 0)
		Usr 0 00:00:12, Sys 0 00:00:02  -  Run Remote Usage
		Usr 0 00:00:00, Sys 0 00:00:00  -  Run Local Usage
		Usr 0 00:00:12, Sys 0 00:00:02  -  Total Remote Usage
		Usr 0 00:00:00, Sys 0 00:00:00  -  Total Local Usage
	0  -  Run Bytes Sent By Job
	0  -  Run Bytes Received By Job
	0  -  Total Bytes Sent By Job
	0  -  Total Bytes Received By Job
	Partitionable Resources :    Usage  Request Allocated 
	   Cpus                 :                 1         1 
	   Disk (KB)            :        1        1    121641 
	   Memory (MB)          :      179     3900      3968 

	Job terminated of its own accord at 2022-03-31T05:01:08Z.
...
006 (127796.015.000) 2022-03-31 14:01:08 Image size of job updated: 689512
	179  -  MemoryUsage of job (MB)
	182544  -  ResidentSetSize of job (KB)
...
005 (127796.015.000) 2022-03-31 14:01:08 Job terminated.
	(1) Normal termination (return value 0)
		Usr 0 00:00:12, Sys 0 00:00:02  -  Run Remote Usage
		Usr 0 00:00:00, Sys 0 00:00:00  -  Run Local Usage
		Usr 0 00:00:12, Sys 0 00:00:02  -  Total Remote Usage
		Usr 0 00:00:00, Sys 0 00:00:00  -  Total Local Usage
	0  -  Run Bytes Sent By Job
	0  -  Run Bytes Received By Job
	0  -  Total Bytes Sent By Job
	0  -  Total Bytes Received By Job
	Partitionable Resources :    Usage  Request Allocated 
	   Cpus                 :                 1         1 
	   Disk (KB)            :        1        1    121641 
	   Memory (MB)          :      179     3900      3968 

	Job terminated of its own accord at 2022-03-31T05:01:08Z.
...
006 (127796.002.000) 2022-03-31 14:01:11 Image size of job updated: 689572
	166  -  MemoryUsage of job (MB)
	169744  -  ResidentSetSize of job (KB)
...
005 (127796.002.000) 2022-03-31 14:01:11 Job terminated.
	(1) Normal termination (return value 0)
		Usr 0 00:00:15, Sys 0 00:00:02  -  Run Remote Usage
		Usr 0 00:00:00, Sys 0 00:00:00  -  Run Local Usage
		Usr 0 00:00:15, Sys 0 00:00:02  -  Total Remote Usage
		Usr 0 00:00:00, Sys 0 00:00:00  -  Total Local Usage
	0  -  Run Bytes Sent By Job
	0  -  Run Bytes Received By Job
	0  -  Total Bytes Sent By Job
	0  -  Total Bytes Received By Job
	Partitionable Resources :    Usage  Request Allocated 
	   Cpus                 :                 1         1 
	   Disk (KB)            :        1        1    121641 
	   Memory (MB)          :      166     3900      3968 

	Job terminated of its own accord at 2022-03-31T05:01:11Z.
...
006 (127796.003.000) 2022-03-31 14:01:12 Image size of job updated: 688660
	167  -  MemoryUsage of job (MB)
	170028  -  ResidentSetSize of job (KB)
...
005 (127796.003.000) 2022-03-31 14:01:12 Job terminated.
	(1) Normal termination (return value 0)
		Usr 0 00:00:16, Sys 0 00:00:02  -  Run Remote Usage
		Usr 0 00:00:00, Sys 0 00:00:00  -  Run Local Usage
		Usr 0 00:00:16, Sys 0 00:00:02  -  Total Remote Usage
		Usr 0 00:00:00, Sys 0 00:00:00  -  Total Local Usage
	0  -  Run Bytes Sent By Job
	0  -  Run Bytes Received By Job
	0  -  Total Bytes Sent By Job
	0  -  Total Bytes Received By Job
	Partitionable Resources :    Usage  Request Allocated 
	   Cpus                 :                 1         1 
	   Disk (KB)            :        1        1    121641 
	   Memory (MB)          :      167     3900      3968 

	Job terminated of its own accord at 2022-03-31T05:01:12Z.
...
006 (127796.004.000) 2022-03-31 14:01:13 Image size of job updated: 689900
	170  -  MemoryUsage of job (MB)
	173892  -  ResidentSetSize of job (KB)
...
005 (127796.004.000) 2022-03-31 14:01:13 Job terminated.
	(1) Normal termination (return value 0)
		Usr 0 00:00:17, Sys 0 00:00:02  -  Run Remote Usage
		Usr 0 00:00:00, Sys 0 00:00:00  -  Run Local Usage
		Usr 0 00:00:17, Sys 0 00:00:02  -  Total Remote Usage
		Usr 0 00:00:00, Sys 0 00:00:00  -  Total Local Usage
	0  -  Run Bytes Sent By Job
	0  -  Run Bytes Received By Job
	0  -  Total Bytes Sent By Job
	0  -  Total Bytes Received By Job
	Partitionable Resources :    Usage  Request Allocated 
	   Cpus                 :                 1         1 
	   Disk (KB)            :        1        1    121641 
	   Memory (MB)          :      170     3900      3968 

	Job terminated of its own accord at 2022-03-31T05:01:13Z.
...
006 (127796.012.000) 2022-03-31 14:01:14 Image size of job updated: 665016
	158  -  MemoryUsage of job (MB)
	161296  -  ResidentSetSize of job (KB)
...
005 (127796.012.000) 2022-03-31 14:01:14 Job terminated.
	(1) Normal termination (return value 0)
		Usr 0 00:00:18, Sys 0 00:00:02  -  Run Remote Usage
		Usr 0 00:00:00, Sys 0 00:00:00  -  Run Local Usage
		Usr 0 00:00:18, Sys 0 00:00:02  -  Total Remote Usage
		Usr 0 00:00:00, Sys 0 00:00:00  -  Total Local Usage
	0  -  Run Bytes Sent By Job
	0  -  Run Bytes Received By Job
	0  -  Total Bytes Sent By Job
	0  -  Total Bytes Received By Job
	Partitionable Resources :    Usage  Request Allocated 
	   Cpus                 :                 1         1 
	   Disk (KB)            :        1        1    121641 
	   Memory (MB)          :      158     3900      3968 

	Job terminated of its own accord at 2022-03-31T05:01:14Z.
...
006 (127796.006.000) 2022-03-31 14:01:15 Image size of job updated: 690236
	172  -  MemoryUsage of job (MB)
	175704  -  ResidentSetSize of job (KB)
...
005 (127796.006.000) 2022-03-31 14:01:15 Job terminated.
	(1) Normal termination (return value 0)
		Usr 0 00:00:19, Sys 0 00:00:02  -  Run Remote Usage
		Usr 0 00:00:00, Sys 0 00:00:00  -  Run Local Usage
		Usr 0 00:00:19, Sys 0 00:00:02  -  Total Remote Usage
		Usr 0 00:00:00, Sys 0 00:00:00  -  Total Local Usage
	0  -  Run Bytes Sent By Job
	0  -  Run Bytes Received By Job
	0  -  Total Bytes Sent By Job
	0  -  Total Bytes Received By Job
	Partitionable Resources :    Usage  Request Allocated 
	   Cpus                 :                 1         1 
	   Disk (KB)            :        1        1    121641 
	   Memory (MB)          :      172     3900      3968 

	Job terminated of its own accord at 2022-03-31T05:01:15Z.
...
006 (127796.014.000) 2022-03-31 14:01:17 Image size of job updated: 646528
	178  -  MemoryUsage of job (MB)
	181820  -  ResidentSetSize of job (KB)
...
005 (127796.014.000) 2022-03-31 14:01:17 Job terminated.
	(1) Normal termination (return value 0)
		Usr 0 00:00:21, Sys 0 00:00:02  -  Run Remote Usage
		Usr 0 00:00:00, Sys 0 00:00:00  -  Run Local Usage
		Usr 0 00:00:21, Sys 0 00:00:02  -  Total Remote Usage
		Usr 0 00:00:00, Sys 0 00:00:00  -  Total Local Usage
	0  -  Run Bytes Sent By Job
	0  -  Run Bytes Received By Job
	0  -  Total Bytes Sent By Job
	0  -  Total Bytes Received By Job
	Partitionable Resources :    Usage  Request Allocated 
	   Cpus                 :                 1         1 
	   Disk (KB)            :        1        1    121641 
	   Memory (MB)          :      178     3900      3968 

	Job terminated of its own accord at 2022-03-31T05:01:17Z.
...
006 (127796.016.000) 2022-03-31 14:01:23 Image size of job updated: 646520
	177  -  MemoryUsage of job (MB)
	181136  -  ResidentSetSize of job (KB)
...
006 (127796.017.000) 2022-03-31 14:01:23 Image size of job updated: 646524
	178  -  MemoryUsage of job (MB)
	181292  -  ResidentSetSize of job (KB)
...
005 (127796.016.000) 2022-03-31 14:01:23 Job terminated.
	(1) Normal termination (return value 0)
		Usr 0 00:00:27, Sys 0 00:00:02  -  Run Remote Usage
		Usr 0 00:00:00, Sys 0 00:00:00  -  Run Local Usage
		Usr 0 00:00:27, Sys 0 00:00:02  -  Total Remote Usage
		Usr 0 00:00:00, Sys 0 00:00:00  -  Total Local Usage
	0  -  Run Bytes Sent By Job
	0  -  Run Bytes Received By Job
	0  -  Total Bytes Sent By Job
	0  -  Total Bytes Received By Job
	Partitionable Resources :    Usage  Request Allocated 
	   Cpus                 :                 1         1 
	   Disk (KB)            :        1        1    121641 
	   Memory (MB)          :      177     3900      3968 

	Job terminated of its own accord at 2022-03-31T05:01:23Z.
...
005 (127796.017.000) 2022-03-31 14:01:23 Job terminated.
	(1) Normal termination (return value 0)
		Usr 0 00:00:27, Sys 0 00:00:02  -  Run Remote Usage
		Usr 0 00:00:00, Sys 0 00:00:00  -  Run Local Usage
		Usr 0 00:00:27, Sys 0 00:00:02  -  Total Remote Usage
		Usr 0 00:00:00, Sys 0 00:00:00  -  Total Local Usage
	0  -  Run Bytes Sent By Job
	0  -  Run Bytes Received By Job
	0  -  Total Bytes Sent By Job
	0  -  Total Bytes Received By Job
	Partitionable Resources :    Usage  Request Allocated 
	   Cpus                 :                 1         1 
	   Disk (KB)            :        1        1    121641 
	   Memory (MB)          :      178     3900      3968 

	Job terminated of its own accord at 2022-03-31T05:01:23Z.
...
006 (127796.007.000) 2022-03-31 14:01:27 Image size of job updated: 658472
	152  -  MemoryUsage of job (MB)
	155436  -  ResidentSetSize of job (KB)
...
005 (127796.007.000) 2022-03-31 14:01:27 Job terminated.
	(1) Normal termination (return value 0)
		Usr 0 00:00:31, Sys 0 00:00:02  -  Run Remote Usage
		Usr 0 00:00:00, Sys 0 00:00:00  -  Run Local Usage
		Usr 0 00:00:31, Sys 0 00:00:02  -  Total Remote Usage
		Usr 0 00:00:00, Sys 0 00:00:00  -  Total Local Usage
	0  -  Run Bytes Sent By Job
	0  -  Run Bytes Received By Job
	0  -  Total Bytes Sent By Job
	0  -  Total Bytes Received By Job
	Partitionable Resources :    Usage  Request Allocated 
	   Cpus                 :                 1         1 
	   Disk (KB)            :        1        1    121641 
	   Memory (MB)          :      152     3900      3968 

	Job terminated of its own accord at 2022-03-31T05:01:27Z.
...
006 (127796.018.000) 2022-03-31 14:01:28 Image size of job updated: 664944
	180  -  MemoryUsage of job (MB)
	183496  -  ResidentSetSize of job (KB)
...
005 (127796.018.000) 2022-03-31 14:01:28 Job terminated.
	(1) Normal termination (return value 0)
		Usr 0 00:00:32, Sys 0 00:00:02  -  Run Remote Usage
		Usr 0 00:00:00, Sys 0 00:00:00  -  Run Local Usage
		Usr 0 00:00:32, Sys 0 00:00:02  -  Total Remote Usage
		Usr 0 00:00:00, Sys 0 00:00:00  -  Total Local Usage
	0  -  Run Bytes Sent By Job
	0  -  Run Bytes Received By Job
	0  -  Total Bytes Sent By Job
	0  -  Total Bytes Received By Job
	Partitionable Resources :    Usage  Request Allocated 
	   Cpus                 :                 1         1 
	   Disk (KB)            :        1        1    121641 
	   Memory (MB)          :      180     3900      3968 

	Job terminated of its own accord at 2022-03-31T05:01:28Z.
...
006 (127796.010.000) 2022-03-31 14:01:33 Image size of job updated: 646524
	158  -  MemoryUsage of job (MB)
	161288  -  ResidentSetSize of job (KB)
...
005 (127796.010.000) 2022-03-31 14:01:33 Job terminated.
	(1) Normal termination (return value 0)
		Usr 0 00:00:37, Sys 0 00:00:02  -  Run Remote Usage
		Usr 0 00:00:00, Sys 0 00:00:00  -  Run Local Usage
		Usr 0 00:00:37, Sys 0 00:00:02  -  Total Remote Usage
		Usr 0 00:00:00, Sys 0 00:00:00  -  Total Local Usage
	0  -  Run Bytes Sent By Job
	0  -  Run Bytes Received By Job
	0  -  Total Bytes Sent By Job
	0  -  Total Bytes Received By Job
	Partitionable Resources :    Usage  Request Allocated 
	   Cpus                 :                 1         1 
	   Disk (KB)            :        1        1    121641 
	   Memory (MB)          :      158     3900      3968 

	Job terminated of its own accord at 2022-03-31T05:01:33Z.
...
006 (127796.011.000) 2022-03-31 14:01:33 Image size of job updated: 689136
	155  -  MemoryUsage of job (MB)
	158328  -  ResidentSetSize of job (KB)
...
005 (127796.011.000) 2022-03-31 14:01:33 Job terminated.
	(1) Normal termination (return value 0)
		Usr 0 00:00:37, Sys 0 00:00:02  -  Run Remote Usage
		Usr 0 00:00:00, Sys 0 00:00:00  -  Run Local Usage
		Usr 0 00:00:37, Sys 0 00:00:02  -  Total Remote Usage
		Usr 0 00:00:00, Sys 0 00:00:00  -  Total Local Usage
	0  -  Run Bytes Sent By Job
	0  -  Run Bytes Received By Job
	0  -  Total Bytes Sent By Job
	0  -  Total Bytes Received By Job
	Partitionable Resources :    Usage  Request Allocated 
	   Cpus                 :                 1         1 
	   Disk (KB)            :        1        1    121641 
	   Memory (MB)          :      155     3900      3968 

	Job terminated of its own accord at 2022-03-31T05:01:33Z.
...
006 (127796.013.000) 2022-03-31 14:01:37 Image size of job updated: 646520
	160  -  MemoryUsage of job (MB)
	162900  -  ResidentSetSize of job (KB)
...
005 (127796.013.000) 2022-03-31 14:01:37 Job terminated.
	(1) Normal termination (return value 0)
		Usr 0 00:00:41, Sys 0 00:00:02  -  Run Remote Usage
		Usr 0 00:00:00, Sys 0 00:00:00  -  Run Local Usage
		Usr 0 00:00:41, Sys 0 00:00:02  -  Total Remote Usage
		Usr 0 00:00:00, Sys 0 00:00:00  -  Total Local Usage
	0  -  Run Bytes Sent By Job
	0  -  Run Bytes Received By Job
	0  -  Total Bytes Sent By Job
	0  -  Total Bytes Received By Job
	Partitionable Resources :    Usage  Request Allocated 
	   Cpus                 :                 1         1 
	   Disk (KB)            :        1        1    121641 
	   Memory (MB)          :      160     3900      3968 

	Job terminated of its own accord at 2022-03-31T05:01:37Z.
...
006 (127796.009.000) 2022-03-31 14:01:38 Image size of job updated: 690276
	158  -  MemoryUsage of job (MB)
	161300  -  ResidentSetSize of job (KB)
...
005 (127796.009.000) 2022-03-31 14:01:38 Job terminated.
	(1) Normal termination (return value 0)
		Usr 0 00:00:42, Sys 0 00:00:02  -  Run Remote Usage
		Usr 0 00:00:00, Sys 0 00:00:00  -  Run Local Usage
		Usr 0 00:00:42, Sys 0 00:00:02  -  Total Remote Usage
		Usr 0 00:00:00, Sys 0 00:00:00  -  Total Local Usage
	0  -  Run Bytes Sent By Job
	0  -  Run Bytes Received By Job
	0  -  Total Bytes Sent By Job
	0  -  Total Bytes Received By Job
	Partitionable Resources :    Usage  Request Allocated 
	   Cpus                 :                 1         1 
	   Disk (KB)            :        1        1    121641 
	   Memory (MB)          :      158     3900      3968 

	Job terminated of its own accord at 2022-03-31T05:01:38Z.
...
006 (127796.005.000) 2022-03-31 14:01:39 Image size of job updated: 690236
	170  -  MemoryUsage of job (MB)
	173428  -  ResidentSetSize of job (KB)
...
005 (127796.005.000) 2022-03-31 14:01:39 Job terminated.
	(1) Normal termination (return value 0)
		Usr 0 00:00:42, Sys 0 00:00:02  -  Run Remote Usage
		Usr 0 00:00:00, Sys 0 00:00:00  -  Run Local Usage
		Usr 0 00:00:42, Sys 0 00:00:02  -  Total Remote Usage
		Usr 0 00:00:00, Sys 0 00:00:00  -  Total Local Usage
	0  -  Run Bytes Sent By Job
	0  -  Run Bytes Received By Job
	0  -  Total Bytes Sent By Job
	0  -  Total Bytes Received By Job
	Partitionable Resources :    Usage  Request Allocated 
	   Cpus                 :                 1         1 
	   Disk (KB)            :        1        1    121641 
	   Memory (MB)          :      170     3900      3968 

	Job terminated of its own accord at 2022-03-31T05:01:39Z.
...
006 (127796.001.000) 2022-03-31 14:01:49 Image size of job updated: 691344
	165  -  MemoryUsage of job (MB)
	168012  -  ResidentSetSize of job (KB)
...
005 (127796.001.000) 2022-03-31 14:01:50 Job terminated.
	(1) Normal termination (return value 0)
		Usr 0 00:00:53, Sys 0 00:00:02  -  Run Remote Usage
		Usr 0 00:00:00, Sys 0 00:00:00  -  Run Local Usage
		Usr 0 00:00:53, Sys 0 00:00:02  -  Total Remote Usage
		Usr 0 00:00:00, Sys 0 00:00:00  -  Total Local Usage
	0  -  Run Bytes Sent By Job
	0  -  Run Bytes Received By Job
	0  -  Total Bytes Sent By Job
	0  -  Total Bytes Received By Job
	Partitionable Resources :    Usage  Request Allocated 
	   Cpus                 :                 1         1 
	   Disk (KB)            :        1        1    121641 
	   Memory (MB)          :      165     3900      3968 

	Job terminated of its own accord at 2022-03-31T05:01:49Z.
...
006 (127796.000.000) 2022-03-31 14:01:57 Image size of job updated: 690304
	165  -  MemoryUsage of job (MB)
	168496  -  ResidentSetSize of job (KB)
...
005 (127796.000.000) 2022-03-31 14:01:57 Job terminated.
	(1) Normal termination (return value 0)
		Usr 0 00:01:01, Sys 0 00:00:02  -  Run Remote Usage
		Usr 0 00:00:00, Sys 0 00:00:00  -  Run Local Usage
		Usr 0 00:01:01, Sys 0 00:00:02  -  Total Remote Usage
		Usr 0 00:00:00, Sys 0 00:00:00  -  Total Local Usage
	0  -  Run Bytes Sent By Job
	0  -  Run Bytes Received By Job
	0  -  Total Bytes Sent By Job
	0  -  Total Bytes Received By Job
	Partitionable Resources :    Usage  Request Allocated 
	   Cpus                 :     1.00        1         1 
	   Disk (KB)            :     1           1    121641 
	   Memory (MB)          :   165        3900      3968 

	Job terminated of its own accord at 2022-03-31T05:01:57Z.
...
000 (127892.000.000) 2022-03-31 15:17:45 Job submitted from host: <172.30.1.200:9618?addrs=172.30.1.200-9618&alias=tamsa2.snu.ac.kr&noUDP&sock=schedd_3154_f5cb>
...
000 (127892.001.000) 2022-03-31 15:17:45 Job submitted from host: <172.30.1.200:9618?addrs=172.30.1.200-9618&alias=tamsa2.snu.ac.kr&noUDP&sock=schedd_3154_f5cb>
...
000 (127892.002.000) 2022-03-31 15:17:45 Job submitted from host: <172.30.1.200:9618?addrs=172.30.1.200-9618&alias=tamsa2.snu.ac.kr&noUDP&sock=schedd_3154_f5cb>
...
000 (127892.003.000) 2022-03-31 15:17:45 Job submitted from host: <172.30.1.200:9618?addrs=172.30.1.200-9618&alias=tamsa2.snu.ac.kr&noUDP&sock=schedd_3154_f5cb>
...
000 (127892.004.000) 2022-03-31 15:17:45 Job submitted from host: <172.30.1.200:9618?addrs=172.30.1.200-9618&alias=tamsa2.snu.ac.kr&noUDP&sock=schedd_3154_f5cb>
...
000 (127892.005.000) 2022-03-31 15:17:45 Job submitted from host: <172.30.1.200:9618?addrs=172.30.1.200-9618&alias=tamsa2.snu.ac.kr&noUDP&sock=schedd_3154_f5cb>
...
000 (127892.006.000) 2022-03-31 15:17:45 Job submitted from host: <172.30.1.200:9618?addrs=172.30.1.200-9618&alias=tamsa2.snu.ac.kr&noUDP&sock=schedd_3154_f5cb>
...
000 (127892.007.000) 2022-03-31 15:17:45 Job submitted from host: <172.30.1.200:9618?addrs=172.30.1.200-9618&alias=tamsa2.snu.ac.kr&noUDP&sock=schedd_3154_f5cb>
...
000 (127892.008.000) 2022-03-31 15:17:45 Job submitted from host: <172.30.1.200:9618?addrs=172.30.1.200-9618&alias=tamsa2.snu.ac.kr&noUDP&sock=schedd_3154_f5cb>
...
000 (127892.009.000) 2022-03-31 15:17:45 Job submitted from host: <172.30.1.200:9618?addrs=172.30.1.200-9618&alias=tamsa2.snu.ac.kr&noUDP&sock=schedd_3154_f5cb>
...
000 (127892.010.000) 2022-03-31 15:17:45 Job submitted from host: <172.30.1.200:9618?addrs=172.30.1.200-9618&alias=tamsa2.snu.ac.kr&noUDP&sock=schedd_3154_f5cb>
...
000 (127892.011.000) 2022-03-31 15:17:45 Job submitted from host: <172.30.1.200:9618?addrs=172.30.1.200-9618&alias=tamsa2.snu.ac.kr&noUDP&sock=schedd_3154_f5cb>
...
000 (127892.012.000) 2022-03-31 15:17:45 Job submitted from host: <172.30.1.200:9618?addrs=172.30.1.200-9618&alias=tamsa2.snu.ac.kr&noUDP&sock=schedd_3154_f5cb>
...
000 (127892.013.000) 2022-03-31 15:17:45 Job submitted from host: <172.30.1.200:9618?addrs=172.30.1.200-9618&alias=tamsa2.snu.ac.kr&noUDP&sock=schedd_3154_f5cb>
...
000 (127892.014.000) 2022-03-31 15:17:45 Job submitted from host: <172.30.1.200:9618?addrs=172.30.1.200-9618&alias=tamsa2.snu.ac.kr&noUDP&sock=schedd_3154_f5cb>
...
000 (127892.015.000) 2022-03-31 15:17:45 Job submitted from host: <172.30.1.200:9618?addrs=172.30.1.200-9618&alias=tamsa2.snu.ac.kr&noUDP&sock=schedd_3154_f5cb>
...
000 (127892.016.000) 2022-03-31 15:17:45 Job submitted from host: <172.30.1.200:9618?addrs=172.30.1.200-9618&alias=tamsa2.snu.ac.kr&noUDP&sock=schedd_3154_f5cb>
...
000 (127892.017.000) 2022-03-31 15:17:45 Job submitted from host: <172.30.1.200:9618?addrs=172.30.1.200-9618&alias=tamsa2.snu.ac.kr&noUDP&sock=schedd_3154_f5cb>
...
000 (127892.018.000) 2022-03-31 15:17:45 Job submitted from host: <172.30.1.200:9618?addrs=172.30.1.200-9618&alias=tamsa2.snu.ac.kr&noUDP&sock=schedd_3154_f5cb>
...
000 (127892.019.000) 2022-03-31 15:17:45 Job submitted from host: <172.30.1.200:9618?addrs=172.30.1.200-9618&alias=tamsa2.snu.ac.kr&noUDP&sock=schedd_3154_f5cb>
...
001 (127892.001.000) 2022-03-31 15:18:07 Job executing on host: <172.30.1.211:9618?addrs=172.30.1.211-9618&alias=node11&noUDP&sock=startd_47978_7eef>
...
001 (127892.002.000) 2022-03-31 15:18:07 Job executing on host: <172.30.1.211:9618?addrs=172.30.1.211-9618&alias=node11&noUDP&sock=startd_47978_7eef>
...
001 (127892.003.000) 2022-03-31 15:18:07 Job executing on host: <172.30.1.211:9618?addrs=172.30.1.211-9618&alias=node11&noUDP&sock=startd_47978_7eef>
...
001 (127892.004.000) 2022-03-31 15:18:07 Job executing on host: <172.30.1.211:9618?addrs=172.30.1.211-9618&alias=node11&noUDP&sock=startd_47978_7eef>
...
001 (127892.005.000) 2022-03-31 15:18:07 Job executing on host: <172.30.1.211:9618?addrs=172.30.1.211-9618&alias=node11&noUDP&sock=startd_47978_7eef>
...
001 (127892.006.000) 2022-03-31 15:18:07 Job executing on host: <172.30.1.211:9618?addrs=172.30.1.211-9618&alias=node11&noUDP&sock=startd_47978_7eef>
...
001 (127892.007.000) 2022-03-31 15:18:07 Job executing on host: <172.30.1.211:9618?addrs=172.30.1.211-9618&alias=node11&noUDP&sock=startd_47978_7eef>
...
001 (127892.008.000) 2022-03-31 15:18:07 Job executing on host: <172.30.1.211:9618?addrs=172.30.1.211-9618&alias=node11&noUDP&sock=startd_47978_7eef>
...
001 (127892.009.000) 2022-03-31 15:18:07 Job executing on host: <172.30.1.211:9618?addrs=172.30.1.211-9618&alias=node11&noUDP&sock=startd_47978_7eef>
...
001 (127892.010.000) 2022-03-31 15:18:07 Job executing on host: <172.30.1.211:9618?addrs=172.30.1.211-9618&alias=node11&noUDP&sock=startd_47978_7eef>
...
001 (127892.011.000) 2022-03-31 15:18:08 Job executing on host: <172.30.1.211:9618?addrs=172.30.1.211-9618&alias=node11&noUDP&sock=startd_47978_7eef>
...
001 (127892.012.000) 2022-03-31 15:18:08 Job executing on host: <172.30.1.211:9618?addrs=172.30.1.211-9618&alias=node11&noUDP&sock=startd_47978_7eef>
...
001 (127892.013.000) 2022-03-31 15:18:08 Job executing on host: <172.30.1.211:9618?addrs=172.30.1.211-9618&alias=node11&noUDP&sock=startd_47978_7eef>
...
001 (127892.014.000) 2022-03-31 15:18:08 Job executing on host: <172.30.1.211:9618?addrs=172.30.1.211-9618&alias=node11&noUDP&sock=startd_47978_7eef>
...
001 (127892.015.000) 2022-03-31 15:18:08 Job executing on host: <172.30.1.211:9618?addrs=172.30.1.211-9618&alias=node11&noUDP&sock=startd_47978_7eef>
...
001 (127892.016.000) 2022-03-31 15:18:08 Job executing on host: <172.30.1.211:9618?addrs=172.30.1.211-9618&alias=node11&noUDP&sock=startd_47978_7eef>
...
001 (127892.017.000) 2022-03-31 15:18:08 Job executing on host: <172.30.1.211:9618?addrs=172.30.1.211-9618&alias=node11&noUDP&sock=startd_47978_7eef>
...
001 (127892.018.000) 2022-03-31 15:18:08 Job executing on host: <172.30.1.211:9618?addrs=172.30.1.211-9618&alias=node11&noUDP&sock=startd_47978_7eef>
...
001 (127892.019.000) 2022-03-31 15:18:08 Job executing on host: <172.30.1.211:9618?addrs=172.30.1.211-9618&alias=node11&noUDP&sock=startd_47978_7eef>
...
001 (127892.000.000) 2022-03-31 15:18:10 Job executing on host: <172.30.1.209:9618?addrs=172.30.1.209-9618&alias=node9&noUDP&sock=startd_3623_a7b6>
...
006 (127892.001.000) 2022-03-31 15:18:15 Image size of job updated: 391088
	162  -  MemoryUsage of job (MB)
	165636  -  ResidentSetSize of job (KB)
...
006 (127892.002.000) 2022-03-31 15:18:15 Image size of job updated: 386984
	163  -  MemoryUsage of job (MB)
	166176  -  ResidentSetSize of job (KB)
...
006 (127892.003.000) 2022-03-31 15:18:15 Image size of job updated: 389492
	164  -  MemoryUsage of job (MB)
	167040  -  ResidentSetSize of job (KB)
...
006 (127892.011.000) 2022-03-31 15:18:16 Image size of job updated: 385620
	179  -  MemoryUsage of job (MB)
	182884  -  ResidentSetSize of job (KB)
...
006 (127892.012.000) 2022-03-31 15:18:16 Image size of job updated: 385488
	179  -  MemoryUsage of job (MB)
	183044  -  ResidentSetSize of job (KB)
...
006 (127892.013.000) 2022-03-31 15:18:16 Image size of job updated: 383452
	179  -  MemoryUsage of job (MB)
	183060  -  ResidentSetSize of job (KB)
...
006 (127892.014.000) 2022-03-31 15:18:16 Image size of job updated: 318692
	179  -  MemoryUsage of job (MB)
	183052  -  ResidentSetSize of job (KB)
...
006 (127892.015.000) 2022-03-31 15:18:16 Image size of job updated: 319524
	179  -  MemoryUsage of job (MB)
	183048  -  ResidentSetSize of job (KB)
...
006 (127892.016.000) 2022-03-31 15:18:16 Image size of job updated: 301784
	181  -  MemoryUsage of job (MB)
	184460  -  ResidentSetSize of job (KB)
...
006 (127892.004.000) 2022-03-31 15:18:16 Image size of job updated: 391088
	182  -  MemoryUsage of job (MB)
	185412  -  ResidentSetSize of job (KB)
...
006 (127892.005.000) 2022-03-31 15:18:16 Image size of job updated: 390288
	181  -  MemoryUsage of job (MB)
	184648  -  ResidentSetSize of job (KB)
...
006 (127892.006.000) 2022-03-31 15:18:16 Image size of job updated: 386980
	183  -  MemoryUsage of job (MB)
	186408  -  ResidentSetSize of job (KB)
...
006 (127892.007.000) 2022-03-31 15:18:16 Image size of job updated: 388168
	184  -  MemoryUsage of job (MB)
	187676  -  ResidentSetSize of job (KB)
...
006 (127892.008.000) 2022-03-31 15:18:16 Image size of job updated: 386980
	184  -  MemoryUsage of job (MB)
	187692  -  ResidentSetSize of job (KB)
...
006 (127892.009.000) 2022-03-31 15:18:16 Image size of job updated: 390552
	184  -  MemoryUsage of job (MB)
	187688  -  ResidentSetSize of job (KB)
...
006 (127892.010.000) 2022-03-31 15:18:17 Image size of job updated: 388832
	184  -  MemoryUsage of job (MB)
	187680  -  ResidentSetSize of job (KB)
...
006 (127892.017.000) 2022-03-31 15:18:17 Image size of job updated: 280812
	185  -  MemoryUsage of job (MB)
	188476  -  ResidentSetSize of job (KB)
...
006 (127892.018.000) 2022-03-31 15:18:17 Image size of job updated: 195196
	185  -  MemoryUsage of job (MB)
	188484  -  ResidentSetSize of job (KB)
...
006 (127892.019.000) 2022-03-31 15:18:17 Image size of job updated: 196228
	185  -  MemoryUsage of job (MB)
	188496  -  ResidentSetSize of job (KB)
...
006 (127892.000.000) 2022-03-31 15:18:19 Image size of job updated: 611252
	185  -  MemoryUsage of job (MB)
	188948  -  ResidentSetSize of job (KB)
...
006 (127892.006.000) 2022-03-31 15:18:34 Image size of job updated: 687180
	183  -  MemoryUsage of job (MB)
	186472  -  ResidentSetSize of job (KB)
...
005 (127892.006.000) 2022-03-31 15:18:34 Job terminated.
	(1) Normal termination (return value 0)
		Usr 0 00:00:20, Sys 0 00:00:02  -  Run Remote Usage
		Usr 0 00:00:00, Sys 0 00:00:00  -  Run Local Usage
		Usr 0 00:00:20, Sys 0 00:00:02  -  Total Remote Usage
		Usr 0 00:00:00, Sys 0 00:00:00  -  Total Local Usage
	0  -  Run Bytes Sent By Job
	0  -  Run Bytes Received By Job
	0  -  Total Bytes Sent By Job
	0  -  Total Bytes Received By Job
	Partitionable Resources :    Usage  Request Allocated 
	   Cpus                 :                 1         1 
	   Disk (KB)            :        1        1    120189 
	   Memory (MB)          :      183     3900      3968 

	Job terminated of its own accord at 2022-03-31T06:18:34Z.
...
006 (127892.017.000) 2022-03-31 15:18:35 Image size of job updated: 692072
	185  -  MemoryUsage of job (MB)
	188476  -  ResidentSetSize of job (KB)
...
005 (127892.017.000) 2022-03-31 15:18:35 Job terminated.
	(1) Normal termination (return value 0)
		Usr 0 00:00:19, Sys 0 00:00:02  -  Run Remote Usage
		Usr 0 00:00:00, Sys 0 00:00:00  -  Run Local Usage
		Usr 0 00:00:19, Sys 0 00:00:02  -  Total Remote Usage
		Usr 0 00:00:00, Sys 0 00:00:00  -  Total Local Usage
	0  -  Run Bytes Sent By Job
	0  -  Run Bytes Received By Job
	0  -  Total Bytes Sent By Job
	0  -  Total Bytes Received By Job
	Partitionable Resources :    Usage  Request Allocated 
	   Cpus                 :                 1         1 
	   Disk (KB)            :        1        1    120189 
	   Memory (MB)          :      185     3900      3968 

	Job terminated of its own accord at 2022-03-31T06:18:35Z.
...
006 (127892.001.000) 2022-03-31 15:18:38 Image size of job updated: 691940
	163  -  MemoryUsage of job (MB)
	166032  -  ResidentSetSize of job (KB)
...
005 (127892.001.000) 2022-03-31 15:18:38 Job terminated.
	(1) Normal termination (return value 0)
		Usr 0 00:00:23, Sys 0 00:00:02  -  Run Remote Usage
		Usr 0 00:00:00, Sys 0 00:00:00  -  Run Local Usage
		Usr 0 00:00:23, Sys 0 00:00:02  -  Total Remote Usage
		Usr 0 00:00:00, Sys 0 00:00:00  -  Total Local Usage
	0  -  Run Bytes Sent By Job
	0  -  Run Bytes Received By Job
	0  -  Total Bytes Sent By Job
	0  -  Total Bytes Received By Job
	Partitionable Resources :    Usage  Request Allocated 
	   Cpus                 :                 1         1 
	   Disk (KB)            :        1        1    120189 
	   Memory (MB)          :      163     3900      3968 

	Job terminated of its own accord at 2022-03-31T06:18:38Z.
...
006 (127892.010.000) 2022-03-31 15:18:43 Image size of job updated: 691780
	184  -  MemoryUsage of job (MB)
	187680  -  ResidentSetSize of job (KB)
...
005 (127892.010.000) 2022-03-31 15:18:43 Job terminated.
	(1) Normal termination (return value 0)
		Usr 0 00:00:29, Sys 0 00:00:02  -  Run Remote Usage
		Usr 0 00:00:00, Sys 0 00:00:00  -  Run Local Usage
		Usr 0 00:00:29, Sys 0 00:00:02  -  Total Remote Usage
		Usr 0 00:00:00, Sys 0 00:00:00  -  Total Local Usage
	0  -  Run Bytes Sent By Job
	0  -  Run Bytes Received By Job
	0  -  Total Bytes Sent By Job
	0  -  Total Bytes Received By Job
	Partitionable Resources :    Usage  Request Allocated 
	   Cpus                 :                 1         1 
	   Disk (KB)            :        1        1    120189 
	   Memory (MB)          :      184     3900      3968 

	Job terminated of its own accord at 2022-03-31T06:18:43Z.
...
006 (127892.002.000) 2022-03-31 15:18:43 Image size of job updated: 692000
	163  -  MemoryUsage of job (MB)
	166184  -  ResidentSetSize of job (KB)
...
005 (127892.002.000) 2022-03-31 15:18:44 Job terminated.
	(1) Normal termination (return value 0)
		Usr 0 00:00:29, Sys 0 00:00:02  -  Run Remote Usage
		Usr 0 00:00:00, Sys 0 00:00:00  -  Run Local Usage
		Usr 0 00:00:29, Sys 0 00:00:02  -  Total Remote Usage
		Usr 0 00:00:00, Sys 0 00:00:00  -  Total Local Usage
	0  -  Run Bytes Sent By Job
	0  -  Run Bytes Received By Job
	0  -  Total Bytes Sent By Job
	0  -  Total Bytes Received By Job
	Partitionable Resources :    Usage  Request Allocated 
	   Cpus                 :                 1         1 
	   Disk (KB)            :        1        1    120189 
	   Memory (MB)          :      163     3900      3968 

	Job terminated of its own accord at 2022-03-31T06:18:43Z.
...
006 (127892.008.000) 2022-03-31 15:18:47 Image size of job updated: 691704
	184  -  MemoryUsage of job (MB)
	187692  -  ResidentSetSize of job (KB)
...
005 (127892.008.000) 2022-03-31 15:18:47 Job terminated.
	(1) Normal termination (return value 0)
		Usr 0 00:00:32, Sys 0 00:00:02  -  Run Remote Usage
		Usr 0 00:00:00, Sys 0 00:00:00  -  Run Local Usage
		Usr 0 00:00:32, Sys 0 00:00:02  -  Total Remote Usage
		Usr 0 00:00:00, Sys 0 00:00:00  -  Total Local Usage
	0  -  Run Bytes Sent By Job
	0  -  Run Bytes Received By Job
	0  -  Total Bytes Sent By Job
	0  -  Total Bytes Received By Job
	Partitionable Resources :    Usage  Request Allocated 
	   Cpus                 :                 1         1 
	   Disk (KB)            :        1        1    120189 
	   Memory (MB)          :      184     3900      3968 

	Job terminated of its own accord at 2022-03-31T06:18:47Z.
...
006 (127892.018.000) 2022-03-31 15:18:52 Image size of job updated: 692260
	185  -  MemoryUsage of job (MB)
	188484  -  ResidentSetSize of job (KB)
...
005 (127892.018.000) 2022-03-31 15:18:52 Job terminated.
	(1) Normal termination (return value 0)
		Usr 0 00:00:39, Sys 0 00:00:02  -  Run Remote Usage
		Usr 0 00:00:00, Sys 0 00:00:00  -  Run Local Usage
		Usr 0 00:00:39, Sys 0 00:00:02  -  Total Remote Usage
		Usr 0 00:00:00, Sys 0 00:00:00  -  Total Local Usage
	0  -  Run Bytes Sent By Job
	0  -  Run Bytes Received By Job
	0  -  Total Bytes Sent By Job
	0  -  Total Bytes Received By Job
	Partitionable Resources :    Usage  Request Allocated 
	   Cpus                 :                 1         1 
	   Disk (KB)            :        1        1    120189 
	   Memory (MB)          :      185     3900      3968 

	Job terminated of its own accord at 2022-03-31T06:18:52Z.
...
006 (127892.007.000) 2022-03-31 15:18:54 Image size of job updated: 692020
	184  -  MemoryUsage of job (MB)
	187676  -  ResidentSetSize of job (KB)
...
005 (127892.007.000) 2022-03-31 15:18:54 Job terminated.
	(1) Normal termination (return value 0)
		Usr 0 00:00:40, Sys 0 00:00:02  -  Run Remote Usage
		Usr 0 00:00:00, Sys 0 00:00:00  -  Run Local Usage
		Usr 0 00:00:40, Sys 0 00:00:02  -  Total Remote Usage
		Usr 0 00:00:00, Sys 0 00:00:00  -  Total Local Usage
	0  -  Run Bytes Sent By Job
	0  -  Run Bytes Received By Job
	0  -  Total Bytes Sent By Job
	0  -  Total Bytes Received By Job
	Partitionable Resources :    Usage  Request Allocated 
	   Cpus                 :     1.00        1         1 
	   Disk (KB)            :     1           1    120189 
	   Memory (MB)          :   184        3900      3968 

	Job terminated of its own accord at 2022-03-31T06:18:54Z.
...
006 (127892.000.000) 2022-03-31 15:18:54 Image size of job updated: 691960
	185  -  MemoryUsage of job (MB)
	188948  -  ResidentSetSize of job (KB)
...
005 (127892.000.000) 2022-03-31 15:18:54 Job terminated.
	(1) Normal termination (return value 0)
		Usr 0 00:00:40, Sys 0 00:00:01  -  Run Remote Usage
		Usr 0 00:00:00, Sys 0 00:00:00  -  Run Local Usage
		Usr 0 00:00:40, Sys 0 00:00:01  -  Total Remote Usage
		Usr 0 00:00:00, Sys 0 00:00:00  -  Total Local Usage
	0  -  Run Bytes Sent By Job
	0  -  Run Bytes Received By Job
	0  -  Total Bytes Sent By Job
	0  -  Total Bytes Received By Job
	Partitionable Resources :    Usage  Request Allocated 
	   Cpus                 :                 1         1 
	   Disk (KB)            :        1        1    129249 
	   Memory (MB)          :      185     3900      3968 

	Job terminated of its own accord at 2022-03-31T06:18:54Z.
...
006 (127892.015.000) 2022-03-31 15:18:54 Image size of job updated: 692092
	179  -  MemoryUsage of job (MB)
	183048  -  ResidentSetSize of job (KB)
...
005 (127892.015.000) 2022-03-31 15:18:54 Job terminated.
	(1) Normal termination (return value 0)
		Usr 0 00:00:40, Sys 0 00:00:02  -  Run Remote Usage
		Usr 0 00:00:00, Sys 0 00:00:00  -  Run Local Usage
		Usr 0 00:00:40, Sys 0 00:00:02  -  Total Remote Usage
		Usr 0 00:00:00, Sys 0 00:00:00  -  Total Local Usage
	0  -  Run Bytes Sent By Job
	0  -  Run Bytes Received By Job
	0  -  Total Bytes Sent By Job
	0  -  Total Bytes Received By Job
	Partitionable Resources :    Usage  Request Allocated 
	   Cpus                 :     0.99        1         1 
	   Disk (KB)            :     1           1    120189 
	   Memory (MB)          :   179        3900      3968 

	Job terminated of its own accord at 2022-03-31T06:18:54Z.
...
006 (127892.003.000) 2022-03-31 15:18:57 Image size of job updated: 693776
	164  -  MemoryUsage of job (MB)
	167040  -  ResidentSetSize of job (KB)
...
005 (127892.003.000) 2022-03-31 15:18:57 Job terminated.
	(1) Normal termination (return value 0)
		Usr 0 00:00:43, Sys 0 00:00:02  -  Run Remote Usage
		Usr 0 00:00:00, Sys 0 00:00:00  -  Run Local Usage
		Usr 0 00:00:43, Sys 0 00:00:02  -  Total Remote Usage
		Usr 0 00:00:00, Sys 0 00:00:00  -  Total Local Usage
	0  -  Run Bytes Sent By Job
	0  -  Run Bytes Received By Job
	0  -  Total Bytes Sent By Job
	0  -  Total Bytes Received By Job
	Partitionable Resources :    Usage  Request Allocated 
	   Cpus                 :     0.99        1         1 
	   Disk (KB)            :     1           1    120189 
	   Memory (MB)          :   164        3900      3968 

	Job terminated of its own accord at 2022-03-31T06:18:57Z.
...
006 (127892.009.000) 2022-03-31 15:18:58 Image size of job updated: 692308
	184  -  MemoryUsage of job (MB)
	187688  -  ResidentSetSize of job (KB)
...
005 (127892.009.000) 2022-03-31 15:18:58 Job terminated.
	(1) Normal termination (return value 0)
		Usr 0 00:00:42, Sys 0 00:00:02  -  Run Remote Usage
		Usr 0 00:00:00, Sys 0 00:00:00  -  Run Local Usage
		Usr 0 00:00:42, Sys 0 00:00:02  -  Total Remote Usage
		Usr 0 00:00:00, Sys 0 00:00:00  -  Total Local Usage
	0  -  Run Bytes Sent By Job
	0  -  Run Bytes Received By Job
	0  -  Total Bytes Sent By Job
	0  -  Total Bytes Received By Job
	Partitionable Resources :    Usage  Request Allocated 
	   Cpus                 :     1.00        1         1 
	   Disk (KB)            :     1           1    120189 
	   Memory (MB)          :   184        3900      3968 

	Job terminated of its own accord at 2022-03-31T06:18:58Z.
...
006 (127892.019.000) 2022-03-31 15:18:59 Image size of job updated: 692468
	185  -  MemoryUsage of job (MB)
	188496  -  ResidentSetSize of job (KB)
...
005 (127892.019.000) 2022-03-31 15:18:59 Job terminated.
	(1) Normal termination (return value 0)
		Usr 0 00:00:45, Sys 0 00:00:02  -  Run Remote Usage
		Usr 0 00:00:00, Sys 0 00:00:00  -  Run Local Usage
		Usr 0 00:00:45, Sys 0 00:00:02  -  Total Remote Usage
		Usr 0 00:00:00, Sys 0 00:00:00  -  Total Local Usage
	0  -  Run Bytes Sent By Job
	0  -  Run Bytes Received By Job
	0  -  Total Bytes Sent By Job
	0  -  Total Bytes Received By Job
	Partitionable Resources :    Usage  Request Allocated 
	   Cpus                 :     0.96        1         1 
	   Disk (KB)            :     1           1    120189 
	   Memory (MB)          :   185        3900      3968 

	Job terminated of its own accord at 2022-03-31T06:18:59Z.
...
006 (127892.012.000) 2022-03-31 15:19:02 Image size of job updated: 688828
	179  -  MemoryUsage of job (MB)
	183044  -  ResidentSetSize of job (KB)
...
005 (127892.012.000) 2022-03-31 15:19:02 Job terminated.
	(1) Normal termination (return value 0)
		Usr 0 00:00:48, Sys 0 00:00:02  -  Run Remote Usage
		Usr 0 00:00:00, Sys 0 00:00:00  -  Run Local Usage
		Usr 0 00:00:48, Sys 0 00:00:02  -  Total Remote Usage
		Usr 0 00:00:00, Sys 0 00:00:00  -  Total Local Usage
	0  -  Run Bytes Sent By Job
	0  -  Run Bytes Received By Job
	0  -  Total Bytes Sent By Job
	0  -  Total Bytes Received By Job
	Partitionable Resources :    Usage  Request Allocated 
	   Cpus                 :     1.00        1         1 
	   Disk (KB)            :     1           1    120189 
	   Memory (MB)          :   179        3900      3968 

	Job terminated of its own accord at 2022-03-31T06:19:02Z.
...
006 (127892.014.000) 2022-03-31 15:19:04 Image size of job updated: 691752
	179  -  MemoryUsage of job (MB)
	183052  -  ResidentSetSize of job (KB)
...
005 (127892.014.000) 2022-03-31 15:19:04 Job terminated.
	(1) Normal termination (return value 0)
		Usr 0 00:00:50, Sys 0 00:00:02  -  Run Remote Usage
		Usr 0 00:00:00, Sys 0 00:00:00  -  Run Local Usage
		Usr 0 00:00:50, Sys 0 00:00:02  -  Total Remote Usage
		Usr 0 00:00:00, Sys 0 00:00:00  -  Total Local Usage
	0  -  Run Bytes Sent By Job
	0  -  Run Bytes Received By Job
	0  -  Total Bytes Sent By Job
	0  -  Total Bytes Received By Job
	Partitionable Resources :    Usage  Request Allocated 
	   Cpus                 :     1.00        1         1 
	   Disk (KB)            :     1           1    120189 
	   Memory (MB)          :   179        3900      3968 

	Job terminated of its own accord at 2022-03-31T06:19:04Z.
...
006 (127892.013.000) 2022-03-31 15:19:07 Image size of job updated: 693236
	179  -  MemoryUsage of job (MB)
	183060  -  ResidentSetSize of job (KB)
...
005 (127892.013.000) 2022-03-31 15:19:07 Job terminated.
	(1) Normal termination (return value 0)
		Usr 0 00:00:54, Sys 0 00:00:02  -  Run Remote Usage
		Usr 0 00:00:00, Sys 0 00:00:00  -  Run Local Usage
		Usr 0 00:00:54, Sys 0 00:00:02  -  Total Remote Usage
		Usr 0 00:00:00, Sys 0 00:00:00  -  Total Local Usage
	0  -  Run Bytes Sent By Job
	0  -  Run Bytes Received By Job
	0  -  Total Bytes Sent By Job
	0  -  Total Bytes Received By Job
	Partitionable Resources :    Usage  Request Allocated 
	   Cpus                 :     1.00        1         1 
	   Disk (KB)            :     1           1    120189 
	   Memory (MB)          :   179        3900      3968 

	Job terminated of its own accord at 2022-03-31T06:19:07Z.
...
006 (127892.016.000) 2022-03-31 15:19:14 Image size of job updated: 691688
	181  -  MemoryUsage of job (MB)
	184460  -  ResidentSetSize of job (KB)
...
005 (127892.016.000) 2022-03-31 15:19:14 Job terminated.
	(1) Normal termination (return value 0)
		Usr 0 00:00:59, Sys 0 00:00:02  -  Run Remote Usage
		Usr 0 00:00:00, Sys 0 00:00:00  -  Run Local Usage
		Usr 0 00:00:59, Sys 0 00:00:02  -  Total Remote Usage
		Usr 0 00:00:00, Sys 0 00:00:00  -  Total Local Usage
	0  -  Run Bytes Sent By Job
	0  -  Run Bytes Received By Job
	0  -  Total Bytes Sent By Job
	0  -  Total Bytes Received By Job
	Partitionable Resources :    Usage  Request Allocated 
	   Cpus                 :     1.00        1         1 
	   Disk (KB)            :     1           1    120189 
	   Memory (MB)          :   181        3900      3968 

	Job terminated of its own accord at 2022-03-31T06:19:14Z.
...
006 (127892.004.000) 2022-03-31 15:19:32 Image size of job updated: 693008
	182  -  MemoryUsage of job (MB)
	185412  -  ResidentSetSize of job (KB)
...
005 (127892.004.000) 2022-03-31 15:19:32 Job terminated.
	(1) Normal termination (return value 0)
		Usr 0 00:01:18, Sys 0 00:00:02  -  Run Remote Usage
		Usr 0 00:00:00, Sys 0 00:00:00  -  Run Local Usage
		Usr 0 00:01:18, Sys 0 00:00:02  -  Total Remote Usage
		Usr 0 00:00:00, Sys 0 00:00:00  -  Total Local Usage
	0  -  Run Bytes Sent By Job
	0  -  Run Bytes Received By Job
	0  -  Total Bytes Sent By Job
	0  -  Total Bytes Received By Job
	Partitionable Resources :    Usage  Request Allocated 
	   Cpus                 :     1.00        1         1 
	   Disk (KB)            :     1           1    120189 
	   Memory (MB)          :   182        3900      3968 

	Job terminated of its own accord at 2022-03-31T06:19:32Z.
...
006 (127892.005.000) 2022-03-31 15:19:38 Image size of job updated: 691716
	181  -  MemoryUsage of job (MB)
	185028  -  ResidentSetSize of job (KB)
...
005 (127892.005.000) 2022-03-31 15:19:38 Job terminated.
	(1) Normal termination (return value 0)
		Usr 0 00:01:24, Sys 0 00:00:02  -  Run Remote Usage
		Usr 0 00:00:00, Sys 0 00:00:00  -  Run Local Usage
		Usr 0 00:01:24, Sys 0 00:00:02  -  Total Remote Usage
		Usr 0 00:00:00, Sys 0 00:00:00  -  Total Local Usage
	0  -  Run Bytes Sent By Job
	0  -  Run Bytes Received By Job
	0  -  Total Bytes Sent By Job
	0  -  Total Bytes Received By Job
	Partitionable Resources :    Usage  Request Allocated 
	   Cpus                 :     1.00        1         1 
	   Disk (KB)            :     1           1    120189 
	   Memory (MB)          :   181        3900      3968 

	Job terminated of its own accord at 2022-03-31T06:19:38Z.
...
006 (127892.011.000) 2022-03-31 15:19:47 Image size of job updated: 692172
	179  -  MemoryUsage of job (MB)
	183056  -  ResidentSetSize of job (KB)
...
005 (127892.011.000) 2022-03-31 15:19:47 Job terminated.
	(1) Normal termination (return value 0)
		Usr 0 00:01:33, Sys 0 00:00:02  -  Run Remote Usage
		Usr 0 00:00:00, Sys 0 00:00:00  -  Run Local Usage
		Usr 0 00:01:33, Sys 0 00:00:02  -  Total Remote Usage
		Usr 0 00:00:00, Sys 0 00:00:00  -  Total Local Usage
	0  -  Run Bytes Sent By Job
	0  -  Run Bytes Received By Job
	0  -  Total Bytes Sent By Job
	0  -  Total Bytes Received By Job
	Partitionable Resources :    Usage  Request Allocated 
	   Cpus                 :     1.00        1         1 
	   Disk (KB)            :     1           1    120189 
	   Memory (MB)          :   179        3900      3968 

	Job terminated of its own accord at 2022-03-31T06:19:47Z.
...
