000 (2118550.006.000) 06/08 00:00:10 Job submitted from host: <172.30.1.200:9618?addrs=172.30.1.200-9618+[--1]-9618&noUDP&sock=203143_c79e_3>
...
001 (2118550.006.000) 06/08 00:00:33 Job executing on host: <172.30.1.209:9618?addrs=172.30.1.209-9618+[--1]-9618&noUDP&sock=43218_8821_3>
...
006 (2118550.006.000) 06/08 00:00:41 Image size of job updated: 650668
	282  -  MemoryUsage of job (MB)
	288172  -  ResidentSetSize of job (KB)
...
006 (2118550.006.000) 06/08 00:05:41 Image size of job updated: 680720
	282  -  MemoryUsage of job (MB)
	288172  -  ResidentSetSize of job (KB)
...
006 (2118550.006.000) 06/08 00:10:42 Image size of job updated: 706828
	282  -  MemoryUsage of job (MB)
	288172  -  ResidentSetSize of job (KB)
...
006 (2118550.006.000) 06/08 00:11:01 Image size of job updated: 714380
	282  -  MemoryUsage of job (MB)
	288172  -  ResidentSetSize of job (KB)
...
005 (2118550.006.000) 06/08 00:11:01 Job terminated.
	(1) Normal termination (return value 0)
		Usr 0 00:10:16, Sys 0 00:00:04  -  Run Remote Usage
		Usr 0 00:00:00, Sys 0 00:00:00  -  Run Local Usage
		Usr 0 00:10:16, Sys 0 00:00:04  -  Total Remote Usage
		Usr 0 00:00:00, Sys 0 00:00:00  -  Total Local Usage
	5157  -  Run Bytes Sent By Job
	241  -  Run Bytes Received By Job
	5157  -  Total Bytes Sent By Job
	241  -  Total Bytes Received By Job
	Partitionable Resources :    Usage  Request Allocated
	   Cpus                 :                 1         1
	   Disk (KB)            :       16  2048000   2441136
	   Memory (MB)          :      282     2000      2000
...
