000 (126803.000.000) 2022-03-30 13:41:29 Job submitted from host: <172.30.1.200:9618?addrs=172.30.1.200-9618&alias=tamsa2.snu.ac.kr&noUDP&sock=schedd_3154_f5cb>
...
000 (126803.001.000) 2022-03-30 13:41:29 Job submitted from host: <172.30.1.200:9618?addrs=172.30.1.200-9618&alias=tamsa2.snu.ac.kr&noUDP&sock=schedd_3154_f5cb>
...
000 (126803.002.000) 2022-03-30 13:41:29 Job submitted from host: <172.30.1.200:9618?addrs=172.30.1.200-9618&alias=tamsa2.snu.ac.kr&noUDP&sock=schedd_3154_f5cb>
...
000 (126803.003.000) 2022-03-30 13:41:29 Job submitted from host: <172.30.1.200:9618?addrs=172.30.1.200-9618&alias=tamsa2.snu.ac.kr&noUDP&sock=schedd_3154_f5cb>
...
000 (126803.004.000) 2022-03-30 13:41:29 Job submitted from host: <172.30.1.200:9618?addrs=172.30.1.200-9618&alias=tamsa2.snu.ac.kr&noUDP&sock=schedd_3154_f5cb>
...
000 (126803.005.000) 2022-03-30 13:41:29 Job submitted from host: <172.30.1.200:9618?addrs=172.30.1.200-9618&alias=tamsa2.snu.ac.kr&noUDP&sock=schedd_3154_f5cb>
...
000 (126803.006.000) 2022-03-30 13:41:29 Job submitted from host: <172.30.1.200:9618?addrs=172.30.1.200-9618&alias=tamsa2.snu.ac.kr&noUDP&sock=schedd_3154_f5cb>
...
000 (126803.007.000) 2022-03-30 13:41:29 Job submitted from host: <172.30.1.200:9618?addrs=172.30.1.200-9618&alias=tamsa2.snu.ac.kr&noUDP&sock=schedd_3154_f5cb>
...
000 (126803.008.000) 2022-03-30 13:41:29 Job submitted from host: <172.30.1.200:9618?addrs=172.30.1.200-9618&alias=tamsa2.snu.ac.kr&noUDP&sock=schedd_3154_f5cb>
...
000 (126803.009.000) 2022-03-30 13:41:29 Job submitted from host: <172.30.1.200:9618?addrs=172.30.1.200-9618&alias=tamsa2.snu.ac.kr&noUDP&sock=schedd_3154_f5cb>
...
000 (126803.010.000) 2022-03-30 13:41:29 Job submitted from host: <172.30.1.200:9618?addrs=172.30.1.200-9618&alias=tamsa2.snu.ac.kr&noUDP&sock=schedd_3154_f5cb>
...
000 (126803.011.000) 2022-03-30 13:41:29 Job submitted from host: <172.30.1.200:9618?addrs=172.30.1.200-9618&alias=tamsa2.snu.ac.kr&noUDP&sock=schedd_3154_f5cb>
...
000 (126803.012.000) 2022-03-30 13:41:29 Job submitted from host: <172.30.1.200:9618?addrs=172.30.1.200-9618&alias=tamsa2.snu.ac.kr&noUDP&sock=schedd_3154_f5cb>
...
000 (126803.013.000) 2022-03-30 13:41:29 Job submitted from host: <172.30.1.200:9618?addrs=172.30.1.200-9618&alias=tamsa2.snu.ac.kr&noUDP&sock=schedd_3154_f5cb>
...
000 (126803.014.000) 2022-03-30 13:41:29 Job submitted from host: <172.30.1.200:9618?addrs=172.30.1.200-9618&alias=tamsa2.snu.ac.kr&noUDP&sock=schedd_3154_f5cb>
...
000 (126803.015.000) 2022-03-30 13:41:29 Job submitted from host: <172.30.1.200:9618?addrs=172.30.1.200-9618&alias=tamsa2.snu.ac.kr&noUDP&sock=schedd_3154_f5cb>
...
000 (126803.016.000) 2022-03-30 13:41:29 Job submitted from host: <172.30.1.200:9618?addrs=172.30.1.200-9618&alias=tamsa2.snu.ac.kr&noUDP&sock=schedd_3154_f5cb>
...
000 (126803.017.000) 2022-03-30 13:41:29 Job submitted from host: <172.30.1.200:9618?addrs=172.30.1.200-9618&alias=tamsa2.snu.ac.kr&noUDP&sock=schedd_3154_f5cb>
...
000 (126803.018.000) 2022-03-30 13:41:29 Job submitted from host: <172.30.1.200:9618?addrs=172.30.1.200-9618&alias=tamsa2.snu.ac.kr&noUDP&sock=schedd_3154_f5cb>
...
000 (126803.019.000) 2022-03-30 13:41:29 Job submitted from host: <172.30.1.200:9618?addrs=172.30.1.200-9618&alias=tamsa2.snu.ac.kr&noUDP&sock=schedd_3154_f5cb>
...
001 (126803.013.000) 2022-03-30 13:41:44 Job executing on host: <172.30.1.207:9618?addrs=172.30.1.207-9618&alias=node7&noUDP&sock=startd_3626_b67f>
...
001 (126803.014.000) 2022-03-30 13:41:44 Job executing on host: <172.30.1.207:9618?addrs=172.30.1.207-9618&alias=node7&noUDP&sock=startd_3626_b67f>
...
001 (126803.015.000) 2022-03-30 13:41:44 Job executing on host: <172.30.1.207:9618?addrs=172.30.1.207-9618&alias=node7&noUDP&sock=startd_3626_b67f>
...
001 (126803.016.000) 2022-03-30 13:41:44 Job executing on host: <172.30.1.207:9618?addrs=172.30.1.207-9618&alias=node7&noUDP&sock=startd_3626_b67f>
...
001 (126803.017.000) 2022-03-30 13:41:45 Job executing on host: <172.30.1.207:9618?addrs=172.30.1.207-9618&alias=node7&noUDP&sock=startd_3626_b67f>
...
001 (126803.019.000) 2022-03-30 13:41:45 Job executing on host: <172.30.1.207:9618?addrs=172.30.1.207-9618&alias=node7&noUDP&sock=startd_3626_b67f>
...
001 (126803.018.000) 2022-03-30 13:41:45 Job executing on host: <172.30.1.207:9618?addrs=172.30.1.207-9618&alias=node7&noUDP&sock=startd_3626_b67f>
...
001 (126803.000.000) 2022-03-30 13:41:45 Job executing on host: <172.30.1.204:9618?addrs=172.30.1.204-9618&alias=node4&noUDP&sock=startd_3623_a7b6>
...
001 (126803.001.000) 2022-03-30 13:41:45 Job executing on host: <172.30.1.204:9618?addrs=172.30.1.204-9618&alias=node4&noUDP&sock=startd_3623_a7b6>
...
001 (126803.002.000) 2022-03-30 13:41:45 Job executing on host: <172.30.1.204:9618?addrs=172.30.1.204-9618&alias=node4&noUDP&sock=startd_3623_a7b6>
...
001 (126803.003.000) 2022-03-30 13:41:45 Job executing on host: <172.30.1.204:9618?addrs=172.30.1.204-9618&alias=node4&noUDP&sock=startd_3623_a7b6>
...
001 (126803.004.000) 2022-03-30 13:41:45 Job executing on host: <172.30.1.204:9618?addrs=172.30.1.204-9618&alias=node4&noUDP&sock=startd_3623_a7b6>
...
001 (126803.005.000) 2022-03-30 13:41:45 Job executing on host: <172.30.1.204:9618?addrs=172.30.1.204-9618&alias=node4&noUDP&sock=startd_3623_a7b6>
...
001 (126803.006.000) 2022-03-30 13:41:45 Job executing on host: <172.30.1.204:9618?addrs=172.30.1.204-9618&alias=node4&noUDP&sock=startd_3623_a7b6>
...
001 (126803.007.000) 2022-03-30 13:41:46 Job executing on host: <172.30.1.204:9618?addrs=172.30.1.204-9618&alias=node4&noUDP&sock=startd_3623_a7b6>
...
001 (126803.008.000) 2022-03-30 13:41:46 Job executing on host: <172.30.1.204:9618?addrs=172.30.1.204-9618&alias=node4&noUDP&sock=startd_3623_a7b6>
...
001 (126803.009.000) 2022-03-30 13:41:46 Job executing on host: <172.30.1.204:9618?addrs=172.30.1.204-9618&alias=node4&noUDP&sock=startd_3623_a7b6>
...
001 (126803.010.000) 2022-03-30 13:41:46 Job executing on host: <172.30.1.204:9618?addrs=172.30.1.204-9618&alias=node4&noUDP&sock=startd_3623_a7b6>
...
001 (126803.011.000) 2022-03-30 13:41:46 Job executing on host: <172.30.1.204:9618?addrs=172.30.1.204-9618&alias=node4&noUDP&sock=startd_3623_a7b6>
...
001 (126803.012.000) 2022-03-30 13:41:46 Job executing on host: <172.30.1.204:9618?addrs=172.30.1.204-9618&alias=node4&noUDP&sock=startd_3623_a7b6>
...
006 (126803.016.000) 2022-03-30 13:41:53 Image size of job updated: 391088
	151  -  MemoryUsage of job (MB)
	154528  -  ResidentSetSize of job (KB)
...
006 (126803.017.000) 2022-03-30 13:41:53 Image size of job updated: 392676
	151  -  MemoryUsage of job (MB)
	154524  -  ResidentSetSize of job (KB)
...
006 (126803.019.000) 2022-03-30 13:41:53 Image size of job updated: 390688
	151  -  MemoryUsage of job (MB)
	154524  -  ResidentSetSize of job (KB)
...
006 (126803.018.000) 2022-03-30 13:41:53 Image size of job updated: 392148
	151  -  MemoryUsage of job (MB)
	154524  -  ResidentSetSize of job (KB)
...
006 (126803.013.000) 2022-03-30 13:41:53 Image size of job updated: 390420
	153  -  MemoryUsage of job (MB)
	156084  -  ResidentSetSize of job (KB)
...
006 (126803.014.000) 2022-03-30 13:41:53 Image size of job updated: 391748
	153  -  MemoryUsage of job (MB)
	156156  -  ResidentSetSize of job (KB)
...
006 (126803.015.000) 2022-03-30 13:41:53 Image size of job updated: 392148
	154  -  MemoryUsage of job (MB)
	156756  -  ResidentSetSize of job (KB)
...
006 (126803.006.000) 2022-03-30 13:41:54 Image size of job updated: 477400
	183  -  MemoryUsage of job (MB)
	187288  -  ResidentSetSize of job (KB)
...
006 (126803.007.000) 2022-03-30 13:41:54 Image size of job updated: 480736
	196  -  MemoryUsage of job (MB)
	200124  -  ResidentSetSize of job (KB)
...
006 (126803.008.000) 2022-03-30 13:41:54 Image size of job updated: 480736
	183  -  MemoryUsage of job (MB)
	187284  -  ResidentSetSize of job (KB)
...
006 (126803.009.000) 2022-03-30 13:41:54 Image size of job updated: 480736
	183  -  MemoryUsage of job (MB)
	187280  -  ResidentSetSize of job (KB)
...
006 (126803.010.000) 2022-03-30 13:41:54 Image size of job updated: 477400
	183  -  MemoryUsage of job (MB)
	187280  -  ResidentSetSize of job (KB)
...
006 (126803.011.000) 2022-03-30 13:41:54 Image size of job updated: 480736
	183  -  MemoryUsage of job (MB)
	187284  -  ResidentSetSize of job (KB)
...
006 (126803.000.000) 2022-03-30 13:41:54 Image size of job updated: 477232
	183  -  MemoryUsage of job (MB)
	187324  -  ResidentSetSize of job (KB)
...
006 (126803.001.000) 2022-03-30 13:41:54 Image size of job updated: 477408
	183  -  MemoryUsage of job (MB)
	187384  -  ResidentSetSize of job (KB)
...
006 (126803.002.000) 2022-03-30 13:41:54 Image size of job updated: 478404
	188  -  MemoryUsage of job (MB)
	191492  -  ResidentSetSize of job (KB)
...
006 (126803.003.000) 2022-03-30 13:41:54 Image size of job updated: 477400
	183  -  MemoryUsage of job (MB)
	187328  -  ResidentSetSize of job (KB)
...
006 (126803.004.000) 2022-03-30 13:41:54 Image size of job updated: 477416
	180  -  MemoryUsage of job (MB)
	184288  -  ResidentSetSize of job (KB)
...
006 (126803.005.000) 2022-03-30 13:41:55 Image size of job updated: 477400
	183  -  MemoryUsage of job (MB)
	187332  -  ResidentSetSize of job (KB)
...
006 (126803.012.000) 2022-03-30 13:41:55 Image size of job updated: 477400
	183  -  MemoryUsage of job (MB)
	187288  -  ResidentSetSize of job (KB)
...
006 (126803.015.000) 2022-03-30 13:41:59 Image size of job updated: 689728
	154  -  MemoryUsage of job (MB)
	156756  -  ResidentSetSize of job (KB)
...
006 (126803.002.000) 2022-03-30 13:41:59 Image size of job updated: 689772
	188  -  MemoryUsage of job (MB)
	191532  -  ResidentSetSize of job (KB)
...
005 (126803.015.000) 2022-03-30 13:41:59 Job terminated.
	(1) Normal termination (return value 0)
		Usr 0 00:00:06, Sys 0 00:00:02  -  Run Remote Usage
		Usr 0 00:00:00, Sys 0 00:00:00  -  Run Local Usage
		Usr 0 00:00:06, Sys 0 00:00:02  -  Total Remote Usage
		Usr 0 00:00:00, Sys 0 00:00:00  -  Total Local Usage
	0  -  Run Bytes Sent By Job
	0  -  Run Bytes Received By Job
	0  -  Total Bytes Sent By Job
	0  -  Total Bytes Received By Job
	Partitionable Resources :    Usage  Request Allocated 
	   Cpus                 :                 1         1 
	   Disk (KB)            :        1        1    129249 
	   Memory (MB)          :      154     3900      3968 

	Job terminated of its own accord at 2022-03-30T04:41:59Z.
...
005 (126803.002.000) 2022-03-30 13:41:59 Job terminated.
	(1) Normal termination (return value 0)
		Usr 0 00:00:08, Sys 0 00:00:01  -  Run Remote Usage
		Usr 0 00:00:00, Sys 0 00:00:00  -  Run Local Usage
		Usr 0 00:00:08, Sys 0 00:00:01  -  Total Remote Usage
		Usr 0 00:00:00, Sys 0 00:00:00  -  Total Local Usage
	0  -  Run Bytes Sent By Job
	0  -  Run Bytes Received By Job
	0  -  Total Bytes Sent By Job
	0  -  Total Bytes Received By Job
	Partitionable Resources :    Usage  Request Allocated 
	   Cpus                 :                 1         1 
	   Disk (KB)            :        1        1    129249 
	   Memory (MB)          :      188     3900      3968 

	Job terminated of its own accord at 2022-03-30T04:41:59Z.
...
006 (126803.000.000) 2022-03-30 13:41:59 Image size of job updated: 689816
	183  -  MemoryUsage of job (MB)
	187324  -  ResidentSetSize of job (KB)
...
006 (126803.007.000) 2022-03-30 13:41:59 Image size of job updated: 689792
	196  -  MemoryUsage of job (MB)
	200140  -  ResidentSetSize of job (KB)
...
005 (126803.000.000) 2022-03-30 13:41:59 Job terminated.
	(1) Normal termination (return value 0)
		Usr 0 00:00:08, Sys 0 00:00:01  -  Run Remote Usage
		Usr 0 00:00:00, Sys 0 00:00:00  -  Run Local Usage
		Usr 0 00:00:08, Sys 0 00:00:01  -  Total Remote Usage
		Usr 0 00:00:00, Sys 0 00:00:00  -  Total Local Usage
	0  -  Run Bytes Sent By Job
	0  -  Run Bytes Received By Job
	0  -  Total Bytes Sent By Job
	0  -  Total Bytes Received By Job
	Partitionable Resources :    Usage  Request Allocated 
	   Cpus                 :                 1         1 
	   Disk (KB)            :        1        1    129249 
	   Memory (MB)          :      183     3900      3968 

	Job terminated of its own accord at 2022-03-30T04:41:59Z.
...
005 (126803.007.000) 2022-03-30 13:41:59 Job terminated.
	(1) Normal termination (return value 0)
		Usr 0 00:00:09, Sys 0 00:00:01  -  Run Remote Usage
		Usr 0 00:00:00, Sys 0 00:00:00  -  Run Local Usage
		Usr 0 00:00:09, Sys 0 00:00:01  -  Total Remote Usage
		Usr 0 00:00:00, Sys 0 00:00:00  -  Total Local Usage
	0  -  Run Bytes Sent By Job
	0  -  Run Bytes Received By Job
	0  -  Total Bytes Sent By Job
	0  -  Total Bytes Received By Job
	Partitionable Resources :    Usage  Request Allocated 
	   Cpus                 :                 1         1 
	   Disk (KB)            :        1        1    129249 
	   Memory (MB)          :      196     3900      3968 

	Job terminated of its own accord at 2022-03-30T04:41:59Z.
...
006 (126803.005.000) 2022-03-30 13:41:59 Image size of job updated: 689760
	183  -  MemoryUsage of job (MB)
	187332  -  ResidentSetSize of job (KB)
...
005 (126803.005.000) 2022-03-30 13:41:59 Job terminated.
	(1) Normal termination (return value 0)
		Usr 0 00:00:09, Sys 0 00:00:01  -  Run Remote Usage
		Usr 0 00:00:00, Sys 0 00:00:00  -  Run Local Usage
		Usr 0 00:00:09, Sys 0 00:00:01  -  Total Remote Usage
		Usr 0 00:00:00, Sys 0 00:00:00  -  Total Local Usage
	0  -  Run Bytes Sent By Job
	0  -  Run Bytes Received By Job
	0  -  Total Bytes Sent By Job
	0  -  Total Bytes Received By Job
	Partitionable Resources :    Usage  Request Allocated 
	   Cpus                 :                 1         1 
	   Disk (KB)            :        1        1    129249 
	   Memory (MB)          :      183     3900      3968 

	Job terminated of its own accord at 2022-03-30T04:41:59Z.
...
006 (126803.009.000) 2022-03-30 13:41:59 Image size of job updated: 689780
	183  -  MemoryUsage of job (MB)
	187280  -  ResidentSetSize of job (KB)
...
005 (126803.009.000) 2022-03-30 13:41:59 Job terminated.
	(1) Normal termination (return value 0)
		Usr 0 00:00:09, Sys 0 00:00:01  -  Run Remote Usage
		Usr 0 00:00:00, Sys 0 00:00:00  -  Run Local Usage
		Usr 0 00:00:09, Sys 0 00:00:01  -  Total Remote Usage
		Usr 0 00:00:00, Sys 0 00:00:00  -  Total Local Usage
	0  -  Run Bytes Sent By Job
	0  -  Run Bytes Received By Job
	0  -  Total Bytes Sent By Job
	0  -  Total Bytes Received By Job
	Partitionable Resources :    Usage  Request Allocated 
	   Cpus                 :                 1         1 
	   Disk (KB)            :        1        1    129249 
	   Memory (MB)          :      183     3900      3968 

	Job terminated of its own accord at 2022-03-30T04:41:59Z.
...
006 (126803.006.000) 2022-03-30 13:42:00 Image size of job updated: 689780
	183  -  MemoryUsage of job (MB)
	187288  -  ResidentSetSize of job (KB)
...
005 (126803.006.000) 2022-03-30 13:42:00 Job terminated.
	(1) Normal termination (return value 0)
		Usr 0 00:00:09, Sys 0 00:00:01  -  Run Remote Usage
		Usr 0 00:00:00, Sys 0 00:00:00  -  Run Local Usage
		Usr 0 00:00:09, Sys 0 00:00:01  -  Total Remote Usage
		Usr 0 00:00:00, Sys 0 00:00:00  -  Total Local Usage
	0  -  Run Bytes Sent By Job
	0  -  Run Bytes Received By Job
	0  -  Total Bytes Sent By Job
	0  -  Total Bytes Received By Job
	Partitionable Resources :    Usage  Request Allocated 
	   Cpus                 :                 1         1 
	   Disk (KB)            :        1        1    129249 
	   Memory (MB)          :      183     3900      3968 

	Job terminated of its own accord at 2022-03-30T04:42:00Z.
...
006 (126803.019.000) 2022-03-30 13:42:00 Image size of job updated: 688960
	151  -  MemoryUsage of job (MB)
	154524  -  ResidentSetSize of job (KB)
...
005 (126803.019.000) 2022-03-30 13:42:00 Job terminated.
	(1) Normal termination (return value 0)
		Usr 0 00:00:08, Sys 0 00:00:02  -  Run Remote Usage
		Usr 0 00:00:00, Sys 0 00:00:00  -  Run Local Usage
		Usr 0 00:00:08, Sys 0 00:00:02  -  Total Remote Usage
		Usr 0 00:00:00, Sys 0 00:00:00  -  Total Local Usage
	0  -  Run Bytes Sent By Job
	0  -  Run Bytes Received By Job
	0  -  Total Bytes Sent By Job
	0  -  Total Bytes Received By Job
	Partitionable Resources :    Usage  Request Allocated 
	   Cpus                 :                 1         1 
	   Disk (KB)            :        1        1    129249 
	   Memory (MB)          :      151     3900      3968 

	Job terminated of its own accord at 2022-03-30T04:42:00Z.
...
006 (126803.017.000) 2022-03-30 13:42:00 Image size of job updated: 689728
	151  -  MemoryUsage of job (MB)
	154524  -  ResidentSetSize of job (KB)
...
006 (126803.016.000) 2022-03-30 13:42:00 Image size of job updated: 689720
	151  -  MemoryUsage of job (MB)
	154528  -  ResidentSetSize of job (KB)
...
005 (126803.017.000) 2022-03-30 13:42:00 Job terminated.
	(1) Normal termination (return value 0)
		Usr 0 00:00:08, Sys 0 00:00:02  -  Run Remote Usage
		Usr 0 00:00:00, Sys 0 00:00:00  -  Run Local Usage
		Usr 0 00:00:08, Sys 0 00:00:02  -  Total Remote Usage
		Usr 0 00:00:00, Sys 0 00:00:00  -  Total Local Usage
	0  -  Run Bytes Sent By Job
	0  -  Run Bytes Received By Job
	0  -  Total Bytes Sent By Job
	0  -  Total Bytes Received By Job
	Partitionable Resources :    Usage  Request Allocated 
	   Cpus                 :                 1         1 
	   Disk (KB)            :        1        1    129249 
	   Memory (MB)          :      151     3900      3968 

	Job terminated of its own accord at 2022-03-30T04:42:00Z.
...
005 (126803.016.000) 2022-03-30 13:42:00 Job terminated.
	(1) Normal termination (return value 0)
		Usr 0 00:00:08, Sys 0 00:00:02  -  Run Remote Usage
		Usr 0 00:00:00, Sys 0 00:00:00  -  Run Local Usage
		Usr 0 00:00:08, Sys 0 00:00:02  -  Total Remote Usage
		Usr 0 00:00:00, Sys 0 00:00:00  -  Total Local Usage
	0  -  Run Bytes Sent By Job
	0  -  Run Bytes Received By Job
	0  -  Total Bytes Sent By Job
	0  -  Total Bytes Received By Job
	Partitionable Resources :    Usage  Request Allocated 
	   Cpus                 :                 1         1 
	   Disk (KB)            :        1        1    129249 
	   Memory (MB)          :      151     3900      3968 

	Job terminated of its own accord at 2022-03-30T04:42:00Z.
...
006 (126803.003.000) 2022-03-30 13:42:00 Image size of job updated: 689812
	183  -  MemoryUsage of job (MB)
	187328  -  ResidentSetSize of job (KB)
...
005 (126803.003.000) 2022-03-30 13:42:00 Job terminated.
	(1) Normal termination (return value 0)
		Usr 0 00:00:10, Sys 0 00:00:01  -  Run Remote Usage
		Usr 0 00:00:00, Sys 0 00:00:00  -  Run Local Usage
		Usr 0 00:00:10, Sys 0 00:00:01  -  Total Remote Usage
		Usr 0 00:00:00, Sys 0 00:00:00  -  Total Local Usage
	0  -  Run Bytes Sent By Job
	0  -  Run Bytes Received By Job
	0  -  Total Bytes Sent By Job
	0  -  Total Bytes Received By Job
	Partitionable Resources :    Usage  Request Allocated 
	   Cpus                 :                 1         1 
	   Disk (KB)            :        1        1    129249 
	   Memory (MB)          :      183     3900      3968 

	Job terminated of its own accord at 2022-03-30T04:42:00Z.
...
006 (126803.004.000) 2022-03-30 13:42:01 Image size of job updated: 691544
	180  -  MemoryUsage of job (MB)
	184288  -  ResidentSetSize of job (KB)
...
005 (126803.004.000) 2022-03-30 13:42:01 Job terminated.
	(1) Normal termination (return value 0)
		Usr 0 00:00:11, Sys 0 00:00:01  -  Run Remote Usage
		Usr 0 00:00:00, Sys 0 00:00:00  -  Run Local Usage
		Usr 0 00:00:11, Sys 0 00:00:01  -  Total Remote Usage
		Usr 0 00:00:00, Sys 0 00:00:00  -  Total Local Usage
	0  -  Run Bytes Sent By Job
	0  -  Run Bytes Received By Job
	0  -  Total Bytes Sent By Job
	0  -  Total Bytes Received By Job
	Partitionable Resources :    Usage  Request Allocated 
	   Cpus                 :                 1         1 
	   Disk (KB)            :        1        1    129249 
	   Memory (MB)          :      180     3900      3968 

	Job terminated of its own accord at 2022-03-30T04:42:01Z.
...
006 (126803.008.000) 2022-03-30 13:42:01 Image size of job updated: 689964
	183  -  MemoryUsage of job (MB)
	187284  -  ResidentSetSize of job (KB)
...
005 (126803.008.000) 2022-03-30 13:42:01 Job terminated.
	(1) Normal termination (return value 0)
		Usr 0 00:00:11, Sys 0 00:00:01  -  Run Remote Usage
		Usr 0 00:00:00, Sys 0 00:00:00  -  Run Local Usage
		Usr 0 00:00:11, Sys 0 00:00:01  -  Total Remote Usage
		Usr 0 00:00:00, Sys 0 00:00:00  -  Total Local Usage
	0  -  Run Bytes Sent By Job
	0  -  Run Bytes Received By Job
	0  -  Total Bytes Sent By Job
	0  -  Total Bytes Received By Job
	Partitionable Resources :    Usage  Request Allocated 
	   Cpus                 :                 1         1 
	   Disk (KB)            :        1        1    129249 
	   Memory (MB)          :      183     3900      3968 

	Job terminated of its own accord at 2022-03-30T04:42:01Z.
...
006 (126803.012.000) 2022-03-30 13:42:02 Image size of job updated: 656432
	183  -  MemoryUsage of job (MB)
	187288  -  ResidentSetSize of job (KB)
...
005 (126803.012.000) 2022-03-30 13:42:02 Job terminated.
	(1) Normal termination (return value 0)
		Usr 0 00:00:12, Sys 0 00:00:01  -  Run Remote Usage
		Usr 0 00:00:00, Sys 0 00:00:00  -  Run Local Usage
		Usr 0 00:00:12, Sys 0 00:00:01  -  Total Remote Usage
		Usr 0 00:00:00, Sys 0 00:00:00  -  Total Local Usage
	0  -  Run Bytes Sent By Job
	0  -  Run Bytes Received By Job
	0  -  Total Bytes Sent By Job
	0  -  Total Bytes Received By Job
	Partitionable Resources :    Usage  Request Allocated 
	   Cpus                 :                 1         1 
	   Disk (KB)            :        1        1    129249 
	   Memory (MB)          :      183     3900      3968 

	Job terminated of its own accord at 2022-03-30T04:42:02Z.
...
006 (126803.010.000) 2022-03-30 13:42:02 Image size of job updated: 670124
	183  -  MemoryUsage of job (MB)
	187280  -  ResidentSetSize of job (KB)
...
005 (126803.010.000) 2022-03-30 13:42:02 Job terminated.
	(1) Normal termination (return value 0)
		Usr 0 00:00:12, Sys 0 00:00:01  -  Run Remote Usage
		Usr 0 00:00:00, Sys 0 00:00:00  -  Run Local Usage
		Usr 0 00:00:12, Sys 0 00:00:01  -  Total Remote Usage
		Usr 0 00:00:00, Sys 0 00:00:00  -  Total Local Usage
	0  -  Run Bytes Sent By Job
	0  -  Run Bytes Received By Job
	0  -  Total Bytes Sent By Job
	0  -  Total Bytes Received By Job
	Partitionable Resources :    Usage  Request Allocated 
	   Cpus                 :                 1         1 
	   Disk (KB)            :        1        1    129249 
	   Memory (MB)          :      183     3900      3968 

	Job terminated of its own accord at 2022-03-30T04:42:02Z.
...
006 (126803.011.000) 2022-03-30 13:42:02 Image size of job updated: 689712
	183  -  MemoryUsage of job (MB)
	187284  -  ResidentSetSize of job (KB)
...
005 (126803.011.000) 2022-03-30 13:42:02 Job terminated.
	(1) Normal termination (return value 0)
		Usr 0 00:00:12, Sys 0 00:00:01  -  Run Remote Usage
		Usr 0 00:00:00, Sys 0 00:00:00  -  Run Local Usage
		Usr 0 00:00:12, Sys 0 00:00:01  -  Total Remote Usage
		Usr 0 00:00:00, Sys 0 00:00:00  -  Total Local Usage
	0  -  Run Bytes Sent By Job
	0  -  Run Bytes Received By Job
	0  -  Total Bytes Sent By Job
	0  -  Total Bytes Received By Job
	Partitionable Resources :    Usage  Request Allocated 
	   Cpus                 :                 1         1 
	   Disk (KB)            :        1        1    129249 
	   Memory (MB)          :      183     3900      3968 

	Job terminated of its own accord at 2022-03-30T04:42:02Z.
...
006 (126803.001.000) 2022-03-30 13:42:05 Image size of job updated: 689812
	183  -  MemoryUsage of job (MB)
	187384  -  ResidentSetSize of job (KB)
...
005 (126803.001.000) 2022-03-30 13:42:05 Job terminated.
	(1) Normal termination (return value 0)
		Usr 0 00:00:14, Sys 0 00:00:01  -  Run Remote Usage
		Usr 0 00:00:00, Sys 0 00:00:00  -  Run Local Usage
		Usr 0 00:00:14, Sys 0 00:00:01  -  Total Remote Usage
		Usr 0 00:00:00, Sys 0 00:00:00  -  Total Local Usage
	0  -  Run Bytes Sent By Job
	0  -  Run Bytes Received By Job
	0  -  Total Bytes Sent By Job
	0  -  Total Bytes Received By Job
	Partitionable Resources :    Usage  Request Allocated 
	   Cpus                 :                 1         1 
	   Disk (KB)            :        1        1    129249 
	   Memory (MB)          :      183     3900      3968 

	Job terminated of its own accord at 2022-03-30T04:42:05Z.
...
006 (126803.018.000) 2022-03-30 13:42:05 Image size of job updated: 686560
	151  -  MemoryUsage of job (MB)
	154524  -  ResidentSetSize of job (KB)
...
005 (126803.018.000) 2022-03-30 13:42:05 Job terminated.
	(1) Normal termination (return value 0)
		Usr 0 00:00:13, Sys 0 00:00:02  -  Run Remote Usage
		Usr 0 00:00:00, Sys 0 00:00:00  -  Run Local Usage
		Usr 0 00:00:13, Sys 0 00:00:02  -  Total Remote Usage
		Usr 0 00:00:00, Sys 0 00:00:00  -  Total Local Usage
	0  -  Run Bytes Sent By Job
	0  -  Run Bytes Received By Job
	0  -  Total Bytes Sent By Job
	0  -  Total Bytes Received By Job
	Partitionable Resources :    Usage  Request Allocated 
	   Cpus                 :     1.00        1         1 
	   Disk (KB)            :     1           1    129249 
	   Memory (MB)          :   151        3900      3968 

	Job terminated of its own accord at 2022-03-30T04:42:05Z.
...
006 (126803.013.000) 2022-03-30 13:42:13 Image size of job updated: 648908
	153  -  MemoryUsage of job (MB)
	156084  -  ResidentSetSize of job (KB)
...
005 (126803.013.000) 2022-03-30 13:42:13 Job terminated.
	(1) Normal termination (return value 0)
		Usr 0 00:00:20, Sys 0 00:00:02  -  Run Remote Usage
		Usr 0 00:00:00, Sys 0 00:00:00  -  Run Local Usage
		Usr 0 00:00:20, Sys 0 00:00:02  -  Total Remote Usage
		Usr 0 00:00:00, Sys 0 00:00:00  -  Total Local Usage
	0  -  Run Bytes Sent By Job
	0  -  Run Bytes Received By Job
	0  -  Total Bytes Sent By Job
	0  -  Total Bytes Received By Job
	Partitionable Resources :    Usage  Request Allocated 
	   Cpus                 :     1.00        1         1 
	   Disk (KB)            :     1           1    129249 
	   Memory (MB)          :   153        3900      3968 

	Job terminated of its own accord at 2022-03-30T04:42:13Z.
...
006 (126803.014.000) 2022-03-30 13:42:15 Image size of job updated: 648908
	153  -  MemoryUsage of job (MB)
	156184  -  ResidentSetSize of job (KB)
...
005 (126803.014.000) 2022-03-30 13:42:15 Job terminated.
	(1) Normal termination (return value 0)
		Usr 0 00:00:22, Sys 0 00:00:02  -  Run Remote Usage
		Usr 0 00:00:00, Sys 0 00:00:00  -  Run Local Usage
		Usr 0 00:00:22, Sys 0 00:00:02  -  Total Remote Usage
		Usr 0 00:00:00, Sys 0 00:00:00  -  Total Local Usage
	0  -  Run Bytes Sent By Job
	0  -  Run Bytes Received By Job
	0  -  Total Bytes Sent By Job
	0  -  Total Bytes Received By Job
	Partitionable Resources :    Usage  Request Allocated 
	   Cpus                 :     1.00        1         1 
	   Disk (KB)            :     1           1    129249 
	   Memory (MB)          :   153        3900      3968 

	Job terminated of its own accord at 2022-03-30T04:42:15Z.
...
