000 (126492.000.000) 2022-03-29 12:55:41 Job submitted from host: <172.30.1.200:9618?addrs=172.30.1.200-9618&alias=tamsa2.snu.ac.kr&noUDP&sock=schedd_3154_f5cb>
...
000 (126492.001.000) 2022-03-29 12:55:41 Job submitted from host: <172.30.1.200:9618?addrs=172.30.1.200-9618&alias=tamsa2.snu.ac.kr&noUDP&sock=schedd_3154_f5cb>
...
000 (126492.002.000) 2022-03-29 12:55:41 Job submitted from host: <172.30.1.200:9618?addrs=172.30.1.200-9618&alias=tamsa2.snu.ac.kr&noUDP&sock=schedd_3154_f5cb>
...
000 (126492.003.000) 2022-03-29 12:55:41 Job submitted from host: <172.30.1.200:9618?addrs=172.30.1.200-9618&alias=tamsa2.snu.ac.kr&noUDP&sock=schedd_3154_f5cb>
...
000 (126492.004.000) 2022-03-29 12:55:41 Job submitted from host: <172.30.1.200:9618?addrs=172.30.1.200-9618&alias=tamsa2.snu.ac.kr&noUDP&sock=schedd_3154_f5cb>
...
000 (126492.005.000) 2022-03-29 12:55:41 Job submitted from host: <172.30.1.200:9618?addrs=172.30.1.200-9618&alias=tamsa2.snu.ac.kr&noUDP&sock=schedd_3154_f5cb>
...
000 (126492.006.000) 2022-03-29 12:55:41 Job submitted from host: <172.30.1.200:9618?addrs=172.30.1.200-9618&alias=tamsa2.snu.ac.kr&noUDP&sock=schedd_3154_f5cb>
...
000 (126492.007.000) 2022-03-29 12:55:41 Job submitted from host: <172.30.1.200:9618?addrs=172.30.1.200-9618&alias=tamsa2.snu.ac.kr&noUDP&sock=schedd_3154_f5cb>
...
000 (126492.008.000) 2022-03-29 12:55:41 Job submitted from host: <172.30.1.200:9618?addrs=172.30.1.200-9618&alias=tamsa2.snu.ac.kr&noUDP&sock=schedd_3154_f5cb>
...
000 (126492.009.000) 2022-03-29 12:55:41 Job submitted from host: <172.30.1.200:9618?addrs=172.30.1.200-9618&alias=tamsa2.snu.ac.kr&noUDP&sock=schedd_3154_f5cb>
...
000 (126492.010.000) 2022-03-29 12:55:41 Job submitted from host: <172.30.1.200:9618?addrs=172.30.1.200-9618&alias=tamsa2.snu.ac.kr&noUDP&sock=schedd_3154_f5cb>
...
000 (126492.011.000) 2022-03-29 12:55:41 Job submitted from host: <172.30.1.200:9618?addrs=172.30.1.200-9618&alias=tamsa2.snu.ac.kr&noUDP&sock=schedd_3154_f5cb>
...
000 (126492.012.000) 2022-03-29 12:55:41 Job submitted from host: <172.30.1.200:9618?addrs=172.30.1.200-9618&alias=tamsa2.snu.ac.kr&noUDP&sock=schedd_3154_f5cb>
...
000 (126492.013.000) 2022-03-29 12:55:41 Job submitted from host: <172.30.1.200:9618?addrs=172.30.1.200-9618&alias=tamsa2.snu.ac.kr&noUDP&sock=schedd_3154_f5cb>
...
000 (126492.014.000) 2022-03-29 12:55:41 Job submitted from host: <172.30.1.200:9618?addrs=172.30.1.200-9618&alias=tamsa2.snu.ac.kr&noUDP&sock=schedd_3154_f5cb>
...
000 (126492.015.000) 2022-03-29 12:55:41 Job submitted from host: <172.30.1.200:9618?addrs=172.30.1.200-9618&alias=tamsa2.snu.ac.kr&noUDP&sock=schedd_3154_f5cb>
...
000 (126492.016.000) 2022-03-29 12:55:41 Job submitted from host: <172.30.1.200:9618?addrs=172.30.1.200-9618&alias=tamsa2.snu.ac.kr&noUDP&sock=schedd_3154_f5cb>
...
000 (126492.017.000) 2022-03-29 12:55:41 Job submitted from host: <172.30.1.200:9618?addrs=172.30.1.200-9618&alias=tamsa2.snu.ac.kr&noUDP&sock=schedd_3154_f5cb>
...
000 (126492.018.000) 2022-03-29 12:55:41 Job submitted from host: <172.30.1.200:9618?addrs=172.30.1.200-9618&alias=tamsa2.snu.ac.kr&noUDP&sock=schedd_3154_f5cb>
...
000 (126492.019.000) 2022-03-29 12:55:41 Job submitted from host: <172.30.1.200:9618?addrs=172.30.1.200-9618&alias=tamsa2.snu.ac.kr&noUDP&sock=schedd_3154_f5cb>
...
001 (126492.017.000) 2022-03-29 12:55:55 Job executing on host: <172.30.1.202:9618?addrs=172.30.1.202-9618&alias=node2&noUDP&sock=startd_3636_9271>
...
001 (126492.000.000) 2022-03-29 12:55:55 Job executing on host: <172.30.1.202:9618?addrs=172.30.1.202-9618&alias=node2&noUDP&sock=startd_3636_9271>
...
001 (126492.002.000) 2022-03-29 12:55:56 Job executing on host: <172.30.1.202:9618?addrs=172.30.1.202-9618&alias=node2&noUDP&sock=startd_3636_9271>
...
001 (126492.001.000) 2022-03-29 12:55:56 Job executing on host: <172.30.1.202:9618?addrs=172.30.1.202-9618&alias=node2&noUDP&sock=startd_3636_9271>
...
001 (126492.005.000) 2022-03-29 12:55:56 Job executing on host: <172.30.1.202:9618?addrs=172.30.1.202-9618&alias=node2&noUDP&sock=startd_3636_9271>
...
001 (126492.003.000) 2022-03-29 12:55:56 Job executing on host: <172.30.1.202:9618?addrs=172.30.1.202-9618&alias=node2&noUDP&sock=startd_3636_9271>
...
001 (126492.004.000) 2022-03-29 12:55:56 Job executing on host: <172.30.1.202:9618?addrs=172.30.1.202-9618&alias=node2&noUDP&sock=startd_3636_9271>
...
001 (126492.006.000) 2022-03-29 12:55:56 Job executing on host: <172.30.1.202:9618?addrs=172.30.1.202-9618&alias=node2&noUDP&sock=startd_3636_9271>
...
001 (126492.009.000) 2022-03-29 12:55:56 Job executing on host: <172.30.1.202:9618?addrs=172.30.1.202-9618&alias=node2&noUDP&sock=startd_3636_9271>
...
001 (126492.007.000) 2022-03-29 12:55:56 Job executing on host: <172.30.1.202:9618?addrs=172.30.1.202-9618&alias=node2&noUDP&sock=startd_3636_9271>
...
001 (126492.008.000) 2022-03-29 12:55:56 Job executing on host: <172.30.1.202:9618?addrs=172.30.1.202-9618&alias=node2&noUDP&sock=startd_3636_9271>
...
001 (126492.010.000) 2022-03-29 12:55:56 Job executing on host: <172.30.1.202:9618?addrs=172.30.1.202-9618&alias=node2&noUDP&sock=startd_3636_9271>
...
001 (126492.013.000) 2022-03-29 12:55:56 Job executing on host: <172.30.1.202:9618?addrs=172.30.1.202-9618&alias=node2&noUDP&sock=startd_3636_9271>
...
001 (126492.011.000) 2022-03-29 12:55:57 Job executing on host: <172.30.1.202:9618?addrs=172.30.1.202-9618&alias=node2&noUDP&sock=startd_3636_9271>
...
001 (126492.012.000) 2022-03-29 12:55:57 Job executing on host: <172.30.1.202:9618?addrs=172.30.1.202-9618&alias=node2&noUDP&sock=startd_3636_9271>
...
001 (126492.015.000) 2022-03-29 12:55:57 Job executing on host: <172.30.1.202:9618?addrs=172.30.1.202-9618&alias=node2&noUDP&sock=startd_3636_9271>
...
001 (126492.014.000) 2022-03-29 12:55:57 Job executing on host: <172.30.1.202:9618?addrs=172.30.1.202-9618&alias=node2&noUDP&sock=startd_3636_9271>
...
001 (126492.016.000) 2022-03-29 12:55:57 Job executing on host: <172.30.1.202:9618?addrs=172.30.1.202-9618&alias=node2&noUDP&sock=startd_3636_9271>
...
001 (126492.018.000) 2022-03-29 12:55:57 Job executing on host: <172.30.1.202:9618?addrs=172.30.1.202-9618&alias=node2&noUDP&sock=startd_3636_9271>
...
001 (126492.019.000) 2022-03-29 12:55:57 Job executing on host: <172.30.1.202:9618?addrs=172.30.1.202-9618&alias=node2&noUDP&sock=startd_3636_9271>
...
006 (126492.000.000) 2022-03-29 12:56:04 Image size of job updated: 302876
	169  -  MemoryUsage of job (MB)
	172412  -  ResidentSetSize of job (KB)
...
006 (126492.002.000) 2022-03-29 12:56:04 Image size of job updated: 206012
	170  -  MemoryUsage of job (MB)
	173280  -  ResidentSetSize of job (KB)
...
006 (126492.001.000) 2022-03-29 12:56:04 Image size of job updated: 206012
	173  -  MemoryUsage of job (MB)
	177112  -  ResidentSetSize of job (KB)
...
006 (126492.005.000) 2022-03-29 12:56:04 Image size of job updated: 205948
	172  -  MemoryUsage of job (MB)
	175780  -  ResidentSetSize of job (KB)
...
006 (126492.017.000) 2022-03-29 12:56:04 Image size of job updated: 390288
	176  -  MemoryUsage of job (MB)
	179640  -  ResidentSetSize of job (KB)
...
006 (126492.013.000) 2022-03-29 12:56:05 Image size of job updated: 185496
	181  -  MemoryUsage of job (MB)
	184580  -  ResidentSetSize of job (KB)
...
006 (126492.011.000) 2022-03-29 12:56:05 Image size of job updated: 187312
	183  -  MemoryUsage of job (MB)
	186432  -  ResidentSetSize of job (KB)
...
006 (126492.012.000) 2022-03-29 12:56:05 Image size of job updated: 185772
	181  -  MemoryUsage of job (MB)
	184920  -  ResidentSetSize of job (KB)
...
006 (126492.015.000) 2022-03-29 12:56:05 Image size of job updated: 190008
	183  -  MemoryUsage of job (MB)
	186848  -  ResidentSetSize of job (KB)
...
006 (126492.003.000) 2022-03-29 12:56:05 Image size of job updated: 190304
	184  -  MemoryUsage of job (MB)
	188104  -  ResidentSetSize of job (KB)
...
006 (126492.004.000) 2022-03-29 12:56:05 Image size of job updated: 189320
	184  -  MemoryUsage of job (MB)
	188100  -  ResidentSetSize of job (KB)
...
006 (126492.006.000) 2022-03-29 12:56:05 Image size of job updated: 189868
	184  -  MemoryUsage of job (MB)
	188108  -  ResidentSetSize of job (KB)
...
006 (126492.009.000) 2022-03-29 12:56:05 Image size of job updated: 192356
	184  -  MemoryUsage of job (MB)
	188088  -  ResidentSetSize of job (KB)
...
006 (126492.007.000) 2022-03-29 12:56:05 Image size of job updated: 192692
	184  -  MemoryUsage of job (MB)
	188096  -  ResidentSetSize of job (KB)
...
006 (126492.008.000) 2022-03-29 12:56:05 Image size of job updated: 189744
	184  -  MemoryUsage of job (MB)
	188112  -  ResidentSetSize of job (KB)
...
006 (126492.010.000) 2022-03-29 12:56:05 Image size of job updated: 188980
	184  -  MemoryUsage of job (MB)
	188104  -  ResidentSetSize of job (KB)
...
006 (126492.014.000) 2022-03-29 12:56:06 Image size of job updated: 197756
	184  -  MemoryUsage of job (MB)
	188112  -  ResidentSetSize of job (KB)
...
006 (126492.016.000) 2022-03-29 12:56:06 Image size of job updated: 193560
	184  -  MemoryUsage of job (MB)
	188096  -  ResidentSetSize of job (KB)
...
006 (126492.018.000) 2022-03-29 12:56:06 Image size of job updated: 194512
	185  -  MemoryUsage of job (MB)
	188592  -  ResidentSetSize of job (KB)
...
006 (126492.019.000) 2022-03-29 12:56:06 Image size of job updated: 194016
	184  -  MemoryUsage of job (MB)
	188100  -  ResidentSetSize of job (KB)
...
006 (126492.001.000) 2022-03-29 12:56:15 Image size of job updated: 691468
	173  -  MemoryUsage of job (MB)
	177112  -  ResidentSetSize of job (KB)
...
005 (126492.001.000) 2022-03-29 12:56:15 Job terminated.
	(1) Normal termination (return value 0)
		Usr 0 00:00:13, Sys 0 00:00:02  -  Run Remote Usage
		Usr 0 00:00:00, Sys 0 00:00:00  -  Run Local Usage
		Usr 0 00:00:13, Sys 0 00:00:02  -  Total Remote Usage
		Usr 0 00:00:00, Sys 0 00:00:00  -  Total Local Usage
	0  -  Run Bytes Sent By Job
	0  -  Run Bytes Received By Job
	0  -  Total Bytes Sent By Job
	0  -  Total Bytes Received By Job
	Partitionable Resources :    Usage  Request Allocated 
	   Cpus                 :                 1         1 
	   Disk (KB)            :        1        1    129249 
	   Memory (MB)          :      173     3900      3968 

	Job terminated of its own accord at 2022-03-29T03:56:15Z.
...
006 (126492.009.000) 2022-03-29 12:56:16 Image size of job updated: 691460
	184  -  MemoryUsage of job (MB)
	188088  -  ResidentSetSize of job (KB)
...
005 (126492.009.000) 2022-03-29 12:56:16 Job terminated.
	(1) Normal termination (return value 0)
		Usr 0 00:00:13, Sys 0 00:00:02  -  Run Remote Usage
		Usr 0 00:00:00, Sys 0 00:00:00  -  Run Local Usage
		Usr 0 00:00:13, Sys 0 00:00:02  -  Total Remote Usage
		Usr 0 00:00:00, Sys 0 00:00:00  -  Total Local Usage
	0  -  Run Bytes Sent By Job
	0  -  Run Bytes Received By Job
	0  -  Total Bytes Sent By Job
	0  -  Total Bytes Received By Job
	Partitionable Resources :    Usage  Request Allocated 
	   Cpus                 :                 1         1 
	   Disk (KB)            :        1        1    129249 
	   Memory (MB)          :      184     3900      3968 

	Job terminated of its own accord at 2022-03-29T03:56:16Z.
...
006 (126492.002.000) 2022-03-29 12:56:17 Image size of job updated: 691480
	170  -  MemoryUsage of job (MB)
	173280  -  ResidentSetSize of job (KB)
...
005 (126492.002.000) 2022-03-29 12:56:17 Job terminated.
	(1) Normal termination (return value 0)
		Usr 0 00:00:14, Sys 0 00:00:02  -  Run Remote Usage
		Usr 0 00:00:00, Sys 0 00:00:00  -  Run Local Usage
		Usr 0 00:00:14, Sys 0 00:00:02  -  Total Remote Usage
		Usr 0 00:00:00, Sys 0 00:00:00  -  Total Local Usage
	0  -  Run Bytes Sent By Job
	0  -  Run Bytes Received By Job
	0  -  Total Bytes Sent By Job
	0  -  Total Bytes Received By Job
	Partitionable Resources :    Usage  Request Allocated 
	   Cpus                 :                 1         1 
	   Disk (KB)            :        1        1    129249 
	   Memory (MB)          :      170     3900      3968 

	Job terminated of its own accord at 2022-03-29T03:56:17Z.
...
006 (126492.003.000) 2022-03-29 12:56:17 Image size of job updated: 691532
	184  -  MemoryUsage of job (MB)
	188104  -  ResidentSetSize of job (KB)
...
005 (126492.003.000) 2022-03-29 12:56:17 Job terminated.
	(1) Normal termination (return value 0)
		Usr 0 00:00:15, Sys 0 00:00:02  -  Run Remote Usage
		Usr 0 00:00:00, Sys 0 00:00:00  -  Run Local Usage
		Usr 0 00:00:15, Sys 0 00:00:02  -  Total Remote Usage
		Usr 0 00:00:00, Sys 0 00:00:00  -  Total Local Usage
	0  -  Run Bytes Sent By Job
	0  -  Run Bytes Received By Job
	0  -  Total Bytes Sent By Job
	0  -  Total Bytes Received By Job
	Partitionable Resources :    Usage  Request Allocated 
	   Cpus                 :                 1         1 
	   Disk (KB)            :        1        1    129249 
	   Memory (MB)          :      184     3900      3968 

	Job terminated of its own accord at 2022-03-29T03:56:17Z.
...
006 (126492.015.000) 2022-03-29 12:56:19 Image size of job updated: 691696
	183  -  MemoryUsage of job (MB)
	186848  -  ResidentSetSize of job (KB)
...
005 (126492.015.000) 2022-03-29 12:56:19 Job terminated.
	(1) Normal termination (return value 0)
		Usr 0 00:00:17, Sys 0 00:00:02  -  Run Remote Usage
		Usr 0 00:00:00, Sys 0 00:00:00  -  Run Local Usage
		Usr 0 00:00:17, Sys 0 00:00:02  -  Total Remote Usage
		Usr 0 00:00:00, Sys 0 00:00:00  -  Total Local Usage
	0  -  Run Bytes Sent By Job
	0  -  Run Bytes Received By Job
	0  -  Total Bytes Sent By Job
	0  -  Total Bytes Received By Job
	Partitionable Resources :    Usage  Request Allocated 
	   Cpus                 :                 1         1 
	   Disk (KB)            :        1        1    129249 
	   Memory (MB)          :      183     3900      3968 

	Job terminated of its own accord at 2022-03-29T03:56:19Z.
...
006 (126492.018.000) 2022-03-29 12:56:20 Image size of job updated: 691744
	185  -  MemoryUsage of job (MB)
	188592  -  ResidentSetSize of job (KB)
...
005 (126492.018.000) 2022-03-29 12:56:20 Job terminated.
	(1) Normal termination (return value 0)
		Usr 0 00:00:17, Sys 0 00:00:01  -  Run Remote Usage
		Usr 0 00:00:00, Sys 0 00:00:00  -  Run Local Usage
		Usr 0 00:00:17, Sys 0 00:00:01  -  Total Remote Usage
		Usr 0 00:00:00, Sys 0 00:00:00  -  Total Local Usage
	0  -  Run Bytes Sent By Job
	0  -  Run Bytes Received By Job
	0  -  Total Bytes Sent By Job
	0  -  Total Bytes Received By Job
	Partitionable Resources :    Usage  Request Allocated 
	   Cpus                 :                 1         1 
	   Disk (KB)            :        1        1    129249 
	   Memory (MB)          :      185     3900      3968 

	Job terminated of its own accord at 2022-03-29T03:56:20Z.
...
006 (126492.006.000) 2022-03-29 12:56:20 Image size of job updated: 691452
	184  -  MemoryUsage of job (MB)
	188108  -  ResidentSetSize of job (KB)
...
005 (126492.006.000) 2022-03-29 12:56:20 Job terminated.
	(1) Normal termination (return value 0)
		Usr 0 00:00:18, Sys 0 00:00:02  -  Run Remote Usage
		Usr 0 00:00:00, Sys 0 00:00:00  -  Run Local Usage
		Usr 0 00:00:18, Sys 0 00:00:02  -  Total Remote Usage
		Usr 0 00:00:00, Sys 0 00:00:00  -  Total Local Usage
	0  -  Run Bytes Sent By Job
	0  -  Run Bytes Received By Job
	0  -  Total Bytes Sent By Job
	0  -  Total Bytes Received By Job
	Partitionable Resources :    Usage  Request Allocated 
	   Cpus                 :                 1         1 
	   Disk (KB)            :        1        1    129249 
	   Memory (MB)          :      184     3900      3968 

	Job terminated of its own accord at 2022-03-29T03:56:20Z.
...
006 (126492.013.000) 2022-03-29 12:56:21 Image size of job updated: 692696
	181  -  MemoryUsage of job (MB)
	184580  -  ResidentSetSize of job (KB)
...
005 (126492.013.000) 2022-03-29 12:56:21 Job terminated.
	(1) Normal termination (return value 0)
		Usr 0 00:00:18, Sys 0 00:00:01  -  Run Remote Usage
		Usr 0 00:00:00, Sys 0 00:00:00  -  Run Local Usage
		Usr 0 00:00:18, Sys 0 00:00:01  -  Total Remote Usage
		Usr 0 00:00:00, Sys 0 00:00:00  -  Total Local Usage
	0  -  Run Bytes Sent By Job
	0  -  Run Bytes Received By Job
	0  -  Total Bytes Sent By Job
	0  -  Total Bytes Received By Job
	Partitionable Resources :    Usage  Request Allocated 
	   Cpus                 :                 1         1 
	   Disk (KB)            :        1        1    129249 
	   Memory (MB)          :      181     3900      3968 

	Job terminated of its own accord at 2022-03-29T03:56:21Z.
...
006 (126492.011.000) 2022-03-29 12:56:22 Image size of job updated: 691656
	183  -  MemoryUsage of job (MB)
	186612  -  ResidentSetSize of job (KB)
...
005 (126492.011.000) 2022-03-29 12:56:22 Job terminated.
	(1) Normal termination (return value 0)
		Usr 0 00:00:20, Sys 0 00:00:01  -  Run Remote Usage
		Usr 0 00:00:00, Sys 0 00:00:00  -  Run Local Usage
		Usr 0 00:00:20, Sys 0 00:00:01  -  Total Remote Usage
		Usr 0 00:00:00, Sys 0 00:00:00  -  Total Local Usage
	0  -  Run Bytes Sent By Job
	0  -  Run Bytes Received By Job
	0  -  Total Bytes Sent By Job
	0  -  Total Bytes Received By Job
	Partitionable Resources :    Usage  Request Allocated 
	   Cpus                 :                 1         1 
	   Disk (KB)            :        1        1    129249 
	   Memory (MB)          :      183     3900      3968 

	Job terminated of its own accord at 2022-03-29T03:56:22Z.
...
006 (126492.019.000) 2022-03-29 12:56:23 Image size of job updated: 693404
	184  -  MemoryUsage of job (MB)
	188100  -  ResidentSetSize of job (KB)
...
005 (126492.019.000) 2022-03-29 12:56:23 Job terminated.
	(1) Normal termination (return value 0)
		Usr 0 00:00:20, Sys 0 00:00:02  -  Run Remote Usage
		Usr 0 00:00:00, Sys 0 00:00:00  -  Run Local Usage
		Usr 0 00:00:20, Sys 0 00:00:02  -  Total Remote Usage
		Usr 0 00:00:00, Sys 0 00:00:00  -  Total Local Usage
	0  -  Run Bytes Sent By Job
	0  -  Run Bytes Received By Job
	0  -  Total Bytes Sent By Job
	0  -  Total Bytes Received By Job
	Partitionable Resources :    Usage  Request Allocated 
	   Cpus                 :                 1         1 
	   Disk (KB)            :        1        1    129249 
	   Memory (MB)          :      184     3900      3968 

	Job terminated of its own accord at 2022-03-29T03:56:23Z.
...
006 (126492.000.000) 2022-03-29 12:56:24 Image size of job updated: 691776
	169  -  MemoryUsage of job (MB)
	172412  -  ResidentSetSize of job (KB)
...
005 (126492.000.000) 2022-03-29 12:56:24 Job terminated.
	(1) Normal termination (return value 0)
		Usr 0 00:00:22, Sys 0 00:00:02  -  Run Remote Usage
		Usr 0 00:00:00, Sys 0 00:00:00  -  Run Local Usage
		Usr 0 00:00:22, Sys 0 00:00:02  -  Total Remote Usage
		Usr 0 00:00:00, Sys 0 00:00:00  -  Total Local Usage
	0  -  Run Bytes Sent By Job
	0  -  Run Bytes Received By Job
	0  -  Total Bytes Sent By Job
	0  -  Total Bytes Received By Job
	Partitionable Resources :    Usage  Request Allocated 
	   Cpus                 :                 1         1 
	   Disk (KB)            :        1        1    129249 
	   Memory (MB)          :      169     3900      3968 

	Job terminated of its own accord at 2022-03-29T03:56:24Z.
...
006 (126492.014.000) 2022-03-29 12:56:25 Image size of job updated: 691808
	184  -  MemoryUsage of job (MB)
	188112  -  ResidentSetSize of job (KB)
...
005 (126492.014.000) 2022-03-29 12:56:25 Job terminated.
	(1) Normal termination (return value 0)
		Usr 0 00:00:21, Sys 0 00:00:02  -  Run Remote Usage
		Usr 0 00:00:00, Sys 0 00:00:00  -  Run Local Usage
		Usr 0 00:00:21, Sys 0 00:00:02  -  Total Remote Usage
		Usr 0 00:00:00, Sys 0 00:00:00  -  Total Local Usage
	0  -  Run Bytes Sent By Job
	0  -  Run Bytes Received By Job
	0  -  Total Bytes Sent By Job
	0  -  Total Bytes Received By Job
	Partitionable Resources :    Usage  Request Allocated 
	   Cpus                 :                 1         1 
	   Disk (KB)            :        1        1    129249 
	   Memory (MB)          :      184     3900      3968 

	Job terminated of its own accord at 2022-03-29T03:56:25Z.
...
006 (126492.017.000) 2022-03-29 12:56:26 Image size of job updated: 691736
	176  -  MemoryUsage of job (MB)
	179640  -  ResidentSetSize of job (KB)
...
005 (126492.017.000) 2022-03-29 12:56:26 Job terminated.
	(1) Normal termination (return value 0)
		Usr 0 00:00:24, Sys 0 00:00:02  -  Run Remote Usage
		Usr 0 00:00:00, Sys 0 00:00:00  -  Run Local Usage
		Usr 0 00:00:24, Sys 0 00:00:02  -  Total Remote Usage
		Usr 0 00:00:00, Sys 0 00:00:00  -  Total Local Usage
	0  -  Run Bytes Sent By Job
	0  -  Run Bytes Received By Job
	0  -  Total Bytes Sent By Job
	0  -  Total Bytes Received By Job
	Partitionable Resources :    Usage  Request Allocated 
	   Cpus                 :                 1         1 
	   Disk (KB)            :        1        1    129249 
	   Memory (MB)          :      176     3900      3968 

	Job terminated of its own accord at 2022-03-29T03:56:26Z.
...
006 (126492.016.000) 2022-03-29 12:56:28 Image size of job updated: 691980
	184  -  MemoryUsage of job (MB)
	188096  -  ResidentSetSize of job (KB)
...
005 (126492.016.000) 2022-03-29 12:56:28 Job terminated.
	(1) Normal termination (return value 0)
		Usr 0 00:00:25, Sys 0 00:00:02  -  Run Remote Usage
		Usr 0 00:00:00, Sys 0 00:00:00  -  Run Local Usage
		Usr 0 00:00:25, Sys 0 00:00:02  -  Total Remote Usage
		Usr 0 00:00:00, Sys 0 00:00:00  -  Total Local Usage
	0  -  Run Bytes Sent By Job
	0  -  Run Bytes Received By Job
	0  -  Total Bytes Sent By Job
	0  -  Total Bytes Received By Job
	Partitionable Resources :    Usage  Request Allocated 
	   Cpus                 :                 1         1 
	   Disk (KB)            :        1        1    129249 
	   Memory (MB)          :      184     3900      3968 

	Job terminated of its own accord at 2022-03-29T03:56:28Z.
...
006 (126492.010.000) 2022-03-29 12:56:28 Image size of job updated: 691728
	184  -  MemoryUsage of job (MB)
	188104  -  ResidentSetSize of job (KB)
...
005 (126492.010.000) 2022-03-29 12:56:28 Job terminated.
	(1) Normal termination (return value 0)
		Usr 0 00:00:26, Sys 0 00:00:01  -  Run Remote Usage
		Usr 0 00:00:00, Sys 0 00:00:00  -  Run Local Usage
		Usr 0 00:00:26, Sys 0 00:00:01  -  Total Remote Usage
		Usr 0 00:00:00, Sys 0 00:00:00  -  Total Local Usage
	0  -  Run Bytes Sent By Job
	0  -  Run Bytes Received By Job
	0  -  Total Bytes Sent By Job
	0  -  Total Bytes Received By Job
	Partitionable Resources :    Usage  Request Allocated 
	   Cpus                 :                 1         1 
	   Disk (KB)            :        1        1    129249 
	   Memory (MB)          :      184     3900      3968 

	Job terminated of its own accord at 2022-03-29T03:56:28Z.
...
006 (126492.008.000) 2022-03-29 12:56:30 Image size of job updated: 691460
	184  -  MemoryUsage of job (MB)
	188112  -  ResidentSetSize of job (KB)
...
005 (126492.008.000) 2022-03-29 12:56:30 Job terminated.
	(1) Normal termination (return value 0)
		Usr 0 00:00:28, Sys 0 00:00:02  -  Run Remote Usage
		Usr 0 00:00:00, Sys 0 00:00:00  -  Run Local Usage
		Usr 0 00:00:28, Sys 0 00:00:02  -  Total Remote Usage
		Usr 0 00:00:00, Sys 0 00:00:00  -  Total Local Usage
	0  -  Run Bytes Sent By Job
	0  -  Run Bytes Received By Job
	0  -  Total Bytes Sent By Job
	0  -  Total Bytes Received By Job
	Partitionable Resources :    Usage  Request Allocated 
	   Cpus                 :                 1         1 
	   Disk (KB)            :        1        1    129249 
	   Memory (MB)          :      184     3900      3968 

	Job terminated of its own accord at 2022-03-29T03:56:30Z.
...
006 (126492.005.000) 2022-03-29 12:56:32 Image size of job updated: 692972
	172  -  MemoryUsage of job (MB)
	175780  -  ResidentSetSize of job (KB)
...
005 (126492.005.000) 2022-03-29 12:56:32 Job terminated.
	(1) Normal termination (return value 0)
		Usr 0 00:00:29, Sys 0 00:00:02  -  Run Remote Usage
		Usr 0 00:00:00, Sys 0 00:00:00  -  Run Local Usage
		Usr 0 00:00:29, Sys 0 00:00:02  -  Total Remote Usage
		Usr 0 00:00:00, Sys 0 00:00:00  -  Total Local Usage
	0  -  Run Bytes Sent By Job
	0  -  Run Bytes Received By Job
	0  -  Total Bytes Sent By Job
	0  -  Total Bytes Received By Job
	Partitionable Resources :    Usage  Request Allocated 
	   Cpus                 :                 1         1 
	   Disk (KB)            :        1        1    129249 
	   Memory (MB)          :      172     3900      3968 

	Job terminated of its own accord at 2022-03-29T03:56:32Z.
...
006 (126492.007.000) 2022-03-29 12:56:32 Image size of job updated: 691252
	184  -  MemoryUsage of job (MB)
	188096  -  ResidentSetSize of job (KB)
...
005 (126492.007.000) 2022-03-29 12:56:32 Job terminated.
	(1) Normal termination (return value 0)
		Usr 0 00:00:29, Sys 0 00:00:02  -  Run Remote Usage
		Usr 0 00:00:00, Sys 0 00:00:00  -  Run Local Usage
		Usr 0 00:00:29, Sys 0 00:00:02  -  Total Remote Usage
		Usr 0 00:00:00, Sys 0 00:00:00  -  Total Local Usage
	0  -  Run Bytes Sent By Job
	0  -  Run Bytes Received By Job
	0  -  Total Bytes Sent By Job
	0  -  Total Bytes Received By Job
	Partitionable Resources :    Usage  Request Allocated 
	   Cpus                 :                 1         1 
	   Disk (KB)            :        1        1    129249 
	   Memory (MB)          :      184     3900      3968 

	Job terminated of its own accord at 2022-03-29T03:56:32Z.
...
006 (126492.004.000) 2022-03-29 12:56:35 Image size of job updated: 691480
	184  -  MemoryUsage of job (MB)
	188100  -  ResidentSetSize of job (KB)
...
005 (126492.004.000) 2022-03-29 12:56:35 Job terminated.
	(1) Normal termination (return value 0)
		Usr 0 00:00:32, Sys 0 00:00:02  -  Run Remote Usage
		Usr 0 00:00:00, Sys 0 00:00:00  -  Run Local Usage
		Usr 0 00:00:32, Sys 0 00:00:02  -  Total Remote Usage
		Usr 0 00:00:00, Sys 0 00:00:00  -  Total Local Usage
	0  -  Run Bytes Sent By Job
	0  -  Run Bytes Received By Job
	0  -  Total Bytes Sent By Job
	0  -  Total Bytes Received By Job
	Partitionable Resources :    Usage  Request Allocated 
	   Cpus                 :                 1         1 
	   Disk (KB)            :        1        1    129249 
	   Memory (MB)          :      184     3900      3968 

	Job terminated of its own accord at 2022-03-29T03:56:35Z.
...
006 (126492.012.000) 2022-03-29 12:56:40 Image size of job updated: 691748
	181  -  MemoryUsage of job (MB)
	184928  -  ResidentSetSize of job (KB)
...
005 (126492.012.000) 2022-03-29 12:56:40 Job terminated.
	(1) Normal termination (return value 0)
		Usr 0 00:00:38, Sys 0 00:00:01  -  Run Remote Usage
		Usr 0 00:00:00, Sys 0 00:00:00  -  Run Local Usage
		Usr 0 00:00:38, Sys 0 00:00:01  -  Total Remote Usage
		Usr 0 00:00:00, Sys 0 00:00:00  -  Total Local Usage
	0  -  Run Bytes Sent By Job
	0  -  Run Bytes Received By Job
	0  -  Total Bytes Sent By Job
	0  -  Total Bytes Received By Job
	Partitionable Resources :    Usage  Request Allocated 
	   Cpus                 :                 1         1 
	   Disk (KB)            :        1        1    129249 
	   Memory (MB)          :      181     3900      3968 

	Job terminated of its own accord at 2022-03-29T03:56:40Z.
...
000 (126522.000.000) 2022-03-29 13:33:20 Job submitted from host: <172.30.1.200:9618?addrs=172.30.1.200-9618&alias=tamsa2.snu.ac.kr&noUDP&sock=schedd_3154_f5cb>
...
000 (126522.001.000) 2022-03-29 13:33:20 Job submitted from host: <172.30.1.200:9618?addrs=172.30.1.200-9618&alias=tamsa2.snu.ac.kr&noUDP&sock=schedd_3154_f5cb>
...
000 (126522.002.000) 2022-03-29 13:33:20 Job submitted from host: <172.30.1.200:9618?addrs=172.30.1.200-9618&alias=tamsa2.snu.ac.kr&noUDP&sock=schedd_3154_f5cb>
...
000 (126522.003.000) 2022-03-29 13:33:20 Job submitted from host: <172.30.1.200:9618?addrs=172.30.1.200-9618&alias=tamsa2.snu.ac.kr&noUDP&sock=schedd_3154_f5cb>
...
000 (126522.004.000) 2022-03-29 13:33:20 Job submitted from host: <172.30.1.200:9618?addrs=172.30.1.200-9618&alias=tamsa2.snu.ac.kr&noUDP&sock=schedd_3154_f5cb>
...
000 (126522.005.000) 2022-03-29 13:33:20 Job submitted from host: <172.30.1.200:9618?addrs=172.30.1.200-9618&alias=tamsa2.snu.ac.kr&noUDP&sock=schedd_3154_f5cb>
...
000 (126522.006.000) 2022-03-29 13:33:20 Job submitted from host: <172.30.1.200:9618?addrs=172.30.1.200-9618&alias=tamsa2.snu.ac.kr&noUDP&sock=schedd_3154_f5cb>
...
000 (126522.007.000) 2022-03-29 13:33:20 Job submitted from host: <172.30.1.200:9618?addrs=172.30.1.200-9618&alias=tamsa2.snu.ac.kr&noUDP&sock=schedd_3154_f5cb>
...
000 (126522.008.000) 2022-03-29 13:33:20 Job submitted from host: <172.30.1.200:9618?addrs=172.30.1.200-9618&alias=tamsa2.snu.ac.kr&noUDP&sock=schedd_3154_f5cb>
...
000 (126522.009.000) 2022-03-29 13:33:20 Job submitted from host: <172.30.1.200:9618?addrs=172.30.1.200-9618&alias=tamsa2.snu.ac.kr&noUDP&sock=schedd_3154_f5cb>
...
000 (126522.010.000) 2022-03-29 13:33:20 Job submitted from host: <172.30.1.200:9618?addrs=172.30.1.200-9618&alias=tamsa2.snu.ac.kr&noUDP&sock=schedd_3154_f5cb>
...
000 (126522.011.000) 2022-03-29 13:33:20 Job submitted from host: <172.30.1.200:9618?addrs=172.30.1.200-9618&alias=tamsa2.snu.ac.kr&noUDP&sock=schedd_3154_f5cb>
...
000 (126522.012.000) 2022-03-29 13:33:20 Job submitted from host: <172.30.1.200:9618?addrs=172.30.1.200-9618&alias=tamsa2.snu.ac.kr&noUDP&sock=schedd_3154_f5cb>
...
000 (126522.013.000) 2022-03-29 13:33:20 Job submitted from host: <172.30.1.200:9618?addrs=172.30.1.200-9618&alias=tamsa2.snu.ac.kr&noUDP&sock=schedd_3154_f5cb>
...
000 (126522.014.000) 2022-03-29 13:33:20 Job submitted from host: <172.30.1.200:9618?addrs=172.30.1.200-9618&alias=tamsa2.snu.ac.kr&noUDP&sock=schedd_3154_f5cb>
...
000 (126522.015.000) 2022-03-29 13:33:20 Job submitted from host: <172.30.1.200:9618?addrs=172.30.1.200-9618&alias=tamsa2.snu.ac.kr&noUDP&sock=schedd_3154_f5cb>
...
000 (126522.016.000) 2022-03-29 13:33:20 Job submitted from host: <172.30.1.200:9618?addrs=172.30.1.200-9618&alias=tamsa2.snu.ac.kr&noUDP&sock=schedd_3154_f5cb>
...
000 (126522.017.000) 2022-03-29 13:33:20 Job submitted from host: <172.30.1.200:9618?addrs=172.30.1.200-9618&alias=tamsa2.snu.ac.kr&noUDP&sock=schedd_3154_f5cb>
...
000 (126522.018.000) 2022-03-29 13:33:20 Job submitted from host: <172.30.1.200:9618?addrs=172.30.1.200-9618&alias=tamsa2.snu.ac.kr&noUDP&sock=schedd_3154_f5cb>
...
000 (126522.019.000) 2022-03-29 13:33:20 Job submitted from host: <172.30.1.200:9618?addrs=172.30.1.200-9618&alias=tamsa2.snu.ac.kr&noUDP&sock=schedd_3154_f5cb>
...
001 (126522.018.000) 2022-03-29 13:33:35 Job executing on host: <172.30.1.203:9618?addrs=172.30.1.203-9618&alias=node3&noUDP&sock=startd_3597_d240>
...
001 (126522.019.000) 2022-03-29 13:33:35 Job executing on host: <172.30.1.203:9618?addrs=172.30.1.203-9618&alias=node3&noUDP&sock=startd_3597_d240>
...
001 (126522.000.000) 2022-03-29 13:33:37 Job executing on host: <172.30.1.202:9618?addrs=172.30.1.202-9618&alias=node2&noUDP&sock=startd_3636_9271>
...
001 (126522.001.000) 2022-03-29 13:33:37 Job executing on host: <172.30.1.202:9618?addrs=172.30.1.202-9618&alias=node2&noUDP&sock=startd_3636_9271>
...
001 (126522.002.000) 2022-03-29 13:33:37 Job executing on host: <172.30.1.202:9618?addrs=172.30.1.202-9618&alias=node2&noUDP&sock=startd_3636_9271>
...
001 (126522.004.000) 2022-03-29 13:33:37 Job executing on host: <172.30.1.202:9618?addrs=172.30.1.202-9618&alias=node2&noUDP&sock=startd_3636_9271>
...
001 (126522.003.000) 2022-03-29 13:33:37 Job executing on host: <172.30.1.202:9618?addrs=172.30.1.202-9618&alias=node2&noUDP&sock=startd_3636_9271>
...
001 (126522.005.000) 2022-03-29 13:33:37 Job executing on host: <172.30.1.202:9618?addrs=172.30.1.202-9618&alias=node2&noUDP&sock=startd_3636_9271>
...
001 (126522.006.000) 2022-03-29 13:33:37 Job executing on host: <172.30.1.202:9618?addrs=172.30.1.202-9618&alias=node2&noUDP&sock=startd_3636_9271>
...
001 (126522.007.000) 2022-03-29 13:33:37 Job executing on host: <172.30.1.202:9618?addrs=172.30.1.202-9618&alias=node2&noUDP&sock=startd_3636_9271>
...
001 (126522.008.000) 2022-03-29 13:33:37 Job executing on host: <172.30.1.202:9618?addrs=172.30.1.202-9618&alias=node2&noUDP&sock=startd_3636_9271>
...
001 (126522.009.000) 2022-03-29 13:33:37 Job executing on host: <172.30.1.202:9618?addrs=172.30.1.202-9618&alias=node2&noUDP&sock=startd_3636_9271>
...
001 (126522.010.000) 2022-03-29 13:33:37 Job executing on host: <172.30.1.202:9618?addrs=172.30.1.202-9618&alias=node2&noUDP&sock=startd_3636_9271>
...
001 (126522.011.000) 2022-03-29 13:33:37 Job executing on host: <172.30.1.202:9618?addrs=172.30.1.202-9618&alias=node2&noUDP&sock=startd_3636_9271>
...
001 (126522.012.000) 2022-03-29 13:33:38 Job executing on host: <172.30.1.202:9618?addrs=172.30.1.202-9618&alias=node2&noUDP&sock=startd_3636_9271>
...
001 (126522.013.000) 2022-03-29 13:33:38 Job executing on host: <172.30.1.202:9618?addrs=172.30.1.202-9618&alias=node2&noUDP&sock=startd_3636_9271>
...
001 (126522.014.000) 2022-03-29 13:33:38 Job executing on host: <172.30.1.202:9618?addrs=172.30.1.202-9618&alias=node2&noUDP&sock=startd_3636_9271>
...
001 (126522.016.000) 2022-03-29 13:33:38 Job executing on host: <172.30.1.202:9618?addrs=172.30.1.202-9618&alias=node2&noUDP&sock=startd_3636_9271>
...
001 (126522.015.000) 2022-03-29 13:33:38 Job executing on host: <172.30.1.202:9618?addrs=172.30.1.202-9618&alias=node2&noUDP&sock=startd_3636_9271>
...
001 (126522.017.000) 2022-03-29 13:33:38 Job executing on host: <172.30.1.202:9618?addrs=172.30.1.202-9618&alias=node2&noUDP&sock=startd_3636_9271>
...
006 (126522.018.000) 2022-03-29 13:33:44 Image size of job updated: 289252
	208  -  MemoryUsage of job (MB)
	212196  -  ResidentSetSize of job (KB)
...
006 (126522.019.000) 2022-03-29 13:33:44 Image size of job updated: 690636
	209  -  MemoryUsage of job (MB)
	213676  -  ResidentSetSize of job (KB)
...
006 (126522.000.000) 2022-03-29 13:33:45 Image size of job updated: 185840
	173  -  MemoryUsage of job (MB)
	176412  -  ResidentSetSize of job (KB)
...
006 (126522.001.000) 2022-03-29 13:33:45 Image size of job updated: 185840
	173  -  MemoryUsage of job (MB)
	176448  -  ResidentSetSize of job (KB)
...
006 (126522.002.000) 2022-03-29 13:33:45 Image size of job updated: 185840
	174  -  MemoryUsage of job (MB)
	177664  -  ResidentSetSize of job (KB)
...
006 (126522.004.000) 2022-03-29 13:33:45 Image size of job updated: 185840
	176  -  MemoryUsage of job (MB)
	179268  -  ResidentSetSize of job (KB)
...
006 (126522.003.000) 2022-03-29 13:33:45 Image size of job updated: 185840
	178  -  MemoryUsage of job (MB)
	181940  -  ResidentSetSize of job (KB)
...
005 (126522.019.000) 2022-03-29 13:33:45 Job terminated.
	(1) Normal termination (return value 0)
		Usr 0 00:00:07, Sys 0 00:00:00  -  Run Remote Usage
		Usr 0 00:00:00, Sys 0 00:00:00  -  Run Local Usage
		Usr 0 00:00:07, Sys 0 00:00:00  -  Total Remote Usage
		Usr 0 00:00:00, Sys 0 00:00:00  -  Total Local Usage
	0  -  Run Bytes Sent By Job
	0  -  Run Bytes Received By Job
	0  -  Total Bytes Sent By Job
	0  -  Total Bytes Received By Job
	Partitionable Resources :    Usage  Request Allocated 
	   Cpus                 :                 1         1 
	   Disk (KB)            :        1        1    129249 
	   Memory (MB)          :      209     3900      3968 

	Job terminated of its own accord at 2022-03-29T04:33:45Z.
...
006 (126522.011.000) 2022-03-29 13:33:46 Image size of job updated: 162780
	157  -  MemoryUsage of job (MB)
	160576  -  ResidentSetSize of job (KB)
...
006 (126522.012.000) 2022-03-29 13:33:46 Image size of job updated: 187548
	183  -  MemoryUsage of job (MB)
	186388  -  ResidentSetSize of job (KB)
...
006 (126522.013.000) 2022-03-29 13:33:46 Image size of job updated: 173008
	167  -  MemoryUsage of job (MB)
	170584  -  ResidentSetSize of job (KB)
...
006 (126522.014.000) 2022-03-29 13:33:46 Image size of job updated: 188556
	183  -  MemoryUsage of job (MB)
	187200  -  ResidentSetSize of job (KB)
...
006 (126522.016.000) 2022-03-29 13:33:46 Image size of job updated: 189084
	184  -  MemoryUsage of job (MB)
	187544  -  ResidentSetSize of job (KB)
...
006 (126522.015.000) 2022-03-29 13:33:46 Image size of job updated: 188308
	184  -  MemoryUsage of job (MB)
	187548  -  ResidentSetSize of job (KB)
...
006 (126522.005.000) 2022-03-29 13:33:46 Image size of job updated: 188704
	184  -  MemoryUsage of job (MB)
	187548  -  ResidentSetSize of job (KB)
...
006 (126522.006.000) 2022-03-29 13:33:46 Image size of job updated: 191560
	184  -  MemoryUsage of job (MB)
	187540  -  ResidentSetSize of job (KB)
...
006 (126522.007.000) 2022-03-29 13:33:46 Image size of job updated: 190300
	184  -  MemoryUsage of job (MB)
	187536  -  ResidentSetSize of job (KB)
...
006 (126522.008.000) 2022-03-29 13:33:46 Image size of job updated: 188688
	184  -  MemoryUsage of job (MB)
	187540  -  ResidentSetSize of job (KB)
...
006 (126522.009.000) 2022-03-29 13:33:46 Image size of job updated: 189936
	184  -  MemoryUsage of job (MB)
	187528  -  ResidentSetSize of job (KB)
...
006 (126522.010.000) 2022-03-29 13:33:47 Image size of job updated: 189844
	184  -  MemoryUsage of job (MB)
	187540  -  ResidentSetSize of job (KB)
...
006 (126522.017.000) 2022-03-29 13:33:47 Image size of job updated: 211048
	184  -  MemoryUsage of job (MB)
	187532  -  ResidentSetSize of job (KB)
...
006 (126522.018.000) 2022-03-29 13:33:51 Image size of job updated: 691072
	208  -  MemoryUsage of job (MB)
	212196  -  ResidentSetSize of job (KB)
...
005 (126522.018.000) 2022-03-29 13:33:51 Job terminated.
	(1) Normal termination (return value 0)
		Usr 0 00:00:12, Sys 0 00:00:01  -  Run Remote Usage
		Usr 0 00:00:00, Sys 0 00:00:00  -  Run Local Usage
		Usr 0 00:00:12, Sys 0 00:00:01  -  Total Remote Usage
		Usr 0 00:00:00, Sys 0 00:00:00  -  Total Local Usage
	0  -  Run Bytes Sent By Job
	0  -  Run Bytes Received By Job
	0  -  Total Bytes Sent By Job
	0  -  Total Bytes Received By Job
	Partitionable Resources :    Usage  Request Allocated 
	   Cpus                 :                 1         1 
	   Disk (KB)            :        1        1    129249 
	   Memory (MB)          :      208     3900      3968 

	Job terminated of its own accord at 2022-03-29T04:33:51Z.
...
006 (126522.009.000) 2022-03-29 13:33:55 Image size of job updated: 690932
	184  -  MemoryUsage of job (MB)
	187528  -  ResidentSetSize of job (KB)
...
005 (126522.009.000) 2022-03-29 13:33:55 Job terminated.
	(1) Normal termination (return value 0)
		Usr 0 00:00:12, Sys 0 00:00:02  -  Run Remote Usage
		Usr 0 00:00:00, Sys 0 00:00:00  -  Run Local Usage
		Usr 0 00:00:12, Sys 0 00:00:02  -  Total Remote Usage
		Usr 0 00:00:00, Sys 0 00:00:00  -  Total Local Usage
	0  -  Run Bytes Sent By Job
	0  -  Run Bytes Received By Job
	0  -  Total Bytes Sent By Job
	0  -  Total Bytes Received By Job
	Partitionable Resources :    Usage  Request Allocated 
	   Cpus                 :                 1         1 
	   Disk (KB)            :        1        1    129249 
	   Memory (MB)          :      184     3900      3968 

	Job terminated of its own accord at 2022-03-29T04:33:55Z.
...
006 (126522.001.000) 2022-03-29 13:33:56 Image size of job updated: 690988
	173  -  MemoryUsage of job (MB)
	176448  -  ResidentSetSize of job (KB)
...
005 (126522.001.000) 2022-03-29 13:33:56 Job terminated.
	(1) Normal termination (return value 0)
		Usr 0 00:00:12, Sys 0 00:00:02  -  Run Remote Usage
		Usr 0 00:00:00, Sys 0 00:00:00  -  Run Local Usage
		Usr 0 00:00:12, Sys 0 00:00:02  -  Total Remote Usage
		Usr 0 00:00:00, Sys 0 00:00:00  -  Total Local Usage
	0  -  Run Bytes Sent By Job
	0  -  Run Bytes Received By Job
	0  -  Total Bytes Sent By Job
	0  -  Total Bytes Received By Job
	Partitionable Resources :    Usage  Request Allocated 
	   Cpus                 :                 1         1 
	   Disk (KB)            :        1        1    129249 
	   Memory (MB)          :      173     3900      3968 

	Job terminated of its own accord at 2022-03-29T04:33:56Z.
...
006 (126522.017.000) 2022-03-29 13:33:56 Image size of job updated: 690932
	184  -  MemoryUsage of job (MB)
	187532  -  ResidentSetSize of job (KB)
...
005 (126522.017.000) 2022-03-29 13:33:57 Job terminated.
	(1) Normal termination (return value 0)
		Usr 0 00:00:12, Sys 0 00:00:02  -  Run Remote Usage
		Usr 0 00:00:00, Sys 0 00:00:00  -  Run Local Usage
		Usr 0 00:00:12, Sys 0 00:00:02  -  Total Remote Usage
		Usr 0 00:00:00, Sys 0 00:00:00  -  Total Local Usage
	0  -  Run Bytes Sent By Job
	0  -  Run Bytes Received By Job
	0  -  Total Bytes Sent By Job
	0  -  Total Bytes Received By Job
	Partitionable Resources :    Usage  Request Allocated 
	   Cpus                 :                 1         1 
	   Disk (KB)            :        1        1    129249 
	   Memory (MB)          :      184     3900      3968 

	Job terminated of its own accord at 2022-03-29T04:33:56Z.
...
006 (126522.015.000) 2022-03-29 13:33:57 Image size of job updated: 691168
	184  -  MemoryUsage of job (MB)
	187548  -  ResidentSetSize of job (KB)
...
005 (126522.015.000) 2022-03-29 13:33:57 Job terminated.
	(1) Normal termination (return value 0)
		Usr 0 00:00:13, Sys 0 00:00:01  -  Run Remote Usage
		Usr 0 00:00:00, Sys 0 00:00:00  -  Run Local Usage
		Usr 0 00:00:13, Sys 0 00:00:01  -  Total Remote Usage
		Usr 0 00:00:00, Sys 0 00:00:00  -  Total Local Usage
	0  -  Run Bytes Sent By Job
	0  -  Run Bytes Received By Job
	0  -  Total Bytes Sent By Job
	0  -  Total Bytes Received By Job
	Partitionable Resources :    Usage  Request Allocated 
	   Cpus                 :                 1         1 
	   Disk (KB)            :        1        1    129249 
	   Memory (MB)          :      184     3900      3968 

	Job terminated of its own accord at 2022-03-29T04:33:57Z.
...
006 (126522.002.000) 2022-03-29 13:33:57 Image size of job updated: 690964
	174  -  MemoryUsage of job (MB)
	177748  -  ResidentSetSize of job (KB)
...
005 (126522.002.000) 2022-03-29 13:33:57 Job terminated.
	(1) Normal termination (return value 0)
		Usr 0 00:00:14, Sys 0 00:00:02  -  Run Remote Usage
		Usr 0 00:00:00, Sys 0 00:00:00  -  Run Local Usage
		Usr 0 00:00:14, Sys 0 00:00:02  -  Total Remote Usage
		Usr 0 00:00:00, Sys 0 00:00:00  -  Total Local Usage
	0  -  Run Bytes Sent By Job
	0  -  Run Bytes Received By Job
	0  -  Total Bytes Sent By Job
	0  -  Total Bytes Received By Job
	Partitionable Resources :    Usage  Request Allocated 
	   Cpus                 :                 1         1 
	   Disk (KB)            :        1        1    129249 
	   Memory (MB)          :      174     3900      3968 

	Job terminated of its own accord at 2022-03-29T04:33:57Z.
...
006 (126522.000.000) 2022-03-29 13:33:57 Image size of job updated: 690940
	173  -  MemoryUsage of job (MB)
	176420  -  ResidentSetSize of job (KB)
...
005 (126522.000.000) 2022-03-29 13:33:57 Job terminated.
	(1) Normal termination (return value 0)
		Usr 0 00:00:14, Sys 0 00:00:02  -  Run Remote Usage
		Usr 0 00:00:00, Sys 0 00:00:00  -  Run Local Usage
		Usr 0 00:00:14, Sys 0 00:00:02  -  Total Remote Usage
		Usr 0 00:00:00, Sys 0 00:00:00  -  Total Local Usage
	0  -  Run Bytes Sent By Job
	0  -  Run Bytes Received By Job
	0  -  Total Bytes Sent By Job
	0  -  Total Bytes Received By Job
	Partitionable Resources :    Usage  Request Allocated 
	   Cpus                 :                 1         1 
	   Disk (KB)            :        1        1    129249 
	   Memory (MB)          :      173     3900      3968 

	Job terminated of its own accord at 2022-03-29T04:33:57Z.
...
006 (126522.010.000) 2022-03-29 13:33:58 Image size of job updated: 690880
	184  -  MemoryUsage of job (MB)
	187540  -  ResidentSetSize of job (KB)
...
005 (126522.010.000) 2022-03-29 13:33:58 Job terminated.
	(1) Normal termination (return value 0)
		Usr 0 00:00:14, Sys 0 00:00:02  -  Run Remote Usage
		Usr 0 00:00:00, Sys 0 00:00:00  -  Run Local Usage
		Usr 0 00:00:14, Sys 0 00:00:02  -  Total Remote Usage
		Usr 0 00:00:00, Sys 0 00:00:00  -  Total Local Usage
	0  -  Run Bytes Sent By Job
	0  -  Run Bytes Received By Job
	0  -  Total Bytes Sent By Job
	0  -  Total Bytes Received By Job
	Partitionable Resources :    Usage  Request Allocated 
	   Cpus                 :                 1         1 
	   Disk (KB)            :        1        1    129249 
	   Memory (MB)          :      184     3900      3968 

	Job terminated of its own accord at 2022-03-29T04:33:58Z.
...
006 (126522.011.000) 2022-03-29 13:33:58 Image size of job updated: 692212
	157  -  MemoryUsage of job (MB)
	160584  -  ResidentSetSize of job (KB)
...
005 (126522.011.000) 2022-03-29 13:33:58 Job terminated.
	(1) Normal termination (return value 0)
		Usr 0 00:00:14, Sys 0 00:00:02  -  Run Remote Usage
		Usr 0 00:00:00, Sys 0 00:00:00  -  Run Local Usage
		Usr 0 00:00:14, Sys 0 00:00:02  -  Total Remote Usage
		Usr 0 00:00:00, Sys 0 00:00:00  -  Total Local Usage
	0  -  Run Bytes Sent By Job
	0  -  Run Bytes Received By Job
	0  -  Total Bytes Sent By Job
	0  -  Total Bytes Received By Job
	Partitionable Resources :    Usage  Request Allocated 
	   Cpus                 :                 1         1 
	   Disk (KB)            :        1        1    129249 
	   Memory (MB)          :      157     3900      3968 

	Job terminated of its own accord at 2022-03-29T04:33:58Z.
...
006 (126522.016.000) 2022-03-29 13:33:59 Image size of job updated: 691148
	184  -  MemoryUsage of job (MB)
	187544  -  ResidentSetSize of job (KB)
...
005 (126522.016.000) 2022-03-29 13:33:59 Job terminated.
	(1) Normal termination (return value 0)
		Usr 0 00:00:15, Sys 0 00:00:01  -  Run Remote Usage
		Usr 0 00:00:00, Sys 0 00:00:00  -  Run Local Usage
		Usr 0 00:00:15, Sys 0 00:00:01  -  Total Remote Usage
		Usr 0 00:00:00, Sys 0 00:00:00  -  Total Local Usage
	0  -  Run Bytes Sent By Job
	0  -  Run Bytes Received By Job
	0  -  Total Bytes Sent By Job
	0  -  Total Bytes Received By Job
	Partitionable Resources :    Usage  Request Allocated 
	   Cpus                 :                 1         1 
	   Disk (KB)            :        1        1    129249 
	   Memory (MB)          :      184     3900      3968 

	Job terminated of its own accord at 2022-03-29T04:33:59Z.
...
006 (126522.012.000) 2022-03-29 13:33:59 Image size of job updated: 690648
	183  -  MemoryUsage of job (MB)
	186408  -  ResidentSetSize of job (KB)
...
005 (126522.012.000) 2022-03-29 13:33:59 Job terminated.
	(1) Normal termination (return value 0)
		Usr 0 00:00:16, Sys 0 00:00:01  -  Run Remote Usage
		Usr 0 00:00:00, Sys 0 00:00:00  -  Run Local Usage
		Usr 0 00:00:16, Sys 0 00:00:01  -  Total Remote Usage
		Usr 0 00:00:00, Sys 0 00:00:00  -  Total Local Usage
	0  -  Run Bytes Sent By Job
	0  -  Run Bytes Received By Job
	0  -  Total Bytes Sent By Job
	0  -  Total Bytes Received By Job
	Partitionable Resources :    Usage  Request Allocated 
	   Cpus                 :                 1         1 
	   Disk (KB)            :        1        1    129249 
	   Memory (MB)          :      183     3900      3968 

	Job terminated of its own accord at 2022-03-29T04:33:59Z.
...
006 (126522.013.000) 2022-03-29 13:33:59 Image size of job updated: 691120
	167  -  MemoryUsage of job (MB)
	170584  -  ResidentSetSize of job (KB)
...
005 (126522.013.000) 2022-03-29 13:33:59 Job terminated.
	(1) Normal termination (return value 0)
		Usr 0 00:00:15, Sys 0 00:00:02  -  Run Remote Usage
		Usr 0 00:00:00, Sys 0 00:00:00  -  Run Local Usage
		Usr 0 00:00:15, Sys 0 00:00:02  -  Total Remote Usage
		Usr 0 00:00:00, Sys 0 00:00:00  -  Total Local Usage
	0  -  Run Bytes Sent By Job
	0  -  Run Bytes Received By Job
	0  -  Total Bytes Sent By Job
	0  -  Total Bytes Received By Job
	Partitionable Resources :    Usage  Request Allocated 
	   Cpus                 :                 1         1 
	   Disk (KB)            :        1        1    129249 
	   Memory (MB)          :      167     3900      3968 

	Job terminated of its own accord at 2022-03-29T04:33:59Z.
...
006 (126522.005.000) 2022-03-29 13:34:00 Image size of job updated: 691000
	184  -  MemoryUsage of job (MB)
	187548  -  ResidentSetSize of job (KB)
...
005 (126522.005.000) 2022-03-29 13:34:00 Job terminated.
	(1) Normal termination (return value 0)
		Usr 0 00:00:16, Sys 0 00:00:02  -  Run Remote Usage
		Usr 0 00:00:00, Sys 0 00:00:00  -  Run Local Usage
		Usr 0 00:00:16, Sys 0 00:00:02  -  Total Remote Usage
		Usr 0 00:00:00, Sys 0 00:00:00  -  Total Local Usage
	0  -  Run Bytes Sent By Job
	0  -  Run Bytes Received By Job
	0  -  Total Bytes Sent By Job
	0  -  Total Bytes Received By Job
	Partitionable Resources :    Usage  Request Allocated 
	   Cpus                 :                 1         1 
	   Disk (KB)            :        1        1    129249 
	   Memory (MB)          :      184     3900      3968 

	Job terminated of its own accord at 2022-03-29T04:34:00Z.
...
006 (126522.014.000) 2022-03-29 13:34:01 Image size of job updated: 691092
	183  -  MemoryUsage of job (MB)
	187236  -  ResidentSetSize of job (KB)
...
005 (126522.014.000) 2022-03-29 13:34:01 Job terminated.
	(1) Normal termination (return value 0)
		Usr 0 00:00:18, Sys 0 00:00:02  -  Run Remote Usage
		Usr 0 00:00:00, Sys 0 00:00:00  -  Run Local Usage
		Usr 0 00:00:18, Sys 0 00:00:02  -  Total Remote Usage
		Usr 0 00:00:00, Sys 0 00:00:00  -  Total Local Usage
	0  -  Run Bytes Sent By Job
	0  -  Run Bytes Received By Job
	0  -  Total Bytes Sent By Job
	0  -  Total Bytes Received By Job
	Partitionable Resources :    Usage  Request Allocated 
	   Cpus                 :                 1         1 
	   Disk (KB)            :        1        1    129249 
	   Memory (MB)          :      183     3900      3968 

	Job terminated of its own accord at 2022-03-29T04:34:01Z.
...
006 (126522.008.000) 2022-03-29 13:34:02 Image size of job updated: 690660
	184  -  MemoryUsage of job (MB)
	187540  -  ResidentSetSize of job (KB)
...
005 (126522.008.000) 2022-03-29 13:34:02 Job terminated.
	(1) Normal termination (return value 0)
		Usr 0 00:00:18, Sys 0 00:00:02  -  Run Remote Usage
		Usr 0 00:00:00, Sys 0 00:00:00  -  Run Local Usage
		Usr 0 00:00:18, Sys 0 00:00:02  -  Total Remote Usage
		Usr 0 00:00:00, Sys 0 00:00:00  -  Total Local Usage
	0  -  Run Bytes Sent By Job
	0  -  Run Bytes Received By Job
	0  -  Total Bytes Sent By Job
	0  -  Total Bytes Received By Job
	Partitionable Resources :    Usage  Request Allocated 
	   Cpus                 :                 1         1 
	   Disk (KB)            :        1        1    129249 
	   Memory (MB)          :      184     3900      3968 

	Job terminated of its own accord at 2022-03-29T04:34:02Z.
...
006 (126522.006.000) 2022-03-29 13:34:03 Image size of job updated: 690932
	184  -  MemoryUsage of job (MB)
	187540  -  ResidentSetSize of job (KB)
...
005 (126522.006.000) 2022-03-29 13:34:03 Job terminated.
	(1) Normal termination (return value 0)
		Usr 0 00:00:20, Sys 0 00:00:02  -  Run Remote Usage
		Usr 0 00:00:00, Sys 0 00:00:00  -  Run Local Usage
		Usr 0 00:00:20, Sys 0 00:00:02  -  Total Remote Usage
		Usr 0 00:00:00, Sys 0 00:00:00  -  Total Local Usage
	0  -  Run Bytes Sent By Job
	0  -  Run Bytes Received By Job
	0  -  Total Bytes Sent By Job
	0  -  Total Bytes Received By Job
	Partitionable Resources :    Usage  Request Allocated 
	   Cpus                 :                 1         1 
	   Disk (KB)            :        1        1    129249 
	   Memory (MB)          :      184     3900      3968 

	Job terminated of its own accord at 2022-03-29T04:34:03Z.
...
006 (126522.007.000) 2022-03-29 13:34:05 Image size of job updated: 690976
	184  -  MemoryUsage of job (MB)
	187536  -  ResidentSetSize of job (KB)
...
005 (126522.007.000) 2022-03-29 13:34:05 Job terminated.
	(1) Normal termination (return value 0)
		Usr 0 00:00:22, Sys 0 00:00:02  -  Run Remote Usage
		Usr 0 00:00:00, Sys 0 00:00:00  -  Run Local Usage
		Usr 0 00:00:22, Sys 0 00:00:02  -  Total Remote Usage
		Usr 0 00:00:00, Sys 0 00:00:00  -  Total Local Usage
	0  -  Run Bytes Sent By Job
	0  -  Run Bytes Received By Job
	0  -  Total Bytes Sent By Job
	0  -  Total Bytes Received By Job
	Partitionable Resources :    Usage  Request Allocated 
	   Cpus                 :                 1         1 
	   Disk (KB)            :        1        1    129249 
	   Memory (MB)          :      184     3900      3968 

	Job terminated of its own accord at 2022-03-29T04:34:05Z.
...
006 (126522.004.000) 2022-03-29 13:34:07 Image size of job updated: 691488
	176  -  MemoryUsage of job (MB)
	179268  -  ResidentSetSize of job (KB)
...
005 (126522.004.000) 2022-03-29 13:34:07 Job terminated.
	(1) Normal termination (return value 0)
		Usr 0 00:00:23, Sys 0 00:00:02  -  Run Remote Usage
		Usr 0 00:00:00, Sys 0 00:00:00  -  Run Local Usage
		Usr 0 00:00:23, Sys 0 00:00:02  -  Total Remote Usage
		Usr 0 00:00:00, Sys 0 00:00:00  -  Total Local Usage
	0  -  Run Bytes Sent By Job
	0  -  Run Bytes Received By Job
	0  -  Total Bytes Sent By Job
	0  -  Total Bytes Received By Job
	Partitionable Resources :    Usage  Request Allocated 
	   Cpus                 :                 1         1 
	   Disk (KB)            :        1        1    129249 
	   Memory (MB)          :      176     3900      3968 

	Job terminated of its own accord at 2022-03-29T04:34:07Z.
...
006 (126522.003.000) 2022-03-29 13:34:18 Image size of job updated: 692816
	178  -  MemoryUsage of job (MB)
	181940  -  ResidentSetSize of job (KB)
...
005 (126522.003.000) 2022-03-29 13:34:18 Job terminated.
	(1) Normal termination (return value 0)
		Usr 0 00:00:33, Sys 0 00:00:02  -  Run Remote Usage
		Usr 0 00:00:00, Sys 0 00:00:00  -  Run Local Usage
		Usr 0 00:00:33, Sys 0 00:00:02  -  Total Remote Usage
		Usr 0 00:00:00, Sys 0 00:00:00  -  Total Local Usage
	0  -  Run Bytes Sent By Job
	0  -  Run Bytes Received By Job
	0  -  Total Bytes Sent By Job
	0  -  Total Bytes Received By Job
	Partitionable Resources :    Usage  Request Allocated 
	   Cpus                 :                 1         1 
	   Disk (KB)            :        1        1    129249 
	   Memory (MB)          :      178     3900      3968 

	Job terminated of its own accord at 2022-03-29T04:34:18Z.
...
