000 (126721.000.000) 2022-03-30 12:54:55 Job submitted from host: <172.30.1.200:9618?addrs=172.30.1.200-9618&alias=tamsa2.snu.ac.kr&noUDP&sock=schedd_3154_f5cb>
...
000 (126721.001.000) 2022-03-30 12:54:55 Job submitted from host: <172.30.1.200:9618?addrs=172.30.1.200-9618&alias=tamsa2.snu.ac.kr&noUDP&sock=schedd_3154_f5cb>
...
000 (126721.002.000) 2022-03-30 12:54:55 Job submitted from host: <172.30.1.200:9618?addrs=172.30.1.200-9618&alias=tamsa2.snu.ac.kr&noUDP&sock=schedd_3154_f5cb>
...
000 (126721.003.000) 2022-03-30 12:54:55 Job submitted from host: <172.30.1.200:9618?addrs=172.30.1.200-9618&alias=tamsa2.snu.ac.kr&noUDP&sock=schedd_3154_f5cb>
...
000 (126721.004.000) 2022-03-30 12:54:55 Job submitted from host: <172.30.1.200:9618?addrs=172.30.1.200-9618&alias=tamsa2.snu.ac.kr&noUDP&sock=schedd_3154_f5cb>
...
000 (126721.005.000) 2022-03-30 12:54:55 Job submitted from host: <172.30.1.200:9618?addrs=172.30.1.200-9618&alias=tamsa2.snu.ac.kr&noUDP&sock=schedd_3154_f5cb>
...
000 (126721.006.000) 2022-03-30 12:54:55 Job submitted from host: <172.30.1.200:9618?addrs=172.30.1.200-9618&alias=tamsa2.snu.ac.kr&noUDP&sock=schedd_3154_f5cb>
...
000 (126721.007.000) 2022-03-30 12:54:55 Job submitted from host: <172.30.1.200:9618?addrs=172.30.1.200-9618&alias=tamsa2.snu.ac.kr&noUDP&sock=schedd_3154_f5cb>
...
000 (126721.008.000) 2022-03-30 12:54:55 Job submitted from host: <172.30.1.200:9618?addrs=172.30.1.200-9618&alias=tamsa2.snu.ac.kr&noUDP&sock=schedd_3154_f5cb>
...
000 (126721.009.000) 2022-03-30 12:54:55 Job submitted from host: <172.30.1.200:9618?addrs=172.30.1.200-9618&alias=tamsa2.snu.ac.kr&noUDP&sock=schedd_3154_f5cb>
...
000 (126721.010.000) 2022-03-30 12:54:55 Job submitted from host: <172.30.1.200:9618?addrs=172.30.1.200-9618&alias=tamsa2.snu.ac.kr&noUDP&sock=schedd_3154_f5cb>
...
000 (126721.011.000) 2022-03-30 12:54:55 Job submitted from host: <172.30.1.200:9618?addrs=172.30.1.200-9618&alias=tamsa2.snu.ac.kr&noUDP&sock=schedd_3154_f5cb>
...
000 (126721.012.000) 2022-03-30 12:54:55 Job submitted from host: <172.30.1.200:9618?addrs=172.30.1.200-9618&alias=tamsa2.snu.ac.kr&noUDP&sock=schedd_3154_f5cb>
...
000 (126721.013.000) 2022-03-30 12:54:55 Job submitted from host: <172.30.1.200:9618?addrs=172.30.1.200-9618&alias=tamsa2.snu.ac.kr&noUDP&sock=schedd_3154_f5cb>
...
000 (126721.014.000) 2022-03-30 12:54:55 Job submitted from host: <172.30.1.200:9618?addrs=172.30.1.200-9618&alias=tamsa2.snu.ac.kr&noUDP&sock=schedd_3154_f5cb>
...
000 (126721.015.000) 2022-03-30 12:54:55 Job submitted from host: <172.30.1.200:9618?addrs=172.30.1.200-9618&alias=tamsa2.snu.ac.kr&noUDP&sock=schedd_3154_f5cb>
...
000 (126721.016.000) 2022-03-30 12:54:55 Job submitted from host: <172.30.1.200:9618?addrs=172.30.1.200-9618&alias=tamsa2.snu.ac.kr&noUDP&sock=schedd_3154_f5cb>
...
000 (126721.017.000) 2022-03-30 12:54:55 Job submitted from host: <172.30.1.200:9618?addrs=172.30.1.200-9618&alias=tamsa2.snu.ac.kr&noUDP&sock=schedd_3154_f5cb>
...
000 (126721.018.000) 2022-03-30 12:54:55 Job submitted from host: <172.30.1.200:9618?addrs=172.30.1.200-9618&alias=tamsa2.snu.ac.kr&noUDP&sock=schedd_3154_f5cb>
...
000 (126721.019.000) 2022-03-30 12:54:55 Job submitted from host: <172.30.1.200:9618?addrs=172.30.1.200-9618&alias=tamsa2.snu.ac.kr&noUDP&sock=schedd_3154_f5cb>
...
001 (126721.005.000) 2022-03-30 12:55:08 Job executing on host: <172.30.1.208:9618?addrs=172.30.1.208-9618&alias=node8&noUDP&sock=startd_32564_c61f>
...
001 (126721.006.000) 2022-03-30 12:55:09 Job executing on host: <172.30.1.208:9618?addrs=172.30.1.208-9618&alias=node8&noUDP&sock=startd_32564_c61f>
...
001 (126721.007.000) 2022-03-30 12:55:09 Job executing on host: <172.30.1.208:9618?addrs=172.30.1.208-9618&alias=node8&noUDP&sock=startd_32564_c61f>
...
001 (126721.008.000) 2022-03-30 12:55:09 Job executing on host: <172.30.1.208:9618?addrs=172.30.1.208-9618&alias=node8&noUDP&sock=startd_32564_c61f>
...
001 (126721.009.000) 2022-03-30 12:55:09 Job executing on host: <172.30.1.208:9618?addrs=172.30.1.208-9618&alias=node8&noUDP&sock=startd_32564_c61f>
...
001 (126721.010.000) 2022-03-30 12:55:09 Job executing on host: <172.30.1.208:9618?addrs=172.30.1.208-9618&alias=node8&noUDP&sock=startd_32564_c61f>
...
001 (126721.011.000) 2022-03-30 12:55:09 Job executing on host: <172.30.1.208:9618?addrs=172.30.1.208-9618&alias=node8&noUDP&sock=startd_32564_c61f>
...
001 (126721.012.000) 2022-03-30 12:55:09 Job executing on host: <172.30.1.208:9618?addrs=172.30.1.208-9618&alias=node8&noUDP&sock=startd_32564_c61f>
...
001 (126721.013.000) 2022-03-30 12:55:09 Job executing on host: <172.30.1.208:9618?addrs=172.30.1.208-9618&alias=node8&noUDP&sock=startd_32564_c61f>
...
001 (126721.000.000) 2022-03-30 12:55:09 Job executing on host: <172.30.1.203:9618?addrs=172.30.1.203-9618&alias=node3&noUDP&sock=startd_3597_d240>
...
001 (126721.014.000) 2022-03-30 12:55:09 Job executing on host: <172.30.1.208:9618?addrs=172.30.1.208-9618&alias=node8&noUDP&sock=startd_32564_c61f>
...
001 (126721.001.000) 2022-03-30 12:55:09 Job executing on host: <172.30.1.203:9618?addrs=172.30.1.203-9618&alias=node3&noUDP&sock=startd_3597_d240>
...
001 (126721.015.000) 2022-03-30 12:55:09 Job executing on host: <172.30.1.208:9618?addrs=172.30.1.208-9618&alias=node8&noUDP&sock=startd_32564_c61f>
...
001 (126721.002.000) 2022-03-30 12:55:09 Job executing on host: <172.30.1.203:9618?addrs=172.30.1.203-9618&alias=node3&noUDP&sock=startd_3597_d240>
...
001 (126721.016.000) 2022-03-30 12:55:09 Job executing on host: <172.30.1.208:9618?addrs=172.30.1.208-9618&alias=node8&noUDP&sock=startd_32564_c61f>
...
001 (126721.017.000) 2022-03-30 12:55:09 Job executing on host: <172.30.1.208:9618?addrs=172.30.1.208-9618&alias=node8&noUDP&sock=startd_32564_c61f>
...
001 (126721.003.000) 2022-03-30 12:55:09 Job executing on host: <172.30.1.203:9618?addrs=172.30.1.203-9618&alias=node3&noUDP&sock=startd_3597_d240>
...
001 (126721.018.000) 2022-03-30 12:55:09 Job executing on host: <172.30.1.208:9618?addrs=172.30.1.208-9618&alias=node8&noUDP&sock=startd_32564_c61f>
...
001 (126721.004.000) 2022-03-30 12:55:09 Job executing on host: <172.30.1.203:9618?addrs=172.30.1.203-9618&alias=node3&noUDP&sock=startd_3597_d240>
...
001 (126721.019.000) 2022-03-30 12:55:09 Job executing on host: <172.30.1.208:9618?addrs=172.30.1.208-9618&alias=node8&noUDP&sock=startd_32564_c61f>
...
006 (126721.005.000) 2022-03-30 12:55:17 Image size of job updated: 480468
	183  -  MemoryUsage of job (MB)
	186900  -  ResidentSetSize of job (KB)
...
006 (126721.006.000) 2022-03-30 12:55:17 Image size of job updated: 480472
	206  -  MemoryUsage of job (MB)
	210816  -  ResidentSetSize of job (KB)
...
006 (126721.007.000) 2022-03-30 12:55:17 Image size of job updated: 496184
	183  -  MemoryUsage of job (MB)
	187108  -  ResidentSetSize of job (KB)
...
006 (126721.008.000) 2022-03-30 12:55:17 Image size of job updated: 480472
	183  -  MemoryUsage of job (MB)
	187188  -  ResidentSetSize of job (KB)
...
006 (126721.009.000) 2022-03-30 12:55:17 Image size of job updated: 496184
	183  -  MemoryUsage of job (MB)
	187044  -  ResidentSetSize of job (KB)
...
006 (126721.010.000) 2022-03-30 12:55:17 Image size of job updated: 496184
	183  -  MemoryUsage of job (MB)
	187052  -  ResidentSetSize of job (KB)
...
006 (126721.011.000) 2022-03-30 12:55:17 Image size of job updated: 496184
	183  -  MemoryUsage of job (MB)
	186840  -  ResidentSetSize of job (KB)
...
006 (126721.012.000) 2022-03-30 12:55:17 Image size of job updated: 496184
	183  -  MemoryUsage of job (MB)
	186864  -  ResidentSetSize of job (KB)
...
006 (126721.019.000) 2022-03-30 12:55:18 Image size of job updated: 480472
	203  -  MemoryUsage of job (MB)
	207408  -  ResidentSetSize of job (KB)
...
006 (126721.017.000) 2022-03-30 12:55:18 Image size of job updated: 480472
	0  -  MemoryUsage of job (MB)
	0  -  ResidentSetSize of job (KB)
...
005 (126721.017.000) 2022-03-30 12:55:18 Job terminated.
	(1) Normal termination (return value 0)
		Usr 0 00:00:05, Sys 0 00:00:01  -  Run Remote Usage
		Usr 0 00:00:00, Sys 0 00:00:00  -  Run Local Usage
		Usr 0 00:00:05, Sys 0 00:00:01  -  Total Remote Usage
		Usr 0 00:00:00, Sys 0 00:00:00  -  Total Local Usage
	0  -  Run Bytes Sent By Job
	0  -  Run Bytes Received By Job
	0  -  Total Bytes Sent By Job
	0  -  Total Bytes Received By Job
	Partitionable Resources :    Usage  Request Allocated 
	   Cpus                 :                 1         1 
	   Disk (KB)            :        1        1    121125 
	   Memory (MB)          :        0     3900      3968 

	Job terminated of its own accord at 2022-03-30T03:55:18Z.
...
005 (126721.019.000) 2022-03-30 12:55:18 Job terminated.
	(1) Normal termination (return value 0)
		Usr 0 00:00:05, Sys 0 00:00:01  -  Run Remote Usage
		Usr 0 00:00:00, Sys 0 00:00:00  -  Run Local Usage
		Usr 0 00:00:05, Sys 0 00:00:01  -  Total Remote Usage
		Usr 0 00:00:00, Sys 0 00:00:00  -  Total Local Usage
	0  -  Run Bytes Sent By Job
	0  -  Run Bytes Received By Job
	0  -  Total Bytes Sent By Job
	0  -  Total Bytes Received By Job
	Partitionable Resources :    Usage  Request Allocated 
	   Cpus                 :                 1         1 
	   Disk (KB)            :        1        1    121125 
	   Memory (MB)          :      203     3900      3968 

	Job terminated of its own accord at 2022-03-30T03:55:18Z.
...
006 (126721.013.000) 2022-03-30 12:55:18 Image size of job updated: 664860
	203  -  MemoryUsage of job (MB)
	207424  -  ResidentSetSize of job (KB)
...
006 (126721.000.000) 2022-03-30 12:55:18 Image size of job updated: 686516
	206  -  MemoryUsage of job (MB)
	210876  -  ResidentSetSize of job (KB)
...
006 (126721.014.000) 2022-03-30 12:55:18 Image size of job updated: 646204
	183  -  MemoryUsage of job (MB)
	187340  -  ResidentSetSize of job (KB)
...
006 (126721.015.000) 2022-03-30 12:55:18 Image size of job updated: 646196
	183  -  MemoryUsage of job (MB)
	187048  -  ResidentSetSize of job (KB)
...
006 (126721.001.000) 2022-03-30 12:55:18 Image size of job updated: 689580
	206  -  MemoryUsage of job (MB)
	210804  -  ResidentSetSize of job (KB)
...
006 (126721.016.000) 2022-03-30 12:55:18 Image size of job updated: 646192
	183  -  MemoryUsage of job (MB)
	187176  -  ResidentSetSize of job (KB)
...
006 (126721.002.000) 2022-03-30 12:55:18 Image size of job updated: 646192
	183  -  MemoryUsage of job (MB)
	186840  -  ResidentSetSize of job (KB)
...
006 (126721.013.000) 2022-03-30 12:55:18 Image size of job updated: 664860
	203  -  MemoryUsage of job (MB)
	207468  -  ResidentSetSize of job (KB)
...
005 (126721.013.000) 2022-03-30 12:55:18 Job terminated.
	(1) Normal termination (return value 0)
		Usr 0 00:00:06, Sys 0 00:00:01  -  Run Remote Usage
		Usr 0 00:00:00, Sys 0 00:00:00  -  Run Local Usage
		Usr 0 00:00:06, Sys 0 00:00:01  -  Total Remote Usage
		Usr 0 00:00:00, Sys 0 00:00:00  -  Total Local Usage
	0  -  Run Bytes Sent By Job
	0  -  Run Bytes Received By Job
	0  -  Total Bytes Sent By Job
	0  -  Total Bytes Received By Job
	Partitionable Resources :    Usage  Request Allocated 
	   Cpus                 :                 1         1 
	   Disk (KB)            :        1        1    121125 
	   Memory (MB)          :      203     3900      3968 

	Job terminated of its own accord at 2022-03-30T03:55:18Z.
...
006 (126721.003.000) 2022-03-30 12:55:18 Image size of job updated: 689580
	206  -  MemoryUsage of job (MB)
	210832  -  ResidentSetSize of job (KB)
...
006 (126721.018.000) 2022-03-30 12:55:18 Image size of job updated: 646196
	183  -  MemoryUsage of job (MB)
	187068  -  ResidentSetSize of job (KB)
...
006 (126721.004.000) 2022-03-30 12:55:19 Image size of job updated: 689812
	206  -  MemoryUsage of job (MB)
	210848  -  ResidentSetSize of job (KB)
...
006 (126721.006.000) 2022-03-30 12:55:19 Image size of job updated: 689576
	206  -  MemoryUsage of job (MB)
	210816  -  ResidentSetSize of job (KB)
...
005 (126721.006.000) 2022-03-30 12:55:19 Job terminated.
	(1) Normal termination (return value 0)
		Usr 0 00:00:06, Sys 0 00:00:01  -  Run Remote Usage
		Usr 0 00:00:00, Sys 0 00:00:00  -  Run Local Usage
		Usr 0 00:00:06, Sys 0 00:00:01  -  Total Remote Usage
		Usr 0 00:00:00, Sys 0 00:00:00  -  Total Local Usage
	0  -  Run Bytes Sent By Job
	0  -  Run Bytes Received By Job
	0  -  Total Bytes Sent By Job
	0  -  Total Bytes Received By Job
	Partitionable Resources :    Usage  Request Allocated 
	   Cpus                 :                 1         1 
	   Disk (KB)            :        1        1    121125 
	   Memory (MB)          :      206     3900      3968 

	Job terminated of its own accord at 2022-03-30T03:55:19Z.
...
006 (126721.010.000) 2022-03-30 12:55:19 Image size of job updated: 689792
	183  -  MemoryUsage of job (MB)
	187052  -  ResidentSetSize of job (KB)
...
005 (126721.010.000) 2022-03-30 12:55:19 Job terminated.
	(1) Normal termination (return value 0)
		Usr 0 00:00:07, Sys 0 00:00:01  -  Run Remote Usage
		Usr 0 00:00:00, Sys 0 00:00:00  -  Run Local Usage
		Usr 0 00:00:07, Sys 0 00:00:01  -  Total Remote Usage
		Usr 0 00:00:00, Sys 0 00:00:00  -  Total Local Usage
	0  -  Run Bytes Sent By Job
	0  -  Run Bytes Received By Job
	0  -  Total Bytes Sent By Job
	0  -  Total Bytes Received By Job
	Partitionable Resources :    Usage  Request Allocated 
	   Cpus                 :                 1         1 
	   Disk (KB)            :        1        1    121125 
	   Memory (MB)          :      183     3900      3968 

	Job terminated of its own accord at 2022-03-30T03:55:19Z.
...
006 (126721.015.000) 2022-03-30 12:55:19 Image size of job updated: 686616
	183  -  MemoryUsage of job (MB)
	187048  -  ResidentSetSize of job (KB)
...
005 (126721.015.000) 2022-03-30 12:55:19 Job terminated.
	(1) Normal termination (return value 0)
		Usr 0 00:00:07, Sys 0 00:00:01  -  Run Remote Usage
		Usr 0 00:00:00, Sys 0 00:00:00  -  Run Local Usage
		Usr 0 00:00:07, Sys 0 00:00:01  -  Total Remote Usage
		Usr 0 00:00:00, Sys 0 00:00:00  -  Total Local Usage
	0  -  Run Bytes Sent By Job
	0  -  Run Bytes Received By Job
	0  -  Total Bytes Sent By Job
	0  -  Total Bytes Received By Job
	Partitionable Resources :    Usage  Request Allocated 
	   Cpus                 :                 1         1 
	   Disk (KB)            :        1        1    121125 
	   Memory (MB)          :      183     3900      3968 

	Job terminated of its own accord at 2022-03-30T03:55:19Z.
...
006 (126721.014.000) 2022-03-30 12:55:20 Image size of job updated: 670544
	183  -  MemoryUsage of job (MB)
	187340  -  ResidentSetSize of job (KB)
...
005 (126721.014.000) 2022-03-30 12:55:20 Job terminated.
	(1) Normal termination (return value 0)
		Usr 0 00:00:07, Sys 0 00:00:01  -  Run Remote Usage
		Usr 0 00:00:00, Sys 0 00:00:00  -  Run Local Usage
		Usr 0 00:00:07, Sys 0 00:00:01  -  Total Remote Usage
		Usr 0 00:00:00, Sys 0 00:00:00  -  Total Local Usage
	0  -  Run Bytes Sent By Job
	0  -  Run Bytes Received By Job
	0  -  Total Bytes Sent By Job
	0  -  Total Bytes Received By Job
	Partitionable Resources :    Usage  Request Allocated 
	   Cpus                 :                 1         1 
	   Disk (KB)            :        1        1    121125 
	   Memory (MB)          :      183     3900      3968 

	Job terminated of its own accord at 2022-03-30T03:55:20Z.
...
005 (126721.003.000) 2022-03-30 12:55:20 Job terminated.
	(1) Normal termination (return value 0)
		Usr 0 00:00:07, Sys 0 00:00:01  -  Run Remote Usage
		Usr 0 00:00:00, Sys 0 00:00:00  -  Run Local Usage
		Usr 0 00:00:07, Sys 0 00:00:01  -  Total Remote Usage
		Usr 0 00:00:00, Sys 0 00:00:00  -  Total Local Usage
	0  -  Run Bytes Sent By Job
	0  -  Run Bytes Received By Job
	0  -  Total Bytes Sent By Job
	0  -  Total Bytes Received By Job
	Partitionable Resources :    Usage  Request Allocated 
	   Cpus                 :                 1         1 
	   Disk (KB)            :        1        1    129249 
	   Memory (MB)          :      206     3900      3968 

	Job terminated of its own accord at 2022-03-30T03:55:20Z.
...
006 (126721.018.000) 2022-03-30 12:55:20 Image size of job updated: 670500
	183  -  MemoryUsage of job (MB)
	187068  -  ResidentSetSize of job (KB)
...
005 (126721.018.000) 2022-03-30 12:55:20 Job terminated.
	(1) Normal termination (return value 0)
		Usr 0 00:00:08, Sys 0 00:00:01  -  Run Remote Usage
		Usr 0 00:00:00, Sys 0 00:00:00  -  Run Local Usage
		Usr 0 00:00:08, Sys 0 00:00:01  -  Total Remote Usage
		Usr 0 00:00:00, Sys 0 00:00:00  -  Total Local Usage
	0  -  Run Bytes Sent By Job
	0  -  Run Bytes Received By Job
	0  -  Total Bytes Sent By Job
	0  -  Total Bytes Received By Job
	Partitionable Resources :    Usage  Request Allocated 
	   Cpus                 :                 1         1 
	   Disk (KB)            :        1        1    121125 
	   Memory (MB)          :      183     3900      3968 

	Job terminated of its own accord at 2022-03-30T03:55:20Z.
...
006 (126721.000.000) 2022-03-30 12:55:20 Image size of job updated: 689648
	206  -  MemoryUsage of job (MB)
	210876  -  ResidentSetSize of job (KB)
...
005 (126721.000.000) 2022-03-30 12:55:20 Job terminated.
	(1) Normal termination (return value 0)
		Usr 0 00:00:08, Sys 0 00:00:01  -  Run Remote Usage
		Usr 0 00:00:00, Sys 0 00:00:00  -  Run Local Usage
		Usr 0 00:00:08, Sys 0 00:00:01  -  Total Remote Usage
		Usr 0 00:00:00, Sys 0 00:00:00  -  Total Local Usage
	0  -  Run Bytes Sent By Job
	0  -  Run Bytes Received By Job
	0  -  Total Bytes Sent By Job
	0  -  Total Bytes Received By Job
	Partitionable Resources :    Usage  Request Allocated 
	   Cpus                 :                 1         1 
	   Disk (KB)            :        1        1    129249 
	   Memory (MB)          :      206     3900      3968 

	Job terminated of its own accord at 2022-03-30T03:55:20Z.
...
006 (126721.012.000) 2022-03-30 12:55:20 Image size of job updated: 689800
	183  -  MemoryUsage of job (MB)
	186864  -  ResidentSetSize of job (KB)
...
006 (126721.008.000) 2022-03-30 12:55:20 Image size of job updated: 688624
	183  -  MemoryUsage of job (MB)
	187188  -  ResidentSetSize of job (KB)
...
005 (126721.012.000) 2022-03-30 12:55:20 Job terminated.
	(1) Normal termination (return value 0)
		Usr 0 00:00:08, Sys 0 00:00:01  -  Run Remote Usage
		Usr 0 00:00:00, Sys 0 00:00:00  -  Run Local Usage
		Usr 0 00:00:08, Sys 0 00:00:01  -  Total Remote Usage
		Usr 0 00:00:00, Sys 0 00:00:00  -  Total Local Usage
	0  -  Run Bytes Sent By Job
	0  -  Run Bytes Received By Job
	0  -  Total Bytes Sent By Job
	0  -  Total Bytes Received By Job
	Partitionable Resources :    Usage  Request Allocated 
	   Cpus                 :                 1         1 
	   Disk (KB)            :        1        1    121125 
	   Memory (MB)          :      183     3900      3968 

	Job terminated of its own accord at 2022-03-30T03:55:20Z.
...
005 (126721.008.000) 2022-03-30 12:55:20 Job terminated.
	(1) Normal termination (return value 0)
		Usr 0 00:00:08, Sys 0 00:00:01  -  Run Remote Usage
		Usr 0 00:00:00, Sys 0 00:00:00  -  Run Local Usage
		Usr 0 00:00:08, Sys 0 00:00:01  -  Total Remote Usage
		Usr 0 00:00:00, Sys 0 00:00:00  -  Total Local Usage
	0  -  Run Bytes Sent By Job
	0  -  Run Bytes Received By Job
	0  -  Total Bytes Sent By Job
	0  -  Total Bytes Received By Job
	Partitionable Resources :    Usage  Request Allocated 
	   Cpus                 :                 1         1 
	   Disk (KB)            :        1        1    121125 
	   Memory (MB)          :      183     3900      3968 

	Job terminated of its own accord at 2022-03-30T03:55:20Z.
...
006 (126721.016.000) 2022-03-30 12:55:21 Image size of job updated: 689516
	183  -  MemoryUsage of job (MB)
	187176  -  ResidentSetSize of job (KB)
...
005 (126721.016.000) 2022-03-30 12:55:21 Job terminated.
	(1) Normal termination (return value 0)
		Usr 0 00:00:08, Sys 0 00:00:01  -  Run Remote Usage
		Usr 0 00:00:00, Sys 0 00:00:00  -  Run Local Usage
		Usr 0 00:00:08, Sys 0 00:00:01  -  Total Remote Usage
		Usr 0 00:00:00, Sys 0 00:00:00  -  Total Local Usage
	0  -  Run Bytes Sent By Job
	0  -  Run Bytes Received By Job
	0  -  Total Bytes Sent By Job
	0  -  Total Bytes Received By Job
	Partitionable Resources :    Usage  Request Allocated 
	   Cpus                 :                 1         1 
	   Disk (KB)            :        1        1    121125 
	   Memory (MB)          :      183     3900      3968 

	Job terminated of its own accord at 2022-03-30T03:55:21Z.
...
005 (126721.004.000) 2022-03-30 12:55:21 Job terminated.
	(1) Normal termination (return value 0)
		Usr 0 00:00:08, Sys 0 00:00:01  -  Run Remote Usage
		Usr 0 00:00:00, Sys 0 00:00:00  -  Run Local Usage
		Usr 0 00:00:08, Sys 0 00:00:01  -  Total Remote Usage
		Usr 0 00:00:00, Sys 0 00:00:00  -  Total Local Usage
	0  -  Run Bytes Sent By Job
	0  -  Run Bytes Received By Job
	0  -  Total Bytes Sent By Job
	0  -  Total Bytes Received By Job
	Partitionable Resources :    Usage  Request Allocated 
	   Cpus                 :                 1         1 
	   Disk (KB)            :        1        1    129249 
	   Memory (MB)          :      206     3900      3968 

	Job terminated of its own accord at 2022-03-30T03:55:21Z.
...
006 (126721.005.000) 2022-03-30 12:55:21 Image size of job updated: 689860
	183  -  MemoryUsage of job (MB)
	186900  -  ResidentSetSize of job (KB)
...
005 (126721.005.000) 2022-03-30 12:55:21 Job terminated.
	(1) Normal termination (return value 0)
		Usr 0 00:00:09, Sys 0 00:00:01  -  Run Remote Usage
		Usr 0 00:00:00, Sys 0 00:00:00  -  Run Local Usage
		Usr 0 00:00:09, Sys 0 00:00:01  -  Total Remote Usage
		Usr 0 00:00:00, Sys 0 00:00:00  -  Total Local Usage
	0  -  Run Bytes Sent By Job
	0  -  Run Bytes Received By Job
	0  -  Total Bytes Sent By Job
	0  -  Total Bytes Received By Job
	Partitionable Resources :    Usage  Request Allocated 
	   Cpus                 :                 1         1 
	   Disk (KB)            :        1        1    121125 
	   Memory (MB)          :      183     3900      3968 

	Job terminated of its own accord at 2022-03-30T03:55:21Z.
...
005 (126721.001.000) 2022-03-30 12:55:25 Job terminated.
	(1) Normal termination (return value 0)
		Usr 0 00:00:13, Sys 0 00:00:01  -  Run Remote Usage
		Usr 0 00:00:00, Sys 0 00:00:00  -  Run Local Usage
		Usr 0 00:00:13, Sys 0 00:00:01  -  Total Remote Usage
		Usr 0 00:00:00, Sys 0 00:00:00  -  Total Local Usage
	0  -  Run Bytes Sent By Job
	0  -  Run Bytes Received By Job
	0  -  Total Bytes Sent By Job
	0  -  Total Bytes Received By Job
	Partitionable Resources :    Usage  Request Allocated 
	   Cpus                 :                 1         1 
	   Disk (KB)            :        1        1    129249 
	   Memory (MB)          :      206     3900      3968 

	Job terminated of its own accord at 2022-03-30T03:55:25Z.
...
006 (126721.011.000) 2022-03-30 12:55:25 Image size of job updated: 646196
	183  -  MemoryUsage of job (MB)
	186840  -  ResidentSetSize of job (KB)
...
005 (126721.011.000) 2022-03-30 12:55:25 Job terminated.
	(1) Normal termination (return value 0)
		Usr 0 00:00:13, Sys 0 00:00:01  -  Run Remote Usage
		Usr 0 00:00:00, Sys 0 00:00:00  -  Run Local Usage
		Usr 0 00:00:13, Sys 0 00:00:01  -  Total Remote Usage
		Usr 0 00:00:00, Sys 0 00:00:00  -  Total Local Usage
	0  -  Run Bytes Sent By Job
	0  -  Run Bytes Received By Job
	0  -  Total Bytes Sent By Job
	0  -  Total Bytes Received By Job
	Partitionable Resources :    Usage  Request Allocated 
	   Cpus                 :                 1         1 
	   Disk (KB)            :        1        1    121125 
	   Memory (MB)          :      183     3900      3968 

	Job terminated of its own accord at 2022-03-30T03:55:25Z.
...
006 (126721.007.000) 2022-03-30 12:55:26 Image size of job updated: 691124
	183  -  MemoryUsage of job (MB)
	187108  -  ResidentSetSize of job (KB)
...
005 (126721.007.000) 2022-03-30 12:55:26 Job terminated.
	(1) Normal termination (return value 0)
		Usr 0 00:00:13, Sys 0 00:00:01  -  Run Remote Usage
		Usr 0 00:00:00, Sys 0 00:00:00  -  Run Local Usage
		Usr 0 00:00:13, Sys 0 00:00:01  -  Total Remote Usage
		Usr 0 00:00:00, Sys 0 00:00:00  -  Total Local Usage
	0  -  Run Bytes Sent By Job
	0  -  Run Bytes Received By Job
	0  -  Total Bytes Sent By Job
	0  -  Total Bytes Received By Job
	Partitionable Resources :    Usage  Request Allocated 
	   Cpus                 :                 1         1 
	   Disk (KB)            :        1        1    121125 
	   Memory (MB)          :      183     3900      3968 

	Job terminated of its own accord at 2022-03-30T03:55:26Z.
...
006 (126721.002.000) 2022-03-30 12:55:26 Image size of job updated: 689608
	183  -  MemoryUsage of job (MB)
	186840  -  ResidentSetSize of job (KB)
...
005 (126721.002.000) 2022-03-30 12:55:26 Job terminated.
	(1) Normal termination (return value 0)
		Usr 0 00:00:13, Sys 0 00:00:01  -  Run Remote Usage
		Usr 0 00:00:00, Sys 0 00:00:00  -  Run Local Usage
		Usr 0 00:00:13, Sys 0 00:00:01  -  Total Remote Usage
		Usr 0 00:00:00, Sys 0 00:00:00  -  Total Local Usage
	0  -  Run Bytes Sent By Job
	0  -  Run Bytes Received By Job
	0  -  Total Bytes Sent By Job
	0  -  Total Bytes Received By Job
	Partitionable Resources :    Usage  Request Allocated 
	   Cpus                 :                 1         1 
	   Disk (KB)            :        1        1    129249 
	   Memory (MB)          :      183     3900      3968 

	Job terminated of its own accord at 2022-03-30T03:55:26Z.
...
006 (126721.009.000) 2022-03-30 12:55:26 Image size of job updated: 690092
	183  -  MemoryUsage of job (MB)
	187044  -  ResidentSetSize of job (KB)
...
005 (126721.009.000) 2022-03-30 12:55:26 Job terminated.
	(1) Normal termination (return value 0)
		Usr 0 00:00:13, Sys 0 00:00:01  -  Run Remote Usage
		Usr 0 00:00:00, Sys 0 00:00:00  -  Run Local Usage
		Usr 0 00:00:13, Sys 0 00:00:01  -  Total Remote Usage
		Usr 0 00:00:00, Sys 0 00:00:00  -  Total Local Usage
	0  -  Run Bytes Sent By Job
	0  -  Run Bytes Received By Job
	0  -  Total Bytes Sent By Job
	0  -  Total Bytes Received By Job
	Partitionable Resources :    Usage  Request Allocated 
	   Cpus                 :                 1         1 
	   Disk (KB)            :        1        1    121125 
	   Memory (MB)          :      183     3900      3968 

	Job terminated of its own accord at 2022-03-30T03:55:26Z.
...
