000 (126302.000.000) 2022-03-28 20:02:25 Job submitted from host: <172.30.1.200:9618?addrs=172.30.1.200-9618&alias=tamsa2.snu.ac.kr&noUDP&sock=schedd_3154_f5cb>
...
000 (126302.001.000) 2022-03-28 20:02:25 Job submitted from host: <172.30.1.200:9618?addrs=172.30.1.200-9618&alias=tamsa2.snu.ac.kr&noUDP&sock=schedd_3154_f5cb>
...
000 (126302.002.000) 2022-03-28 20:02:25 Job submitted from host: <172.30.1.200:9618?addrs=172.30.1.200-9618&alias=tamsa2.snu.ac.kr&noUDP&sock=schedd_3154_f5cb>
...
000 (126302.003.000) 2022-03-28 20:02:25 Job submitted from host: <172.30.1.200:9618?addrs=172.30.1.200-9618&alias=tamsa2.snu.ac.kr&noUDP&sock=schedd_3154_f5cb>
...
000 (126302.004.000) 2022-03-28 20:02:25 Job submitted from host: <172.30.1.200:9618?addrs=172.30.1.200-9618&alias=tamsa2.snu.ac.kr&noUDP&sock=schedd_3154_f5cb>
...
000 (126302.005.000) 2022-03-28 20:02:25 Job submitted from host: <172.30.1.200:9618?addrs=172.30.1.200-9618&alias=tamsa2.snu.ac.kr&noUDP&sock=schedd_3154_f5cb>
...
000 (126302.006.000) 2022-03-28 20:02:25 Job submitted from host: <172.30.1.200:9618?addrs=172.30.1.200-9618&alias=tamsa2.snu.ac.kr&noUDP&sock=schedd_3154_f5cb>
...
000 (126302.007.000) 2022-03-28 20:02:25 Job submitted from host: <172.30.1.200:9618?addrs=172.30.1.200-9618&alias=tamsa2.snu.ac.kr&noUDP&sock=schedd_3154_f5cb>
...
000 (126302.008.000) 2022-03-28 20:02:25 Job submitted from host: <172.30.1.200:9618?addrs=172.30.1.200-9618&alias=tamsa2.snu.ac.kr&noUDP&sock=schedd_3154_f5cb>
...
000 (126302.009.000) 2022-03-28 20:02:25 Job submitted from host: <172.30.1.200:9618?addrs=172.30.1.200-9618&alias=tamsa2.snu.ac.kr&noUDP&sock=schedd_3154_f5cb>
...
000 (126302.010.000) 2022-03-28 20:02:25 Job submitted from host: <172.30.1.200:9618?addrs=172.30.1.200-9618&alias=tamsa2.snu.ac.kr&noUDP&sock=schedd_3154_f5cb>
...
000 (126302.011.000) 2022-03-28 20:02:25 Job submitted from host: <172.30.1.200:9618?addrs=172.30.1.200-9618&alias=tamsa2.snu.ac.kr&noUDP&sock=schedd_3154_f5cb>
...
000 (126302.012.000) 2022-03-28 20:02:25 Job submitted from host: <172.30.1.200:9618?addrs=172.30.1.200-9618&alias=tamsa2.snu.ac.kr&noUDP&sock=schedd_3154_f5cb>
...
000 (126302.013.000) 2022-03-28 20:02:25 Job submitted from host: <172.30.1.200:9618?addrs=172.30.1.200-9618&alias=tamsa2.snu.ac.kr&noUDP&sock=schedd_3154_f5cb>
...
000 (126302.014.000) 2022-03-28 20:02:25 Job submitted from host: <172.30.1.200:9618?addrs=172.30.1.200-9618&alias=tamsa2.snu.ac.kr&noUDP&sock=schedd_3154_f5cb>
...
000 (126302.015.000) 2022-03-28 20:02:25 Job submitted from host: <172.30.1.200:9618?addrs=172.30.1.200-9618&alias=tamsa2.snu.ac.kr&noUDP&sock=schedd_3154_f5cb>
...
000 (126302.016.000) 2022-03-28 20:02:25 Job submitted from host: <172.30.1.200:9618?addrs=172.30.1.200-9618&alias=tamsa2.snu.ac.kr&noUDP&sock=schedd_3154_f5cb>
...
000 (126302.017.000) 2022-03-28 20:02:25 Job submitted from host: <172.30.1.200:9618?addrs=172.30.1.200-9618&alias=tamsa2.snu.ac.kr&noUDP&sock=schedd_3154_f5cb>
...
000 (126302.018.000) 2022-03-28 20:02:25 Job submitted from host: <172.30.1.200:9618?addrs=172.30.1.200-9618&alias=tamsa2.snu.ac.kr&noUDP&sock=schedd_3154_f5cb>
...
000 (126302.019.000) 2022-03-28 20:02:25 Job submitted from host: <172.30.1.200:9618?addrs=172.30.1.200-9618&alias=tamsa2.snu.ac.kr&noUDP&sock=schedd_3154_f5cb>
...
001 (126302.000.000) 2022-03-28 20:02:34 Job executing on host: <172.30.1.202:9618?addrs=172.30.1.202-9618&alias=node2&noUDP&sock=startd_3636_9271>
...
001 (126302.001.000) 2022-03-28 20:02:34 Job executing on host: <172.30.1.202:9618?addrs=172.30.1.202-9618&alias=node2&noUDP&sock=startd_3636_9271>
...
001 (126302.002.000) 2022-03-28 20:02:34 Job executing on host: <172.30.1.202:9618?addrs=172.30.1.202-9618&alias=node2&noUDP&sock=startd_3636_9271>
...
001 (126302.005.000) 2022-03-28 20:02:34 Job executing on host: <172.30.1.202:9618?addrs=172.30.1.202-9618&alias=node2&noUDP&sock=startd_3636_9271>
...
001 (126302.003.000) 2022-03-28 20:02:35 Job executing on host: <172.30.1.202:9618?addrs=172.30.1.202-9618&alias=node2&noUDP&sock=startd_3636_9271>
...
001 (126302.004.000) 2022-03-28 20:02:35 Job executing on host: <172.30.1.202:9618?addrs=172.30.1.202-9618&alias=node2&noUDP&sock=startd_3636_9271>
...
001 (126302.010.000) 2022-03-28 20:02:35 Job executing on host: <172.30.1.202:9618?addrs=172.30.1.202-9618&alias=node2&noUDP&sock=startd_3636_9271>
...
001 (126302.011.000) 2022-03-28 20:02:35 Job executing on host: <172.30.1.202:9618?addrs=172.30.1.202-9618&alias=node2&noUDP&sock=startd_3636_9271>
...
001 (126302.012.000) 2022-03-28 20:02:35 Job executing on host: <172.30.1.202:9618?addrs=172.30.1.202-9618&alias=node2&noUDP&sock=startd_3636_9271>
...
001 (126302.013.000) 2022-03-28 20:02:35 Job executing on host: <172.30.1.202:9618?addrs=172.30.1.202-9618&alias=node2&noUDP&sock=startd_3636_9271>
...
001 (126302.014.000) 2022-03-28 20:02:35 Job executing on host: <172.30.1.202:9618?addrs=172.30.1.202-9618&alias=node2&noUDP&sock=startd_3636_9271>
...
001 (126302.006.000) 2022-03-28 20:02:35 Job executing on host: <172.30.1.202:9618?addrs=172.30.1.202-9618&alias=node2&noUDP&sock=startd_3636_9271>
...
001 (126302.015.000) 2022-03-28 20:02:35 Job executing on host: <172.30.1.202:9618?addrs=172.30.1.202-9618&alias=node2&noUDP&sock=startd_3636_9271>
...
001 (126302.016.000) 2022-03-28 20:02:35 Job executing on host: <172.30.1.202:9618?addrs=172.30.1.202-9618&alias=node2&noUDP&sock=startd_3636_9271>
...
001 (126302.007.000) 2022-03-28 20:02:35 Job executing on host: <172.30.1.202:9618?addrs=172.30.1.202-9618&alias=node2&noUDP&sock=startd_3636_9271>
...
001 (126302.008.000) 2022-03-28 20:02:35 Job executing on host: <172.30.1.202:9618?addrs=172.30.1.202-9618&alias=node2&noUDP&sock=startd_3636_9271>
...
001 (126302.009.000) 2022-03-28 20:02:36 Job executing on host: <172.30.1.202:9618?addrs=172.30.1.202-9618&alias=node2&noUDP&sock=startd_3636_9271>
...
001 (126302.017.000) 2022-03-28 20:02:36 Job executing on host: <172.30.1.202:9618?addrs=172.30.1.202-9618&alias=node2&noUDP&sock=startd_3636_9271>
...
001 (126302.018.000) 2022-03-28 20:02:36 Job executing on host: <172.30.1.202:9618?addrs=172.30.1.202-9618&alias=node2&noUDP&sock=startd_3636_9271>
...
001 (126302.019.000) 2022-03-28 20:02:36 Job executing on host: <172.30.1.202:9618?addrs=172.30.1.202-9618&alias=node2&noUDP&sock=startd_3636_9271>
...
006 (126302.003.000) 2022-03-28 20:02:43 Image size of job updated: 629844
	179  -  MemoryUsage of job (MB)
	182928  -  ResidentSetSize of job (KB)
...
006 (126302.004.000) 2022-03-28 20:02:43 Image size of job updated: 629852
	180  -  MemoryUsage of job (MB)
	183692  -  ResidentSetSize of job (KB)
...
006 (126302.010.000) 2022-03-28 20:02:43 Image size of job updated: 629848
	180  -  MemoryUsage of job (MB)
	183980  -  ResidentSetSize of job (KB)
...
006 (126302.011.000) 2022-03-28 20:02:43 Image size of job updated: 629844
	183  -  MemoryUsage of job (MB)
	186756  -  ResidentSetSize of job (KB)
...
006 (126302.012.000) 2022-03-28 20:02:43 Image size of job updated: 629852
	183  -  MemoryUsage of job (MB)
	187092  -  ResidentSetSize of job (KB)
...
006 (126302.000.000) 2022-03-28 20:02:43 Image size of job updated: 629848
	184  -  MemoryUsage of job (MB)
	187720  -  ResidentSetSize of job (KB)
...
006 (126302.001.000) 2022-03-28 20:02:43 Image size of job updated: 629844
	184  -  MemoryUsage of job (MB)
	188132  -  ResidentSetSize of job (KB)
...
006 (126302.002.000) 2022-03-28 20:02:43 Image size of job updated: 624724
	184  -  MemoryUsage of job (MB)
	188132  -  ResidentSetSize of job (KB)
...
006 (126302.005.000) 2022-03-28 20:02:44 Image size of job updated: 629844
	184  -  MemoryUsage of job (MB)
	188132  -  ResidentSetSize of job (KB)
...
006 (126302.008.000) 2022-03-28 20:02:44 Image size of job updated: 629852
	184  -  MemoryUsage of job (MB)
	188124  -  ResidentSetSize of job (KB)
...
006 (126302.009.000) 2022-03-28 20:02:44 Image size of job updated: 624728
	184  -  MemoryUsage of job (MB)
	188136  -  ResidentSetSize of job (KB)
...
006 (126302.017.000) 2022-03-28 20:02:44 Image size of job updated: 629844
	184  -  MemoryUsage of job (MB)
	188124  -  ResidentSetSize of job (KB)
...
006 (126302.018.000) 2022-03-28 20:02:44 Image size of job updated: 629848
	184  -  MemoryUsage of job (MB)
	188136  -  ResidentSetSize of job (KB)
...
006 (126302.019.000) 2022-03-28 20:02:44 Image size of job updated: 624724
	184  -  MemoryUsage of job (MB)
	188140  -  ResidentSetSize of job (KB)
...
006 (126302.013.000) 2022-03-28 20:02:44 Image size of job updated: 629844
	184  -  MemoryUsage of job (MB)
	188132  -  ResidentSetSize of job (KB)
...
006 (126302.014.000) 2022-03-28 20:02:44 Image size of job updated: 629848
	184  -  MemoryUsage of job (MB)
	188132  -  ResidentSetSize of job (KB)
...
006 (126302.006.000) 2022-03-28 20:02:44 Image size of job updated: 629856
	185  -  MemoryUsage of job (MB)
	188652  -  ResidentSetSize of job (KB)
...
006 (126302.015.000) 2022-03-28 20:02:44 Image size of job updated: 629848
	185  -  MemoryUsage of job (MB)
	188540  -  ResidentSetSize of job (KB)
...
006 (126302.016.000) 2022-03-28 20:02:44 Image size of job updated: 629844
	184  -  MemoryUsage of job (MB)
	188140  -  ResidentSetSize of job (KB)
...
006 (126302.007.000) 2022-03-28 20:02:44 Image size of job updated: 624720
	187  -  MemoryUsage of job (MB)
	191288  -  ResidentSetSize of job (KB)
...
006 (126302.019.000) 2022-03-28 20:02:48 Image size of job updated: 684412
	184  -  MemoryUsage of job (MB)
	188140  -  ResidentSetSize of job (KB)
...
005 (126302.019.000) 2022-03-28 20:02:49 Job terminated.
	(1) Normal termination (return value 0)
		Usr 0 00:00:07, Sys 0 00:00:02  -  Run Remote Usage
		Usr 0 00:00:00, Sys 0 00:00:00  -  Run Local Usage
		Usr 0 00:00:07, Sys 0 00:00:02  -  Total Remote Usage
		Usr 0 00:00:00, Sys 0 00:00:00  -  Total Local Usage
	0  -  Run Bytes Sent By Job
	0  -  Run Bytes Received By Job
	0  -  Total Bytes Sent By Job
	0  -  Total Bytes Received By Job
	Partitionable Resources :    Usage  Request Allocated 
	   Cpus                 :                 1         1 
	   Disk (KB)            :        1        1    129249 
	   Memory (MB)          :      184     3900      3968 

	Job terminated of its own accord at 2022-03-28T11:02:48Z.
...
006 (126302.008.000) 2022-03-28 20:02:49 Image size of job updated: 691520
	184  -  MemoryUsage of job (MB)
	188124  -  ResidentSetSize of job (KB)
...
005 (126302.008.000) 2022-03-28 20:02:49 Job terminated.
	(1) Normal termination (return value 0)
		Usr 0 00:00:08, Sys 0 00:00:01  -  Run Remote Usage
		Usr 0 00:00:00, Sys 0 00:00:00  -  Run Local Usage
		Usr 0 00:00:08, Sys 0 00:00:01  -  Total Remote Usage
		Usr 0 00:00:00, Sys 0 00:00:00  -  Total Local Usage
	0  -  Run Bytes Sent By Job
	0  -  Run Bytes Received By Job
	0  -  Total Bytes Sent By Job
	0  -  Total Bytes Received By Job
	Partitionable Resources :    Usage  Request Allocated 
	   Cpus                 :                 1         1 
	   Disk (KB)            :        1        1    129249 
	   Memory (MB)          :      184     3900      3968 

	Job terminated of its own accord at 2022-03-28T11:02:49Z.
...
006 (126302.000.000) 2022-03-28 20:02:49 Image size of job updated: 691508
	184  -  MemoryUsage of job (MB)
	187720  -  ResidentSetSize of job (KB)
...
005 (126302.000.000) 2022-03-28 20:02:49 Job terminated.
	(1) Normal termination (return value 0)
		Usr 0 00:00:08, Sys 0 00:00:02  -  Run Remote Usage
		Usr 0 00:00:00, Sys 0 00:00:00  -  Run Local Usage
		Usr 0 00:00:08, Sys 0 00:00:02  -  Total Remote Usage
		Usr 0 00:00:00, Sys 0 00:00:00  -  Total Local Usage
	0  -  Run Bytes Sent By Job
	0  -  Run Bytes Received By Job
	0  -  Total Bytes Sent By Job
	0  -  Total Bytes Received By Job
	Partitionable Resources :    Usage  Request Allocated 
	   Cpus                 :                 1         1 
	   Disk (KB)            :        1        1    129249 
	   Memory (MB)          :      184     3900      3968 

	Job terminated of its own accord at 2022-03-28T11:02:49Z.
...
006 (126302.003.000) 2022-03-28 20:02:50 Image size of job updated: 686568
	179  -  MemoryUsage of job (MB)
	182980  -  ResidentSetSize of job (KB)
...
006 (126302.018.000) 2022-03-28 20:02:50 Image size of job updated: 691452
	184  -  MemoryUsage of job (MB)
	188136  -  ResidentSetSize of job (KB)
...
005 (126302.003.000) 2022-03-28 20:02:50 Job terminated.
	(1) Normal termination (return value 0)
		Usr 0 00:00:09, Sys 0 00:00:02  -  Run Remote Usage
		Usr 0 00:00:00, Sys 0 00:00:00  -  Run Local Usage
		Usr 0 00:00:09, Sys 0 00:00:02  -  Total Remote Usage
		Usr 0 00:00:00, Sys 0 00:00:00  -  Total Local Usage
	0  -  Run Bytes Sent By Job
	0  -  Run Bytes Received By Job
	0  -  Total Bytes Sent By Job
	0  -  Total Bytes Received By Job
	Partitionable Resources :    Usage  Request Allocated 
	   Cpus                 :                 1         1 
	   Disk (KB)            :        1        1    129249 
	   Memory (MB)          :      179     3900      3968 

	Job terminated of its own accord at 2022-03-28T11:02:50Z.
...
005 (126302.018.000) 2022-03-28 20:02:50 Job terminated.
	(1) Normal termination (return value 0)
		Usr 0 00:00:09, Sys 0 00:00:01  -  Run Remote Usage
		Usr 0 00:00:00, Sys 0 00:00:00  -  Run Local Usage
		Usr 0 00:00:09, Sys 0 00:00:01  -  Total Remote Usage
		Usr 0 00:00:00, Sys 0 00:00:00  -  Total Local Usage
	0  -  Run Bytes Sent By Job
	0  -  Run Bytes Received By Job
	0  -  Total Bytes Sent By Job
	0  -  Total Bytes Received By Job
	Partitionable Resources :    Usage  Request Allocated 
	   Cpus                 :                 1         1 
	   Disk (KB)            :        1        1    129249 
	   Memory (MB)          :      184     3900      3968 

	Job terminated of its own accord at 2022-03-28T11:02:50Z.
...
006 (126302.009.000) 2022-03-28 20:02:50 Image size of job updated: 691488
	184  -  MemoryUsage of job (MB)
	188136  -  ResidentSetSize of job (KB)
...
005 (126302.009.000) 2022-03-28 20:02:50 Job terminated.
	(1) Normal termination (return value 0)
		Usr 0 00:00:09, Sys 0 00:00:02  -  Run Remote Usage
		Usr 0 00:00:00, Sys 0 00:00:00  -  Run Local Usage
		Usr 0 00:00:09, Sys 0 00:00:02  -  Total Remote Usage
		Usr 0 00:00:00, Sys 0 00:00:00  -  Total Local Usage
	0  -  Run Bytes Sent By Job
	0  -  Run Bytes Received By Job
	0  -  Total Bytes Sent By Job
	0  -  Total Bytes Received By Job
	Partitionable Resources :    Usage  Request Allocated 
	   Cpus                 :                 1         1 
	   Disk (KB)            :        1        1    129249 
	   Memory (MB)          :      184     3900      3968 

	Job terminated of its own accord at 2022-03-28T11:02:50Z.
...
006 (126302.002.000) 2022-03-28 20:02:50 Image size of job updated: 691496
	184  -  MemoryUsage of job (MB)
	188132  -  ResidentSetSize of job (KB)
...
005 (126302.002.000) 2022-03-28 20:02:50 Job terminated.
	(1) Normal termination (return value 0)
		Usr 0 00:00:09, Sys 0 00:00:02  -  Run Remote Usage
		Usr 0 00:00:00, Sys 0 00:00:00  -  Run Local Usage
		Usr 0 00:00:09, Sys 0 00:00:02  -  Total Remote Usage
		Usr 0 00:00:00, Sys 0 00:00:00  -  Total Local Usage
	0  -  Run Bytes Sent By Job
	0  -  Run Bytes Received By Job
	0  -  Total Bytes Sent By Job
	0  -  Total Bytes Received By Job
	Partitionable Resources :    Usage  Request Allocated 
	   Cpus                 :                 1         1 
	   Disk (KB)            :        1        1    129249 
	   Memory (MB)          :      184     3900      3968 

	Job terminated of its own accord at 2022-03-28T11:02:50Z.
...
006 (126302.010.000) 2022-03-28 20:02:50 Image size of job updated: 692008
	180  -  MemoryUsage of job (MB)
	183980  -  ResidentSetSize of job (KB)
...
005 (126302.010.000) 2022-03-28 20:02:51 Job terminated.
	(1) Normal termination (return value 0)
		Usr 0 00:00:10, Sys 0 00:00:02  -  Run Remote Usage
		Usr 0 00:00:00, Sys 0 00:00:00  -  Run Local Usage
		Usr 0 00:00:10, Sys 0 00:00:02  -  Total Remote Usage
		Usr 0 00:00:00, Sys 0 00:00:00  -  Total Local Usage
	0  -  Run Bytes Sent By Job
	0  -  Run Bytes Received By Job
	0  -  Total Bytes Sent By Job
	0  -  Total Bytes Received By Job
	Partitionable Resources :    Usage  Request Allocated 
	   Cpus                 :                 1         1 
	   Disk (KB)            :        1        1    129249 
	   Memory (MB)          :      180     3900      3968 

	Job terminated of its own accord at 2022-03-28T11:02:50Z.
...
006 (126302.012.000) 2022-03-28 20:02:51 Image size of job updated: 691772
	183  -  MemoryUsage of job (MB)
	187092  -  ResidentSetSize of job (KB)
...
005 (126302.012.000) 2022-03-28 20:02:51 Job terminated.
	(1) Normal termination (return value 0)
		Usr 0 00:00:10, Sys 0 00:00:02  -  Run Remote Usage
		Usr 0 00:00:00, Sys 0 00:00:00  -  Run Local Usage
		Usr 0 00:00:10, Sys 0 00:00:02  -  Total Remote Usage
		Usr 0 00:00:00, Sys 0 00:00:00  -  Total Local Usage
	0  -  Run Bytes Sent By Job
	0  -  Run Bytes Received By Job
	0  -  Total Bytes Sent By Job
	0  -  Total Bytes Received By Job
	Partitionable Resources :    Usage  Request Allocated 
	   Cpus                 :                 1         1 
	   Disk (KB)            :        1        1    129249 
	   Memory (MB)          :      183     3900      3968 

	Job terminated of its own accord at 2022-03-28T11:02:51Z.
...
006 (126302.001.000) 2022-03-28 20:02:51 Image size of job updated: 692004
	184  -  MemoryUsage of job (MB)
	188132  -  ResidentSetSize of job (KB)
...
006 (126302.007.000) 2022-03-28 20:02:51 Image size of job updated: 691696
	187  -  MemoryUsage of job (MB)
	191288  -  ResidentSetSize of job (KB)
...
005 (126302.001.000) 2022-03-28 20:02:51 Job terminated.
	(1) Normal termination (return value 0)
		Usr 0 00:00:10, Sys 0 00:00:02  -  Run Remote Usage
		Usr 0 00:00:00, Sys 0 00:00:00  -  Run Local Usage
		Usr 0 00:00:10, Sys 0 00:00:02  -  Total Remote Usage
		Usr 0 00:00:00, Sys 0 00:00:00  -  Total Local Usage
	0  -  Run Bytes Sent By Job
	0  -  Run Bytes Received By Job
	0  -  Total Bytes Sent By Job
	0  -  Total Bytes Received By Job
	Partitionable Resources :    Usage  Request Allocated 
	   Cpus                 :                 1         1 
	   Disk (KB)            :        1        1    129249 
	   Memory (MB)          :      184     3900      3968 

	Job terminated of its own accord at 2022-03-28T11:02:51Z.
...
005 (126302.007.000) 2022-03-28 20:02:51 Job terminated.
	(1) Normal termination (return value 0)
		Usr 0 00:00:10, Sys 0 00:00:02  -  Run Remote Usage
		Usr 0 00:00:00, Sys 0 00:00:00  -  Run Local Usage
		Usr 0 00:00:10, Sys 0 00:00:02  -  Total Remote Usage
		Usr 0 00:00:00, Sys 0 00:00:00  -  Total Local Usage
	0  -  Run Bytes Sent By Job
	0  -  Run Bytes Received By Job
	0  -  Total Bytes Sent By Job
	0  -  Total Bytes Received By Job
	Partitionable Resources :    Usage  Request Allocated 
	   Cpus                 :                 1         1 
	   Disk (KB)            :        1        1    129249 
	   Memory (MB)          :      187     3900      3968 

	Job terminated of its own accord at 2022-03-28T11:02:51Z.
...
006 (126302.016.000) 2022-03-28 20:02:52 Image size of job updated: 691516
	184  -  MemoryUsage of job (MB)
	188140  -  ResidentSetSize of job (KB)
...
006 (126302.006.000) 2022-03-28 20:02:52 Image size of job updated: 691504
	185  -  MemoryUsage of job (MB)
	188652  -  ResidentSetSize of job (KB)
...
005 (126302.016.000) 2022-03-28 20:02:52 Job terminated.
	(1) Normal termination (return value 0)
		Usr 0 00:00:11, Sys 0 00:00:02  -  Run Remote Usage
		Usr 0 00:00:00, Sys 0 00:00:00  -  Run Local Usage
		Usr 0 00:00:11, Sys 0 00:00:02  -  Total Remote Usage
		Usr 0 00:00:00, Sys 0 00:00:00  -  Total Local Usage
	0  -  Run Bytes Sent By Job
	0  -  Run Bytes Received By Job
	0  -  Total Bytes Sent By Job
	0  -  Total Bytes Received By Job
	Partitionable Resources :    Usage  Request Allocated 
	   Cpus                 :                 1         1 
	   Disk (KB)            :        1        1    129249 
	   Memory (MB)          :      184     3900      3968 

	Job terminated of its own accord at 2022-03-28T11:02:52Z.
...
005 (126302.006.000) 2022-03-28 20:02:52 Job terminated.
	(1) Normal termination (return value 0)
		Usr 0 00:00:11, Sys 0 00:00:02  -  Run Remote Usage
		Usr 0 00:00:00, Sys 0 00:00:00  -  Run Local Usage
		Usr 0 00:00:11, Sys 0 00:00:02  -  Total Remote Usage
		Usr 0 00:00:00, Sys 0 00:00:00  -  Total Local Usage
	0  -  Run Bytes Sent By Job
	0  -  Run Bytes Received By Job
	0  -  Total Bytes Sent By Job
	0  -  Total Bytes Received By Job
	Partitionable Resources :    Usage  Request Allocated 
	   Cpus                 :                 1         1 
	   Disk (KB)            :        1        1    129249 
	   Memory (MB)          :      185     3900      3968 

	Job terminated of its own accord at 2022-03-28T11:02:52Z.
...
006 (126302.011.000) 2022-03-28 20:02:52 Image size of job updated: 691416
	183  -  MemoryUsage of job (MB)
	186852  -  ResidentSetSize of job (KB)
...
005 (126302.011.000) 2022-03-28 20:02:52 Job terminated.
	(1) Normal termination (return value 0)
		Usr 0 00:00:12, Sys 0 00:00:02  -  Run Remote Usage
		Usr 0 00:00:00, Sys 0 00:00:00  -  Run Local Usage
		Usr 0 00:00:12, Sys 0 00:00:02  -  Total Remote Usage
		Usr 0 00:00:00, Sys 0 00:00:00  -  Total Local Usage
	0  -  Run Bytes Sent By Job
	0  -  Run Bytes Received By Job
	0  -  Total Bytes Sent By Job
	0  -  Total Bytes Received By Job
	Partitionable Resources :    Usage  Request Allocated 
	   Cpus                 :                 1         1 
	   Disk (KB)            :        1        1    129249 
	   Memory (MB)          :      183     3900      3968 

	Job terminated of its own accord at 2022-03-28T11:02:52Z.
...
006 (126302.015.000) 2022-03-28 20:02:53 Image size of job updated: 691772
	185  -  MemoryUsage of job (MB)
	188540  -  ResidentSetSize of job (KB)
...
005 (126302.015.000) 2022-03-28 20:02:53 Job terminated.
	(1) Normal termination (return value 0)
		Usr 0 00:00:12, Sys 0 00:00:02  -  Run Remote Usage
		Usr 0 00:00:00, Sys 0 00:00:00  -  Run Local Usage
		Usr 0 00:00:12, Sys 0 00:00:02  -  Total Remote Usage
		Usr 0 00:00:00, Sys 0 00:00:00  -  Total Local Usage
	0  -  Run Bytes Sent By Job
	0  -  Run Bytes Received By Job
	0  -  Total Bytes Sent By Job
	0  -  Total Bytes Received By Job
	Partitionable Resources :    Usage  Request Allocated 
	   Cpus                 :                 1         1 
	   Disk (KB)            :        1        1    129249 
	   Memory (MB)          :      185     3900      3968 

	Job terminated of its own accord at 2022-03-28T11:02:53Z.
...
006 (126302.014.000) 2022-03-28 20:02:54 Image size of job updated: 691464
	184  -  MemoryUsage of job (MB)
	188132  -  ResidentSetSize of job (KB)
...
005 (126302.014.000) 2022-03-28 20:02:54 Job terminated.
	(1) Normal termination (return value 0)
		Usr 0 00:00:13, Sys 0 00:00:01  -  Run Remote Usage
		Usr 0 00:00:00, Sys 0 00:00:00  -  Run Local Usage
		Usr 0 00:00:13, Sys 0 00:00:01  -  Total Remote Usage
		Usr 0 00:00:00, Sys 0 00:00:00  -  Total Local Usage
	0  -  Run Bytes Sent By Job
	0  -  Run Bytes Received By Job
	0  -  Total Bytes Sent By Job
	0  -  Total Bytes Received By Job
	Partitionable Resources :    Usage  Request Allocated 
	   Cpus                 :                 1         1 
	   Disk (KB)            :        1        1    129249 
	   Memory (MB)          :      184     3900      3968 

	Job terminated of its own accord at 2022-03-28T11:02:54Z.
...
006 (126302.004.000) 2022-03-28 20:02:54 Image size of job updated: 693780
	180  -  MemoryUsage of job (MB)
	183692  -  ResidentSetSize of job (KB)
...
005 (126302.004.000) 2022-03-28 20:02:54 Job terminated.
	(1) Normal termination (return value 0)
		Usr 0 00:00:13, Sys 0 00:00:02  -  Run Remote Usage
		Usr 0 00:00:00, Sys 0 00:00:00  -  Run Local Usage
		Usr 0 00:00:13, Sys 0 00:00:02  -  Total Remote Usage
		Usr 0 00:00:00, Sys 0 00:00:00  -  Total Local Usage
	0  -  Run Bytes Sent By Job
	0  -  Run Bytes Received By Job
	0  -  Total Bytes Sent By Job
	0  -  Total Bytes Received By Job
	Partitionable Resources :    Usage  Request Allocated 
	   Cpus                 :                 1         1 
	   Disk (KB)            :        1        1    129249 
	   Memory (MB)          :      180     3900      3968 

	Job terminated of its own accord at 2022-03-28T11:02:54Z.
...
006 (126302.005.000) 2022-03-28 20:02:55 Image size of job updated: 693548
	184  -  MemoryUsage of job (MB)
	188132  -  ResidentSetSize of job (KB)
...
005 (126302.005.000) 2022-03-28 20:02:55 Job terminated.
	(1) Normal termination (return value 0)
		Usr 0 00:00:15, Sys 0 00:00:02  -  Run Remote Usage
		Usr 0 00:00:00, Sys 0 00:00:00  -  Run Local Usage
		Usr 0 00:00:15, Sys 0 00:00:02  -  Total Remote Usage
		Usr 0 00:00:00, Sys 0 00:00:00  -  Total Local Usage
	0  -  Run Bytes Sent By Job
	0  -  Run Bytes Received By Job
	0  -  Total Bytes Sent By Job
	0  -  Total Bytes Received By Job
	Partitionable Resources :    Usage  Request Allocated 
	   Cpus                 :                 1         1 
	   Disk (KB)            :        1        1    129249 
	   Memory (MB)          :      184     3900      3968 

	Job terminated of its own accord at 2022-03-28T11:02:55Z.
...
006 (126302.017.000) 2022-03-28 20:02:58 Image size of job updated: 691732
	184  -  MemoryUsage of job (MB)
	188124  -  ResidentSetSize of job (KB)
...
005 (126302.017.000) 2022-03-28 20:02:58 Job terminated.
	(1) Normal termination (return value 0)
		Usr 0 00:00:17, Sys 0 00:00:02  -  Run Remote Usage
		Usr 0 00:00:00, Sys 0 00:00:00  -  Run Local Usage
		Usr 0 00:00:17, Sys 0 00:00:02  -  Total Remote Usage
		Usr 0 00:00:00, Sys 0 00:00:00  -  Total Local Usage
	0  -  Run Bytes Sent By Job
	0  -  Run Bytes Received By Job
	0  -  Total Bytes Sent By Job
	0  -  Total Bytes Received By Job
	Partitionable Resources :    Usage  Request Allocated 
	   Cpus                 :                 1         1 
	   Disk (KB)            :        1        1    129249 
	   Memory (MB)          :      184     3900      3968 

	Job terminated of its own accord at 2022-03-28T11:02:58Z.
...
006 (126302.013.000) 2022-03-28 20:02:59 Image size of job updated: 691952
	184  -  MemoryUsage of job (MB)
	188132  -  ResidentSetSize of job (KB)
...
005 (126302.013.000) 2022-03-28 20:02:59 Job terminated.
	(1) Normal termination (return value 0)
		Usr 0 00:00:18, Sys 0 00:00:02  -  Run Remote Usage
		Usr 0 00:00:00, Sys 0 00:00:00  -  Run Local Usage
		Usr 0 00:00:18, Sys 0 00:00:02  -  Total Remote Usage
		Usr 0 00:00:00, Sys 0 00:00:00  -  Total Local Usage
	0  -  Run Bytes Sent By Job
	0  -  Run Bytes Received By Job
	0  -  Total Bytes Sent By Job
	0  -  Total Bytes Received By Job
	Partitionable Resources :    Usage  Request Allocated 
	   Cpus                 :                 1         1 
	   Disk (KB)            :        1        1    129249 
	   Memory (MB)          :      184     3900      3968 

	Job terminated of its own accord at 2022-03-28T11:02:59Z.
...
