000 (126794.000.000) 2022-03-30 13:39:56 Job submitted from host: <172.30.1.200:9618?addrs=172.30.1.200-9618&alias=tamsa2.snu.ac.kr&noUDP&sock=schedd_3154_f5cb>
...
000 (126794.001.000) 2022-03-30 13:39:56 Job submitted from host: <172.30.1.200:9618?addrs=172.30.1.200-9618&alias=tamsa2.snu.ac.kr&noUDP&sock=schedd_3154_f5cb>
...
000 (126794.002.000) 2022-03-30 13:39:56 Job submitted from host: <172.30.1.200:9618?addrs=172.30.1.200-9618&alias=tamsa2.snu.ac.kr&noUDP&sock=schedd_3154_f5cb>
...
000 (126794.003.000) 2022-03-30 13:39:56 Job submitted from host: <172.30.1.200:9618?addrs=172.30.1.200-9618&alias=tamsa2.snu.ac.kr&noUDP&sock=schedd_3154_f5cb>
...
000 (126794.004.000) 2022-03-30 13:39:56 Job submitted from host: <172.30.1.200:9618?addrs=172.30.1.200-9618&alias=tamsa2.snu.ac.kr&noUDP&sock=schedd_3154_f5cb>
...
000 (126794.005.000) 2022-03-30 13:39:56 Job submitted from host: <172.30.1.200:9618?addrs=172.30.1.200-9618&alias=tamsa2.snu.ac.kr&noUDP&sock=schedd_3154_f5cb>
...
000 (126794.006.000) 2022-03-30 13:39:56 Job submitted from host: <172.30.1.200:9618?addrs=172.30.1.200-9618&alias=tamsa2.snu.ac.kr&noUDP&sock=schedd_3154_f5cb>
...
000 (126794.007.000) 2022-03-30 13:39:56 Job submitted from host: <172.30.1.200:9618?addrs=172.30.1.200-9618&alias=tamsa2.snu.ac.kr&noUDP&sock=schedd_3154_f5cb>
...
000 (126794.008.000) 2022-03-30 13:39:56 Job submitted from host: <172.30.1.200:9618?addrs=172.30.1.200-9618&alias=tamsa2.snu.ac.kr&noUDP&sock=schedd_3154_f5cb>
...
000 (126794.009.000) 2022-03-30 13:39:56 Job submitted from host: <172.30.1.200:9618?addrs=172.30.1.200-9618&alias=tamsa2.snu.ac.kr&noUDP&sock=schedd_3154_f5cb>
...
000 (126794.010.000) 2022-03-30 13:39:56 Job submitted from host: <172.30.1.200:9618?addrs=172.30.1.200-9618&alias=tamsa2.snu.ac.kr&noUDP&sock=schedd_3154_f5cb>
...
000 (126794.011.000) 2022-03-30 13:39:56 Job submitted from host: <172.30.1.200:9618?addrs=172.30.1.200-9618&alias=tamsa2.snu.ac.kr&noUDP&sock=schedd_3154_f5cb>
...
000 (126794.012.000) 2022-03-30 13:39:56 Job submitted from host: <172.30.1.200:9618?addrs=172.30.1.200-9618&alias=tamsa2.snu.ac.kr&noUDP&sock=schedd_3154_f5cb>
...
000 (126794.013.000) 2022-03-30 13:39:56 Job submitted from host: <172.30.1.200:9618?addrs=172.30.1.200-9618&alias=tamsa2.snu.ac.kr&noUDP&sock=schedd_3154_f5cb>
...
000 (126794.014.000) 2022-03-30 13:39:56 Job submitted from host: <172.30.1.200:9618?addrs=172.30.1.200-9618&alias=tamsa2.snu.ac.kr&noUDP&sock=schedd_3154_f5cb>
...
000 (126794.015.000) 2022-03-30 13:39:56 Job submitted from host: <172.30.1.200:9618?addrs=172.30.1.200-9618&alias=tamsa2.snu.ac.kr&noUDP&sock=schedd_3154_f5cb>
...
000 (126794.016.000) 2022-03-30 13:39:56 Job submitted from host: <172.30.1.200:9618?addrs=172.30.1.200-9618&alias=tamsa2.snu.ac.kr&noUDP&sock=schedd_3154_f5cb>
...
000 (126794.017.000) 2022-03-30 13:39:56 Job submitted from host: <172.30.1.200:9618?addrs=172.30.1.200-9618&alias=tamsa2.snu.ac.kr&noUDP&sock=schedd_3154_f5cb>
...
000 (126794.018.000) 2022-03-30 13:39:56 Job submitted from host: <172.30.1.200:9618?addrs=172.30.1.200-9618&alias=tamsa2.snu.ac.kr&noUDP&sock=schedd_3154_f5cb>
...
000 (126794.019.000) 2022-03-30 13:39:56 Job submitted from host: <172.30.1.200:9618?addrs=172.30.1.200-9618&alias=tamsa2.snu.ac.kr&noUDP&sock=schedd_3154_f5cb>
...
001 (126794.017.000) 2022-03-30 13:40:03 Job executing on host: <172.30.1.206:9618?addrs=172.30.1.206-9618&alias=node6&noUDP&sock=startd_38667_ec9e>
...
001 (126794.018.000) 2022-03-30 13:40:03 Job executing on host: <172.30.1.206:9618?addrs=172.30.1.206-9618&alias=node6&noUDP&sock=startd_38667_ec9e>
...
001 (126794.019.000) 2022-03-30 13:40:03 Job executing on host: <172.30.1.206:9618?addrs=172.30.1.206-9618&alias=node6&noUDP&sock=startd_38667_ec9e>
...
001 (126794.000.000) 2022-03-30 13:40:04 Job executing on host: <172.30.1.205:9618?addrs=172.30.1.205-9618&alias=node5&noUDP&sock=startd_3654_eb26>
...
001 (126794.001.000) 2022-03-30 13:40:04 Job executing on host: <172.30.1.205:9618?addrs=172.30.1.205-9618&alias=node5&noUDP&sock=startd_3654_eb26>
...
001 (126794.002.000) 2022-03-30 13:40:04 Job executing on host: <172.30.1.205:9618?addrs=172.30.1.205-9618&alias=node5&noUDP&sock=startd_3654_eb26>
...
001 (126794.003.000) 2022-03-30 13:40:04 Job executing on host: <172.30.1.205:9618?addrs=172.30.1.205-9618&alias=node5&noUDP&sock=startd_3654_eb26>
...
001 (126794.004.000) 2022-03-30 13:40:04 Job executing on host: <172.30.1.205:9618?addrs=172.30.1.205-9618&alias=node5&noUDP&sock=startd_3654_eb26>
...
001 (126794.005.000) 2022-03-30 13:40:04 Job executing on host: <172.30.1.205:9618?addrs=172.30.1.205-9618&alias=node5&noUDP&sock=startd_3654_eb26>
...
001 (126794.006.000) 2022-03-30 13:40:04 Job executing on host: <172.30.1.205:9618?addrs=172.30.1.205-9618&alias=node5&noUDP&sock=startd_3654_eb26>
...
001 (126794.007.000) 2022-03-30 13:40:04 Job executing on host: <172.30.1.205:9618?addrs=172.30.1.205-9618&alias=node5&noUDP&sock=startd_3654_eb26>
...
001 (126794.008.000) 2022-03-30 13:40:05 Job executing on host: <172.30.1.205:9618?addrs=172.30.1.205-9618&alias=node5&noUDP&sock=startd_3654_eb26>
...
001 (126794.009.000) 2022-03-30 13:40:05 Job executing on host: <172.30.1.205:9618?addrs=172.30.1.205-9618&alias=node5&noUDP&sock=startd_3654_eb26>
...
001 (126794.010.000) 2022-03-30 13:40:05 Job executing on host: <172.30.1.205:9618?addrs=172.30.1.205-9618&alias=node5&noUDP&sock=startd_3654_eb26>
...
001 (126794.011.000) 2022-03-30 13:40:05 Job executing on host: <172.30.1.205:9618?addrs=172.30.1.205-9618&alias=node5&noUDP&sock=startd_3654_eb26>
...
001 (126794.012.000) 2022-03-30 13:40:05 Job executing on host: <172.30.1.205:9618?addrs=172.30.1.205-9618&alias=node5&noUDP&sock=startd_3654_eb26>
...
001 (126794.013.000) 2022-03-30 13:40:05 Job executing on host: <172.30.1.205:9618?addrs=172.30.1.205-9618&alias=node5&noUDP&sock=startd_3654_eb26>
...
001 (126794.014.000) 2022-03-30 13:40:05 Job executing on host: <172.30.1.205:9618?addrs=172.30.1.205-9618&alias=node5&noUDP&sock=startd_3654_eb26>
...
001 (126794.015.000) 2022-03-30 13:40:05 Job executing on host: <172.30.1.205:9618?addrs=172.30.1.205-9618&alias=node5&noUDP&sock=startd_3654_eb26>
...
001 (126794.016.000) 2022-03-30 13:40:05 Job executing on host: <172.30.1.205:9618?addrs=172.30.1.205-9618&alias=node5&noUDP&sock=startd_3654_eb26>
...
006 (126794.017.000) 2022-03-30 13:40:11 Image size of job updated: 226448
	183  -  MemoryUsage of job (MB)
	186932  -  ResidentSetSize of job (KB)
...
006 (126794.018.000) 2022-03-30 13:40:11 Image size of job updated: 226448
	183  -  MemoryUsage of job (MB)
	186932  -  ResidentSetSize of job (KB)
...
006 (126794.019.000) 2022-03-30 13:40:11 Image size of job updated: 226448
	183  -  MemoryUsage of job (MB)
	186932  -  ResidentSetSize of job (KB)
...
006 (126794.000.000) 2022-03-30 13:40:12 Image size of job updated: 618100
	177  -  MemoryUsage of job (MB)
	181028  -  ResidentSetSize of job (KB)
...
006 (126794.007.000) 2022-03-30 13:40:13 Image size of job updated: 610336
	182  -  MemoryUsage of job (MB)
	185644  -  ResidentSetSize of job (KB)
...
006 (126794.008.000) 2022-03-30 13:40:13 Image size of job updated: 618096
	183  -  MemoryUsage of job (MB)
	186452  -  ResidentSetSize of job (KB)
...
006 (126794.009.000) 2022-03-30 13:40:13 Image size of job updated: 618100
	183  -  MemoryUsage of job (MB)
	186464  -  ResidentSetSize of job (KB)
...
006 (126794.010.000) 2022-03-30 13:40:13 Image size of job updated: 618096
	183  -  MemoryUsage of job (MB)
	186448  -  ResidentSetSize of job (KB)
...
006 (126794.011.000) 2022-03-30 13:40:13 Image size of job updated: 525572
	175  -  MemoryUsage of job (MB)
	178696  -  ResidentSetSize of job (KB)
...
006 (126794.012.000) 2022-03-30 13:40:13 Image size of job updated: 618092
	183  -  MemoryUsage of job (MB)
	186448  -  ResidentSetSize of job (KB)
...
006 (126794.001.000) 2022-03-30 13:40:13 Image size of job updated: 618104
	183  -  MemoryUsage of job (MB)
	186468  -  ResidentSetSize of job (KB)
...
006 (126794.002.000) 2022-03-30 13:40:13 Image size of job updated: 610340
	183  -  MemoryUsage of job (MB)
	186448  -  ResidentSetSize of job (KB)
...
006 (126794.018.000) 2022-03-30 13:40:13 Image size of job updated: 670548
	183  -  MemoryUsage of job (MB)
	186932  -  ResidentSetSize of job (KB)
...
006 (126794.003.000) 2022-03-30 13:40:13 Image size of job updated: 618096
	183  -  MemoryUsage of job (MB)
	186460  -  ResidentSetSize of job (KB)
...
005 (126794.018.000) 2022-03-30 13:40:13 Job terminated.
	(1) Normal termination (return value 0)
		Usr 0 00:00:06, Sys 0 00:00:01  -  Run Remote Usage
		Usr 0 00:00:00, Sys 0 00:00:00  -  Run Local Usage
		Usr 0 00:00:06, Sys 0 00:00:01  -  Total Remote Usage
		Usr 0 00:00:00, Sys 0 00:00:00  -  Total Local Usage
	0  -  Run Bytes Sent By Job
	0  -  Run Bytes Received By Job
	0  -  Total Bytes Sent By Job
	0  -  Total Bytes Received By Job
	Partitionable Resources :    Usage  Request Allocated 
	   Cpus                 :                 1         1 
	   Disk (KB)            :        1        1     89980 
	   Memory (MB)          :      183     3900      3968 

	Job terminated of its own accord at 2022-03-30T04:40:13Z.
...
006 (126794.004.000) 2022-03-30 13:40:13 Image size of job updated: 610216
	183  -  MemoryUsage of job (MB)
	186460  -  ResidentSetSize of job (KB)
...
006 (126794.005.000) 2022-03-30 13:40:13 Image size of job updated: 618100
	183  -  MemoryUsage of job (MB)
	186456  -  ResidentSetSize of job (KB)
...
006 (126794.006.000) 2022-03-30 13:40:13 Image size of job updated: 618092
	183  -  MemoryUsage of job (MB)
	186444  -  ResidentSetSize of job (KB)
...
006 (126794.013.000) 2022-03-30 13:40:14 Image size of job updated: 544300
	183  -  MemoryUsage of job (MB)
	186460  -  ResidentSetSize of job (KB)
...
006 (126794.014.000) 2022-03-30 13:40:14 Image size of job updated: 618096
	183  -  MemoryUsage of job (MB)
	186996  -  ResidentSetSize of job (KB)
...
006 (126794.015.000) 2022-03-30 13:40:14 Image size of job updated: 525988
	183  -  MemoryUsage of job (MB)
	186456  -  ResidentSetSize of job (KB)
...
006 (126794.016.000) 2022-03-30 13:40:14 Image size of job updated: 544780
	183  -  MemoryUsage of job (MB)
	186460  -  ResidentSetSize of job (KB)
...
006 (126794.017.000) 2022-03-30 13:40:16 Image size of job updated: 658968
	183  -  MemoryUsage of job (MB)
	186932  -  ResidentSetSize of job (KB)
...
005 (126794.017.000) 2022-03-30 13:40:16 Job terminated.
	(1) Normal termination (return value 0)
		Usr 0 00:00:09, Sys 0 00:00:01  -  Run Remote Usage
		Usr 0 00:00:00, Sys 0 00:00:00  -  Run Local Usage
		Usr 0 00:00:09, Sys 0 00:00:01  -  Total Remote Usage
		Usr 0 00:00:00, Sys 0 00:00:00  -  Total Local Usage
	0  -  Run Bytes Sent By Job
	0  -  Run Bytes Received By Job
	0  -  Total Bytes Sent By Job
	0  -  Total Bytes Received By Job
	Partitionable Resources :    Usage  Request Allocated 
	   Cpus                 :                 1         1 
	   Disk (KB)            :        1        1     89980 
	   Memory (MB)          :      183     3900      3968 

	Job terminated of its own accord at 2022-03-30T04:40:16Z.
...
006 (126794.015.000) 2022-03-30 13:40:18 Image size of job updated: 682884
	183  -  MemoryUsage of job (MB)
	186456  -  ResidentSetSize of job (KB)
...
005 (126794.015.000) 2022-03-30 13:40:18 Job terminated.
	(1) Normal termination (return value 0)
		Usr 0 00:00:07, Sys 0 00:00:02  -  Run Remote Usage
		Usr 0 00:00:00, Sys 0 00:00:00  -  Run Local Usage
		Usr 0 00:00:07, Sys 0 00:00:02  -  Total Remote Usage
		Usr 0 00:00:00, Sys 0 00:00:00  -  Total Local Usage
	0  -  Run Bytes Sent By Job
	0  -  Run Bytes Received By Job
	0  -  Total Bytes Sent By Job
	0  -  Total Bytes Received By Job
	Partitionable Resources :    Usage  Request Allocated 
	   Cpus                 :                 1         1 
	   Disk (KB)            :        1        1    129249 
	   Memory (MB)          :      183     3900      3968 

	Job terminated of its own accord at 2022-03-30T04:40:18Z.
...
006 (126794.003.000) 2022-03-30 13:40:18 Image size of job updated: 688604
	183  -  MemoryUsage of job (MB)
	186460  -  ResidentSetSize of job (KB)
...
005 (126794.003.000) 2022-03-30 13:40:18 Job terminated.
	(1) Normal termination (return value 0)
		Usr 0 00:00:08, Sys 0 00:00:02  -  Run Remote Usage
		Usr 0 00:00:00, Sys 0 00:00:00  -  Run Local Usage
		Usr 0 00:00:08, Sys 0 00:00:02  -  Total Remote Usage
		Usr 0 00:00:00, Sys 0 00:00:00  -  Total Local Usage
	0  -  Run Bytes Sent By Job
	0  -  Run Bytes Received By Job
	0  -  Total Bytes Sent By Job
	0  -  Total Bytes Received By Job
	Partitionable Resources :    Usage  Request Allocated 
	   Cpus                 :                 1         1 
	   Disk (KB)            :        1        1    129249 
	   Memory (MB)          :      183     3900      3968 

	Job terminated of its own accord at 2022-03-30T04:40:18Z.
...
006 (126794.000.000) 2022-03-30 13:40:19 Image size of job updated: 689880
	177  -  MemoryUsage of job (MB)
	181028  -  ResidentSetSize of job (KB)
...
005 (126794.000.000) 2022-03-30 13:40:19 Job terminated.
	(1) Normal termination (return value 0)
		Usr 0 00:00:09, Sys 0 00:00:02  -  Run Remote Usage
		Usr 0 00:00:00, Sys 0 00:00:00  -  Run Local Usage
		Usr 0 00:00:09, Sys 0 00:00:02  -  Total Remote Usage
		Usr 0 00:00:00, Sys 0 00:00:00  -  Total Local Usage
	0  -  Run Bytes Sent By Job
	0  -  Run Bytes Received By Job
	0  -  Total Bytes Sent By Job
	0  -  Total Bytes Received By Job
	Partitionable Resources :    Usage  Request Allocated 
	   Cpus                 :                 1         1 
	   Disk (KB)            :        1        1    129249 
	   Memory (MB)          :      177     3900      3968 

	Job terminated of its own accord at 2022-03-30T04:40:19Z.
...
006 (126794.006.000) 2022-03-30 13:40:20 Image size of job updated: 688632
	183  -  MemoryUsage of job (MB)
	186444  -  ResidentSetSize of job (KB)
...
005 (126794.006.000) 2022-03-30 13:40:20 Job terminated.
	(1) Normal termination (return value 0)
		Usr 0 00:00:10, Sys 0 00:00:02  -  Run Remote Usage
		Usr 0 00:00:00, Sys 0 00:00:00  -  Run Local Usage
		Usr 0 00:00:10, Sys 0 00:00:02  -  Total Remote Usage
		Usr 0 00:00:00, Sys 0 00:00:00  -  Total Local Usage
	0  -  Run Bytes Sent By Job
	0  -  Run Bytes Received By Job
	0  -  Total Bytes Sent By Job
	0  -  Total Bytes Received By Job
	Partitionable Resources :    Usage  Request Allocated 
	   Cpus                 :                 1         1 
	   Disk (KB)            :        1        1    129249 
	   Memory (MB)          :      183     3900      3968 

	Job terminated of its own accord at 2022-03-30T04:40:20Z.
...
006 (126794.014.000) 2022-03-30 13:40:21 Image size of job updated: 690020
	183  -  MemoryUsage of job (MB)
	186996  -  ResidentSetSize of job (KB)
...
005 (126794.014.000) 2022-03-30 13:40:21 Job terminated.
	(1) Normal termination (return value 0)
		Usr 0 00:00:11, Sys 0 00:00:01  -  Run Remote Usage
		Usr 0 00:00:00, Sys 0 00:00:00  -  Run Local Usage
		Usr 0 00:00:11, Sys 0 00:00:01  -  Total Remote Usage
		Usr 0 00:00:00, Sys 0 00:00:00  -  Total Local Usage
	0  -  Run Bytes Sent By Job
	0  -  Run Bytes Received By Job
	0  -  Total Bytes Sent By Job
	0  -  Total Bytes Received By Job
	Partitionable Resources :    Usage  Request Allocated 
	   Cpus                 :                 1         1 
	   Disk (KB)            :        1        1    129249 
	   Memory (MB)          :      183     3900      3968 

	Job terminated of its own accord at 2022-03-30T04:40:21Z.
...
006 (126794.002.000) 2022-03-30 13:40:21 Image size of job updated: 688644
	183  -  MemoryUsage of job (MB)
	186448  -  ResidentSetSize of job (KB)
...
005 (126794.002.000) 2022-03-30 13:40:21 Job terminated.
	(1) Normal termination (return value 0)
		Usr 0 00:00:11, Sys 0 00:00:02  -  Run Remote Usage
		Usr 0 00:00:00, Sys 0 00:00:00  -  Run Local Usage
		Usr 0 00:00:11, Sys 0 00:00:02  -  Total Remote Usage
		Usr 0 00:00:00, Sys 0 00:00:00  -  Total Local Usage
	0  -  Run Bytes Sent By Job
	0  -  Run Bytes Received By Job
	0  -  Total Bytes Sent By Job
	0  -  Total Bytes Received By Job
	Partitionable Resources :    Usage  Request Allocated 
	   Cpus                 :                 1         1 
	   Disk (KB)            :        1        1    129249 
	   Memory (MB)          :      183     3900      3968 

	Job terminated of its own accord at 2022-03-30T04:40:21Z.
...
006 (126794.011.000) 2022-03-30 13:40:22 Image size of job updated: 689936
	175  -  MemoryUsage of job (MB)
	178720  -  ResidentSetSize of job (KB)
...
005 (126794.011.000) 2022-03-30 13:40:22 Job terminated.
	(1) Normal termination (return value 0)
		Usr 0 00:00:11, Sys 0 00:00:02  -  Run Remote Usage
		Usr 0 00:00:00, Sys 0 00:00:00  -  Run Local Usage
		Usr 0 00:00:11, Sys 0 00:00:02  -  Total Remote Usage
		Usr 0 00:00:00, Sys 0 00:00:00  -  Total Local Usage
	0  -  Run Bytes Sent By Job
	0  -  Run Bytes Received By Job
	0  -  Total Bytes Sent By Job
	0  -  Total Bytes Received By Job
	Partitionable Resources :    Usage  Request Allocated 
	   Cpus                 :                 1         1 
	   Disk (KB)            :        1        1    129249 
	   Memory (MB)          :      175     3900      3968 

	Job terminated of its own accord at 2022-03-30T04:40:22Z.
...
006 (126794.007.000) 2022-03-30 13:40:22 Image size of job updated: 689872
	182  -  MemoryUsage of job (MB)
	185644  -  ResidentSetSize of job (KB)
...
005 (126794.007.000) 2022-03-30 13:40:22 Job terminated.
	(1) Normal termination (return value 0)
		Usr 0 00:00:12, Sys 0 00:00:01  -  Run Remote Usage
		Usr 0 00:00:00, Sys 0 00:00:00  -  Run Local Usage
		Usr 0 00:00:12, Sys 0 00:00:01  -  Total Remote Usage
		Usr 0 00:00:00, Sys 0 00:00:00  -  Total Local Usage
	0  -  Run Bytes Sent By Job
	0  -  Run Bytes Received By Job
	0  -  Total Bytes Sent By Job
	0  -  Total Bytes Received By Job
	Partitionable Resources :    Usage  Request Allocated 
	   Cpus                 :                 1         1 
	   Disk (KB)            :        1        1    129249 
	   Memory (MB)          :      182     3900      3968 

	Job terminated of its own accord at 2022-03-30T04:40:22Z.
...
006 (126794.008.000) 2022-03-30 13:40:22 Image size of job updated: 690200
	183  -  MemoryUsage of job (MB)
	186452  -  ResidentSetSize of job (KB)
...
005 (126794.008.000) 2022-03-30 13:40:22 Job terminated.
	(1) Normal termination (return value 0)
		Usr 0 00:00:12, Sys 0 00:00:01  -  Run Remote Usage
		Usr 0 00:00:00, Sys 0 00:00:00  -  Run Local Usage
		Usr 0 00:00:12, Sys 0 00:00:01  -  Total Remote Usage
		Usr 0 00:00:00, Sys 0 00:00:00  -  Total Local Usage
	0  -  Run Bytes Sent By Job
	0  -  Run Bytes Received By Job
	0  -  Total Bytes Sent By Job
	0  -  Total Bytes Received By Job
	Partitionable Resources :    Usage  Request Allocated 
	   Cpus                 :                 1         1 
	   Disk (KB)            :        1        1    129249 
	   Memory (MB)          :      183     3900      3968 

	Job terminated of its own accord at 2022-03-30T04:40:22Z.
...
006 (126794.005.000) 2022-03-30 13:40:23 Image size of job updated: 689688
	183  -  MemoryUsage of job (MB)
	186456  -  ResidentSetSize of job (KB)
...
005 (126794.005.000) 2022-03-30 13:40:23 Job terminated.
	(1) Normal termination (return value 0)
		Usr 0 00:00:13, Sys 0 00:00:01  -  Run Remote Usage
		Usr 0 00:00:00, Sys 0 00:00:00  -  Run Local Usage
		Usr 0 00:00:13, Sys 0 00:00:01  -  Total Remote Usage
		Usr 0 00:00:00, Sys 0 00:00:00  -  Total Local Usage
	0  -  Run Bytes Sent By Job
	0  -  Run Bytes Received By Job
	0  -  Total Bytes Sent By Job
	0  -  Total Bytes Received By Job
	Partitionable Resources :    Usage  Request Allocated 
	   Cpus                 :                 1         1 
	   Disk (KB)            :        1        1    129249 
	   Memory (MB)          :      183     3900      3968 

	Job terminated of its own accord at 2022-03-30T04:40:23Z.
...
006 (126794.016.000) 2022-03-30 13:40:24 Image size of job updated: 646248
	183  -  MemoryUsage of job (MB)
	186460  -  ResidentSetSize of job (KB)
...
005 (126794.016.000) 2022-03-30 13:40:24 Job terminated.
	(1) Normal termination (return value 0)
		Usr 0 00:00:13, Sys 0 00:00:02  -  Run Remote Usage
		Usr 0 00:00:00, Sys 0 00:00:00  -  Run Local Usage
		Usr 0 00:00:13, Sys 0 00:00:02  -  Total Remote Usage
		Usr 0 00:00:00, Sys 0 00:00:00  -  Total Local Usage
	0  -  Run Bytes Sent By Job
	0  -  Run Bytes Received By Job
	0  -  Total Bytes Sent By Job
	0  -  Total Bytes Received By Job
	Partitionable Resources :    Usage  Request Allocated 
	   Cpus                 :                 1         1 
	   Disk (KB)            :        1        1    129249 
	   Memory (MB)          :      183     3900      3968 

	Job terminated of its own accord at 2022-03-30T04:40:24Z.
...
006 (126794.001.000) 2022-03-30 13:40:25 Image size of job updated: 690148
	183  -  MemoryUsage of job (MB)
	186468  -  ResidentSetSize of job (KB)
...
005 (126794.001.000) 2022-03-30 13:40:25 Job terminated.
	(1) Normal termination (return value 0)
		Usr 0 00:00:14, Sys 0 00:00:02  -  Run Remote Usage
		Usr 0 00:00:00, Sys 0 00:00:00  -  Run Local Usage
		Usr 0 00:00:14, Sys 0 00:00:02  -  Total Remote Usage
		Usr 0 00:00:00, Sys 0 00:00:00  -  Total Local Usage
	0  -  Run Bytes Sent By Job
	0  -  Run Bytes Received By Job
	0  -  Total Bytes Sent By Job
	0  -  Total Bytes Received By Job
	Partitionable Resources :    Usage  Request Allocated 
	   Cpus                 :                 1         1 
	   Disk (KB)            :        1        1    129249 
	   Memory (MB)          :      183     3900      3968 

	Job terminated of its own accord at 2022-03-30T04:40:25Z.
...
006 (126794.009.000) 2022-03-30 13:40:25 Image size of job updated: 690016
	183  -  MemoryUsage of job (MB)
	186464  -  ResidentSetSize of job (KB)
...
005 (126794.009.000) 2022-03-30 13:40:25 Job terminated.
	(1) Normal termination (return value 0)
		Usr 0 00:00:15, Sys 0 00:00:01  -  Run Remote Usage
		Usr 0 00:00:00, Sys 0 00:00:00  -  Run Local Usage
		Usr 0 00:00:15, Sys 0 00:00:01  -  Total Remote Usage
		Usr 0 00:00:00, Sys 0 00:00:00  -  Total Local Usage
	0  -  Run Bytes Sent By Job
	0  -  Run Bytes Received By Job
	0  -  Total Bytes Sent By Job
	0  -  Total Bytes Received By Job
	Partitionable Resources :    Usage  Request Allocated 
	   Cpus                 :                 1         1 
	   Disk (KB)            :        1        1    129249 
	   Memory (MB)          :      183     3900      3968 

	Job terminated of its own accord at 2022-03-30T04:40:25Z.
...
006 (126794.019.000) 2022-03-30 13:40:25 Image size of job updated: 664924
	183  -  MemoryUsage of job (MB)
	186932  -  ResidentSetSize of job (KB)
...
005 (126794.019.000) 2022-03-30 13:40:25 Job terminated.
	(1) Normal termination (return value 0)
		Usr 0 00:00:18, Sys 0 00:00:02  -  Run Remote Usage
		Usr 0 00:00:00, Sys 0 00:00:00  -  Run Local Usage
		Usr 0 00:00:18, Sys 0 00:00:02  -  Total Remote Usage
		Usr 0 00:00:00, Sys 0 00:00:00  -  Total Local Usage
	0  -  Run Bytes Sent By Job
	0  -  Run Bytes Received By Job
	0  -  Total Bytes Sent By Job
	0  -  Total Bytes Received By Job
	Partitionable Resources :    Usage  Request Allocated 
	   Cpus                 :                 1         1 
	   Disk (KB)            :        1        1     89980 
	   Memory (MB)          :      183     3900      3968 

	Job terminated of its own accord at 2022-03-30T04:40:25Z.
...
006 (126794.004.000) 2022-03-30 13:40:25 Image size of job updated: 684992
	183  -  MemoryUsage of job (MB)
	186460  -  ResidentSetSize of job (KB)
...
005 (126794.004.000) 2022-03-30 13:40:25 Job terminated.
	(1) Normal termination (return value 0)
		Usr 0 00:00:15, Sys 0 00:00:01  -  Run Remote Usage
		Usr 0 00:00:00, Sys 0 00:00:00  -  Run Local Usage
		Usr 0 00:00:15, Sys 0 00:00:01  -  Total Remote Usage
		Usr 0 00:00:00, Sys 0 00:00:00  -  Total Local Usage
	0  -  Run Bytes Sent By Job
	0  -  Run Bytes Received By Job
	0  -  Total Bytes Sent By Job
	0  -  Total Bytes Received By Job
	Partitionable Resources :    Usage  Request Allocated 
	   Cpus                 :                 1         1 
	   Disk (KB)            :        1        1    129249 
	   Memory (MB)          :      183     3900      3968 

	Job terminated of its own accord at 2022-03-30T04:40:25Z.
...
006 (126794.010.000) 2022-03-30 13:40:27 Image size of job updated: 646248
	183  -  MemoryUsage of job (MB)
	186448  -  ResidentSetSize of job (KB)
...
005 (126794.010.000) 2022-03-30 13:40:27 Job terminated.
	(1) Normal termination (return value 0)
		Usr 0 00:00:16, Sys 0 00:00:01  -  Run Remote Usage
		Usr 0 00:00:00, Sys 0 00:00:00  -  Run Local Usage
		Usr 0 00:00:16, Sys 0 00:00:01  -  Total Remote Usage
		Usr 0 00:00:00, Sys 0 00:00:00  -  Total Local Usage
	0  -  Run Bytes Sent By Job
	0  -  Run Bytes Received By Job
	0  -  Total Bytes Sent By Job
	0  -  Total Bytes Received By Job
	Partitionable Resources :    Usage  Request Allocated 
	   Cpus                 :                 1         1 
	   Disk (KB)            :        1        1    129249 
	   Memory (MB)          :      183     3900      3968 

	Job terminated of its own accord at 2022-03-30T04:40:27Z.
...
006 (126794.013.000) 2022-03-30 13:40:30 Image size of job updated: 646256
	183  -  MemoryUsage of job (MB)
	186460  -  ResidentSetSize of job (KB)
...
005 (126794.013.000) 2022-03-30 13:40:30 Job terminated.
	(1) Normal termination (return value 0)
		Usr 0 00:00:19, Sys 0 00:00:02  -  Run Remote Usage
		Usr 0 00:00:00, Sys 0 00:00:00  -  Run Local Usage
		Usr 0 00:00:19, Sys 0 00:00:02  -  Total Remote Usage
		Usr 0 00:00:00, Sys 0 00:00:00  -  Total Local Usage
	0  -  Run Bytes Sent By Job
	0  -  Run Bytes Received By Job
	0  -  Total Bytes Sent By Job
	0  -  Total Bytes Received By Job
	Partitionable Resources :    Usage  Request Allocated 
	   Cpus                 :                 1         1 
	   Disk (KB)            :        1        1    129249 
	   Memory (MB)          :      183     3900      3968 

	Job terminated of its own accord at 2022-03-30T04:40:30Z.
...
006 (126794.012.000) 2022-03-30 13:40:31 Image size of job updated: 683324
	183  -  MemoryUsage of job (MB)
	186448  -  ResidentSetSize of job (KB)
...
005 (126794.012.000) 2022-03-30 13:40:31 Job terminated.
	(1) Normal termination (return value 0)
		Usr 0 00:00:20, Sys 0 00:00:01  -  Run Remote Usage
		Usr 0 00:00:00, Sys 0 00:00:00  -  Run Local Usage
		Usr 0 00:00:20, Sys 0 00:00:01  -  Total Remote Usage
		Usr 0 00:00:00, Sys 0 00:00:00  -  Total Local Usage
	0  -  Run Bytes Sent By Job
	0  -  Run Bytes Received By Job
	0  -  Total Bytes Sent By Job
	0  -  Total Bytes Received By Job
	Partitionable Resources :    Usage  Request Allocated 
	   Cpus                 :                 1         1 
	   Disk (KB)            :        1        1    129249 
	   Memory (MB)          :      183     3900      3968 

	Job terminated of its own accord at 2022-03-30T04:40:31Z.
...
000 (127739.000.000) 2022-03-31 12:11:47 Job submitted from host: <172.30.1.200:9618?addrs=172.30.1.200-9618&alias=tamsa2.snu.ac.kr&noUDP&sock=schedd_3154_f5cb>
...
000 (127739.001.000) 2022-03-31 12:11:47 Job submitted from host: <172.30.1.200:9618?addrs=172.30.1.200-9618&alias=tamsa2.snu.ac.kr&noUDP&sock=schedd_3154_f5cb>
...
000 (127739.002.000) 2022-03-31 12:11:47 Job submitted from host: <172.30.1.200:9618?addrs=172.30.1.200-9618&alias=tamsa2.snu.ac.kr&noUDP&sock=schedd_3154_f5cb>
...
000 (127739.003.000) 2022-03-31 12:11:47 Job submitted from host: <172.30.1.200:9618?addrs=172.30.1.200-9618&alias=tamsa2.snu.ac.kr&noUDP&sock=schedd_3154_f5cb>
...
000 (127739.004.000) 2022-03-31 12:11:47 Job submitted from host: <172.30.1.200:9618?addrs=172.30.1.200-9618&alias=tamsa2.snu.ac.kr&noUDP&sock=schedd_3154_f5cb>
...
000 (127739.005.000) 2022-03-31 12:11:47 Job submitted from host: <172.30.1.200:9618?addrs=172.30.1.200-9618&alias=tamsa2.snu.ac.kr&noUDP&sock=schedd_3154_f5cb>
...
000 (127739.006.000) 2022-03-31 12:11:47 Job submitted from host: <172.30.1.200:9618?addrs=172.30.1.200-9618&alias=tamsa2.snu.ac.kr&noUDP&sock=schedd_3154_f5cb>
...
000 (127739.007.000) 2022-03-31 12:11:47 Job submitted from host: <172.30.1.200:9618?addrs=172.30.1.200-9618&alias=tamsa2.snu.ac.kr&noUDP&sock=schedd_3154_f5cb>
...
000 (127739.008.000) 2022-03-31 12:11:47 Job submitted from host: <172.30.1.200:9618?addrs=172.30.1.200-9618&alias=tamsa2.snu.ac.kr&noUDP&sock=schedd_3154_f5cb>
...
000 (127739.009.000) 2022-03-31 12:11:47 Job submitted from host: <172.30.1.200:9618?addrs=172.30.1.200-9618&alias=tamsa2.snu.ac.kr&noUDP&sock=schedd_3154_f5cb>
...
000 (127739.010.000) 2022-03-31 12:11:47 Job submitted from host: <172.30.1.200:9618?addrs=172.30.1.200-9618&alias=tamsa2.snu.ac.kr&noUDP&sock=schedd_3154_f5cb>
...
000 (127739.011.000) 2022-03-31 12:11:47 Job submitted from host: <172.30.1.200:9618?addrs=172.30.1.200-9618&alias=tamsa2.snu.ac.kr&noUDP&sock=schedd_3154_f5cb>
...
000 (127739.012.000) 2022-03-31 12:11:47 Job submitted from host: <172.30.1.200:9618?addrs=172.30.1.200-9618&alias=tamsa2.snu.ac.kr&noUDP&sock=schedd_3154_f5cb>
...
000 (127739.013.000) 2022-03-31 12:11:47 Job submitted from host: <172.30.1.200:9618?addrs=172.30.1.200-9618&alias=tamsa2.snu.ac.kr&noUDP&sock=schedd_3154_f5cb>
...
000 (127739.014.000) 2022-03-31 12:11:47 Job submitted from host: <172.30.1.200:9618?addrs=172.30.1.200-9618&alias=tamsa2.snu.ac.kr&noUDP&sock=schedd_3154_f5cb>
...
000 (127739.015.000) 2022-03-31 12:11:47 Job submitted from host: <172.30.1.200:9618?addrs=172.30.1.200-9618&alias=tamsa2.snu.ac.kr&noUDP&sock=schedd_3154_f5cb>
...
000 (127739.016.000) 2022-03-31 12:11:47 Job submitted from host: <172.30.1.200:9618?addrs=172.30.1.200-9618&alias=tamsa2.snu.ac.kr&noUDP&sock=schedd_3154_f5cb>
...
000 (127739.017.000) 2022-03-31 12:11:47 Job submitted from host: <172.30.1.200:9618?addrs=172.30.1.200-9618&alias=tamsa2.snu.ac.kr&noUDP&sock=schedd_3154_f5cb>
...
000 (127739.018.000) 2022-03-31 12:11:47 Job submitted from host: <172.30.1.200:9618?addrs=172.30.1.200-9618&alias=tamsa2.snu.ac.kr&noUDP&sock=schedd_3154_f5cb>
...
000 (127739.019.000) 2022-03-31 12:11:47 Job submitted from host: <172.30.1.200:9618?addrs=172.30.1.200-9618&alias=tamsa2.snu.ac.kr&noUDP&sock=schedd_3154_f5cb>
...
001 (127739.001.000) 2022-03-31 12:11:57 Job executing on host: <172.30.1.207:9618?addrs=172.30.1.207-9618&alias=node7&noUDP&sock=startd_3626_b67f>
...
001 (127739.000.000) 2022-03-31 12:11:57 Job executing on host: <172.30.1.207:9618?addrs=172.30.1.207-9618&alias=node7&noUDP&sock=startd_3626_b67f>
...
001 (127739.002.000) 2022-03-31 12:11:57 Job executing on host: <172.30.1.207:9618?addrs=172.30.1.207-9618&alias=node7&noUDP&sock=startd_3626_b67f>
...
001 (127739.003.000) 2022-03-31 12:11:57 Job executing on host: <172.30.1.207:9618?addrs=172.30.1.207-9618&alias=node7&noUDP&sock=startd_3626_b67f>
...
001 (127739.004.000) 2022-03-31 12:11:57 Job executing on host: <172.30.1.207:9618?addrs=172.30.1.207-9618&alias=node7&noUDP&sock=startd_3626_b67f>
...
001 (127739.005.000) 2022-03-31 12:11:57 Job executing on host: <172.30.1.207:9618?addrs=172.30.1.207-9618&alias=node7&noUDP&sock=startd_3626_b67f>
...
001 (127739.006.000) 2022-03-31 12:11:57 Job executing on host: <172.30.1.207:9618?addrs=172.30.1.207-9618&alias=node7&noUDP&sock=startd_3626_b67f>
...
001 (127739.007.000) 2022-03-31 12:11:57 Job executing on host: <172.30.1.207:9618?addrs=172.30.1.207-9618&alias=node7&noUDP&sock=startd_3626_b67f>
...
001 (127739.008.000) 2022-03-31 12:11:57 Job executing on host: <172.30.1.207:9618?addrs=172.30.1.207-9618&alias=node7&noUDP&sock=startd_3626_b67f>
...
001 (127739.009.000) 2022-03-31 12:11:57 Job executing on host: <172.30.1.207:9618?addrs=172.30.1.207-9618&alias=node7&noUDP&sock=startd_3626_b67f>
...
001 (127739.010.000) 2022-03-31 12:11:57 Job executing on host: <172.30.1.207:9618?addrs=172.30.1.207-9618&alias=node7&noUDP&sock=startd_3626_b67f>
...
001 (127739.011.000) 2022-03-31 12:11:57 Job executing on host: <172.30.1.207:9618?addrs=172.30.1.207-9618&alias=node7&noUDP&sock=startd_3626_b67f>
...
001 (127739.013.000) 2022-03-31 12:11:58 Job executing on host: <172.30.1.207:9618?addrs=172.30.1.207-9618&alias=node7&noUDP&sock=startd_3626_b67f>
...
001 (127739.012.000) 2022-03-31 12:11:58 Job executing on host: <172.30.1.207:9618?addrs=172.30.1.207-9618&alias=node7&noUDP&sock=startd_3626_b67f>
...
001 (127739.014.000) 2022-03-31 12:11:58 Job executing on host: <172.30.1.207:9618?addrs=172.30.1.207-9618&alias=node7&noUDP&sock=startd_3626_b67f>
...
001 (127739.015.000) 2022-03-31 12:11:58 Job executing on host: <172.30.1.207:9618?addrs=172.30.1.207-9618&alias=node7&noUDP&sock=startd_3626_b67f>
...
001 (127739.016.000) 2022-03-31 12:11:58 Job executing on host: <172.30.1.207:9618?addrs=172.30.1.207-9618&alias=node7&noUDP&sock=startd_3626_b67f>
...
001 (127739.017.000) 2022-03-31 12:11:58 Job executing on host: <172.30.1.207:9618?addrs=172.30.1.207-9618&alias=node7&noUDP&sock=startd_3626_b67f>
...
001 (127739.018.000) 2022-03-31 12:11:58 Job executing on host: <172.30.1.207:9618?addrs=172.30.1.207-9618&alias=node7&noUDP&sock=startd_3626_b67f>
...
001 (127739.019.000) 2022-03-31 12:11:58 Job executing on host: <172.30.1.207:9618?addrs=172.30.1.207-9618&alias=node7&noUDP&sock=startd_3626_b67f>
...
006 (127739.001.000) 2022-03-31 12:12:05 Image size of job updated: 273140
	173  -  MemoryUsage of job (MB)
	176424  -  ResidentSetSize of job (KB)
...
006 (127739.000.000) 2022-03-31 12:12:05 Image size of job updated: 273140
	173  -  MemoryUsage of job (MB)
	176644  -  ResidentSetSize of job (KB)
...
006 (127739.002.000) 2022-03-31 12:12:05 Image size of job updated: 185840
	177  -  MemoryUsage of job (MB)
	181120  -  ResidentSetSize of job (KB)
...
006 (127739.003.000) 2022-03-31 12:12:05 Image size of job updated: 185840
	177  -  MemoryUsage of job (MB)
	181120  -  ResidentSetSize of job (KB)
...
006 (127739.004.000) 2022-03-31 12:12:05 Image size of job updated: 186976
	177  -  MemoryUsage of job (MB)
	181136  -  ResidentSetSize of job (KB)
...
006 (127739.013.000) 2022-03-31 12:12:06 Image size of job updated: 186328
	182  -  MemoryUsage of job (MB)
	185880  -  ResidentSetSize of job (KB)
...
006 (127739.012.000) 2022-03-31 12:12:06 Image size of job updated: 187604
	183  -  MemoryUsage of job (MB)
	186552  -  ResidentSetSize of job (KB)
...
006 (127739.014.000) 2022-03-31 12:12:06 Image size of job updated: 187276
	183  -  MemoryUsage of job (MB)
	186556  -  ResidentSetSize of job (KB)
...
006 (127739.015.000) 2022-03-31 12:12:06 Image size of job updated: 187776
	183  -  MemoryUsage of job (MB)
	186544  -  ResidentSetSize of job (KB)
...
006 (127739.016.000) 2022-03-31 12:12:06 Image size of job updated: 187456
	183  -  MemoryUsage of job (MB)
	186556  -  ResidentSetSize of job (KB)
...
006 (127739.017.000) 2022-03-31 12:12:06 Image size of job updated: 193092
	177  -  MemoryUsage of job (MB)
	181124  -  ResidentSetSize of job (KB)
...
006 (127739.005.000) 2022-03-31 12:12:06 Image size of job updated: 196032
	183  -  MemoryUsage of job (MB)
	186552  -  ResidentSetSize of job (KB)
...
006 (127739.006.000) 2022-03-31 12:12:06 Image size of job updated: 192688
	183  -  MemoryUsage of job (MB)
	186544  -  ResidentSetSize of job (KB)
...
006 (127739.007.000) 2022-03-31 12:12:06 Image size of job updated: 189248
	183  -  MemoryUsage of job (MB)
	186560  -  ResidentSetSize of job (KB)
...
006 (127739.008.000) 2022-03-31 12:12:06 Image size of job updated: 192296
	183  -  MemoryUsage of job (MB)
	186560  -  ResidentSetSize of job (KB)
...
006 (127739.009.000) 2022-03-31 12:12:06 Image size of job updated: 189968
	183  -  MemoryUsage of job (MB)
	186564  -  ResidentSetSize of job (KB)
...
006 (127739.010.000) 2022-03-31 12:12:06 Image size of job updated: 188936
	183  -  MemoryUsage of job (MB)
	186548  -  ResidentSetSize of job (KB)
...
006 (127739.011.000) 2022-03-31 12:12:06 Image size of job updated: 188604
	183  -  MemoryUsage of job (MB)
	186544  -  ResidentSetSize of job (KB)
...
006 (127739.018.000) 2022-03-31 12:12:07 Image size of job updated: 195544
	183  -  MemoryUsage of job (MB)
	186552  -  ResidentSetSize of job (KB)
...
006 (127739.019.000) 2022-03-31 12:12:07 Image size of job updated: 197068
	183  -  MemoryUsage of job (MB)
	186556  -  ResidentSetSize of job (KB)
...
006 (127739.014.000) 2022-03-31 12:12:10 Image size of job updated: 686736
	183  -  MemoryUsage of job (MB)
	186556  -  ResidentSetSize of job (KB)
...
005 (127739.014.000) 2022-03-31 12:12:10 Job terminated.
	(1) Normal termination (return value 0)
		Usr 0 00:00:06, Sys 0 00:00:01  -  Run Remote Usage
		Usr 0 00:00:00, Sys 0 00:00:00  -  Run Local Usage
		Usr 0 00:00:06, Sys 0 00:00:01  -  Total Remote Usage
		Usr 0 00:00:00, Sys 0 00:00:00  -  Total Local Usage
	0  -  Run Bytes Sent By Job
	0  -  Run Bytes Received By Job
	0  -  Total Bytes Sent By Job
	0  -  Total Bytes Received By Job
	Partitionable Resources :    Usage  Request Allocated 
	   Cpus                 :     0.01        1         1 
	   Disk (KB)            :     1           1    129249 
	   Memory (MB)          :   183        3900      3968 

	Job terminated of its own accord at 2022-03-31T03:12:10Z.
...
006 (127739.018.000) 2022-03-31 12:12:11 Image size of job updated: 686736
	183  -  MemoryUsage of job (MB)
	186552  -  ResidentSetSize of job (KB)
...
005 (127739.018.000) 2022-03-31 12:12:11 Job terminated.
	(1) Normal termination (return value 0)
		Usr 0 00:00:08, Sys 0 00:00:01  -  Run Remote Usage
		Usr 0 00:00:00, Sys 0 00:00:00  -  Run Local Usage
		Usr 0 00:00:08, Sys 0 00:00:01  -  Total Remote Usage
		Usr 0 00:00:00, Sys 0 00:00:00  -  Total Local Usage
	0  -  Run Bytes Sent By Job
	0  -  Run Bytes Received By Job
	0  -  Total Bytes Sent By Job
	0  -  Total Bytes Received By Job
	Partitionable Resources :    Usage  Request Allocated 
	   Cpus                 :        0        1         1 
	   Disk (KB)            :        1        1    129249 
	   Memory (MB)          :      183     3900      3968 

	Job terminated of its own accord at 2022-03-31T03:12:11Z.
...
006 (127739.013.000) 2022-03-31 12:12:12 Image size of job updated: 689540
	182  -  MemoryUsage of job (MB)
	185880  -  ResidentSetSize of job (KB)
...
005 (127739.013.000) 2022-03-31 12:12:12 Job terminated.
	(1) Normal termination (return value 0)
		Usr 0 00:00:09, Sys 0 00:00:01  -  Run Remote Usage
		Usr 0 00:00:00, Sys 0 00:00:00  -  Run Local Usage
		Usr 0 00:00:09, Sys 0 00:00:01  -  Total Remote Usage
		Usr 0 00:00:00, Sys 0 00:00:00  -  Total Local Usage
	0  -  Run Bytes Sent By Job
	0  -  Run Bytes Received By Job
	0  -  Total Bytes Sent By Job
	0  -  Total Bytes Received By Job
	Partitionable Resources :    Usage  Request Allocated 
	   Cpus                 :     0.01        1         1 
	   Disk (KB)            :     1           1    129249 
	   Memory (MB)          :   182        3900      3968 

	Job terminated of its own accord at 2022-03-31T03:12:12Z.
...
006 (127739.003.000) 2022-03-31 12:12:12 Image size of job updated: 684996
	177  -  MemoryUsage of job (MB)
	181120  -  ResidentSetSize of job (KB)
...
005 (127739.003.000) 2022-03-31 12:12:12 Job terminated.
	(1) Normal termination (return value 0)
		Usr 0 00:00:09, Sys 0 00:00:02  -  Run Remote Usage
		Usr 0 00:00:00, Sys 0 00:00:00  -  Run Local Usage
		Usr 0 00:00:09, Sys 0 00:00:02  -  Total Remote Usage
		Usr 0 00:00:00, Sys 0 00:00:00  -  Total Local Usage
	0  -  Run Bytes Sent By Job
	0  -  Run Bytes Received By Job
	0  -  Total Bytes Sent By Job
	0  -  Total Bytes Received By Job
	Partitionable Resources :    Usage  Request Allocated 
	   Cpus                 :     0.42        1         1 
	   Disk (KB)            :     1           1    129249 
	   Memory (MB)          :   177        3900      3968 

	Job terminated of its own accord at 2022-03-31T03:12:12Z.
...
006 (127739.017.000) 2022-03-31 12:12:12 Image size of job updated: 681636
	177  -  MemoryUsage of job (MB)
	181124  -  ResidentSetSize of job (KB)
...
006 (127739.006.000) 2022-03-31 12:12:13 Image size of job updated: 686840
	183  -  MemoryUsage of job (MB)
	186544  -  ResidentSetSize of job (KB)
...
005 (127739.017.000) 2022-03-31 12:12:13 Job terminated.
	(1) Normal termination (return value 0)
		Usr 0 00:00:08, Sys 0 00:00:02  -  Run Remote Usage
		Usr 0 00:00:00, Sys 0 00:00:00  -  Run Local Usage
		Usr 0 00:00:08, Sys 0 00:00:02  -  Total Remote Usage
		Usr 0 00:00:00, Sys 0 00:00:00  -  Total Local Usage
	0  -  Run Bytes Sent By Job
	0  -  Run Bytes Received By Job
	0  -  Total Bytes Sent By Job
	0  -  Total Bytes Received By Job
	Partitionable Resources :    Usage  Request Allocated 
	   Cpus                 :        0        1         1 
	   Disk (KB)            :        1        1    129249 
	   Memory (MB)          :      177     3900      3968 

	Job terminated of its own accord at 2022-03-31T03:12:12Z.
...
005 (127739.006.000) 2022-03-31 12:12:13 Job terminated.
	(1) Normal termination (return value 0)
		Usr 0 00:00:09, Sys 0 00:00:02  -  Run Remote Usage
		Usr 0 00:00:00, Sys 0 00:00:00  -  Run Local Usage
		Usr 0 00:00:09, Sys 0 00:00:02  -  Total Remote Usage
		Usr 0 00:00:00, Sys 0 00:00:00  -  Total Local Usage
	0  -  Run Bytes Sent By Job
	0  -  Run Bytes Received By Job
	0  -  Total Bytes Sent By Job
	0  -  Total Bytes Received By Job
	Partitionable Resources :    Usage  Request Allocated 
	   Cpus                 :     0.05        1         1 
	   Disk (KB)            :     1           1    129249 
	   Memory (MB)          :   183        3900      3968 

	Job terminated of its own accord at 2022-03-31T03:12:13Z.
...
006 (127739.000.000) 2022-03-31 12:12:13 Image size of job updated: 688640
	173  -  MemoryUsage of job (MB)
	176644  -  ResidentSetSize of job (KB)
...
005 (127739.000.000) 2022-03-31 12:12:13 Job terminated.
	(1) Normal termination (return value 0)
		Usr 0 00:00:10, Sys 0 00:00:02  -  Run Remote Usage
		Usr 0 00:00:00, Sys 0 00:00:00  -  Run Local Usage
		Usr 0 00:00:10, Sys 0 00:00:02  -  Total Remote Usage
		Usr 0 00:00:00, Sys 0 00:00:00  -  Total Local Usage
	0  -  Run Bytes Sent By Job
	0  -  Run Bytes Received By Job
	0  -  Total Bytes Sent By Job
	0  -  Total Bytes Received By Job
	Partitionable Resources :    Usage  Request Allocated 
	   Cpus                 :     0.44        1         1 
	   Disk (KB)            :     1           1    129249 
	   Memory (MB)          :   173        3900      3968 

	Job terminated of its own accord at 2022-03-31T03:12:13Z.
...
006 (127739.010.000) 2022-03-31 12:12:14 Image size of job updated: 659112
	183  -  MemoryUsage of job (MB)
	186548  -  ResidentSetSize of job (KB)
...
005 (127739.010.000) 2022-03-31 12:12:14 Job terminated.
	(1) Normal termination (return value 0)
		Usr 0 00:00:11, Sys 0 00:00:01  -  Run Remote Usage
		Usr 0 00:00:00, Sys 0 00:00:00  -  Run Local Usage
		Usr 0 00:00:11, Sys 0 00:00:01  -  Total Remote Usage
		Usr 0 00:00:00, Sys 0 00:00:00  -  Total Local Usage
	0  -  Run Bytes Sent By Job
	0  -  Run Bytes Received By Job
	0  -  Total Bytes Sent By Job
	0  -  Total Bytes Received By Job
	Partitionable Resources :    Usage  Request Allocated 
	   Cpus                 :        0        1         1 
	   Disk (KB)            :        1        1    129249 
	   Memory (MB)          :      183     3900      3968 

	Job terminated of its own accord at 2022-03-31T03:12:14Z.
...
006 (127739.019.000) 2022-03-31 12:12:14 Image size of job updated: 683872
	183  -  MemoryUsage of job (MB)
	186556  -  ResidentSetSize of job (KB)
...
005 (127739.019.000) 2022-03-31 12:12:14 Job terminated.
	(1) Normal termination (return value 0)
		Usr 0 00:00:10, Sys 0 00:00:02  -  Run Remote Usage
		Usr 0 00:00:00, Sys 0 00:00:00  -  Run Local Usage
		Usr 0 00:00:10, Sys 0 00:00:02  -  Total Remote Usage
		Usr 0 00:00:00, Sys 0 00:00:00  -  Total Local Usage
	0  -  Run Bytes Sent By Job
	0  -  Run Bytes Received By Job
	0  -  Total Bytes Sent By Job
	0  -  Total Bytes Received By Job
	Partitionable Resources :    Usage  Request Allocated 
	   Cpus                 :        0        1         1 
	   Disk (KB)            :        1        1    129249 
	   Memory (MB)          :      183     3900      3968 

	Job terminated of its own accord at 2022-03-31T03:12:14Z.
...
006 (127739.016.000) 2022-03-31 12:12:14 Image size of job updated: 689600
	183  -  MemoryUsage of job (MB)
	186556  -  ResidentSetSize of job (KB)
...
005 (127739.016.000) 2022-03-31 12:12:14 Job terminated.
	(1) Normal termination (return value 0)
		Usr 0 00:00:11, Sys 0 00:00:01  -  Run Remote Usage
		Usr 0 00:00:00, Sys 0 00:00:00  -  Run Local Usage
		Usr 0 00:00:11, Sys 0 00:00:01  -  Total Remote Usage
		Usr 0 00:00:00, Sys 0 00:00:00  -  Total Local Usage
	0  -  Run Bytes Sent By Job
	0  -  Run Bytes Received By Job
	0  -  Total Bytes Sent By Job
	0  -  Total Bytes Received By Job
	Partitionable Resources :    Usage  Request Allocated 
	   Cpus                 :        0        1         1 
	   Disk (KB)            :        1        1    129249 
	   Memory (MB)          :      183     3900      3968 

	Job terminated of its own accord at 2022-03-31T03:12:14Z.
...
006 (127739.011.000) 2022-03-31 12:12:14 Image size of job updated: 690068
	183  -  MemoryUsage of job (MB)
	186544  -  ResidentSetSize of job (KB)
...
005 (127739.011.000) 2022-03-31 12:12:14 Job terminated.
	(1) Normal termination (return value 0)
		Usr 0 00:00:11, Sys 0 00:00:01  -  Run Remote Usage
		Usr 0 00:00:00, Sys 0 00:00:00  -  Run Local Usage
		Usr 0 00:00:11, Sys 0 00:00:01  -  Total Remote Usage
		Usr 0 00:00:00, Sys 0 00:00:00  -  Total Local Usage
	0  -  Run Bytes Sent By Job
	0  -  Run Bytes Received By Job
	0  -  Total Bytes Sent By Job
	0  -  Total Bytes Received By Job
	Partitionable Resources :    Usage  Request Allocated 
	   Cpus                 :     0.02        1         1 
	   Disk (KB)            :     1           1    129249 
	   Memory (MB)          :   183        3900      3968 

	Job terminated of its own accord at 2022-03-31T03:12:14Z.
...
006 (127739.005.000) 2022-03-31 12:12:15 Image size of job updated: 685064
	183  -  MemoryUsage of job (MB)
	186552  -  ResidentSetSize of job (KB)
...
005 (127739.005.000) 2022-03-31 12:12:15 Job terminated.
	(1) Normal termination (return value 0)
		Usr 0 00:00:12, Sys 0 00:00:02  -  Run Remote Usage
		Usr 0 00:00:00, Sys 0 00:00:00  -  Run Local Usage
		Usr 0 00:00:12, Sys 0 00:00:02  -  Total Remote Usage
		Usr 0 00:00:00, Sys 0 00:00:00  -  Total Local Usage
	0  -  Run Bytes Sent By Job
	0  -  Run Bytes Received By Job
	0  -  Total Bytes Sent By Job
	0  -  Total Bytes Received By Job
	Partitionable Resources :    Usage  Request Allocated 
	   Cpus                 :     0.05        1         1 
	   Disk (KB)            :     1           1    129249 
	   Memory (MB)          :   183        3900      3968 

	Job terminated of its own accord at 2022-03-31T03:12:15Z.
...
006 (127739.007.000) 2022-03-31 12:12:15 Image size of job updated: 690044
	183  -  MemoryUsage of job (MB)
	186560  -  ResidentSetSize of job (KB)
...
005 (127739.007.000) 2022-03-31 12:12:15 Job terminated.
	(1) Normal termination (return value 0)
		Usr 0 00:00:12, Sys 0 00:00:01  -  Run Remote Usage
		Usr 0 00:00:00, Sys 0 00:00:00  -  Run Local Usage
		Usr 0 00:00:12, Sys 0 00:00:01  -  Total Remote Usage
		Usr 0 00:00:00, Sys 0 00:00:00  -  Total Local Usage
	0  -  Run Bytes Sent By Job
	0  -  Run Bytes Received By Job
	0  -  Total Bytes Sent By Job
	0  -  Total Bytes Received By Job
	Partitionable Resources :    Usage  Request Allocated 
	   Cpus                 :     0.03        1         1 
	   Disk (KB)            :     1           1    129249 
	   Memory (MB)          :   183        3900      3968 

	Job terminated of its own accord at 2022-03-31T03:12:15Z.
...
006 (127739.012.000) 2022-03-31 12:12:16 Image size of job updated: 646516
	183  -  MemoryUsage of job (MB)
	186552  -  ResidentSetSize of job (KB)
...
005 (127739.012.000) 2022-03-31 12:12:16 Job terminated.
	(1) Normal termination (return value 0)
		Usr 0 00:00:13, Sys 0 00:00:01  -  Run Remote Usage
		Usr 0 00:00:00, Sys 0 00:00:00  -  Run Local Usage
		Usr 0 00:00:13, Sys 0 00:00:01  -  Total Remote Usage
		Usr 0 00:00:00, Sys 0 00:00:00  -  Total Local Usage
	0  -  Run Bytes Sent By Job
	0  -  Run Bytes Received By Job
	0  -  Total Bytes Sent By Job
	0  -  Total Bytes Received By Job
	Partitionable Resources :    Usage  Request Allocated 
	   Cpus                 :        0        1         1 
	   Disk (KB)            :        1        1    129249 
	   Memory (MB)          :      183     3900      3968 

	Job terminated of its own accord at 2022-03-31T03:12:16Z.
...
006 (127739.008.000) 2022-03-31 12:12:16 Image size of job updated: 690160
	183  -  MemoryUsage of job (MB)
	186560  -  ResidentSetSize of job (KB)
...
005 (127739.008.000) 2022-03-31 12:12:16 Job terminated.
	(1) Normal termination (return value 0)
		Usr 0 00:00:13, Sys 0 00:00:01  -  Run Remote Usage
		Usr 0 00:00:00, Sys 0 00:00:00  -  Run Local Usage
		Usr 0 00:00:13, Sys 0 00:00:01  -  Total Remote Usage
		Usr 0 00:00:00, Sys 0 00:00:00  -  Total Local Usage
	0  -  Run Bytes Sent By Job
	0  -  Run Bytes Received By Job
	0  -  Total Bytes Sent By Job
	0  -  Total Bytes Received By Job
	Partitionable Resources :    Usage  Request Allocated 
	   Cpus                 :        0        1         1 
	   Disk (KB)            :        1        1    129249 
	   Memory (MB)          :      183     3900      3968 

	Job terminated of its own accord at 2022-03-31T03:12:16Z.
...
006 (127739.002.000) 2022-03-31 12:12:17 Image size of job updated: 690464
	177  -  MemoryUsage of job (MB)
	181120  -  ResidentSetSize of job (KB)
...
005 (127739.002.000) 2022-03-31 12:12:17 Job terminated.
	(1) Normal termination (return value 0)
		Usr 0 00:00:13, Sys 0 00:00:01  -  Run Remote Usage
		Usr 0 00:00:00, Sys 0 00:00:00  -  Run Local Usage
		Usr 0 00:00:13, Sys 0 00:00:01  -  Total Remote Usage
		Usr 0 00:00:00, Sys 0 00:00:00  -  Total Local Usage
	0  -  Run Bytes Sent By Job
	0  -  Run Bytes Received By Job
	0  -  Total Bytes Sent By Job
	0  -  Total Bytes Received By Job
	Partitionable Resources :    Usage  Request Allocated 
	   Cpus                 :     0.44        1         1 
	   Disk (KB)            :     1           1    129249 
	   Memory (MB)          :   177        3900      3968 

	Job terminated of its own accord at 2022-03-31T03:12:17Z.
...
006 (127739.015.000) 2022-03-31 12:12:17 Image size of job updated: 664616
	183  -  MemoryUsage of job (MB)
	186544  -  ResidentSetSize of job (KB)
...
006 (127739.004.000) 2022-03-31 12:12:17 Image size of job updated: 691312
	177  -  MemoryUsage of job (MB)
	181136  -  ResidentSetSize of job (KB)
...
005 (127739.015.000) 2022-03-31 12:12:17 Job terminated.
	(1) Normal termination (return value 0)
		Usr 0 00:00:14, Sys 0 00:00:01  -  Run Remote Usage
		Usr 0 00:00:00, Sys 0 00:00:00  -  Run Local Usage
		Usr 0 00:00:14, Sys 0 00:00:01  -  Total Remote Usage
		Usr 0 00:00:00, Sys 0 00:00:00  -  Total Local Usage
	0  -  Run Bytes Sent By Job
	0  -  Run Bytes Received By Job
	0  -  Total Bytes Sent By Job
	0  -  Total Bytes Received By Job
	Partitionable Resources :    Usage  Request Allocated 
	   Cpus                 :        0        1         1 
	   Disk (KB)            :        1        1    129249 
	   Memory (MB)          :      183     3900      3968 

	Job terminated of its own accord at 2022-03-31T03:12:17Z.
...
005 (127739.004.000) 2022-03-31 12:12:17 Job terminated.
	(1) Normal termination (return value 0)
		Usr 0 00:00:14, Sys 0 00:00:02  -  Run Remote Usage
		Usr 0 00:00:00, Sys 0 00:00:00  -  Run Local Usage
		Usr 0 00:00:14, Sys 0 00:00:02  -  Total Remote Usage
		Usr 0 00:00:00, Sys 0 00:00:00  -  Total Local Usage
	0  -  Run Bytes Sent By Job
	0  -  Run Bytes Received By Job
	0  -  Total Bytes Sent By Job
	0  -  Total Bytes Received By Job
	Partitionable Resources :    Usage  Request Allocated 
	   Cpus                 :     0.43        1         1 
	   Disk (KB)            :     1           1    129249 
	   Memory (MB)          :   177        3900      3968 

	Job terminated of its own accord at 2022-03-31T03:12:17Z.
...
006 (127739.009.000) 2022-03-31 12:12:18 Image size of job updated: 690056
	183  -  MemoryUsage of job (MB)
	186564  -  ResidentSetSize of job (KB)
...
005 (127739.009.000) 2022-03-31 12:12:18 Job terminated.
	(1) Normal termination (return value 0)
		Usr 0 00:00:15, Sys 0 00:00:01  -  Run Remote Usage
		Usr 0 00:00:00, Sys 0 00:00:00  -  Run Local Usage
		Usr 0 00:00:15, Sys 0 00:00:01  -  Total Remote Usage
		Usr 0 00:00:00, Sys 0 00:00:00  -  Total Local Usage
	0  -  Run Bytes Sent By Job
	0  -  Run Bytes Received By Job
	0  -  Total Bytes Sent By Job
	0  -  Total Bytes Received By Job
	Partitionable Resources :    Usage  Request Allocated 
	   Cpus                 :        0        1         1 
	   Disk (KB)            :        1        1    129249 
	   Memory (MB)          :      183     3900      3968 

	Job terminated of its own accord at 2022-03-31T03:12:18Z.
...
006 (127739.001.000) 2022-03-31 12:12:19 Image size of job updated: 690188
	173  -  MemoryUsage of job (MB)
	176424  -  ResidentSetSize of job (KB)
...
005 (127739.001.000) 2022-03-31 12:12:19 Job terminated.
	(1) Normal termination (return value 0)
		Usr 0 00:00:16, Sys 0 00:00:01  -  Run Remote Usage
		Usr 0 00:00:00, Sys 0 00:00:00  -  Run Local Usage
		Usr 0 00:00:16, Sys 0 00:00:01  -  Total Remote Usage
		Usr 0 00:00:00, Sys 0 00:00:00  -  Total Local Usage
	0  -  Run Bytes Sent By Job
	0  -  Run Bytes Received By Job
	0  -  Total Bytes Sent By Job
	0  -  Total Bytes Received By Job
	Partitionable Resources :    Usage  Request Allocated 
	   Cpus                 :     0.44        1         1 
	   Disk (KB)            :     1           1    129249 
	   Memory (MB)          :   173        3900      3968 

	Job terminated of its own accord at 2022-03-31T03:12:19Z.
...
000 (127838.000.000) 2022-03-31 15:11:47 Job submitted from host: <172.30.1.200:9618?addrs=172.30.1.200-9618&alias=tamsa2.snu.ac.kr&noUDP&sock=schedd_3154_f5cb>
...
000 (127838.001.000) 2022-03-31 15:11:47 Job submitted from host: <172.30.1.200:9618?addrs=172.30.1.200-9618&alias=tamsa2.snu.ac.kr&noUDP&sock=schedd_3154_f5cb>
...
000 (127838.002.000) 2022-03-31 15:11:47 Job submitted from host: <172.30.1.200:9618?addrs=172.30.1.200-9618&alias=tamsa2.snu.ac.kr&noUDP&sock=schedd_3154_f5cb>
...
000 (127838.003.000) 2022-03-31 15:11:47 Job submitted from host: <172.30.1.200:9618?addrs=172.30.1.200-9618&alias=tamsa2.snu.ac.kr&noUDP&sock=schedd_3154_f5cb>
...
000 (127838.004.000) 2022-03-31 15:11:47 Job submitted from host: <172.30.1.200:9618?addrs=172.30.1.200-9618&alias=tamsa2.snu.ac.kr&noUDP&sock=schedd_3154_f5cb>
...
000 (127838.005.000) 2022-03-31 15:11:47 Job submitted from host: <172.30.1.200:9618?addrs=172.30.1.200-9618&alias=tamsa2.snu.ac.kr&noUDP&sock=schedd_3154_f5cb>
...
000 (127838.006.000) 2022-03-31 15:11:47 Job submitted from host: <172.30.1.200:9618?addrs=172.30.1.200-9618&alias=tamsa2.snu.ac.kr&noUDP&sock=schedd_3154_f5cb>
...
000 (127838.007.000) 2022-03-31 15:11:47 Job submitted from host: <172.30.1.200:9618?addrs=172.30.1.200-9618&alias=tamsa2.snu.ac.kr&noUDP&sock=schedd_3154_f5cb>
...
000 (127838.008.000) 2022-03-31 15:11:47 Job submitted from host: <172.30.1.200:9618?addrs=172.30.1.200-9618&alias=tamsa2.snu.ac.kr&noUDP&sock=schedd_3154_f5cb>
...
000 (127838.009.000) 2022-03-31 15:11:47 Job submitted from host: <172.30.1.200:9618?addrs=172.30.1.200-9618&alias=tamsa2.snu.ac.kr&noUDP&sock=schedd_3154_f5cb>
...
000 (127838.010.000) 2022-03-31 15:11:47 Job submitted from host: <172.30.1.200:9618?addrs=172.30.1.200-9618&alias=tamsa2.snu.ac.kr&noUDP&sock=schedd_3154_f5cb>
...
000 (127838.011.000) 2022-03-31 15:11:47 Job submitted from host: <172.30.1.200:9618?addrs=172.30.1.200-9618&alias=tamsa2.snu.ac.kr&noUDP&sock=schedd_3154_f5cb>
...
000 (127838.012.000) 2022-03-31 15:11:47 Job submitted from host: <172.30.1.200:9618?addrs=172.30.1.200-9618&alias=tamsa2.snu.ac.kr&noUDP&sock=schedd_3154_f5cb>
...
000 (127838.013.000) 2022-03-31 15:11:47 Job submitted from host: <172.30.1.200:9618?addrs=172.30.1.200-9618&alias=tamsa2.snu.ac.kr&noUDP&sock=schedd_3154_f5cb>
...
000 (127838.014.000) 2022-03-31 15:11:47 Job submitted from host: <172.30.1.200:9618?addrs=172.30.1.200-9618&alias=tamsa2.snu.ac.kr&noUDP&sock=schedd_3154_f5cb>
...
000 (127838.015.000) 2022-03-31 15:11:47 Job submitted from host: <172.30.1.200:9618?addrs=172.30.1.200-9618&alias=tamsa2.snu.ac.kr&noUDP&sock=schedd_3154_f5cb>
...
000 (127838.016.000) 2022-03-31 15:11:47 Job submitted from host: <172.30.1.200:9618?addrs=172.30.1.200-9618&alias=tamsa2.snu.ac.kr&noUDP&sock=schedd_3154_f5cb>
...
000 (127838.017.000) 2022-03-31 15:11:47 Job submitted from host: <172.30.1.200:9618?addrs=172.30.1.200-9618&alias=tamsa2.snu.ac.kr&noUDP&sock=schedd_3154_f5cb>
...
000 (127838.018.000) 2022-03-31 15:11:47 Job submitted from host: <172.30.1.200:9618?addrs=172.30.1.200-9618&alias=tamsa2.snu.ac.kr&noUDP&sock=schedd_3154_f5cb>
...
000 (127838.019.000) 2022-03-31 15:11:47 Job submitted from host: <172.30.1.200:9618?addrs=172.30.1.200-9618&alias=tamsa2.snu.ac.kr&noUDP&sock=schedd_3154_f5cb>
...
001 (127838.001.000) 2022-03-31 15:12:44 Job executing on host: <172.30.1.209:9618?addrs=172.30.1.209-9618&alias=node9&noUDP&sock=startd_3623_a7b6>
...
001 (127838.000.000) 2022-03-31 15:12:44 Job executing on host: <172.30.1.206:9618?addrs=172.30.1.206-9618&alias=node6&noUDP&sock=startd_38667_ec9e>
...
001 (127838.002.000) 2022-03-31 15:12:44 Job executing on host: <172.30.1.209:9618?addrs=172.30.1.209-9618&alias=node9&noUDP&sock=startd_3623_a7b6>
...
001 (127838.003.000) 2022-03-31 15:12:44 Job executing on host: <172.30.1.209:9618?addrs=172.30.1.209-9618&alias=node9&noUDP&sock=startd_3623_a7b6>
...
001 (127838.004.000) 2022-03-31 15:12:44 Job executing on host: <172.30.1.209:9618?addrs=172.30.1.209-9618&alias=node9&noUDP&sock=startd_3623_a7b6>
...
001 (127838.005.000) 2022-03-31 15:12:44 Job executing on host: <172.30.1.209:9618?addrs=172.30.1.209-9618&alias=node9&noUDP&sock=startd_3623_a7b6>
...
001 (127838.006.000) 2022-03-31 15:12:44 Job executing on host: <172.30.1.209:9618?addrs=172.30.1.209-9618&alias=node9&noUDP&sock=startd_3623_a7b6>
...
001 (127838.007.000) 2022-03-31 15:12:44 Job executing on host: <172.30.1.209:9618?addrs=172.30.1.209-9618&alias=node9&noUDP&sock=startd_3623_a7b6>
...
001 (127838.008.000) 2022-03-31 15:12:44 Job executing on host: <172.30.1.209:9618?addrs=172.30.1.209-9618&alias=node9&noUDP&sock=startd_3623_a7b6>
...
001 (127838.009.000) 2022-03-31 15:12:44 Job executing on host: <172.30.1.209:9618?addrs=172.30.1.209-9618&alias=node9&noUDP&sock=startd_3623_a7b6>
...
001 (127838.010.000) 2022-03-31 15:12:45 Job executing on host: <172.30.1.209:9618?addrs=172.30.1.209-9618&alias=node9&noUDP&sock=startd_3623_a7b6>
...
001 (127838.011.000) 2022-03-31 15:12:45 Job executing on host: <172.30.1.209:9618?addrs=172.30.1.209-9618&alias=node9&noUDP&sock=startd_3623_a7b6>
...
001 (127838.012.000) 2022-03-31 15:12:45 Job executing on host: <172.30.1.209:9618?addrs=172.30.1.209-9618&alias=node9&noUDP&sock=startd_3623_a7b6>
...
001 (127838.013.000) 2022-03-31 15:12:45 Job executing on host: <172.30.1.209:9618?addrs=172.30.1.209-9618&alias=node9&noUDP&sock=startd_3623_a7b6>
...
001 (127838.014.000) 2022-03-31 15:12:45 Job executing on host: <172.30.1.209:9618?addrs=172.30.1.209-9618&alias=node9&noUDP&sock=startd_3623_a7b6>
...
006 (127838.001.000) 2022-03-31 15:12:52 Image size of job updated: 480216
	154  -  MemoryUsage of job (MB)
	156900  -  ResidentSetSize of job (KB)
...
006 (127838.000.000) 2022-03-31 15:12:52 Image size of job updated: 135028
	112  -  MemoryUsage of job (MB)
	114096  -  ResidentSetSize of job (KB)
...
006 (127838.002.000) 2022-03-31 15:12:52 Image size of job updated: 480076
	154  -  MemoryUsage of job (MB)
	157156  -  ResidentSetSize of job (KB)
...
006 (127838.009.000) 2022-03-31 15:12:53 Image size of job updated: 499640
	161  -  MemoryUsage of job (MB)
	164192  -  ResidentSetSize of job (KB)
...
006 (127838.010.000) 2022-03-31 15:12:53 Image size of job updated: 498272
	162  -  MemoryUsage of job (MB)
	164900  -  ResidentSetSize of job (KB)
...
006 (127838.011.000) 2022-03-31 15:12:53 Image size of job updated: 480216
	163  -  MemoryUsage of job (MB)
	166424  -  ResidentSetSize of job (KB)
...
006 (127838.012.000) 2022-03-31 15:12:53 Image size of job updated: 499448
	164  -  MemoryUsage of job (MB)
	167568  -  ResidentSetSize of job (KB)
...
006 (127838.003.000) 2022-03-31 15:12:53 Image size of job updated: 499448
	165  -  MemoryUsage of job (MB)
	168688  -  ResidentSetSize of job (KB)
...
006 (127838.004.000) 2022-03-31 15:12:53 Image size of job updated: 499448
	170  -  MemoryUsage of job (MB)
	173580  -  ResidentSetSize of job (KB)
...
006 (127838.005.000) 2022-03-31 15:12:53 Image size of job updated: 480076
	172  -  MemoryUsage of job (MB)
	175316  -  ResidentSetSize of job (KB)
...
006 (127838.006.000) 2022-03-31 15:12:53 Image size of job updated: 499772
	174  -  MemoryUsage of job (MB)
	177484  -  ResidentSetSize of job (KB)
...
006 (127838.007.000) 2022-03-31 15:12:53 Image size of job updated: 480076
	175  -  MemoryUsage of job (MB)
	178332  -  ResidentSetSize of job (KB)
...
006 (127838.008.000) 2022-03-31 15:12:53 Image size of job updated: 499444
	177  -  MemoryUsage of job (MB)
	180360  -  ResidentSetSize of job (KB)
...
006 (127838.013.000) 2022-03-31 15:12:54 Image size of job updated: 480076
	181  -  MemoryUsage of job (MB)
	184436  -  ResidentSetSize of job (KB)
...
006 (127838.014.000) 2022-03-31 15:12:54 Image size of job updated: 499640
	181  -  MemoryUsage of job (MB)
	184464  -  ResidentSetSize of job (KB)
...
006 (127838.008.000) 2022-03-31 15:13:02 Image size of job updated: 687128
	177  -  MemoryUsage of job (MB)
	180360  -  ResidentSetSize of job (KB)
...
005 (127838.008.000) 2022-03-31 15:13:02 Job terminated.
	(1) Normal termination (return value 0)
		Usr 0 00:00:09, Sys 0 00:00:02  -  Run Remote Usage
		Usr 0 00:00:00, Sys 0 00:00:00  -  Run Local Usage
		Usr 0 00:00:09, Sys 0 00:00:02  -  Total Remote Usage
		Usr 0 00:00:00, Sys 0 00:00:00  -  Total Local Usage
	0  -  Run Bytes Sent By Job
	0  -  Run Bytes Received By Job
	0  -  Total Bytes Sent By Job
	0  -  Total Bytes Received By Job
	Partitionable Resources :    Usage  Request Allocated 
	   Cpus                 :                 1         1 
	   Disk (KB)            :        1        1    129249 
	   Memory (MB)          :      177     3900      3968 

	Job terminated of its own accord at 2022-03-31T06:13:02Z.
...
006 (127838.001.000) 2022-03-31 15:13:02 Image size of job updated: 690688
	154  -  MemoryUsage of job (MB)
	156900  -  ResidentSetSize of job (KB)
...
005 (127838.001.000) 2022-03-31 15:13:02 Job terminated.
	(1) Normal termination (return value 0)
		Usr 0 00:00:09, Sys 0 00:00:02  -  Run Remote Usage
		Usr 0 00:00:00, Sys 0 00:00:00  -  Run Local Usage
		Usr 0 00:00:09, Sys 0 00:00:02  -  Total Remote Usage
		Usr 0 00:00:00, Sys 0 00:00:00  -  Total Local Usage
	0  -  Run Bytes Sent By Job
	0  -  Run Bytes Received By Job
	0  -  Total Bytes Sent By Job
	0  -  Total Bytes Received By Job
	Partitionable Resources :    Usage  Request Allocated 
	   Cpus                 :                 1         1 
	   Disk (KB)            :        1        1    129249 
	   Memory (MB)          :      154     3900      3968 

	Job terminated of its own accord at 2022-03-31T06:13:02Z.
...
006 (127838.011.000) 2022-03-31 15:13:04 Image size of job updated: 692292
	163  -  MemoryUsage of job (MB)
	166424  -  ResidentSetSize of job (KB)
...
005 (127838.011.000) 2022-03-31 15:13:04 Job terminated.
	(1) Normal termination (return value 0)
		Usr 0 00:00:11, Sys 0 00:00:02  -  Run Remote Usage
		Usr 0 00:00:00, Sys 0 00:00:00  -  Run Local Usage
		Usr 0 00:00:11, Sys 0 00:00:02  -  Total Remote Usage
		Usr 0 00:00:00, Sys 0 00:00:00  -  Total Local Usage
	0  -  Run Bytes Sent By Job
	0  -  Run Bytes Received By Job
	0  -  Total Bytes Sent By Job
	0  -  Total Bytes Received By Job
	Partitionable Resources :    Usage  Request Allocated 
	   Cpus                 :                 1         1 
	   Disk (KB)            :        1        1    129249 
	   Memory (MB)          :      163     3900      3968 

	Job terminated of its own accord at 2022-03-31T06:13:04Z.
...
006 (127838.010.000) 2022-03-31 15:13:04 Image size of job updated: 692180
	162  -  MemoryUsage of job (MB)
	164912  -  ResidentSetSize of job (KB)
...
005 (127838.010.000) 2022-03-31 15:13:04 Job terminated.
	(1) Normal termination (return value 0)
		Usr 0 00:00:11, Sys 0 00:00:02  -  Run Remote Usage
		Usr 0 00:00:00, Sys 0 00:00:00  -  Run Local Usage
		Usr 0 00:00:11, Sys 0 00:00:02  -  Total Remote Usage
		Usr 0 00:00:00, Sys 0 00:00:00  -  Total Local Usage
	0  -  Run Bytes Sent By Job
	0  -  Run Bytes Received By Job
	0  -  Total Bytes Sent By Job
	0  -  Total Bytes Received By Job
	Partitionable Resources :    Usage  Request Allocated 
	   Cpus                 :                 1         1 
	   Disk (KB)            :        1        1    129249 
	   Memory (MB)          :      162     3900      3968 

	Job terminated of its own accord at 2022-03-31T06:13:04Z.
...
006 (127838.005.000) 2022-03-31 15:13:05 Image size of job updated: 687124
	172  -  MemoryUsage of job (MB)
	175320  -  ResidentSetSize of job (KB)
...
005 (127838.005.000) 2022-03-31 15:13:05 Job terminated.
	(1) Normal termination (return value 0)
		Usr 0 00:00:12, Sys 0 00:00:02  -  Run Remote Usage
		Usr 0 00:00:00, Sys 0 00:00:00  -  Run Local Usage
		Usr 0 00:00:12, Sys 0 00:00:02  -  Total Remote Usage
		Usr 0 00:00:00, Sys 0 00:00:00  -  Total Local Usage
	0  -  Run Bytes Sent By Job
	0  -  Run Bytes Received By Job
	0  -  Total Bytes Sent By Job
	0  -  Total Bytes Received By Job
	Partitionable Resources :    Usage  Request Allocated 
	   Cpus                 :                 1         1 
	   Disk (KB)            :        1        1    129249 
	   Memory (MB)          :      172     3900      3968 

	Job terminated of its own accord at 2022-03-31T06:13:05Z.
...
006 (127838.012.000) 2022-03-31 15:13:05 Image size of job updated: 692052
	164  -  MemoryUsage of job (MB)
	167568  -  ResidentSetSize of job (KB)
...
005 (127838.012.000) 2022-03-31 15:13:05 Job terminated.
	(1) Normal termination (return value 0)
		Usr 0 00:00:12, Sys 0 00:00:02  -  Run Remote Usage
		Usr 0 00:00:00, Sys 0 00:00:00  -  Run Local Usage
		Usr 0 00:00:12, Sys 0 00:00:02  -  Total Remote Usage
		Usr 0 00:00:00, Sys 0 00:00:00  -  Total Local Usage
	0  -  Run Bytes Sent By Job
	0  -  Run Bytes Received By Job
	0  -  Total Bytes Sent By Job
	0  -  Total Bytes Received By Job
	Partitionable Resources :    Usage  Request Allocated 
	   Cpus                 :                 1         1 
	   Disk (KB)            :        1        1    129249 
	   Memory (MB)          :      164     3900      3968 

	Job terminated of its own accord at 2022-03-31T06:13:05Z.
...
006 (127838.014.000) 2022-03-31 15:13:05 Image size of job updated: 691700
	181  -  MemoryUsage of job (MB)
	184468  -  ResidentSetSize of job (KB)
...
005 (127838.014.000) 2022-03-31 15:13:05 Job terminated.
	(1) Normal termination (return value 0)
		Usr 0 00:00:12, Sys 0 00:00:02  -  Run Remote Usage
		Usr 0 00:00:00, Sys 0 00:00:00  -  Run Local Usage
		Usr 0 00:00:12, Sys 0 00:00:02  -  Total Remote Usage
		Usr 0 00:00:00, Sys 0 00:00:00  -  Total Local Usage
	0  -  Run Bytes Sent By Job
	0  -  Run Bytes Received By Job
	0  -  Total Bytes Sent By Job
	0  -  Total Bytes Received By Job
	Partitionable Resources :    Usage  Request Allocated 
	   Cpus                 :                 1         1 
	   Disk (KB)            :        1        1    129249 
	   Memory (MB)          :      181     3900      3968 

	Job terminated of its own accord at 2022-03-31T06:13:05Z.
...
006 (127838.006.000) 2022-03-31 15:13:06 Image size of job updated: 687124
	174  -  MemoryUsage of job (MB)
	177484  -  ResidentSetSize of job (KB)
...
005 (127838.006.000) 2022-03-31 15:13:06 Job terminated.
	(1) Normal termination (return value 0)
		Usr 0 00:00:13, Sys 0 00:00:02  -  Run Remote Usage
		Usr 0 00:00:00, Sys 0 00:00:00  -  Run Local Usage
		Usr 0 00:00:13, Sys 0 00:00:02  -  Total Remote Usage
		Usr 0 00:00:00, Sys 0 00:00:00  -  Total Local Usage
	0  -  Run Bytes Sent By Job
	0  -  Run Bytes Received By Job
	0  -  Total Bytes Sent By Job
	0  -  Total Bytes Received By Job
	Partitionable Resources :    Usage  Request Allocated 
	   Cpus                 :                 1         1 
	   Disk (KB)            :        1        1    129249 
	   Memory (MB)          :      174     3900      3968 

	Job terminated of its own accord at 2022-03-31T06:13:06Z.
...
006 (127838.009.000) 2022-03-31 15:13:07 Image size of job updated: 692256
	161  -  MemoryUsage of job (MB)
	164192  -  ResidentSetSize of job (KB)
...
005 (127838.009.000) 2022-03-31 15:13:07 Job terminated.
	(1) Normal termination (return value 0)
		Usr 0 00:00:13, Sys 0 00:00:02  -  Run Remote Usage
		Usr 0 00:00:00, Sys 0 00:00:00  -  Run Local Usage
		Usr 0 00:00:13, Sys 0 00:00:02  -  Total Remote Usage
		Usr 0 00:00:00, Sys 0 00:00:00  -  Total Local Usage
	0  -  Run Bytes Sent By Job
	0  -  Run Bytes Received By Job
	0  -  Total Bytes Sent By Job
	0  -  Total Bytes Received By Job
	Partitionable Resources :    Usage  Request Allocated 
	   Cpus                 :                 1         1 
	   Disk (KB)            :        1        1    129249 
	   Memory (MB)          :      161     3900      3968 

	Job terminated of its own accord at 2022-03-31T06:13:06Z.
...
006 (127838.013.000) 2022-03-31 15:13:07 Image size of job updated: 692220
	181  -  MemoryUsage of job (MB)
	184436  -  ResidentSetSize of job (KB)
...
005 (127838.013.000) 2022-03-31 15:13:07 Job terminated.
	(1) Normal termination (return value 0)
		Usr 0 00:00:14, Sys 0 00:00:02  -  Run Remote Usage
		Usr 0 00:00:00, Sys 0 00:00:00  -  Run Local Usage
		Usr 0 00:00:14, Sys 0 00:00:02  -  Total Remote Usage
		Usr 0 00:00:00, Sys 0 00:00:00  -  Total Local Usage
	0  -  Run Bytes Sent By Job
	0  -  Run Bytes Received By Job
	0  -  Total Bytes Sent By Job
	0  -  Total Bytes Received By Job
	Partitionable Resources :    Usage  Request Allocated 
	   Cpus                 :                 1         1 
	   Disk (KB)            :        1        1    129249 
	   Memory (MB)          :      181     3900      3968 

	Job terminated of its own accord at 2022-03-31T06:13:07Z.
...
006 (127838.003.000) 2022-03-31 15:13:10 Image size of job updated: 693792
	165  -  MemoryUsage of job (MB)
	168688  -  ResidentSetSize of job (KB)
...
005 (127838.003.000) 2022-03-31 15:13:10 Job terminated.
	(1) Normal termination (return value 0)
		Usr 0 00:00:17, Sys 0 00:00:02  -  Run Remote Usage
		Usr 0 00:00:00, Sys 0 00:00:00  -  Run Local Usage
		Usr 0 00:00:17, Sys 0 00:00:02  -  Total Remote Usage
		Usr 0 00:00:00, Sys 0 00:00:00  -  Total Local Usage
	0  -  Run Bytes Sent By Job
	0  -  Run Bytes Received By Job
	0  -  Total Bytes Sent By Job
	0  -  Total Bytes Received By Job
	Partitionable Resources :    Usage  Request Allocated 
	   Cpus                 :                 1         1 
	   Disk (KB)            :        1        1    129249 
	   Memory (MB)          :      165     3900      3968 

	Job terminated of its own accord at 2022-03-31T06:13:10Z.
...
006 (127838.000.000) 2022-03-31 15:13:11 Image size of job updated: 692328
	112  -  MemoryUsage of job (MB)
	114096  -  ResidentSetSize of job (KB)
...
005 (127838.000.000) 2022-03-31 15:13:11 Job terminated.
	(1) Normal termination (return value 0)
		Usr 0 00:00:18, Sys 0 00:00:02  -  Run Remote Usage
		Usr 0 00:00:00, Sys 0 00:00:00  -  Run Local Usage
		Usr 0 00:00:18, Sys 0 00:00:02  -  Total Remote Usage
		Usr 0 00:00:00, Sys 0 00:00:00  -  Total Local Usage
	0  -  Run Bytes Sent By Job
	0  -  Run Bytes Received By Job
	0  -  Total Bytes Sent By Job
	0  -  Total Bytes Received By Job
	Partitionable Resources :    Usage  Request Allocated 
	   Cpus                 :                 1         1 
	   Disk (KB)            :        1        1     89980 
	   Memory (MB)          :      112     3900      3968 

	Job terminated of its own accord at 2022-03-31T06:13:11Z.
...
006 (127838.004.000) 2022-03-31 15:13:14 Image size of job updated: 692360
	170  -  MemoryUsage of job (MB)
	173580  -  ResidentSetSize of job (KB)
...
005 (127838.004.000) 2022-03-31 15:13:14 Job terminated.
	(1) Normal termination (return value 0)
		Usr 0 00:00:21, Sys 0 00:00:02  -  Run Remote Usage
		Usr 0 00:00:00, Sys 0 00:00:00  -  Run Local Usage
		Usr 0 00:00:21, Sys 0 00:00:02  -  Total Remote Usage
		Usr 0 00:00:00, Sys 0 00:00:00  -  Total Local Usage
	0  -  Run Bytes Sent By Job
	0  -  Run Bytes Received By Job
	0  -  Total Bytes Sent By Job
	0  -  Total Bytes Received By Job
	Partitionable Resources :    Usage  Request Allocated 
	   Cpus                 :                 1         1 
	   Disk (KB)            :        1        1    129249 
	   Memory (MB)          :      170     3900      3968 

	Job terminated of its own accord at 2022-03-31T06:13:14Z.
...
006 (127838.007.000) 2022-03-31 15:13:14 Image size of job updated: 691976
	175  -  MemoryUsage of job (MB)
	178332  -  ResidentSetSize of job (KB)
...
005 (127838.007.000) 2022-03-31 15:13:14 Job terminated.
	(1) Normal termination (return value 0)
		Usr 0 00:00:21, Sys 0 00:00:02  -  Run Remote Usage
		Usr 0 00:00:00, Sys 0 00:00:00  -  Run Local Usage
		Usr 0 00:00:21, Sys 0 00:00:02  -  Total Remote Usage
		Usr 0 00:00:00, Sys 0 00:00:00  -  Total Local Usage
	0  -  Run Bytes Sent By Job
	0  -  Run Bytes Received By Job
	0  -  Total Bytes Sent By Job
	0  -  Total Bytes Received By Job
	Partitionable Resources :    Usage  Request Allocated 
	   Cpus                 :                 1         1 
	   Disk (KB)            :        1        1    129249 
	   Memory (MB)          :      175     3900      3968 

	Job terminated of its own accord at 2022-03-31T06:13:14Z.
...
006 (127838.002.000) 2022-03-31 15:13:19 Image size of job updated: 687212
	154  -  MemoryUsage of job (MB)
	157288  -  ResidentSetSize of job (KB)
...
005 (127838.002.000) 2022-03-31 15:13:19 Job terminated.
	(1) Normal termination (return value 0)
		Usr 0 00:00:26, Sys 0 00:00:02  -  Run Remote Usage
		Usr 0 00:00:00, Sys 0 00:00:00  -  Run Local Usage
		Usr 0 00:00:26, Sys 0 00:00:02  -  Total Remote Usage
		Usr 0 00:00:00, Sys 0 00:00:00  -  Total Local Usage
	0  -  Run Bytes Sent By Job
	0  -  Run Bytes Received By Job
	0  -  Total Bytes Sent By Job
	0  -  Total Bytes Received By Job
	Partitionable Resources :    Usage  Request Allocated 
	   Cpus                 :                 1         1 
	   Disk (KB)            :        1        1    129249 
	   Memory (MB)          :      154     3900      3968 

	Job terminated of its own accord at 2022-03-31T06:13:19Z.
...
001 (127838.015.000) 2022-03-31 15:13:40 Job executing on host: <172.30.1.202:9618?addrs=172.30.1.202-9618&alias=node2&noUDP&sock=startd_3636_9271>
...
001 (127838.016.000) 2022-03-31 15:13:41 Job executing on host: <172.30.1.202:9618?addrs=172.30.1.202-9618&alias=node2&noUDP&sock=startd_3636_9271>
...
001 (127838.017.000) 2022-03-31 15:13:41 Job executing on host: <172.30.1.202:9618?addrs=172.30.1.202-9618&alias=node2&noUDP&sock=startd_3636_9271>
...
001 (127838.018.000) 2022-03-31 15:13:41 Job executing on host: <172.30.1.202:9618?addrs=172.30.1.202-9618&alias=node2&noUDP&sock=startd_3636_9271>
...
001 (127838.019.000) 2022-03-31 15:13:41 Job executing on host: <172.30.1.202:9618?addrs=172.30.1.202-9618&alias=node2&noUDP&sock=startd_3636_9271>
...
006 (127838.015.000) 2022-03-31 15:13:49 Image size of job updated: 648300
	185  -  MemoryUsage of job (MB)
	188484  -  ResidentSetSize of job (KB)
...
006 (127838.016.000) 2022-03-31 15:13:49 Image size of job updated: 648300
	185  -  MemoryUsage of job (MB)
	188480  -  ResidentSetSize of job (KB)
...
006 (127838.017.000) 2022-03-31 15:13:49 Image size of job updated: 648300
	185  -  MemoryUsage of job (MB)
	189024  -  ResidentSetSize of job (KB)
...
006 (127838.018.000) 2022-03-31 15:13:49 Image size of job updated: 648300
	185  -  MemoryUsage of job (MB)
	189036  -  ResidentSetSize of job (KB)
...
006 (127838.019.000) 2022-03-31 15:13:49 Image size of job updated: 648304
	185  -  MemoryUsage of job (MB)
	188480  -  ResidentSetSize of job (KB)
...
006 (127838.016.000) 2022-03-31 15:14:01 Image size of job updated: 691952
	185  -  MemoryUsage of job (MB)
	188480  -  ResidentSetSize of job (KB)
...
005 (127838.016.000) 2022-03-31 15:14:01 Job terminated.
	(1) Normal termination (return value 0)
		Usr 0 00:00:16, Sys 0 00:00:01  -  Run Remote Usage
		Usr 0 00:00:00, Sys 0 00:00:00  -  Run Local Usage
		Usr 0 00:00:16, Sys 0 00:00:01  -  Total Remote Usage
		Usr 0 00:00:00, Sys 0 00:00:00  -  Total Local Usage
	0  -  Run Bytes Sent By Job
	0  -  Run Bytes Received By Job
	0  -  Total Bytes Sent By Job
	0  -  Total Bytes Received By Job
	Partitionable Resources :    Usage  Request Allocated 
	   Cpus                 :                 1         1 
	   Disk (KB)            :        1        1    129249 
	   Memory (MB)          :      185     3900      3968 

	Job terminated of its own accord at 2022-03-31T06:14:01Z.
...
006 (127838.017.000) 2022-03-31 15:14:01 Image size of job updated: 687160
	185  -  MemoryUsage of job (MB)
	189024  -  ResidentSetSize of job (KB)
...
005 (127838.017.000) 2022-03-31 15:14:01 Job terminated.
	(1) Normal termination (return value 0)
		Usr 0 00:00:17, Sys 0 00:00:02  -  Run Remote Usage
		Usr 0 00:00:00, Sys 0 00:00:00  -  Run Local Usage
		Usr 0 00:00:17, Sys 0 00:00:02  -  Total Remote Usage
		Usr 0 00:00:00, Sys 0 00:00:00  -  Total Local Usage
	0  -  Run Bytes Sent By Job
	0  -  Run Bytes Received By Job
	0  -  Total Bytes Sent By Job
	0  -  Total Bytes Received By Job
	Partitionable Resources :    Usage  Request Allocated 
	   Cpus                 :                 1         1 
	   Disk (KB)            :        1        1    129249 
	   Memory (MB)          :      185     3900      3968 

	Job terminated of its own accord at 2022-03-31T06:14:01Z.
...
006 (127838.015.000) 2022-03-31 15:14:04 Image size of job updated: 692048
	185  -  MemoryUsage of job (MB)
	188484  -  ResidentSetSize of job (KB)
...
005 (127838.015.000) 2022-03-31 15:14:04 Job terminated.
	(1) Normal termination (return value 0)
		Usr 0 00:00:20, Sys 0 00:00:01  -  Run Remote Usage
		Usr 0 00:00:00, Sys 0 00:00:00  -  Run Local Usage
		Usr 0 00:00:20, Sys 0 00:00:01  -  Total Remote Usage
		Usr 0 00:00:00, Sys 0 00:00:00  -  Total Local Usage
	0  -  Run Bytes Sent By Job
	0  -  Run Bytes Received By Job
	0  -  Total Bytes Sent By Job
	0  -  Total Bytes Received By Job
	Partitionable Resources :    Usage  Request Allocated 
	   Cpus                 :                 1         1 
	   Disk (KB)            :        1        1    129249 
	   Memory (MB)          :      185     3900      3968 

	Job terminated of its own accord at 2022-03-31T06:14:04Z.
...
006 (127838.019.000) 2022-03-31 15:14:05 Image size of job updated: 691676
	185  -  MemoryUsage of job (MB)
	188480  -  ResidentSetSize of job (KB)
...
005 (127838.019.000) 2022-03-31 15:14:05 Job terminated.
	(1) Normal termination (return value 0)
		Usr 0 00:00:20, Sys 0 00:00:01  -  Run Remote Usage
		Usr 0 00:00:00, Sys 0 00:00:00  -  Run Local Usage
		Usr 0 00:00:20, Sys 0 00:00:01  -  Total Remote Usage
		Usr 0 00:00:00, Sys 0 00:00:00  -  Total Local Usage
	0  -  Run Bytes Sent By Job
	0  -  Run Bytes Received By Job
	0  -  Total Bytes Sent By Job
	0  -  Total Bytes Received By Job
	Partitionable Resources :    Usage  Request Allocated 
	   Cpus                 :                 1         1 
	   Disk (KB)            :        1        1    129249 
	   Memory (MB)          :      185     3900      3968 

	Job terminated of its own accord at 2022-03-31T06:14:05Z.
...
006 (127838.018.000) 2022-03-31 15:14:05 Image size of job updated: 691824
	185  -  MemoryUsage of job (MB)
	189036  -  ResidentSetSize of job (KB)
...
005 (127838.018.000) 2022-03-31 15:14:05 Job terminated.
	(1) Normal termination (return value 0)
		Usr 0 00:00:21, Sys 0 00:00:01  -  Run Remote Usage
		Usr 0 00:00:00, Sys 0 00:00:00  -  Run Local Usage
		Usr 0 00:00:21, Sys 0 00:00:01  -  Total Remote Usage
		Usr 0 00:00:00, Sys 0 00:00:00  -  Total Local Usage
	0  -  Run Bytes Sent By Job
	0  -  Run Bytes Received By Job
	0  -  Total Bytes Sent By Job
	0  -  Total Bytes Received By Job
	Partitionable Resources :    Usage  Request Allocated 
	   Cpus                 :                 1         1 
	   Disk (KB)            :        1        1    129249 
	   Memory (MB)          :      185     3900      3968 

	Job terminated of its own accord at 2022-03-31T06:14:05Z.
...
