000 (126646.000.000) 2022-03-30 12:37:43 Job submitted from host: <172.30.1.200:9618?addrs=172.30.1.200-9618&alias=tamsa2.snu.ac.kr&noUDP&sock=schedd_3154_f5cb>
...
000 (126646.001.000) 2022-03-30 12:37:43 Job submitted from host: <172.30.1.200:9618?addrs=172.30.1.200-9618&alias=tamsa2.snu.ac.kr&noUDP&sock=schedd_3154_f5cb>
...
000 (126646.002.000) 2022-03-30 12:37:43 Job submitted from host: <172.30.1.200:9618?addrs=172.30.1.200-9618&alias=tamsa2.snu.ac.kr&noUDP&sock=schedd_3154_f5cb>
...
000 (126646.003.000) 2022-03-30 12:37:43 Job submitted from host: <172.30.1.200:9618?addrs=172.30.1.200-9618&alias=tamsa2.snu.ac.kr&noUDP&sock=schedd_3154_f5cb>
...
000 (126646.004.000) 2022-03-30 12:37:43 Job submitted from host: <172.30.1.200:9618?addrs=172.30.1.200-9618&alias=tamsa2.snu.ac.kr&noUDP&sock=schedd_3154_f5cb>
...
000 (126646.005.000) 2022-03-30 12:37:43 Job submitted from host: <172.30.1.200:9618?addrs=172.30.1.200-9618&alias=tamsa2.snu.ac.kr&noUDP&sock=schedd_3154_f5cb>
...
000 (126646.006.000) 2022-03-30 12:37:43 Job submitted from host: <172.30.1.200:9618?addrs=172.30.1.200-9618&alias=tamsa2.snu.ac.kr&noUDP&sock=schedd_3154_f5cb>
...
000 (126646.007.000) 2022-03-30 12:37:43 Job submitted from host: <172.30.1.200:9618?addrs=172.30.1.200-9618&alias=tamsa2.snu.ac.kr&noUDP&sock=schedd_3154_f5cb>
...
000 (126646.008.000) 2022-03-30 12:37:43 Job submitted from host: <172.30.1.200:9618?addrs=172.30.1.200-9618&alias=tamsa2.snu.ac.kr&noUDP&sock=schedd_3154_f5cb>
...
000 (126646.009.000) 2022-03-30 12:37:43 Job submitted from host: <172.30.1.200:9618?addrs=172.30.1.200-9618&alias=tamsa2.snu.ac.kr&noUDP&sock=schedd_3154_f5cb>
...
000 (126646.010.000) 2022-03-30 12:37:43 Job submitted from host: <172.30.1.200:9618?addrs=172.30.1.200-9618&alias=tamsa2.snu.ac.kr&noUDP&sock=schedd_3154_f5cb>
...
000 (126646.011.000) 2022-03-30 12:37:43 Job submitted from host: <172.30.1.200:9618?addrs=172.30.1.200-9618&alias=tamsa2.snu.ac.kr&noUDP&sock=schedd_3154_f5cb>
...
000 (126646.012.000) 2022-03-30 12:37:43 Job submitted from host: <172.30.1.200:9618?addrs=172.30.1.200-9618&alias=tamsa2.snu.ac.kr&noUDP&sock=schedd_3154_f5cb>
...
000 (126646.013.000) 2022-03-30 12:37:43 Job submitted from host: <172.30.1.200:9618?addrs=172.30.1.200-9618&alias=tamsa2.snu.ac.kr&noUDP&sock=schedd_3154_f5cb>
...
000 (126646.014.000) 2022-03-30 12:37:43 Job submitted from host: <172.30.1.200:9618?addrs=172.30.1.200-9618&alias=tamsa2.snu.ac.kr&noUDP&sock=schedd_3154_f5cb>
...
000 (126646.015.000) 2022-03-30 12:37:43 Job submitted from host: <172.30.1.200:9618?addrs=172.30.1.200-9618&alias=tamsa2.snu.ac.kr&noUDP&sock=schedd_3154_f5cb>
...
000 (126646.016.000) 2022-03-30 12:37:43 Job submitted from host: <172.30.1.200:9618?addrs=172.30.1.200-9618&alias=tamsa2.snu.ac.kr&noUDP&sock=schedd_3154_f5cb>
...
000 (126646.017.000) 2022-03-30 12:37:43 Job submitted from host: <172.30.1.200:9618?addrs=172.30.1.200-9618&alias=tamsa2.snu.ac.kr&noUDP&sock=schedd_3154_f5cb>
...
000 (126646.018.000) 2022-03-30 12:37:43 Job submitted from host: <172.30.1.200:9618?addrs=172.30.1.200-9618&alias=tamsa2.snu.ac.kr&noUDP&sock=schedd_3154_f5cb>
...
000 (126646.019.000) 2022-03-30 12:37:43 Job submitted from host: <172.30.1.200:9618?addrs=172.30.1.200-9618&alias=tamsa2.snu.ac.kr&noUDP&sock=schedd_3154_f5cb>
...
001 (126646.008.000) 2022-03-30 12:37:55 Job executing on host: <172.30.1.203:9618?addrs=172.30.1.203-9618&alias=node3&noUDP&sock=startd_3597_d240>
...
001 (126646.009.000) 2022-03-30 12:37:55 Job executing on host: <172.30.1.203:9618?addrs=172.30.1.203-9618&alias=node3&noUDP&sock=startd_3597_d240>
...
001 (126646.010.000) 2022-03-30 12:37:55 Job executing on host: <172.30.1.203:9618?addrs=172.30.1.203-9618&alias=node3&noUDP&sock=startd_3597_d240>
...
001 (126646.011.000) 2022-03-30 12:37:55 Job executing on host: <172.30.1.203:9618?addrs=172.30.1.203-9618&alias=node3&noUDP&sock=startd_3597_d240>
...
001 (126646.013.000) 2022-03-30 12:37:55 Job executing on host: <172.30.1.203:9618?addrs=172.30.1.203-9618&alias=node3&noUDP&sock=startd_3597_d240>
...
001 (126646.012.000) 2022-03-30 12:37:55 Job executing on host: <172.30.1.203:9618?addrs=172.30.1.203-9618&alias=node3&noUDP&sock=startd_3597_d240>
...
001 (126646.014.000) 2022-03-30 12:37:55 Job executing on host: <172.30.1.203:9618?addrs=172.30.1.203-9618&alias=node3&noUDP&sock=startd_3597_d240>
...
001 (126646.016.000) 2022-03-30 12:37:56 Job executing on host: <172.30.1.203:9618?addrs=172.30.1.203-9618&alias=node3&noUDP&sock=startd_3597_d240>
...
001 (126646.015.000) 2022-03-30 12:37:56 Job executing on host: <172.30.1.203:9618?addrs=172.30.1.203-9618&alias=node3&noUDP&sock=startd_3597_d240>
...
001 (126646.017.000) 2022-03-30 12:37:56 Job executing on host: <172.30.1.203:9618?addrs=172.30.1.203-9618&alias=node3&noUDP&sock=startd_3597_d240>
...
001 (126646.019.000) 2022-03-30 12:37:56 Job executing on host: <172.30.1.203:9618?addrs=172.30.1.203-9618&alias=node3&noUDP&sock=startd_3597_d240>
...
001 (126646.018.000) 2022-03-30 12:37:56 Job executing on host: <172.30.1.203:9618?addrs=172.30.1.203-9618&alias=node3&noUDP&sock=startd_3597_d240>
...
001 (126646.001.000) 2022-03-30 12:37:57 Job executing on host: <172.30.1.202:9618?addrs=172.30.1.202-9618&alias=node2&noUDP&sock=startd_3636_9271>
...
001 (126646.000.000) 2022-03-30 12:37:57 Job executing on host: <172.30.1.202:9618?addrs=172.30.1.202-9618&alias=node2&noUDP&sock=startd_3636_9271>
...
001 (126646.002.000) 2022-03-30 12:37:57 Job executing on host: <172.30.1.202:9618?addrs=172.30.1.202-9618&alias=node2&noUDP&sock=startd_3636_9271>
...
001 (126646.003.000) 2022-03-30 12:37:57 Job executing on host: <172.30.1.202:9618?addrs=172.30.1.202-9618&alias=node2&noUDP&sock=startd_3636_9271>
...
001 (126646.004.000) 2022-03-30 12:37:57 Job executing on host: <172.30.1.202:9618?addrs=172.30.1.202-9618&alias=node2&noUDP&sock=startd_3636_9271>
...
001 (126646.005.000) 2022-03-30 12:37:57 Job executing on host: <172.30.1.202:9618?addrs=172.30.1.202-9618&alias=node2&noUDP&sock=startd_3636_9271>
...
001 (126646.006.000) 2022-03-30 12:37:57 Job executing on host: <172.30.1.202:9618?addrs=172.30.1.202-9618&alias=node2&noUDP&sock=startd_3636_9271>
...
001 (126646.007.000) 2022-03-30 12:37:57 Job executing on host: <172.30.1.202:9618?addrs=172.30.1.202-9618&alias=node2&noUDP&sock=startd_3636_9271>
...
006 (126646.014.000) 2022-03-30 12:38:03 Image size of job updated: 396304
	0  -  MemoryUsage of job (MB)
	0  -  ResidentSetSize of job (KB)
...
005 (126646.014.000) 2022-03-30 12:38:03 Job terminated.
	(1) Normal termination (return value 0)
		Usr 0 00:00:05, Sys 0 00:00:01  -  Run Remote Usage
		Usr 0 00:00:00, Sys 0 00:00:00  -  Run Local Usage
		Usr 0 00:00:05, Sys 0 00:00:01  -  Total Remote Usage
		Usr 0 00:00:00, Sys 0 00:00:00  -  Total Local Usage
	0  -  Run Bytes Sent By Job
	0  -  Run Bytes Received By Job
	0  -  Total Bytes Sent By Job
	0  -  Total Bytes Received By Job
	Partitionable Resources :    Usage  Request Allocated 
	   Cpus                 :                 1         1 
	   Disk (KB)            :        1        1    129249 
	   Memory (MB)          :        0     3900      3968 

	Job terminated of its own accord at 2022-03-30T03:38:03Z.
...
006 (126646.016.000) 2022-03-30 12:38:04 Image size of job updated: 646192
	183  -  MemoryUsage of job (MB)
	187108  -  ResidentSetSize of job (KB)
...
006 (126646.015.000) 2022-03-30 12:38:04 Image size of job updated: 646204
	197  -  MemoryUsage of job (MB)
	200952  -  ResidentSetSize of job (KB)
...
006 (126646.017.000) 2022-03-30 12:38:04 Image size of job updated: 664608
	206  -  MemoryUsage of job (MB)
	210656  -  ResidentSetSize of job (KB)
...
006 (126646.019.000) 2022-03-30 12:38:04 Image size of job updated: 646196
	183  -  MemoryUsage of job (MB)
	186908  -  ResidentSetSize of job (KB)
...
005 (126646.017.000) 2022-03-30 12:38:04 Job terminated.
	(1) Normal termination (return value 0)
		Usr 0 00:00:05, Sys 0 00:00:01  -  Run Remote Usage
		Usr 0 00:00:00, Sys 0 00:00:00  -  Run Local Usage
		Usr 0 00:00:05, Sys 0 00:00:01  -  Total Remote Usage
		Usr 0 00:00:00, Sys 0 00:00:00  -  Total Local Usage
	0  -  Run Bytes Sent By Job
	0  -  Run Bytes Received By Job
	0  -  Total Bytes Sent By Job
	0  -  Total Bytes Received By Job
	Partitionable Resources :    Usage  Request Allocated 
	   Cpus                 :                 1         1 
	   Disk (KB)            :        1        1    129249 
	   Memory (MB)          :      206     3900      3968 

	Job terminated of its own accord at 2022-03-30T03:38:04Z.
...
006 (126646.018.000) 2022-03-30 12:38:04 Image size of job updated: 646192
	183  -  MemoryUsage of job (MB)
	187016  -  ResidentSetSize of job (KB)
...
006 (126646.008.000) 2022-03-30 12:38:04 Image size of job updated: 689796
	207  -  MemoryUsage of job (MB)
	211028  -  ResidentSetSize of job (KB)
...
006 (126646.015.000) 2022-03-30 12:38:04 Image size of job updated: 682508
	197  -  MemoryUsage of job (MB)
	200956  -  ResidentSetSize of job (KB)
...
006 (126646.009.000) 2022-03-30 12:38:04 Image size of job updated: 689984
	207  -  MemoryUsage of job (MB)
	211004  -  ResidentSetSize of job (KB)
...
005 (126646.015.000) 2022-03-30 12:38:04 Job terminated.
	(1) Normal termination (return value 0)
		Usr 0 00:00:06, Sys 0 00:00:01  -  Run Remote Usage
		Usr 0 00:00:00, Sys 0 00:00:00  -  Run Local Usage
		Usr 0 00:00:06, Sys 0 00:00:01  -  Total Remote Usage
		Usr 0 00:00:00, Sys 0 00:00:00  -  Total Local Usage
	0  -  Run Bytes Sent By Job
	0  -  Run Bytes Received By Job
	0  -  Total Bytes Sent By Job
	0  -  Total Bytes Received By Job
	Partitionable Resources :    Usage  Request Allocated 
	   Cpus                 :                 1         1 
	   Disk (KB)            :        1        1    129249 
	   Memory (MB)          :      197     3900      3968 

	Job terminated of its own accord at 2022-03-30T03:38:04Z.
...
006 (126646.010.000) 2022-03-30 12:38:04 Image size of job updated: 646192
	183  -  MemoryUsage of job (MB)
	186884  -  ResidentSetSize of job (KB)
...
006 (126646.011.000) 2022-03-30 12:38:04 Image size of job updated: 646200
	183  -  MemoryUsage of job (MB)
	187120  -  ResidentSetSize of job (KB)
...
006 (126646.013.000) 2022-03-30 12:38:04 Image size of job updated: 646200
	183  -  MemoryUsage of job (MB)
	187076  -  ResidentSetSize of job (KB)
...
006 (126646.012.000) 2022-03-30 12:38:04 Image size of job updated: 646196
	183  -  MemoryUsage of job (MB)
	186904  -  ResidentSetSize of job (KB)
...
006 (126646.001.000) 2022-03-30 12:38:05 Image size of job updated: 475164
	183  -  MemoryUsage of job (MB)
	186812  -  ResidentSetSize of job (KB)
...
006 (126646.000.000) 2022-03-30 12:38:05 Image size of job updated: 474908
	183  -  MemoryUsage of job (MB)
	186844  -  ResidentSetSize of job (KB)
...
006 (126646.002.000) 2022-03-30 12:38:05 Image size of job updated: 475684
	183  -  MemoryUsage of job (MB)
	186376  -  ResidentSetSize of job (KB)
...
006 (126646.003.000) 2022-03-30 12:38:05 Image size of job updated: 470144
	196  -  MemoryUsage of job (MB)
	200684  -  ResidentSetSize of job (KB)
...
006 (126646.004.000) 2022-03-30 12:38:05 Image size of job updated: 474000
	200  -  MemoryUsage of job (MB)
	203856  -  ResidentSetSize of job (KB)
...
006 (126646.016.000) 2022-03-30 12:38:06 Image size of job updated: 686460
	183  -  MemoryUsage of job (MB)
	187108  -  ResidentSetSize of job (KB)
...
005 (126646.016.000) 2022-03-30 12:38:06 Job terminated.
	(1) Normal termination (return value 0)
		Usr 0 00:00:07, Sys 0 00:00:01  -  Run Remote Usage
		Usr 0 00:00:00, Sys 0 00:00:00  -  Run Local Usage
		Usr 0 00:00:07, Sys 0 00:00:01  -  Total Remote Usage
		Usr 0 00:00:00, Sys 0 00:00:00  -  Total Local Usage
	0  -  Run Bytes Sent By Job
	0  -  Run Bytes Received By Job
	0  -  Total Bytes Sent By Job
	0  -  Total Bytes Received By Job
	Partitionable Resources :    Usage  Request Allocated 
	   Cpus                 :                 1         1 
	   Disk (KB)            :        1        1    129249 
	   Memory (MB)          :      183     3900      3968 

	Job terminated of its own accord at 2022-03-30T03:38:06Z.
...
005 (126646.009.000) 2022-03-30 12:38:06 Job terminated.
	(1) Normal termination (return value 0)
		Usr 0 00:00:07, Sys 0 00:00:01  -  Run Remote Usage
		Usr 0 00:00:00, Sys 0 00:00:00  -  Run Local Usage
		Usr 0 00:00:07, Sys 0 00:00:01  -  Total Remote Usage
		Usr 0 00:00:00, Sys 0 00:00:00  -  Total Local Usage
	0  -  Run Bytes Sent By Job
	0  -  Run Bytes Received By Job
	0  -  Total Bytes Sent By Job
	0  -  Total Bytes Received By Job
	Partitionable Resources :    Usage  Request Allocated 
	   Cpus                 :                 1         1 
	   Disk (KB)            :        1        1    129249 
	   Memory (MB)          :      207     3900      3968 

	Job terminated of its own accord at 2022-03-30T03:38:06Z.
...
006 (126646.005.000) 2022-03-30 12:38:06 Image size of job updated: 646208
	183  -  MemoryUsage of job (MB)
	187060  -  ResidentSetSize of job (KB)
...
006 (126646.006.000) 2022-03-30 12:38:06 Image size of job updated: 646192
	183  -  MemoryUsage of job (MB)
	186892  -  ResidentSetSize of job (KB)
...
006 (126646.007.000) 2022-03-30 12:38:06 Image size of job updated: 646192
	183  -  MemoryUsage of job (MB)
	186972  -  ResidentSetSize of job (KB)
...
006 (126646.019.000) 2022-03-30 12:38:07 Image size of job updated: 658996
	183  -  MemoryUsage of job (MB)
	186908  -  ResidentSetSize of job (KB)
...
005 (126646.019.000) 2022-03-30 12:38:07 Job terminated.
	(1) Normal termination (return value 0)
		Usr 0 00:00:08, Sys 0 00:00:01  -  Run Remote Usage
		Usr 0 00:00:00, Sys 0 00:00:00  -  Run Local Usage
		Usr 0 00:00:08, Sys 0 00:00:01  -  Total Remote Usage
		Usr 0 00:00:00, Sys 0 00:00:00  -  Total Local Usage
	0  -  Run Bytes Sent By Job
	0  -  Run Bytes Received By Job
	0  -  Total Bytes Sent By Job
	0  -  Total Bytes Received By Job
	Partitionable Resources :    Usage  Request Allocated 
	   Cpus                 :                 1         1 
	   Disk (KB)            :        1        1    129249 
	   Memory (MB)          :      183     3900      3968 

	Job terminated of its own accord at 2022-03-30T03:38:07Z.
...
006 (126646.013.000) 2022-03-30 12:38:07 Image size of job updated: 665160
	183  -  MemoryUsage of job (MB)
	187076  -  ResidentSetSize of job (KB)
...
005 (126646.013.000) 2022-03-30 12:38:07 Job terminated.
	(1) Normal termination (return value 0)
		Usr 0 00:00:09, Sys 0 00:00:01  -  Run Remote Usage
		Usr 0 00:00:00, Sys 0 00:00:00  -  Run Local Usage
		Usr 0 00:00:09, Sys 0 00:00:01  -  Total Remote Usage
		Usr 0 00:00:00, Sys 0 00:00:00  -  Total Local Usage
	0  -  Run Bytes Sent By Job
	0  -  Run Bytes Received By Job
	0  -  Total Bytes Sent By Job
	0  -  Total Bytes Received By Job
	Partitionable Resources :    Usage  Request Allocated 
	   Cpus                 :                 1         1 
	   Disk (KB)            :        1        1    129249 
	   Memory (MB)          :      183     3900      3968 

	Job terminated of its own accord at 2022-03-30T03:38:07Z.
...
005 (126646.008.000) 2022-03-30 12:38:08 Job terminated.
	(1) Normal termination (return value 0)
		Usr 0 00:00:09, Sys 0 00:00:01  -  Run Remote Usage
		Usr 0 00:00:00, Sys 0 00:00:00  -  Run Local Usage
		Usr 0 00:00:09, Sys 0 00:00:01  -  Total Remote Usage
		Usr 0 00:00:00, Sys 0 00:00:00  -  Total Local Usage
	0  -  Run Bytes Sent By Job
	0  -  Run Bytes Received By Job
	0  -  Total Bytes Sent By Job
	0  -  Total Bytes Received By Job
	Partitionable Resources :    Usage  Request Allocated 
	   Cpus                 :                 1         1 
	   Disk (KB)            :        1        1    129249 
	   Memory (MB)          :      207     3900      3968 

	Job terminated of its own accord at 2022-03-30T03:38:08Z.
...
006 (126646.003.000) 2022-03-30 12:38:09 Image size of job updated: 689600
	196  -  MemoryUsage of job (MB)
	200696  -  ResidentSetSize of job (KB)
...
005 (126646.003.000) 2022-03-30 12:38:09 Job terminated.
	(1) Normal termination (return value 0)
		Usr 0 00:00:07, Sys 0 00:00:01  -  Run Remote Usage
		Usr 0 00:00:00, Sys 0 00:00:00  -  Run Local Usage
		Usr 0 00:00:07, Sys 0 00:00:01  -  Total Remote Usage
		Usr 0 00:00:00, Sys 0 00:00:00  -  Total Local Usage
	0  -  Run Bytes Sent By Job
	0  -  Run Bytes Received By Job
	0  -  Total Bytes Sent By Job
	0  -  Total Bytes Received By Job
	Partitionable Resources :    Usage  Request Allocated 
	   Cpus                 :                 1         1 
	   Disk (KB)            :        1        1    129249 
	   Memory (MB)          :      196     3900      3968 

	Job terminated of its own accord at 2022-03-30T03:38:09Z.
...
006 (126646.005.000) 2022-03-30 12:38:10 Image size of job updated: 689356
	183  -  MemoryUsage of job (MB)
	187060  -  ResidentSetSize of job (KB)
...
005 (126646.005.000) 2022-03-30 12:38:10 Job terminated.
	(1) Normal termination (return value 0)
		Usr 0 00:00:09, Sys 0 00:00:01  -  Run Remote Usage
		Usr 0 00:00:00, Sys 0 00:00:00  -  Run Local Usage
		Usr 0 00:00:09, Sys 0 00:00:01  -  Total Remote Usage
		Usr 0 00:00:00, Sys 0 00:00:00  -  Total Local Usage
	0  -  Run Bytes Sent By Job
	0  -  Run Bytes Received By Job
	0  -  Total Bytes Sent By Job
	0  -  Total Bytes Received By Job
	Partitionable Resources :    Usage  Request Allocated 
	   Cpus                 :                 1         1 
	   Disk (KB)            :        1        1    129249 
	   Memory (MB)          :      183     3900      3968 

	Job terminated of its own accord at 2022-03-30T03:38:10Z.
...
005 (126646.011.000) 2022-03-30 12:38:10 Job terminated.
	(1) Normal termination (return value 0)
		Usr 0 00:00:12, Sys 0 00:00:01  -  Run Remote Usage
		Usr 0 00:00:00, Sys 0 00:00:00  -  Run Local Usage
		Usr 0 00:00:12, Sys 0 00:00:01  -  Total Remote Usage
		Usr 0 00:00:00, Sys 0 00:00:00  -  Total Local Usage
	0  -  Run Bytes Sent By Job
	0  -  Run Bytes Received By Job
	0  -  Total Bytes Sent By Job
	0  -  Total Bytes Received By Job
	Partitionable Resources :    Usage  Request Allocated 
	   Cpus                 :                 1         1 
	   Disk (KB)            :        1        1    129249 
	   Memory (MB)          :      183     3900      3968 

	Job terminated of its own accord at 2022-03-30T03:38:10Z.
...
006 (126646.012.000) 2022-03-30 12:38:10 Image size of job updated: 689488
	183  -  MemoryUsage of job (MB)
	186904  -  ResidentSetSize of job (KB)
...
005 (126646.012.000) 2022-03-30 12:38:10 Job terminated.
	(1) Normal termination (return value 0)
		Usr 0 00:00:12, Sys 0 00:00:01  -  Run Remote Usage
		Usr 0 00:00:00, Sys 0 00:00:00  -  Run Local Usage
		Usr 0 00:00:12, Sys 0 00:00:01  -  Total Remote Usage
		Usr 0 00:00:00, Sys 0 00:00:00  -  Total Local Usage
	0  -  Run Bytes Sent By Job
	0  -  Run Bytes Received By Job
	0  -  Total Bytes Sent By Job
	0  -  Total Bytes Received By Job
	Partitionable Resources :    Usage  Request Allocated 
	   Cpus                 :                 1         1 
	   Disk (KB)            :        1        1    129249 
	   Memory (MB)          :      183     3900      3968 

	Job terminated of its own accord at 2022-03-30T03:38:10Z.
...
006 (126646.007.000) 2022-03-30 12:38:11 Image size of job updated: 689592
	183  -  MemoryUsage of job (MB)
	186972  -  ResidentSetSize of job (KB)
...
005 (126646.007.000) 2022-03-30 12:38:11 Job terminated.
	(1) Normal termination (return value 0)
		Usr 0 00:00:09, Sys 0 00:00:01  -  Run Remote Usage
		Usr 0 00:00:00, Sys 0 00:00:00  -  Run Local Usage
		Usr 0 00:00:09, Sys 0 00:00:01  -  Total Remote Usage
		Usr 0 00:00:00, Sys 0 00:00:00  -  Total Local Usage
	0  -  Run Bytes Sent By Job
	0  -  Run Bytes Received By Job
	0  -  Total Bytes Sent By Job
	0  -  Total Bytes Received By Job
	Partitionable Resources :    Usage  Request Allocated 
	   Cpus                 :                 1         1 
	   Disk (KB)            :        1        1    129249 
	   Memory (MB)          :      183     3900      3968 

	Job terminated of its own accord at 2022-03-30T03:38:11Z.
...
006 (126646.018.000) 2022-03-30 12:38:11 Image size of job updated: 658060
	183  -  MemoryUsage of job (MB)
	187016  -  ResidentSetSize of job (KB)
...
005 (126646.018.000) 2022-03-30 12:38:11 Job terminated.
	(1) Normal termination (return value 0)
		Usr 0 00:00:12, Sys 0 00:00:00  -  Run Remote Usage
		Usr 0 00:00:00, Sys 0 00:00:00  -  Run Local Usage
		Usr 0 00:00:12, Sys 0 00:00:00  -  Total Remote Usage
		Usr 0 00:00:00, Sys 0 00:00:00  -  Total Local Usage
	0  -  Run Bytes Sent By Job
	0  -  Run Bytes Received By Job
	0  -  Total Bytes Sent By Job
	0  -  Total Bytes Received By Job
	Partitionable Resources :    Usage  Request Allocated 
	   Cpus                 :                 1         1 
	   Disk (KB)            :        1        1    129249 
	   Memory (MB)          :      183     3900      3968 

	Job terminated of its own accord at 2022-03-30T03:38:11Z.
...
006 (126646.002.000) 2022-03-30 12:38:12 Image size of job updated: 689816
	183  -  MemoryUsage of job (MB)
	186376  -  ResidentSetSize of job (KB)
...
005 (126646.002.000) 2022-03-30 12:38:12 Job terminated.
	(1) Normal termination (return value 0)
		Usr 0 00:00:10, Sys 0 00:00:01  -  Run Remote Usage
		Usr 0 00:00:00, Sys 0 00:00:00  -  Run Local Usage
		Usr 0 00:00:10, Sys 0 00:00:01  -  Total Remote Usage
		Usr 0 00:00:00, Sys 0 00:00:00  -  Total Local Usage
	0  -  Run Bytes Sent By Job
	0  -  Run Bytes Received By Job
	0  -  Total Bytes Sent By Job
	0  -  Total Bytes Received By Job
	Partitionable Resources :    Usage  Request Allocated 
	   Cpus                 :                 1         1 
	   Disk (KB)            :        1        1    129249 
	   Memory (MB)          :      183     3900      3968 

	Job terminated of its own accord at 2022-03-30T03:38:12Z.
...
006 (126646.010.000) 2022-03-30 12:38:12 Image size of job updated: 651324
	183  -  MemoryUsage of job (MB)
	186884  -  ResidentSetSize of job (KB)
...
005 (126646.010.000) 2022-03-30 12:38:12 Job terminated.
	(1) Normal termination (return value 0)
		Usr 0 00:00:14, Sys 0 00:00:01  -  Run Remote Usage
		Usr 0 00:00:00, Sys 0 00:00:00  -  Run Local Usage
		Usr 0 00:00:14, Sys 0 00:00:01  -  Total Remote Usage
		Usr 0 00:00:00, Sys 0 00:00:00  -  Total Local Usage
	0  -  Run Bytes Sent By Job
	0  -  Run Bytes Received By Job
	0  -  Total Bytes Sent By Job
	0  -  Total Bytes Received By Job
	Partitionable Resources :    Usage  Request Allocated 
	   Cpus                 :                 1         1 
	   Disk (KB)            :        1        1    129249 
	   Memory (MB)          :      183     3900      3968 

	Job terminated of its own accord at 2022-03-30T03:38:12Z.
...
006 (126646.001.000) 2022-03-30 12:38:13 Image size of job updated: 689896
	183  -  MemoryUsage of job (MB)
	186812  -  ResidentSetSize of job (KB)
...
005 (126646.001.000) 2022-03-30 12:38:13 Job terminated.
	(1) Normal termination (return value 0)
		Usr 0 00:00:11, Sys 0 00:00:01  -  Run Remote Usage
		Usr 0 00:00:00, Sys 0 00:00:00  -  Run Local Usage
		Usr 0 00:00:11, Sys 0 00:00:01  -  Total Remote Usage
		Usr 0 00:00:00, Sys 0 00:00:00  -  Total Local Usage
	0  -  Run Bytes Sent By Job
	0  -  Run Bytes Received By Job
	0  -  Total Bytes Sent By Job
	0  -  Total Bytes Received By Job
	Partitionable Resources :    Usage  Request Allocated 
	   Cpus                 :                 1         1 
	   Disk (KB)            :        1        1    129249 
	   Memory (MB)          :      183     3900      3968 

	Job terminated of its own accord at 2022-03-30T03:38:13Z.
...
006 (126646.006.000) 2022-03-30 12:38:14 Image size of job updated: 689608
	183  -  MemoryUsage of job (MB)
	186892  -  ResidentSetSize of job (KB)
...
005 (126646.006.000) 2022-03-30 12:38:14 Job terminated.
	(1) Normal termination (return value 0)
		Usr 0 00:00:13, Sys 0 00:00:01  -  Run Remote Usage
		Usr 0 00:00:00, Sys 0 00:00:00  -  Run Local Usage
		Usr 0 00:00:13, Sys 0 00:00:01  -  Total Remote Usage
		Usr 0 00:00:00, Sys 0 00:00:00  -  Total Local Usage
	0  -  Run Bytes Sent By Job
	0  -  Run Bytes Received By Job
	0  -  Total Bytes Sent By Job
	0  -  Total Bytes Received By Job
	Partitionable Resources :    Usage  Request Allocated 
	   Cpus                 :                 1         1 
	   Disk (KB)            :        1        1    129249 
	   Memory (MB)          :      183     3900      3968 

	Job terminated of its own accord at 2022-03-30T03:38:14Z.
...
006 (126646.000.000) 2022-03-30 12:38:14 Image size of job updated: 689860
	183  -  MemoryUsage of job (MB)
	186844  -  ResidentSetSize of job (KB)
...
005 (126646.000.000) 2022-03-30 12:38:14 Job terminated.
	(1) Normal termination (return value 0)
		Usr 0 00:00:12, Sys 0 00:00:01  -  Run Remote Usage
		Usr 0 00:00:00, Sys 0 00:00:00  -  Run Local Usage
		Usr 0 00:00:12, Sys 0 00:00:01  -  Total Remote Usage
		Usr 0 00:00:00, Sys 0 00:00:00  -  Total Local Usage
	0  -  Run Bytes Sent By Job
	0  -  Run Bytes Received By Job
	0  -  Total Bytes Sent By Job
	0  -  Total Bytes Received By Job
	Partitionable Resources :    Usage  Request Allocated 
	   Cpus                 :                 1         1 
	   Disk (KB)            :        1        1    129249 
	   Memory (MB)          :      183     3900      3968 

	Job terminated of its own accord at 2022-03-30T03:38:14Z.
...
006 (126646.004.000) 2022-03-30 12:38:46 Image size of job updated: 689580
	200  -  MemoryUsage of job (MB)
	203872  -  ResidentSetSize of job (KB)
...
005 (126646.004.000) 2022-03-30 12:38:46 Job terminated.
	(1) Normal termination (return value 0)
		Usr 0 00:00:42, Sys 0 00:00:02  -  Run Remote Usage
		Usr 0 00:00:00, Sys 0 00:00:00  -  Run Local Usage
		Usr 0 00:00:42, Sys 0 00:00:02  -  Total Remote Usage
		Usr 0 00:00:00, Sys 0 00:00:00  -  Total Local Usage
	0  -  Run Bytes Sent By Job
	0  -  Run Bytes Received By Job
	0  -  Total Bytes Sent By Job
	0  -  Total Bytes Received By Job
	Partitionable Resources :    Usage  Request Allocated 
	   Cpus                 :                 1         1 
	   Disk (KB)            :        1        1    129249 
	   Memory (MB)          :      200     3900      3968 

	Job terminated of its own accord at 2022-03-30T03:38:46Z.
...
