000 (126802.000.000) 2022-03-30 13:41:29 Job submitted from host: <172.30.1.200:9618?addrs=172.30.1.200-9618&alias=tamsa2.snu.ac.kr&noUDP&sock=schedd_3154_f5cb>
...
000 (126802.001.000) 2022-03-30 13:41:29 Job submitted from host: <172.30.1.200:9618?addrs=172.30.1.200-9618&alias=tamsa2.snu.ac.kr&noUDP&sock=schedd_3154_f5cb>
...
000 (126802.002.000) 2022-03-30 13:41:29 Job submitted from host: <172.30.1.200:9618?addrs=172.30.1.200-9618&alias=tamsa2.snu.ac.kr&noUDP&sock=schedd_3154_f5cb>
...
000 (126802.003.000) 2022-03-30 13:41:29 Job submitted from host: <172.30.1.200:9618?addrs=172.30.1.200-9618&alias=tamsa2.snu.ac.kr&noUDP&sock=schedd_3154_f5cb>
...
000 (126802.004.000) 2022-03-30 13:41:29 Job submitted from host: <172.30.1.200:9618?addrs=172.30.1.200-9618&alias=tamsa2.snu.ac.kr&noUDP&sock=schedd_3154_f5cb>
...
000 (126802.005.000) 2022-03-30 13:41:29 Job submitted from host: <172.30.1.200:9618?addrs=172.30.1.200-9618&alias=tamsa2.snu.ac.kr&noUDP&sock=schedd_3154_f5cb>
...
000 (126802.006.000) 2022-03-30 13:41:29 Job submitted from host: <172.30.1.200:9618?addrs=172.30.1.200-9618&alias=tamsa2.snu.ac.kr&noUDP&sock=schedd_3154_f5cb>
...
000 (126802.007.000) 2022-03-30 13:41:29 Job submitted from host: <172.30.1.200:9618?addrs=172.30.1.200-9618&alias=tamsa2.snu.ac.kr&noUDP&sock=schedd_3154_f5cb>
...
000 (126802.008.000) 2022-03-30 13:41:29 Job submitted from host: <172.30.1.200:9618?addrs=172.30.1.200-9618&alias=tamsa2.snu.ac.kr&noUDP&sock=schedd_3154_f5cb>
...
000 (126802.009.000) 2022-03-30 13:41:29 Job submitted from host: <172.30.1.200:9618?addrs=172.30.1.200-9618&alias=tamsa2.snu.ac.kr&noUDP&sock=schedd_3154_f5cb>
...
000 (126802.010.000) 2022-03-30 13:41:29 Job submitted from host: <172.30.1.200:9618?addrs=172.30.1.200-9618&alias=tamsa2.snu.ac.kr&noUDP&sock=schedd_3154_f5cb>
...
000 (126802.011.000) 2022-03-30 13:41:29 Job submitted from host: <172.30.1.200:9618?addrs=172.30.1.200-9618&alias=tamsa2.snu.ac.kr&noUDP&sock=schedd_3154_f5cb>
...
000 (126802.012.000) 2022-03-30 13:41:29 Job submitted from host: <172.30.1.200:9618?addrs=172.30.1.200-9618&alias=tamsa2.snu.ac.kr&noUDP&sock=schedd_3154_f5cb>
...
000 (126802.013.000) 2022-03-30 13:41:29 Job submitted from host: <172.30.1.200:9618?addrs=172.30.1.200-9618&alias=tamsa2.snu.ac.kr&noUDP&sock=schedd_3154_f5cb>
...
000 (126802.014.000) 2022-03-30 13:41:29 Job submitted from host: <172.30.1.200:9618?addrs=172.30.1.200-9618&alias=tamsa2.snu.ac.kr&noUDP&sock=schedd_3154_f5cb>
...
000 (126802.015.000) 2022-03-30 13:41:29 Job submitted from host: <172.30.1.200:9618?addrs=172.30.1.200-9618&alias=tamsa2.snu.ac.kr&noUDP&sock=schedd_3154_f5cb>
...
000 (126802.016.000) 2022-03-30 13:41:29 Job submitted from host: <172.30.1.200:9618?addrs=172.30.1.200-9618&alias=tamsa2.snu.ac.kr&noUDP&sock=schedd_3154_f5cb>
...
000 (126802.017.000) 2022-03-30 13:41:29 Job submitted from host: <172.30.1.200:9618?addrs=172.30.1.200-9618&alias=tamsa2.snu.ac.kr&noUDP&sock=schedd_3154_f5cb>
...
000 (126802.018.000) 2022-03-30 13:41:29 Job submitted from host: <172.30.1.200:9618?addrs=172.30.1.200-9618&alias=tamsa2.snu.ac.kr&noUDP&sock=schedd_3154_f5cb>
...
000 (126802.019.000) 2022-03-30 13:41:29 Job submitted from host: <172.30.1.200:9618?addrs=172.30.1.200-9618&alias=tamsa2.snu.ac.kr&noUDP&sock=schedd_3154_f5cb>
...
001 (126802.000.000) 2022-03-30 13:41:44 Job executing on host: <172.30.1.204:9618?addrs=172.30.1.204-9618&alias=node4&noUDP&sock=startd_3623_a7b6>
...
001 (126802.001.000) 2022-03-30 13:41:44 Job executing on host: <172.30.1.204:9618?addrs=172.30.1.204-9618&alias=node4&noUDP&sock=startd_3623_a7b6>
...
001 (126802.002.000) 2022-03-30 13:41:44 Job executing on host: <172.30.1.204:9618?addrs=172.30.1.204-9618&alias=node4&noUDP&sock=startd_3623_a7b6>
...
001 (126802.003.000) 2022-03-30 13:41:44 Job executing on host: <172.30.1.204:9618?addrs=172.30.1.204-9618&alias=node4&noUDP&sock=startd_3623_a7b6>
...
001 (126802.004.000) 2022-03-30 13:41:44 Job executing on host: <172.30.1.204:9618?addrs=172.30.1.204-9618&alias=node4&noUDP&sock=startd_3623_a7b6>
...
001 (126802.005.000) 2022-03-30 13:41:44 Job executing on host: <172.30.1.204:9618?addrs=172.30.1.204-9618&alias=node4&noUDP&sock=startd_3623_a7b6>
...
001 (126802.006.000) 2022-03-30 13:41:44 Job executing on host: <172.30.1.204:9618?addrs=172.30.1.204-9618&alias=node4&noUDP&sock=startd_3623_a7b6>
...
001 (126802.007.000) 2022-03-30 13:41:44 Job executing on host: <172.30.1.204:9618?addrs=172.30.1.204-9618&alias=node4&noUDP&sock=startd_3623_a7b6>
...
001 (126802.008.000) 2022-03-30 13:41:44 Job executing on host: <172.30.1.204:9618?addrs=172.30.1.204-9618&alias=node4&noUDP&sock=startd_3623_a7b6>
...
001 (126802.009.000) 2022-03-30 13:41:44 Job executing on host: <172.30.1.204:9618?addrs=172.30.1.204-9618&alias=node4&noUDP&sock=startd_3623_a7b6>
...
001 (126802.010.000) 2022-03-30 13:41:44 Job executing on host: <172.30.1.204:9618?addrs=172.30.1.204-9618&alias=node4&noUDP&sock=startd_3623_a7b6>
...
001 (126802.011.000) 2022-03-30 13:41:44 Job executing on host: <172.30.1.204:9618?addrs=172.30.1.204-9618&alias=node4&noUDP&sock=startd_3623_a7b6>
...
001 (126802.012.000) 2022-03-30 13:41:45 Job executing on host: <172.30.1.204:9618?addrs=172.30.1.204-9618&alias=node4&noUDP&sock=startd_3623_a7b6>
...
001 (126802.013.000) 2022-03-30 13:41:45 Job executing on host: <172.30.1.204:9618?addrs=172.30.1.204-9618&alias=node4&noUDP&sock=startd_3623_a7b6>
...
001 (126802.014.000) 2022-03-30 13:41:45 Job executing on host: <172.30.1.204:9618?addrs=172.30.1.204-9618&alias=node4&noUDP&sock=startd_3623_a7b6>
...
001 (126802.015.000) 2022-03-30 13:41:45 Job executing on host: <172.30.1.204:9618?addrs=172.30.1.204-9618&alias=node4&noUDP&sock=startd_3623_a7b6>
...
001 (126802.016.000) 2022-03-30 13:41:45 Job executing on host: <172.30.1.204:9618?addrs=172.30.1.204-9618&alias=node4&noUDP&sock=startd_3623_a7b6>
...
001 (126802.017.000) 2022-03-30 13:41:45 Job executing on host: <172.30.1.204:9618?addrs=172.30.1.204-9618&alias=node4&noUDP&sock=startd_3623_a7b6>
...
001 (126802.018.000) 2022-03-30 13:41:45 Job executing on host: <172.30.1.204:9618?addrs=172.30.1.204-9618&alias=node4&noUDP&sock=startd_3623_a7b6>
...
001 (126802.019.000) 2022-03-30 13:41:45 Job executing on host: <172.30.1.204:9618?addrs=172.30.1.204-9618&alias=node4&noUDP&sock=startd_3623_a7b6>
...
006 (126802.000.000) 2022-03-30 13:41:52 Image size of job updated: 476808
	155  -  MemoryUsage of job (MB)
	157760  -  ResidentSetSize of job (KB)
...
006 (126802.001.000) 2022-03-30 13:41:52 Image size of job updated: 476808
	156  -  MemoryUsage of job (MB)
	158732  -  ResidentSetSize of job (KB)
...
006 (126802.002.000) 2022-03-30 13:41:52 Image size of job updated: 476968
	157  -  MemoryUsage of job (MB)
	160000  -  ResidentSetSize of job (KB)
...
006 (126802.011.000) 2022-03-30 13:41:53 Image size of job updated: 478404
	164  -  MemoryUsage of job (MB)
	167308  -  ResidentSetSize of job (KB)
...
006 (126802.012.000) 2022-03-30 13:41:53 Image size of job updated: 477100
	168  -  MemoryUsage of job (MB)
	171844  -  ResidentSetSize of job (KB)
...
006 (126802.013.000) 2022-03-30 13:41:53 Image size of job updated: 477100
	182  -  MemoryUsage of job (MB)
	185428  -  ResidentSetSize of job (KB)
...
006 (126802.014.000) 2022-03-30 13:41:53 Image size of job updated: 477392
	172  -  MemoryUsage of job (MB)
	175636  -  ResidentSetSize of job (KB)
...
006 (126802.015.000) 2022-03-30 13:41:53 Image size of job updated: 477392
	183  -  MemoryUsage of job (MB)
	187276  -  ResidentSetSize of job (KB)
...
006 (126802.016.000) 2022-03-30 13:41:53 Image size of job updated: 477392
	176  -  MemoryUsage of job (MB)
	179444  -  ResidentSetSize of job (KB)
...
006 (126802.017.000) 2022-03-30 13:41:53 Image size of job updated: 477392
	180  -  MemoryUsage of job (MB)
	183944  -  ResidentSetSize of job (KB)
...
006 (126802.018.000) 2022-03-30 13:41:53 Image size of job updated: 477392
	183  -  MemoryUsage of job (MB)
	187292  -  ResidentSetSize of job (KB)
...
006 (126802.003.000) 2022-03-30 13:41:53 Image size of job updated: 476808
	180  -  MemoryUsage of job (MB)
	183952  -  ResidentSetSize of job (KB)
...
006 (126802.004.000) 2022-03-30 13:41:53 Image size of job updated: 480736
	152  -  MemoryUsage of job (MB)
	154808  -  ResidentSetSize of job (KB)
...
006 (126802.005.000) 2022-03-30 13:41:53 Image size of job updated: 478404
	180  -  MemoryUsage of job (MB)
	183952  -  ResidentSetSize of job (KB)
...
006 (126802.006.000) 2022-03-30 13:41:53 Image size of job updated: 480736
	183  -  MemoryUsage of job (MB)
	187288  -  ResidentSetSize of job (KB)
...
006 (126802.007.000) 2022-03-30 13:41:53 Image size of job updated: 476580
	183  -  MemoryUsage of job (MB)
	187336  -  ResidentSetSize of job (KB)
...
006 (126802.008.000) 2022-03-30 13:41:53 Image size of job updated: 480736
	180  -  MemoryUsage of job (MB)
	184152  -  ResidentSetSize of job (KB)
...
006 (126802.009.000) 2022-03-30 13:41:53 Image size of job updated: 477100
	183  -  MemoryUsage of job (MB)
	187280  -  ResidentSetSize of job (KB)
...
006 (126802.010.000) 2022-03-30 13:41:53 Image size of job updated: 480736
	183  -  MemoryUsage of job (MB)
	187284  -  ResidentSetSize of job (KB)
...
006 (126802.019.000) 2022-03-30 13:41:54 Image size of job updated: 477392
	183  -  MemoryUsage of job (MB)
	187284  -  ResidentSetSize of job (KB)
...
006 (126802.013.000) 2022-03-30 13:41:55 Image size of job updated: 477100
	182  -  MemoryUsage of job (MB)
	185440  -  ResidentSetSize of job (KB)
...
005 (126802.013.000) 2022-03-30 13:41:55 Job terminated.
	(1) Normal termination (return value 0)
		Usr 0 00:00:05, Sys 0 00:00:01  -  Run Remote Usage
		Usr 0 00:00:00, Sys 0 00:00:00  -  Run Local Usage
		Usr 0 00:00:05, Sys 0 00:00:01  -  Total Remote Usage
		Usr 0 00:00:00, Sys 0 00:00:00  -  Total Local Usage
	0  -  Run Bytes Sent By Job
	0  -  Run Bytes Received By Job
	0  -  Total Bytes Sent By Job
	0  -  Total Bytes Received By Job
	Partitionable Resources :    Usage  Request Allocated 
	   Cpus                 :                 1         1 
	   Disk (KB)            :        1        1    129249 
	   Memory (MB)          :      182     3900      3968 

	Job terminated of its own accord at 2022-03-30T04:41:55Z.
...
006 (126802.018.000) 2022-03-30 13:41:56 Image size of job updated: 662448
	183  -  MemoryUsage of job (MB)
	187292  -  ResidentSetSize of job (KB)
...
005 (126802.018.000) 2022-03-30 13:41:56 Job terminated.
	(1) Normal termination (return value 0)
		Usr 0 00:00:06, Sys 0 00:00:01  -  Run Remote Usage
		Usr 0 00:00:00, Sys 0 00:00:00  -  Run Local Usage
		Usr 0 00:00:06, Sys 0 00:00:01  -  Total Remote Usage
		Usr 0 00:00:00, Sys 0 00:00:00  -  Total Local Usage
	0  -  Run Bytes Sent By Job
	0  -  Run Bytes Received By Job
	0  -  Total Bytes Sent By Job
	0  -  Total Bytes Received By Job
	Partitionable Resources :    Usage  Request Allocated 
	   Cpus                 :                 1         1 
	   Disk (KB)            :        1        1    129249 
	   Memory (MB)          :      183     3900      3968 

	Job terminated of its own accord at 2022-03-30T04:41:56Z.
...
006 (126802.007.000) 2022-03-30 13:41:56 Image size of job updated: 689784
	183  -  MemoryUsage of job (MB)
	187336  -  ResidentSetSize of job (KB)
...
005 (126802.007.000) 2022-03-30 13:41:56 Job terminated.
	(1) Normal termination (return value 0)
		Usr 0 00:00:06, Sys 0 00:00:02  -  Run Remote Usage
		Usr 0 00:00:00, Sys 0 00:00:00  -  Run Local Usage
		Usr 0 00:00:06, Sys 0 00:00:02  -  Total Remote Usage
		Usr 0 00:00:00, Sys 0 00:00:00  -  Total Local Usage
	0  -  Run Bytes Sent By Job
	0  -  Run Bytes Received By Job
	0  -  Total Bytes Sent By Job
	0  -  Total Bytes Received By Job
	Partitionable Resources :    Usage  Request Allocated 
	   Cpus                 :                 1         1 
	   Disk (KB)            :        1        1    129249 
	   Memory (MB)          :      183     3900      3968 

	Job terminated of its own accord at 2022-03-30T04:41:56Z.
...
006 (126802.011.000) 2022-03-30 13:41:58 Image size of job updated: 648908
	164  -  MemoryUsage of job (MB)
	167316  -  ResidentSetSize of job (KB)
...
005 (126802.011.000) 2022-03-30 13:41:58 Job terminated.
	(1) Normal termination (return value 0)
		Usr 0 00:00:07, Sys 0 00:00:02  -  Run Remote Usage
		Usr 0 00:00:00, Sys 0 00:00:00  -  Run Local Usage
		Usr 0 00:00:07, Sys 0 00:00:02  -  Total Remote Usage
		Usr 0 00:00:00, Sys 0 00:00:00  -  Total Local Usage
	0  -  Run Bytes Sent By Job
	0  -  Run Bytes Received By Job
	0  -  Total Bytes Sent By Job
	0  -  Total Bytes Received By Job
	Partitionable Resources :    Usage  Request Allocated 
	   Cpus                 :                 1         1 
	   Disk (KB)            :        1        1    129249 
	   Memory (MB)          :      164     3900      3968 

	Job terminated of its own accord at 2022-03-30T04:41:58Z.
...
006 (126802.001.000) 2022-03-30 13:41:59 Image size of job updated: 689768
	156  -  MemoryUsage of job (MB)
	158732  -  ResidentSetSize of job (KB)
...
005 (126802.001.000) 2022-03-30 13:41:59 Job terminated.
	(1) Normal termination (return value 0)
		Usr 0 00:00:08, Sys 0 00:00:02  -  Run Remote Usage
		Usr 0 00:00:00, Sys 0 00:00:00  -  Run Local Usage
		Usr 0 00:00:08, Sys 0 00:00:02  -  Total Remote Usage
		Usr 0 00:00:00, Sys 0 00:00:00  -  Total Local Usage
	0  -  Run Bytes Sent By Job
	0  -  Run Bytes Received By Job
	0  -  Total Bytes Sent By Job
	0  -  Total Bytes Received By Job
	Partitionable Resources :    Usage  Request Allocated 
	   Cpus                 :                 1         1 
	   Disk (KB)            :        1        1    129249 
	   Memory (MB)          :      156     3900      3968 

	Job terminated of its own accord at 2022-03-30T04:41:59Z.
...
006 (126802.002.000) 2022-03-30 13:41:59 Image size of job updated: 689488
	157  -  MemoryUsage of job (MB)
	160012  -  ResidentSetSize of job (KB)
...
006 (126802.015.000) 2022-03-30 13:41:59 Image size of job updated: 687808
	183  -  MemoryUsage of job (MB)
	187276  -  ResidentSetSize of job (KB)
...
005 (126802.015.000) 2022-03-30 13:41:59 Job terminated.
	(1) Normal termination (return value 0)
		Usr 0 00:00:08, Sys 0 00:00:01  -  Run Remote Usage
		Usr 0 00:00:00, Sys 0 00:00:00  -  Run Local Usage
		Usr 0 00:00:08, Sys 0 00:00:01  -  Total Remote Usage
		Usr 0 00:00:00, Sys 0 00:00:00  -  Total Local Usage
	0  -  Run Bytes Sent By Job
	0  -  Run Bytes Received By Job
	0  -  Total Bytes Sent By Job
	0  -  Total Bytes Received By Job
	Partitionable Resources :    Usage  Request Allocated 
	   Cpus                 :                 1         1 
	   Disk (KB)            :        1        1    129249 
	   Memory (MB)          :      183     3900      3968 

	Job terminated of its own accord at 2022-03-30T04:41:59Z.
...
005 (126802.002.000) 2022-03-30 13:41:59 Job terminated.
	(1) Normal termination (return value 0)
		Usr 0 00:00:09, Sys 0 00:00:02  -  Run Remote Usage
		Usr 0 00:00:00, Sys 0 00:00:00  -  Run Local Usage
		Usr 0 00:00:09, Sys 0 00:00:02  -  Total Remote Usage
		Usr 0 00:00:00, Sys 0 00:00:00  -  Total Local Usage
	0  -  Run Bytes Sent By Job
	0  -  Run Bytes Received By Job
	0  -  Total Bytes Sent By Job
	0  -  Total Bytes Received By Job
	Partitionable Resources :    Usage  Request Allocated 
	   Cpus                 :                 1         1 
	   Disk (KB)            :        1        1    129249 
	   Memory (MB)          :      157     3900      3968 

	Job terminated of its own accord at 2022-03-30T04:41:59Z.
...
006 (126802.016.000) 2022-03-30 13:41:59 Image size of job updated: 689880
	176  -  MemoryUsage of job (MB)
	179444  -  ResidentSetSize of job (KB)
...
006 (126802.017.000) 2022-03-30 13:41:59 Image size of job updated: 687912
	180  -  MemoryUsage of job (MB)
	183944  -  ResidentSetSize of job (KB)
...
005 (126802.016.000) 2022-03-30 13:41:59 Job terminated.
	(1) Normal termination (return value 0)
		Usr 0 00:00:09, Sys 0 00:00:01  -  Run Remote Usage
		Usr 0 00:00:00, Sys 0 00:00:00  -  Run Local Usage
		Usr 0 00:00:09, Sys 0 00:00:01  -  Total Remote Usage
		Usr 0 00:00:00, Sys 0 00:00:00  -  Total Local Usage
	0  -  Run Bytes Sent By Job
	0  -  Run Bytes Received By Job
	0  -  Total Bytes Sent By Job
	0  -  Total Bytes Received By Job
	Partitionable Resources :    Usage  Request Allocated 
	   Cpus                 :                 1         1 
	   Disk (KB)            :        1        1    129249 
	   Memory (MB)          :      176     3900      3968 

	Job terminated of its own accord at 2022-03-30T04:41:59Z.
...
005 (126802.017.000) 2022-03-30 13:41:59 Job terminated.
	(1) Normal termination (return value 0)
		Usr 0 00:00:09, Sys 0 00:00:02  -  Run Remote Usage
		Usr 0 00:00:00, Sys 0 00:00:00  -  Run Local Usage
		Usr 0 00:00:09, Sys 0 00:00:02  -  Total Remote Usage
		Usr 0 00:00:00, Sys 0 00:00:00  -  Total Local Usage
	0  -  Run Bytes Sent By Job
	0  -  Run Bytes Received By Job
	0  -  Total Bytes Sent By Job
	0  -  Total Bytes Received By Job
	Partitionable Resources :    Usage  Request Allocated 
	   Cpus                 :                 1         1 
	   Disk (KB)            :        1        1    129249 
	   Memory (MB)          :      180     3900      3968 

	Job terminated of its own accord at 2022-03-30T04:41:59Z.
...
006 (126802.003.000) 2022-03-30 13:41:59 Image size of job updated: 689780
	180  -  MemoryUsage of job (MB)
	183952  -  ResidentSetSize of job (KB)
...
006 (126802.000.000) 2022-03-30 13:41:59 Image size of job updated: 689824
	155  -  MemoryUsage of job (MB)
	157760  -  ResidentSetSize of job (KB)
...
005 (126802.000.000) 2022-03-30 13:41:59 Job terminated.
	(1) Normal termination (return value 0)
		Usr 0 00:00:09, Sys 0 00:00:02  -  Run Remote Usage
		Usr 0 00:00:00, Sys 0 00:00:00  -  Run Local Usage
		Usr 0 00:00:09, Sys 0 00:00:02  -  Total Remote Usage
		Usr 0 00:00:00, Sys 0 00:00:00  -  Total Local Usage
	0  -  Run Bytes Sent By Job
	0  -  Run Bytes Received By Job
	0  -  Total Bytes Sent By Job
	0  -  Total Bytes Received By Job
	Partitionable Resources :    Usage  Request Allocated 
	   Cpus                 :                 1         1 
	   Disk (KB)            :        1        1    129249 
	   Memory (MB)          :      155     3900      3968 

	Job terminated of its own accord at 2022-03-30T04:41:59Z.
...
006 (126802.006.000) 2022-03-30 13:41:59 Image size of job updated: 689820
	183  -  MemoryUsage of job (MB)
	187288  -  ResidentSetSize of job (KB)
...
005 (126802.003.000) 2022-03-30 13:41:59 Job terminated.
	(1) Normal termination (return value 0)
		Usr 0 00:00:09, Sys 0 00:00:02  -  Run Remote Usage
		Usr 0 00:00:00, Sys 0 00:00:00  -  Run Local Usage
		Usr 0 00:00:09, Sys 0 00:00:02  -  Total Remote Usage
		Usr 0 00:00:00, Sys 0 00:00:00  -  Total Local Usage
	0  -  Run Bytes Sent By Job
	0  -  Run Bytes Received By Job
	0  -  Total Bytes Sent By Job
	0  -  Total Bytes Received By Job
	Partitionable Resources :    Usage  Request Allocated 
	   Cpus                 :                 1         1 
	   Disk (KB)            :        1        1    129249 
	   Memory (MB)          :      180     3900      3968 

	Job terminated of its own accord at 2022-03-30T04:41:59Z.
...
005 (126802.006.000) 2022-03-30 13:41:59 Job terminated.
	(1) Normal termination (return value 0)
		Usr 0 00:00:09, Sys 0 00:00:02  -  Run Remote Usage
		Usr 0 00:00:00, Sys 0 00:00:00  -  Run Local Usage
		Usr 0 00:00:09, Sys 0 00:00:02  -  Total Remote Usage
		Usr 0 00:00:00, Sys 0 00:00:00  -  Total Local Usage
	0  -  Run Bytes Sent By Job
	0  -  Run Bytes Received By Job
	0  -  Total Bytes Sent By Job
	0  -  Total Bytes Received By Job
	Partitionable Resources :    Usage  Request Allocated 
	   Cpus                 :                 1         1 
	   Disk (KB)            :        1        1    129249 
	   Memory (MB)          :      183     3900      3968 

	Job terminated of its own accord at 2022-03-30T04:41:59Z.
...
006 (126802.019.000) 2022-03-30 13:41:59 Image size of job updated: 689880
	183  -  MemoryUsage of job (MB)
	187284  -  ResidentSetSize of job (KB)
...
005 (126802.019.000) 2022-03-30 13:42:00 Job terminated.
	(1) Normal termination (return value 0)
		Usr 0 00:00:09, Sys 0 00:00:01  -  Run Remote Usage
		Usr 0 00:00:00, Sys 0 00:00:00  -  Run Local Usage
		Usr 0 00:00:09, Sys 0 00:00:01  -  Total Remote Usage
		Usr 0 00:00:00, Sys 0 00:00:00  -  Total Local Usage
	0  -  Run Bytes Sent By Job
	0  -  Run Bytes Received By Job
	0  -  Total Bytes Sent By Job
	0  -  Total Bytes Received By Job
	Partitionable Resources :    Usage  Request Allocated 
	   Cpus                 :                 1         1 
	   Disk (KB)            :        1        1    129249 
	   Memory (MB)          :      183     3900      3968 

	Job terminated of its own accord at 2022-03-30T04:41:59Z.
...
006 (126802.005.000) 2022-03-30 13:42:00 Image size of job updated: 689792
	180  -  MemoryUsage of job (MB)
	183952  -  ResidentSetSize of job (KB)
...
005 (126802.005.000) 2022-03-30 13:42:00 Job terminated.
	(1) Normal termination (return value 0)
		Usr 0 00:00:09, Sys 0 00:00:02  -  Run Remote Usage
		Usr 0 00:00:00, Sys 0 00:00:00  -  Run Local Usage
		Usr 0 00:00:09, Sys 0 00:00:02  -  Total Remote Usage
		Usr 0 00:00:00, Sys 0 00:00:00  -  Total Local Usage
	0  -  Run Bytes Sent By Job
	0  -  Run Bytes Received By Job
	0  -  Total Bytes Sent By Job
	0  -  Total Bytes Received By Job
	Partitionable Resources :    Usage  Request Allocated 
	   Cpus                 :                 1         1 
	   Disk (KB)            :        1        1    129249 
	   Memory (MB)          :      180     3900      3968 

	Job terminated of its own accord at 2022-03-30T04:42:00Z.
...
006 (126802.010.000) 2022-03-30 13:42:00 Image size of job updated: 689712
	183  -  MemoryUsage of job (MB)
	187284  -  ResidentSetSize of job (KB)
...
005 (126802.010.000) 2022-03-30 13:42:00 Job terminated.
	(1) Normal termination (return value 0)
		Usr 0 00:00:10, Sys 0 00:00:01  -  Run Remote Usage
		Usr 0 00:00:00, Sys 0 00:00:00  -  Run Local Usage
		Usr 0 00:00:10, Sys 0 00:00:01  -  Total Remote Usage
		Usr 0 00:00:00, Sys 0 00:00:00  -  Total Local Usage
	0  -  Run Bytes Sent By Job
	0  -  Run Bytes Received By Job
	0  -  Total Bytes Sent By Job
	0  -  Total Bytes Received By Job
	Partitionable Resources :    Usage  Request Allocated 
	   Cpus                 :                 1         1 
	   Disk (KB)            :        1        1    129249 
	   Memory (MB)          :      183     3900      3968 

	Job terminated of its own accord at 2022-03-30T04:42:00Z.
...
006 (126802.008.000) 2022-03-30 13:42:00 Image size of job updated: 689932
	180  -  MemoryUsage of job (MB)
	184176  -  ResidentSetSize of job (KB)
...
006 (126802.009.000) 2022-03-30 13:42:00 Image size of job updated: 690000
	183  -  MemoryUsage of job (MB)
	187280  -  ResidentSetSize of job (KB)
...
005 (126802.008.000) 2022-03-30 13:42:00 Job terminated.
	(1) Normal termination (return value 0)
		Usr 0 00:00:10, Sys 0 00:00:02  -  Run Remote Usage
		Usr 0 00:00:00, Sys 0 00:00:00  -  Run Local Usage
		Usr 0 00:00:10, Sys 0 00:00:02  -  Total Remote Usage
		Usr 0 00:00:00, Sys 0 00:00:00  -  Total Local Usage
	0  -  Run Bytes Sent By Job
	0  -  Run Bytes Received By Job
	0  -  Total Bytes Sent By Job
	0  -  Total Bytes Received By Job
	Partitionable Resources :    Usage  Request Allocated 
	   Cpus                 :                 1         1 
	   Disk (KB)            :        1        1    129249 
	   Memory (MB)          :      180     3900      3968 

	Job terminated of its own accord at 2022-03-30T04:42:00Z.
...
005 (126802.009.000) 2022-03-30 13:42:00 Job terminated.
	(1) Normal termination (return value 0)
		Usr 0 00:00:10, Sys 0 00:00:02  -  Run Remote Usage
		Usr 0 00:00:00, Sys 0 00:00:00  -  Run Local Usage
		Usr 0 00:00:10, Sys 0 00:00:02  -  Total Remote Usage
		Usr 0 00:00:00, Sys 0 00:00:00  -  Total Local Usage
	0  -  Run Bytes Sent By Job
	0  -  Run Bytes Received By Job
	0  -  Total Bytes Sent By Job
	0  -  Total Bytes Received By Job
	Partitionable Resources :    Usage  Request Allocated 
	   Cpus                 :                 1         1 
	   Disk (KB)            :        1        1    129249 
	   Memory (MB)          :      183     3900      3968 

	Job terminated of its own accord at 2022-03-30T04:42:00Z.
...
006 (126802.004.000) 2022-03-30 13:42:05 Image size of job updated: 689160
	152  -  MemoryUsage of job (MB)
	154808  -  ResidentSetSize of job (KB)
...
005 (126802.004.000) 2022-03-30 13:42:05 Job terminated.
	(1) Normal termination (return value 0)
		Usr 0 00:00:16, Sys 0 00:00:01  -  Run Remote Usage
		Usr 0 00:00:00, Sys 0 00:00:00  -  Run Local Usage
		Usr 0 00:00:16, Sys 0 00:00:01  -  Total Remote Usage
		Usr 0 00:00:00, Sys 0 00:00:00  -  Total Local Usage
	0  -  Run Bytes Sent By Job
	0  -  Run Bytes Received By Job
	0  -  Total Bytes Sent By Job
	0  -  Total Bytes Received By Job
	Partitionable Resources :    Usage  Request Allocated 
	   Cpus                 :                 1         1 
	   Disk (KB)            :        1        1    129249 
	   Memory (MB)          :      152     3900      3968 

	Job terminated of its own accord at 2022-03-30T04:42:05Z.
...
006 (126802.012.000) 2022-03-30 13:42:09 Image size of job updated: 648912
	168  -  MemoryUsage of job (MB)
	171848  -  ResidentSetSize of job (KB)
...
005 (126802.012.000) 2022-03-30 13:42:09 Job terminated.
	(1) Normal termination (return value 0)
		Usr 0 00:00:18, Sys 0 00:00:02  -  Run Remote Usage
		Usr 0 00:00:00, Sys 0 00:00:00  -  Run Local Usage
		Usr 0 00:00:18, Sys 0 00:00:02  -  Total Remote Usage
		Usr 0 00:00:00, Sys 0 00:00:00  -  Total Local Usage
	0  -  Run Bytes Sent By Job
	0  -  Run Bytes Received By Job
	0  -  Total Bytes Sent By Job
	0  -  Total Bytes Received By Job
	Partitionable Resources :    Usage  Request Allocated 
	   Cpus                 :                 1         1 
	   Disk (KB)            :        1        1    129249 
	   Memory (MB)          :      168     3900      3968 

	Job terminated of its own accord at 2022-03-30T04:42:09Z.
...
006 (126802.014.000) 2022-03-30 13:42:47 Image size of job updated: 684144
	172  -  MemoryUsage of job (MB)
	175828  -  ResidentSetSize of job (KB)
...
005 (126802.014.000) 2022-03-30 13:42:47 Job terminated.
	(1) Normal termination (return value 0)
		Usr 0 00:00:56, Sys 0 00:00:02  -  Run Remote Usage
		Usr 0 00:00:00, Sys 0 00:00:00  -  Run Local Usage
		Usr 0 00:00:56, Sys 0 00:00:02  -  Total Remote Usage
		Usr 0 00:00:00, Sys 0 00:00:00  -  Total Local Usage
	0  -  Run Bytes Sent By Job
	0  -  Run Bytes Received By Job
	0  -  Total Bytes Sent By Job
	0  -  Total Bytes Received By Job
	Partitionable Resources :    Usage  Request Allocated 
	   Cpus                 :                 1         1 
	   Disk (KB)            :        1        1    129249 
	   Memory (MB)          :      172     3900      3968 

	Job terminated of its own accord at 2022-03-30T04:42:47Z.
...
