000 (127783.000.000) 2022-03-31 13:57:43 Job submitted from host: <172.30.1.200:9618?addrs=172.30.1.200-9618&alias=tamsa2.snu.ac.kr&noUDP&sock=schedd_3154_f5cb>
...
000 (127783.001.000) 2022-03-31 13:57:43 Job submitted from host: <172.30.1.200:9618?addrs=172.30.1.200-9618&alias=tamsa2.snu.ac.kr&noUDP&sock=schedd_3154_f5cb>
...
000 (127783.002.000) 2022-03-31 13:57:43 Job submitted from host: <172.30.1.200:9618?addrs=172.30.1.200-9618&alias=tamsa2.snu.ac.kr&noUDP&sock=schedd_3154_f5cb>
...
000 (127783.003.000) 2022-03-31 13:57:43 Job submitted from host: <172.30.1.200:9618?addrs=172.30.1.200-9618&alias=tamsa2.snu.ac.kr&noUDP&sock=schedd_3154_f5cb>
...
000 (127783.004.000) 2022-03-31 13:57:43 Job submitted from host: <172.30.1.200:9618?addrs=172.30.1.200-9618&alias=tamsa2.snu.ac.kr&noUDP&sock=schedd_3154_f5cb>
...
000 (127783.005.000) 2022-03-31 13:57:43 Job submitted from host: <172.30.1.200:9618?addrs=172.30.1.200-9618&alias=tamsa2.snu.ac.kr&noUDP&sock=schedd_3154_f5cb>
...
000 (127783.006.000) 2022-03-31 13:57:43 Job submitted from host: <172.30.1.200:9618?addrs=172.30.1.200-9618&alias=tamsa2.snu.ac.kr&noUDP&sock=schedd_3154_f5cb>
...
000 (127783.007.000) 2022-03-31 13:57:43 Job submitted from host: <172.30.1.200:9618?addrs=172.30.1.200-9618&alias=tamsa2.snu.ac.kr&noUDP&sock=schedd_3154_f5cb>
...
000 (127783.008.000) 2022-03-31 13:57:43 Job submitted from host: <172.30.1.200:9618?addrs=172.30.1.200-9618&alias=tamsa2.snu.ac.kr&noUDP&sock=schedd_3154_f5cb>
...
000 (127783.009.000) 2022-03-31 13:57:43 Job submitted from host: <172.30.1.200:9618?addrs=172.30.1.200-9618&alias=tamsa2.snu.ac.kr&noUDP&sock=schedd_3154_f5cb>
...
000 (127783.010.000) 2022-03-31 13:57:43 Job submitted from host: <172.30.1.200:9618?addrs=172.30.1.200-9618&alias=tamsa2.snu.ac.kr&noUDP&sock=schedd_3154_f5cb>
...
000 (127783.011.000) 2022-03-31 13:57:43 Job submitted from host: <172.30.1.200:9618?addrs=172.30.1.200-9618&alias=tamsa2.snu.ac.kr&noUDP&sock=schedd_3154_f5cb>
...
000 (127783.012.000) 2022-03-31 13:57:43 Job submitted from host: <172.30.1.200:9618?addrs=172.30.1.200-9618&alias=tamsa2.snu.ac.kr&noUDP&sock=schedd_3154_f5cb>
...
000 (127783.013.000) 2022-03-31 13:57:43 Job submitted from host: <172.30.1.200:9618?addrs=172.30.1.200-9618&alias=tamsa2.snu.ac.kr&noUDP&sock=schedd_3154_f5cb>
...
000 (127783.014.000) 2022-03-31 13:57:43 Job submitted from host: <172.30.1.200:9618?addrs=172.30.1.200-9618&alias=tamsa2.snu.ac.kr&noUDP&sock=schedd_3154_f5cb>
...
000 (127783.015.000) 2022-03-31 13:57:43 Job submitted from host: <172.30.1.200:9618?addrs=172.30.1.200-9618&alias=tamsa2.snu.ac.kr&noUDP&sock=schedd_3154_f5cb>
...
000 (127783.016.000) 2022-03-31 13:57:43 Job submitted from host: <172.30.1.200:9618?addrs=172.30.1.200-9618&alias=tamsa2.snu.ac.kr&noUDP&sock=schedd_3154_f5cb>
...
000 (127783.017.000) 2022-03-31 13:57:43 Job submitted from host: <172.30.1.200:9618?addrs=172.30.1.200-9618&alias=tamsa2.snu.ac.kr&noUDP&sock=schedd_3154_f5cb>
...
000 (127783.018.000) 2022-03-31 13:57:43 Job submitted from host: <172.30.1.200:9618?addrs=172.30.1.200-9618&alias=tamsa2.snu.ac.kr&noUDP&sock=schedd_3154_f5cb>
...
000 (127783.019.000) 2022-03-31 13:57:43 Job submitted from host: <172.30.1.200:9618?addrs=172.30.1.200-9618&alias=tamsa2.snu.ac.kr&noUDP&sock=schedd_3154_f5cb>
...
001 (127783.017.000) 2022-03-31 13:57:52 Job executing on host: <172.30.1.206:9618?addrs=172.30.1.206-9618&alias=node6&noUDP&sock=startd_38667_ec9e>
...
001 (127783.019.000) 2022-03-31 13:57:52 Job executing on host: <172.30.1.206:9618?addrs=172.30.1.206-9618&alias=node6&noUDP&sock=startd_38667_ec9e>
...
001 (127783.018.000) 2022-03-31 13:57:52 Job executing on host: <172.30.1.206:9618?addrs=172.30.1.206-9618&alias=node6&noUDP&sock=startd_38667_ec9e>
...
001 (127783.000.000) 2022-03-31 13:57:53 Job executing on host: <172.30.1.205:9618?addrs=172.30.1.205-9618&alias=node5&noUDP&sock=startd_3654_eb26>
...
001 (127783.001.000) 2022-03-31 13:57:53 Job executing on host: <172.30.1.205:9618?addrs=172.30.1.205-9618&alias=node5&noUDP&sock=startd_3654_eb26>
...
001 (127783.002.000) 2022-03-31 13:57:53 Job executing on host: <172.30.1.205:9618?addrs=172.30.1.205-9618&alias=node5&noUDP&sock=startd_3654_eb26>
...
001 (127783.003.000) 2022-03-31 13:57:53 Job executing on host: <172.30.1.205:9618?addrs=172.30.1.205-9618&alias=node5&noUDP&sock=startd_3654_eb26>
...
001 (127783.004.000) 2022-03-31 13:57:53 Job executing on host: <172.30.1.205:9618?addrs=172.30.1.205-9618&alias=node5&noUDP&sock=startd_3654_eb26>
...
001 (127783.005.000) 2022-03-31 13:57:54 Job executing on host: <172.30.1.205:9618?addrs=172.30.1.205-9618&alias=node5&noUDP&sock=startd_3654_eb26>
...
001 (127783.006.000) 2022-03-31 13:57:54 Job executing on host: <172.30.1.205:9618?addrs=172.30.1.205-9618&alias=node5&noUDP&sock=startd_3654_eb26>
...
001 (127783.007.000) 2022-03-31 13:57:54 Job executing on host: <172.30.1.205:9618?addrs=172.30.1.205-9618&alias=node5&noUDP&sock=startd_3654_eb26>
...
001 (127783.009.000) 2022-03-31 13:57:54 Job executing on host: <172.30.1.205:9618?addrs=172.30.1.205-9618&alias=node5&noUDP&sock=startd_3654_eb26>
...
001 (127783.008.000) 2022-03-31 13:57:54 Job executing on host: <172.30.1.205:9618?addrs=172.30.1.205-9618&alias=node5&noUDP&sock=startd_3654_eb26>
...
001 (127783.011.000) 2022-03-31 13:57:54 Job executing on host: <172.30.1.205:9618?addrs=172.30.1.205-9618&alias=node5&noUDP&sock=startd_3654_eb26>
...
001 (127783.010.000) 2022-03-31 13:57:54 Job executing on host: <172.30.1.205:9618?addrs=172.30.1.205-9618&alias=node5&noUDP&sock=startd_3654_eb26>
...
001 (127783.013.000) 2022-03-31 13:57:54 Job executing on host: <172.30.1.205:9618?addrs=172.30.1.205-9618&alias=node5&noUDP&sock=startd_3654_eb26>
...
001 (127783.012.000) 2022-03-31 13:57:54 Job executing on host: <172.30.1.205:9618?addrs=172.30.1.205-9618&alias=node5&noUDP&sock=startd_3654_eb26>
...
001 (127783.014.000) 2022-03-31 13:57:54 Job executing on host: <172.30.1.205:9618?addrs=172.30.1.205-9618&alias=node5&noUDP&sock=startd_3654_eb26>
...
001 (127783.015.000) 2022-03-31 13:57:54 Job executing on host: <172.30.1.205:9618?addrs=172.30.1.205-9618&alias=node5&noUDP&sock=startd_3654_eb26>
...
001 (127783.016.000) 2022-03-31 13:57:54 Job executing on host: <172.30.1.205:9618?addrs=172.30.1.205-9618&alias=node5&noUDP&sock=startd_3654_eb26>
...
006 (127783.017.000) 2022-03-31 13:58:00 Image size of job updated: 194904
	183  -  MemoryUsage of job (MB)
	186528  -  ResidentSetSize of job (KB)
...
006 (127783.019.000) 2022-03-31 13:58:00 Image size of job updated: 192440
	183  -  MemoryUsage of job (MB)
	187024  -  ResidentSetSize of job (KB)
...
006 (127783.018.000) 2022-03-31 13:58:00 Image size of job updated: 195812
	183  -  MemoryUsage of job (MB)
	186540  -  ResidentSetSize of job (KB)
...
006 (127783.004.000) 2022-03-31 13:58:02 Image size of job updated: 185824
	177  -  MemoryUsage of job (MB)
	181116  -  ResidentSetSize of job (KB)
...
006 (127783.005.000) 2022-03-31 13:58:02 Image size of job updated: 185668
	177  -  MemoryUsage of job (MB)
	181104  -  ResidentSetSize of job (KB)
...
006 (127783.006.000) 2022-03-31 13:58:02 Image size of job updated: 185840
	178  -  MemoryUsage of job (MB)
	181700  -  ResidentSetSize of job (KB)
...
006 (127783.007.000) 2022-03-31 13:58:02 Image size of job updated: 185840
	178  -  MemoryUsage of job (MB)
	181496  -  ResidentSetSize of job (KB)
...
006 (127783.009.000) 2022-03-31 13:58:02 Image size of job updated: 183752
	180  -  MemoryUsage of job (MB)
	183424  -  ResidentSetSize of job (KB)
...
006 (127783.008.000) 2022-03-31 13:58:02 Image size of job updated: 183128
	179  -  MemoryUsage of job (MB)
	182436  -  ResidentSetSize of job (KB)
...
006 (127783.000.000) 2022-03-31 13:58:02 Image size of job updated: 216176
	182  -  MemoryUsage of job (MB)
	185964  -  ResidentSetSize of job (KB)
...
006 (127783.001.000) 2022-03-31 13:58:02 Image size of job updated: 209456
	182  -  MemoryUsage of job (MB)
	185976  -  ResidentSetSize of job (KB)
...
006 (127783.002.000) 2022-03-31 13:58:02 Image size of job updated: 209588
	183  -  MemoryUsage of job (MB)
	186540  -  ResidentSetSize of job (KB)
...
006 (127783.003.000) 2022-03-31 13:58:02 Image size of job updated: 192288
	183  -  MemoryUsage of job (MB)
	186540  -  ResidentSetSize of job (KB)
...
006 (127783.016.000) 2022-03-31 13:58:03 Image size of job updated: 185548
	175  -  MemoryUsage of job (MB)
	178232  -  ResidentSetSize of job (KB)
...
006 (127783.011.000) 2022-03-31 13:58:03 Image size of job updated: 187256
	183  -  MemoryUsage of job (MB)
	186548  -  ResidentSetSize of job (KB)
...
006 (127783.010.000) 2022-03-31 13:58:03 Image size of job updated: 186996
	183  -  MemoryUsage of job (MB)
	186536  -  ResidentSetSize of job (KB)
...
006 (127783.013.000) 2022-03-31 13:58:03 Image size of job updated: 191180
	183  -  MemoryUsage of job (MB)
	186532  -  ResidentSetSize of job (KB)
...
006 (127783.012.000) 2022-03-31 13:58:03 Image size of job updated: 193320
	183  -  MemoryUsage of job (MB)
	186536  -  ResidentSetSize of job (KB)
...
006 (127783.014.000) 2022-03-31 13:58:03 Image size of job updated: 192188
	183  -  MemoryUsage of job (MB)
	186544  -  ResidentSetSize of job (KB)
...
006 (127783.015.000) 2022-03-31 13:58:03 Image size of job updated: 197256
	183  -  MemoryUsage of job (MB)
	187060  -  ResidentSetSize of job (KB)
...
006 (127783.018.000) 2022-03-31 13:58:04 Image size of job updated: 689500
	183  -  MemoryUsage of job (MB)
	186540  -  ResidentSetSize of job (KB)
...
005 (127783.018.000) 2022-03-31 13:58:04 Job terminated.
	(1) Normal termination (return value 0)
		Usr 0 00:00:08, Sys 0 00:00:01  -  Run Remote Usage
		Usr 0 00:00:00, Sys 0 00:00:00  -  Run Local Usage
		Usr 0 00:00:08, Sys 0 00:00:01  -  Total Remote Usage
		Usr 0 00:00:00, Sys 0 00:00:00  -  Total Local Usage
	0  -  Run Bytes Sent By Job
	0  -  Run Bytes Received By Job
	0  -  Total Bytes Sent By Job
	0  -  Total Bytes Received By Job
	Partitionable Resources :    Usage  Request Allocated 
	   Cpus                 :                 1         1 
	   Disk (KB)            :        1        1     89980 
	   Memory (MB)          :      183     3900      3968 

	Job terminated of its own accord at 2022-03-31T04:58:04Z.
...
006 (127783.010.000) 2022-03-31 13:58:06 Image size of job updated: 686724
	183  -  MemoryUsage of job (MB)
	186536  -  ResidentSetSize of job (KB)
...
006 (127783.015.000) 2022-03-31 13:58:06 Image size of job updated: 682800
	183  -  MemoryUsage of job (MB)
	187060  -  ResidentSetSize of job (KB)
...
005 (127783.010.000) 2022-03-31 13:58:06 Job terminated.
	(1) Normal termination (return value 0)
		Usr 0 00:00:06, Sys 0 00:00:02  -  Run Remote Usage
		Usr 0 00:00:00, Sys 0 00:00:00  -  Run Local Usage
		Usr 0 00:00:06, Sys 0 00:00:02  -  Total Remote Usage
		Usr 0 00:00:00, Sys 0 00:00:00  -  Total Local Usage
	0  -  Run Bytes Sent By Job
	0  -  Run Bytes Received By Job
	0  -  Total Bytes Sent By Job
	0  -  Total Bytes Received By Job
	Partitionable Resources :    Usage  Request Allocated 
	   Cpus                 :                 1         1 
	   Disk (KB)            :        1        1    129249 
	   Memory (MB)          :      183     3900      3968 

	Job terminated of its own accord at 2022-03-31T04:58:06Z.
...
005 (127783.015.000) 2022-03-31 13:58:06 Job terminated.
	(1) Normal termination (return value 0)
		Usr 0 00:00:06, Sys 0 00:00:02  -  Run Remote Usage
		Usr 0 00:00:00, Sys 0 00:00:00  -  Run Local Usage
		Usr 0 00:00:06, Sys 0 00:00:02  -  Total Remote Usage
		Usr 0 00:00:00, Sys 0 00:00:00  -  Total Local Usage
	0  -  Run Bytes Sent By Job
	0  -  Run Bytes Received By Job
	0  -  Total Bytes Sent By Job
	0  -  Total Bytes Received By Job
	Partitionable Resources :    Usage  Request Allocated 
	   Cpus                 :                 1         1 
	   Disk (KB)            :        1        1    129249 
	   Memory (MB)          :      183     3900      3968 

	Job terminated of its own accord at 2022-03-31T04:58:06Z.
...
006 (127783.017.000) 2022-03-31 13:58:06 Image size of job updated: 646504
	183  -  MemoryUsage of job (MB)
	186528  -  ResidentSetSize of job (KB)
...
005 (127783.017.000) 2022-03-31 13:58:06 Job terminated.
	(1) Normal termination (return value 0)
		Usr 0 00:00:10, Sys 0 00:00:01  -  Run Remote Usage
		Usr 0 00:00:00, Sys 0 00:00:00  -  Run Local Usage
		Usr 0 00:00:10, Sys 0 00:00:01  -  Total Remote Usage
		Usr 0 00:00:00, Sys 0 00:00:00  -  Total Local Usage
	0  -  Run Bytes Sent By Job
	0  -  Run Bytes Received By Job
	0  -  Total Bytes Sent By Job
	0  -  Total Bytes Received By Job
	Partitionable Resources :    Usage  Request Allocated 
	   Cpus                 :                 1         1 
	   Disk (KB)            :        1        1     89980 
	   Memory (MB)          :      183     3900      3968 

	Job terminated of its own accord at 2022-03-31T04:58:06Z.
...
006 (127783.019.000) 2022-03-31 13:58:07 Image size of job updated: 658704
	183  -  MemoryUsage of job (MB)
	187024  -  ResidentSetSize of job (KB)
...
005 (127783.019.000) 2022-03-31 13:58:07 Job terminated.
	(1) Normal termination (return value 0)
		Usr 0 00:00:11, Sys 0 00:00:01  -  Run Remote Usage
		Usr 0 00:00:00, Sys 0 00:00:00  -  Run Local Usage
		Usr 0 00:00:11, Sys 0 00:00:01  -  Total Remote Usage
		Usr 0 00:00:00, Sys 0 00:00:00  -  Total Local Usage
	0  -  Run Bytes Sent By Job
	0  -  Run Bytes Received By Job
	0  -  Total Bytes Sent By Job
	0  -  Total Bytes Received By Job
	Partitionable Resources :    Usage  Request Allocated 
	   Cpus                 :                 1         1 
	   Disk (KB)            :        1        1     89980 
	   Memory (MB)          :      183     3900      3968 

	Job terminated of its own accord at 2022-03-31T04:58:07Z.
...
006 (127783.011.000) 2022-03-31 13:58:07 Image size of job updated: 684180
	183  -  MemoryUsage of job (MB)
	186548  -  ResidentSetSize of job (KB)
...
005 (127783.011.000) 2022-03-31 13:58:07 Job terminated.
	(1) Normal termination (return value 0)
		Usr 0 00:00:07, Sys 0 00:00:01  -  Run Remote Usage
		Usr 0 00:00:00, Sys 0 00:00:00  -  Run Local Usage
		Usr 0 00:00:07, Sys 0 00:00:01  -  Total Remote Usage
		Usr 0 00:00:00, Sys 0 00:00:00  -  Total Local Usage
	0  -  Run Bytes Sent By Job
	0  -  Run Bytes Received By Job
	0  -  Total Bytes Sent By Job
	0  -  Total Bytes Received By Job
	Partitionable Resources :    Usage  Request Allocated 
	   Cpus                 :                 1         1 
	   Disk (KB)            :        1        1    129249 
	   Memory (MB)          :      183     3900      3968 

	Job terminated of its own accord at 2022-03-31T04:58:07Z.
...
006 (127783.016.000) 2022-03-31 13:58:07 Image size of job updated: 686720
	175  -  MemoryUsage of job (MB)
	178244  -  ResidentSetSize of job (KB)
...
005 (127783.016.000) 2022-03-31 13:58:07 Job terminated.
	(1) Normal termination (return value 0)
		Usr 0 00:00:06, Sys 0 00:00:02  -  Run Remote Usage
		Usr 0 00:00:00, Sys 0 00:00:00  -  Run Local Usage
		Usr 0 00:00:06, Sys 0 00:00:02  -  Total Remote Usage
		Usr 0 00:00:00, Sys 0 00:00:00  -  Total Local Usage
	0  -  Run Bytes Sent By Job
	0  -  Run Bytes Received By Job
	0  -  Total Bytes Sent By Job
	0  -  Total Bytes Received By Job
	Partitionable Resources :    Usage  Request Allocated 
	   Cpus                 :                 1         1 
	   Disk (KB)            :        1        1    129249 
	   Memory (MB)          :      175     3900      3968 

	Job terminated of its own accord at 2022-03-31T04:58:07Z.
...
006 (127783.001.000) 2022-03-31 13:58:09 Image size of job updated: 684996
	182  -  MemoryUsage of job (MB)
	185976  -  ResidentSetSize of job (KB)
...
005 (127783.001.000) 2022-03-31 13:58:09 Job terminated.
	(1) Normal termination (return value 0)
		Usr 0 00:00:09, Sys 0 00:00:02  -  Run Remote Usage
		Usr 0 00:00:00, Sys 0 00:00:00  -  Run Local Usage
		Usr 0 00:00:09, Sys 0 00:00:02  -  Total Remote Usage
		Usr 0 00:00:00, Sys 0 00:00:00  -  Total Local Usage
	0  -  Run Bytes Sent By Job
	0  -  Run Bytes Received By Job
	0  -  Total Bytes Sent By Job
	0  -  Total Bytes Received By Job
	Partitionable Resources :    Usage  Request Allocated 
	   Cpus                 :                 1         1 
	   Disk (KB)            :        1        1    129249 
	   Memory (MB)          :      182     3900      3968 

	Job terminated of its own accord at 2022-03-31T04:58:09Z.
...
006 (127783.014.000) 2022-03-31 13:58:09 Image size of job updated: 686816
	183  -  MemoryUsage of job (MB)
	186544  -  ResidentSetSize of job (KB)
...
005 (127783.014.000) 2022-03-31 13:58:09 Job terminated.
	(1) Normal termination (return value 0)
		Usr 0 00:00:09, Sys 0 00:00:02  -  Run Remote Usage
		Usr 0 00:00:00, Sys 0 00:00:00  -  Run Local Usage
		Usr 0 00:00:09, Sys 0 00:00:02  -  Total Remote Usage
		Usr 0 00:00:00, Sys 0 00:00:00  -  Total Local Usage
	0  -  Run Bytes Sent By Job
	0  -  Run Bytes Received By Job
	0  -  Total Bytes Sent By Job
	0  -  Total Bytes Received By Job
	Partitionable Resources :    Usage  Request Allocated 
	   Cpus                 :                 1         1 
	   Disk (KB)            :        1        1    129249 
	   Memory (MB)          :      183     3900      3968 

	Job terminated of its own accord at 2022-03-31T04:58:09Z.
...
006 (127783.009.000) 2022-03-31 13:58:10 Image size of job updated: 688644
	180  -  MemoryUsage of job (MB)
	183424  -  ResidentSetSize of job (KB)
...
005 (127783.009.000) 2022-03-31 13:58:10 Job terminated.
	(1) Normal termination (return value 0)
		Usr 0 00:00:10, Sys 0 00:00:01  -  Run Remote Usage
		Usr 0 00:00:00, Sys 0 00:00:00  -  Run Local Usage
		Usr 0 00:00:10, Sys 0 00:00:01  -  Total Remote Usage
		Usr 0 00:00:00, Sys 0 00:00:00  -  Total Local Usage
	0  -  Run Bytes Sent By Job
	0  -  Run Bytes Received By Job
	0  -  Total Bytes Sent By Job
	0  -  Total Bytes Received By Job
	Partitionable Resources :    Usage  Request Allocated 
	   Cpus                 :                 1         1 
	   Disk (KB)            :        1        1    129249 
	   Memory (MB)          :      180     3900      3968 

	Job terminated of its own accord at 2022-03-31T04:58:10Z.
...
006 (127783.007.000) 2022-03-31 13:58:11 Image size of job updated: 685028
	178  -  MemoryUsage of job (MB)
	181572  -  ResidentSetSize of job (KB)
...
005 (127783.007.000) 2022-03-31 13:58:11 Job terminated.
	(1) Normal termination (return value 0)
		Usr 0 00:00:11, Sys 0 00:00:02  -  Run Remote Usage
		Usr 0 00:00:00, Sys 0 00:00:00  -  Run Local Usage
		Usr 0 00:00:11, Sys 0 00:00:02  -  Total Remote Usage
		Usr 0 00:00:00, Sys 0 00:00:00  -  Total Local Usage
	0  -  Run Bytes Sent By Job
	0  -  Run Bytes Received By Job
	0  -  Total Bytes Sent By Job
	0  -  Total Bytes Received By Job
	Partitionable Resources :    Usage  Request Allocated 
	   Cpus                 :                 1         1 
	   Disk (KB)            :        1        1    129249 
	   Memory (MB)          :      178     3900      3968 

	Job terminated of its own accord at 2022-03-31T04:58:11Z.
...
006 (127783.002.000) 2022-03-31 13:58:11 Image size of job updated: 689560
	183  -  MemoryUsage of job (MB)
	186540  -  ResidentSetSize of job (KB)
...
005 (127783.002.000) 2022-03-31 13:58:11 Job terminated.
	(1) Normal termination (return value 0)
		Usr 0 00:00:11, Sys 0 00:00:02  -  Run Remote Usage
		Usr 0 00:00:00, Sys 0 00:00:00  -  Run Local Usage
		Usr 0 00:00:11, Sys 0 00:00:02  -  Total Remote Usage
		Usr 0 00:00:00, Sys 0 00:00:00  -  Total Local Usage
	0  -  Run Bytes Sent By Job
	0  -  Run Bytes Received By Job
	0  -  Total Bytes Sent By Job
	0  -  Total Bytes Received By Job
	Partitionable Resources :    Usage  Request Allocated 
	   Cpus                 :                 1         1 
	   Disk (KB)            :        1        1    129249 
	   Memory (MB)          :      183     3900      3968 

	Job terminated of its own accord at 2022-03-31T04:58:11Z.
...
006 (127783.000.000) 2022-03-31 13:58:12 Image size of job updated: 685064
	182  -  MemoryUsage of job (MB)
	185968  -  ResidentSetSize of job (KB)
...
005 (127783.000.000) 2022-03-31 13:58:12 Job terminated.
	(1) Normal termination (return value 0)
		Usr 0 00:00:12, Sys 0 00:00:02  -  Run Remote Usage
		Usr 0 00:00:00, Sys 0 00:00:00  -  Run Local Usage
		Usr 0 00:00:12, Sys 0 00:00:02  -  Total Remote Usage
		Usr 0 00:00:00, Sys 0 00:00:00  -  Total Local Usage
	0  -  Run Bytes Sent By Job
	0  -  Run Bytes Received By Job
	0  -  Total Bytes Sent By Job
	0  -  Total Bytes Received By Job
	Partitionable Resources :    Usage  Request Allocated 
	   Cpus                 :                 1         1 
	   Disk (KB)            :        1        1    129249 
	   Memory (MB)          :      182     3900      3968 

	Job terminated of its own accord at 2022-03-31T04:58:12Z.
...
006 (127783.004.000) 2022-03-31 13:58:12 Image size of job updated: 686768
	177  -  MemoryUsage of job (MB)
	181116  -  ResidentSetSize of job (KB)
...
005 (127783.004.000) 2022-03-31 13:58:12 Job terminated.
	(1) Normal termination (return value 0)
		Usr 0 00:00:12, Sys 0 00:00:01  -  Run Remote Usage
		Usr 0 00:00:00, Sys 0 00:00:00  -  Run Local Usage
		Usr 0 00:00:12, Sys 0 00:00:01  -  Total Remote Usage
		Usr 0 00:00:00, Sys 0 00:00:00  -  Total Local Usage
	0  -  Run Bytes Sent By Job
	0  -  Run Bytes Received By Job
	0  -  Total Bytes Sent By Job
	0  -  Total Bytes Received By Job
	Partitionable Resources :    Usage  Request Allocated 
	   Cpus                 :                 1         1 
	   Disk (KB)            :        1        1    129249 
	   Memory (MB)          :      177     3900      3968 

	Job terminated of its own accord at 2022-03-31T04:58:12Z.
...
006 (127783.008.000) 2022-03-31 13:58:12 Image size of job updated: 690200
	179  -  MemoryUsage of job (MB)
	182468  -  ResidentSetSize of job (KB)
...
005 (127783.008.000) 2022-03-31 13:58:12 Job terminated.
	(1) Normal termination (return value 0)
		Usr 0 00:00:13, Sys 0 00:00:01  -  Run Remote Usage
		Usr 0 00:00:00, Sys 0 00:00:00  -  Run Local Usage
		Usr 0 00:00:13, Sys 0 00:00:01  -  Total Remote Usage
		Usr 0 00:00:00, Sys 0 00:00:00  -  Total Local Usage
	0  -  Run Bytes Sent By Job
	0  -  Run Bytes Received By Job
	0  -  Total Bytes Sent By Job
	0  -  Total Bytes Received By Job
	Partitionable Resources :    Usage  Request Allocated 
	   Cpus                 :                 1         1 
	   Disk (KB)            :        1        1    129249 
	   Memory (MB)          :      179     3900      3968 

	Job terminated of its own accord at 2022-03-31T04:58:12Z.
...
006 (127783.003.000) 2022-03-31 13:58:13 Image size of job updated: 686812
	183  -  MemoryUsage of job (MB)
	186540  -  ResidentSetSize of job (KB)
...
005 (127783.003.000) 2022-03-31 13:58:13 Job terminated.
	(1) Normal termination (return value 0)
		Usr 0 00:00:13, Sys 0 00:00:02  -  Run Remote Usage
		Usr 0 00:00:00, Sys 0 00:00:00  -  Run Local Usage
		Usr 0 00:00:13, Sys 0 00:00:02  -  Total Remote Usage
		Usr 0 00:00:00, Sys 0 00:00:00  -  Total Local Usage
	0  -  Run Bytes Sent By Job
	0  -  Run Bytes Received By Job
	0  -  Total Bytes Sent By Job
	0  -  Total Bytes Received By Job
	Partitionable Resources :    Usage  Request Allocated 
	   Cpus                 :                 1         1 
	   Disk (KB)            :        1        1    129249 
	   Memory (MB)          :      183     3900      3968 

	Job terminated of its own accord at 2022-03-31T04:58:13Z.
...
006 (127783.005.000) 2022-03-31 13:58:13 Image size of job updated: 686716
	177  -  MemoryUsage of job (MB)
	181104  -  ResidentSetSize of job (KB)
...
005 (127783.005.000) 2022-03-31 13:58:13 Job terminated.
	(1) Normal termination (return value 0)
		Usr 0 00:00:13, Sys 0 00:00:02  -  Run Remote Usage
		Usr 0 00:00:00, Sys 0 00:00:00  -  Run Local Usage
		Usr 0 00:00:13, Sys 0 00:00:02  -  Total Remote Usage
		Usr 0 00:00:00, Sys 0 00:00:00  -  Total Local Usage
	0  -  Run Bytes Sent By Job
	0  -  Run Bytes Received By Job
	0  -  Total Bytes Sent By Job
	0  -  Total Bytes Received By Job
	Partitionable Resources :    Usage  Request Allocated 
	   Cpus                 :                 1         1 
	   Disk (KB)            :        1        1    129249 
	   Memory (MB)          :      177     3900      3968 

	Job terminated of its own accord at 2022-03-31T04:58:13Z.
...
006 (127783.013.000) 2022-03-31 13:58:15 Image size of job updated: 646504
	183  -  MemoryUsage of job (MB)
	186532  -  ResidentSetSize of job (KB)
...
005 (127783.013.000) 2022-03-31 13:58:15 Job terminated.
	(1) Normal termination (return value 0)
		Usr 0 00:00:14, Sys 0 00:00:02  -  Run Remote Usage
		Usr 0 00:00:00, Sys 0 00:00:00  -  Run Local Usage
		Usr 0 00:00:14, Sys 0 00:00:02  -  Total Remote Usage
		Usr 0 00:00:00, Sys 0 00:00:00  -  Total Local Usage
	0  -  Run Bytes Sent By Job
	0  -  Run Bytes Received By Job
	0  -  Total Bytes Sent By Job
	0  -  Total Bytes Received By Job
	Partitionable Resources :    Usage  Request Allocated 
	   Cpus                 :                 1         1 
	   Disk (KB)            :        1        1    129249 
	   Memory (MB)          :      183     3900      3968 

	Job terminated of its own accord at 2022-03-31T04:58:15Z.
...
006 (127783.006.000) 2022-03-31 13:58:15 Image size of job updated: 690436
	178  -  MemoryUsage of job (MB)
	181716  -  ResidentSetSize of job (KB)
...
005 (127783.006.000) 2022-03-31 13:58:15 Job terminated.
	(1) Normal termination (return value 0)
		Usr 0 00:00:15, Sys 0 00:00:01  -  Run Remote Usage
		Usr 0 00:00:00, Sys 0 00:00:00  -  Run Local Usage
		Usr 0 00:00:15, Sys 0 00:00:01  -  Total Remote Usage
		Usr 0 00:00:00, Sys 0 00:00:00  -  Total Local Usage
	0  -  Run Bytes Sent By Job
	0  -  Run Bytes Received By Job
	0  -  Total Bytes Sent By Job
	0  -  Total Bytes Received By Job
	Partitionable Resources :    Usage  Request Allocated 
	   Cpus                 :                 1         1 
	   Disk (KB)            :        1        1    129249 
	   Memory (MB)          :      178     3900      3968 

	Job terminated of its own accord at 2022-03-31T04:58:15Z.
...
006 (127783.012.000) 2022-03-31 13:58:42 Image size of job updated: 651640
	183  -  MemoryUsage of job (MB)
	186536  -  ResidentSetSize of job (KB)
...
005 (127783.012.000) 2022-03-31 13:58:42 Job terminated.
	(1) Normal termination (return value 0)
		Usr 0 00:00:41, Sys 0 00:00:02  -  Run Remote Usage
		Usr 0 00:00:00, Sys 0 00:00:00  -  Run Local Usage
		Usr 0 00:00:41, Sys 0 00:00:02  -  Total Remote Usage
		Usr 0 00:00:00, Sys 0 00:00:00  -  Total Local Usage
	0  -  Run Bytes Sent By Job
	0  -  Run Bytes Received By Job
	0  -  Total Bytes Sent By Job
	0  -  Total Bytes Received By Job
	Partitionable Resources :    Usage  Request Allocated 
	   Cpus                 :                 1         1 
	   Disk (KB)            :        1        1    129249 
	   Memory (MB)          :      183     3900      3968 

	Job terminated of its own accord at 2022-03-31T04:58:42Z.
...
000 (127879.000.000) 2022-03-31 15:14:17 Job submitted from host: <172.30.1.200:9618?addrs=172.30.1.200-9618&alias=tamsa2.snu.ac.kr&noUDP&sock=schedd_3154_f5cb>
...
000 (127879.001.000) 2022-03-31 15:14:17 Job submitted from host: <172.30.1.200:9618?addrs=172.30.1.200-9618&alias=tamsa2.snu.ac.kr&noUDP&sock=schedd_3154_f5cb>
...
000 (127879.002.000) 2022-03-31 15:14:17 Job submitted from host: <172.30.1.200:9618?addrs=172.30.1.200-9618&alias=tamsa2.snu.ac.kr&noUDP&sock=schedd_3154_f5cb>
...
000 (127879.003.000) 2022-03-31 15:14:17 Job submitted from host: <172.30.1.200:9618?addrs=172.30.1.200-9618&alias=tamsa2.snu.ac.kr&noUDP&sock=schedd_3154_f5cb>
...
000 (127879.004.000) 2022-03-31 15:14:17 Job submitted from host: <172.30.1.200:9618?addrs=172.30.1.200-9618&alias=tamsa2.snu.ac.kr&noUDP&sock=schedd_3154_f5cb>
...
000 (127879.005.000) 2022-03-31 15:14:17 Job submitted from host: <172.30.1.200:9618?addrs=172.30.1.200-9618&alias=tamsa2.snu.ac.kr&noUDP&sock=schedd_3154_f5cb>
...
000 (127879.006.000) 2022-03-31 15:14:17 Job submitted from host: <172.30.1.200:9618?addrs=172.30.1.200-9618&alias=tamsa2.snu.ac.kr&noUDP&sock=schedd_3154_f5cb>
...
000 (127879.007.000) 2022-03-31 15:14:17 Job submitted from host: <172.30.1.200:9618?addrs=172.30.1.200-9618&alias=tamsa2.snu.ac.kr&noUDP&sock=schedd_3154_f5cb>
...
000 (127879.008.000) 2022-03-31 15:14:17 Job submitted from host: <172.30.1.200:9618?addrs=172.30.1.200-9618&alias=tamsa2.snu.ac.kr&noUDP&sock=schedd_3154_f5cb>
...
000 (127879.009.000) 2022-03-31 15:14:17 Job submitted from host: <172.30.1.200:9618?addrs=172.30.1.200-9618&alias=tamsa2.snu.ac.kr&noUDP&sock=schedd_3154_f5cb>
...
000 (127879.010.000) 2022-03-31 15:14:17 Job submitted from host: <172.30.1.200:9618?addrs=172.30.1.200-9618&alias=tamsa2.snu.ac.kr&noUDP&sock=schedd_3154_f5cb>
...
000 (127879.011.000) 2022-03-31 15:14:17 Job submitted from host: <172.30.1.200:9618?addrs=172.30.1.200-9618&alias=tamsa2.snu.ac.kr&noUDP&sock=schedd_3154_f5cb>
...
000 (127879.012.000) 2022-03-31 15:14:17 Job submitted from host: <172.30.1.200:9618?addrs=172.30.1.200-9618&alias=tamsa2.snu.ac.kr&noUDP&sock=schedd_3154_f5cb>
...
000 (127879.013.000) 2022-03-31 15:14:17 Job submitted from host: <172.30.1.200:9618?addrs=172.30.1.200-9618&alias=tamsa2.snu.ac.kr&noUDP&sock=schedd_3154_f5cb>
...
000 (127879.014.000) 2022-03-31 15:14:17 Job submitted from host: <172.30.1.200:9618?addrs=172.30.1.200-9618&alias=tamsa2.snu.ac.kr&noUDP&sock=schedd_3154_f5cb>
...
000 (127879.015.000) 2022-03-31 15:14:17 Job submitted from host: <172.30.1.200:9618?addrs=172.30.1.200-9618&alias=tamsa2.snu.ac.kr&noUDP&sock=schedd_3154_f5cb>
...
000 (127879.016.000) 2022-03-31 15:14:17 Job submitted from host: <172.30.1.200:9618?addrs=172.30.1.200-9618&alias=tamsa2.snu.ac.kr&noUDP&sock=schedd_3154_f5cb>
...
000 (127879.017.000) 2022-03-31 15:14:17 Job submitted from host: <172.30.1.200:9618?addrs=172.30.1.200-9618&alias=tamsa2.snu.ac.kr&noUDP&sock=schedd_3154_f5cb>
...
000 (127879.018.000) 2022-03-31 15:14:17 Job submitted from host: <172.30.1.200:9618?addrs=172.30.1.200-9618&alias=tamsa2.snu.ac.kr&noUDP&sock=schedd_3154_f5cb>
...
000 (127879.019.000) 2022-03-31 15:14:17 Job submitted from host: <172.30.1.200:9618?addrs=172.30.1.200-9618&alias=tamsa2.snu.ac.kr&noUDP&sock=schedd_3154_f5cb>
...
001 (127879.009.000) 2022-03-31 15:14:38 Job executing on host: <172.30.1.211:9618?addrs=172.30.1.211-9618&alias=node11&noUDP&sock=startd_47978_7eef>
...
001 (127879.010.000) 2022-03-31 15:14:39 Job executing on host: <172.30.1.211:9618?addrs=172.30.1.211-9618&alias=node11&noUDP&sock=startd_47978_7eef>
...
001 (127879.011.000) 2022-03-31 15:14:39 Job executing on host: <172.30.1.211:9618?addrs=172.30.1.211-9618&alias=node11&noUDP&sock=startd_47978_7eef>
...
001 (127879.012.000) 2022-03-31 15:14:39 Job executing on host: <172.30.1.211:9618?addrs=172.30.1.211-9618&alias=node11&noUDP&sock=startd_47978_7eef>
...
001 (127879.000.000) 2022-03-31 15:14:39 Job executing on host: <172.30.1.209:9618?addrs=172.30.1.209-9618&alias=node9&noUDP&sock=startd_3623_a7b6>
...
001 (127879.001.000) 2022-03-31 15:14:39 Job executing on host: <172.30.1.209:9618?addrs=172.30.1.209-9618&alias=node9&noUDP&sock=startd_3623_a7b6>
...
001 (127879.002.000) 2022-03-31 15:14:40 Job executing on host: <172.30.1.209:9618?addrs=172.30.1.209-9618&alias=node9&noUDP&sock=startd_3623_a7b6>
...
001 (127879.003.000) 2022-03-31 15:14:40 Job executing on host: <172.30.1.209:9618?addrs=172.30.1.209-9618&alias=node9&noUDP&sock=startd_3623_a7b6>
...
001 (127879.004.000) 2022-03-31 15:14:40 Job executing on host: <172.30.1.209:9618?addrs=172.30.1.209-9618&alias=node9&noUDP&sock=startd_3623_a7b6>
...
001 (127879.005.000) 2022-03-31 15:14:40 Job executing on host: <172.30.1.209:9618?addrs=172.30.1.209-9618&alias=node9&noUDP&sock=startd_3623_a7b6>
...
001 (127879.006.000) 2022-03-31 15:14:40 Job executing on host: <172.30.1.209:9618?addrs=172.30.1.209-9618&alias=node9&noUDP&sock=startd_3623_a7b6>
...
001 (127879.007.000) 2022-03-31 15:14:40 Job executing on host: <172.30.1.209:9618?addrs=172.30.1.209-9618&alias=node9&noUDP&sock=startd_3623_a7b6>
...
001 (127879.008.000) 2022-03-31 15:14:40 Job executing on host: <172.30.1.209:9618?addrs=172.30.1.209-9618&alias=node9&noUDP&sock=startd_3623_a7b6>
...
006 (127879.010.000) 2022-03-31 15:14:47 Image size of job updated: 611240
	153  -  MemoryUsage of job (MB)
	155924  -  ResidentSetSize of job (KB)
...
006 (127879.011.000) 2022-03-31 15:14:47 Image size of job updated: 608908
	153  -  MemoryUsage of job (MB)
	155936  -  ResidentSetSize of job (KB)
...
006 (127879.012.000) 2022-03-31 15:14:47 Image size of job updated: 611264
	153  -  MemoryUsage of job (MB)
	156500  -  ResidentSetSize of job (KB)
...
006 (127879.009.000) 2022-03-31 15:14:47 Image size of job updated: 610964
	158  -  MemoryUsage of job (MB)
	161352  -  ResidentSetSize of job (KB)
...
006 (127879.001.000) 2022-03-31 15:14:48 Image size of job updated: 422188
	185  -  MemoryUsage of job (MB)
	188992  -  ResidentSetSize of job (KB)
...
006 (127879.002.000) 2022-03-31 15:14:48 Image size of job updated: 421252
	185  -  MemoryUsage of job (MB)
	188472  -  ResidentSetSize of job (KB)
...
006 (127879.003.000) 2022-03-31 15:14:48 Image size of job updated: 405072
	185  -  MemoryUsage of job (MB)
	189000  -  ResidentSetSize of job (KB)
...
006 (127879.004.000) 2022-03-31 15:14:48 Image size of job updated: 415104
	185  -  MemoryUsage of job (MB)
	188932  -  ResidentSetSize of job (KB)
...
006 (127879.005.000) 2022-03-31 15:14:48 Image size of job updated: 405068
	185  -  MemoryUsage of job (MB)
	188996  -  ResidentSetSize of job (KB)
...
006 (127879.006.000) 2022-03-31 15:14:48 Image size of job updated: 409440
	185  -  MemoryUsage of job (MB)
	189004  -  ResidentSetSize of job (KB)
...
006 (127879.000.000) 2022-03-31 15:14:48 Image size of job updated: 422016
	185  -  MemoryUsage of job (MB)
	188456  -  ResidentSetSize of job (KB)
...
006 (127879.007.000) 2022-03-31 15:14:49 Image size of job updated: 402072
	189  -  MemoryUsage of job (MB)
	192580  -  ResidentSetSize of job (KB)
...
006 (127879.008.000) 2022-03-31 15:14:49 Image size of job updated: 405708
	208  -  MemoryUsage of job (MB)
	212992  -  ResidentSetSize of job (KB)
...
006 (127879.009.000) 2022-03-31 15:14:57 Image size of job updated: 691648
	158  -  MemoryUsage of job (MB)
	161372  -  ResidentSetSize of job (KB)
...
005 (127879.009.000) 2022-03-31 15:14:57 Job terminated.
	(1) Normal termination (return value 0)
		Usr 0 00:00:10, Sys 0 00:00:03  -  Run Remote Usage
		Usr 0 00:00:00, Sys 0 00:00:00  -  Run Local Usage
		Usr 0 00:00:10, Sys 0 00:00:03  -  Total Remote Usage
		Usr 0 00:00:00, Sys 0 00:00:00  -  Total Local Usage
	0  -  Run Bytes Sent By Job
	0  -  Run Bytes Received By Job
	0  -  Total Bytes Sent By Job
	0  -  Total Bytes Received By Job
	Partitionable Resources :    Usage  Request Allocated 
	   Cpus                 :                 1         1 
	   Disk (KB)            :        1        1    120189 
	   Memory (MB)          :      158     3900      3968 

	Job terminated of its own accord at 2022-03-31T06:14:57Z.
...
006 (127879.008.000) 2022-03-31 15:14:57 Image size of job updated: 692120
	208  -  MemoryUsage of job (MB)
	212992  -  ResidentSetSize of job (KB)
...
005 (127879.008.000) 2022-03-31 15:14:57 Job terminated.
	(1) Normal termination (return value 0)
		Usr 0 00:00:12, Sys 0 00:00:01  -  Run Remote Usage
		Usr 0 00:00:00, Sys 0 00:00:00  -  Run Local Usage
		Usr 0 00:00:12, Sys 0 00:00:01  -  Total Remote Usage
		Usr 0 00:00:00, Sys 0 00:00:00  -  Total Local Usage
	0  -  Run Bytes Sent By Job
	0  -  Run Bytes Received By Job
	0  -  Total Bytes Sent By Job
	0  -  Total Bytes Received By Job
	Partitionable Resources :    Usage  Request Allocated 
	   Cpus                 :                 1         1 
	   Disk (KB)            :        1        1    129249 
	   Memory (MB)          :      208     3900      3968 

	Job terminated of its own accord at 2022-03-31T06:14:57Z.
...
006 (127879.011.000) 2022-03-31 15:14:58 Image size of job updated: 691744
	153  -  MemoryUsage of job (MB)
	155948  -  ResidentSetSize of job (KB)
...
005 (127879.011.000) 2022-03-31 15:14:59 Job terminated.
	(1) Normal termination (return value 0)
		Usr 0 00:00:12, Sys 0 00:00:02  -  Run Remote Usage
		Usr 0 00:00:00, Sys 0 00:00:00  -  Run Local Usage
		Usr 0 00:00:12, Sys 0 00:00:02  -  Total Remote Usage
		Usr 0 00:00:00, Sys 0 00:00:00  -  Total Local Usage
	0  -  Run Bytes Sent By Job
	0  -  Run Bytes Received By Job
	0  -  Total Bytes Sent By Job
	0  -  Total Bytes Received By Job
	Partitionable Resources :    Usage  Request Allocated 
	   Cpus                 :                 1         1 
	   Disk (KB)            :        1        1    120189 
	   Memory (MB)          :      153     3900      3968 

	Job terminated of its own accord at 2022-03-31T06:14:58Z.
...
006 (127879.001.000) 2022-03-31 15:14:59 Image size of job updated: 687172
	185  -  MemoryUsage of job (MB)
	188992  -  ResidentSetSize of job (KB)
...
005 (127879.001.000) 2022-03-31 15:14:59 Job terminated.
	(1) Normal termination (return value 0)
		Usr 0 00:00:15, Sys 0 00:00:01  -  Run Remote Usage
		Usr 0 00:00:00, Sys 0 00:00:00  -  Run Local Usage
		Usr 0 00:00:15, Sys 0 00:00:01  -  Total Remote Usage
		Usr 0 00:00:00, Sys 0 00:00:00  -  Total Local Usage
	0  -  Run Bytes Sent By Job
	0  -  Run Bytes Received By Job
	0  -  Total Bytes Sent By Job
	0  -  Total Bytes Received By Job
	Partitionable Resources :    Usage  Request Allocated 
	   Cpus                 :                 1         1 
	   Disk (KB)            :        1        1    129249 
	   Memory (MB)          :      185     3900      3968 

	Job terminated of its own accord at 2022-03-31T06:14:59Z.
...
006 (127879.006.000) 2022-03-31 15:15:00 Image size of job updated: 692256
	185  -  MemoryUsage of job (MB)
	189004  -  ResidentSetSize of job (KB)
...
005 (127879.006.000) 2022-03-31 15:15:01 Job terminated.
	(1) Normal termination (return value 0)
		Usr 0 00:00:16, Sys 0 00:00:01  -  Run Remote Usage
		Usr 0 00:00:00, Sys 0 00:00:00  -  Run Local Usage
		Usr 0 00:00:16, Sys 0 00:00:01  -  Total Remote Usage
		Usr 0 00:00:00, Sys 0 00:00:00  -  Total Local Usage
	0  -  Run Bytes Sent By Job
	0  -  Run Bytes Received By Job
	0  -  Total Bytes Sent By Job
	0  -  Total Bytes Received By Job
	Partitionable Resources :    Usage  Request Allocated 
	   Cpus                 :                 1         1 
	   Disk (KB)            :        1        1    129249 
	   Memory (MB)          :      185     3900      3968 

	Job terminated of its own accord at 2022-03-31T06:15:00Z.
...
006 (127879.004.000) 2022-03-31 15:15:03 Image size of job updated: 692256
	185  -  MemoryUsage of job (MB)
	188932  -  ResidentSetSize of job (KB)
...
005 (127879.004.000) 2022-03-31 15:15:03 Job terminated.
	(1) Normal termination (return value 0)
		Usr 0 00:00:18, Sys 0 00:00:01  -  Run Remote Usage
		Usr 0 00:00:00, Sys 0 00:00:00  -  Run Local Usage
		Usr 0 00:00:18, Sys 0 00:00:01  -  Total Remote Usage
		Usr 0 00:00:00, Sys 0 00:00:00  -  Total Local Usage
	0  -  Run Bytes Sent By Job
	0  -  Run Bytes Received By Job
	0  -  Total Bytes Sent By Job
	0  -  Total Bytes Received By Job
	Partitionable Resources :    Usage  Request Allocated 
	   Cpus                 :                 1         1 
	   Disk (KB)            :        1        1    129249 
	   Memory (MB)          :      185     3900      3968 

	Job terminated of its own accord at 2022-03-31T06:15:03Z.
...
006 (127879.003.000) 2022-03-31 15:15:03 Image size of job updated: 691692
	185  -  MemoryUsage of job (MB)
	189000  -  ResidentSetSize of job (KB)
...
005 (127879.003.000) 2022-03-31 15:15:03 Job terminated.
	(1) Normal termination (return value 0)
		Usr 0 00:00:18, Sys 0 00:00:01  -  Run Remote Usage
		Usr 0 00:00:00, Sys 0 00:00:00  -  Run Local Usage
		Usr 0 00:00:18, Sys 0 00:00:01  -  Total Remote Usage
		Usr 0 00:00:00, Sys 0 00:00:00  -  Total Local Usage
	0  -  Run Bytes Sent By Job
	0  -  Run Bytes Received By Job
	0  -  Total Bytes Sent By Job
	0  -  Total Bytes Received By Job
	Partitionable Resources :    Usage  Request Allocated 
	   Cpus                 :                 1         1 
	   Disk (KB)            :        1        1    129249 
	   Memory (MB)          :      185     3900      3968 

	Job terminated of its own accord at 2022-03-31T06:15:03Z.
...
006 (127879.010.000) 2022-03-31 15:15:05 Image size of job updated: 691960
	153  -  MemoryUsage of job (MB)
	155924  -  ResidentSetSize of job (KB)
...
005 (127879.010.000) 2022-03-31 15:15:05 Job terminated.
	(1) Normal termination (return value 0)
		Usr 0 00:00:18, Sys 0 00:00:02  -  Run Remote Usage
		Usr 0 00:00:00, Sys 0 00:00:00  -  Run Local Usage
		Usr 0 00:00:18, Sys 0 00:00:02  -  Total Remote Usage
		Usr 0 00:00:00, Sys 0 00:00:00  -  Total Local Usage
	0  -  Run Bytes Sent By Job
	0  -  Run Bytes Received By Job
	0  -  Total Bytes Sent By Job
	0  -  Total Bytes Received By Job
	Partitionable Resources :    Usage  Request Allocated 
	   Cpus                 :                 1         1 
	   Disk (KB)            :        1        1    120189 
	   Memory (MB)          :      153     3900      3968 

	Job terminated of its own accord at 2022-03-31T06:15:05Z.
...
006 (127879.002.000) 2022-03-31 15:15:05 Image size of job updated: 691652
	185  -  MemoryUsage of job (MB)
	188472  -  ResidentSetSize of job (KB)
...
005 (127879.002.000) 2022-03-31 15:15:05 Job terminated.
	(1) Normal termination (return value 0)
		Usr 0 00:00:20, Sys 0 00:00:01  -  Run Remote Usage
		Usr 0 00:00:00, Sys 0 00:00:00  -  Run Local Usage
		Usr 0 00:00:20, Sys 0 00:00:01  -  Total Remote Usage
		Usr 0 00:00:00, Sys 0 00:00:00  -  Total Local Usage
	0  -  Run Bytes Sent By Job
	0  -  Run Bytes Received By Job
	0  -  Total Bytes Sent By Job
	0  -  Total Bytes Received By Job
	Partitionable Resources :    Usage  Request Allocated 
	   Cpus                 :                 1         1 
	   Disk (KB)            :        1        1    129249 
	   Memory (MB)          :      185     3900      3968 

	Job terminated of its own accord at 2022-03-31T06:15:05Z.
...
006 (127879.007.000) 2022-03-31 15:15:05 Image size of job updated: 687140
	189  -  MemoryUsage of job (MB)
	192580  -  ResidentSetSize of job (KB)
...
005 (127879.007.000) 2022-03-31 15:15:05 Job terminated.
	(1) Normal termination (return value 0)
		Usr 0 00:00:21, Sys 0 00:00:01  -  Run Remote Usage
		Usr 0 00:00:00, Sys 0 00:00:00  -  Run Local Usage
		Usr 0 00:00:21, Sys 0 00:00:01  -  Total Remote Usage
		Usr 0 00:00:00, Sys 0 00:00:00  -  Total Local Usage
	0  -  Run Bytes Sent By Job
	0  -  Run Bytes Received By Job
	0  -  Total Bytes Sent By Job
	0  -  Total Bytes Received By Job
	Partitionable Resources :    Usage  Request Allocated 
	   Cpus                 :                 1         1 
	   Disk (KB)            :        1        1    129249 
	   Memory (MB)          :      189     3900      3968 

	Job terminated of its own accord at 2022-03-31T06:15:05Z.
...
006 (127879.000.000) 2022-03-31 15:15:09 Image size of job updated: 692032
	185  -  MemoryUsage of job (MB)
	188456  -  ResidentSetSize of job (KB)
...
005 (127879.000.000) 2022-03-31 15:15:09 Job terminated.
	(1) Normal termination (return value 0)
		Usr 0 00:00:24, Sys 0 00:00:02  -  Run Remote Usage
		Usr 0 00:00:00, Sys 0 00:00:00  -  Run Local Usage
		Usr 0 00:00:24, Sys 0 00:00:02  -  Total Remote Usage
		Usr 0 00:00:00, Sys 0 00:00:00  -  Total Local Usage
	0  -  Run Bytes Sent By Job
	0  -  Run Bytes Received By Job
	0  -  Total Bytes Sent By Job
	0  -  Total Bytes Received By Job
	Partitionable Resources :    Usage  Request Allocated 
	   Cpus                 :                 1         1 
	   Disk (KB)            :        1        1    129249 
	   Memory (MB)          :      185     3900      3968 

	Job terminated of its own accord at 2022-03-31T06:15:09Z.
...
006 (127879.012.000) 2022-03-31 15:15:11 Image size of job updated: 693428
	153  -  MemoryUsage of job (MB)
	156500  -  ResidentSetSize of job (KB)
...
005 (127879.012.000) 2022-03-31 15:15:11 Job terminated.
	(1) Normal termination (return value 0)
		Usr 0 00:00:24, Sys 0 00:00:02  -  Run Remote Usage
		Usr 0 00:00:00, Sys 0 00:00:00  -  Run Local Usage
		Usr 0 00:00:24, Sys 0 00:00:02  -  Total Remote Usage
		Usr 0 00:00:00, Sys 0 00:00:00  -  Total Local Usage
	0  -  Run Bytes Sent By Job
	0  -  Run Bytes Received By Job
	0  -  Total Bytes Sent By Job
	0  -  Total Bytes Received By Job
	Partitionable Resources :    Usage  Request Allocated 
	   Cpus                 :                 1         1 
	   Disk (KB)            :        1        1    120189 
	   Memory (MB)          :      153     3900      3968 

	Job terminated of its own accord at 2022-03-31T06:15:11Z.
...
006 (127879.005.000) 2022-03-31 15:15:18 Image size of job updated: 692260
	185  -  MemoryUsage of job (MB)
	188996  -  ResidentSetSize of job (KB)
...
005 (127879.005.000) 2022-03-31 15:15:18 Job terminated.
	(1) Normal termination (return value 0)
		Usr 0 00:00:34, Sys 0 00:00:01  -  Run Remote Usage
		Usr 0 00:00:00, Sys 0 00:00:00  -  Run Local Usage
		Usr 0 00:00:34, Sys 0 00:00:01  -  Total Remote Usage
		Usr 0 00:00:00, Sys 0 00:00:00  -  Total Local Usage
	0  -  Run Bytes Sent By Job
	0  -  Run Bytes Received By Job
	0  -  Total Bytes Sent By Job
	0  -  Total Bytes Received By Job
	Partitionable Resources :    Usage  Request Allocated 
	   Cpus                 :                 1         1 
	   Disk (KB)            :        1        1    129249 
	   Memory (MB)          :      185     3900      3968 

	Job terminated of its own accord at 2022-03-31T06:15:18Z.
...
001 (127879.013.000) 2022-03-31 15:15:35 Job executing on host: <172.30.1.202:9618?addrs=172.30.1.202-9618&alias=node2&noUDP&sock=startd_3636_9271>
...
001 (127879.014.000) 2022-03-31 15:15:35 Job executing on host: <172.30.1.202:9618?addrs=172.30.1.202-9618&alias=node2&noUDP&sock=startd_3636_9271>
...
001 (127879.015.000) 2022-03-31 15:15:35 Job executing on host: <172.30.1.202:9618?addrs=172.30.1.202-9618&alias=node2&noUDP&sock=startd_3636_9271>
...
001 (127879.016.000) 2022-03-31 15:15:35 Job executing on host: <172.30.1.202:9618?addrs=172.30.1.202-9618&alias=node2&noUDP&sock=startd_3636_9271>
...
001 (127879.017.000) 2022-03-31 15:15:36 Job executing on host: <172.30.1.202:9618?addrs=172.30.1.202-9618&alias=node2&noUDP&sock=startd_3636_9271>
...
001 (127879.018.000) 2022-03-31 15:15:36 Job executing on host: <172.30.1.202:9618?addrs=172.30.1.202-9618&alias=node2&noUDP&sock=startd_3636_9271>
...
001 (127879.019.000) 2022-03-31 15:15:36 Job executing on host: <172.30.1.202:9618?addrs=172.30.1.202-9618&alias=node2&noUDP&sock=startd_3636_9271>
...
006 (127879.016.000) 2022-03-31 15:15:44 Image size of job updated: 385488
	185  -  MemoryUsage of job (MB)
	188472  -  ResidentSetSize of job (KB)
...
006 (127879.017.000) 2022-03-31 15:15:44 Image size of job updated: 322608
	185  -  MemoryUsage of job (MB)
	188944  -  ResidentSetSize of job (KB)
...
006 (127879.018.000) 2022-03-31 15:15:44 Image size of job updated: 302052
	185  -  MemoryUsage of job (MB)
	188464  -  ResidentSetSize of job (KB)
...
006 (127879.019.000) 2022-03-31 15:15:44 Image size of job updated: 272012
	185  -  MemoryUsage of job (MB)
	188464  -  ResidentSetSize of job (KB)
...
006 (127879.013.000) 2022-03-31 15:15:44 Image size of job updated: 385952
	185  -  MemoryUsage of job (MB)
	189004  -  ResidentSetSize of job (KB)
...
006 (127879.014.000) 2022-03-31 15:15:44 Image size of job updated: 385952
	185  -  MemoryUsage of job (MB)
	188992  -  ResidentSetSize of job (KB)
...
006 (127879.015.000) 2022-03-31 15:15:44 Image size of job updated: 385836
	185  -  MemoryUsage of job (MB)
	189012  -  ResidentSetSize of job (KB)
...
006 (127879.014.000) 2022-03-31 15:15:52 Image size of job updated: 692188
	185  -  MemoryUsage of job (MB)
	188992  -  ResidentSetSize of job (KB)
...
005 (127879.014.000) 2022-03-31 15:15:52 Job terminated.
	(1) Normal termination (return value 0)
		Usr 0 00:00:12, Sys 0 00:00:02  -  Run Remote Usage
		Usr 0 00:00:00, Sys 0 00:00:00  -  Run Local Usage
		Usr 0 00:00:12, Sys 0 00:00:02  -  Total Remote Usage
		Usr 0 00:00:00, Sys 0 00:00:00  -  Total Local Usage
	0  -  Run Bytes Sent By Job
	0  -  Run Bytes Received By Job
	0  -  Total Bytes Sent By Job
	0  -  Total Bytes Received By Job
	Partitionable Resources :    Usage  Request Allocated 
	   Cpus                 :                 1         1 
	   Disk (KB)            :        1        1    129249 
	   Memory (MB)          :      185     3900      3968 

	Job terminated of its own accord at 2022-03-31T06:15:52Z.
...
006 (127879.017.000) 2022-03-31 15:15:53 Image size of job updated: 687176
	185  -  MemoryUsage of job (MB)
	188944  -  ResidentSetSize of job (KB)
...
005 (127879.017.000) 2022-03-31 15:15:53 Job terminated.
	(1) Normal termination (return value 0)
		Usr 0 00:00:13, Sys 0 00:00:01  -  Run Remote Usage
		Usr 0 00:00:00, Sys 0 00:00:00  -  Run Local Usage
		Usr 0 00:00:13, Sys 0 00:00:01  -  Total Remote Usage
		Usr 0 00:00:00, Sys 0 00:00:00  -  Total Local Usage
	0  -  Run Bytes Sent By Job
	0  -  Run Bytes Received By Job
	0  -  Total Bytes Sent By Job
	0  -  Total Bytes Received By Job
	Partitionable Resources :    Usage  Request Allocated 
	   Cpus                 :                 1         1 
	   Disk (KB)            :        1        1    129249 
	   Memory (MB)          :      185     3900      3968 

	Job terminated of its own accord at 2022-03-31T06:15:53Z.
...
006 (127879.016.000) 2022-03-31 15:15:59 Image size of job updated: 691968
	185  -  MemoryUsage of job (MB)
	188472  -  ResidentSetSize of job (KB)
...
006 (127879.013.000) 2022-03-31 15:15:59 Image size of job updated: 687144
	185  -  MemoryUsage of job (MB)
	189004  -  ResidentSetSize of job (KB)
...
005 (127879.016.000) 2022-03-31 15:15:59 Job terminated.
	(1) Normal termination (return value 0)
		Usr 0 00:00:19, Sys 0 00:00:01  -  Run Remote Usage
		Usr 0 00:00:00, Sys 0 00:00:00  -  Run Local Usage
		Usr 0 00:00:19, Sys 0 00:00:01  -  Total Remote Usage
		Usr 0 00:00:00, Sys 0 00:00:00  -  Total Local Usage
	0  -  Run Bytes Sent By Job
	0  -  Run Bytes Received By Job
	0  -  Total Bytes Sent By Job
	0  -  Total Bytes Received By Job
	Partitionable Resources :    Usage  Request Allocated 
	   Cpus                 :                 1         1 
	   Disk (KB)            :        1        1    129249 
	   Memory (MB)          :      185     3900      3968 

	Job terminated of its own accord at 2022-03-31T06:15:59Z.
...
005 (127879.013.000) 2022-03-31 15:15:59 Job terminated.
	(1) Normal termination (return value 0)
		Usr 0 00:00:19, Sys 0 00:00:02  -  Run Remote Usage
		Usr 0 00:00:00, Sys 0 00:00:00  -  Run Local Usage
		Usr 0 00:00:19, Sys 0 00:00:02  -  Total Remote Usage
		Usr 0 00:00:00, Sys 0 00:00:00  -  Total Local Usage
	0  -  Run Bytes Sent By Job
	0  -  Run Bytes Received By Job
	0  -  Total Bytes Sent By Job
	0  -  Total Bytes Received By Job
	Partitionable Resources :    Usage  Request Allocated 
	   Cpus                 :                 1         1 
	   Disk (KB)            :        1        1    129249 
	   Memory (MB)          :      185     3900      3968 

	Job terminated of its own accord at 2022-03-31T06:15:59Z.
...
006 (127879.019.000) 2022-03-31 15:16:00 Image size of job updated: 692332
	185  -  MemoryUsage of job (MB)
	188464  -  ResidentSetSize of job (KB)
...
005 (127879.019.000) 2022-03-31 15:16:00 Job terminated.
	(1) Normal termination (return value 0)
		Usr 0 00:00:20, Sys 0 00:00:02  -  Run Remote Usage
		Usr 0 00:00:00, Sys 0 00:00:00  -  Run Local Usage
		Usr 0 00:00:20, Sys 0 00:00:02  -  Total Remote Usage
		Usr 0 00:00:00, Sys 0 00:00:00  -  Total Local Usage
	0  -  Run Bytes Sent By Job
	0  -  Run Bytes Received By Job
	0  -  Total Bytes Sent By Job
	0  -  Total Bytes Received By Job
	Partitionable Resources :    Usage  Request Allocated 
	   Cpus                 :                 1         1 
	   Disk (KB)            :        1        1    129249 
	   Memory (MB)          :      185     3900      3968 

	Job terminated of its own accord at 2022-03-31T06:16:00Z.
...
006 (127879.018.000) 2022-03-31 15:16:01 Image size of job updated: 687168
	185  -  MemoryUsage of job (MB)
	188464  -  ResidentSetSize of job (KB)
...
005 (127879.018.000) 2022-03-31 15:16:01 Job terminated.
	(1) Normal termination (return value 0)
		Usr 0 00:00:22, Sys 0 00:00:02  -  Run Remote Usage
		Usr 0 00:00:00, Sys 0 00:00:00  -  Run Local Usage
		Usr 0 00:00:22, Sys 0 00:00:02  -  Total Remote Usage
		Usr 0 00:00:00, Sys 0 00:00:00  -  Total Local Usage
	0  -  Run Bytes Sent By Job
	0  -  Run Bytes Received By Job
	0  -  Total Bytes Sent By Job
	0  -  Total Bytes Received By Job
	Partitionable Resources :    Usage  Request Allocated 
	   Cpus                 :                 1         1 
	   Disk (KB)            :        1        1    129249 
	   Memory (MB)          :      185     3900      3968 

	Job terminated of its own accord at 2022-03-31T06:16:01Z.
...
006 (127879.015.000) 2022-03-31 15:16:16 Image size of job updated: 687064
	185  -  MemoryUsage of job (MB)
	189012  -  ResidentSetSize of job (KB)
...
005 (127879.015.000) 2022-03-31 15:16:16 Job terminated.
	(1) Normal termination (return value 0)
		Usr 0 00:00:36, Sys 0 00:00:02  -  Run Remote Usage
		Usr 0 00:00:00, Sys 0 00:00:00  -  Run Local Usage
		Usr 0 00:00:36, Sys 0 00:00:02  -  Total Remote Usage
		Usr 0 00:00:00, Sys 0 00:00:00  -  Total Local Usage
	0  -  Run Bytes Sent By Job
	0  -  Run Bytes Received By Job
	0  -  Total Bytes Sent By Job
	0  -  Total Bytes Received By Job
	Partitionable Resources :    Usage  Request Allocated 
	   Cpus                 :                 1         1 
	   Disk (KB)            :        1        1    129249 
	   Memory (MB)          :      185     3900      3968 

	Job terminated of its own accord at 2022-03-31T06:16:16Z.
...
