000 (126805.000.000) 2022-03-30 13:41:30 Job submitted from host: <172.30.1.200:9618?addrs=172.30.1.200-9618&alias=tamsa2.snu.ac.kr&noUDP&sock=schedd_3154_f5cb>
...
000 (126805.001.000) 2022-03-30 13:41:30 Job submitted from host: <172.30.1.200:9618?addrs=172.30.1.200-9618&alias=tamsa2.snu.ac.kr&noUDP&sock=schedd_3154_f5cb>
...
000 (126805.002.000) 2022-03-30 13:41:30 Job submitted from host: <172.30.1.200:9618?addrs=172.30.1.200-9618&alias=tamsa2.snu.ac.kr&noUDP&sock=schedd_3154_f5cb>
...
000 (126805.003.000) 2022-03-30 13:41:30 Job submitted from host: <172.30.1.200:9618?addrs=172.30.1.200-9618&alias=tamsa2.snu.ac.kr&noUDP&sock=schedd_3154_f5cb>
...
000 (126805.004.000) 2022-03-30 13:41:30 Job submitted from host: <172.30.1.200:9618?addrs=172.30.1.200-9618&alias=tamsa2.snu.ac.kr&noUDP&sock=schedd_3154_f5cb>
...
000 (126805.005.000) 2022-03-30 13:41:30 Job submitted from host: <172.30.1.200:9618?addrs=172.30.1.200-9618&alias=tamsa2.snu.ac.kr&noUDP&sock=schedd_3154_f5cb>
...
000 (126805.006.000) 2022-03-30 13:41:30 Job submitted from host: <172.30.1.200:9618?addrs=172.30.1.200-9618&alias=tamsa2.snu.ac.kr&noUDP&sock=schedd_3154_f5cb>
...
000 (126805.007.000) 2022-03-30 13:41:30 Job submitted from host: <172.30.1.200:9618?addrs=172.30.1.200-9618&alias=tamsa2.snu.ac.kr&noUDP&sock=schedd_3154_f5cb>
...
000 (126805.008.000) 2022-03-30 13:41:30 Job submitted from host: <172.30.1.200:9618?addrs=172.30.1.200-9618&alias=tamsa2.snu.ac.kr&noUDP&sock=schedd_3154_f5cb>
...
000 (126805.009.000) 2022-03-30 13:41:30 Job submitted from host: <172.30.1.200:9618?addrs=172.30.1.200-9618&alias=tamsa2.snu.ac.kr&noUDP&sock=schedd_3154_f5cb>
...
000 (126805.010.000) 2022-03-30 13:41:30 Job submitted from host: <172.30.1.200:9618?addrs=172.30.1.200-9618&alias=tamsa2.snu.ac.kr&noUDP&sock=schedd_3154_f5cb>
...
000 (126805.011.000) 2022-03-30 13:41:30 Job submitted from host: <172.30.1.200:9618?addrs=172.30.1.200-9618&alias=tamsa2.snu.ac.kr&noUDP&sock=schedd_3154_f5cb>
...
000 (126805.012.000) 2022-03-30 13:41:30 Job submitted from host: <172.30.1.200:9618?addrs=172.30.1.200-9618&alias=tamsa2.snu.ac.kr&noUDP&sock=schedd_3154_f5cb>
...
000 (126805.013.000) 2022-03-30 13:41:30 Job submitted from host: <172.30.1.200:9618?addrs=172.30.1.200-9618&alias=tamsa2.snu.ac.kr&noUDP&sock=schedd_3154_f5cb>
...
000 (126805.014.000) 2022-03-30 13:41:30 Job submitted from host: <172.30.1.200:9618?addrs=172.30.1.200-9618&alias=tamsa2.snu.ac.kr&noUDP&sock=schedd_3154_f5cb>
...
000 (126805.015.000) 2022-03-30 13:41:30 Job submitted from host: <172.30.1.200:9618?addrs=172.30.1.200-9618&alias=tamsa2.snu.ac.kr&noUDP&sock=schedd_3154_f5cb>
...
000 (126805.016.000) 2022-03-30 13:41:30 Job submitted from host: <172.30.1.200:9618?addrs=172.30.1.200-9618&alias=tamsa2.snu.ac.kr&noUDP&sock=schedd_3154_f5cb>
...
000 (126805.017.000) 2022-03-30 13:41:30 Job submitted from host: <172.30.1.200:9618?addrs=172.30.1.200-9618&alias=tamsa2.snu.ac.kr&noUDP&sock=schedd_3154_f5cb>
...
000 (126805.018.000) 2022-03-30 13:41:30 Job submitted from host: <172.30.1.200:9618?addrs=172.30.1.200-9618&alias=tamsa2.snu.ac.kr&noUDP&sock=schedd_3154_f5cb>
...
000 (126805.019.000) 2022-03-30 13:41:30 Job submitted from host: <172.30.1.200:9618?addrs=172.30.1.200-9618&alias=tamsa2.snu.ac.kr&noUDP&sock=schedd_3154_f5cb>
...
001 (126805.013.000) 2022-03-30 13:41:45 Job executing on host: <172.30.1.208:9618?addrs=172.30.1.208-9618&alias=node8&noUDP&sock=startd_32564_c61f>
...
001 (126805.014.000) 2022-03-30 13:41:45 Job executing on host: <172.30.1.208:9618?addrs=172.30.1.208-9618&alias=node8&noUDP&sock=startd_32564_c61f>
...
001 (126805.015.000) 2022-03-30 13:41:45 Job executing on host: <172.30.1.208:9618?addrs=172.30.1.208-9618&alias=node8&noUDP&sock=startd_32564_c61f>
...
001 (126805.016.000) 2022-03-30 13:41:45 Job executing on host: <172.30.1.208:9618?addrs=172.30.1.208-9618&alias=node8&noUDP&sock=startd_32564_c61f>
...
001 (126805.017.000) 2022-03-30 13:41:45 Job executing on host: <172.30.1.208:9618?addrs=172.30.1.208-9618&alias=node8&noUDP&sock=startd_32564_c61f>
...
001 (126805.018.000) 2022-03-30 13:41:45 Job executing on host: <172.30.1.208:9618?addrs=172.30.1.208-9618&alias=node8&noUDP&sock=startd_32564_c61f>
...
001 (126805.019.000) 2022-03-30 13:41:45 Job executing on host: <172.30.1.208:9618?addrs=172.30.1.208-9618&alias=node8&noUDP&sock=startd_32564_c61f>
...
001 (126805.000.000) 2022-03-30 13:41:46 Job executing on host: <172.30.1.207:9618?addrs=172.30.1.207-9618&alias=node7&noUDP&sock=startd_3626_b67f>
...
001 (126805.001.000) 2022-03-30 13:41:46 Job executing on host: <172.30.1.207:9618?addrs=172.30.1.207-9618&alias=node7&noUDP&sock=startd_3626_b67f>
...
001 (126805.002.000) 2022-03-30 13:41:46 Job executing on host: <172.30.1.207:9618?addrs=172.30.1.207-9618&alias=node7&noUDP&sock=startd_3626_b67f>
...
001 (126805.003.000) 2022-03-30 13:41:46 Job executing on host: <172.30.1.207:9618?addrs=172.30.1.207-9618&alias=node7&noUDP&sock=startd_3626_b67f>
...
001 (126805.004.000) 2022-03-30 13:41:46 Job executing on host: <172.30.1.207:9618?addrs=172.30.1.207-9618&alias=node7&noUDP&sock=startd_3626_b67f>
...
001 (126805.005.000) 2022-03-30 13:41:46 Job executing on host: <172.30.1.207:9618?addrs=172.30.1.207-9618&alias=node7&noUDP&sock=startd_3626_b67f>
...
001 (126805.006.000) 2022-03-30 13:41:47 Job executing on host: <172.30.1.207:9618?addrs=172.30.1.207-9618&alias=node7&noUDP&sock=startd_3626_b67f>
...
001 (126805.007.000) 2022-03-30 13:41:47 Job executing on host: <172.30.1.207:9618?addrs=172.30.1.207-9618&alias=node7&noUDP&sock=startd_3626_b67f>
...
001 (126805.008.000) 2022-03-30 13:41:47 Job executing on host: <172.30.1.207:9618?addrs=172.30.1.207-9618&alias=node7&noUDP&sock=startd_3626_b67f>
...
001 (126805.009.000) 2022-03-30 13:41:47 Job executing on host: <172.30.1.207:9618?addrs=172.30.1.207-9618&alias=node7&noUDP&sock=startd_3626_b67f>
...
001 (126805.010.000) 2022-03-30 13:41:47 Job executing on host: <172.30.1.207:9618?addrs=172.30.1.207-9618&alias=node7&noUDP&sock=startd_3626_b67f>
...
001 (126805.011.000) 2022-03-30 13:41:47 Job executing on host: <172.30.1.207:9618?addrs=172.30.1.207-9618&alias=node7&noUDP&sock=startd_3626_b67f>
...
001 (126805.012.000) 2022-03-30 13:41:47 Job executing on host: <172.30.1.207:9618?addrs=172.30.1.207-9618&alias=node7&noUDP&sock=startd_3626_b67f>
...
006 (126805.013.000) 2022-03-30 13:41:53 Image size of job updated: 390420
	149  -  MemoryUsage of job (MB)
	152012  -  ResidentSetSize of job (KB)
...
006 (126805.014.000) 2022-03-30 13:41:53 Image size of job updated: 386976
	149  -  MemoryUsage of job (MB)
	152112  -  ResidentSetSize of job (KB)
...
006 (126805.015.000) 2022-03-30 13:41:53 Image size of job updated: 389360
	149  -  MemoryUsage of job (MB)
	152232  -  ResidentSetSize of job (KB)
...
006 (126805.016.000) 2022-03-30 13:41:54 Image size of job updated: 387508
	165  -  MemoryUsage of job (MB)
	168912  -  ResidentSetSize of job (KB)
...
006 (126805.017.000) 2022-03-30 13:41:54 Image size of job updated: 390552
	166  -  MemoryUsage of job (MB)
	169648  -  ResidentSetSize of job (KB)
...
006 (126805.018.000) 2022-03-30 13:41:54 Image size of job updated: 386980
	169  -  MemoryUsage of job (MB)
	172548  -  ResidentSetSize of job (KB)
...
006 (126805.019.000) 2022-03-30 13:41:54 Image size of job updated: 386980
	168  -  MemoryUsage of job (MB)
	171544  -  ResidentSetSize of job (KB)
...
006 (126805.005.000) 2022-03-30 13:41:55 Image size of job updated: 186156
	182  -  MemoryUsage of job (MB)
	185656  -  ResidentSetSize of job (KB)
...
006 (126805.006.000) 2022-03-30 13:41:55 Image size of job updated: 186772
	182  -  MemoryUsage of job (MB)
	185804  -  ResidentSetSize of job (KB)
...
006 (126805.007.000) 2022-03-30 13:41:55 Image size of job updated: 180944
	172  -  MemoryUsage of job (MB)
	175596  -  ResidentSetSize of job (KB)
...
006 (126805.008.000) 2022-03-30 13:41:55 Image size of job updated: 191016
	183  -  MemoryUsage of job (MB)
	186456  -  ResidentSetSize of job (KB)
...
006 (126805.009.000) 2022-03-30 13:41:55 Image size of job updated: 185864
	177  -  MemoryUsage of job (MB)
	181024  -  ResidentSetSize of job (KB)
...
006 (126805.010.000) 2022-03-30 13:41:55 Image size of job updated: 191700
	183  -  MemoryUsage of job (MB)
	186468  -  ResidentSetSize of job (KB)
...
006 (126805.000.000) 2022-03-30 13:41:55 Image size of job updated: 188572
	183  -  MemoryUsage of job (MB)
	186456  -  ResidentSetSize of job (KB)
...
006 (126805.001.000) 2022-03-30 13:41:55 Image size of job updated: 188680
	183  -  MemoryUsage of job (MB)
	186452  -  ResidentSetSize of job (KB)
...
006 (126805.002.000) 2022-03-30 13:41:55 Image size of job updated: 187960
	183  -  MemoryUsage of job (MB)
	186460  -  ResidentSetSize of job (KB)
...
006 (126805.003.000) 2022-03-30 13:41:55 Image size of job updated: 188536
	183  -  MemoryUsage of job (MB)
	186976  -  ResidentSetSize of job (KB)
...
006 (126805.004.000) 2022-03-30 13:41:55 Image size of job updated: 186716
	183  -  MemoryUsage of job (MB)
	186468  -  ResidentSetSize of job (KB)
...
006 (126805.011.000) 2022-03-30 13:41:56 Image size of job updated: 192392
	183  -  MemoryUsage of job (MB)
	186456  -  ResidentSetSize of job (KB)
...
006 (126805.012.000) 2022-03-30 13:41:56 Image size of job updated: 190952
	183  -  MemoryUsage of job (MB)
	186452  -  ResidentSetSize of job (KB)
...
006 (126805.013.000) 2022-03-30 13:42:00 Image size of job updated: 686824
	149  -  MemoryUsage of job (MB)
	152020  -  ResidentSetSize of job (KB)
...
005 (126805.013.000) 2022-03-30 13:42:00 Job terminated.
	(1) Normal termination (return value 0)
		Usr 0 00:00:07, Sys 0 00:00:02  -  Run Remote Usage
		Usr 0 00:00:00, Sys 0 00:00:00  -  Run Local Usage
		Usr 0 00:00:07, Sys 0 00:00:02  -  Total Remote Usage
		Usr 0 00:00:00, Sys 0 00:00:00  -  Total Local Usage
	0  -  Run Bytes Sent By Job
	0  -  Run Bytes Received By Job
	0  -  Total Bytes Sent By Job
	0  -  Total Bytes Received By Job
	Partitionable Resources :    Usage  Request Allocated 
	   Cpus                 :                 1         1 
	   Disk (KB)            :        1        1    121125 
	   Memory (MB)          :      149     3900      3968 

	Job terminated of its own accord at 2022-03-30T04:42:00Z.
...
006 (126805.000.000) 2022-03-30 13:42:02 Image size of job updated: 685024
	183  -  MemoryUsage of job (MB)
	186456  -  ResidentSetSize of job (KB)
...
006 (126805.017.000) 2022-03-30 13:42:02 Image size of job updated: 664916
	166  -  MemoryUsage of job (MB)
	169764  -  ResidentSetSize of job (KB)
...
005 (126805.000.000) 2022-03-30 13:42:02 Job terminated.
	(1) Normal termination (return value 0)
		Usr 0 00:00:09, Sys 0 00:00:01  -  Run Remote Usage
		Usr 0 00:00:00, Sys 0 00:00:00  -  Run Local Usage
		Usr 0 00:00:09, Sys 0 00:00:01  -  Total Remote Usage
		Usr 0 00:00:00, Sys 0 00:00:00  -  Total Local Usage
	0  -  Run Bytes Sent By Job
	0  -  Run Bytes Received By Job
	0  -  Total Bytes Sent By Job
	0  -  Total Bytes Received By Job
	Partitionable Resources :    Usage  Request Allocated 
	   Cpus                 :                 1         1 
	   Disk (KB)            :        1        1    129249 
	   Memory (MB)          :      183     3900      3968 

	Job terminated of its own accord at 2022-03-30T04:42:02Z.
...
005 (126805.017.000) 2022-03-30 13:42:02 Job terminated.
	(1) Normal termination (return value 0)
		Usr 0 00:00:09, Sys 0 00:00:02  -  Run Remote Usage
		Usr 0 00:00:00, Sys 0 00:00:00  -  Run Local Usage
		Usr 0 00:00:09, Sys 0 00:00:02  -  Total Remote Usage
		Usr 0 00:00:00, Sys 0 00:00:00  -  Total Local Usage
	0  -  Run Bytes Sent By Job
	0  -  Run Bytes Received By Job
	0  -  Total Bytes Sent By Job
	0  -  Total Bytes Received By Job
	Partitionable Resources :    Usage  Request Allocated 
	   Cpus                 :                 1         1 
	   Disk (KB)            :        1        1    121125 
	   Memory (MB)          :      166     3900      3968 

	Job terminated of its own accord at 2022-03-30T04:42:02Z.
...
006 (126805.010.000) 2022-03-30 13:42:02 Image size of job updated: 688436
	183  -  MemoryUsage of job (MB)
	186468  -  ResidentSetSize of job (KB)
...
005 (126805.010.000) 2022-03-30 13:42:02 Job terminated.
	(1) Normal termination (return value 0)
		Usr 0 00:00:10, Sys 0 00:00:01  -  Run Remote Usage
		Usr 0 00:00:00, Sys 0 00:00:00  -  Run Local Usage
		Usr 0 00:00:10, Sys 0 00:00:01  -  Total Remote Usage
		Usr 0 00:00:00, Sys 0 00:00:00  -  Total Local Usage
	0  -  Run Bytes Sent By Job
	0  -  Run Bytes Received By Job
	0  -  Total Bytes Sent By Job
	0  -  Total Bytes Received By Job
	Partitionable Resources :    Usage  Request Allocated 
	   Cpus                 :     0.99        1         1 
	   Disk (KB)            :     1           1    129249 
	   Memory (MB)          :   183        3900      3968 

	Job terminated of its own accord at 2022-03-30T04:42:02Z.
...
006 (126805.014.000) 2022-03-30 13:42:03 Image size of job updated: 689336
	149  -  MemoryUsage of job (MB)
	152116  -  ResidentSetSize of job (KB)
...
005 (126805.014.000) 2022-03-30 13:42:03 Job terminated.
	(1) Normal termination (return value 0)
		Usr 0 00:00:10, Sys 0 00:00:02  -  Run Remote Usage
		Usr 0 00:00:00, Sys 0 00:00:00  -  Run Local Usage
		Usr 0 00:00:10, Sys 0 00:00:02  -  Total Remote Usage
		Usr 0 00:00:00, Sys 0 00:00:00  -  Total Local Usage
	0  -  Run Bytes Sent By Job
	0  -  Run Bytes Received By Job
	0  -  Total Bytes Sent By Job
	0  -  Total Bytes Received By Job
	Partitionable Resources :    Usage  Request Allocated 
	   Cpus                 :                 1         1 
	   Disk (KB)            :        1        1    121125 
	   Memory (MB)          :      149     3900      3968 

	Job terminated of its own accord at 2022-03-30T04:42:03Z.
...
006 (126805.001.000) 2022-03-30 13:42:03 Image size of job updated: 686804
	183  -  MemoryUsage of job (MB)
	186452  -  ResidentSetSize of job (KB)
...
005 (126805.001.000) 2022-03-30 13:42:03 Job terminated.
	(1) Normal termination (return value 0)
		Usr 0 00:00:11, Sys 0 00:00:01  -  Run Remote Usage
		Usr 0 00:00:00, Sys 0 00:00:00  -  Run Local Usage
		Usr 0 00:00:11, Sys 0 00:00:01  -  Total Remote Usage
		Usr 0 00:00:00, Sys 0 00:00:00  -  Total Local Usage
	0  -  Run Bytes Sent By Job
	0  -  Run Bytes Received By Job
	0  -  Total Bytes Sent By Job
	0  -  Total Bytes Received By Job
	Partitionable Resources :    Usage  Request Allocated 
	   Cpus                 :     1.00        1         1 
	   Disk (KB)            :     1           1    129249 
	   Memory (MB)          :   183        3900      3968 

	Job terminated of its own accord at 2022-03-30T04:42:03Z.
...
006 (126805.019.000) 2022-03-30 13:42:04 Image size of job updated: 690180
	168  -  MemoryUsage of job (MB)
	171556  -  ResidentSetSize of job (KB)
...
005 (126805.019.000) 2022-03-30 13:42:04 Job terminated.
	(1) Normal termination (return value 0)
		Usr 0 00:00:11, Sys 0 00:00:02  -  Run Remote Usage
		Usr 0 00:00:00, Sys 0 00:00:00  -  Run Local Usage
		Usr 0 00:00:11, Sys 0 00:00:02  -  Total Remote Usage
		Usr 0 00:00:00, Sys 0 00:00:00  -  Total Local Usage
	0  -  Run Bytes Sent By Job
	0  -  Run Bytes Received By Job
	0  -  Total Bytes Sent By Job
	0  -  Total Bytes Received By Job
	Partitionable Resources :    Usage  Request Allocated 
	   Cpus                 :                 1         1 
	   Disk (KB)            :        1        1    121125 
	   Memory (MB)          :      168     3900      3968 

	Job terminated of its own accord at 2022-03-30T04:42:04Z.
...
006 (126805.011.000) 2022-03-30 13:42:04 Image size of job updated: 689332
	183  -  MemoryUsage of job (MB)
	186456  -  ResidentSetSize of job (KB)
...
006 (126805.009.000) 2022-03-30 13:42:04 Image size of job updated: 690184
	177  -  MemoryUsage of job (MB)
	181024  -  ResidentSetSize of job (KB)
...
005 (126805.011.000) 2022-03-30 13:42:04 Job terminated.
	(1) Normal termination (return value 0)
		Usr 0 00:00:12, Sys 0 00:00:02  -  Run Remote Usage
		Usr 0 00:00:00, Sys 0 00:00:00  -  Run Local Usage
		Usr 0 00:00:12, Sys 0 00:00:02  -  Total Remote Usage
		Usr 0 00:00:00, Sys 0 00:00:00  -  Total Local Usage
	0  -  Run Bytes Sent By Job
	0  -  Run Bytes Received By Job
	0  -  Total Bytes Sent By Job
	0  -  Total Bytes Received By Job
	Partitionable Resources :    Usage  Request Allocated 
	   Cpus                 :     1.00        1         1 
	   Disk (KB)            :     1           1    129249 
	   Memory (MB)          :   183        3900      3968 

	Job terminated of its own accord at 2022-03-30T04:42:04Z.
...
005 (126805.009.000) 2022-03-30 13:42:05 Job terminated.
	(1) Normal termination (return value 0)
		Usr 0 00:00:11, Sys 0 00:00:02  -  Run Remote Usage
		Usr 0 00:00:00, Sys 0 00:00:00  -  Run Local Usage
		Usr 0 00:00:11, Sys 0 00:00:02  -  Total Remote Usage
		Usr 0 00:00:00, Sys 0 00:00:00  -  Total Local Usage
	0  -  Run Bytes Sent By Job
	0  -  Run Bytes Received By Job
	0  -  Total Bytes Sent By Job
	0  -  Total Bytes Received By Job
	Partitionable Resources :    Usage  Request Allocated 
	   Cpus                 :     0.98        1         1 
	   Disk (KB)            :     1           1    129249 
	   Memory (MB)          :   177        3900      3968 

	Job terminated of its own accord at 2022-03-30T04:42:04Z.
...
006 (126805.003.000) 2022-03-30 13:42:05 Image size of job updated: 688600
	183  -  MemoryUsage of job (MB)
	186976  -  ResidentSetSize of job (KB)
...
005 (126805.003.000) 2022-03-30 13:42:05 Job terminated.
	(1) Normal termination (return value 0)
		Usr 0 00:00:12, Sys 0 00:00:01  -  Run Remote Usage
		Usr 0 00:00:00, Sys 0 00:00:00  -  Run Local Usage
		Usr 0 00:00:12, Sys 0 00:00:01  -  Total Remote Usage
		Usr 0 00:00:00, Sys 0 00:00:00  -  Total Local Usage
	0  -  Run Bytes Sent By Job
	0  -  Run Bytes Received By Job
	0  -  Total Bytes Sent By Job
	0  -  Total Bytes Received By Job
	Partitionable Resources :    Usage  Request Allocated 
	   Cpus                 :     1.00        1         1 
	   Disk (KB)            :     1           1    129249 
	   Memory (MB)          :   183        3900      3968 

	Job terminated of its own accord at 2022-03-30T04:42:05Z.
...
006 (126805.005.000) 2022-03-30 13:42:05 Image size of job updated: 689656
	182  -  MemoryUsage of job (MB)
	185656  -  ResidentSetSize of job (KB)
...
005 (126805.005.000) 2022-03-30 13:42:05 Job terminated.
	(1) Normal termination (return value 0)
		Usr 0 00:00:13, Sys 0 00:00:01  -  Run Remote Usage
		Usr 0 00:00:00, Sys 0 00:00:00  -  Run Local Usage
		Usr 0 00:00:13, Sys 0 00:00:01  -  Total Remote Usage
		Usr 0 00:00:00, Sys 0 00:00:00  -  Total Local Usage
	0  -  Run Bytes Sent By Job
	0  -  Run Bytes Received By Job
	0  -  Total Bytes Sent By Job
	0  -  Total Bytes Received By Job
	Partitionable Resources :    Usage  Request Allocated 
	   Cpus                 :     1.01        1         1 
	   Disk (KB)            :     1           1    129249 
	   Memory (MB)          :   182        3900      3968 

	Job terminated of its own accord at 2022-03-30T04:42:05Z.
...
006 (126805.012.000) 2022-03-30 13:42:05 Image size of job updated: 681652
	183  -  MemoryUsage of job (MB)
	186452  -  ResidentSetSize of job (KB)
...
005 (126805.012.000) 2022-03-30 13:42:05 Job terminated.
	(1) Normal termination (return value 0)
		Usr 0 00:00:13, Sys 0 00:00:02  -  Run Remote Usage
		Usr 0 00:00:00, Sys 0 00:00:00  -  Run Local Usage
		Usr 0 00:00:13, Sys 0 00:00:02  -  Total Remote Usage
		Usr 0 00:00:00, Sys 0 00:00:00  -  Total Local Usage
	0  -  Run Bytes Sent By Job
	0  -  Run Bytes Received By Job
	0  -  Total Bytes Sent By Job
	0  -  Total Bytes Received By Job
	Partitionable Resources :    Usage  Request Allocated 
	   Cpus                 :     1.01        1         1 
	   Disk (KB)            :     1           1    129249 
	   Memory (MB)          :   183        3900      3968 

	Job terminated of its own accord at 2022-03-30T04:42:05Z.
...
006 (126805.007.000) 2022-03-30 13:42:06 Image size of job updated: 690152
	172  -  MemoryUsage of job (MB)
	175596  -  ResidentSetSize of job (KB)
...
005 (126805.007.000) 2022-03-30 13:42:06 Job terminated.
	(1) Normal termination (return value 0)
		Usr 0 00:00:13, Sys 0 00:00:02  -  Run Remote Usage
		Usr 0 00:00:00, Sys 0 00:00:00  -  Run Local Usage
		Usr 0 00:00:13, Sys 0 00:00:02  -  Total Remote Usage
		Usr 0 00:00:00, Sys 0 00:00:00  -  Total Local Usage
	0  -  Run Bytes Sent By Job
	0  -  Run Bytes Received By Job
	0  -  Total Bytes Sent By Job
	0  -  Total Bytes Received By Job
	Partitionable Resources :    Usage  Request Allocated 
	   Cpus                 :     1.01        1         1 
	   Disk (KB)            :     1           1    129249 
	   Memory (MB)          :   172        3900      3968 

	Job terminated of its own accord at 2022-03-30T04:42:06Z.
...
006 (126805.015.000) 2022-03-30 13:42:06 Image size of job updated: 671068
	149  -  MemoryUsage of job (MB)
	152232  -  ResidentSetSize of job (KB)
...
005 (126805.015.000) 2022-03-30 13:42:06 Job terminated.
	(1) Normal termination (return value 0)
		Usr 0 00:00:13, Sys 0 00:00:02  -  Run Remote Usage
		Usr 0 00:00:00, Sys 0 00:00:00  -  Run Local Usage
		Usr 0 00:00:13, Sys 0 00:00:02  -  Total Remote Usage
		Usr 0 00:00:00, Sys 0 00:00:00  -  Total Local Usage
	0  -  Run Bytes Sent By Job
	0  -  Run Bytes Received By Job
	0  -  Total Bytes Sent By Job
	0  -  Total Bytes Received By Job
	Partitionable Resources :    Usage  Request Allocated 
	   Cpus                 :                 1         1 
	   Disk (KB)            :        1        1    121125 
	   Memory (MB)          :      149     3900      3968 

	Job terminated of its own accord at 2022-03-30T04:42:06Z.
...
006 (126805.018.000) 2022-03-30 13:42:07 Image size of job updated: 664736
	169  -  MemoryUsage of job (MB)
	172548  -  ResidentSetSize of job (KB)
...
005 (126805.018.000) 2022-03-30 13:42:07 Job terminated.
	(1) Normal termination (return value 0)
		Usr 0 00:00:14, Sys 0 00:00:02  -  Run Remote Usage
		Usr 0 00:00:00, Sys 0 00:00:00  -  Run Local Usage
		Usr 0 00:00:14, Sys 0 00:00:02  -  Total Remote Usage
		Usr 0 00:00:00, Sys 0 00:00:00  -  Total Local Usage
	0  -  Run Bytes Sent By Job
	0  -  Run Bytes Received By Job
	0  -  Total Bytes Sent By Job
	0  -  Total Bytes Received By Job
	Partitionable Resources :    Usage  Request Allocated 
	   Cpus                 :                 1         1 
	   Disk (KB)            :        1        1    121125 
	   Memory (MB)          :      169     3900      3968 

	Job terminated of its own accord at 2022-03-30T04:42:07Z.
...
006 (126805.016.000) 2022-03-30 13:42:07 Image size of job updated: 670548
	165  -  MemoryUsage of job (MB)
	168928  -  ResidentSetSize of job (KB)
...
005 (126805.016.000) 2022-03-30 13:42:07 Job terminated.
	(1) Normal termination (return value 0)
		Usr 0 00:00:14, Sys 0 00:00:02  -  Run Remote Usage
		Usr 0 00:00:00, Sys 0 00:00:00  -  Run Local Usage
		Usr 0 00:00:14, Sys 0 00:00:02  -  Total Remote Usage
		Usr 0 00:00:00, Sys 0 00:00:00  -  Total Local Usage
	0  -  Run Bytes Sent By Job
	0  -  Run Bytes Received By Job
	0  -  Total Bytes Sent By Job
	0  -  Total Bytes Received By Job
	Partitionable Resources :    Usage  Request Allocated 
	   Cpus                 :                 1         1 
	   Disk (KB)            :        1        1    121125 
	   Memory (MB)          :      165     3900      3968 

	Job terminated of its own accord at 2022-03-30T04:42:07Z.
...
006 (126805.008.000) 2022-03-30 13:42:07 Image size of job updated: 691300
	183  -  MemoryUsage of job (MB)
	186456  -  ResidentSetSize of job (KB)
...
005 (126805.008.000) 2022-03-30 13:42:07 Job terminated.
	(1) Normal termination (return value 0)
		Usr 0 00:00:15, Sys 0 00:00:01  -  Run Remote Usage
		Usr 0 00:00:00, Sys 0 00:00:00  -  Run Local Usage
		Usr 0 00:00:15, Sys 0 00:00:01  -  Total Remote Usage
		Usr 0 00:00:00, Sys 0 00:00:00  -  Total Local Usage
	0  -  Run Bytes Sent By Job
	0  -  Run Bytes Received By Job
	0  -  Total Bytes Sent By Job
	0  -  Total Bytes Received By Job
	Partitionable Resources :    Usage  Request Allocated 
	   Cpus                 :     1.00        1         1 
	   Disk (KB)            :     1           1    129249 
	   Memory (MB)          :   183        3900      3968 

	Job terminated of its own accord at 2022-03-30T04:42:07Z.
...
006 (126805.004.000) 2022-03-30 13:42:07 Image size of job updated: 689624
	183  -  MemoryUsage of job (MB)
	186468  -  ResidentSetSize of job (KB)
...
005 (126805.004.000) 2022-03-30 13:42:07 Job terminated.
	(1) Normal termination (return value 0)
		Usr 0 00:00:15, Sys 0 00:00:01  -  Run Remote Usage
		Usr 0 00:00:00, Sys 0 00:00:00  -  Run Local Usage
		Usr 0 00:00:15, Sys 0 00:00:01  -  Total Remote Usage
		Usr 0 00:00:00, Sys 0 00:00:00  -  Total Local Usage
	0  -  Run Bytes Sent By Job
	0  -  Run Bytes Received By Job
	0  -  Total Bytes Sent By Job
	0  -  Total Bytes Received By Job
	Partitionable Resources :    Usage  Request Allocated 
	   Cpus                 :     1.00        1         1 
	   Disk (KB)            :     1           1    129249 
	   Memory (MB)          :   183        3900      3968 

	Job terminated of its own accord at 2022-03-30T04:42:07Z.
...
006 (126805.002.000) 2022-03-30 13:42:08 Image size of job updated: 690116
	183  -  MemoryUsage of job (MB)
	186460  -  ResidentSetSize of job (KB)
...
005 (126805.002.000) 2022-03-30 13:42:08 Job terminated.
	(1) Normal termination (return value 0)
		Usr 0 00:00:15, Sys 0 00:00:01  -  Run Remote Usage
		Usr 0 00:00:00, Sys 0 00:00:00  -  Run Local Usage
		Usr 0 00:00:15, Sys 0 00:00:01  -  Total Remote Usage
		Usr 0 00:00:00, Sys 0 00:00:00  -  Total Local Usage
	0  -  Run Bytes Sent By Job
	0  -  Run Bytes Received By Job
	0  -  Total Bytes Sent By Job
	0  -  Total Bytes Received By Job
	Partitionable Resources :    Usage  Request Allocated 
	   Cpus                 :     1.01        1         1 
	   Disk (KB)            :     1           1    129249 
	   Memory (MB)          :   183        3900      3968 

	Job terminated of its own accord at 2022-03-30T04:42:08Z.
...
006 (126805.006.000) 2022-03-30 13:42:10 Image size of job updated: 691124
	182  -  MemoryUsage of job (MB)
	185824  -  ResidentSetSize of job (KB)
...
005 (126805.006.000) 2022-03-30 13:42:10 Job terminated.
	(1) Normal termination (return value 0)
		Usr 0 00:00:18, Sys 0 00:00:01  -  Run Remote Usage
		Usr 0 00:00:00, Sys 0 00:00:00  -  Run Local Usage
		Usr 0 00:00:18, Sys 0 00:00:01  -  Total Remote Usage
		Usr 0 00:00:00, Sys 0 00:00:00  -  Total Local Usage
	0  -  Run Bytes Sent By Job
	0  -  Run Bytes Received By Job
	0  -  Total Bytes Sent By Job
	0  -  Total Bytes Received By Job
	Partitionable Resources :    Usage  Request Allocated 
	   Cpus                 :     1.00        1         1 
	   Disk (KB)            :     1           1    129249 
	   Memory (MB)          :   182        3900      3968 

	Job terminated of its own accord at 2022-03-30T04:42:10Z.
...
