000 (2118552.009.000) 06/08 00:00:12 Job submitted from host: <172.30.1.200:9618?addrs=172.30.1.200-9618+[--1]-9618&noUDP&sock=203143_c79e_3>
...
001 (2118552.009.000) 06/08 00:00:34 Job executing on host: <172.30.1.202:9618?addrs=172.30.1.202-9618+[--1]-9618&noUDP&sock=13704_61f3_3>
...
006 (2118552.009.000) 06/08 00:00:43 Image size of job updated: 471260
	68  -  MemoryUsage of job (MB)
	69548  -  ResidentSetSize of job (KB)
...
006 (2118552.009.000) 06/08 00:05:44 Image size of job updated: 653328
	157  -  MemoryUsage of job (MB)
	160648  -  ResidentSetSize of job (KB)
...
006 (2118552.009.000) 06/08 00:10:45 Image size of job updated: 663376
	167  -  MemoryUsage of job (MB)
	170648  -  ResidentSetSize of job (KB)
...
006 (2118552.009.000) 06/08 00:15:45 Image size of job updated: 668816
	173  -  MemoryUsage of job (MB)
	176132  -  ResidentSetSize of job (KB)
...
006 (2118552.009.000) 06/08 00:20:45 Image size of job updated: 674428
	189  -  MemoryUsage of job (MB)
	192924  -  ResidentSetSize of job (KB)
...
006 (2118552.009.000) 06/08 00:25:46 Image size of job updated: 679840
	194  -  MemoryUsage of job (MB)
	198232  -  ResidentSetSize of job (KB)
...
006 (2118552.009.000) 06/08 00:30:46 Image size of job updated: 685016
	199  -  MemoryUsage of job (MB)
	203368  -  ResidentSetSize of job (KB)
...
006 (2118552.009.000) 06/08 00:35:46 Image size of job updated: 690180
	206  -  MemoryUsage of job (MB)
	210468  -  ResidentSetSize of job (KB)
...
006 (2118552.009.000) 06/08 00:40:48 Image size of job updated: 695592
	211  -  MemoryUsage of job (MB)
	215920  -  ResidentSetSize of job (KB)
...
006 (2118552.009.000) 06/08 00:45:48 Image size of job updated: 705360
	221  -  MemoryUsage of job (MB)
	225656  -  ResidentSetSize of job (KB)
...
006 (2118552.009.000) 06/08 00:50:48 Image size of job updated: 711460
	227  -  MemoryUsage of job (MB)
	231840  -  ResidentSetSize of job (KB)
...
006 (2118552.009.000) 06/08 00:55:49 Image size of job updated: 716888
	232  -  MemoryUsage of job (MB)
	237060  -  ResidentSetSize of job (KB)
...
006 (2118552.009.000) 06/08 01:00:00 Image size of job updated: 722344
	232  -  MemoryUsage of job (MB)
	237060  -  ResidentSetSize of job (KB)
...
005 (2118552.009.000) 06/08 01:00:00 Job terminated.
	(1) Normal termination (return value 0)
		Usr 0 00:59:07, Sys 0 00:00:02  -  Run Remote Usage
		Usr 0 00:00:00, Sys 0 00:00:00  -  Run Local Usage
		Usr 0 00:59:07, Sys 0 00:00:02  -  Total Remote Usage
		Usr 0 00:00:00, Sys 0 00:00:00  -  Total Local Usage
	103271  -  Run Bytes Sent By Job
	228  -  Run Bytes Received By Job
	103271  -  Total Bytes Sent By Job
	228  -  Total Bytes Received By Job
	Partitionable Resources :    Usage  Request Allocated
	   Cpus                 :                 1         1
	   Disk (KB)            :      112  2048000   2376642
	   Memory (MB)          :      232     2000      2000
...
