000 (2118552.010.000) 06/08 00:00:12 Job submitted from host: <172.30.1.200:9618?addrs=172.30.1.200-9618+[--1]-9618&noUDP&sock=203143_c79e_3>
...
001 (2118552.010.000) 06/08 00:00:34 Job executing on host: <172.30.1.202:9618?addrs=172.30.1.202-9618+[--1]-9618&noUDP&sock=13704_61f3_3>
...
006 (2118552.010.000) 06/08 00:00:43 Image size of job updated: 471260
	70  -  MemoryUsage of job (MB)
	71180  -  ResidentSetSize of job (KB)
...
006 (2118552.010.000) 06/08 00:05:44 Image size of job updated: 653564
	158  -  MemoryUsage of job (MB)
	160848  -  ResidentSetSize of job (KB)
...
006 (2118552.010.000) 06/08 00:10:45 Image size of job updated: 664248
	168  -  MemoryUsage of job (MB)
	171516  -  ResidentSetSize of job (KB)
...
006 (2118552.010.000) 06/08 00:15:45 Image size of job updated: 669560
	173  -  MemoryUsage of job (MB)
	176832  -  ResidentSetSize of job (KB)
...
006 (2118552.010.000) 06/08 00:20:45 Image size of job updated: 675468
	190  -  MemoryUsage of job (MB)
	193900  -  ResidentSetSize of job (KB)
...
006 (2118552.010.000) 06/08 00:25:46 Image size of job updated: 684864
	199  -  MemoryUsage of job (MB)
	203440  -  ResidentSetSize of job (KB)
...
006 (2118552.010.000) 06/08 00:30:46 Image size of job updated: 691200
	207  -  MemoryUsage of job (MB)
	211600  -  ResidentSetSize of job (KB)
...
006 (2118552.010.000) 06/08 00:35:46 Image size of job updated: 697008
	213  -  MemoryUsage of job (MB)
	217308  -  ResidentSetSize of job (KB)
...
006 (2118552.010.000) 06/08 00:40:47 Image size of job updated: 702916
	218  -  MemoryUsage of job (MB)
	223216  -  ResidentSetSize of job (KB)
...
006 (2118552.010.000) 06/08 00:45:47 Image size of job updated: 708452
	224  -  MemoryUsage of job (MB)
	228656  -  ResidentSetSize of job (KB)
...
006 (2118552.010.000) 06/08 00:50:47 Image size of job updated: 718592
	234  -  MemoryUsage of job (MB)
	238676  -  ResidentSetSize of job (KB)
...
006 (2118552.010.000) 06/08 00:55:48 Image size of job updated: 724672
	240  -  MemoryUsage of job (MB)
	244908  -  ResidentSetSize of job (KB)
...
006 (2118552.010.000) 06/08 00:57:33 Image size of job updated: 734144
	240  -  MemoryUsage of job (MB)
	244908  -  ResidentSetSize of job (KB)
...
005 (2118552.010.000) 06/08 00:57:33 Job terminated.
	(1) Normal termination (return value 0)
		Usr 0 00:56:46, Sys 0 00:00:02  -  Run Remote Usage
		Usr 0 00:00:00, Sys 0 00:00:00  -  Run Local Usage
		Usr 0 00:56:46, Sys 0 00:00:02  -  Total Remote Usage
		Usr 0 00:00:00, Sys 0 00:00:00  -  Total Local Usage
	103532  -  Run Bytes Sent By Job
	228  -  Run Bytes Received By Job
	103532  -  Total Bytes Sent By Job
	228  -  Total Bytes Received By Job
	Partitionable Resources :    Usage  Request Allocated
	   Cpus                 :                 1         1
	   Disk (KB)            :      112  2048000   2376642
	   Memory (MB)          :      240     2000      2000
...
