000 (2118552.005.000) 06/08 00:00:12 Job submitted from host: <172.30.1.200:9618?addrs=172.30.1.200-9618+[--1]-9618&noUDP&sock=203143_c79e_3>
...
001 (2118552.005.000) 06/08 00:00:34 Job executing on host: <172.30.1.202:9618?addrs=172.30.1.202-9618+[--1]-9618&noUDP&sock=13704_61f3_3>
...
006 (2118552.005.000) 06/08 00:00:42 Image size of job updated: 494332
	70  -  MemoryUsage of job (MB)
	71388  -  ResidentSetSize of job (KB)
...
006 (2118552.005.000) 06/08 00:05:42 Image size of job updated: 653680
	158  -  MemoryUsage of job (MB)
	160944  -  ResidentSetSize of job (KB)
...
006 (2118552.005.000) 06/08 00:10:43 Image size of job updated: 668820
	172  -  MemoryUsage of job (MB)
	175968  -  ResidentSetSize of job (KB)
...
006 (2118552.005.000) 06/08 00:15:44 Image size of job updated: 670012
	174  -  MemoryUsage of job (MB)
	177308  -  ResidentSetSize of job (KB)
...
006 (2118552.005.000) 06/08 00:20:44 Image size of job updated: 679696
	194  -  MemoryUsage of job (MB)
	198044  -  ResidentSetSize of job (KB)
...
006 (2118552.005.000) 06/08 00:25:44 Image size of job updated: 686832
	201  -  MemoryUsage of job (MB)
	205224  -  ResidentSetSize of job (KB)
...
006 (2118552.005.000) 06/08 00:30:45 Image size of job updated: 692372
	208  -  MemoryUsage of job (MB)
	212560  -  ResidentSetSize of job (KB)
...
006 (2118552.005.000) 06/08 00:35:45 Image size of job updated: 697672
	213  -  MemoryUsage of job (MB)
	217952  -  ResidentSetSize of job (KB)
...
006 (2118552.005.000) 06/08 00:40:45 Image size of job updated: 703616
	219  -  MemoryUsage of job (MB)
	223904  -  ResidentSetSize of job (KB)
...
006 (2118552.005.000) 06/08 00:45:46 Image size of job updated: 712728
	228  -  MemoryUsage of job (MB)
	233104  -  ResidentSetSize of job (KB)
...
006 (2118552.005.000) 06/08 00:50:47 Image size of job updated: 719872
	235  -  MemoryUsage of job (MB)
	240272  -  ResidentSetSize of job (KB)
...
006 (2118552.005.000) 06/08 00:55:47 Image size of job updated: 725816
	241  -  MemoryUsage of job (MB)
	246028  -  ResidentSetSize of job (KB)
...
006 (2118552.005.000) 06/08 00:56:46 Image size of job updated: 735172
	241  -  MemoryUsage of job (MB)
	246028  -  ResidentSetSize of job (KB)
...
005 (2118552.005.000) 06/08 00:56:46 Job terminated.
	(1) Normal termination (return value 0)
		Usr 0 00:55:59, Sys 0 00:00:05  -  Run Remote Usage
		Usr 0 00:00:00, Sys 0 00:00:00  -  Run Local Usage
		Usr 0 00:55:59, Sys 0 00:00:05  -  Total Remote Usage
		Usr 0 00:00:00, Sys 0 00:00:00  -  Total Local Usage
	105806  -  Run Bytes Sent By Job
	228  -  Run Bytes Received By Job
	105806  -  Total Bytes Sent By Job
	228  -  Total Bytes Received By Job
	Partitionable Resources :    Usage  Request Allocated
	   Cpus                 :                 1         1
	   Disk (KB)            :      115  2048000   2376642
	   Memory (MB)          :      241     2000      2000
...
