000 (2118552.012.000) 06/08 00:00:12 Job submitted from host: <172.30.1.200:9618?addrs=172.30.1.200-9618+[--1]-9618&noUDP&sock=203143_c79e_3>
...
001 (2118552.012.000) 06/08 00:00:34 Job executing on host: <172.30.1.202:9618?addrs=172.30.1.202-9618+[--1]-9618&noUDP&sock=13704_61f3_3>
...
006 (2118552.012.000) 06/08 00:00:43 Image size of job updated: 392032
	68  -  MemoryUsage of job (MB)
	68720  -  ResidentSetSize of job (KB)
...
006 (2118552.012.000) 06/08 00:05:44 Image size of job updated: 654088
	158  -  MemoryUsage of job (MB)
	161336  -  ResidentSetSize of job (KB)
...
006 (2118552.012.000) 06/08 00:10:44 Image size of job updated: 664924
	169  -  MemoryUsage of job (MB)
	172104  -  ResidentSetSize of job (KB)
...
006 (2118552.012.000) 06/08 00:15:44 Image size of job updated: 670748
	174  -  MemoryUsage of job (MB)
	178088  -  ResidentSetSize of job (KB)
...
006 (2118552.012.000) 06/08 00:20:46 Image size of job updated: 677068
	192  -  MemoryUsage of job (MB)
	195600  -  ResidentSetSize of job (KB)
...
006 (2118552.012.000) 06/08 00:25:46 Image size of job updated: 683060
	197  -  MemoryUsage of job (MB)
	201576  -  ResidentSetSize of job (KB)
...
006 (2118552.012.000) 06/08 00:30:46 Image size of job updated: 689124
	203  -  MemoryUsage of job (MB)
	207660  -  ResidentSetSize of job (KB)
...
006 (2118552.012.000) 06/08 00:35:47 Image size of job updated: 700352
	216  -  MemoryUsage of job (MB)
	220552  -  ResidentSetSize of job (KB)
...
006 (2118552.012.000) 06/08 00:40:48 Image size of job updated: 706288
	222  -  MemoryUsage of job (MB)
	226388  -  ResidentSetSize of job (KB)
...
006 (2118552.012.000) 06/08 00:45:48 Image size of job updated: 712096
	227  -  MemoryUsage of job (MB)
	232380  -  ResidentSetSize of job (KB)
...
006 (2118552.012.000) 06/08 00:50:49 Image size of job updated: 718216
	233  -  MemoryUsage of job (MB)
	238552  -  ResidentSetSize of job (KB)
...
006 (2118552.012.000) 06/08 00:55:50 Image size of job updated: 730084
	245  -  MemoryUsage of job (MB)
	250224  -  ResidentSetSize of job (KB)
...
006 (2118552.012.000) 06/08 00:58:51 Image size of job updated: 740996
	245  -  MemoryUsage of job (MB)
	250224  -  ResidentSetSize of job (KB)
...
005 (2118552.012.000) 06/08 00:58:51 Job terminated.
	(1) Normal termination (return value 0)
		Usr 0 00:58:03, Sys 0 00:00:02  -  Run Remote Usage
		Usr 0 00:00:00, Sys 0 00:00:00  -  Run Local Usage
		Usr 0 00:58:03, Sys 0 00:00:02  -  Total Remote Usage
		Usr 0 00:00:00, Sys 0 00:00:00  -  Total Local Usage
	107042  -  Run Bytes Sent By Job
	228  -  Run Bytes Received By Job
	107042  -  Total Bytes Sent By Job
	228  -  Total Bytes Received By Job
	Partitionable Resources :    Usage  Request Allocated
	   Cpus                 :                 1         1
	   Disk (KB)            :      116  2048000   2376642
	   Memory (MB)          :      245     2000      2000
...
