000 (126279.000.000) 2022-03-28 19:57:52 Job submitted from host: <172.30.1.200:9618?addrs=172.30.1.200-9618&alias=tamsa2.snu.ac.kr&noUDP&sock=schedd_3154_f5cb>
...
000 (126279.001.000) 2022-03-28 19:57:52 Job submitted from host: <172.30.1.200:9618?addrs=172.30.1.200-9618&alias=tamsa2.snu.ac.kr&noUDP&sock=schedd_3154_f5cb>
...
000 (126279.002.000) 2022-03-28 19:57:52 Job submitted from host: <172.30.1.200:9618?addrs=172.30.1.200-9618&alias=tamsa2.snu.ac.kr&noUDP&sock=schedd_3154_f5cb>
...
000 (126279.003.000) 2022-03-28 19:57:52 Job submitted from host: <172.30.1.200:9618?addrs=172.30.1.200-9618&alias=tamsa2.snu.ac.kr&noUDP&sock=schedd_3154_f5cb>
...
000 (126279.004.000) 2022-03-28 19:57:52 Job submitted from host: <172.30.1.200:9618?addrs=172.30.1.200-9618&alias=tamsa2.snu.ac.kr&noUDP&sock=schedd_3154_f5cb>
...
000 (126279.005.000) 2022-03-28 19:57:52 Job submitted from host: <172.30.1.200:9618?addrs=172.30.1.200-9618&alias=tamsa2.snu.ac.kr&noUDP&sock=schedd_3154_f5cb>
...
000 (126279.006.000) 2022-03-28 19:57:52 Job submitted from host: <172.30.1.200:9618?addrs=172.30.1.200-9618&alias=tamsa2.snu.ac.kr&noUDP&sock=schedd_3154_f5cb>
...
000 (126279.007.000) 2022-03-28 19:57:52 Job submitted from host: <172.30.1.200:9618?addrs=172.30.1.200-9618&alias=tamsa2.snu.ac.kr&noUDP&sock=schedd_3154_f5cb>
...
000 (126279.008.000) 2022-03-28 19:57:52 Job submitted from host: <172.30.1.200:9618?addrs=172.30.1.200-9618&alias=tamsa2.snu.ac.kr&noUDP&sock=schedd_3154_f5cb>
...
000 (126279.009.000) 2022-03-28 19:57:52 Job submitted from host: <172.30.1.200:9618?addrs=172.30.1.200-9618&alias=tamsa2.snu.ac.kr&noUDP&sock=schedd_3154_f5cb>
...
000 (126279.010.000) 2022-03-28 19:57:52 Job submitted from host: <172.30.1.200:9618?addrs=172.30.1.200-9618&alias=tamsa2.snu.ac.kr&noUDP&sock=schedd_3154_f5cb>
...
000 (126279.011.000) 2022-03-28 19:57:52 Job submitted from host: <172.30.1.200:9618?addrs=172.30.1.200-9618&alias=tamsa2.snu.ac.kr&noUDP&sock=schedd_3154_f5cb>
...
000 (126279.012.000) 2022-03-28 19:57:52 Job submitted from host: <172.30.1.200:9618?addrs=172.30.1.200-9618&alias=tamsa2.snu.ac.kr&noUDP&sock=schedd_3154_f5cb>
...
000 (126279.013.000) 2022-03-28 19:57:52 Job submitted from host: <172.30.1.200:9618?addrs=172.30.1.200-9618&alias=tamsa2.snu.ac.kr&noUDP&sock=schedd_3154_f5cb>
...
000 (126279.014.000) 2022-03-28 19:57:52 Job submitted from host: <172.30.1.200:9618?addrs=172.30.1.200-9618&alias=tamsa2.snu.ac.kr&noUDP&sock=schedd_3154_f5cb>
...
000 (126279.015.000) 2022-03-28 19:57:52 Job submitted from host: <172.30.1.200:9618?addrs=172.30.1.200-9618&alias=tamsa2.snu.ac.kr&noUDP&sock=schedd_3154_f5cb>
...
000 (126279.016.000) 2022-03-28 19:57:52 Job submitted from host: <172.30.1.200:9618?addrs=172.30.1.200-9618&alias=tamsa2.snu.ac.kr&noUDP&sock=schedd_3154_f5cb>
...
000 (126279.017.000) 2022-03-28 19:57:52 Job submitted from host: <172.30.1.200:9618?addrs=172.30.1.200-9618&alias=tamsa2.snu.ac.kr&noUDP&sock=schedd_3154_f5cb>
...
000 (126279.018.000) 2022-03-28 19:57:52 Job submitted from host: <172.30.1.200:9618?addrs=172.30.1.200-9618&alias=tamsa2.snu.ac.kr&noUDP&sock=schedd_3154_f5cb>
...
000 (126279.019.000) 2022-03-28 19:57:52 Job submitted from host: <172.30.1.200:9618?addrs=172.30.1.200-9618&alias=tamsa2.snu.ac.kr&noUDP&sock=schedd_3154_f5cb>
...
001 (126279.000.000) 2022-03-28 19:58:07 Job executing on host: <172.30.1.202:9618?addrs=172.30.1.202-9618&alias=node2&noUDP&sock=startd_3636_9271>
...
001 (126279.001.000) 2022-03-28 19:58:07 Job executing on host: <172.30.1.202:9618?addrs=172.30.1.202-9618&alias=node2&noUDP&sock=startd_3636_9271>
...
001 (126279.002.000) 2022-03-28 19:58:07 Job executing on host: <172.30.1.202:9618?addrs=172.30.1.202-9618&alias=node2&noUDP&sock=startd_3636_9271>
...
001 (126279.003.000) 2022-03-28 19:58:07 Job executing on host: <172.30.1.202:9618?addrs=172.30.1.202-9618&alias=node2&noUDP&sock=startd_3636_9271>
...
001 (126279.004.000) 2022-03-28 19:58:07 Job executing on host: <172.30.1.202:9618?addrs=172.30.1.202-9618&alias=node2&noUDP&sock=startd_3636_9271>
...
001 (126279.005.000) 2022-03-28 19:58:07 Job executing on host: <172.30.1.202:9618?addrs=172.30.1.202-9618&alias=node2&noUDP&sock=startd_3636_9271>
...
001 (126279.006.000) 2022-03-28 19:58:07 Job executing on host: <172.30.1.202:9618?addrs=172.30.1.202-9618&alias=node2&noUDP&sock=startd_3636_9271>
...
001 (126279.007.000) 2022-03-28 19:58:07 Job executing on host: <172.30.1.202:9618?addrs=172.30.1.202-9618&alias=node2&noUDP&sock=startd_3636_9271>
...
001 (126279.008.000) 2022-03-28 19:58:07 Job executing on host: <172.30.1.202:9618?addrs=172.30.1.202-9618&alias=node2&noUDP&sock=startd_3636_9271>
...
001 (126279.011.000) 2022-03-28 19:58:07 Job executing on host: <172.30.1.202:9618?addrs=172.30.1.202-9618&alias=node2&noUDP&sock=startd_3636_9271>
...
001 (126279.009.000) 2022-03-28 19:58:07 Job executing on host: <172.30.1.202:9618?addrs=172.30.1.202-9618&alias=node2&noUDP&sock=startd_3636_9271>
...
001 (126279.010.000) 2022-03-28 19:58:08 Job executing on host: <172.30.1.202:9618?addrs=172.30.1.202-9618&alias=node2&noUDP&sock=startd_3636_9271>
...
001 (126279.012.000) 2022-03-28 19:58:08 Job executing on host: <172.30.1.202:9618?addrs=172.30.1.202-9618&alias=node2&noUDP&sock=startd_3636_9271>
...
001 (126279.016.000) 2022-03-28 19:58:08 Job executing on host: <172.30.1.202:9618?addrs=172.30.1.202-9618&alias=node2&noUDP&sock=startd_3636_9271>
...
001 (126279.018.000) 2022-03-28 19:58:08 Job executing on host: <172.30.1.202:9618?addrs=172.30.1.202-9618&alias=node2&noUDP&sock=startd_3636_9271>
...
001 (126279.017.000) 2022-03-28 19:58:08 Job executing on host: <172.30.1.202:9618?addrs=172.30.1.202-9618&alias=node2&noUDP&sock=startd_3636_9271>
...
001 (126279.019.000) 2022-03-28 19:58:08 Job executing on host: <172.30.1.202:9618?addrs=172.30.1.202-9618&alias=node2&noUDP&sock=startd_3636_9271>
...
001 (126279.015.000) 2022-03-28 19:58:09 Job executing on host: <172.30.1.202:9618?addrs=172.30.1.202-9618&alias=node2&noUDP&sock=startd_3636_9271>
...
001 (126279.014.000) 2022-03-28 19:58:09 Job executing on host: <172.30.1.202:9618?addrs=172.30.1.202-9618&alias=node2&noUDP&sock=startd_3636_9271>
...
001 (126279.013.000) 2022-03-28 19:58:09 Job executing on host: <172.30.1.202:9618?addrs=172.30.1.202-9618&alias=node2&noUDP&sock=startd_3636_9271>
...
006 (126279.000.000) 2022-03-28 19:58:15 Image size of job updated: 393916
	145  -  MemoryUsage of job (MB)
	148268  -  ResidentSetSize of job (KB)
...
006 (126279.001.000) 2022-03-28 19:58:15 Image size of job updated: 393780
	150  -  MemoryUsage of job (MB)
	152892  -  ResidentSetSize of job (KB)
...
006 (126279.009.000) 2022-03-28 19:58:16 Image size of job updated: 386980
	152  -  MemoryUsage of job (MB)
	154836  -  ResidentSetSize of job (KB)
...
006 (126279.010.000) 2022-03-28 19:58:16 Image size of job updated: 386980
	151  -  MemoryUsage of job (MB)
	154576  -  ResidentSetSize of job (KB)
...
006 (126279.012.000) 2022-03-28 19:58:16 Image size of job updated: 386980
	152  -  MemoryUsage of job (MB)
	155480  -  ResidentSetSize of job (KB)
...
006 (126279.016.000) 2022-03-28 19:58:16 Image size of job updated: 331788
	153  -  MemoryUsage of job (MB)
	156020  -  ResidentSetSize of job (KB)
...
006 (126279.018.000) 2022-03-28 19:58:16 Image size of job updated: 331788
	157  -  MemoryUsage of job (MB)
	160048  -  ResidentSetSize of job (KB)
...
006 (126279.017.000) 2022-03-28 19:58:16 Image size of job updated: 331788
	157  -  MemoryUsage of job (MB)
	160228  -  ResidentSetSize of job (KB)
...
006 (126279.002.000) 2022-03-28 19:58:16 Image size of job updated: 393780
	157  -  MemoryUsage of job (MB)
	160520  -  ResidentSetSize of job (KB)
...
006 (126279.003.000) 2022-03-28 19:58:16 Image size of job updated: 393780
	158  -  MemoryUsage of job (MB)
	161164  -  ResidentSetSize of job (KB)
...
006 (126279.004.000) 2022-03-28 19:58:16 Image size of job updated: 393648
	160  -  MemoryUsage of job (MB)
	163260  -  ResidentSetSize of job (KB)
...
006 (126279.005.000) 2022-03-28 19:58:16 Image size of job updated: 393648
	161  -  MemoryUsage of job (MB)
	163944  -  ResidentSetSize of job (KB)
...
006 (126279.006.000) 2022-03-28 19:58:16 Image size of job updated: 393648
	162  -  MemoryUsage of job (MB)
	165540  -  ResidentSetSize of job (KB)
...
006 (126279.007.000) 2022-03-28 19:58:16 Image size of job updated: 447268
	162  -  MemoryUsage of job (MB)
	165704  -  ResidentSetSize of job (KB)
...
006 (126279.008.000) 2022-03-28 19:58:16 Image size of job updated: 386980
	164  -  MemoryUsage of job (MB)
	167564  -  ResidentSetSize of job (KB)
...
006 (126279.011.000) 2022-03-28 19:58:16 Image size of job updated: 386980
	165  -  MemoryUsage of job (MB)
	168068  -  ResidentSetSize of job (KB)
...
006 (126279.015.000) 2022-03-28 19:58:17 Image size of job updated: 185836
	170  -  MemoryUsage of job (MB)
	173112  -  ResidentSetSize of job (KB)
...
006 (126279.014.000) 2022-03-28 19:58:17 Image size of job updated: 185836
	170  -  MemoryUsage of job (MB)
	173320  -  ResidentSetSize of job (KB)
...
006 (126279.013.000) 2022-03-28 19:58:17 Image size of job updated: 185664
	174  -  MemoryUsage of job (MB)
	178064  -  ResidentSetSize of job (KB)
...
006 (126279.019.000) 2022-03-28 19:58:17 Image size of job updated: 303776
	176  -  MemoryUsage of job (MB)
	180220  -  ResidentSetSize of job (KB)
...
006 (126279.018.000) 2022-03-28 19:58:24 Image size of job updated: 647644
	157  -  MemoryUsage of job (MB)
	160048  -  ResidentSetSize of job (KB)
...
005 (126279.018.000) 2022-03-28 19:58:24 Job terminated.
	(1) Normal termination (return value 0)
		Usr 0 00:00:08, Sys 0 00:00:02  -  Run Remote Usage
		Usr 0 00:00:00, Sys 0 00:00:00  -  Run Local Usage
		Usr 0 00:00:08, Sys 0 00:00:02  -  Total Remote Usage
		Usr 0 00:00:00, Sys 0 00:00:00  -  Total Local Usage
	0  -  Run Bytes Sent By Job
	0  -  Run Bytes Received By Job
	0  -  Total Bytes Sent By Job
	0  -  Total Bytes Received By Job
	Partitionable Resources :    Usage  Request Allocated 
	   Cpus                 :                 1         1 
	   Disk (KB)            :        1        1    129249 
	   Memory (MB)          :      157     3900      3968 

	Job terminated of its own accord at 2022-03-28T10:58:24Z.
...
006 (126279.000.000) 2022-03-28 19:58:25 Image size of job updated: 691628
	145  -  MemoryUsage of job (MB)
	148272  -  ResidentSetSize of job (KB)
...
006 (126279.012.000) 2022-03-28 19:58:25 Image size of job updated: 691448
	152  -  MemoryUsage of job (MB)
	155484  -  ResidentSetSize of job (KB)
...
006 (126279.011.000) 2022-03-28 19:58:25 Image size of job updated: 691480
	165  -  MemoryUsage of job (MB)
	168076  -  ResidentSetSize of job (KB)
...
005 (126279.000.000) 2022-03-28 19:58:25 Job terminated.
	(1) Normal termination (return value 0)
		Usr 0 00:00:08, Sys 0 00:00:02  -  Run Remote Usage
		Usr 0 00:00:00, Sys 0 00:00:00  -  Run Local Usage
		Usr 0 00:00:08, Sys 0 00:00:02  -  Total Remote Usage
		Usr 0 00:00:00, Sys 0 00:00:00  -  Total Local Usage
	0  -  Run Bytes Sent By Job
	0  -  Run Bytes Received By Job
	0  -  Total Bytes Sent By Job
	0  -  Total Bytes Received By Job
	Partitionable Resources :    Usage  Request Allocated 
	   Cpus                 :                 1         1 
	   Disk (KB)            :        1        1    129249 
	   Memory (MB)          :      145     3900      3968 

	Job terminated of its own accord at 2022-03-28T10:58:25Z.
...
005 (126279.012.000) 2022-03-28 19:58:25 Job terminated.
	(1) Normal termination (return value 0)
		Usr 0 00:00:08, Sys 0 00:00:02  -  Run Remote Usage
		Usr 0 00:00:00, Sys 0 00:00:00  -  Run Local Usage
		Usr 0 00:00:08, Sys 0 00:00:02  -  Total Remote Usage
		Usr 0 00:00:00, Sys 0 00:00:00  -  Total Local Usage
	0  -  Run Bytes Sent By Job
	0  -  Run Bytes Received By Job
	0  -  Total Bytes Sent By Job
	0  -  Total Bytes Received By Job
	Partitionable Resources :    Usage  Request Allocated 
	   Cpus                 :                 1         1 
	   Disk (KB)            :        1        1    129249 
	   Memory (MB)          :      152     3900      3968 

	Job terminated of its own accord at 2022-03-28T10:58:25Z.
...
005 (126279.011.000) 2022-03-28 19:58:25 Job terminated.
	(1) Normal termination (return value 0)
		Usr 0 00:00:09, Sys 0 00:00:02  -  Run Remote Usage
		Usr 0 00:00:00, Sys 0 00:00:00  -  Run Local Usage
		Usr 0 00:00:09, Sys 0 00:00:02  -  Total Remote Usage
		Usr 0 00:00:00, Sys 0 00:00:00  -  Total Local Usage
	0  -  Run Bytes Sent By Job
	0  -  Run Bytes Received By Job
	0  -  Total Bytes Sent By Job
	0  -  Total Bytes Received By Job
	Partitionable Resources :    Usage  Request Allocated 
	   Cpus                 :                 1         1 
	   Disk (KB)            :        1        1    129249 
	   Memory (MB)          :      165     3900      3968 

	Job terminated of its own accord at 2022-03-28T10:58:25Z.
...
006 (126279.003.000) 2022-03-28 19:58:25 Image size of job updated: 691524
	158  -  MemoryUsage of job (MB)
	161180  -  ResidentSetSize of job (KB)
...
005 (126279.003.000) 2022-03-28 19:58:25 Job terminated.
	(1) Normal termination (return value 0)
		Usr 0 00:00:09, Sys 0 00:00:02  -  Run Remote Usage
		Usr 0 00:00:00, Sys 0 00:00:00  -  Run Local Usage
		Usr 0 00:00:09, Sys 0 00:00:02  -  Total Remote Usage
		Usr 0 00:00:00, Sys 0 00:00:00  -  Total Local Usage
	0  -  Run Bytes Sent By Job
	0  -  Run Bytes Received By Job
	0  -  Total Bytes Sent By Job
	0  -  Total Bytes Received By Job
	Partitionable Resources :    Usage  Request Allocated 
	   Cpus                 :                 1         1 
	   Disk (KB)            :        1        1    129249 
	   Memory (MB)          :      158     3900      3968 

	Job terminated of its own accord at 2022-03-28T10:58:25Z.
...
006 (126279.008.000) 2022-03-28 19:58:25 Image size of job updated: 691516
	165  -  MemoryUsage of job (MB)
	167944  -  ResidentSetSize of job (KB)
...
005 (126279.008.000) 2022-03-28 19:58:25 Job terminated.
	(1) Normal termination (return value 0)
		Usr 0 00:00:10, Sys 0 00:00:02  -  Run Remote Usage
		Usr 0 00:00:00, Sys 0 00:00:00  -  Run Local Usage
		Usr 0 00:00:10, Sys 0 00:00:02  -  Total Remote Usage
		Usr 0 00:00:00, Sys 0 00:00:00  -  Total Local Usage
	0  -  Run Bytes Sent By Job
	0  -  Run Bytes Received By Job
	0  -  Total Bytes Sent By Job
	0  -  Total Bytes Received By Job
	Partitionable Resources :    Usage  Request Allocated 
	   Cpus                 :                 1         1 
	   Disk (KB)            :        1        1    129249 
	   Memory (MB)          :      165     3900      3968 

	Job terminated of its own accord at 2022-03-28T10:58:25Z.
...
006 (126279.009.000) 2022-03-28 19:58:25 Image size of job updated: 691452
	152  -  MemoryUsage of job (MB)
	154836  -  ResidentSetSize of job (KB)
...
005 (126279.009.000) 2022-03-28 19:58:25 Job terminated.
	(1) Normal termination (return value 0)
		Usr 0 00:00:10, Sys 0 00:00:02  -  Run Remote Usage
		Usr 0 00:00:00, Sys 0 00:00:00  -  Run Local Usage
		Usr 0 00:00:10, Sys 0 00:00:02  -  Total Remote Usage
		Usr 0 00:00:00, Sys 0 00:00:00  -  Total Local Usage
	0  -  Run Bytes Sent By Job
	0  -  Run Bytes Received By Job
	0  -  Total Bytes Sent By Job
	0  -  Total Bytes Received By Job
	Partitionable Resources :    Usage  Request Allocated 
	   Cpus                 :                 1         1 
	   Disk (KB)            :        1        1    129249 
	   Memory (MB)          :      152     3900      3968 

	Job terminated of its own accord at 2022-03-28T10:58:25Z.
...
006 (126279.007.000) 2022-03-28 19:58:26 Image size of job updated: 691544
	162  -  MemoryUsage of job (MB)
	165704  -  ResidentSetSize of job (KB)
...
005 (126279.007.000) 2022-03-28 19:58:26 Job terminated.
	(1) Normal termination (return value 0)
		Usr 0 00:00:10, Sys 0 00:00:02  -  Run Remote Usage
		Usr 0 00:00:00, Sys 0 00:00:00  -  Run Local Usage
		Usr 0 00:00:10, Sys 0 00:00:02  -  Total Remote Usage
		Usr 0 00:00:00, Sys 0 00:00:00  -  Total Local Usage
	0  -  Run Bytes Sent By Job
	0  -  Run Bytes Received By Job
	0  -  Total Bytes Sent By Job
	0  -  Total Bytes Received By Job
	Partitionable Resources :    Usage  Request Allocated 
	   Cpus                 :                 1         1 
	   Disk (KB)            :        1        1    129249 
	   Memory (MB)          :      162     3900      3968 

	Job terminated of its own accord at 2022-03-28T10:58:26Z.
...
006 (126279.002.000) 2022-03-28 19:58:26 Image size of job updated: 691468
	157  -  MemoryUsage of job (MB)
	160520  -  ResidentSetSize of job (KB)
...
005 (126279.002.000) 2022-03-28 19:58:26 Job terminated.
	(1) Normal termination (return value 0)
		Usr 0 00:00:10, Sys 0 00:00:02  -  Run Remote Usage
		Usr 0 00:00:00, Sys 0 00:00:00  -  Run Local Usage
		Usr 0 00:00:10, Sys 0 00:00:02  -  Total Remote Usage
		Usr 0 00:00:00, Sys 0 00:00:00  -  Total Local Usage
	0  -  Run Bytes Sent By Job
	0  -  Run Bytes Received By Job
	0  -  Total Bytes Sent By Job
	0  -  Total Bytes Received By Job
	Partitionable Resources :    Usage  Request Allocated 
	   Cpus                 :                 1         1 
	   Disk (KB)            :        1        1    129249 
	   Memory (MB)          :      157     3900      3968 

	Job terminated of its own accord at 2022-03-28T10:58:26Z.
...
006 (126279.016.000) 2022-03-28 19:58:26 Image size of job updated: 691484
	153  -  MemoryUsage of job (MB)
	156028  -  ResidentSetSize of job (KB)
...
006 (126279.014.000) 2022-03-28 19:58:26 Image size of job updated: 691500
	170  -  MemoryUsage of job (MB)
	173320  -  ResidentSetSize of job (KB)
...
005 (126279.016.000) 2022-03-28 19:58:26 Job terminated.
	(1) Normal termination (return value 0)
		Usr 0 00:00:11, Sys 0 00:00:02  -  Run Remote Usage
		Usr 0 00:00:00, Sys 0 00:00:00  -  Run Local Usage
		Usr 0 00:00:11, Sys 0 00:00:02  -  Total Remote Usage
		Usr 0 00:00:00, Sys 0 00:00:00  -  Total Local Usage
	0  -  Run Bytes Sent By Job
	0  -  Run Bytes Received By Job
	0  -  Total Bytes Sent By Job
	0  -  Total Bytes Received By Job
	Partitionable Resources :    Usage  Request Allocated 
	   Cpus                 :                 1         1 
	   Disk (KB)            :        1        1    129249 
	   Memory (MB)          :      153     3900      3968 

	Job terminated of its own accord at 2022-03-28T10:58:26Z.
...
006 (126279.017.000) 2022-03-28 19:58:26 Image size of job updated: 691692
	157  -  MemoryUsage of job (MB)
	160236  -  ResidentSetSize of job (KB)
...
005 (126279.014.000) 2022-03-28 19:58:26 Job terminated.
	(1) Normal termination (return value 0)
		Usr 0 00:00:10, Sys 0 00:00:02  -  Run Remote Usage
		Usr 0 00:00:00, Sys 0 00:00:00  -  Run Local Usage
		Usr 0 00:00:10, Sys 0 00:00:02  -  Total Remote Usage
		Usr 0 00:00:00, Sys 0 00:00:00  -  Total Local Usage
	0  -  Run Bytes Sent By Job
	0  -  Run Bytes Received By Job
	0  -  Total Bytes Sent By Job
	0  -  Total Bytes Received By Job
	Partitionable Resources :    Usage  Request Allocated 
	   Cpus                 :                 1         1 
	   Disk (KB)            :        1        1    129249 
	   Memory (MB)          :      170     3900      3968 

	Job terminated of its own accord at 2022-03-28T10:58:26Z.
...
005 (126279.017.000) 2022-03-28 19:58:26 Job terminated.
	(1) Normal termination (return value 0)
		Usr 0 00:00:11, Sys 0 00:00:02  -  Run Remote Usage
		Usr 0 00:00:00, Sys 0 00:00:00  -  Run Local Usage
		Usr 0 00:00:11, Sys 0 00:00:02  -  Total Remote Usage
		Usr 0 00:00:00, Sys 0 00:00:00  -  Total Local Usage
	0  -  Run Bytes Sent By Job
	0  -  Run Bytes Received By Job
	0  -  Total Bytes Sent By Job
	0  -  Total Bytes Received By Job
	Partitionable Resources :    Usage  Request Allocated 
	   Cpus                 :                 1         1 
	   Disk (KB)            :        1        1    129249 
	   Memory (MB)          :      157     3900      3968 

	Job terminated of its own accord at 2022-03-28T10:58:26Z.
...
006 (126279.004.000) 2022-03-28 19:58:27 Image size of job updated: 691468
	160  -  MemoryUsage of job (MB)
	163480  -  ResidentSetSize of job (KB)
...
005 (126279.004.000) 2022-03-28 19:58:27 Job terminated.
	(1) Normal termination (return value 0)
		Usr 0 00:00:11, Sys 0 00:00:02  -  Run Remote Usage
		Usr 0 00:00:00, Sys 0 00:00:00  -  Run Local Usage
		Usr 0 00:00:11, Sys 0 00:00:02  -  Total Remote Usage
		Usr 0 00:00:00, Sys 0 00:00:00  -  Total Local Usage
	0  -  Run Bytes Sent By Job
	0  -  Run Bytes Received By Job
	0  -  Total Bytes Sent By Job
	0  -  Total Bytes Received By Job
	Partitionable Resources :    Usage  Request Allocated 
	   Cpus                 :                 1         1 
	   Disk (KB)            :        1        1    129249 
	   Memory (MB)          :      160     3900      3968 

	Job terminated of its own accord at 2022-03-28T10:58:27Z.
...
006 (126279.013.000) 2022-03-28 19:58:27 Image size of job updated: 691456
	174  -  MemoryUsage of job (MB)
	178064  -  ResidentSetSize of job (KB)
...
005 (126279.013.000) 2022-03-28 19:58:27 Job terminated.
	(1) Normal termination (return value 0)
		Usr 0 00:00:12, Sys 0 00:00:02  -  Run Remote Usage
		Usr 0 00:00:00, Sys 0 00:00:00  -  Run Local Usage
		Usr 0 00:00:12, Sys 0 00:00:02  -  Total Remote Usage
		Usr 0 00:00:00, Sys 0 00:00:00  -  Total Local Usage
	0  -  Run Bytes Sent By Job
	0  -  Run Bytes Received By Job
	0  -  Total Bytes Sent By Job
	0  -  Total Bytes Received By Job
	Partitionable Resources :    Usage  Request Allocated 
	   Cpus                 :                 1         1 
	   Disk (KB)            :        1        1    129249 
	   Memory (MB)          :      174     3900      3968 

	Job terminated of its own accord at 2022-03-28T10:58:27Z.
...
006 (126279.001.000) 2022-03-28 19:58:28 Image size of job updated: 691780
	150  -  MemoryUsage of job (MB)
	152892  -  ResidentSetSize of job (KB)
...
006 (126279.006.000) 2022-03-28 19:58:28 Image size of job updated: 691492
	162  -  MemoryUsage of job (MB)
	165552  -  ResidentSetSize of job (KB)
...
005 (126279.001.000) 2022-03-28 19:58:28 Job terminated.
	(1) Normal termination (return value 0)
		Usr 0 00:00:12, Sys 0 00:00:02  -  Run Remote Usage
		Usr 0 00:00:00, Sys 0 00:00:00  -  Run Local Usage
		Usr 0 00:00:12, Sys 0 00:00:02  -  Total Remote Usage
		Usr 0 00:00:00, Sys 0 00:00:00  -  Total Local Usage
	0  -  Run Bytes Sent By Job
	0  -  Run Bytes Received By Job
	0  -  Total Bytes Sent By Job
	0  -  Total Bytes Received By Job
	Partitionable Resources :    Usage  Request Allocated 
	   Cpus                 :                 1         1 
	   Disk (KB)            :        1        1    129249 
	   Memory (MB)          :      150     3900      3968 

	Job terminated of its own accord at 2022-03-28T10:58:28Z.
...
005 (126279.006.000) 2022-03-28 19:58:28 Job terminated.
	(1) Normal termination (return value 0)
		Usr 0 00:00:12, Sys 0 00:00:02  -  Run Remote Usage
		Usr 0 00:00:00, Sys 0 00:00:00  -  Run Local Usage
		Usr 0 00:00:12, Sys 0 00:00:02  -  Total Remote Usage
		Usr 0 00:00:00, Sys 0 00:00:00  -  Total Local Usage
	0  -  Run Bytes Sent By Job
	0  -  Run Bytes Received By Job
	0  -  Total Bytes Sent By Job
	0  -  Total Bytes Received By Job
	Partitionable Resources :    Usage  Request Allocated 
	   Cpus                 :                 1         1 
	   Disk (KB)            :        1        1    129249 
	   Memory (MB)          :      162     3900      3968 

	Job terminated of its own accord at 2022-03-28T10:58:28Z.
...
006 (126279.005.000) 2022-03-28 19:58:29 Image size of job updated: 691472
	161  -  MemoryUsage of job (MB)
	163948  -  ResidentSetSize of job (KB)
...
005 (126279.005.000) 2022-03-28 19:58:29 Job terminated.
	(1) Normal termination (return value 0)
		Usr 0 00:00:13, Sys 0 00:00:02  -  Run Remote Usage
		Usr 0 00:00:00, Sys 0 00:00:00  -  Run Local Usage
		Usr 0 00:00:13, Sys 0 00:00:02  -  Total Remote Usage
		Usr 0 00:00:00, Sys 0 00:00:00  -  Total Local Usage
	0  -  Run Bytes Sent By Job
	0  -  Run Bytes Received By Job
	0  -  Total Bytes Sent By Job
	0  -  Total Bytes Received By Job
	Partitionable Resources :    Usage  Request Allocated 
	   Cpus                 :                 1         1 
	   Disk (KB)            :        1        1    129249 
	   Memory (MB)          :      161     3900      3968 

	Job terminated of its own accord at 2022-03-28T10:58:29Z.
...
006 (126279.010.000) 2022-03-28 19:58:29 Image size of job updated: 691628
	151  -  MemoryUsage of job (MB)
	154576  -  ResidentSetSize of job (KB)
...
006 (126279.015.000) 2022-03-28 19:58:29 Image size of job updated: 691788
	170  -  MemoryUsage of job (MB)
	173112  -  ResidentSetSize of job (KB)
...
005 (126279.010.000) 2022-03-28 19:58:29 Job terminated.
	(1) Normal termination (return value 0)
		Usr 0 00:00:13, Sys 0 00:00:02  -  Run Remote Usage
		Usr 0 00:00:00, Sys 0 00:00:00  -  Run Local Usage
		Usr 0 00:00:13, Sys 0 00:00:02  -  Total Remote Usage
		Usr 0 00:00:00, Sys 0 00:00:00  -  Total Local Usage
	0  -  Run Bytes Sent By Job
	0  -  Run Bytes Received By Job
	0  -  Total Bytes Sent By Job
	0  -  Total Bytes Received By Job
	Partitionable Resources :    Usage  Request Allocated 
	   Cpus                 :                 1         1 
	   Disk (KB)            :        1        1    129249 
	   Memory (MB)          :      151     3900      3968 

	Job terminated of its own accord at 2022-03-28T10:58:29Z.
...
005 (126279.015.000) 2022-03-28 19:58:29 Job terminated.
	(1) Normal termination (return value 0)
		Usr 0 00:00:13, Sys 0 00:00:02  -  Run Remote Usage
		Usr 0 00:00:00, Sys 0 00:00:00  -  Run Local Usage
		Usr 0 00:00:13, Sys 0 00:00:02  -  Total Remote Usage
		Usr 0 00:00:00, Sys 0 00:00:00  -  Total Local Usage
	0  -  Run Bytes Sent By Job
	0  -  Run Bytes Received By Job
	0  -  Total Bytes Sent By Job
	0  -  Total Bytes Received By Job
	Partitionable Resources :    Usage  Request Allocated 
	   Cpus                 :                 1         1 
	   Disk (KB)            :        1        1    129249 
	   Memory (MB)          :      170     3900      3968 

	Job terminated of its own accord at 2022-03-28T10:58:29Z.
...
006 (126279.019.000) 2022-03-28 19:58:33 Image size of job updated: 691452
	176  -  MemoryUsage of job (MB)
	180220  -  ResidentSetSize of job (KB)
...
005 (126279.019.000) 2022-03-28 19:58:33 Job terminated.
	(1) Normal termination (return value 0)
		Usr 0 00:00:17, Sys 0 00:00:02  -  Run Remote Usage
		Usr 0 00:00:00, Sys 0 00:00:00  -  Run Local Usage
		Usr 0 00:00:17, Sys 0 00:00:02  -  Total Remote Usage
		Usr 0 00:00:00, Sys 0 00:00:00  -  Total Local Usage
	0  -  Run Bytes Sent By Job
	0  -  Run Bytes Received By Job
	0  -  Total Bytes Sent By Job
	0  -  Total Bytes Received By Job
	Partitionable Resources :    Usage  Request Allocated 
	   Cpus                 :                 1         1 
	   Disk (KB)            :        1        1    129249 
	   Memory (MB)          :      176     3900      3968 

	Job terminated of its own accord at 2022-03-28T10:58:33Z.
...
