000 (126779.000.000) 2022-03-30 13:38:34 Job submitted from host: <172.30.1.200:9618?addrs=172.30.1.200-9618&alias=tamsa2.snu.ac.kr&noUDP&sock=schedd_3154_f5cb>
...
000 (126779.001.000) 2022-03-30 13:38:34 Job submitted from host: <172.30.1.200:9618?addrs=172.30.1.200-9618&alias=tamsa2.snu.ac.kr&noUDP&sock=schedd_3154_f5cb>
...
000 (126779.002.000) 2022-03-30 13:38:34 Job submitted from host: <172.30.1.200:9618?addrs=172.30.1.200-9618&alias=tamsa2.snu.ac.kr&noUDP&sock=schedd_3154_f5cb>
...
000 (126779.003.000) 2022-03-30 13:38:34 Job submitted from host: <172.30.1.200:9618?addrs=172.30.1.200-9618&alias=tamsa2.snu.ac.kr&noUDP&sock=schedd_3154_f5cb>
...
000 (126779.004.000) 2022-03-30 13:38:34 Job submitted from host: <172.30.1.200:9618?addrs=172.30.1.200-9618&alias=tamsa2.snu.ac.kr&noUDP&sock=schedd_3154_f5cb>
...
000 (126779.005.000) 2022-03-30 13:38:34 Job submitted from host: <172.30.1.200:9618?addrs=172.30.1.200-9618&alias=tamsa2.snu.ac.kr&noUDP&sock=schedd_3154_f5cb>
...
000 (126779.006.000) 2022-03-30 13:38:34 Job submitted from host: <172.30.1.200:9618?addrs=172.30.1.200-9618&alias=tamsa2.snu.ac.kr&noUDP&sock=schedd_3154_f5cb>
...
000 (126779.007.000) 2022-03-30 13:38:34 Job submitted from host: <172.30.1.200:9618?addrs=172.30.1.200-9618&alias=tamsa2.snu.ac.kr&noUDP&sock=schedd_3154_f5cb>
...
000 (126779.008.000) 2022-03-30 13:38:34 Job submitted from host: <172.30.1.200:9618?addrs=172.30.1.200-9618&alias=tamsa2.snu.ac.kr&noUDP&sock=schedd_3154_f5cb>
...
000 (126779.009.000) 2022-03-30 13:38:34 Job submitted from host: <172.30.1.200:9618?addrs=172.30.1.200-9618&alias=tamsa2.snu.ac.kr&noUDP&sock=schedd_3154_f5cb>
...
000 (126779.010.000) 2022-03-30 13:38:34 Job submitted from host: <172.30.1.200:9618?addrs=172.30.1.200-9618&alias=tamsa2.snu.ac.kr&noUDP&sock=schedd_3154_f5cb>
...
000 (126779.011.000) 2022-03-30 13:38:34 Job submitted from host: <172.30.1.200:9618?addrs=172.30.1.200-9618&alias=tamsa2.snu.ac.kr&noUDP&sock=schedd_3154_f5cb>
...
000 (126779.012.000) 2022-03-30 13:38:34 Job submitted from host: <172.30.1.200:9618?addrs=172.30.1.200-9618&alias=tamsa2.snu.ac.kr&noUDP&sock=schedd_3154_f5cb>
...
000 (126779.013.000) 2022-03-30 13:38:34 Job submitted from host: <172.30.1.200:9618?addrs=172.30.1.200-9618&alias=tamsa2.snu.ac.kr&noUDP&sock=schedd_3154_f5cb>
...
000 (126779.014.000) 2022-03-30 13:38:34 Job submitted from host: <172.30.1.200:9618?addrs=172.30.1.200-9618&alias=tamsa2.snu.ac.kr&noUDP&sock=schedd_3154_f5cb>
...
000 (126779.015.000) 2022-03-30 13:38:34 Job submitted from host: <172.30.1.200:9618?addrs=172.30.1.200-9618&alias=tamsa2.snu.ac.kr&noUDP&sock=schedd_3154_f5cb>
...
000 (126779.016.000) 2022-03-30 13:38:34 Job submitted from host: <172.30.1.200:9618?addrs=172.30.1.200-9618&alias=tamsa2.snu.ac.kr&noUDP&sock=schedd_3154_f5cb>
...
000 (126779.017.000) 2022-03-30 13:38:34 Job submitted from host: <172.30.1.200:9618?addrs=172.30.1.200-9618&alias=tamsa2.snu.ac.kr&noUDP&sock=schedd_3154_f5cb>
...
000 (126779.018.000) 2022-03-30 13:38:34 Job submitted from host: <172.30.1.200:9618?addrs=172.30.1.200-9618&alias=tamsa2.snu.ac.kr&noUDP&sock=schedd_3154_f5cb>
...
000 (126779.019.000) 2022-03-30 13:38:34 Job submitted from host: <172.30.1.200:9618?addrs=172.30.1.200-9618&alias=tamsa2.snu.ac.kr&noUDP&sock=schedd_3154_f5cb>
...
001 (126779.000.000) 2022-03-30 13:38:44 Job executing on host: <172.30.1.205:9618?addrs=172.30.1.205-9618&alias=node5&noUDP&sock=startd_3654_eb26>
...
001 (126779.002.000) 2022-03-30 13:38:44 Job executing on host: <172.30.1.205:9618?addrs=172.30.1.205-9618&alias=node5&noUDP&sock=startd_3654_eb26>
...
001 (126779.001.000) 2022-03-30 13:38:44 Job executing on host: <172.30.1.205:9618?addrs=172.30.1.205-9618&alias=node5&noUDP&sock=startd_3654_eb26>
...
001 (126779.003.000) 2022-03-30 13:38:44 Job executing on host: <172.30.1.205:9618?addrs=172.30.1.205-9618&alias=node5&noUDP&sock=startd_3654_eb26>
...
001 (126779.004.000) 2022-03-30 13:38:44 Job executing on host: <172.30.1.205:9618?addrs=172.30.1.205-9618&alias=node5&noUDP&sock=startd_3654_eb26>
...
001 (126779.005.000) 2022-03-30 13:38:44 Job executing on host: <172.30.1.205:9618?addrs=172.30.1.205-9618&alias=node5&noUDP&sock=startd_3654_eb26>
...
001 (126779.006.000) 2022-03-30 13:38:44 Job executing on host: <172.30.1.205:9618?addrs=172.30.1.205-9618&alias=node5&noUDP&sock=startd_3654_eb26>
...
001 (126779.007.000) 2022-03-30 13:38:44 Job executing on host: <172.30.1.205:9618?addrs=172.30.1.205-9618&alias=node5&noUDP&sock=startd_3654_eb26>
...
001 (126779.008.000) 2022-03-30 13:38:44 Job executing on host: <172.30.1.205:9618?addrs=172.30.1.205-9618&alias=node5&noUDP&sock=startd_3654_eb26>
...
001 (126779.009.000) 2022-03-30 13:38:44 Job executing on host: <172.30.1.205:9618?addrs=172.30.1.205-9618&alias=node5&noUDP&sock=startd_3654_eb26>
...
001 (126779.010.000) 2022-03-30 13:38:44 Job executing on host: <172.30.1.205:9618?addrs=172.30.1.205-9618&alias=node5&noUDP&sock=startd_3654_eb26>
...
001 (126779.011.000) 2022-03-30 13:38:44 Job executing on host: <172.30.1.205:9618?addrs=172.30.1.205-9618&alias=node5&noUDP&sock=startd_3654_eb26>
...
001 (126779.012.000) 2022-03-30 13:38:45 Job executing on host: <172.30.1.205:9618?addrs=172.30.1.205-9618&alias=node5&noUDP&sock=startd_3654_eb26>
...
001 (126779.013.000) 2022-03-30 13:38:45 Job executing on host: <172.30.1.205:9618?addrs=172.30.1.205-9618&alias=node5&noUDP&sock=startd_3654_eb26>
...
001 (126779.014.000) 2022-03-30 13:38:45 Job executing on host: <172.30.1.205:9618?addrs=172.30.1.205-9618&alias=node5&noUDP&sock=startd_3654_eb26>
...
001 (126779.015.000) 2022-03-30 13:38:45 Job executing on host: <172.30.1.205:9618?addrs=172.30.1.205-9618&alias=node5&noUDP&sock=startd_3654_eb26>
...
001 (126779.016.000) 2022-03-30 13:38:45 Job executing on host: <172.30.1.205:9618?addrs=172.30.1.205-9618&alias=node5&noUDP&sock=startd_3654_eb26>
...
001 (126779.017.000) 2022-03-30 13:38:45 Job executing on host: <172.30.1.205:9618?addrs=172.30.1.205-9618&alias=node5&noUDP&sock=startd_3654_eb26>
...
001 (126779.018.000) 2022-03-30 13:38:45 Job executing on host: <172.30.1.205:9618?addrs=172.30.1.205-9618&alias=node5&noUDP&sock=startd_3654_eb26>
...
001 (126779.019.000) 2022-03-30 13:38:45 Job executing on host: <172.30.1.205:9618?addrs=172.30.1.205-9618&alias=node5&noUDP&sock=startd_3654_eb26>
...
006 (126779.000.000) 2022-03-30 13:38:52 Image size of job updated: 551212
	152  -  MemoryUsage of job (MB)
	154884  -  ResidentSetSize of job (KB)
...
006 (126779.002.000) 2022-03-30 13:38:52 Image size of job updated: 551608
	152  -  MemoryUsage of job (MB)
	155372  -  ResidentSetSize of job (KB)
...
006 (126779.001.000) 2022-03-30 13:38:52 Image size of job updated: 551632
	152  -  MemoryUsage of job (MB)
	155348  -  ResidentSetSize of job (KB)
...
006 (126779.003.000) 2022-03-30 13:38:52 Image size of job updated: 551736
	160  -  MemoryUsage of job (MB)
	163108  -  ResidentSetSize of job (KB)
...
006 (126779.011.000) 2022-03-30 13:38:53 Image size of job updated: 551612
	152  -  MemoryUsage of job (MB)
	155432  -  ResidentSetSize of job (KB)
...
006 (126779.012.000) 2022-03-30 13:38:53 Image size of job updated: 551600
	165  -  MemoryUsage of job (MB)
	168176  -  ResidentSetSize of job (KB)
...
006 (126779.013.000) 2022-03-30 13:38:53 Image size of job updated: 551600
	152  -  MemoryUsage of job (MB)
	155436  -  ResidentSetSize of job (KB)
...
006 (126779.014.000) 2022-03-30 13:38:53 Image size of job updated: 551636
	152  -  MemoryUsage of job (MB)
	155424  -  ResidentSetSize of job (KB)
...
006 (126779.015.000) 2022-03-30 13:38:53 Image size of job updated: 551608
	166  -  MemoryUsage of job (MB)
	169228  -  ResidentSetSize of job (KB)
...
006 (126779.016.000) 2022-03-30 13:38:53 Image size of job updated: 551640
	152  -  MemoryUsage of job (MB)
	155416  -  ResidentSetSize of job (KB)
...
006 (126779.004.000) 2022-03-30 13:38:53 Image size of job updated: 601412
	178  -  MemoryUsage of job (MB)
	181964  -  ResidentSetSize of job (KB)
...
006 (126779.019.000) 2022-03-30 13:38:53 Image size of job updated: 601336
	0  -  MemoryUsage of job (MB)
	0  -  ResidentSetSize of job (KB)
...
006 (126779.005.000) 2022-03-30 13:38:53 Image size of job updated: 577188
	171  -  MemoryUsage of job (MB)
	174388  -  ResidentSetSize of job (KB)
...
005 (126779.019.000) 2022-03-30 13:38:53 Job terminated.
	(1) Normal termination (return value 0)
		Usr 0 00:00:03, Sys 0 00:00:01  -  Run Remote Usage
		Usr 0 00:00:00, Sys 0 00:00:00  -  Run Local Usage
		Usr 0 00:00:03, Sys 0 00:00:01  -  Total Remote Usage
		Usr 0 00:00:00, Sys 0 00:00:00  -  Total Local Usage
	0  -  Run Bytes Sent By Job
	0  -  Run Bytes Received By Job
	0  -  Total Bytes Sent By Job
	0  -  Total Bytes Received By Job
	Partitionable Resources :    Usage  Request Allocated 
	   Cpus                 :                 1         1 
	   Disk (KB)            :        1        1    129249 
	   Memory (MB)          :        0     3900      3968 

	Job terminated of its own accord at 2022-03-30T04:38:53Z.
...
006 (126779.006.000) 2022-03-30 13:38:53 Image size of job updated: 551768
	153  -  MemoryUsage of job (MB)
	156256  -  ResidentSetSize of job (KB)
...
006 (126779.007.000) 2022-03-30 13:38:53 Image size of job updated: 551896
	152  -  MemoryUsage of job (MB)
	155564  -  ResidentSetSize of job (KB)
...
006 (126779.017.000) 2022-03-30 13:38:53 Image size of job updated: 601372
	0  -  MemoryUsage of job (MB)
	0  -  ResidentSetSize of job (KB)
...
006 (126779.008.000) 2022-03-30 13:38:53 Image size of job updated: 601416
	178  -  MemoryUsage of job (MB)
	181972  -  ResidentSetSize of job (KB)
...
005 (126779.017.000) 2022-03-30 13:38:53 Job terminated.
	(1) Normal termination (return value 0)
		Usr 0 00:00:04, Sys 0 00:00:01  -  Run Remote Usage
		Usr 0 00:00:00, Sys 0 00:00:00  -  Run Local Usage
		Usr 0 00:00:04, Sys 0 00:00:01  -  Total Remote Usage
		Usr 0 00:00:00, Sys 0 00:00:00  -  Total Local Usage
	0  -  Run Bytes Sent By Job
	0  -  Run Bytes Received By Job
	0  -  Total Bytes Sent By Job
	0  -  Total Bytes Received By Job
	Partitionable Resources :    Usage  Request Allocated 
	   Cpus                 :                 1         1 
	   Disk (KB)            :        1        1    129249 
	   Memory (MB)          :        0     3900      3968 

	Job terminated of its own accord at 2022-03-30T04:38:53Z.
...
006 (126779.009.000) 2022-03-30 13:38:53 Image size of job updated: 551764
	152  -  MemoryUsage of job (MB)
	155436  -  ResidentSetSize of job (KB)
...
006 (126779.012.000) 2022-03-30 13:38:53 Image size of job updated: 601388
	165  -  MemoryUsage of job (MB)
	168188  -  ResidentSetSize of job (KB)
...
005 (126779.012.000) 2022-03-30 13:38:53 Job terminated.
	(1) Normal termination (return value 0)
		Usr 0 00:00:04, Sys 0 00:00:01  -  Run Remote Usage
		Usr 0 00:00:00, Sys 0 00:00:00  -  Run Local Usage
		Usr 0 00:00:04, Sys 0 00:00:01  -  Total Remote Usage
		Usr 0 00:00:00, Sys 0 00:00:00  -  Total Local Usage
	0  -  Run Bytes Sent By Job
	0  -  Run Bytes Received By Job
	0  -  Total Bytes Sent By Job
	0  -  Total Bytes Received By Job
	Partitionable Resources :    Usage  Request Allocated 
	   Cpus                 :                 1         1 
	   Disk (KB)            :        1        1    129249 
	   Memory (MB)          :      165     3900      3968 

	Job terminated of its own accord at 2022-03-30T04:38:53Z.
...
006 (126779.010.000) 2022-03-30 13:38:53 Image size of job updated: 551880
	153  -  MemoryUsage of job (MB)
	155656  -  ResidentSetSize of job (KB)
...
006 (126779.015.000) 2022-03-30 13:38:54 Image size of job updated: 601380
	166  -  MemoryUsage of job (MB)
	169248  -  ResidentSetSize of job (KB)
...
005 (126779.015.000) 2022-03-30 13:38:54 Job terminated.
	(1) Normal termination (return value 0)
		Usr 0 00:00:04, Sys 0 00:00:01  -  Run Remote Usage
		Usr 0 00:00:00, Sys 0 00:00:00  -  Run Local Usage
		Usr 0 00:00:04, Sys 0 00:00:01  -  Total Remote Usage
		Usr 0 00:00:00, Sys 0 00:00:00  -  Total Local Usage
	0  -  Run Bytes Sent By Job
	0  -  Run Bytes Received By Job
	0  -  Total Bytes Sent By Job
	0  -  Total Bytes Received By Job
	Partitionable Resources :    Usage  Request Allocated 
	   Cpus                 :                 1         1 
	   Disk (KB)            :        1        1    129249 
	   Memory (MB)          :      166     3900      3968 

	Job terminated of its own accord at 2022-03-30T04:38:54Z.
...
006 (126779.018.000) 2022-03-30 13:38:54 Image size of job updated: 551740
	152  -  MemoryUsage of job (MB)
	155636  -  ResidentSetSize of job (KB)
...
005 (126779.008.000) 2022-03-30 13:38:54 Job terminated.
	(1) Normal termination (return value 0)
		Usr 0 00:00:05, Sys 0 00:00:01  -  Run Remote Usage
		Usr 0 00:00:00, Sys 0 00:00:00  -  Run Local Usage
		Usr 0 00:00:05, Sys 0 00:00:01  -  Total Remote Usage
		Usr 0 00:00:00, Sys 0 00:00:00  -  Total Local Usage
	0  -  Run Bytes Sent By Job
	0  -  Run Bytes Received By Job
	0  -  Total Bytes Sent By Job
	0  -  Total Bytes Received By Job
	Partitionable Resources :    Usage  Request Allocated 
	   Cpus                 :                 1         1 
	   Disk (KB)            :        1        1    129249 
	   Memory (MB)          :      178     3900      3968 

	Job terminated of its own accord at 2022-03-30T04:38:54Z.
...
006 (126779.005.000) 2022-03-30 13:38:54 Image size of job updated: 603252
	171  -  MemoryUsage of job (MB)
	174392  -  ResidentSetSize of job (KB)
...
005 (126779.005.000) 2022-03-30 13:38:54 Job terminated.
	(1) Normal termination (return value 0)
		Usr 0 00:00:05, Sys 0 00:00:01  -  Run Remote Usage
		Usr 0 00:00:00, Sys 0 00:00:00  -  Run Local Usage
		Usr 0 00:00:05, Sys 0 00:00:01  -  Total Remote Usage
		Usr 0 00:00:00, Sys 0 00:00:00  -  Total Local Usage
	0  -  Run Bytes Sent By Job
	0  -  Run Bytes Received By Job
	0  -  Total Bytes Sent By Job
	0  -  Total Bytes Received By Job
	Partitionable Resources :    Usage  Request Allocated 
	   Cpus                 :                 1         1 
	   Disk (KB)            :        1        1    129249 
	   Memory (MB)          :      171     3900      3968 

	Job terminated of its own accord at 2022-03-30T04:38:54Z.
...
006 (126779.010.000) 2022-03-30 13:38:55 Image size of job updated: 601560
	153  -  MemoryUsage of job (MB)
	155656  -  ResidentSetSize of job (KB)
...
006 (126779.002.000) 2022-03-30 13:38:55 Image size of job updated: 603200
	152  -  MemoryUsage of job (MB)
	155372  -  ResidentSetSize of job (KB)
...
005 (126779.010.000) 2022-03-30 13:38:55 Job terminated.
	(1) Normal termination (return value 0)
		Usr 0 00:00:05, Sys 0 00:00:01  -  Run Remote Usage
		Usr 0 00:00:00, Sys 0 00:00:00  -  Run Local Usage
		Usr 0 00:00:05, Sys 0 00:00:01  -  Total Remote Usage
		Usr 0 00:00:00, Sys 0 00:00:00  -  Total Local Usage
	0  -  Run Bytes Sent By Job
	0  -  Run Bytes Received By Job
	0  -  Total Bytes Sent By Job
	0  -  Total Bytes Received By Job
	Partitionable Resources :    Usage  Request Allocated 
	   Cpus                 :                 1         1 
	   Disk (KB)            :        1        1    129249 
	   Memory (MB)          :      153     3900      3968 

	Job terminated of its own accord at 2022-03-30T04:38:55Z.
...
005 (126779.002.000) 2022-03-30 13:38:55 Job terminated.
	(1) Normal termination (return value 0)
		Usr 0 00:00:05, Sys 0 00:00:01  -  Run Remote Usage
		Usr 0 00:00:00, Sys 0 00:00:00  -  Run Local Usage
		Usr 0 00:00:05, Sys 0 00:00:01  -  Total Remote Usage
		Usr 0 00:00:00, Sys 0 00:00:00  -  Total Local Usage
	0  -  Run Bytes Sent By Job
	0  -  Run Bytes Received By Job
	0  -  Total Bytes Sent By Job
	0  -  Total Bytes Received By Job
	Partitionable Resources :    Usage  Request Allocated 
	   Cpus                 :                 1         1 
	   Disk (KB)            :        1        1    129249 
	   Memory (MB)          :      152     3900      3968 

	Job terminated of its own accord at 2022-03-30T04:38:55Z.
...
006 (126779.000.000) 2022-03-30 13:38:55 Image size of job updated: 603220
	152  -  MemoryUsage of job (MB)
	154884  -  ResidentSetSize of job (KB)
...
005 (126779.000.000) 2022-03-30 13:38:55 Job terminated.
	(1) Normal termination (return value 0)
		Usr 0 00:00:05, Sys 0 00:00:01  -  Run Remote Usage
		Usr 0 00:00:00, Sys 0 00:00:00  -  Run Local Usage
		Usr 0 00:00:05, Sys 0 00:00:01  -  Total Remote Usage
		Usr 0 00:00:00, Sys 0 00:00:00  -  Total Local Usage
	0  -  Run Bytes Sent By Job
	0  -  Run Bytes Received By Job
	0  -  Total Bytes Sent By Job
	0  -  Total Bytes Received By Job
	Partitionable Resources :    Usage  Request Allocated 
	   Cpus                 :                 1         1 
	   Disk (KB)            :        1        1    129249 
	   Memory (MB)          :      152     3900      3968 

	Job terminated of its own accord at 2022-03-30T04:38:55Z.
...
006 (126779.006.000) 2022-03-30 13:38:55 Image size of job updated: 603304
	153  -  MemoryUsage of job (MB)
	156256  -  ResidentSetSize of job (KB)
...
005 (126779.006.000) 2022-03-30 13:38:55 Job terminated.
	(1) Normal termination (return value 0)
		Usr 0 00:00:06, Sys 0 00:00:01  -  Run Remote Usage
		Usr 0 00:00:00, Sys 0 00:00:00  -  Run Local Usage
		Usr 0 00:00:06, Sys 0 00:00:01  -  Total Remote Usage
		Usr 0 00:00:00, Sys 0 00:00:00  -  Total Local Usage
	0  -  Run Bytes Sent By Job
	0  -  Run Bytes Received By Job
	0  -  Total Bytes Sent By Job
	0  -  Total Bytes Received By Job
	Partitionable Resources :    Usage  Request Allocated 
	   Cpus                 :                 1         1 
	   Disk (KB)            :        1        1    129249 
	   Memory (MB)          :      153     3900      3968 

	Job terminated of its own accord at 2022-03-30T04:38:55Z.
...
006 (126779.011.000) 2022-03-30 13:38:56 Image size of job updated: 575112
	152  -  MemoryUsage of job (MB)
	155432  -  ResidentSetSize of job (KB)
...
005 (126779.011.000) 2022-03-30 13:38:56 Job terminated.
	(1) Normal termination (return value 0)
		Usr 0 00:00:06, Sys 0 00:00:01  -  Run Remote Usage
		Usr 0 00:00:00, Sys 0 00:00:00  -  Run Local Usage
		Usr 0 00:00:06, Sys 0 00:00:01  -  Total Remote Usage
		Usr 0 00:00:00, Sys 0 00:00:00  -  Total Local Usage
	0  -  Run Bytes Sent By Job
	0  -  Run Bytes Received By Job
	0  -  Total Bytes Sent By Job
	0  -  Total Bytes Received By Job
	Partitionable Resources :    Usage  Request Allocated 
	   Cpus                 :                 1         1 
	   Disk (KB)            :        1        1    129249 
	   Memory (MB)          :      152     3900      3968 

	Job terminated of its own accord at 2022-03-30T04:38:56Z.
...
006 (126779.014.000) 2022-03-30 13:38:56 Image size of job updated: 601748
	152  -  MemoryUsage of job (MB)
	155424  -  ResidentSetSize of job (KB)
...
006 (126779.016.000) 2022-03-30 13:38:56 Image size of job updated: 601772
	152  -  MemoryUsage of job (MB)
	155416  -  ResidentSetSize of job (KB)
...
005 (126779.014.000) 2022-03-30 13:38:56 Job terminated.
	(1) Normal termination (return value 0)
		Usr 0 00:00:06, Sys 0 00:00:01  -  Run Remote Usage
		Usr 0 00:00:00, Sys 0 00:00:00  -  Run Local Usage
		Usr 0 00:00:06, Sys 0 00:00:01  -  Total Remote Usage
		Usr 0 00:00:00, Sys 0 00:00:00  -  Total Local Usage
	0  -  Run Bytes Sent By Job
	0  -  Run Bytes Received By Job
	0  -  Total Bytes Sent By Job
	0  -  Total Bytes Received By Job
	Partitionable Resources :    Usage  Request Allocated 
	   Cpus                 :                 1         1 
	   Disk (KB)            :        1        1    129249 
	   Memory (MB)          :      152     3900      3968 

	Job terminated of its own accord at 2022-03-30T04:38:56Z.
...
005 (126779.016.000) 2022-03-30 13:38:56 Job terminated.
	(1) Normal termination (return value 0)
		Usr 0 00:00:06, Sys 0 00:00:01  -  Run Remote Usage
		Usr 0 00:00:00, Sys 0 00:00:00  -  Run Local Usage
		Usr 0 00:00:06, Sys 0 00:00:01  -  Total Remote Usage
		Usr 0 00:00:00, Sys 0 00:00:00  -  Total Local Usage
	0  -  Run Bytes Sent By Job
	0  -  Run Bytes Received By Job
	0  -  Total Bytes Sent By Job
	0  -  Total Bytes Received By Job
	Partitionable Resources :    Usage  Request Allocated 
	   Cpus                 :                 1         1 
	   Disk (KB)            :        1        1    129249 
	   Memory (MB)          :      152     3900      3968 

	Job terminated of its own accord at 2022-03-30T04:38:56Z.
...
006 (126779.007.000) 2022-03-30 13:38:56 Image size of job updated: 602864
	152  -  MemoryUsage of job (MB)
	155564  -  ResidentSetSize of job (KB)
...
005 (126779.007.000) 2022-03-30 13:38:56 Job terminated.
	(1) Normal termination (return value 0)
		Usr 0 00:00:07, Sys 0 00:00:01  -  Run Remote Usage
		Usr 0 00:00:00, Sys 0 00:00:00  -  Run Local Usage
		Usr 0 00:00:07, Sys 0 00:00:01  -  Total Remote Usage
		Usr 0 00:00:00, Sys 0 00:00:00  -  Total Local Usage
	0  -  Run Bytes Sent By Job
	0  -  Run Bytes Received By Job
	0  -  Total Bytes Sent By Job
	0  -  Total Bytes Received By Job
	Partitionable Resources :    Usage  Request Allocated 
	   Cpus                 :                 1         1 
	   Disk (KB)            :        1        1    129249 
	   Memory (MB)          :      152     3900      3968 

	Job terminated of its own accord at 2022-03-30T04:38:56Z.
...
006 (126779.004.000) 2022-03-30 13:38:56 Image size of job updated: 603228
	178  -  MemoryUsage of job (MB)
	181964  -  ResidentSetSize of job (KB)
...
005 (126779.004.000) 2022-03-30 13:38:56 Job terminated.
	(1) Normal termination (return value 0)
		Usr 0 00:00:06, Sys 0 00:00:01  -  Run Remote Usage
		Usr 0 00:00:00, Sys 0 00:00:00  -  Run Local Usage
		Usr 0 00:00:06, Sys 0 00:00:01  -  Total Remote Usage
		Usr 0 00:00:00, Sys 0 00:00:00  -  Total Local Usage
	0  -  Run Bytes Sent By Job
	0  -  Run Bytes Received By Job
	0  -  Total Bytes Sent By Job
	0  -  Total Bytes Received By Job
	Partitionable Resources :    Usage  Request Allocated 
	   Cpus                 :                 1         1 
	   Disk (KB)            :        1        1    129249 
	   Memory (MB)          :      178     3900      3968 

	Job terminated of its own accord at 2022-03-30T04:38:56Z.
...
006 (126779.009.000) 2022-03-30 13:38:56 Image size of job updated: 603404
	152  -  MemoryUsage of job (MB)
	155436  -  ResidentSetSize of job (KB)
...
005 (126779.009.000) 2022-03-30 13:38:56 Job terminated.
	(1) Normal termination (return value 0)
		Usr 0 00:00:07, Sys 0 00:00:01  -  Run Remote Usage
		Usr 0 00:00:00, Sys 0 00:00:00  -  Run Local Usage
		Usr 0 00:00:07, Sys 0 00:00:01  -  Total Remote Usage
		Usr 0 00:00:00, Sys 0 00:00:00  -  Total Local Usage
	0  -  Run Bytes Sent By Job
	0  -  Run Bytes Received By Job
	0  -  Total Bytes Sent By Job
	0  -  Total Bytes Received By Job
	Partitionable Resources :    Usage  Request Allocated 
	   Cpus                 :                 1         1 
	   Disk (KB)            :        1        1    129249 
	   Memory (MB)          :      152     3900      3968 

	Job terminated of its own accord at 2022-03-30T04:38:56Z.
...
006 (126779.018.000) 2022-03-30 13:38:56 Image size of job updated: 601856
	152  -  MemoryUsage of job (MB)
	155636  -  ResidentSetSize of job (KB)
...
005 (126779.018.000) 2022-03-30 13:38:56 Job terminated.
	(1) Normal termination (return value 0)
		Usr 0 00:00:07, Sys 0 00:00:01  -  Run Remote Usage
		Usr 0 00:00:00, Sys 0 00:00:00  -  Run Local Usage
		Usr 0 00:00:07, Sys 0 00:00:01  -  Total Remote Usage
		Usr 0 00:00:00, Sys 0 00:00:00  -  Total Local Usage
	0  -  Run Bytes Sent By Job
	0  -  Run Bytes Received By Job
	0  -  Total Bytes Sent By Job
	0  -  Total Bytes Received By Job
	Partitionable Resources :    Usage  Request Allocated 
	   Cpus                 :                 1         1 
	   Disk (KB)            :        1        1    129249 
	   Memory (MB)          :      152     3900      3968 

	Job terminated of its own accord at 2022-03-30T04:38:56Z.
...
006 (126779.001.000) 2022-03-30 13:38:57 Image size of job updated: 601812
	152  -  MemoryUsage of job (MB)
	155348  -  ResidentSetSize of job (KB)
...
005 (126779.001.000) 2022-03-30 13:38:57 Job terminated.
	(1) Normal termination (return value 0)
		Usr 0 00:00:07, Sys 0 00:00:01  -  Run Remote Usage
		Usr 0 00:00:00, Sys 0 00:00:00  -  Run Local Usage
		Usr 0 00:00:07, Sys 0 00:00:01  -  Total Remote Usage
		Usr 0 00:00:00, Sys 0 00:00:00  -  Total Local Usage
	0  -  Run Bytes Sent By Job
	0  -  Run Bytes Received By Job
	0  -  Total Bytes Sent By Job
	0  -  Total Bytes Received By Job
	Partitionable Resources :    Usage  Request Allocated 
	   Cpus                 :                 1         1 
	   Disk (KB)            :        1        1    129249 
	   Memory (MB)          :      152     3900      3968 

	Job terminated of its own accord at 2022-03-30T04:38:57Z.
...
006 (126779.013.000) 2022-03-30 13:38:57 Image size of job updated: 598868
	152  -  MemoryUsage of job (MB)
	155436  -  ResidentSetSize of job (KB)
...
006 (126779.003.000) 2022-03-30 13:38:57 Image size of job updated: 601444
	160  -  MemoryUsage of job (MB)
	163124  -  ResidentSetSize of job (KB)
...
005 (126779.013.000) 2022-03-30 13:38:57 Job terminated.
	(1) Normal termination (return value 0)
		Usr 0 00:00:08, Sys 0 00:00:01  -  Run Remote Usage
		Usr 0 00:00:00, Sys 0 00:00:00  -  Run Local Usage
		Usr 0 00:00:08, Sys 0 00:00:01  -  Total Remote Usage
		Usr 0 00:00:00, Sys 0 00:00:00  -  Total Local Usage
	0  -  Run Bytes Sent By Job
	0  -  Run Bytes Received By Job
	0  -  Total Bytes Sent By Job
	0  -  Total Bytes Received By Job
	Partitionable Resources :    Usage  Request Allocated 
	   Cpus                 :                 1         1 
	   Disk (KB)            :        1        1    129249 
	   Memory (MB)          :      152     3900      3968 

	Job terminated of its own accord at 2022-03-30T04:38:57Z.
...
005 (126779.003.000) 2022-03-30 13:38:57 Job terminated.
	(1) Normal termination (return value 0)
		Usr 0 00:00:07, Sys 0 00:00:01  -  Run Remote Usage
		Usr 0 00:00:00, Sys 0 00:00:00  -  Run Local Usage
		Usr 0 00:00:07, Sys 0 00:00:01  -  Total Remote Usage
		Usr 0 00:00:00, Sys 0 00:00:00  -  Total Local Usage
	0  -  Run Bytes Sent By Job
	0  -  Run Bytes Received By Job
	0  -  Total Bytes Sent By Job
	0  -  Total Bytes Received By Job
	Partitionable Resources :    Usage  Request Allocated 
	   Cpus                 :                 1         1 
	   Disk (KB)            :        1        1    129249 
	   Memory (MB)          :      160     3900      3968 

	Job terminated of its own accord at 2022-03-30T04:38:57Z.
...
000 (127760.000.000) 2022-03-31 13:55:32 Job submitted from host: <172.30.1.200:9618?addrs=172.30.1.200-9618&alias=tamsa2.snu.ac.kr&noUDP&sock=schedd_3154_f5cb>
...
000 (127760.001.000) 2022-03-31 13:55:32 Job submitted from host: <172.30.1.200:9618?addrs=172.30.1.200-9618&alias=tamsa2.snu.ac.kr&noUDP&sock=schedd_3154_f5cb>
...
000 (127760.002.000) 2022-03-31 13:55:32 Job submitted from host: <172.30.1.200:9618?addrs=172.30.1.200-9618&alias=tamsa2.snu.ac.kr&noUDP&sock=schedd_3154_f5cb>
...
000 (127760.003.000) 2022-03-31 13:55:32 Job submitted from host: <172.30.1.200:9618?addrs=172.30.1.200-9618&alias=tamsa2.snu.ac.kr&noUDP&sock=schedd_3154_f5cb>
...
000 (127760.004.000) 2022-03-31 13:55:32 Job submitted from host: <172.30.1.200:9618?addrs=172.30.1.200-9618&alias=tamsa2.snu.ac.kr&noUDP&sock=schedd_3154_f5cb>
...
000 (127760.005.000) 2022-03-31 13:55:32 Job submitted from host: <172.30.1.200:9618?addrs=172.30.1.200-9618&alias=tamsa2.snu.ac.kr&noUDP&sock=schedd_3154_f5cb>
...
000 (127760.006.000) 2022-03-31 13:55:32 Job submitted from host: <172.30.1.200:9618?addrs=172.30.1.200-9618&alias=tamsa2.snu.ac.kr&noUDP&sock=schedd_3154_f5cb>
...
000 (127760.007.000) 2022-03-31 13:55:32 Job submitted from host: <172.30.1.200:9618?addrs=172.30.1.200-9618&alias=tamsa2.snu.ac.kr&noUDP&sock=schedd_3154_f5cb>
...
000 (127760.008.000) 2022-03-31 13:55:32 Job submitted from host: <172.30.1.200:9618?addrs=172.30.1.200-9618&alias=tamsa2.snu.ac.kr&noUDP&sock=schedd_3154_f5cb>
...
000 (127760.009.000) 2022-03-31 13:55:32 Job submitted from host: <172.30.1.200:9618?addrs=172.30.1.200-9618&alias=tamsa2.snu.ac.kr&noUDP&sock=schedd_3154_f5cb>
...
000 (127760.010.000) 2022-03-31 13:55:32 Job submitted from host: <172.30.1.200:9618?addrs=172.30.1.200-9618&alias=tamsa2.snu.ac.kr&noUDP&sock=schedd_3154_f5cb>
...
000 (127760.011.000) 2022-03-31 13:55:32 Job submitted from host: <172.30.1.200:9618?addrs=172.30.1.200-9618&alias=tamsa2.snu.ac.kr&noUDP&sock=schedd_3154_f5cb>
...
000 (127760.012.000) 2022-03-31 13:55:32 Job submitted from host: <172.30.1.200:9618?addrs=172.30.1.200-9618&alias=tamsa2.snu.ac.kr&noUDP&sock=schedd_3154_f5cb>
...
000 (127760.013.000) 2022-03-31 13:55:32 Job submitted from host: <172.30.1.200:9618?addrs=172.30.1.200-9618&alias=tamsa2.snu.ac.kr&noUDP&sock=schedd_3154_f5cb>
...
000 (127760.014.000) 2022-03-31 13:55:32 Job submitted from host: <172.30.1.200:9618?addrs=172.30.1.200-9618&alias=tamsa2.snu.ac.kr&noUDP&sock=schedd_3154_f5cb>
...
000 (127760.015.000) 2022-03-31 13:55:32 Job submitted from host: <172.30.1.200:9618?addrs=172.30.1.200-9618&alias=tamsa2.snu.ac.kr&noUDP&sock=schedd_3154_f5cb>
...
000 (127760.016.000) 2022-03-31 13:55:32 Job submitted from host: <172.30.1.200:9618?addrs=172.30.1.200-9618&alias=tamsa2.snu.ac.kr&noUDP&sock=schedd_3154_f5cb>
...
000 (127760.017.000) 2022-03-31 13:55:32 Job submitted from host: <172.30.1.200:9618?addrs=172.30.1.200-9618&alias=tamsa2.snu.ac.kr&noUDP&sock=schedd_3154_f5cb>
...
000 (127760.018.000) 2022-03-31 13:55:32 Job submitted from host: <172.30.1.200:9618?addrs=172.30.1.200-9618&alias=tamsa2.snu.ac.kr&noUDP&sock=schedd_3154_f5cb>
...
000 (127760.019.000) 2022-03-31 13:55:32 Job submitted from host: <172.30.1.200:9618?addrs=172.30.1.200-9618&alias=tamsa2.snu.ac.kr&noUDP&sock=schedd_3154_f5cb>
...
001 (127760.017.000) 2022-03-31 13:55:40 Job executing on host: <172.30.1.204:9618?addrs=172.30.1.204-9618&alias=node4&noUDP&sock=startd_3623_a7b6>
...
001 (127760.018.000) 2022-03-31 13:55:40 Job executing on host: <172.30.1.207:9618?addrs=172.30.1.207-9618&alias=node7&noUDP&sock=startd_3626_b67f>
...
001 (127760.019.000) 2022-03-31 13:55:40 Job executing on host: <172.30.1.207:9618?addrs=172.30.1.207-9618&alias=node7&noUDP&sock=startd_3626_b67f>
...
001 (127760.000.000) 2022-03-31 13:55:41 Job executing on host: <172.30.1.203:9618?addrs=172.30.1.203-9618&alias=node3&noUDP&sock=startd_3597_d240>
...
001 (127760.001.000) 2022-03-31 13:55:41 Job executing on host: <172.30.1.203:9618?addrs=172.30.1.203-9618&alias=node3&noUDP&sock=startd_3597_d240>
...
001 (127760.002.000) 2022-03-31 13:55:41 Job executing on host: <172.30.1.203:9618?addrs=172.30.1.203-9618&alias=node3&noUDP&sock=startd_3597_d240>
...
001 (127760.003.000) 2022-03-31 13:55:42 Job executing on host: <172.30.1.203:9618?addrs=172.30.1.203-9618&alias=node3&noUDP&sock=startd_3597_d240>
...
001 (127760.004.000) 2022-03-31 13:55:42 Job executing on host: <172.30.1.203:9618?addrs=172.30.1.203-9618&alias=node3&noUDP&sock=startd_3597_d240>
...
001 (127760.006.000) 2022-03-31 13:55:42 Job executing on host: <172.30.1.203:9618?addrs=172.30.1.203-9618&alias=node3&noUDP&sock=startd_3597_d240>
...
001 (127760.005.000) 2022-03-31 13:55:42 Job executing on host: <172.30.1.203:9618?addrs=172.30.1.203-9618&alias=node3&noUDP&sock=startd_3597_d240>
...
001 (127760.007.000) 2022-03-31 13:55:42 Job executing on host: <172.30.1.203:9618?addrs=172.30.1.203-9618&alias=node3&noUDP&sock=startd_3597_d240>
...
001 (127760.008.000) 2022-03-31 13:55:42 Job executing on host: <172.30.1.203:9618?addrs=172.30.1.203-9618&alias=node3&noUDP&sock=startd_3597_d240>
...
001 (127760.009.000) 2022-03-31 13:55:42 Job executing on host: <172.30.1.203:9618?addrs=172.30.1.203-9618&alias=node3&noUDP&sock=startd_3597_d240>
...
001 (127760.010.000) 2022-03-31 13:55:42 Job executing on host: <172.30.1.203:9618?addrs=172.30.1.203-9618&alias=node3&noUDP&sock=startd_3597_d240>
...
001 (127760.011.000) 2022-03-31 13:55:42 Job executing on host: <172.30.1.203:9618?addrs=172.30.1.203-9618&alias=node3&noUDP&sock=startd_3597_d240>
...
001 (127760.012.000) 2022-03-31 13:55:42 Job executing on host: <172.30.1.203:9618?addrs=172.30.1.203-9618&alias=node3&noUDP&sock=startd_3597_d240>
...
001 (127760.014.000) 2022-03-31 13:55:42 Job executing on host: <172.30.1.203:9618?addrs=172.30.1.203-9618&alias=node3&noUDP&sock=startd_3597_d240>
...
001 (127760.013.000) 2022-03-31 13:55:43 Job executing on host: <172.30.1.203:9618?addrs=172.30.1.203-9618&alias=node3&noUDP&sock=startd_3597_d240>
...
001 (127760.016.000) 2022-03-31 13:55:43 Job executing on host: <172.30.1.203:9618?addrs=172.30.1.203-9618&alias=node3&noUDP&sock=startd_3597_d240>
...
001 (127760.015.000) 2022-03-31 13:55:43 Job executing on host: <172.30.1.203:9618?addrs=172.30.1.203-9618&alias=node3&noUDP&sock=startd_3597_d240>
...
006 (127760.017.000) 2022-03-31 13:55:46 Image size of job updated: 314164
	0  -  MemoryUsage of job (MB)
	0  -  ResidentSetSize of job (KB)
...
005 (127760.017.000) 2022-03-31 13:55:46 Job terminated.
	(1) Normal termination (return value 0)
		Usr 0 00:00:03, Sys 0 00:00:01  -  Run Remote Usage
		Usr 0 00:00:00, Sys 0 00:00:00  -  Run Local Usage
		Usr 0 00:00:03, Sys 0 00:00:01  -  Total Remote Usage
		Usr 0 00:00:00, Sys 0 00:00:00  -  Total Local Usage
	0  -  Run Bytes Sent By Job
	0  -  Run Bytes Received By Job
	0  -  Total Bytes Sent By Job
	0  -  Total Bytes Received By Job
	Partitionable Resources :    Usage  Request Allocated 
	   Cpus                 :                 1         1 
	   Disk (KB)            :        1        1    129249 
	   Memory (MB)          :        0     3900      3968 

	Job terminated of its own accord at 2022-03-31T04:55:46Z.
...
006 (127760.018.000) 2022-03-31 13:55:49 Image size of job updated: 421252
	177  -  MemoryUsage of job (MB)
	181216  -  ResidentSetSize of job (KB)
...
006 (127760.019.000) 2022-03-31 13:55:49 Image size of job updated: 418492
	84  -  MemoryUsage of job (MB)
	85028  -  ResidentSetSize of job (KB)
...
005 (127760.018.000) 2022-03-31 13:55:49 Job terminated.
	(1) Normal termination (return value 0)
		Usr 0 00:00:04, Sys 0 00:00:01  -  Run Remote Usage
		Usr 0 00:00:00, Sys 0 00:00:00  -  Run Local Usage
		Usr 0 00:00:04, Sys 0 00:00:01  -  Total Remote Usage
		Usr 0 00:00:00, Sys 0 00:00:00  -  Total Local Usage
	0  -  Run Bytes Sent By Job
	0  -  Run Bytes Received By Job
	0  -  Total Bytes Sent By Job
	0  -  Total Bytes Received By Job
	Partitionable Resources :    Usage  Request Allocated 
	   Cpus                 :                 1         1 
	   Disk (KB)            :        1        1    129249 
	   Memory (MB)          :      177     3900      3968 

	Job terminated of its own accord at 2022-03-31T04:55:49Z.
...
005 (127760.019.000) 2022-03-31 13:55:49 Job terminated.
	(1) Normal termination (return value 0)
		Usr 0 00:00:04, Sys 0 00:00:01  -  Run Remote Usage
		Usr 0 00:00:00, Sys 0 00:00:00  -  Run Local Usage
		Usr 0 00:00:04, Sys 0 00:00:01  -  Total Remote Usage
		Usr 0 00:00:00, Sys 0 00:00:00  -  Total Local Usage
	0  -  Run Bytes Sent By Job
	0  -  Run Bytes Received By Job
	0  -  Total Bytes Sent By Job
	0  -  Total Bytes Received By Job
	Partitionable Resources :    Usage  Request Allocated 
	   Cpus                 :                 1         1 
	   Disk (KB)            :        1        1    129249 
	   Memory (MB)          :       84     3900      3968 

	Job terminated of its own accord at 2022-03-31T04:55:49Z.
...
006 (127760.002.000) 2022-03-31 13:55:50 Image size of job updated: 562016
	164  -  MemoryUsage of job (MB)
	167576  -  ResidentSetSize of job (KB)
...
006 (127760.003.000) 2022-03-31 13:55:50 Image size of job updated: 552036
	152  -  MemoryUsage of job (MB)
	155648  -  ResidentSetSize of job (KB)
...
006 (127760.004.000) 2022-03-31 13:55:50 Image size of job updated: 574708
	167  -  MemoryUsage of job (MB)
	170608  -  ResidentSetSize of job (KB)
...
006 (127760.006.000) 2022-03-31 13:55:50 Image size of job updated: 552032
	152  -  MemoryUsage of job (MB)
	155544  -  ResidentSetSize of job (KB)
...
006 (127760.005.000) 2022-03-31 13:55:50 Image size of job updated: 582164
	174  -  MemoryUsage of job (MB)
	177544  -  ResidentSetSize of job (KB)
...
006 (127760.000.000) 2022-03-31 13:55:50 Image size of job updated: 601444
	178  -  MemoryUsage of job (MB)
	182096  -  ResidentSetSize of job (KB)
...
006 (127760.001.000) 2022-03-31 13:55:51 Image size of job updated: 552268
	153  -  MemoryUsage of job (MB)
	155880  -  ResidentSetSize of job (KB)
...
006 (127760.014.000) 2022-03-31 13:55:51 Image size of job updated: 552140
	152  -  MemoryUsage of job (MB)
	155648  -  ResidentSetSize of job (KB)
...
006 (127760.013.000) 2022-03-31 13:55:51 Image size of job updated: 552300
	153  -  MemoryUsage of job (MB)
	155876  -  ResidentSetSize of job (KB)
...
006 (127760.016.000) 2022-03-31 13:55:51 Image size of job updated: 552128
	152  -  MemoryUsage of job (MB)
	155624  -  ResidentSetSize of job (KB)
...
006 (127760.015.000) 2022-03-31 13:55:51 Image size of job updated: 601368
	0  -  MemoryUsage of job (MB)
	0  -  ResidentSetSize of job (KB)
...
006 (127760.007.000) 2022-03-31 13:55:51 Image size of job updated: 603248
	0  -  MemoryUsage of job (MB)
	0  -  ResidentSetSize of job (KB)
...
005 (127760.015.000) 2022-03-31 13:55:51 Job terminated.
	(1) Normal termination (return value 0)
		Usr 0 00:00:04, Sys 0 00:00:01  -  Run Remote Usage
		Usr 0 00:00:00, Sys 0 00:00:00  -  Run Local Usage
		Usr 0 00:00:04, Sys 0 00:00:01  -  Total Remote Usage
		Usr 0 00:00:00, Sys 0 00:00:00  -  Total Local Usage
	0  -  Run Bytes Sent By Job
	0  -  Run Bytes Received By Job
	0  -  Total Bytes Sent By Job
	0  -  Total Bytes Received By Job
	Partitionable Resources :    Usage  Request Allocated 
	   Cpus                 :                 1         1 
	   Disk (KB)            :        1        1    129249 
	   Memory (MB)          :        0     3900      3968 

	Job terminated of its own accord at 2022-03-31T04:55:51Z.
...
005 (127760.007.000) 2022-03-31 13:55:51 Job terminated.
	(1) Normal termination (return value 0)
		Usr 0 00:00:04, Sys 0 00:00:01  -  Run Remote Usage
		Usr 0 00:00:00, Sys 0 00:00:00  -  Run Local Usage
		Usr 0 00:00:04, Sys 0 00:00:01  -  Total Remote Usage
		Usr 0 00:00:00, Sys 0 00:00:00  -  Total Local Usage
	0  -  Run Bytes Sent By Job
	0  -  Run Bytes Received By Job
	0  -  Total Bytes Sent By Job
	0  -  Total Bytes Received By Job
	Partitionable Resources :    Usage  Request Allocated 
	   Cpus                 :                 1         1 
	   Disk (KB)            :        1        1    129249 
	   Memory (MB)          :        0     3900      3968 

	Job terminated of its own accord at 2022-03-31T04:55:51Z.
...
006 (127760.009.000) 2022-03-31 13:55:51 Image size of job updated: 603220
	0  -  MemoryUsage of job (MB)
	0  -  ResidentSetSize of job (KB)
...
005 (127760.009.000) 2022-03-31 13:55:51 Job terminated.
	(1) Normal termination (return value 0)
		Usr 0 00:00:05, Sys 0 00:00:01  -  Run Remote Usage
		Usr 0 00:00:00, Sys 0 00:00:00  -  Run Local Usage
		Usr 0 00:00:05, Sys 0 00:00:01  -  Total Remote Usage
		Usr 0 00:00:00, Sys 0 00:00:00  -  Total Local Usage
	0  -  Run Bytes Sent By Job
	0  -  Run Bytes Received By Job
	0  -  Total Bytes Sent By Job
	0  -  Total Bytes Received By Job
	Partitionable Resources :    Usage  Request Allocated 
	   Cpus                 :                 1         1 
	   Disk (KB)            :        1        1    129249 
	   Memory (MB)          :        0     3900      3968 

	Job terminated of its own accord at 2022-03-31T04:55:51Z.
...
006 (127760.002.000) 2022-03-31 13:55:51 Image size of job updated: 603248
	164  -  MemoryUsage of job (MB)
	167592  -  ResidentSetSize of job (KB)
...
006 (127760.008.000) 2022-03-31 13:55:51 Image size of job updated: 603244
	0  -  MemoryUsage of job (MB)
	0  -  ResidentSetSize of job (KB)
...
005 (127760.002.000) 2022-03-31 13:55:51 Job terminated.
	(1) Normal termination (return value 0)
		Usr 0 00:00:05, Sys 0 00:00:01  -  Run Remote Usage
		Usr 0 00:00:00, Sys 0 00:00:00  -  Run Local Usage
		Usr 0 00:00:05, Sys 0 00:00:01  -  Total Remote Usage
		Usr 0 00:00:00, Sys 0 00:00:00  -  Total Local Usage
	0  -  Run Bytes Sent By Job
	0  -  Run Bytes Received By Job
	0  -  Total Bytes Sent By Job
	0  -  Total Bytes Received By Job
	Partitionable Resources :    Usage  Request Allocated 
	   Cpus                 :                 1         1 
	   Disk (KB)            :        1        1    129249 
	   Memory (MB)          :      164     3900      3968 

	Job terminated of its own accord at 2022-03-31T04:55:51Z.
...
006 (127760.005.000) 2022-03-31 13:55:51 Image size of job updated: 603248
	174  -  MemoryUsage of job (MB)
	177544  -  ResidentSetSize of job (KB)
...
005 (127760.008.000) 2022-03-31 13:55:51 Job terminated.
	(1) Normal termination (return value 0)
		Usr 0 00:00:05, Sys 0 00:00:01  -  Run Remote Usage
		Usr 0 00:00:00, Sys 0 00:00:00  -  Run Local Usage
		Usr 0 00:00:05, Sys 0 00:00:01  -  Total Remote Usage
		Usr 0 00:00:00, Sys 0 00:00:00  -  Total Local Usage
	0  -  Run Bytes Sent By Job
	0  -  Run Bytes Received By Job
	0  -  Total Bytes Sent By Job
	0  -  Total Bytes Received By Job
	Partitionable Resources :    Usage  Request Allocated 
	   Cpus                 :                 1         1 
	   Disk (KB)            :        1        1    129249 
	   Memory (MB)          :        0     3900      3968 

	Job terminated of its own accord at 2022-03-31T04:55:51Z.
...
006 (127760.010.000) 2022-03-31 13:55:51 Image size of job updated: 552164
	153  -  MemoryUsage of job (MB)
	155740  -  ResidentSetSize of job (KB)
...
005 (127760.005.000) 2022-03-31 13:55:51 Job terminated.
	(1) Normal termination (return value 0)
		Usr 0 00:00:05, Sys 0 00:00:01  -  Run Remote Usage
		Usr 0 00:00:00, Sys 0 00:00:00  -  Run Local Usage
		Usr 0 00:00:05, Sys 0 00:00:01  -  Total Remote Usage
		Usr 0 00:00:00, Sys 0 00:00:00  -  Total Local Usage
	0  -  Run Bytes Sent By Job
	0  -  Run Bytes Received By Job
	0  -  Total Bytes Sent By Job
	0  -  Total Bytes Received By Job
	Partitionable Resources :    Usage  Request Allocated 
	   Cpus                 :                 1         1 
	   Disk (KB)            :        1        1    129249 
	   Memory (MB)          :      174     3900      3968 

	Job terminated of its own accord at 2022-03-31T04:55:51Z.
...
006 (127760.000.000) 2022-03-31 13:55:51 Image size of job updated: 603256
	178  -  MemoryUsage of job (MB)
	182096  -  ResidentSetSize of job (KB)
...
005 (127760.000.000) 2022-03-31 13:55:51 Job terminated.
	(1) Normal termination (return value 0)
		Usr 0 00:00:05, Sys 0 00:00:01  -  Run Remote Usage
		Usr 0 00:00:00, Sys 0 00:00:00  -  Run Local Usage
		Usr 0 00:00:05, Sys 0 00:00:01  -  Total Remote Usage
		Usr 0 00:00:00, Sys 0 00:00:00  -  Total Local Usage
	0  -  Run Bytes Sent By Job
	0  -  Run Bytes Received By Job
	0  -  Total Bytes Sent By Job
	0  -  Total Bytes Received By Job
	Partitionable Resources :    Usage  Request Allocated 
	   Cpus                 :                 1         1 
	   Disk (KB)            :        1        1    129249 
	   Memory (MB)          :      178     3900      3968 

	Job terminated of its own accord at 2022-03-31T04:55:51Z.
...
006 (127760.011.000) 2022-03-31 13:55:51 Image size of job updated: 552300
	153  -  MemoryUsage of job (MB)
	155876  -  ResidentSetSize of job (KB)
...
006 (127760.012.000) 2022-03-31 13:55:51 Image size of job updated: 554504
	159  -  MemoryUsage of job (MB)
	162588  -  ResidentSetSize of job (KB)
...
006 (127760.006.000) 2022-03-31 13:55:52 Image size of job updated: 603312
	152  -  MemoryUsage of job (MB)
	155544  -  ResidentSetSize of job (KB)
...
005 (127760.006.000) 2022-03-31 13:55:52 Job terminated.
	(1) Normal termination (return value 0)
		Usr 0 00:00:05, Sys 0 00:00:01  -  Run Remote Usage
		Usr 0 00:00:00, Sys 0 00:00:00  -  Run Local Usage
		Usr 0 00:00:05, Sys 0 00:00:01  -  Total Remote Usage
		Usr 0 00:00:00, Sys 0 00:00:00  -  Total Local Usage
	0  -  Run Bytes Sent By Job
	0  -  Run Bytes Received By Job
	0  -  Total Bytes Sent By Job
	0  -  Total Bytes Received By Job
	Partitionable Resources :    Usage  Request Allocated 
	   Cpus                 :                 1         1 
	   Disk (KB)            :        1        1    129249 
	   Memory (MB)          :      152     3900      3968 

	Job terminated of its own accord at 2022-03-31T04:55:52Z.
...
006 (127760.012.000) 2022-03-31 13:55:52 Image size of job updated: 565932
	159  -  MemoryUsage of job (MB)
	162592  -  ResidentSetSize of job (KB)
...
006 (127760.014.000) 2022-03-31 13:55:52 Image size of job updated: 564832
	152  -  MemoryUsage of job (MB)
	155648  -  ResidentSetSize of job (KB)
...
005 (127760.012.000) 2022-03-31 13:55:52 Job terminated.
	(1) Normal termination (return value 0)
		Usr 0 00:00:06, Sys 0 00:00:01  -  Run Remote Usage
		Usr 0 00:00:00, Sys 0 00:00:00  -  Run Local Usage
		Usr 0 00:00:06, Sys 0 00:00:01  -  Total Remote Usage
		Usr 0 00:00:00, Sys 0 00:00:00  -  Total Local Usage
	0  -  Run Bytes Sent By Job
	0  -  Run Bytes Received By Job
	0  -  Total Bytes Sent By Job
	0  -  Total Bytes Received By Job
	Partitionable Resources :    Usage  Request Allocated 
	   Cpus                 :                 1         1 
	   Disk (KB)            :        1        1    129249 
	   Memory (MB)          :      159     3900      3968 

	Job terminated of its own accord at 2022-03-31T04:55:52Z.
...
005 (127760.014.000) 2022-03-31 13:55:52 Job terminated.
	(1) Normal termination (return value 0)
		Usr 0 00:00:06, Sys 0 00:00:01  -  Run Remote Usage
		Usr 0 00:00:00, Sys 0 00:00:00  -  Run Local Usage
		Usr 0 00:00:06, Sys 0 00:00:01  -  Total Remote Usage
		Usr 0 00:00:00, Sys 0 00:00:00  -  Total Local Usage
	0  -  Run Bytes Sent By Job
	0  -  Run Bytes Received By Job
	0  -  Total Bytes Sent By Job
	0  -  Total Bytes Received By Job
	Partitionable Resources :    Usage  Request Allocated 
	   Cpus                 :                 1         1 
	   Disk (KB)            :        1        1    129249 
	   Memory (MB)          :      152     3900      3968 

	Job terminated of its own accord at 2022-03-31T04:55:52Z.
...
006 (127760.003.000) 2022-03-31 13:55:52 Image size of job updated: 603644
	152  -  MemoryUsage of job (MB)
	155648  -  ResidentSetSize of job (KB)
...
005 (127760.003.000) 2022-03-31 13:55:52 Job terminated.
	(1) Normal termination (return value 0)
		Usr 0 00:00:06, Sys 0 00:00:01  -  Run Remote Usage
		Usr 0 00:00:00, Sys 0 00:00:00  -  Run Local Usage
		Usr 0 00:00:06, Sys 0 00:00:01  -  Total Remote Usage
		Usr 0 00:00:00, Sys 0 00:00:00  -  Total Local Usage
	0  -  Run Bytes Sent By Job
	0  -  Run Bytes Received By Job
	0  -  Total Bytes Sent By Job
	0  -  Total Bytes Received By Job
	Partitionable Resources :    Usage  Request Allocated 
	   Cpus                 :                 1         1 
	   Disk (KB)            :        1        1    129249 
	   Memory (MB)          :      152     3900      3968 

	Job terminated of its own accord at 2022-03-31T04:55:52Z.
...
006 (127760.001.000) 2022-03-31 13:55:53 Image size of job updated: 603656
	153  -  MemoryUsage of job (MB)
	155880  -  ResidentSetSize of job (KB)
...
005 (127760.001.000) 2022-03-31 13:55:53 Job terminated.
	(1) Normal termination (return value 0)
		Usr 0 00:00:06, Sys 0 00:00:01  -  Run Remote Usage
		Usr 0 00:00:00, Sys 0 00:00:00  -  Run Local Usage
		Usr 0 00:00:06, Sys 0 00:00:01  -  Total Remote Usage
		Usr 0 00:00:00, Sys 0 00:00:00  -  Total Local Usage
	0  -  Run Bytes Sent By Job
	0  -  Run Bytes Received By Job
	0  -  Total Bytes Sent By Job
	0  -  Total Bytes Received By Job
	Partitionable Resources :    Usage  Request Allocated 
	   Cpus                 :                 1         1 
	   Disk (KB)            :        1        1    129249 
	   Memory (MB)          :      153     3900      3968 

	Job terminated of its own accord at 2022-03-31T04:55:53Z.
...
006 (127760.016.000) 2022-03-31 13:55:53 Image size of job updated: 598564
	152  -  MemoryUsage of job (MB)
	155624  -  ResidentSetSize of job (KB)
...
005 (127760.016.000) 2022-03-31 13:55:53 Job terminated.
	(1) Normal termination (return value 0)
		Usr 0 00:00:06, Sys 0 00:00:01  -  Run Remote Usage
		Usr 0 00:00:00, Sys 0 00:00:00  -  Run Local Usage
		Usr 0 00:00:06, Sys 0 00:00:01  -  Total Remote Usage
		Usr 0 00:00:00, Sys 0 00:00:00  -  Total Local Usage
	0  -  Run Bytes Sent By Job
	0  -  Run Bytes Received By Job
	0  -  Total Bytes Sent By Job
	0  -  Total Bytes Received By Job
	Partitionable Resources :    Usage  Request Allocated 
	   Cpus                 :                 1         1 
	   Disk (KB)            :        1        1    129249 
	   Memory (MB)          :      152     3900      3968 

	Job terminated of its own accord at 2022-03-31T04:55:53Z.
...
006 (127760.013.000) 2022-03-31 13:55:53 Image size of job updated: 581140
	153  -  MemoryUsage of job (MB)
	155876  -  ResidentSetSize of job (KB)
...
005 (127760.013.000) 2022-03-31 13:55:53 Job terminated.
	(1) Normal termination (return value 0)
		Usr 0 00:00:07, Sys 0 00:00:01  -  Run Remote Usage
		Usr 0 00:00:00, Sys 0 00:00:00  -  Run Local Usage
		Usr 0 00:00:07, Sys 0 00:00:01  -  Total Remote Usage
		Usr 0 00:00:00, Sys 0 00:00:00  -  Total Local Usage
	0  -  Run Bytes Sent By Job
	0  -  Run Bytes Received By Job
	0  -  Total Bytes Sent By Job
	0  -  Total Bytes Received By Job
	Partitionable Resources :    Usage  Request Allocated 
	   Cpus                 :                 1         1 
	   Disk (KB)            :        1        1    129249 
	   Memory (MB)          :      153     3900      3968 

	Job terminated of its own accord at 2022-03-31T04:55:53Z.
...
006 (127760.011.000) 2022-03-31 13:55:53 Image size of job updated: 601952
	153  -  MemoryUsage of job (MB)
	155876  -  ResidentSetSize of job (KB)
...
005 (127760.011.000) 2022-03-31 13:55:53 Job terminated.
	(1) Normal termination (return value 0)
		Usr 0 00:00:07, Sys 0 00:00:01  -  Run Remote Usage
		Usr 0 00:00:00, Sys 0 00:00:00  -  Run Local Usage
		Usr 0 00:00:07, Sys 0 00:00:01  -  Total Remote Usage
		Usr 0 00:00:00, Sys 0 00:00:00  -  Total Local Usage
	0  -  Run Bytes Sent By Job
	0  -  Run Bytes Received By Job
	0  -  Total Bytes Sent By Job
	0  -  Total Bytes Received By Job
	Partitionable Resources :    Usage  Request Allocated 
	   Cpus                 :                 1         1 
	   Disk (KB)            :        1        1    129249 
	   Memory (MB)          :      153     3900      3968 

	Job terminated of its own accord at 2022-03-31T04:55:53Z.
...
006 (127760.004.000) 2022-03-31 13:55:53 Image size of job updated: 603232
	169  -  MemoryUsage of job (MB)
	172160  -  ResidentSetSize of job (KB)
...
005 (127760.004.000) 2022-03-31 13:55:53 Job terminated.
	(1) Normal termination (return value 0)
		Usr 0 00:00:07, Sys 0 00:00:01  -  Run Remote Usage
		Usr 0 00:00:00, Sys 0 00:00:00  -  Run Local Usage
		Usr 0 00:00:07, Sys 0 00:00:01  -  Total Remote Usage
		Usr 0 00:00:00, Sys 0 00:00:00  -  Total Local Usage
	0  -  Run Bytes Sent By Job
	0  -  Run Bytes Received By Job
	0  -  Total Bytes Sent By Job
	0  -  Total Bytes Received By Job
	Partitionable Resources :    Usage  Request Allocated 
	   Cpus                 :                 1         1 
	   Disk (KB)            :        1        1    129249 
	   Memory (MB)          :      169     3900      3968 

	Job terminated of its own accord at 2022-03-31T04:55:53Z.
...
006 (127760.010.000) 2022-03-31 13:55:53 Image size of job updated: 601928
	153  -  MemoryUsage of job (MB)
	155740  -  ResidentSetSize of job (KB)
...
005 (127760.010.000) 2022-03-31 13:55:53 Job terminated.
	(1) Normal termination (return value 0)
		Usr 0 00:00:07, Sys 0 00:00:01  -  Run Remote Usage
		Usr 0 00:00:00, Sys 0 00:00:00  -  Run Local Usage
		Usr 0 00:00:07, Sys 0 00:00:01  -  Total Remote Usage
		Usr 0 00:00:00, Sys 0 00:00:00  -  Total Local Usage
	0  -  Run Bytes Sent By Job
	0  -  Run Bytes Received By Job
	0  -  Total Bytes Sent By Job
	0  -  Total Bytes Received By Job
	Partitionable Resources :    Usage  Request Allocated 
	   Cpus                 :                 1         1 
	   Disk (KB)            :        1        1    129249 
	   Memory (MB)          :      153     3900      3968 

	Job terminated of its own accord at 2022-03-31T04:55:53Z.
...
000 (127820.000.000) 2022-03-31 15:11:25 Job submitted from host: <172.30.1.200:9618?addrs=172.30.1.200-9618&alias=tamsa2.snu.ac.kr&noUDP&sock=schedd_3154_f5cb>
...
000 (127820.001.000) 2022-03-31 15:11:25 Job submitted from host: <172.30.1.200:9618?addrs=172.30.1.200-9618&alias=tamsa2.snu.ac.kr&noUDP&sock=schedd_3154_f5cb>
...
000 (127820.002.000) 2022-03-31 15:11:25 Job submitted from host: <172.30.1.200:9618?addrs=172.30.1.200-9618&alias=tamsa2.snu.ac.kr&noUDP&sock=schedd_3154_f5cb>
...
000 (127820.003.000) 2022-03-31 15:11:25 Job submitted from host: <172.30.1.200:9618?addrs=172.30.1.200-9618&alias=tamsa2.snu.ac.kr&noUDP&sock=schedd_3154_f5cb>
...
000 (127820.004.000) 2022-03-31 15:11:25 Job submitted from host: <172.30.1.200:9618?addrs=172.30.1.200-9618&alias=tamsa2.snu.ac.kr&noUDP&sock=schedd_3154_f5cb>
...
000 (127820.005.000) 2022-03-31 15:11:25 Job submitted from host: <172.30.1.200:9618?addrs=172.30.1.200-9618&alias=tamsa2.snu.ac.kr&noUDP&sock=schedd_3154_f5cb>
...
000 (127820.006.000) 2022-03-31 15:11:25 Job submitted from host: <172.30.1.200:9618?addrs=172.30.1.200-9618&alias=tamsa2.snu.ac.kr&noUDP&sock=schedd_3154_f5cb>
...
000 (127820.007.000) 2022-03-31 15:11:25 Job submitted from host: <172.30.1.200:9618?addrs=172.30.1.200-9618&alias=tamsa2.snu.ac.kr&noUDP&sock=schedd_3154_f5cb>
...
000 (127820.008.000) 2022-03-31 15:11:25 Job submitted from host: <172.30.1.200:9618?addrs=172.30.1.200-9618&alias=tamsa2.snu.ac.kr&noUDP&sock=schedd_3154_f5cb>
...
000 (127820.009.000) 2022-03-31 15:11:25 Job submitted from host: <172.30.1.200:9618?addrs=172.30.1.200-9618&alias=tamsa2.snu.ac.kr&noUDP&sock=schedd_3154_f5cb>
...
000 (127820.010.000) 2022-03-31 15:11:25 Job submitted from host: <172.30.1.200:9618?addrs=172.30.1.200-9618&alias=tamsa2.snu.ac.kr&noUDP&sock=schedd_3154_f5cb>
...
000 (127820.011.000) 2022-03-31 15:11:25 Job submitted from host: <172.30.1.200:9618?addrs=172.30.1.200-9618&alias=tamsa2.snu.ac.kr&noUDP&sock=schedd_3154_f5cb>
...
000 (127820.012.000) 2022-03-31 15:11:25 Job submitted from host: <172.30.1.200:9618?addrs=172.30.1.200-9618&alias=tamsa2.snu.ac.kr&noUDP&sock=schedd_3154_f5cb>
...
000 (127820.013.000) 2022-03-31 15:11:25 Job submitted from host: <172.30.1.200:9618?addrs=172.30.1.200-9618&alias=tamsa2.snu.ac.kr&noUDP&sock=schedd_3154_f5cb>
...
000 (127820.014.000) 2022-03-31 15:11:25 Job submitted from host: <172.30.1.200:9618?addrs=172.30.1.200-9618&alias=tamsa2.snu.ac.kr&noUDP&sock=schedd_3154_f5cb>
...
000 (127820.015.000) 2022-03-31 15:11:25 Job submitted from host: <172.30.1.200:9618?addrs=172.30.1.200-9618&alias=tamsa2.snu.ac.kr&noUDP&sock=schedd_3154_f5cb>
...
000 (127820.016.000) 2022-03-31 15:11:25 Job submitted from host: <172.30.1.200:9618?addrs=172.30.1.200-9618&alias=tamsa2.snu.ac.kr&noUDP&sock=schedd_3154_f5cb>
...
000 (127820.017.000) 2022-03-31 15:11:25 Job submitted from host: <172.30.1.200:9618?addrs=172.30.1.200-9618&alias=tamsa2.snu.ac.kr&noUDP&sock=schedd_3154_f5cb>
...
000 (127820.018.000) 2022-03-31 15:11:25 Job submitted from host: <172.30.1.200:9618?addrs=172.30.1.200-9618&alias=tamsa2.snu.ac.kr&noUDP&sock=schedd_3154_f5cb>
...
000 (127820.019.000) 2022-03-31 15:11:25 Job submitted from host: <172.30.1.200:9618?addrs=172.30.1.200-9618&alias=tamsa2.snu.ac.kr&noUDP&sock=schedd_3154_f5cb>
...
001 (127820.014.000) 2022-03-31 15:11:34 Job executing on host: <172.30.1.201:9618?addrs=172.30.1.201-9618&alias=node1&noUDP&sock=startd_3603_efd1>
...
001 (127820.015.000) 2022-03-31 15:11:34 Job executing on host: <172.30.1.201:9618?addrs=172.30.1.201-9618&alias=node1&noUDP&sock=startd_3603_efd1>
...
001 (127820.016.000) 2022-03-31 15:11:35 Job executing on host: <172.30.1.201:9618?addrs=172.30.1.201-9618&alias=node1&noUDP&sock=startd_3603_efd1>
...
001 (127820.017.000) 2022-03-31 15:11:35 Job executing on host: <172.30.1.201:9618?addrs=172.30.1.201-9618&alias=node1&noUDP&sock=startd_3603_efd1>
...
001 (127820.018.000) 2022-03-31 15:11:35 Job executing on host: <172.30.1.201:9618?addrs=172.30.1.201-9618&alias=node1&noUDP&sock=startd_3603_efd1>
...
001 (127820.019.000) 2022-03-31 15:11:35 Job executing on host: <172.30.1.201:9618?addrs=172.30.1.201-9618&alias=node1&noUDP&sock=startd_3603_efd1>
...
001 (127820.000.000) 2022-03-31 15:11:36 Job executing on host: <172.30.1.208:9618?addrs=172.30.1.208-9618&alias=node8&noUDP&sock=startd_32564_c61f>
...
001 (127820.001.000) 2022-03-31 15:11:36 Job executing on host: <172.30.1.208:9618?addrs=172.30.1.208-9618&alias=node8&noUDP&sock=startd_32564_c61f>
...
001 (127820.002.000) 2022-03-31 15:11:36 Job executing on host: <172.30.1.208:9618?addrs=172.30.1.208-9618&alias=node8&noUDP&sock=startd_32564_c61f>
...
001 (127820.003.000) 2022-03-31 15:11:36 Job executing on host: <172.30.1.208:9618?addrs=172.30.1.208-9618&alias=node8&noUDP&sock=startd_32564_c61f>
...
001 (127820.004.000) 2022-03-31 15:11:36 Job executing on host: <172.30.1.208:9618?addrs=172.30.1.208-9618&alias=node8&noUDP&sock=startd_32564_c61f>
...
001 (127820.005.000) 2022-03-31 15:11:36 Job executing on host: <172.30.1.208:9618?addrs=172.30.1.208-9618&alias=node8&noUDP&sock=startd_32564_c61f>
...
001 (127820.006.000) 2022-03-31 15:11:36 Job executing on host: <172.30.1.208:9618?addrs=172.30.1.208-9618&alias=node8&noUDP&sock=startd_32564_c61f>
...
001 (127820.007.000) 2022-03-31 15:11:36 Job executing on host: <172.30.1.208:9618?addrs=172.30.1.208-9618&alias=node8&noUDP&sock=startd_32564_c61f>
...
001 (127820.008.000) 2022-03-31 15:11:37 Job executing on host: <172.30.1.208:9618?addrs=172.30.1.208-9618&alias=node8&noUDP&sock=startd_32564_c61f>
...
001 (127820.009.000) 2022-03-31 15:11:37 Job executing on host: <172.30.1.208:9618?addrs=172.30.1.208-9618&alias=node8&noUDP&sock=startd_32564_c61f>
...
001 (127820.010.000) 2022-03-31 15:11:37 Job executing on host: <172.30.1.208:9618?addrs=172.30.1.208-9618&alias=node8&noUDP&sock=startd_32564_c61f>
...
001 (127820.011.000) 2022-03-31 15:11:37 Job executing on host: <172.30.1.208:9618?addrs=172.30.1.208-9618&alias=node8&noUDP&sock=startd_32564_c61f>
...
001 (127820.012.000) 2022-03-31 15:11:37 Job executing on host: <172.30.1.208:9618?addrs=172.30.1.208-9618&alias=node8&noUDP&sock=startd_32564_c61f>
...
001 (127820.013.000) 2022-03-31 15:11:37 Job executing on host: <172.30.1.208:9618?addrs=172.30.1.208-9618&alias=node8&noUDP&sock=startd_32564_c61f>
...
006 (127820.014.000) 2022-03-31 15:11:43 Image size of job updated: 160864
	154  -  MemoryUsage of job (MB)
	157320  -  ResidentSetSize of job (KB)
...
006 (127820.015.000) 2022-03-31 15:11:43 Image size of job updated: 159428
	154  -  MemoryUsage of job (MB)
	157412  -  ResidentSetSize of job (KB)
...
006 (127820.016.000) 2022-03-31 15:11:43 Image size of job updated: 158592
	154  -  MemoryUsage of job (MB)
	157344  -  ResidentSetSize of job (KB)
...
006 (127820.017.000) 2022-03-31 15:11:43 Image size of job updated: 172692
	167  -  MemoryUsage of job (MB)
	170008  -  ResidentSetSize of job (KB)
...
006 (127820.018.000) 2022-03-31 15:11:43 Image size of job updated: 181312
	175  -  MemoryUsage of job (MB)
	179160  -  ResidentSetSize of job (KB)
...
006 (127820.019.000) 2022-03-31 15:11:43 Image size of job updated: 165536
	161  -  MemoryUsage of job (MB)
	164088  -  ResidentSetSize of job (KB)
...
006 (127820.000.000) 2022-03-31 15:11:44 Image size of job updated: 498404
	170  -  MemoryUsage of job (MB)
	173948  -  ResidentSetSize of job (KB)
...
006 (127820.007.000) 2022-03-31 15:11:45 Image size of job updated: 499772
	173  -  MemoryUsage of job (MB)
	176880  -  ResidentSetSize of job (KB)
...
006 (127820.008.000) 2022-03-31 15:11:45 Image size of job updated: 498676
	180  -  MemoryUsage of job (MB)
	184004  -  ResidentSetSize of job (KB)
...
006 (127820.009.000) 2022-03-31 15:11:45 Image size of job updated: 498672
	154  -  MemoryUsage of job (MB)
	157576  -  ResidentSetSize of job (KB)
...
006 (127820.010.000) 2022-03-31 15:11:45 Image size of job updated: 482556
	154  -  MemoryUsage of job (MB)
	157616  -  ResidentSetSize of job (KB)
...
006 (127820.011.000) 2022-03-31 15:11:45 Image size of job updated: 482556
	180  -  MemoryUsage of job (MB)
	183868  -  ResidentSetSize of job (KB)
...
006 (127820.012.000) 2022-03-31 15:11:45 Image size of job updated: 480216
	175  -  MemoryUsage of job (MB)
	178996  -  ResidentSetSize of job (KB)
...
006 (127820.001.000) 2022-03-31 15:11:45 Image size of job updated: 503564
	180  -  MemoryUsage of job (MB)
	184028  -  ResidentSetSize of job (KB)
...
006 (127820.002.000) 2022-03-31 15:11:45 Image size of job updated: 499772
	180  -  MemoryUsage of job (MB)
	184036  -  ResidentSetSize of job (KB)
...
006 (127820.003.000) 2022-03-31 15:11:45 Image size of job updated: 499268
	180  -  MemoryUsage of job (MB)
	184004  -  ResidentSetSize of job (KB)
...
006 (127820.004.000) 2022-03-31 15:11:45 Image size of job updated: 499448
	180  -  MemoryUsage of job (MB)
	183872  -  ResidentSetSize of job (KB)
...
006 (127820.005.000) 2022-03-31 15:11:45 Image size of job updated: 499640
	180  -  MemoryUsage of job (MB)
	184004  -  ResidentSetSize of job (KB)
...
006 (127820.006.000) 2022-03-31 15:11:45 Image size of job updated: 498676
	180  -  MemoryUsage of job (MB)
	184008  -  ResidentSetSize of job (KB)
...
006 (127820.013.000) 2022-03-31 15:11:46 Image size of job updated: 479468
	180  -  MemoryUsage of job (MB)
	183996  -  ResidentSetSize of job (KB)
...
006 (127820.018.000) 2022-03-31 15:11:47 Image size of job updated: 603468
	175  -  MemoryUsage of job (MB)
	179160  -  ResidentSetSize of job (KB)
...
005 (127820.018.000) 2022-03-31 15:11:47 Job terminated.
	(1) Normal termination (return value 0)
		Usr 0 00:00:07, Sys 0 00:00:01  -  Run Remote Usage
		Usr 0 00:00:00, Sys 0 00:00:00  -  Run Local Usage
		Usr 0 00:00:07, Sys 0 00:00:01  -  Total Remote Usage
		Usr 0 00:00:00, Sys 0 00:00:00  -  Total Local Usage
	0  -  Run Bytes Sent By Job
	0  -  Run Bytes Received By Job
	0  -  Total Bytes Sent By Job
	0  -  Total Bytes Received By Job
	Partitionable Resources :    Usage  Request Allocated 
	   Cpus                 :                 1         1 
	   Disk (KB)            :        1        1    121641 
	   Memory (MB)          :      175     3900      3968 

	Job terminated of its own accord at 2022-03-31T06:11:47Z.
...
006 (127820.003.000) 2022-03-31 15:11:47 Image size of job updated: 605540
	180  -  MemoryUsage of job (MB)
	184004  -  ResidentSetSize of job (KB)
...
006 (127820.000.000) 2022-03-31 15:11:47 Image size of job updated: 605540
	170  -  MemoryUsage of job (MB)
	174052  -  ResidentSetSize of job (KB)
...
005 (127820.003.000) 2022-03-31 15:11:47 Job terminated.
	(1) Normal termination (return value 0)
		Usr 0 00:00:06, Sys 0 00:00:01  -  Run Remote Usage
		Usr 0 00:00:00, Sys 0 00:00:00  -  Run Local Usage
		Usr 0 00:00:06, Sys 0 00:00:01  -  Total Remote Usage
		Usr 0 00:00:00, Sys 0 00:00:00  -  Total Local Usage
	0  -  Run Bytes Sent By Job
	0  -  Run Bytes Received By Job
	0  -  Total Bytes Sent By Job
	0  -  Total Bytes Received By Job
	Partitionable Resources :    Usage  Request Allocated 
	   Cpus                 :                 1         1 
	   Disk (KB)            :        1        1    121125 
	   Memory (MB)          :      180     3900      3968 

	Job terminated of its own accord at 2022-03-31T06:11:47Z.
...
005 (127820.000.000) 2022-03-31 15:11:47 Job terminated.
	(1) Normal termination (return value 0)
		Usr 0 00:00:06, Sys 0 00:00:01  -  Run Remote Usage
		Usr 0 00:00:00, Sys 0 00:00:00  -  Run Local Usage
		Usr 0 00:00:06, Sys 0 00:00:01  -  Total Remote Usage
		Usr 0 00:00:00, Sys 0 00:00:00  -  Total Local Usage
	0  -  Run Bytes Sent By Job
	0  -  Run Bytes Received By Job
	0  -  Total Bytes Sent By Job
	0  -  Total Bytes Received By Job
	Partitionable Resources :    Usage  Request Allocated 
	   Cpus                 :                 1         1 
	   Disk (KB)            :        1        1    121125 
	   Memory (MB)          :      170     3900      3968 

	Job terminated of its own accord at 2022-03-31T06:11:47Z.
...
006 (127820.002.000) 2022-03-31 15:11:48 Image size of job updated: 605600
	180  -  MemoryUsage of job (MB)
	184036  -  ResidentSetSize of job (KB)
...
006 (127820.007.000) 2022-03-31 15:11:48 Image size of job updated: 605540
	173  -  MemoryUsage of job (MB)
	176896  -  ResidentSetSize of job (KB)
...
006 (127820.012.000) 2022-03-31 15:11:48 Image size of job updated: 605576
	175  -  MemoryUsage of job (MB)
	178996  -  ResidentSetSize of job (KB)
...
006 (127820.013.000) 2022-03-31 15:11:48 Image size of job updated: 605352
	180  -  MemoryUsage of job (MB)
	183996  -  ResidentSetSize of job (KB)
...
005 (127820.007.000) 2022-03-31 15:11:48 Job terminated.
	(1) Normal termination (return value 0)
		Usr 0 00:00:06, Sys 0 00:00:01  -  Run Remote Usage
		Usr 0 00:00:00, Sys 0 00:00:00  -  Run Local Usage
		Usr 0 00:00:06, Sys 0 00:00:01  -  Total Remote Usage
		Usr 0 00:00:00, Sys 0 00:00:00  -  Total Local Usage
	0  -  Run Bytes Sent By Job
	0  -  Run Bytes Received By Job
	0  -  Total Bytes Sent By Job
	0  -  Total Bytes Received By Job
	Partitionable Resources :    Usage  Request Allocated 
	   Cpus                 :                 1         1 
	   Disk (KB)            :        1        1    121125 
	   Memory (MB)          :      173     3900      3968 

	Job terminated of its own accord at 2022-03-31T06:11:48Z.
...
005 (127820.002.000) 2022-03-31 15:11:48 Job terminated.
	(1) Normal termination (return value 0)
		Usr 0 00:00:07, Sys 0 00:00:01  -  Run Remote Usage
		Usr 0 00:00:00, Sys 0 00:00:00  -  Run Local Usage
		Usr 0 00:00:07, Sys 0 00:00:01  -  Total Remote Usage
		Usr 0 00:00:00, Sys 0 00:00:00  -  Total Local Usage
	0  -  Run Bytes Sent By Job
	0  -  Run Bytes Received By Job
	0  -  Total Bytes Sent By Job
	0  -  Total Bytes Received By Job
	Partitionable Resources :    Usage  Request Allocated 
	   Cpus                 :                 1         1 
	   Disk (KB)            :        1        1    121125 
	   Memory (MB)          :      180     3900      3968 

	Job terminated of its own accord at 2022-03-31T06:11:48Z.
...
005 (127820.013.000) 2022-03-31 15:11:48 Job terminated.
	(1) Normal termination (return value 0)
		Usr 0 00:00:05, Sys 0 00:00:02  -  Run Remote Usage
		Usr 0 00:00:00, Sys 0 00:00:00  -  Run Local Usage
		Usr 0 00:00:05, Sys 0 00:00:02  -  Total Remote Usage
		Usr 0 00:00:00, Sys 0 00:00:00  -  Total Local Usage
	0  -  Run Bytes Sent By Job
	0  -  Run Bytes Received By Job
	0  -  Total Bytes Sent By Job
	0  -  Total Bytes Received By Job
	Partitionable Resources :    Usage  Request Allocated 
	   Cpus                 :                 1         1 
	   Disk (KB)            :        1        1    121125 
	   Memory (MB)          :      180     3900      3968 

	Job terminated of its own accord at 2022-03-31T06:11:48Z.
...
005 (127820.012.000) 2022-03-31 15:11:48 Job terminated.
	(1) Normal termination (return value 0)
		Usr 0 00:00:06, Sys 0 00:00:01  -  Run Remote Usage
		Usr 0 00:00:00, Sys 0 00:00:00  -  Run Local Usage
		Usr 0 00:00:06, Sys 0 00:00:01  -  Total Remote Usage
		Usr 0 00:00:00, Sys 0 00:00:00  -  Total Local Usage
	0  -  Run Bytes Sent By Job
	0  -  Run Bytes Received By Job
	0  -  Total Bytes Sent By Job
	0  -  Total Bytes Received By Job
	Partitionable Resources :    Usage  Request Allocated 
	   Cpus                 :                 1         1 
	   Disk (KB)            :        1        1    121125 
	   Memory (MB)          :      175     3900      3968 

	Job terminated of its own accord at 2022-03-31T06:11:48Z.
...
006 (127820.010.000) 2022-03-31 15:11:48 Image size of job updated: 605760
	154  -  MemoryUsage of job (MB)
	157616  -  ResidentSetSize of job (KB)
...
005 (127820.010.000) 2022-03-31 15:11:49 Job terminated.
	(1) Normal termination (return value 0)
		Usr 0 00:00:08, Sys 0 00:00:01  -  Run Remote Usage
		Usr 0 00:00:00, Sys 0 00:00:00  -  Run Local Usage
		Usr 0 00:00:08, Sys 0 00:00:01  -  Total Remote Usage
		Usr 0 00:00:00, Sys 0 00:00:00  -  Total Local Usage
	0  -  Run Bytes Sent By Job
	0  -  Run Bytes Received By Job
	0  -  Total Bytes Sent By Job
	0  -  Total Bytes Received By Job
	Partitionable Resources :    Usage  Request Allocated 
	   Cpus                 :                 1         1 
	   Disk (KB)            :        1        1    121125 
	   Memory (MB)          :      154     3900      3968 

	Job terminated of its own accord at 2022-03-31T06:11:48Z.
...
006 (127820.009.000) 2022-03-31 15:11:49 Image size of job updated: 605772
	154  -  MemoryUsage of job (MB)
	157576  -  ResidentSetSize of job (KB)
...
005 (127820.009.000) 2022-03-31 15:11:49 Job terminated.
	(1) Normal termination (return value 0)
		Usr 0 00:00:08, Sys 0 00:00:01  -  Run Remote Usage
		Usr 0 00:00:00, Sys 0 00:00:00  -  Run Local Usage
		Usr 0 00:00:08, Sys 0 00:00:01  -  Total Remote Usage
		Usr 0 00:00:00, Sys 0 00:00:00  -  Total Local Usage
	0  -  Run Bytes Sent By Job
	0  -  Run Bytes Received By Job
	0  -  Total Bytes Sent By Job
	0  -  Total Bytes Received By Job
	Partitionable Resources :    Usage  Request Allocated 
	   Cpus                 :                 1         1 
	   Disk (KB)            :        1        1    121125 
	   Memory (MB)          :      154     3900      3968 

	Job terminated of its own accord at 2022-03-31T06:11:49Z.
...
006 (127820.015.000) 2022-03-31 15:11:49 Image size of job updated: 605396
	154  -  MemoryUsage of job (MB)
	157412  -  ResidentSetSize of job (KB)
...
005 (127820.015.000) 2022-03-31 15:11:49 Job terminated.
	(1) Normal termination (return value 0)
		Usr 0 00:00:09, Sys 0 00:00:01  -  Run Remote Usage
		Usr 0 00:00:00, Sys 0 00:00:00  -  Run Local Usage
		Usr 0 00:00:09, Sys 0 00:00:01  -  Total Remote Usage
		Usr 0 00:00:00, Sys 0 00:00:00  -  Total Local Usage
	0  -  Run Bytes Sent By Job
	0  -  Run Bytes Received By Job
	0  -  Total Bytes Sent By Job
	0  -  Total Bytes Received By Job
	Partitionable Resources :    Usage  Request Allocated 
	   Cpus                 :                 1         1 
	   Disk (KB)            :        1        1    121641 
	   Memory (MB)          :      154     3900      3968 

	Job terminated of its own accord at 2022-03-31T06:11:49Z.
...
006 (127820.014.000) 2022-03-31 15:11:49 Image size of job updated: 603576
	154  -  MemoryUsage of job (MB)
	157320  -  ResidentSetSize of job (KB)
...
006 (127820.016.000) 2022-03-31 15:11:49 Image size of job updated: 603692
	154  -  MemoryUsage of job (MB)
	157344  -  ResidentSetSize of job (KB)
...
005 (127820.014.000) 2022-03-31 15:11:49 Job terminated.
	(1) Normal termination (return value 0)
		Usr 0 00:00:09, Sys 0 00:00:01  -  Run Remote Usage
		Usr 0 00:00:00, Sys 0 00:00:00  -  Run Local Usage
		Usr 0 00:00:09, Sys 0 00:00:01  -  Total Remote Usage
		Usr 0 00:00:00, Sys 0 00:00:00  -  Total Local Usage
	0  -  Run Bytes Sent By Job
	0  -  Run Bytes Received By Job
	0  -  Total Bytes Sent By Job
	0  -  Total Bytes Received By Job
	Partitionable Resources :    Usage  Request Allocated 
	   Cpus                 :                 1         1 
	   Disk (KB)            :        1        1    121641 
	   Memory (MB)          :      154     3900      3968 

	Job terminated of its own accord at 2022-03-31T06:11:49Z.
...
005 (127820.016.000) 2022-03-31 15:11:49 Job terminated.
	(1) Normal termination (return value 0)
		Usr 0 00:00:09, Sys 0 00:00:01  -  Run Remote Usage
		Usr 0 00:00:00, Sys 0 00:00:00  -  Run Local Usage
		Usr 0 00:00:09, Sys 0 00:00:01  -  Total Remote Usage
		Usr 0 00:00:00, Sys 0 00:00:00  -  Total Local Usage
	0  -  Run Bytes Sent By Job
	0  -  Run Bytes Received By Job
	0  -  Total Bytes Sent By Job
	0  -  Total Bytes Received By Job
	Partitionable Resources :    Usage  Request Allocated 
	   Cpus                 :                 1         1 
	   Disk (KB)            :        1        1    121641 
	   Memory (MB)          :      154     3900      3968 

	Job terminated of its own accord at 2022-03-31T06:11:49Z.
...
006 (127820.011.000) 2022-03-31 15:11:49 Image size of job updated: 605388
	180  -  MemoryUsage of job (MB)
	183868  -  ResidentSetSize of job (KB)
...
005 (127820.011.000) 2022-03-31 15:11:49 Job terminated.
	(1) Normal termination (return value 0)
		Usr 0 00:00:08, Sys 0 00:00:01  -  Run Remote Usage
		Usr 0 00:00:00, Sys 0 00:00:00  -  Run Local Usage
		Usr 0 00:00:08, Sys 0 00:00:01  -  Total Remote Usage
		Usr 0 00:00:00, Sys 0 00:00:00  -  Total Local Usage
	0  -  Run Bytes Sent By Job
	0  -  Run Bytes Received By Job
	0  -  Total Bytes Sent By Job
	0  -  Total Bytes Received By Job
	Partitionable Resources :    Usage  Request Allocated 
	   Cpus                 :                 1         1 
	   Disk (KB)            :        1        1    121125 
	   Memory (MB)          :      180     3900      3968 

	Job terminated of its own accord at 2022-03-31T06:11:49Z.
...
006 (127820.004.000) 2022-03-31 15:11:50 Image size of job updated: 605756
	180  -  MemoryUsage of job (MB)
	183872  -  ResidentSetSize of job (KB)
...
005 (127820.004.000) 2022-03-31 15:11:50 Job terminated.
	(1) Normal termination (return value 0)
		Usr 0 00:00:08, Sys 0 00:00:01  -  Run Remote Usage
		Usr 0 00:00:00, Sys 0 00:00:00  -  Run Local Usage
		Usr 0 00:00:08, Sys 0 00:00:01  -  Total Remote Usage
		Usr 0 00:00:00, Sys 0 00:00:00  -  Total Local Usage
	0  -  Run Bytes Sent By Job
	0  -  Run Bytes Received By Job
	0  -  Total Bytes Sent By Job
	0  -  Total Bytes Received By Job
	Partitionable Resources :    Usage  Request Allocated 
	   Cpus                 :                 1         1 
	   Disk (KB)            :        1        1    121125 
	   Memory (MB)          :      180     3900      3968 

	Job terminated of its own accord at 2022-03-31T06:11:50Z.
...
006 (127820.017.000) 2022-03-31 15:11:50 Image size of job updated: 605364
	167  -  MemoryUsage of job (MB)
	170016  -  ResidentSetSize of job (KB)
...
006 (127820.006.000) 2022-03-31 15:11:50 Image size of job updated: 606128
	180  -  MemoryUsage of job (MB)
	184008  -  ResidentSetSize of job (KB)
...
005 (127820.006.000) 2022-03-31 15:11:50 Job terminated.
	(1) Normal termination (return value 0)
		Usr 0 00:00:09, Sys 0 00:00:01  -  Run Remote Usage
		Usr 0 00:00:00, Sys 0 00:00:00  -  Run Local Usage
		Usr 0 00:00:09, Sys 0 00:00:01  -  Total Remote Usage
		Usr 0 00:00:00, Sys 0 00:00:00  -  Total Local Usage
	0  -  Run Bytes Sent By Job
	0  -  Run Bytes Received By Job
	0  -  Total Bytes Sent By Job
	0  -  Total Bytes Received By Job
	Partitionable Resources :    Usage  Request Allocated 
	   Cpus                 :                 1         1 
	   Disk (KB)            :        1        1    121125 
	   Memory (MB)          :      180     3900      3968 

	Job terminated of its own accord at 2022-03-31T06:11:50Z.
...
005 (127820.017.000) 2022-03-31 15:11:50 Job terminated.
	(1) Normal termination (return value 0)
		Usr 0 00:00:10, Sys 0 00:00:01  -  Run Remote Usage
		Usr 0 00:00:00, Sys 0 00:00:00  -  Run Local Usage
		Usr 0 00:00:10, Sys 0 00:00:01  -  Total Remote Usage
		Usr 0 00:00:00, Sys 0 00:00:00  -  Total Local Usage
	0  -  Run Bytes Sent By Job
	0  -  Run Bytes Received By Job
	0  -  Total Bytes Sent By Job
	0  -  Total Bytes Received By Job
	Partitionable Resources :    Usage  Request Allocated 
	   Cpus                 :                 1         1 
	   Disk (KB)            :        1        1    121641 
	   Memory (MB)          :      167     3900      3968 

	Job terminated of its own accord at 2022-03-31T06:11:50Z.
...
006 (127820.005.000) 2022-03-31 15:11:50 Image size of job updated: 606048
	180  -  MemoryUsage of job (MB)
	184004  -  ResidentSetSize of job (KB)
...
005 (127820.005.000) 2022-03-31 15:11:50 Job terminated.
	(1) Normal termination (return value 0)
		Usr 0 00:00:09, Sys 0 00:00:01  -  Run Remote Usage
		Usr 0 00:00:00, Sys 0 00:00:00  -  Run Local Usage
		Usr 0 00:00:09, Sys 0 00:00:01  -  Total Remote Usage
		Usr 0 00:00:00, Sys 0 00:00:00  -  Total Local Usage
	0  -  Run Bytes Sent By Job
	0  -  Run Bytes Received By Job
	0  -  Total Bytes Sent By Job
	0  -  Total Bytes Received By Job
	Partitionable Resources :    Usage  Request Allocated 
	   Cpus                 :                 1         1 
	   Disk (KB)            :        1        1    121125 
	   Memory (MB)          :      180     3900      3968 

	Job terminated of its own accord at 2022-03-31T06:11:50Z.
...
006 (127820.019.000) 2022-03-31 15:11:51 Image size of job updated: 605368
	161  -  MemoryUsage of job (MB)
	164088  -  ResidentSetSize of job (KB)
...
005 (127820.019.000) 2022-03-31 15:11:51 Job terminated.
	(1) Normal termination (return value 0)
		Usr 0 00:00:11, Sys 0 00:00:01  -  Run Remote Usage
		Usr 0 00:00:00, Sys 0 00:00:00  -  Run Local Usage
		Usr 0 00:00:11, Sys 0 00:00:01  -  Total Remote Usage
		Usr 0 00:00:00, Sys 0 00:00:00  -  Total Local Usage
	0  -  Run Bytes Sent By Job
	0  -  Run Bytes Received By Job
	0  -  Total Bytes Sent By Job
	0  -  Total Bytes Received By Job
	Partitionable Resources :    Usage  Request Allocated 
	   Cpus                 :                 1         1 
	   Disk (KB)            :        1        1    121641 
	   Memory (MB)          :      161     3900      3968 

	Job terminated of its own accord at 2022-03-31T06:11:51Z.
...
006 (127820.008.000) 2022-03-31 15:11:51 Image size of job updated: 606140
	180  -  MemoryUsage of job (MB)
	184004  -  ResidentSetSize of job (KB)
...
005 (127820.008.000) 2022-03-31 15:11:51 Job terminated.
	(1) Normal termination (return value 0)
		Usr 0 00:00:10, Sys 0 00:00:01  -  Run Remote Usage
		Usr 0 00:00:00, Sys 0 00:00:00  -  Run Local Usage
		Usr 0 00:00:10, Sys 0 00:00:01  -  Total Remote Usage
		Usr 0 00:00:00, Sys 0 00:00:00  -  Total Local Usage
	0  -  Run Bytes Sent By Job
	0  -  Run Bytes Received By Job
	0  -  Total Bytes Sent By Job
	0  -  Total Bytes Received By Job
	Partitionable Resources :    Usage  Request Allocated 
	   Cpus                 :                 1         1 
	   Disk (KB)            :        1        1    121125 
	   Memory (MB)          :      180     3900      3968 

	Job terminated of its own accord at 2022-03-31T06:11:51Z.
...
006 (127820.001.000) 2022-03-31 15:11:51 Image size of job updated: 607056
	180  -  MemoryUsage of job (MB)
	184028  -  ResidentSetSize of job (KB)
...
005 (127820.001.000) 2022-03-31 15:11:51 Job terminated.
	(1) Normal termination (return value 0)
		Usr 0 00:00:10, Sys 0 00:00:01  -  Run Remote Usage
		Usr 0 00:00:00, Sys 0 00:00:00  -  Run Local Usage
		Usr 0 00:00:10, Sys 0 00:00:01  -  Total Remote Usage
		Usr 0 00:00:00, Sys 0 00:00:00  -  Total Local Usage
	0  -  Run Bytes Sent By Job
	0  -  Run Bytes Received By Job
	0  -  Total Bytes Sent By Job
	0  -  Total Bytes Received By Job
	Partitionable Resources :    Usage  Request Allocated 
	   Cpus                 :                 1         1 
	   Disk (KB)            :        1        1    121125 
	   Memory (MB)          :      180     3900      3968 

	Job terminated of its own accord at 2022-03-31T06:11:51Z.
...
