000 (126801.000.000) 2022-03-30 13:41:29 Job submitted from host: <172.30.1.200:9618?addrs=172.30.1.200-9618&alias=tamsa2.snu.ac.kr&noUDP&sock=schedd_3154_f5cb>
...
000 (126801.001.000) 2022-03-30 13:41:29 Job submitted from host: <172.30.1.200:9618?addrs=172.30.1.200-9618&alias=tamsa2.snu.ac.kr&noUDP&sock=schedd_3154_f5cb>
...
000 (126801.002.000) 2022-03-30 13:41:29 Job submitted from host: <172.30.1.200:9618?addrs=172.30.1.200-9618&alias=tamsa2.snu.ac.kr&noUDP&sock=schedd_3154_f5cb>
...
000 (126801.003.000) 2022-03-30 13:41:29 Job submitted from host: <172.30.1.200:9618?addrs=172.30.1.200-9618&alias=tamsa2.snu.ac.kr&noUDP&sock=schedd_3154_f5cb>
...
000 (126801.004.000) 2022-03-30 13:41:29 Job submitted from host: <172.30.1.200:9618?addrs=172.30.1.200-9618&alias=tamsa2.snu.ac.kr&noUDP&sock=schedd_3154_f5cb>
...
000 (126801.005.000) 2022-03-30 13:41:29 Job submitted from host: <172.30.1.200:9618?addrs=172.30.1.200-9618&alias=tamsa2.snu.ac.kr&noUDP&sock=schedd_3154_f5cb>
...
000 (126801.006.000) 2022-03-30 13:41:29 Job submitted from host: <172.30.1.200:9618?addrs=172.30.1.200-9618&alias=tamsa2.snu.ac.kr&noUDP&sock=schedd_3154_f5cb>
...
000 (126801.007.000) 2022-03-30 13:41:29 Job submitted from host: <172.30.1.200:9618?addrs=172.30.1.200-9618&alias=tamsa2.snu.ac.kr&noUDP&sock=schedd_3154_f5cb>
...
000 (126801.008.000) 2022-03-30 13:41:29 Job submitted from host: <172.30.1.200:9618?addrs=172.30.1.200-9618&alias=tamsa2.snu.ac.kr&noUDP&sock=schedd_3154_f5cb>
...
000 (126801.009.000) 2022-03-30 13:41:29 Job submitted from host: <172.30.1.200:9618?addrs=172.30.1.200-9618&alias=tamsa2.snu.ac.kr&noUDP&sock=schedd_3154_f5cb>
...
000 (126801.010.000) 2022-03-30 13:41:29 Job submitted from host: <172.30.1.200:9618?addrs=172.30.1.200-9618&alias=tamsa2.snu.ac.kr&noUDP&sock=schedd_3154_f5cb>
...
000 (126801.011.000) 2022-03-30 13:41:29 Job submitted from host: <172.30.1.200:9618?addrs=172.30.1.200-9618&alias=tamsa2.snu.ac.kr&noUDP&sock=schedd_3154_f5cb>
...
000 (126801.012.000) 2022-03-30 13:41:29 Job submitted from host: <172.30.1.200:9618?addrs=172.30.1.200-9618&alias=tamsa2.snu.ac.kr&noUDP&sock=schedd_3154_f5cb>
...
000 (126801.013.000) 2022-03-30 13:41:29 Job submitted from host: <172.30.1.200:9618?addrs=172.30.1.200-9618&alias=tamsa2.snu.ac.kr&noUDP&sock=schedd_3154_f5cb>
...
000 (126801.014.000) 2022-03-30 13:41:29 Job submitted from host: <172.30.1.200:9618?addrs=172.30.1.200-9618&alias=tamsa2.snu.ac.kr&noUDP&sock=schedd_3154_f5cb>
...
000 (126801.015.000) 2022-03-30 13:41:29 Job submitted from host: <172.30.1.200:9618?addrs=172.30.1.200-9618&alias=tamsa2.snu.ac.kr&noUDP&sock=schedd_3154_f5cb>
...
000 (126801.016.000) 2022-03-30 13:41:29 Job submitted from host: <172.30.1.200:9618?addrs=172.30.1.200-9618&alias=tamsa2.snu.ac.kr&noUDP&sock=schedd_3154_f5cb>
...
000 (126801.017.000) 2022-03-30 13:41:29 Job submitted from host: <172.30.1.200:9618?addrs=172.30.1.200-9618&alias=tamsa2.snu.ac.kr&noUDP&sock=schedd_3154_f5cb>
...
000 (126801.018.000) 2022-03-30 13:41:29 Job submitted from host: <172.30.1.200:9618?addrs=172.30.1.200-9618&alias=tamsa2.snu.ac.kr&noUDP&sock=schedd_3154_f5cb>
...
000 (126801.019.000) 2022-03-30 13:41:29 Job submitted from host: <172.30.1.200:9618?addrs=172.30.1.200-9618&alias=tamsa2.snu.ac.kr&noUDP&sock=schedd_3154_f5cb>
...
001 (126801.000.000) 2022-03-30 13:41:44 Job executing on host: <172.30.1.203:9618?addrs=172.30.1.203-9618&alias=node3&noUDP&sock=startd_3597_d240>
...
001 (126801.001.000) 2022-03-30 13:41:44 Job executing on host: <172.30.1.203:9618?addrs=172.30.1.203-9618&alias=node3&noUDP&sock=startd_3597_d240>
...
001 (126801.002.000) 2022-03-30 13:41:45 Job executing on host: <172.30.1.203:9618?addrs=172.30.1.203-9618&alias=node3&noUDP&sock=startd_3597_d240>
...
001 (126801.003.000) 2022-03-30 13:41:45 Job executing on host: <172.30.1.203:9618?addrs=172.30.1.203-9618&alias=node3&noUDP&sock=startd_3597_d240>
...
001 (126801.004.000) 2022-03-30 13:41:45 Job executing on host: <172.30.1.203:9618?addrs=172.30.1.203-9618&alias=node3&noUDP&sock=startd_3597_d240>
...
001 (126801.005.000) 2022-03-30 13:41:45 Job executing on host: <172.30.1.203:9618?addrs=172.30.1.203-9618&alias=node3&noUDP&sock=startd_3597_d240>
...
001 (126801.006.000) 2022-03-30 13:41:45 Job executing on host: <172.30.1.203:9618?addrs=172.30.1.203-9618&alias=node3&noUDP&sock=startd_3597_d240>
...
001 (126801.007.000) 2022-03-30 13:41:45 Job executing on host: <172.30.1.203:9618?addrs=172.30.1.203-9618&alias=node3&noUDP&sock=startd_3597_d240>
...
001 (126801.008.000) 2022-03-30 13:41:45 Job executing on host: <172.30.1.203:9618?addrs=172.30.1.203-9618&alias=node3&noUDP&sock=startd_3597_d240>
...
001 (126801.009.000) 2022-03-30 13:41:45 Job executing on host: <172.30.1.203:9618?addrs=172.30.1.203-9618&alias=node3&noUDP&sock=startd_3597_d240>
...
001 (126801.010.000) 2022-03-30 13:41:45 Job executing on host: <172.30.1.203:9618?addrs=172.30.1.203-9618&alias=node3&noUDP&sock=startd_3597_d240>
...
001 (126801.012.000) 2022-03-30 13:41:45 Job executing on host: <172.30.1.203:9618?addrs=172.30.1.203-9618&alias=node3&noUDP&sock=startd_3597_d240>
...
001 (126801.011.000) 2022-03-30 13:41:45 Job executing on host: <172.30.1.203:9618?addrs=172.30.1.203-9618&alias=node3&noUDP&sock=startd_3597_d240>
...
001 (126801.013.000) 2022-03-30 13:41:45 Job executing on host: <172.30.1.203:9618?addrs=172.30.1.203-9618&alias=node3&noUDP&sock=startd_3597_d240>
...
001 (126801.014.000) 2022-03-30 13:41:46 Job executing on host: <172.30.1.203:9618?addrs=172.30.1.203-9618&alias=node3&noUDP&sock=startd_3597_d240>
...
001 (126801.015.000) 2022-03-30 13:41:46 Job executing on host: <172.30.1.203:9618?addrs=172.30.1.203-9618&alias=node3&noUDP&sock=startd_3597_d240>
...
001 (126801.016.000) 2022-03-30 13:41:46 Job executing on host: <172.30.1.203:9618?addrs=172.30.1.203-9618&alias=node3&noUDP&sock=startd_3597_d240>
...
001 (126801.017.000) 2022-03-30 13:41:46 Job executing on host: <172.30.1.203:9618?addrs=172.30.1.203-9618&alias=node3&noUDP&sock=startd_3597_d240>
...
001 (126801.018.000) 2022-03-30 13:41:46 Job executing on host: <172.30.1.203:9618?addrs=172.30.1.203-9618&alias=node3&noUDP&sock=startd_3597_d240>
...
001 (126801.019.000) 2022-03-30 13:41:46 Job executing on host: <172.30.1.203:9618?addrs=172.30.1.203-9618&alias=node3&noUDP&sock=startd_3597_d240>
...
006 (126801.000.000) 2022-03-30 13:41:53 Image size of job updated: 272524
	152  -  MemoryUsage of job (MB)
	155528  -  ResidentSetSize of job (KB)
...
006 (126801.001.000) 2022-03-30 13:41:53 Image size of job updated: 272524
	159  -  MemoryUsage of job (MB)
	162228  -  ResidentSetSize of job (KB)
...
006 (126801.002.000) 2022-03-30 13:41:53 Image size of job updated: 551640
	152  -  MemoryUsage of job (MB)
	155340  -  ResidentSetSize of job (KB)
...
006 (126801.003.000) 2022-03-30 13:41:53 Image size of job updated: 601376
	178  -  MemoryUsage of job (MB)
	181932  -  ResidentSetSize of job (KB)
...
006 (126801.004.000) 2022-03-30 13:41:53 Image size of job updated: 551764
	152  -  MemoryUsage of job (MB)
	155444  -  ResidentSetSize of job (KB)
...
006 (126801.005.000) 2022-03-30 13:41:53 Image size of job updated: 551640
	152  -  MemoryUsage of job (MB)
	155396  -  ResidentSetSize of job (KB)
...
006 (126801.006.000) 2022-03-30 13:41:53 Image size of job updated: 598116
	176  -  MemoryUsage of job (MB)
	179848  -  ResidentSetSize of job (KB)
...
006 (126801.013.000) 2022-03-30 13:41:54 Image size of job updated: 551768
	152  -  MemoryUsage of job (MB)
	155520  -  ResidentSetSize of job (KB)
...
006 (126801.014.000) 2022-03-30 13:41:54 Image size of job updated: 551768
	152  -  MemoryUsage of job (MB)
	155444  -  ResidentSetSize of job (KB)
...
006 (126801.015.000) 2022-03-30 13:41:54 Image size of job updated: 601388
	177  -  MemoryUsage of job (MB)
	181120  -  ResidentSetSize of job (KB)
...
006 (126801.016.000) 2022-03-30 13:41:54 Image size of job updated: 551904
	152  -  MemoryUsage of job (MB)
	155600  -  ResidentSetSize of job (KB)
...
006 (126801.017.000) 2022-03-30 13:41:54 Image size of job updated: 552016
	153  -  MemoryUsage of job (MB)
	155672  -  ResidentSetSize of job (KB)
...
005 (126801.015.000) 2022-03-30 13:41:54 Job terminated.
	(1) Normal termination (return value 0)
		Usr 0 00:00:04, Sys 0 00:00:01  -  Run Remote Usage
		Usr 0 00:00:00, Sys 0 00:00:00  -  Run Local Usage
		Usr 0 00:00:04, Sys 0 00:00:01  -  Total Remote Usage
		Usr 0 00:00:00, Sys 0 00:00:00  -  Total Local Usage
	0  -  Run Bytes Sent By Job
	0  -  Run Bytes Received By Job
	0  -  Total Bytes Sent By Job
	0  -  Total Bytes Received By Job
	Partitionable Resources :    Usage  Request Allocated 
	   Cpus                 :                 1         1 
	   Disk (KB)            :        1        1    129249 
	   Memory (MB)          :      177     3900      3968 

	Job terminated of its own accord at 2022-03-30T04:41:54Z.
...
006 (126801.018.000) 2022-03-30 13:41:54 Image size of job updated: 551904
	153  -  MemoryUsage of job (MB)
	155668  -  ResidentSetSize of job (KB)
...
006 (126801.007.000) 2022-03-30 13:41:54 Image size of job updated: 552036
	153  -  MemoryUsage of job (MB)
	155916  -  ResidentSetSize of job (KB)
...
006 (126801.012.000) 2022-03-30 13:41:54 Image size of job updated: 601444
	0  -  MemoryUsage of job (MB)
	0  -  ResidentSetSize of job (KB)
...
005 (126801.012.000) 2022-03-30 13:41:54 Job terminated.
	(1) Normal termination (return value 0)
		Usr 0 00:00:04, Sys 0 00:00:01  -  Run Remote Usage
		Usr 0 00:00:00, Sys 0 00:00:00  -  Run Local Usage
		Usr 0 00:00:04, Sys 0 00:00:01  -  Total Remote Usage
		Usr 0 00:00:00, Sys 0 00:00:00  -  Total Local Usage
	0  -  Run Bytes Sent By Job
	0  -  Run Bytes Received By Job
	0  -  Total Bytes Sent By Job
	0  -  Total Bytes Received By Job
	Partitionable Resources :    Usage  Request Allocated 
	   Cpus                 :                 1         1 
	   Disk (KB)            :        1        1    129249 
	   Memory (MB)          :        0     3900      3968 

	Job terminated of its own accord at 2022-03-30T04:41:54Z.
...
006 (126801.008.000) 2022-03-30 13:41:54 Image size of job updated: 552144
	153  -  MemoryUsage of job (MB)
	155920  -  ResidentSetSize of job (KB)
...
006 (126801.009.000) 2022-03-30 13:41:54 Image size of job updated: 603232
	0  -  MemoryUsage of job (MB)
	0  -  ResidentSetSize of job (KB)
...
005 (126801.009.000) 2022-03-30 13:41:54 Job terminated.
	(1) Normal termination (return value 0)
		Usr 0 00:00:05, Sys 0 00:00:01  -  Run Remote Usage
		Usr 0 00:00:00, Sys 0 00:00:00  -  Run Local Usage
		Usr 0 00:00:05, Sys 0 00:00:01  -  Total Remote Usage
		Usr 0 00:00:00, Sys 0 00:00:00  -  Total Local Usage
	0  -  Run Bytes Sent By Job
	0  -  Run Bytes Received By Job
	0  -  Total Bytes Sent By Job
	0  -  Total Bytes Received By Job
	Partitionable Resources :    Usage  Request Allocated 
	   Cpus                 :                 1         1 
	   Disk (KB)            :        1        1    129249 
	   Memory (MB)          :        0     3900      3968 

	Job terminated of its own accord at 2022-03-30T04:41:54Z.
...
006 (126801.010.000) 2022-03-30 13:41:54 Image size of job updated: 551896
	152  -  MemoryUsage of job (MB)
	155648  -  ResidentSetSize of job (KB)
...
006 (126801.011.000) 2022-03-30 13:41:54 Image size of job updated: 552008
	153  -  MemoryUsage of job (MB)
	155780  -  ResidentSetSize of job (KB)
...
006 (126801.019.000) 2022-03-30 13:41:55 Image size of job updated: 600700
	0  -  MemoryUsage of job (MB)
	0  -  ResidentSetSize of job (KB)
...
005 (126801.019.000) 2022-03-30 13:41:55 Job terminated.
	(1) Normal termination (return value 0)
		Usr 0 00:00:05, Sys 0 00:00:01  -  Run Remote Usage
		Usr 0 00:00:00, Sys 0 00:00:00  -  Run Local Usage
		Usr 0 00:00:05, Sys 0 00:00:01  -  Total Remote Usage
		Usr 0 00:00:00, Sys 0 00:00:00  -  Total Local Usage
	0  -  Run Bytes Sent By Job
	0  -  Run Bytes Received By Job
	0  -  Total Bytes Sent By Job
	0  -  Total Bytes Received By Job
	Partitionable Resources :    Usage  Request Allocated 
	   Cpus                 :                 1         1 
	   Disk (KB)            :        1        1    129249 
	   Memory (MB)          :        0     3900      3968 

	Job terminated of its own accord at 2022-03-30T04:41:55Z.
...
006 (126801.017.000) 2022-03-30 13:41:55 Image size of job updated: 600788
	153  -  MemoryUsage of job (MB)
	155672  -  ResidentSetSize of job (KB)
...
005 (126801.017.000) 2022-03-30 13:41:55 Job terminated.
	(1) Normal termination (return value 0)
		Usr 0 00:00:05, Sys 0 00:00:01  -  Run Remote Usage
		Usr 0 00:00:00, Sys 0 00:00:00  -  Run Local Usage
		Usr 0 00:00:05, Sys 0 00:00:01  -  Total Remote Usage
		Usr 0 00:00:00, Sys 0 00:00:00  -  Total Local Usage
	0  -  Run Bytes Sent By Job
	0  -  Run Bytes Received By Job
	0  -  Total Bytes Sent By Job
	0  -  Total Bytes Received By Job
	Partitionable Resources :    Usage  Request Allocated 
	   Cpus                 :                 1         1 
	   Disk (KB)            :        1        1    129249 
	   Memory (MB)          :      153     3900      3968 

	Job terminated of its own accord at 2022-03-30T04:41:55Z.
...
006 (126801.018.000) 2022-03-30 13:41:55 Image size of job updated: 584676
	153  -  MemoryUsage of job (MB)
	155668  -  ResidentSetSize of job (KB)
...
005 (126801.018.000) 2022-03-30 13:41:55 Job terminated.
	(1) Normal termination (return value 0)
		Usr 0 00:00:06, Sys 0 00:00:01  -  Run Remote Usage
		Usr 0 00:00:00, Sys 0 00:00:00  -  Run Local Usage
		Usr 0 00:00:06, Sys 0 00:00:01  -  Total Remote Usage
		Usr 0 00:00:00, Sys 0 00:00:00  -  Total Local Usage
	0  -  Run Bytes Sent By Job
	0  -  Run Bytes Received By Job
	0  -  Total Bytes Sent By Job
	0  -  Total Bytes Received By Job
	Partitionable Resources :    Usage  Request Allocated 
	   Cpus                 :                 1         1 
	   Disk (KB)            :        1        1    129249 
	   Memory (MB)          :      153     3900      3968 

	Job terminated of its own accord at 2022-03-30T04:41:55Z.
...
006 (126801.013.000) 2022-03-30 13:41:55 Image size of job updated: 601744
	152  -  MemoryUsage of job (MB)
	155520  -  ResidentSetSize of job (KB)
...
005 (126801.013.000) 2022-03-30 13:41:55 Job terminated.
	(1) Normal termination (return value 0)
		Usr 0 00:00:06, Sys 0 00:00:01  -  Run Remote Usage
		Usr 0 00:00:00, Sys 0 00:00:00  -  Run Local Usage
		Usr 0 00:00:06, Sys 0 00:00:01  -  Total Remote Usage
		Usr 0 00:00:00, Sys 0 00:00:00  -  Total Local Usage
	0  -  Run Bytes Sent By Job
	0  -  Run Bytes Received By Job
	0  -  Total Bytes Sent By Job
	0  -  Total Bytes Received By Job
	Partitionable Resources :    Usage  Request Allocated 
	   Cpus                 :                 1         1 
	   Disk (KB)            :        1        1    129249 
	   Memory (MB)          :      152     3900      3968 

	Job terminated of its own accord at 2022-03-30T04:41:55Z.
...
006 (126801.005.000) 2022-03-30 13:41:56 Image size of job updated: 603332
	152  -  MemoryUsage of job (MB)
	155400  -  ResidentSetSize of job (KB)
...
005 (126801.005.000) 2022-03-30 13:41:56 Job terminated.
	(1) Normal termination (return value 0)
		Usr 0 00:00:06, Sys 0 00:00:01  -  Run Remote Usage
		Usr 0 00:00:00, Sys 0 00:00:00  -  Run Local Usage
		Usr 0 00:00:06, Sys 0 00:00:01  -  Total Remote Usage
		Usr 0 00:00:00, Sys 0 00:00:00  -  Total Local Usage
	0  -  Run Bytes Sent By Job
	0  -  Run Bytes Received By Job
	0  -  Total Bytes Sent By Job
	0  -  Total Bytes Received By Job
	Partitionable Resources :    Usage  Request Allocated 
	   Cpus                 :                 1         1 
	   Disk (KB)            :        1        1    129249 
	   Memory (MB)          :      152     3900      3968 

	Job terminated of its own accord at 2022-03-30T04:41:56Z.
...
006 (126801.004.000) 2022-03-30 13:41:56 Image size of job updated: 603616
	152  -  MemoryUsage of job (MB)
	155464  -  ResidentSetSize of job (KB)
...
005 (126801.004.000) 2022-03-30 13:41:56 Job terminated.
	(1) Normal termination (return value 0)
		Usr 0 00:00:06, Sys 0 00:00:01  -  Run Remote Usage
		Usr 0 00:00:00, Sys 0 00:00:00  -  Run Local Usage
		Usr 0 00:00:06, Sys 0 00:00:01  -  Total Remote Usage
		Usr 0 00:00:00, Sys 0 00:00:00  -  Total Local Usage
	0  -  Run Bytes Sent By Job
	0  -  Run Bytes Received By Job
	0  -  Total Bytes Sent By Job
	0  -  Total Bytes Received By Job
	Partitionable Resources :    Usage  Request Allocated 
	   Cpus                 :                 1         1 
	   Disk (KB)            :        1        1    129249 
	   Memory (MB)          :      152     3900      3968 

	Job terminated of its own accord at 2022-03-30T04:41:56Z.
...
006 (126801.016.000) 2022-03-30 13:41:56 Image size of job updated: 601796
	152  -  MemoryUsage of job (MB)
	155600  -  ResidentSetSize of job (KB)
...
005 (126801.016.000) 2022-03-30 13:41:56 Job terminated.
	(1) Normal termination (return value 0)
		Usr 0 00:00:06, Sys 0 00:00:01  -  Run Remote Usage
		Usr 0 00:00:00, Sys 0 00:00:00  -  Run Local Usage
		Usr 0 00:00:06, Sys 0 00:00:01  -  Total Remote Usage
		Usr 0 00:00:00, Sys 0 00:00:00  -  Total Local Usage
	0  -  Run Bytes Sent By Job
	0  -  Run Bytes Received By Job
	0  -  Total Bytes Sent By Job
	0  -  Total Bytes Received By Job
	Partitionable Resources :    Usage  Request Allocated 
	   Cpus                 :                 1         1 
	   Disk (KB)            :        1        1    129249 
	   Memory (MB)          :      152     3900      3968 

	Job terminated of its own accord at 2022-03-30T04:41:56Z.
...
006 (126801.007.000) 2022-03-30 13:41:56 Image size of job updated: 603664
	153  -  MemoryUsage of job (MB)
	155916  -  ResidentSetSize of job (KB)
...
006 (126801.003.000) 2022-03-30 13:41:56 Image size of job updated: 603200
	178  -  MemoryUsage of job (MB)
	181932  -  ResidentSetSize of job (KB)
...
005 (126801.007.000) 2022-03-30 13:41:56 Job terminated.
	(1) Normal termination (return value 0)
		Usr 0 00:00:06, Sys 0 00:00:01  -  Run Remote Usage
		Usr 0 00:00:00, Sys 0 00:00:00  -  Run Local Usage
		Usr 0 00:00:06, Sys 0 00:00:01  -  Total Remote Usage
		Usr 0 00:00:00, Sys 0 00:00:00  -  Total Local Usage
	0  -  Run Bytes Sent By Job
	0  -  Run Bytes Received By Job
	0  -  Total Bytes Sent By Job
	0  -  Total Bytes Received By Job
	Partitionable Resources :    Usage  Request Allocated 
	   Cpus                 :                 1         1 
	   Disk (KB)            :        1        1    129249 
	   Memory (MB)          :      153     3900      3968 

	Job terminated of its own accord at 2022-03-30T04:41:56Z.
...
006 (126801.010.000) 2022-03-30 13:41:56 Image size of job updated: 599676
	152  -  MemoryUsage of job (MB)
	155648  -  ResidentSetSize of job (KB)
...
005 (126801.003.000) 2022-03-30 13:41:56 Job terminated.
	(1) Normal termination (return value 0)
		Usr 0 00:00:06, Sys 0 00:00:01  -  Run Remote Usage
		Usr 0 00:00:00, Sys 0 00:00:00  -  Run Local Usage
		Usr 0 00:00:06, Sys 0 00:00:01  -  Total Remote Usage
		Usr 0 00:00:00, Sys 0 00:00:00  -  Total Local Usage
	0  -  Run Bytes Sent By Job
	0  -  Run Bytes Received By Job
	0  -  Total Bytes Sent By Job
	0  -  Total Bytes Received By Job
	Partitionable Resources :    Usage  Request Allocated 
	   Cpus                 :                 1         1 
	   Disk (KB)            :        1        1    129249 
	   Memory (MB)          :      178     3900      3968 

	Job terminated of its own accord at 2022-03-30T04:41:56Z.
...
005 (126801.010.000) 2022-03-30 13:41:56 Job terminated.
	(1) Normal termination (return value 0)
		Usr 0 00:00:06, Sys 0 00:00:01  -  Run Remote Usage
		Usr 0 00:00:00, Sys 0 00:00:00  -  Run Local Usage
		Usr 0 00:00:06, Sys 0 00:00:01  -  Total Remote Usage
		Usr 0 00:00:00, Sys 0 00:00:00  -  Total Local Usage
	0  -  Run Bytes Sent By Job
	0  -  Run Bytes Received By Job
	0  -  Total Bytes Sent By Job
	0  -  Total Bytes Received By Job
	Partitionable Resources :    Usage  Request Allocated 
	   Cpus                 :                 1         1 
	   Disk (KB)            :        1        1    129249 
	   Memory (MB)          :      152     3900      3968 

	Job terminated of its own accord at 2022-03-30T04:41:56Z.
...
006 (126801.014.000) 2022-03-30 13:41:56 Image size of job updated: 601748
	152  -  MemoryUsage of job (MB)
	155444  -  ResidentSetSize of job (KB)
...
005 (126801.014.000) 2022-03-30 13:41:56 Job terminated.
	(1) Normal termination (return value 0)
		Usr 0 00:00:07, Sys 0 00:00:01  -  Run Remote Usage
		Usr 0 00:00:00, Sys 0 00:00:00  -  Run Local Usage
		Usr 0 00:00:07, Sys 0 00:00:01  -  Total Remote Usage
		Usr 0 00:00:00, Sys 0 00:00:00  -  Total Local Usage
	0  -  Run Bytes Sent By Job
	0  -  Run Bytes Received By Job
	0  -  Total Bytes Sent By Job
	0  -  Total Bytes Received By Job
	Partitionable Resources :    Usage  Request Allocated 
	   Cpus                 :                 1         1 
	   Disk (KB)            :        1        1    129249 
	   Memory (MB)          :      152     3900      3968 

	Job terminated of its own accord at 2022-03-30T04:41:56Z.
...
006 (126801.006.000) 2022-03-30 13:41:56 Image size of job updated: 601396
	178  -  MemoryUsage of job (MB)
	181804  -  ResidentSetSize of job (KB)
...
005 (126801.006.000) 2022-03-30 13:41:56 Job terminated.
	(1) Normal termination (return value 0)
		Usr 0 00:00:07, Sys 0 00:00:01  -  Run Remote Usage
		Usr 0 00:00:00, Sys 0 00:00:00  -  Run Local Usage
		Usr 0 00:00:07, Sys 0 00:00:01  -  Total Remote Usage
		Usr 0 00:00:00, Sys 0 00:00:00  -  Total Local Usage
	0  -  Run Bytes Sent By Job
	0  -  Run Bytes Received By Job
	0  -  Total Bytes Sent By Job
	0  -  Total Bytes Received By Job
	Partitionable Resources :    Usage  Request Allocated 
	   Cpus                 :                 1         1 
	   Disk (KB)            :        1        1    129249 
	   Memory (MB)          :      178     3900      3968 

	Job terminated of its own accord at 2022-03-30T04:41:56Z.
...
006 (126801.001.000) 2022-03-30 13:41:57 Image size of job updated: 603248
	159  -  MemoryUsage of job (MB)
	162232  -  ResidentSetSize of job (KB)
...
006 (126801.002.000) 2022-03-30 13:41:57 Image size of job updated: 603616
	152  -  MemoryUsage of job (MB)
	155340  -  ResidentSetSize of job (KB)
...
005 (126801.001.000) 2022-03-30 13:41:57 Job terminated.
	(1) Normal termination (return value 0)
		Usr 0 00:00:07, Sys 0 00:00:01  -  Run Remote Usage
		Usr 0 00:00:00, Sys 0 00:00:00  -  Run Local Usage
		Usr 0 00:00:07, Sys 0 00:00:01  -  Total Remote Usage
		Usr 0 00:00:00, Sys 0 00:00:00  -  Total Local Usage
	0  -  Run Bytes Sent By Job
	0  -  Run Bytes Received By Job
	0  -  Total Bytes Sent By Job
	0  -  Total Bytes Received By Job
	Partitionable Resources :    Usage  Request Allocated 
	   Cpus                 :                 1         1 
	   Disk (KB)            :        1        1    129249 
	   Memory (MB)          :      159     3900      3968 

	Job terminated of its own accord at 2022-03-30T04:41:57Z.
...
005 (126801.002.000) 2022-03-30 13:41:57 Job terminated.
	(1) Normal termination (return value 0)
		Usr 0 00:00:07, Sys 0 00:00:01  -  Run Remote Usage
		Usr 0 00:00:00, Sys 0 00:00:00  -  Run Local Usage
		Usr 0 00:00:07, Sys 0 00:00:01  -  Total Remote Usage
		Usr 0 00:00:00, Sys 0 00:00:00  -  Total Local Usage
	0  -  Run Bytes Sent By Job
	0  -  Run Bytes Received By Job
	0  -  Total Bytes Sent By Job
	0  -  Total Bytes Received By Job
	Partitionable Resources :    Usage  Request Allocated 
	   Cpus                 :                 1         1 
	   Disk (KB)            :        1        1    129249 
	   Memory (MB)          :      152     3900      3968 

	Job terminated of its own accord at 2022-03-30T04:41:57Z.
...
006 (126801.011.000) 2022-03-30 13:41:57 Image size of job updated: 579036
	153  -  MemoryUsage of job (MB)
	155780  -  ResidentSetSize of job (KB)
...
005 (126801.011.000) 2022-03-30 13:41:57 Job terminated.
	(1) Normal termination (return value 0)
		Usr 0 00:00:08, Sys 0 00:00:01  -  Run Remote Usage
		Usr 0 00:00:00, Sys 0 00:00:00  -  Run Local Usage
		Usr 0 00:00:08, Sys 0 00:00:01  -  Total Remote Usage
		Usr 0 00:00:00, Sys 0 00:00:00  -  Total Local Usage
	0  -  Run Bytes Sent By Job
	0  -  Run Bytes Received By Job
	0  -  Total Bytes Sent By Job
	0  -  Total Bytes Received By Job
	Partitionable Resources :    Usage  Request Allocated 
	   Cpus                 :                 1         1 
	   Disk (KB)            :        1        1    129249 
	   Memory (MB)          :      153     3900      3968 

	Job terminated of its own accord at 2022-03-30T04:41:57Z.
...
006 (126801.000.000) 2022-03-30 13:41:58 Image size of job updated: 601808
	152  -  MemoryUsage of job (MB)
	155528  -  ResidentSetSize of job (KB)
...
005 (126801.000.000) 2022-03-30 13:41:59 Job terminated.
	(1) Normal termination (return value 0)
		Usr 0 00:00:09, Sys 0 00:00:01  -  Run Remote Usage
		Usr 0 00:00:00, Sys 0 00:00:00  -  Run Local Usage
		Usr 0 00:00:09, Sys 0 00:00:01  -  Total Remote Usage
		Usr 0 00:00:00, Sys 0 00:00:00  -  Total Local Usage
	0  -  Run Bytes Sent By Job
	0  -  Run Bytes Received By Job
	0  -  Total Bytes Sent By Job
	0  -  Total Bytes Received By Job
	Partitionable Resources :    Usage  Request Allocated 
	   Cpus                 :                 1         1 
	   Disk (KB)            :        1        1    129249 
	   Memory (MB)          :      152     3900      3968 

	Job terminated of its own accord at 2022-03-30T04:41:58Z.
...
006 (126801.008.000) 2022-03-30 13:42:00 Image size of job updated: 602932
	153  -  MemoryUsage of job (MB)
	155920  -  ResidentSetSize of job (KB)
...
005 (126801.008.000) 2022-03-30 13:42:00 Job terminated.
	(1) Normal termination (return value 0)
		Usr 0 00:00:10, Sys 0 00:00:01  -  Run Remote Usage
		Usr 0 00:00:00, Sys 0 00:00:00  -  Run Local Usage
		Usr 0 00:00:10, Sys 0 00:00:01  -  Total Remote Usage
		Usr 0 00:00:00, Sys 0 00:00:00  -  Total Local Usage
	0  -  Run Bytes Sent By Job
	0  -  Run Bytes Received By Job
	0  -  Total Bytes Sent By Job
	0  -  Total Bytes Received By Job
	Partitionable Resources :    Usage  Request Allocated 
	   Cpus                 :                 1         1 
	   Disk (KB)            :        1        1    129249 
	   Memory (MB)          :      153     3900      3968 

	Job terminated of its own accord at 2022-03-30T04:42:00Z.
...
000 (127775.000.000) 2022-03-31 13:57:41 Job submitted from host: <172.30.1.200:9618?addrs=172.30.1.200-9618&alias=tamsa2.snu.ac.kr&noUDP&sock=schedd_3154_f5cb>
...
000 (127775.001.000) 2022-03-31 13:57:41 Job submitted from host: <172.30.1.200:9618?addrs=172.30.1.200-9618&alias=tamsa2.snu.ac.kr&noUDP&sock=schedd_3154_f5cb>
...
000 (127775.002.000) 2022-03-31 13:57:41 Job submitted from host: <172.30.1.200:9618?addrs=172.30.1.200-9618&alias=tamsa2.snu.ac.kr&noUDP&sock=schedd_3154_f5cb>
...
000 (127775.003.000) 2022-03-31 13:57:41 Job submitted from host: <172.30.1.200:9618?addrs=172.30.1.200-9618&alias=tamsa2.snu.ac.kr&noUDP&sock=schedd_3154_f5cb>
...
000 (127775.004.000) 2022-03-31 13:57:41 Job submitted from host: <172.30.1.200:9618?addrs=172.30.1.200-9618&alias=tamsa2.snu.ac.kr&noUDP&sock=schedd_3154_f5cb>
...
000 (127775.005.000) 2022-03-31 13:57:41 Job submitted from host: <172.30.1.200:9618?addrs=172.30.1.200-9618&alias=tamsa2.snu.ac.kr&noUDP&sock=schedd_3154_f5cb>
...
000 (127775.006.000) 2022-03-31 13:57:41 Job submitted from host: <172.30.1.200:9618?addrs=172.30.1.200-9618&alias=tamsa2.snu.ac.kr&noUDP&sock=schedd_3154_f5cb>
...
000 (127775.007.000) 2022-03-31 13:57:41 Job submitted from host: <172.30.1.200:9618?addrs=172.30.1.200-9618&alias=tamsa2.snu.ac.kr&noUDP&sock=schedd_3154_f5cb>
...
000 (127775.008.000) 2022-03-31 13:57:41 Job submitted from host: <172.30.1.200:9618?addrs=172.30.1.200-9618&alias=tamsa2.snu.ac.kr&noUDP&sock=schedd_3154_f5cb>
...
000 (127775.009.000) 2022-03-31 13:57:41 Job submitted from host: <172.30.1.200:9618?addrs=172.30.1.200-9618&alias=tamsa2.snu.ac.kr&noUDP&sock=schedd_3154_f5cb>
...
000 (127775.010.000) 2022-03-31 13:57:41 Job submitted from host: <172.30.1.200:9618?addrs=172.30.1.200-9618&alias=tamsa2.snu.ac.kr&noUDP&sock=schedd_3154_f5cb>
...
000 (127775.011.000) 2022-03-31 13:57:41 Job submitted from host: <172.30.1.200:9618?addrs=172.30.1.200-9618&alias=tamsa2.snu.ac.kr&noUDP&sock=schedd_3154_f5cb>
...
000 (127775.012.000) 2022-03-31 13:57:41 Job submitted from host: <172.30.1.200:9618?addrs=172.30.1.200-9618&alias=tamsa2.snu.ac.kr&noUDP&sock=schedd_3154_f5cb>
...
000 (127775.013.000) 2022-03-31 13:57:41 Job submitted from host: <172.30.1.200:9618?addrs=172.30.1.200-9618&alias=tamsa2.snu.ac.kr&noUDP&sock=schedd_3154_f5cb>
...
000 (127775.014.000) 2022-03-31 13:57:41 Job submitted from host: <172.30.1.200:9618?addrs=172.30.1.200-9618&alias=tamsa2.snu.ac.kr&noUDP&sock=schedd_3154_f5cb>
...
000 (127775.015.000) 2022-03-31 13:57:41 Job submitted from host: <172.30.1.200:9618?addrs=172.30.1.200-9618&alias=tamsa2.snu.ac.kr&noUDP&sock=schedd_3154_f5cb>
...
000 (127775.016.000) 2022-03-31 13:57:41 Job submitted from host: <172.30.1.200:9618?addrs=172.30.1.200-9618&alias=tamsa2.snu.ac.kr&noUDP&sock=schedd_3154_f5cb>
...
000 (127775.017.000) 2022-03-31 13:57:41 Job submitted from host: <172.30.1.200:9618?addrs=172.30.1.200-9618&alias=tamsa2.snu.ac.kr&noUDP&sock=schedd_3154_f5cb>
...
000 (127775.018.000) 2022-03-31 13:57:41 Job submitted from host: <172.30.1.200:9618?addrs=172.30.1.200-9618&alias=tamsa2.snu.ac.kr&noUDP&sock=schedd_3154_f5cb>
...
000 (127775.019.000) 2022-03-31 13:57:41 Job submitted from host: <172.30.1.200:9618?addrs=172.30.1.200-9618&alias=tamsa2.snu.ac.kr&noUDP&sock=schedd_3154_f5cb>
...
001 (127775.000.000) 2022-03-31 13:57:51 Job executing on host: <172.30.1.203:9618?addrs=172.30.1.203-9618&alias=node3&noUDP&sock=startd_3597_d240>
...
001 (127775.001.000) 2022-03-31 13:57:51 Job executing on host: <172.30.1.203:9618?addrs=172.30.1.203-9618&alias=node3&noUDP&sock=startd_3597_d240>
...
001 (127775.002.000) 2022-03-31 13:57:51 Job executing on host: <172.30.1.203:9618?addrs=172.30.1.203-9618&alias=node3&noUDP&sock=startd_3597_d240>
...
001 (127775.003.000) 2022-03-31 13:57:51 Job executing on host: <172.30.1.203:9618?addrs=172.30.1.203-9618&alias=node3&noUDP&sock=startd_3597_d240>
...
001 (127775.004.000) 2022-03-31 13:57:51 Job executing on host: <172.30.1.203:9618?addrs=172.30.1.203-9618&alias=node3&noUDP&sock=startd_3597_d240>
...
001 (127775.005.000) 2022-03-31 13:57:52 Job executing on host: <172.30.1.203:9618?addrs=172.30.1.203-9618&alias=node3&noUDP&sock=startd_3597_d240>
...
001 (127775.006.000) 2022-03-31 13:57:52 Job executing on host: <172.30.1.203:9618?addrs=172.30.1.203-9618&alias=node3&noUDP&sock=startd_3597_d240>
...
001 (127775.007.000) 2022-03-31 13:57:52 Job executing on host: <172.30.1.203:9618?addrs=172.30.1.203-9618&alias=node3&noUDP&sock=startd_3597_d240>
...
001 (127775.008.000) 2022-03-31 13:57:52 Job executing on host: <172.30.1.203:9618?addrs=172.30.1.203-9618&alias=node3&noUDP&sock=startd_3597_d240>
...
001 (127775.009.000) 2022-03-31 13:57:52 Job executing on host: <172.30.1.203:9618?addrs=172.30.1.203-9618&alias=node3&noUDP&sock=startd_3597_d240>
...
001 (127775.010.000) 2022-03-31 13:57:52 Job executing on host: <172.30.1.203:9618?addrs=172.30.1.203-9618&alias=node3&noUDP&sock=startd_3597_d240>
...
001 (127775.011.000) 2022-03-31 13:57:52 Job executing on host: <172.30.1.203:9618?addrs=172.30.1.203-9618&alias=node3&noUDP&sock=startd_3597_d240>
...
001 (127775.012.000) 2022-03-31 13:57:52 Job executing on host: <172.30.1.203:9618?addrs=172.30.1.203-9618&alias=node3&noUDP&sock=startd_3597_d240>
...
001 (127775.014.000) 2022-03-31 13:57:52 Job executing on host: <172.30.1.203:9618?addrs=172.30.1.203-9618&alias=node3&noUDP&sock=startd_3597_d240>
...
001 (127775.013.000) 2022-03-31 13:57:52 Job executing on host: <172.30.1.203:9618?addrs=172.30.1.203-9618&alias=node3&noUDP&sock=startd_3597_d240>
...
001 (127775.016.000) 2022-03-31 13:57:52 Job executing on host: <172.30.1.203:9618?addrs=172.30.1.203-9618&alias=node3&noUDP&sock=startd_3597_d240>
...
001 (127775.018.000) 2022-03-31 13:57:53 Job executing on host: <172.30.1.203:9618?addrs=172.30.1.203-9618&alias=node3&noUDP&sock=startd_3597_d240>
...
001 (127775.017.000) 2022-03-31 13:57:53 Job executing on host: <172.30.1.203:9618?addrs=172.30.1.203-9618&alias=node3&noUDP&sock=startd_3597_d240>
...
001 (127775.019.000) 2022-03-31 13:57:53 Job executing on host: <172.30.1.203:9618?addrs=172.30.1.203-9618&alias=node3&noUDP&sock=startd_3597_d240>
...
001 (127775.015.000) 2022-03-31 13:57:53 Job executing on host: <172.30.1.203:9618?addrs=172.30.1.203-9618&alias=node3&noUDP&sock=startd_3597_d240>
...
006 (127775.003.000) 2022-03-31 13:58:00 Image size of job updated: 226448
	166  -  MemoryUsage of job (MB)
	169728  -  ResidentSetSize of job (KB)
...
006 (127775.004.000) 2022-03-31 13:58:00 Image size of job updated: 226448
	167  -  MemoryUsage of job (MB)
	170816  -  ResidentSetSize of job (KB)
...
006 (127775.005.000) 2022-03-31 13:58:00 Image size of job updated: 185840
	152  -  MemoryUsage of job (MB)
	155464  -  ResidentSetSize of job (KB)
...
006 (127775.006.000) 2022-03-31 13:58:00 Image size of job updated: 185840
	155  -  MemoryUsage of job (MB)
	158076  -  ResidentSetSize of job (KB)
...
006 (127775.008.000) 2022-03-31 13:58:00 Image size of job updated: 552028
	152  -  MemoryUsage of job (MB)
	155532  -  ResidentSetSize of job (KB)
...
006 (127775.007.000) 2022-03-31 13:58:00 Image size of job updated: 582172
	173  -  MemoryUsage of job (MB)
	177116  -  ResidentSetSize of job (KB)
...
006 (127775.009.000) 2022-03-31 13:58:00 Image size of job updated: 552000
	152  -  MemoryUsage of job (MB)
	155520  -  ResidentSetSize of job (KB)
...
006 (127775.000.000) 2022-03-31 13:58:00 Image size of job updated: 565192
	166  -  MemoryUsage of job (MB)
	169184  -  ResidentSetSize of job (KB)
...
006 (127775.001.000) 2022-03-31 13:58:00 Image size of job updated: 601348
	178  -  MemoryUsage of job (MB)
	181928  -  ResidentSetSize of job (KB)
...
006 (127775.002.000) 2022-03-31 13:58:00 Image size of job updated: 581312
	173  -  MemoryUsage of job (MB)
	176720  -  ResidentSetSize of job (KB)
...
006 (127775.016.000) 2022-03-31 13:58:01 Image size of job updated: 552008
	152  -  MemoryUsage of job (MB)
	155548  -  ResidentSetSize of job (KB)
...
006 (127775.018.000) 2022-03-31 13:58:01 Image size of job updated: 552144
	153  -  MemoryUsage of job (MB)
	155696  -  ResidentSetSize of job (KB)
...
006 (127775.017.000) 2022-03-31 13:58:01 Image size of job updated: 552004
	152  -  MemoryUsage of job (MB)
	155532  -  ResidentSetSize of job (KB)
...
006 (127775.019.000) 2022-03-31 13:58:01 Image size of job updated: 577240
	169  -  MemoryUsage of job (MB)
	172896  -  ResidentSetSize of job (KB)
...
006 (127775.015.000) 2022-03-31 13:58:01 Image size of job updated: 577528
	171  -  MemoryUsage of job (MB)
	174808  -  ResidentSetSize of job (KB)
...
006 (127775.010.000) 2022-03-31 13:58:01 Image size of job updated: 552008
	152  -  MemoryUsage of job (MB)
	155604  -  ResidentSetSize of job (KB)
...
006 (127775.011.000) 2022-03-31 13:58:01 Image size of job updated: 552132
	153  -  MemoryUsage of job (MB)
	155652  -  ResidentSetSize of job (KB)
...
006 (127775.012.000) 2022-03-31 13:58:01 Image size of job updated: 552032
	152  -  MemoryUsage of job (MB)
	155608  -  ResidentSetSize of job (KB)
...
006 (127775.019.000) 2022-03-31 13:58:01 Image size of job updated: 601452
	169  -  MemoryUsage of job (MB)
	172920  -  ResidentSetSize of job (KB)
...
006 (127775.015.000) 2022-03-31 13:58:01 Image size of job updated: 601376
	172  -  MemoryUsage of job (MB)
	175368  -  ResidentSetSize of job (KB)
...
006 (127775.006.000) 2022-03-31 13:58:01 Image size of job updated: 603248
	155  -  MemoryUsage of job (MB)
	158196  -  ResidentSetSize of job (KB)
...
006 (127775.014.000) 2022-03-31 13:58:01 Image size of job updated: 552160
	152  -  MemoryUsage of job (MB)
	155644  -  ResidentSetSize of job (KB)
...
006 (127775.003.000) 2022-03-31 13:58:01 Image size of job updated: 603224
	167  -  MemoryUsage of job (MB)
	170156  -  ResidentSetSize of job (KB)
...
005 (127775.019.000) 2022-03-31 13:58:01 Job terminated.
	(1) Normal termination (return value 0)
		Usr 0 00:00:04, Sys 0 00:00:01  -  Run Remote Usage
		Usr 0 00:00:00, Sys 0 00:00:00  -  Run Local Usage
		Usr 0 00:00:04, Sys 0 00:00:01  -  Total Remote Usage
		Usr 0 00:00:00, Sys 0 00:00:00  -  Total Local Usage
	0  -  Run Bytes Sent By Job
	0  -  Run Bytes Received By Job
	0  -  Total Bytes Sent By Job
	0  -  Total Bytes Received By Job
	Partitionable Resources :    Usage  Request Allocated 
	   Cpus                 :                 1         1 
	   Disk (KB)            :        1        1    129249 
	   Memory (MB)          :      169     3900      3968 

	Job terminated of its own accord at 2022-03-31T04:58:01Z.
...
005 (127775.015.000) 2022-03-31 13:58:01 Job terminated.
	(1) Normal termination (return value 0)
		Usr 0 00:00:04, Sys 0 00:00:02  -  Run Remote Usage
		Usr 0 00:00:00, Sys 0 00:00:00  -  Run Local Usage
		Usr 0 00:00:04, Sys 0 00:00:02  -  Total Remote Usage
		Usr 0 00:00:00, Sys 0 00:00:00  -  Total Local Usage
	0  -  Run Bytes Sent By Job
	0  -  Run Bytes Received By Job
	0  -  Total Bytes Sent By Job
	0  -  Total Bytes Received By Job
	Partitionable Resources :    Usage  Request Allocated 
	   Cpus                 :                 1         1 
	   Disk (KB)            :        1        1    129249 
	   Memory (MB)          :      172     3900      3968 

	Job terminated of its own accord at 2022-03-31T04:58:01Z.
...
005 (127775.006.000) 2022-03-31 13:58:01 Job terminated.
	(1) Normal termination (return value 0)
		Usr 0 00:00:05, Sys 0 00:00:01  -  Run Remote Usage
		Usr 0 00:00:00, Sys 0 00:00:00  -  Run Local Usage
		Usr 0 00:00:05, Sys 0 00:00:01  -  Total Remote Usage
		Usr 0 00:00:00, Sys 0 00:00:00  -  Total Local Usage
	0  -  Run Bytes Sent By Job
	0  -  Run Bytes Received By Job
	0  -  Total Bytes Sent By Job
	0  -  Total Bytes Received By Job
	Partitionable Resources :    Usage  Request Allocated 
	   Cpus                 :                 1         1 
	   Disk (KB)            :        1        1    129249 
	   Memory (MB)          :      155     3900      3968 

	Job terminated of its own accord at 2022-03-31T04:58:01Z.
...
006 (127775.013.000) 2022-03-31 13:58:01 Image size of job updated: 554504
	155  -  MemoryUsage of job (MB)
	157996  -  ResidentSetSize of job (KB)
...
006 (127775.007.000) 2022-03-31 13:58:01 Image size of job updated: 603260
	173  -  MemoryUsage of job (MB)
	177116  -  ResidentSetSize of job (KB)
...
005 (127775.003.000) 2022-03-31 13:58:02 Job terminated.
	(1) Normal termination (return value 0)
		Usr 0 00:00:05, Sys 0 00:00:01  -  Run Remote Usage
		Usr 0 00:00:00, Sys 0 00:00:00  -  Run Local Usage
		Usr 0 00:00:05, Sys 0 00:00:01  -  Total Remote Usage
		Usr 0 00:00:00, Sys 0 00:00:00  -  Total Local Usage
	0  -  Run Bytes Sent By Job
	0  -  Run Bytes Received By Job
	0  -  Total Bytes Sent By Job
	0  -  Total Bytes Received By Job
	Partitionable Resources :    Usage  Request Allocated 
	   Cpus                 :                 1         1 
	   Disk (KB)            :        1        1    129249 
	   Memory (MB)          :      167     3900      3968 

	Job terminated of its own accord at 2022-03-31T04:58:01Z.
...
006 (127775.004.000) 2022-03-31 13:58:02 Image size of job updated: 603260
	167  -  MemoryUsage of job (MB)
	170824  -  ResidentSetSize of job (KB)
...
005 (127775.007.000) 2022-03-31 13:58:02 Job terminated.
	(1) Normal termination (return value 0)
		Usr 0 00:00:05, Sys 0 00:00:01  -  Run Remote Usage
		Usr 0 00:00:00, Sys 0 00:00:00  -  Run Local Usage
		Usr 0 00:00:05, Sys 0 00:00:01  -  Total Remote Usage
		Usr 0 00:00:00, Sys 0 00:00:00  -  Total Local Usage
	0  -  Run Bytes Sent By Job
	0  -  Run Bytes Received By Job
	0  -  Total Bytes Sent By Job
	0  -  Total Bytes Received By Job
	Partitionable Resources :    Usage  Request Allocated 
	   Cpus                 :                 1         1 
	   Disk (KB)            :        1        1    129249 
	   Memory (MB)          :      173     3900      3968 

	Job terminated of its own accord at 2022-03-31T04:58:01Z.
...
005 (127775.004.000) 2022-03-31 13:58:02 Job terminated.
	(1) Normal termination (return value 0)
		Usr 0 00:00:05, Sys 0 00:00:01  -  Run Remote Usage
		Usr 0 00:00:00, Sys 0 00:00:00  -  Run Local Usage
		Usr 0 00:00:05, Sys 0 00:00:01  -  Total Remote Usage
		Usr 0 00:00:00, Sys 0 00:00:00  -  Total Local Usage
	0  -  Run Bytes Sent By Job
	0  -  Run Bytes Received By Job
	0  -  Total Bytes Sent By Job
	0  -  Total Bytes Received By Job
	Partitionable Resources :    Usage  Request Allocated 
	   Cpus                 :                 1         1 
	   Disk (KB)            :        1        1    129249 
	   Memory (MB)          :      167     3900      3968 

	Job terminated of its own accord at 2022-03-31T04:58:02Z.
...
006 (127775.002.000) 2022-03-31 13:58:02 Image size of job updated: 603252
	173  -  MemoryUsage of job (MB)
	176728  -  ResidentSetSize of job (KB)
...
005 (127775.002.000) 2022-03-31 13:58:02 Job terminated.
	(1) Normal termination (return value 0)
		Usr 0 00:00:05, Sys 0 00:00:01  -  Run Remote Usage
		Usr 0 00:00:00, Sys 0 00:00:00  -  Run Local Usage
		Usr 0 00:00:05, Sys 0 00:00:01  -  Total Remote Usage
		Usr 0 00:00:00, Sys 0 00:00:00  -  Total Local Usage
	0  -  Run Bytes Sent By Job
	0  -  Run Bytes Received By Job
	0  -  Total Bytes Sent By Job
	0  -  Total Bytes Received By Job
	Partitionable Resources :    Usage  Request Allocated 
	   Cpus                 :                 1         1 
	   Disk (KB)            :        1        1    129249 
	   Memory (MB)          :      173     3900      3968 

	Job terminated of its own accord at 2022-03-31T04:58:02Z.
...
006 (127775.013.000) 2022-03-31 13:58:02 Image size of job updated: 582520
	155  -  MemoryUsage of job (MB)
	157996  -  ResidentSetSize of job (KB)
...
005 (127775.013.000) 2022-03-31 13:58:02 Job terminated.
	(1) Normal termination (return value 0)
		Usr 0 00:00:06, Sys 0 00:00:01  -  Run Remote Usage
		Usr 0 00:00:00, Sys 0 00:00:00  -  Run Local Usage
		Usr 0 00:00:06, Sys 0 00:00:01  -  Total Remote Usage
		Usr 0 00:00:00, Sys 0 00:00:00  -  Total Local Usage
	0  -  Run Bytes Sent By Job
	0  -  Run Bytes Received By Job
	0  -  Total Bytes Sent By Job
	0  -  Total Bytes Received By Job
	Partitionable Resources :    Usage  Request Allocated 
	   Cpus                 :                 1         1 
	   Disk (KB)            :        1        1    129249 
	   Memory (MB)          :      155     3900      3968 

	Job terminated of its own accord at 2022-03-31T04:58:02Z.
...
006 (127775.018.000) 2022-03-31 13:58:03 Image size of job updated: 597804
	153  -  MemoryUsage of job (MB)
	155696  -  ResidentSetSize of job (KB)
...
006 (127775.010.000) 2022-03-31 13:58:03 Image size of job updated: 583232
	152  -  MemoryUsage of job (MB)
	155604  -  ResidentSetSize of job (KB)
...
005 (127775.018.000) 2022-03-31 13:58:03 Job terminated.
	(1) Normal termination (return value 0)
		Usr 0 00:00:06, Sys 0 00:00:01  -  Run Remote Usage
		Usr 0 00:00:00, Sys 0 00:00:00  -  Run Local Usage
		Usr 0 00:00:06, Sys 0 00:00:01  -  Total Remote Usage
		Usr 0 00:00:00, Sys 0 00:00:00  -  Total Local Usage
	0  -  Run Bytes Sent By Job
	0  -  Run Bytes Received By Job
	0  -  Total Bytes Sent By Job
	0  -  Total Bytes Received By Job
	Partitionable Resources :    Usage  Request Allocated 
	   Cpus                 :                 1         1 
	   Disk (KB)            :        1        1    129249 
	   Memory (MB)          :      153     3900      3968 

	Job terminated of its own accord at 2022-03-31T04:58:03Z.
...
005 (127775.010.000) 2022-03-31 13:58:03 Job terminated.
	(1) Normal termination (return value 0)
		Usr 0 00:00:06, Sys 0 00:00:01  -  Run Remote Usage
		Usr 0 00:00:00, Sys 0 00:00:00  -  Run Local Usage
		Usr 0 00:00:06, Sys 0 00:00:01  -  Total Remote Usage
		Usr 0 00:00:00, Sys 0 00:00:00  -  Total Local Usage
	0  -  Run Bytes Sent By Job
	0  -  Run Bytes Received By Job
	0  -  Total Bytes Sent By Job
	0  -  Total Bytes Received By Job
	Partitionable Resources :    Usage  Request Allocated 
	   Cpus                 :                 1         1 
	   Disk (KB)            :        1        1    129249 
	   Memory (MB)          :      152     3900      3968 

	Job terminated of its own accord at 2022-03-31T04:58:03Z.
...
006 (127775.017.000) 2022-03-31 13:58:03 Image size of job updated: 580020
	152  -  MemoryUsage of job (MB)
	155532  -  ResidentSetSize of job (KB)
...
005 (127775.017.000) 2022-03-31 13:58:03 Job terminated.
	(1) Normal termination (return value 0)
		Usr 0 00:00:06, Sys 0 00:00:01  -  Run Remote Usage
		Usr 0 00:00:00, Sys 0 00:00:00  -  Run Local Usage
		Usr 0 00:00:06, Sys 0 00:00:01  -  Total Remote Usage
		Usr 0 00:00:00, Sys 0 00:00:00  -  Total Local Usage
	0  -  Run Bytes Sent By Job
	0  -  Run Bytes Received By Job
	0  -  Total Bytes Sent By Job
	0  -  Total Bytes Received By Job
	Partitionable Resources :    Usage  Request Allocated 
	   Cpus                 :                 1         1 
	   Disk (KB)            :        1        1    129249 
	   Memory (MB)          :      152     3900      3968 

	Job terminated of its own accord at 2022-03-31T04:58:03Z.
...
006 (127775.016.000) 2022-03-31 13:58:03 Image size of job updated: 595244
	152  -  MemoryUsage of job (MB)
	155548  -  ResidentSetSize of job (KB)
...
005 (127775.016.000) 2022-03-31 13:58:03 Job terminated.
	(1) Normal termination (return value 0)
		Usr 0 00:00:07, Sys 0 00:00:01  -  Run Remote Usage
		Usr 0 00:00:00, Sys 0 00:00:00  -  Run Local Usage
		Usr 0 00:00:07, Sys 0 00:00:01  -  Total Remote Usage
		Usr 0 00:00:00, Sys 0 00:00:00  -  Total Local Usage
	0  -  Run Bytes Sent By Job
	0  -  Run Bytes Received By Job
	0  -  Total Bytes Sent By Job
	0  -  Total Bytes Received By Job
	Partitionable Resources :    Usage  Request Allocated 
	   Cpus                 :                 1         1 
	   Disk (KB)            :        1        1    129249 
	   Memory (MB)          :      152     3900      3968 

	Job terminated of its own accord at 2022-03-31T04:58:03Z.
...
006 (127775.008.000) 2022-03-31 13:58:03 Image size of job updated: 603624
	152  -  MemoryUsage of job (MB)
	155532  -  ResidentSetSize of job (KB)
...
005 (127775.008.000) 2022-03-31 13:58:03 Job terminated.
	(1) Normal termination (return value 0)
		Usr 0 00:00:07, Sys 0 00:00:01  -  Run Remote Usage
		Usr 0 00:00:00, Sys 0 00:00:00  -  Run Local Usage
		Usr 0 00:00:07, Sys 0 00:00:01  -  Total Remote Usage
		Usr 0 00:00:00, Sys 0 00:00:00  -  Total Local Usage
	0  -  Run Bytes Sent By Job
	0  -  Run Bytes Received By Job
	0  -  Total Bytes Sent By Job
	0  -  Total Bytes Received By Job
	Partitionable Resources :    Usage  Request Allocated 
	   Cpus                 :                 1         1 
	   Disk (KB)            :        1        1    129249 
	   Memory (MB)          :      152     3900      3968 

	Job terminated of its own accord at 2022-03-31T04:58:03Z.
...
006 (127775.012.000) 2022-03-31 13:58:04 Image size of job updated: 601796
	152  -  MemoryUsage of job (MB)
	155608  -  ResidentSetSize of job (KB)
...
006 (127775.005.000) 2022-03-31 13:58:04 Image size of job updated: 603436
	152  -  MemoryUsage of job (MB)
	155464  -  ResidentSetSize of job (KB)
...
006 (127775.014.000) 2022-03-31 13:58:04 Image size of job updated: 601772
	152  -  MemoryUsage of job (MB)
	155644  -  ResidentSetSize of job (KB)
...
005 (127775.012.000) 2022-03-31 13:58:04 Job terminated.
	(1) Normal termination (return value 0)
		Usr 0 00:00:07, Sys 0 00:00:01  -  Run Remote Usage
		Usr 0 00:00:00, Sys 0 00:00:00  -  Run Local Usage
		Usr 0 00:00:07, Sys 0 00:00:01  -  Total Remote Usage
		Usr 0 00:00:00, Sys 0 00:00:00  -  Total Local Usage
	0  -  Run Bytes Sent By Job
	0  -  Run Bytes Received By Job
	0  -  Total Bytes Sent By Job
	0  -  Total Bytes Received By Job
	Partitionable Resources :    Usage  Request Allocated 
	   Cpus                 :                 1         1 
	   Disk (KB)            :        1        1    129249 
	   Memory (MB)          :      152     3900      3968 

	Job terminated of its own accord at 2022-03-31T04:58:04Z.
...
006 (127775.011.000) 2022-03-31 13:58:04 Image size of job updated: 601772
	153  -  MemoryUsage of job (MB)
	155652  -  ResidentSetSize of job (KB)
...
006 (127775.009.000) 2022-03-31 13:58:04 Image size of job updated: 602676
	152  -  MemoryUsage of job (MB)
	155536  -  ResidentSetSize of job (KB)
...
005 (127775.014.000) 2022-03-31 13:58:04 Job terminated.
	(1) Normal termination (return value 0)
		Usr 0 00:00:07, Sys 0 00:00:01  -  Run Remote Usage
		Usr 0 00:00:00, Sys 0 00:00:00  -  Run Local Usage
		Usr 0 00:00:07, Sys 0 00:00:01  -  Total Remote Usage
		Usr 0 00:00:00, Sys 0 00:00:00  -  Total Local Usage
	0  -  Run Bytes Sent By Job
	0  -  Run Bytes Received By Job
	0  -  Total Bytes Sent By Job
	0  -  Total Bytes Received By Job
	Partitionable Resources :    Usage  Request Allocated 
	   Cpus                 :                 1         1 
	   Disk (KB)            :        1        1    129249 
	   Memory (MB)          :      152     3900      3968 

	Job terminated of its own accord at 2022-03-31T04:58:04Z.
...
005 (127775.005.000) 2022-03-31 13:58:04 Job terminated.
	(1) Normal termination (return value 0)
		Usr 0 00:00:07, Sys 0 00:00:01  -  Run Remote Usage
		Usr 0 00:00:00, Sys 0 00:00:00  -  Run Local Usage
		Usr 0 00:00:07, Sys 0 00:00:01  -  Total Remote Usage
		Usr 0 00:00:00, Sys 0 00:00:00  -  Total Local Usage
	0  -  Run Bytes Sent By Job
	0  -  Run Bytes Received By Job
	0  -  Total Bytes Sent By Job
	0  -  Total Bytes Received By Job
	Partitionable Resources :    Usage  Request Allocated 
	   Cpus                 :                 1         1 
	   Disk (KB)            :        1        1    129249 
	   Memory (MB)          :      152     3900      3968 

	Job terminated of its own accord at 2022-03-31T04:58:04Z.
...
006 (127775.001.000) 2022-03-31 13:58:04 Image size of job updated: 603208
	178  -  MemoryUsage of job (MB)
	181968  -  ResidentSetSize of job (KB)
...
005 (127775.009.000) 2022-03-31 13:58:04 Job terminated.
	(1) Normal termination (return value 0)
		Usr 0 00:00:07, Sys 0 00:00:01  -  Run Remote Usage
		Usr 0 00:00:00, Sys 0 00:00:00  -  Run Local Usage
		Usr 0 00:00:07, Sys 0 00:00:01  -  Total Remote Usage
		Usr 0 00:00:00, Sys 0 00:00:00  -  Total Local Usage
	0  -  Run Bytes Sent By Job
	0  -  Run Bytes Received By Job
	0  -  Total Bytes Sent By Job
	0  -  Total Bytes Received By Job
	Partitionable Resources :    Usage  Request Allocated 
	   Cpus                 :                 1         1 
	   Disk (KB)            :        1        1    129249 
	   Memory (MB)          :      152     3900      3968 

	Job terminated of its own accord at 2022-03-31T04:58:04Z.
...
005 (127775.011.000) 2022-03-31 13:58:04 Job terminated.
	(1) Normal termination (return value 0)
		Usr 0 00:00:07, Sys 0 00:00:01  -  Run Remote Usage
		Usr 0 00:00:00, Sys 0 00:00:00  -  Run Local Usage
		Usr 0 00:00:07, Sys 0 00:00:01  -  Total Remote Usage
		Usr 0 00:00:00, Sys 0 00:00:00  -  Total Local Usage
	0  -  Run Bytes Sent By Job
	0  -  Run Bytes Received By Job
	0  -  Total Bytes Sent By Job
	0  -  Total Bytes Received By Job
	Partitionable Resources :    Usage  Request Allocated 
	   Cpus                 :                 1         1 
	   Disk (KB)            :        1        1    129249 
	   Memory (MB)          :      153     3900      3968 

	Job terminated of its own accord at 2022-03-31T04:58:04Z.
...
005 (127775.001.000) 2022-03-31 13:58:04 Job terminated.
	(1) Normal termination (return value 0)
		Usr 0 00:00:07, Sys 0 00:00:01  -  Run Remote Usage
		Usr 0 00:00:00, Sys 0 00:00:00  -  Run Local Usage
		Usr 0 00:00:07, Sys 0 00:00:01  -  Total Remote Usage
		Usr 0 00:00:00, Sys 0 00:00:00  -  Total Local Usage
	0  -  Run Bytes Sent By Job
	0  -  Run Bytes Received By Job
	0  -  Total Bytes Sent By Job
	0  -  Total Bytes Received By Job
	Partitionable Resources :    Usage  Request Allocated 
	   Cpus                 :                 1         1 
	   Disk (KB)            :        1        1    129249 
	   Memory (MB)          :      178     3900      3968 

	Job terminated of its own accord at 2022-03-31T04:58:04Z.
...
006 (127775.000.000) 2022-03-31 13:58:05 Image size of job updated: 601456
	167  -  MemoryUsage of job (MB)
	170224  -  ResidentSetSize of job (KB)
...
005 (127775.000.000) 2022-03-31 13:58:05 Job terminated.
	(1) Normal termination (return value 0)
		Usr 0 00:00:08, Sys 0 00:00:01  -  Run Remote Usage
		Usr 0 00:00:00, Sys 0 00:00:00  -  Run Local Usage
		Usr 0 00:00:08, Sys 0 00:00:01  -  Total Remote Usage
		Usr 0 00:00:00, Sys 0 00:00:00  -  Total Local Usage
	0  -  Run Bytes Sent By Job
	0  -  Run Bytes Received By Job
	0  -  Total Bytes Sent By Job
	0  -  Total Bytes Received By Job
	Partitionable Resources :    Usage  Request Allocated 
	   Cpus                 :                 1         1 
	   Disk (KB)            :        1        1    129249 
	   Memory (MB)          :      167     3900      3968 

	Job terminated of its own accord at 2022-03-31T04:58:05Z.
...
000 (127871.000.000) 2022-03-31 15:14:14 Job submitted from host: <172.30.1.200:9618?addrs=172.30.1.200-9618&alias=tamsa2.snu.ac.kr&noUDP&sock=schedd_3154_f5cb>
...
000 (127871.001.000) 2022-03-31 15:14:15 Job submitted from host: <172.30.1.200:9618?addrs=172.30.1.200-9618&alias=tamsa2.snu.ac.kr&noUDP&sock=schedd_3154_f5cb>
...
000 (127871.002.000) 2022-03-31 15:14:15 Job submitted from host: <172.30.1.200:9618?addrs=172.30.1.200-9618&alias=tamsa2.snu.ac.kr&noUDP&sock=schedd_3154_f5cb>
...
000 (127871.003.000) 2022-03-31 15:14:15 Job submitted from host: <172.30.1.200:9618?addrs=172.30.1.200-9618&alias=tamsa2.snu.ac.kr&noUDP&sock=schedd_3154_f5cb>
...
000 (127871.004.000) 2022-03-31 15:14:15 Job submitted from host: <172.30.1.200:9618?addrs=172.30.1.200-9618&alias=tamsa2.snu.ac.kr&noUDP&sock=schedd_3154_f5cb>
...
000 (127871.005.000) 2022-03-31 15:14:15 Job submitted from host: <172.30.1.200:9618?addrs=172.30.1.200-9618&alias=tamsa2.snu.ac.kr&noUDP&sock=schedd_3154_f5cb>
...
000 (127871.006.000) 2022-03-31 15:14:15 Job submitted from host: <172.30.1.200:9618?addrs=172.30.1.200-9618&alias=tamsa2.snu.ac.kr&noUDP&sock=schedd_3154_f5cb>
...
000 (127871.007.000) 2022-03-31 15:14:15 Job submitted from host: <172.30.1.200:9618?addrs=172.30.1.200-9618&alias=tamsa2.snu.ac.kr&noUDP&sock=schedd_3154_f5cb>
...
000 (127871.008.000) 2022-03-31 15:14:15 Job submitted from host: <172.30.1.200:9618?addrs=172.30.1.200-9618&alias=tamsa2.snu.ac.kr&noUDP&sock=schedd_3154_f5cb>
...
000 (127871.009.000) 2022-03-31 15:14:15 Job submitted from host: <172.30.1.200:9618?addrs=172.30.1.200-9618&alias=tamsa2.snu.ac.kr&noUDP&sock=schedd_3154_f5cb>
...
000 (127871.010.000) 2022-03-31 15:14:15 Job submitted from host: <172.30.1.200:9618?addrs=172.30.1.200-9618&alias=tamsa2.snu.ac.kr&noUDP&sock=schedd_3154_f5cb>
...
000 (127871.011.000) 2022-03-31 15:14:15 Job submitted from host: <172.30.1.200:9618?addrs=172.30.1.200-9618&alias=tamsa2.snu.ac.kr&noUDP&sock=schedd_3154_f5cb>
...
000 (127871.012.000) 2022-03-31 15:14:15 Job submitted from host: <172.30.1.200:9618?addrs=172.30.1.200-9618&alias=tamsa2.snu.ac.kr&noUDP&sock=schedd_3154_f5cb>
...
000 (127871.013.000) 2022-03-31 15:14:15 Job submitted from host: <172.30.1.200:9618?addrs=172.30.1.200-9618&alias=tamsa2.snu.ac.kr&noUDP&sock=schedd_3154_f5cb>
...
000 (127871.014.000) 2022-03-31 15:14:15 Job submitted from host: <172.30.1.200:9618?addrs=172.30.1.200-9618&alias=tamsa2.snu.ac.kr&noUDP&sock=schedd_3154_f5cb>
...
000 (127871.015.000) 2022-03-31 15:14:15 Job submitted from host: <172.30.1.200:9618?addrs=172.30.1.200-9618&alias=tamsa2.snu.ac.kr&noUDP&sock=schedd_3154_f5cb>
...
000 (127871.016.000) 2022-03-31 15:14:15 Job submitted from host: <172.30.1.200:9618?addrs=172.30.1.200-9618&alias=tamsa2.snu.ac.kr&noUDP&sock=schedd_3154_f5cb>
...
000 (127871.017.000) 2022-03-31 15:14:15 Job submitted from host: <172.30.1.200:9618?addrs=172.30.1.200-9618&alias=tamsa2.snu.ac.kr&noUDP&sock=schedd_3154_f5cb>
...
000 (127871.018.000) 2022-03-31 15:14:15 Job submitted from host: <172.30.1.200:9618?addrs=172.30.1.200-9618&alias=tamsa2.snu.ac.kr&noUDP&sock=schedd_3154_f5cb>
...
000 (127871.019.000) 2022-03-31 15:14:15 Job submitted from host: <172.30.1.200:9618?addrs=172.30.1.200-9618&alias=tamsa2.snu.ac.kr&noUDP&sock=schedd_3154_f5cb>
...
001 (127871.000.000) 2022-03-31 15:14:37 Job executing on host: <172.30.1.204:9618?addrs=172.30.1.204-9618&alias=node4&noUDP&sock=startd_3623_a7b6>
...
001 (127871.006.000) 2022-03-31 15:14:37 Job executing on host: <172.30.1.207:9618?addrs=172.30.1.207-9618&alias=node7&noUDP&sock=startd_3626_b67f>
...
001 (127871.001.000) 2022-03-31 15:14:37 Job executing on host: <172.30.1.204:9618?addrs=172.30.1.204-9618&alias=node4&noUDP&sock=startd_3623_a7b6>
...
001 (127871.007.000) 2022-03-31 15:14:37 Job executing on host: <172.30.1.207:9618?addrs=172.30.1.207-9618&alias=node7&noUDP&sock=startd_3626_b67f>
...
001 (127871.008.000) 2022-03-31 15:14:37 Job executing on host: <172.30.1.207:9618?addrs=172.30.1.207-9618&alias=node7&noUDP&sock=startd_3626_b67f>
...
001 (127871.002.000) 2022-03-31 15:14:37 Job executing on host: <172.30.1.204:9618?addrs=172.30.1.204-9618&alias=node4&noUDP&sock=startd_3623_a7b6>
...
001 (127871.009.000) 2022-03-31 15:14:38 Job executing on host: <172.30.1.207:9618?addrs=172.30.1.207-9618&alias=node7&noUDP&sock=startd_3626_b67f>
...
001 (127871.010.000) 2022-03-31 15:14:38 Job executing on host: <172.30.1.207:9618?addrs=172.30.1.207-9618&alias=node7&noUDP&sock=startd_3626_b67f>
...
001 (127871.003.000) 2022-03-31 15:14:38 Job executing on host: <172.30.1.204:9618?addrs=172.30.1.204-9618&alias=node4&noUDP&sock=startd_3623_a7b6>
...
001 (127871.012.000) 2022-03-31 15:14:38 Job executing on host: <172.30.1.207:9618?addrs=172.30.1.207-9618&alias=node7&noUDP&sock=startd_3626_b67f>
...
001 (127871.011.000) 2022-03-31 15:14:38 Job executing on host: <172.30.1.207:9618?addrs=172.30.1.207-9618&alias=node7&noUDP&sock=startd_3626_b67f>
...
001 (127871.004.000) 2022-03-31 15:14:38 Job executing on host: <172.30.1.204:9618?addrs=172.30.1.204-9618&alias=node4&noUDP&sock=startd_3623_a7b6>
...
001 (127871.013.000) 2022-03-31 15:14:38 Job executing on host: <172.30.1.207:9618?addrs=172.30.1.207-9618&alias=node7&noUDP&sock=startd_3626_b67f>
...
001 (127871.005.000) 2022-03-31 15:14:38 Job executing on host: <172.30.1.204:9618?addrs=172.30.1.204-9618&alias=node4&noUDP&sock=startd_3623_a7b6>
...
001 (127871.014.000) 2022-03-31 15:14:38 Job executing on host: <172.30.1.207:9618?addrs=172.30.1.207-9618&alias=node7&noUDP&sock=startd_3626_b67f>
...
001 (127871.016.000) 2022-03-31 15:14:38 Job executing on host: <172.30.1.207:9618?addrs=172.30.1.207-9618&alias=node7&noUDP&sock=startd_3626_b67f>
...
001 (127871.015.000) 2022-03-31 15:14:38 Job executing on host: <172.30.1.207:9618?addrs=172.30.1.207-9618&alias=node7&noUDP&sock=startd_3626_b67f>
...
001 (127871.017.000) 2022-03-31 15:14:38 Job executing on host: <172.30.1.207:9618?addrs=172.30.1.207-9618&alias=node7&noUDP&sock=startd_3626_b67f>
...
001 (127871.018.000) 2022-03-31 15:14:38 Job executing on host: <172.30.1.207:9618?addrs=172.30.1.207-9618&alias=node7&noUDP&sock=startd_3626_b67f>
...
001 (127871.019.000) 2022-03-31 15:14:39 Job executing on host: <172.30.1.207:9618?addrs=172.30.1.207-9618&alias=node7&noUDP&sock=startd_3626_b67f>
...
006 (127871.002.000) 2022-03-31 15:14:46 Image size of job updated: 553292
	156  -  MemoryUsage of job (MB)
	159516  -  ResidentSetSize of job (KB)
...
006 (127871.009.000) 2022-03-31 15:14:46 Image size of job updated: 480076
	148  -  MemoryUsage of job (MB)
	151152  -  ResidentSetSize of job (KB)
...
006 (127871.010.000) 2022-03-31 15:14:46 Image size of job updated: 480076
	149  -  MemoryUsage of job (MB)
	152240  -  ResidentSetSize of job (KB)
...
006 (127871.003.000) 2022-03-31 15:14:46 Image size of job updated: 553852
	154  -  MemoryUsage of job (MB)
	157500  -  ResidentSetSize of job (KB)
...
006 (127871.004.000) 2022-03-31 15:14:46 Image size of job updated: 553684
	154  -  MemoryUsage of job (MB)
	157348  -  ResidentSetSize of job (KB)
...
006 (127871.011.000) 2022-03-31 15:14:46 Image size of job updated: 480076
	152  -  MemoryUsage of job (MB)
	155456  -  ResidentSetSize of job (KB)
...
006 (127871.012.000) 2022-03-31 15:14:46 Image size of job updated: 479476
	153  -  MemoryUsage of job (MB)
	155820  -  ResidentSetSize of job (KB)
...
006 (127871.005.000) 2022-03-31 15:14:46 Image size of job updated: 553716
	154  -  MemoryUsage of job (MB)
	157548  -  ResidentSetSize of job (KB)
...
006 (127871.013.000) 2022-03-31 15:14:46 Image size of job updated: 482556
	152  -  MemoryUsage of job (MB)
	155196  -  ResidentSetSize of job (KB)
...
006 (127871.014.000) 2022-03-31 15:14:46 Image size of job updated: 480076
	153  -  MemoryUsage of job (MB)
	155984  -  ResidentSetSize of job (KB)
...
006 (127871.006.000) 2022-03-31 15:14:46 Image size of job updated: 553292
	154  -  MemoryUsage of job (MB)
	156924  -  ResidentSetSize of job (KB)
...
006 (127871.000.000) 2022-03-31 15:14:46 Image size of job updated: 603488
	180  -  MemoryUsage of job (MB)
	184028  -  ResidentSetSize of job (KB)
...
006 (127871.007.000) 2022-03-31 15:14:46 Image size of job updated: 553288
	154  -  MemoryUsage of job (MB)
	156904  -  ResidentSetSize of job (KB)
...
006 (127871.001.000) 2022-03-31 15:14:46 Image size of job updated: 553836
	154  -  MemoryUsage of job (MB)
	157552  -  ResidentSetSize of job (KB)
...
006 (127871.008.000) 2022-03-31 15:14:46 Image size of job updated: 553292
	154  -  MemoryUsage of job (MB)
	157372  -  ResidentSetSize of job (KB)
...
006 (127871.019.000) 2022-03-31 15:14:47 Image size of job updated: 553260
	154  -  MemoryUsage of job (MB)
	157332  -  ResidentSetSize of job (KB)
...
006 (127871.016.000) 2022-03-31 15:14:47 Image size of job updated: 553288
	154  -  MemoryUsage of job (MB)
	157344  -  ResidentSetSize of job (KB)
...
006 (127871.015.000) 2022-03-31 15:14:47 Image size of job updated: 553264
	154  -  MemoryUsage of job (MB)
	157416  -  ResidentSetSize of job (KB)
...
006 (127871.017.000) 2022-03-31 15:14:47 Image size of job updated: 553288
	169  -  MemoryUsage of job (MB)
	172104  -  ResidentSetSize of job (KB)
...
006 (127871.018.000) 2022-03-31 15:14:47 Image size of job updated: 553280
	154  -  MemoryUsage of job (MB)
	157420  -  ResidentSetSize of job (KB)
...
006 (127871.004.000) 2022-03-31 15:14:51 Image size of job updated: 605384
	154  -  MemoryUsage of job (MB)
	157348  -  ResidentSetSize of job (KB)
...
005 (127871.004.000) 2022-03-31 15:14:51 Job terminated.
	(1) Normal termination (return value 0)
		Usr 0 00:00:07, Sys 0 00:00:02  -  Run Remote Usage
		Usr 0 00:00:00, Sys 0 00:00:00  -  Run Local Usage
		Usr 0 00:00:07, Sys 0 00:00:02  -  Total Remote Usage
		Usr 0 00:00:00, Sys 0 00:00:00  -  Total Local Usage
	0  -  Run Bytes Sent By Job
	0  -  Run Bytes Received By Job
	0  -  Total Bytes Sent By Job
	0  -  Total Bytes Received By Job
	Partitionable Resources :    Usage  Request Allocated 
	   Cpus                 :                 1         1 
	   Disk (KB)            :        1        1    129249 
	   Memory (MB)          :      154     3900      3968 

	Job terminated of its own accord at 2022-03-31T06:14:50Z.
...
006 (127871.010.000) 2022-03-31 15:14:51 Image size of job updated: 605340
	149  -  MemoryUsage of job (MB)
	152240  -  ResidentSetSize of job (KB)
...
006 (127871.012.000) 2022-03-31 15:14:51 Image size of job updated: 605384
	153  -  MemoryUsage of job (MB)
	155824  -  ResidentSetSize of job (KB)
...
005 (127871.010.000) 2022-03-31 15:14:51 Job terminated.
	(1) Normal termination (return value 0)
		Usr 0 00:00:06, Sys 0 00:00:02  -  Run Remote Usage
		Usr 0 00:00:00, Sys 0 00:00:00  -  Run Local Usage
		Usr 0 00:00:06, Sys 0 00:00:02  -  Total Remote Usage
		Usr 0 00:00:00, Sys 0 00:00:00  -  Total Local Usage
	0  -  Run Bytes Sent By Job
	0  -  Run Bytes Received By Job
	0  -  Total Bytes Sent By Job
	0  -  Total Bytes Received By Job
	Partitionable Resources :    Usage  Request Allocated 
	   Cpus                 :                 1         1 
	   Disk (KB)            :        1        1    129249 
	   Memory (MB)          :      149     3900      3968 

	Job terminated of its own accord at 2022-03-31T06:14:51Z.
...
005 (127871.012.000) 2022-03-31 15:14:51 Job terminated.
	(1) Normal termination (return value 0)
		Usr 0 00:00:06, Sys 0 00:00:02  -  Run Remote Usage
		Usr 0 00:00:00, Sys 0 00:00:00  -  Run Local Usage
		Usr 0 00:00:06, Sys 0 00:00:02  -  Total Remote Usage
		Usr 0 00:00:00, Sys 0 00:00:00  -  Total Local Usage
	0  -  Run Bytes Sent By Job
	0  -  Run Bytes Received By Job
	0  -  Total Bytes Sent By Job
	0  -  Total Bytes Received By Job
	Partitionable Resources :    Usage  Request Allocated 
	   Cpus                 :                 1         1 
	   Disk (KB)            :        1        1    129249 
	   Memory (MB)          :      153     3900      3968 

	Job terminated of its own accord at 2022-03-31T06:14:51Z.
...
006 (127871.015.000) 2022-03-31 15:14:52 Image size of job updated: 605520
	154  -  MemoryUsage of job (MB)
	157416  -  ResidentSetSize of job (KB)
...
005 (127871.015.000) 2022-03-31 15:14:52 Job terminated.
	(1) Normal termination (return value 0)
		Usr 0 00:00:07, Sys 0 00:00:02  -  Run Remote Usage
		Usr 0 00:00:00, Sys 0 00:00:00  -  Run Local Usage
		Usr 0 00:00:07, Sys 0 00:00:02  -  Total Remote Usage
		Usr 0 00:00:00, Sys 0 00:00:00  -  Total Local Usage
	0  -  Run Bytes Sent By Job
	0  -  Run Bytes Received By Job
	0  -  Total Bytes Sent By Job
	0  -  Total Bytes Received By Job
	Partitionable Resources :    Usage  Request Allocated 
	   Cpus                 :                 1         1 
	   Disk (KB)            :        1        1    129249 
	   Memory (MB)          :      154     3900      3968 

	Job terminated of its own accord at 2022-03-31T06:14:52Z.
...
006 (127871.000.000) 2022-03-31 15:14:52 Image size of job updated: 605360
	180  -  MemoryUsage of job (MB)
	184028  -  ResidentSetSize of job (KB)
...
005 (127871.000.000) 2022-03-31 15:14:52 Job terminated.
	(1) Normal termination (return value 0)
		Usr 0 00:00:09, Sys 0 00:00:02  -  Run Remote Usage
		Usr 0 00:00:00, Sys 0 00:00:00  -  Run Local Usage
		Usr 0 00:00:09, Sys 0 00:00:02  -  Total Remote Usage
		Usr 0 00:00:00, Sys 0 00:00:00  -  Total Local Usage
	0  -  Run Bytes Sent By Job
	0  -  Run Bytes Received By Job
	0  -  Total Bytes Sent By Job
	0  -  Total Bytes Received By Job
	Partitionable Resources :    Usage  Request Allocated 
	   Cpus                 :                 1         1 
	   Disk (KB)            :        1        1    129249 
	   Memory (MB)          :      180     3900      3968 

	Job terminated of its own accord at 2022-03-31T06:14:52Z.
...
006 (127871.002.000) 2022-03-31 15:14:52 Image size of job updated: 605364
	156  -  MemoryUsage of job (MB)
	159524  -  ResidentSetSize of job (KB)
...
005 (127871.002.000) 2022-03-31 15:14:52 Job terminated.
	(1) Normal termination (return value 0)
		Usr 0 00:00:09, Sys 0 00:00:02  -  Run Remote Usage
		Usr 0 00:00:00, Sys 0 00:00:00  -  Run Local Usage
		Usr 0 00:00:09, Sys 0 00:00:02  -  Total Remote Usage
		Usr 0 00:00:00, Sys 0 00:00:00  -  Total Local Usage
	0  -  Run Bytes Sent By Job
	0  -  Run Bytes Received By Job
	0  -  Total Bytes Sent By Job
	0  -  Total Bytes Received By Job
	Partitionable Resources :    Usage  Request Allocated 
	   Cpus                 :                 1         1 
	   Disk (KB)            :        1        1    129249 
	   Memory (MB)          :      156     3900      3968 

	Job terminated of its own accord at 2022-03-31T06:14:52Z.
...
006 (127871.003.000) 2022-03-31 15:14:53 Image size of job updated: 605372
	154  -  MemoryUsage of job (MB)
	157500  -  ResidentSetSize of job (KB)
...
005 (127871.003.000) 2022-03-31 15:14:53 Job terminated.
	(1) Normal termination (return value 0)
		Usr 0 00:00:10, Sys 0 00:00:02  -  Run Remote Usage
		Usr 0 00:00:00, Sys 0 00:00:00  -  Run Local Usage
		Usr 0 00:00:10, Sys 0 00:00:02  -  Total Remote Usage
		Usr 0 00:00:00, Sys 0 00:00:00  -  Total Local Usage
	0  -  Run Bytes Sent By Job
	0  -  Run Bytes Received By Job
	0  -  Total Bytes Sent By Job
	0  -  Total Bytes Received By Job
	Partitionable Resources :    Usage  Request Allocated 
	   Cpus                 :                 1         1 
	   Disk (KB)            :        1        1    129249 
	   Memory (MB)          :      154     3900      3968 

	Job terminated of its own accord at 2022-03-31T06:14:53Z.
...
006 (127871.016.000) 2022-03-31 15:14:53 Image size of job updated: 605428
	154  -  MemoryUsage of job (MB)
	157344  -  ResidentSetSize of job (KB)
...
005 (127871.016.000) 2022-03-31 15:14:53 Job terminated.
	(1) Normal termination (return value 0)
		Usr 0 00:00:08, Sys 0 00:00:02  -  Run Remote Usage
		Usr 0 00:00:00, Sys 0 00:00:00  -  Run Local Usage
		Usr 0 00:00:08, Sys 0 00:00:02  -  Total Remote Usage
		Usr 0 00:00:00, Sys 0 00:00:00  -  Total Local Usage
	0  -  Run Bytes Sent By Job
	0  -  Run Bytes Received By Job
	0  -  Total Bytes Sent By Job
	0  -  Total Bytes Received By Job
	Partitionable Resources :    Usage  Request Allocated 
	   Cpus                 :                 1         1 
	   Disk (KB)            :        1        1    129249 
	   Memory (MB)          :      154     3900      3968 

	Job terminated of its own accord at 2022-03-31T06:14:53Z.
...
006 (127871.018.000) 2022-03-31 15:14:53 Image size of job updated: 605372
	154  -  MemoryUsage of job (MB)
	157420  -  ResidentSetSize of job (KB)
...
006 (127871.001.000) 2022-03-31 15:14:53 Image size of job updated: 607052
	154  -  MemoryUsage of job (MB)
	157552  -  ResidentSetSize of job (KB)
...
005 (127871.018.000) 2022-03-31 15:14:53 Job terminated.
	(1) Normal termination (return value 0)
		Usr 0 00:00:08, Sys 0 00:00:02  -  Run Remote Usage
		Usr 0 00:00:00, Sys 0 00:00:00  -  Run Local Usage
		Usr 0 00:00:08, Sys 0 00:00:02  -  Total Remote Usage
		Usr 0 00:00:00, Sys 0 00:00:00  -  Total Local Usage
	0  -  Run Bytes Sent By Job
	0  -  Run Bytes Received By Job
	0  -  Total Bytes Sent By Job
	0  -  Total Bytes Received By Job
	Partitionable Resources :    Usage  Request Allocated 
	   Cpus                 :                 1         1 
	   Disk (KB)            :        1        1    129249 
	   Memory (MB)          :      154     3900      3968 

	Job terminated of its own accord at 2022-03-31T06:14:53Z.
...
005 (127871.001.000) 2022-03-31 15:14:53 Job terminated.
	(1) Normal termination (return value 0)
		Usr 0 00:00:10, Sys 0 00:00:02  -  Run Remote Usage
		Usr 0 00:00:00, Sys 0 00:00:00  -  Run Local Usage
		Usr 0 00:00:10, Sys 0 00:00:02  -  Total Remote Usage
		Usr 0 00:00:00, Sys 0 00:00:00  -  Total Local Usage
	0  -  Run Bytes Sent By Job
	0  -  Run Bytes Received By Job
	0  -  Total Bytes Sent By Job
	0  -  Total Bytes Received By Job
	Partitionable Resources :    Usage  Request Allocated 
	   Cpus                 :                 1         1 
	   Disk (KB)            :        1        1    129249 
	   Memory (MB)          :      154     3900      3968 

	Job terminated of its own accord at 2022-03-31T06:14:53Z.
...
006 (127871.014.000) 2022-03-31 15:14:54 Image size of job updated: 605344
	153  -  MemoryUsage of job (MB)
	155984  -  ResidentSetSize of job (KB)
...
005 (127871.014.000) 2022-03-31 15:14:54 Job terminated.
	(1) Normal termination (return value 0)
		Usr 0 00:00:09, Sys 0 00:00:02  -  Run Remote Usage
		Usr 0 00:00:00, Sys 0 00:00:00  -  Run Local Usage
		Usr 0 00:00:09, Sys 0 00:00:02  -  Total Remote Usage
		Usr 0 00:00:00, Sys 0 00:00:00  -  Total Local Usage
	0  -  Run Bytes Sent By Job
	0  -  Run Bytes Received By Job
	0  -  Total Bytes Sent By Job
	0  -  Total Bytes Received By Job
	Partitionable Resources :    Usage  Request Allocated 
	   Cpus                 :                 1         1 
	   Disk (KB)            :        1        1    129249 
	   Memory (MB)          :      153     3900      3968 

	Job terminated of its own accord at 2022-03-31T06:14:54Z.
...
006 (127871.008.000) 2022-03-31 15:14:55 Image size of job updated: 605344
	154  -  MemoryUsage of job (MB)
	157372  -  ResidentSetSize of job (KB)
...
005 (127871.008.000) 2022-03-31 15:14:55 Job terminated.
	(1) Normal termination (return value 0)
		Usr 0 00:00:10, Sys 0 00:00:02  -  Run Remote Usage
		Usr 0 00:00:00, Sys 0 00:00:00  -  Run Local Usage
		Usr 0 00:00:10, Sys 0 00:00:02  -  Total Remote Usage
		Usr 0 00:00:00, Sys 0 00:00:00  -  Total Local Usage
	0  -  Run Bytes Sent By Job
	0  -  Run Bytes Received By Job
	0  -  Total Bytes Sent By Job
	0  -  Total Bytes Received By Job
	Partitionable Resources :    Usage  Request Allocated 
	   Cpus                 :                 1         1 
	   Disk (KB)            :        1        1    129249 
	   Memory (MB)          :      154     3900      3968 

	Job terminated of its own accord at 2022-03-31T06:14:55Z.
...
006 (127871.011.000) 2022-03-31 15:14:55 Image size of job updated: 606656
	152  -  MemoryUsage of job (MB)
	155456  -  ResidentSetSize of job (KB)
...
005 (127871.011.000) 2022-03-31 15:14:55 Job terminated.
	(1) Normal termination (return value 0)
		Usr 0 00:00:10, Sys 0 00:00:02  -  Run Remote Usage
		Usr 0 00:00:00, Sys 0 00:00:00  -  Run Local Usage
		Usr 0 00:00:10, Sys 0 00:00:02  -  Total Remote Usage
		Usr 0 00:00:00, Sys 0 00:00:00  -  Total Local Usage
	0  -  Run Bytes Sent By Job
	0  -  Run Bytes Received By Job
	0  -  Total Bytes Sent By Job
	0  -  Total Bytes Received By Job
	Partitionable Resources :    Usage  Request Allocated 
	   Cpus                 :                 1         1 
	   Disk (KB)            :        1        1    129249 
	   Memory (MB)          :      152     3900      3968 

	Job terminated of its own accord at 2022-03-31T06:14:55Z.
...
006 (127871.017.000) 2022-03-31 15:14:55 Image size of job updated: 605352
	169  -  MemoryUsage of job (MB)
	172120  -  ResidentSetSize of job (KB)
...
005 (127871.017.000) 2022-03-31 15:14:55 Job terminated.
	(1) Normal termination (return value 0)
		Usr 0 00:00:10, Sys 0 00:00:02  -  Run Remote Usage
		Usr 0 00:00:00, Sys 0 00:00:00  -  Run Local Usage
		Usr 0 00:00:10, Sys 0 00:00:02  -  Total Remote Usage
		Usr 0 00:00:00, Sys 0 00:00:00  -  Total Local Usage
	0  -  Run Bytes Sent By Job
	0  -  Run Bytes Received By Job
	0  -  Total Bytes Sent By Job
	0  -  Total Bytes Received By Job
	Partitionable Resources :    Usage  Request Allocated 
	   Cpus                 :                 1         1 
	   Disk (KB)            :        1        1    129249 
	   Memory (MB)          :      169     3900      3968 

	Job terminated of its own accord at 2022-03-31T06:14:55Z.
...
006 (127871.013.000) 2022-03-31 15:14:55 Image size of job updated: 605884
	152  -  MemoryUsage of job (MB)
	155200  -  ResidentSetSize of job (KB)
...
005 (127871.013.000) 2022-03-31 15:14:55 Job terminated.
	(1) Normal termination (return value 0)
		Usr 0 00:00:10, Sys 0 00:00:02  -  Run Remote Usage
		Usr 0 00:00:00, Sys 0 00:00:00  -  Run Local Usage
		Usr 0 00:00:10, Sys 0 00:00:02  -  Total Remote Usage
		Usr 0 00:00:00, Sys 0 00:00:00  -  Total Local Usage
	0  -  Run Bytes Sent By Job
	0  -  Run Bytes Received By Job
	0  -  Total Bytes Sent By Job
	0  -  Total Bytes Received By Job
	Partitionable Resources :    Usage  Request Allocated 
	   Cpus                 :                 1         1 
	   Disk (KB)            :        1        1    129249 
	   Memory (MB)          :      152     3900      3968 

	Job terminated of its own accord at 2022-03-31T06:14:55Z.
...
006 (127871.007.000) 2022-03-31 15:14:55 Image size of job updated: 606732
	154  -  MemoryUsage of job (MB)
	156904  -  ResidentSetSize of job (KB)
...
005 (127871.007.000) 2022-03-31 15:14:55 Job terminated.
	(1) Normal termination (return value 0)
		Usr 0 00:00:10, Sys 0 00:00:02  -  Run Remote Usage
		Usr 0 00:00:00, Sys 0 00:00:00  -  Run Local Usage
		Usr 0 00:00:10, Sys 0 00:00:02  -  Total Remote Usage
		Usr 0 00:00:00, Sys 0 00:00:00  -  Total Local Usage
	0  -  Run Bytes Sent By Job
	0  -  Run Bytes Received By Job
	0  -  Total Bytes Sent By Job
	0  -  Total Bytes Received By Job
	Partitionable Resources :    Usage  Request Allocated 
	   Cpus                 :                 1         1 
	   Disk (KB)            :        1        1    129249 
	   Memory (MB)          :      154     3900      3968 

	Job terminated of its own accord at 2022-03-31T06:14:55Z.
...
006 (127871.019.000) 2022-03-31 15:14:56 Image size of job updated: 607028
	154  -  MemoryUsage of job (MB)
	157332  -  ResidentSetSize of job (KB)
...
005 (127871.019.000) 2022-03-31 15:14:56 Job terminated.
	(1) Normal termination (return value 0)
		Usr 0 00:00:11, Sys 0 00:00:02  -  Run Remote Usage
		Usr 0 00:00:00, Sys 0 00:00:00  -  Run Local Usage
		Usr 0 00:00:11, Sys 0 00:00:02  -  Total Remote Usage
		Usr 0 00:00:00, Sys 0 00:00:00  -  Total Local Usage
	0  -  Run Bytes Sent By Job
	0  -  Run Bytes Received By Job
	0  -  Total Bytes Sent By Job
	0  -  Total Bytes Received By Job
	Partitionable Resources :    Usage  Request Allocated 
	   Cpus                 :                 1         1 
	   Disk (KB)            :        1        1    129249 
	   Memory (MB)          :      154     3900      3968 

	Job terminated of its own accord at 2022-03-31T06:14:56Z.
...
006 (127871.005.000) 2022-03-31 15:14:56 Image size of job updated: 603912
	154  -  MemoryUsage of job (MB)
	157548  -  ResidentSetSize of job (KB)
...
005 (127871.005.000) 2022-03-31 15:14:56 Job terminated.
	(1) Normal termination (return value 0)
		Usr 0 00:00:13, Sys 0 00:00:02  -  Run Remote Usage
		Usr 0 00:00:00, Sys 0 00:00:00  -  Run Local Usage
		Usr 0 00:00:13, Sys 0 00:00:02  -  Total Remote Usage
		Usr 0 00:00:00, Sys 0 00:00:00  -  Total Local Usage
	0  -  Run Bytes Sent By Job
	0  -  Run Bytes Received By Job
	0  -  Total Bytes Sent By Job
	0  -  Total Bytes Received By Job
	Partitionable Resources :    Usage  Request Allocated 
	   Cpus                 :                 1         1 
	   Disk (KB)            :        1        1    129249 
	   Memory (MB)          :      154     3900      3968 

	Job terminated of its own accord at 2022-03-31T06:14:56Z.
...
006 (127871.009.000) 2022-03-31 15:14:56 Image size of job updated: 607040
	148  -  MemoryUsage of job (MB)
	151204  -  ResidentSetSize of job (KB)
...
005 (127871.009.000) 2022-03-31 15:14:56 Job terminated.
	(1) Normal termination (return value 0)
		Usr 0 00:00:11, Sys 0 00:00:02  -  Run Remote Usage
		Usr 0 00:00:00, Sys 0 00:00:00  -  Run Local Usage
		Usr 0 00:00:11, Sys 0 00:00:02  -  Total Remote Usage
		Usr 0 00:00:00, Sys 0 00:00:00  -  Total Local Usage
	0  -  Run Bytes Sent By Job
	0  -  Run Bytes Received By Job
	0  -  Total Bytes Sent By Job
	0  -  Total Bytes Received By Job
	Partitionable Resources :    Usage  Request Allocated 
	   Cpus                 :                 1         1 
	   Disk (KB)            :        1        1    129249 
	   Memory (MB)          :      148     3900      3968 

	Job terminated of its own accord at 2022-03-31T06:14:56Z.
...
006 (127871.006.000) 2022-03-31 15:14:56 Image size of job updated: 607032
	154  -  MemoryUsage of job (MB)
	156924  -  ResidentSetSize of job (KB)
...
005 (127871.006.000) 2022-03-31 15:14:56 Job terminated.
	(1) Normal termination (return value 0)
		Usr 0 00:00:11, Sys 0 00:00:02  -  Run Remote Usage
		Usr 0 00:00:00, Sys 0 00:00:00  -  Run Local Usage
		Usr 0 00:00:11, Sys 0 00:00:02  -  Total Remote Usage
		Usr 0 00:00:00, Sys 0 00:00:00  -  Total Local Usage
	0  -  Run Bytes Sent By Job
	0  -  Run Bytes Received By Job
	0  -  Total Bytes Sent By Job
	0  -  Total Bytes Received By Job
	Partitionable Resources :    Usage  Request Allocated 
	   Cpus                 :                 1         1 
	   Disk (KB)            :        1        1    129249 
	   Memory (MB)          :      154     3900      3968 

	Job terminated of its own accord at 2022-03-31T06:14:56Z.
...
