000 (127800.000.000) 2022-03-31 14:00:41 Job submitted from host: <172.30.1.200:9618?addrs=172.30.1.200-9618&alias=tamsa2.snu.ac.kr&noUDP&sock=schedd_3154_f5cb>
...
000 (127800.001.000) 2022-03-31 14:00:41 Job submitted from host: <172.30.1.200:9618?addrs=172.30.1.200-9618&alias=tamsa2.snu.ac.kr&noUDP&sock=schedd_3154_f5cb>
...
000 (127800.002.000) 2022-03-31 14:00:41 Job submitted from host: <172.30.1.200:9618?addrs=172.30.1.200-9618&alias=tamsa2.snu.ac.kr&noUDP&sock=schedd_3154_f5cb>
...
000 (127800.003.000) 2022-03-31 14:00:41 Job submitted from host: <172.30.1.200:9618?addrs=172.30.1.200-9618&alias=tamsa2.snu.ac.kr&noUDP&sock=schedd_3154_f5cb>
...
000 (127800.004.000) 2022-03-31 14:00:41 Job submitted from host: <172.30.1.200:9618?addrs=172.30.1.200-9618&alias=tamsa2.snu.ac.kr&noUDP&sock=schedd_3154_f5cb>
...
000 (127800.005.000) 2022-03-31 14:00:41 Job submitted from host: <172.30.1.200:9618?addrs=172.30.1.200-9618&alias=tamsa2.snu.ac.kr&noUDP&sock=schedd_3154_f5cb>
...
000 (127800.006.000) 2022-03-31 14:00:41 Job submitted from host: <172.30.1.200:9618?addrs=172.30.1.200-9618&alias=tamsa2.snu.ac.kr&noUDP&sock=schedd_3154_f5cb>
...
000 (127800.007.000) 2022-03-31 14:00:41 Job submitted from host: <172.30.1.200:9618?addrs=172.30.1.200-9618&alias=tamsa2.snu.ac.kr&noUDP&sock=schedd_3154_f5cb>
...
000 (127800.008.000) 2022-03-31 14:00:41 Job submitted from host: <172.30.1.200:9618?addrs=172.30.1.200-9618&alias=tamsa2.snu.ac.kr&noUDP&sock=schedd_3154_f5cb>
...
000 (127800.009.000) 2022-03-31 14:00:41 Job submitted from host: <172.30.1.200:9618?addrs=172.30.1.200-9618&alias=tamsa2.snu.ac.kr&noUDP&sock=schedd_3154_f5cb>
...
000 (127800.010.000) 2022-03-31 14:00:41 Job submitted from host: <172.30.1.200:9618?addrs=172.30.1.200-9618&alias=tamsa2.snu.ac.kr&noUDP&sock=schedd_3154_f5cb>
...
000 (127800.011.000) 2022-03-31 14:00:41 Job submitted from host: <172.30.1.200:9618?addrs=172.30.1.200-9618&alias=tamsa2.snu.ac.kr&noUDP&sock=schedd_3154_f5cb>
...
000 (127800.012.000) 2022-03-31 14:00:41 Job submitted from host: <172.30.1.200:9618?addrs=172.30.1.200-9618&alias=tamsa2.snu.ac.kr&noUDP&sock=schedd_3154_f5cb>
...
000 (127800.013.000) 2022-03-31 14:00:41 Job submitted from host: <172.30.1.200:9618?addrs=172.30.1.200-9618&alias=tamsa2.snu.ac.kr&noUDP&sock=schedd_3154_f5cb>
...
000 (127800.014.000) 2022-03-31 14:00:41 Job submitted from host: <172.30.1.200:9618?addrs=172.30.1.200-9618&alias=tamsa2.snu.ac.kr&noUDP&sock=schedd_3154_f5cb>
...
000 (127800.015.000) 2022-03-31 14:00:41 Job submitted from host: <172.30.1.200:9618?addrs=172.30.1.200-9618&alias=tamsa2.snu.ac.kr&noUDP&sock=schedd_3154_f5cb>
...
000 (127800.016.000) 2022-03-31 14:00:41 Job submitted from host: <172.30.1.200:9618?addrs=172.30.1.200-9618&alias=tamsa2.snu.ac.kr&noUDP&sock=schedd_3154_f5cb>
...
000 (127800.017.000) 2022-03-31 14:00:41 Job submitted from host: <172.30.1.200:9618?addrs=172.30.1.200-9618&alias=tamsa2.snu.ac.kr&noUDP&sock=schedd_3154_f5cb>
...
000 (127800.018.000) 2022-03-31 14:00:41 Job submitted from host: <172.30.1.200:9618?addrs=172.30.1.200-9618&alias=tamsa2.snu.ac.kr&noUDP&sock=schedd_3154_f5cb>
...
000 (127800.019.000) 2022-03-31 14:00:41 Job submitted from host: <172.30.1.200:9618?addrs=172.30.1.200-9618&alias=tamsa2.snu.ac.kr&noUDP&sock=schedd_3154_f5cb>
...
001 (127800.000.000) 2022-03-31 14:00:49 Job executing on host: <172.30.1.206:9618?addrs=172.30.1.206-9618&alias=node6&noUDP&sock=startd_38667_ec9e>
...
001 (127800.001.000) 2022-03-31 14:00:49 Job executing on host: <172.30.1.206:9618?addrs=172.30.1.206-9618&alias=node6&noUDP&sock=startd_38667_ec9e>
...
001 (127800.002.000) 2022-03-31 14:00:49 Job executing on host: <172.30.1.206:9618?addrs=172.30.1.206-9618&alias=node6&noUDP&sock=startd_38667_ec9e>
...
001 (127800.003.000) 2022-03-31 14:00:49 Job executing on host: <172.30.1.206:9618?addrs=172.30.1.206-9618&alias=node6&noUDP&sock=startd_38667_ec9e>
...
001 (127800.004.000) 2022-03-31 14:00:49 Job executing on host: <172.30.1.206:9618?addrs=172.30.1.206-9618&alias=node6&noUDP&sock=startd_38667_ec9e>
...
001 (127800.005.000) 2022-03-31 14:00:49 Job executing on host: <172.30.1.206:9618?addrs=172.30.1.206-9618&alias=node6&noUDP&sock=startd_38667_ec9e>
...
001 (127800.006.000) 2022-03-31 14:00:49 Job executing on host: <172.30.1.206:9618?addrs=172.30.1.206-9618&alias=node6&noUDP&sock=startd_38667_ec9e>
...
001 (127800.007.000) 2022-03-31 14:00:49 Job executing on host: <172.30.1.206:9618?addrs=172.30.1.206-9618&alias=node6&noUDP&sock=startd_38667_ec9e>
...
001 (127800.008.000) 2022-03-31 14:00:49 Job executing on host: <172.30.1.206:9618?addrs=172.30.1.206-9618&alias=node6&noUDP&sock=startd_38667_ec9e>
...
001 (127800.009.000) 2022-03-31 14:00:49 Job executing on host: <172.30.1.206:9618?addrs=172.30.1.206-9618&alias=node6&noUDP&sock=startd_38667_ec9e>
...
001 (127800.010.000) 2022-03-31 14:00:50 Job executing on host: <172.30.1.206:9618?addrs=172.30.1.206-9618&alias=node6&noUDP&sock=startd_38667_ec9e>
...
001 (127800.011.000) 2022-03-31 14:00:50 Job executing on host: <172.30.1.206:9618?addrs=172.30.1.206-9618&alias=node6&noUDP&sock=startd_38667_ec9e>
...
001 (127800.012.000) 2022-03-31 14:00:50 Job executing on host: <172.30.1.206:9618?addrs=172.30.1.206-9618&alias=node6&noUDP&sock=startd_38667_ec9e>
...
001 (127800.013.000) 2022-03-31 14:00:50 Job executing on host: <172.30.1.206:9618?addrs=172.30.1.206-9618&alias=node6&noUDP&sock=startd_38667_ec9e>
...
001 (127800.014.000) 2022-03-31 14:00:50 Job executing on host: <172.30.1.206:9618?addrs=172.30.1.206-9618&alias=node6&noUDP&sock=startd_38667_ec9e>
...
001 (127800.015.000) 2022-03-31 14:00:50 Job executing on host: <172.30.1.206:9618?addrs=172.30.1.206-9618&alias=node6&noUDP&sock=startd_38667_ec9e>
...
001 (127800.016.000) 2022-03-31 14:00:50 Job executing on host: <172.30.1.206:9618?addrs=172.30.1.206-9618&alias=node6&noUDP&sock=startd_38667_ec9e>
...
001 (127800.017.000) 2022-03-31 14:00:50 Job executing on host: <172.30.1.206:9618?addrs=172.30.1.206-9618&alias=node6&noUDP&sock=startd_38667_ec9e>
...
001 (127800.018.000) 2022-03-31 14:00:50 Job executing on host: <172.30.1.206:9618?addrs=172.30.1.206-9618&alias=node6&noUDP&sock=startd_38667_ec9e>
...
001 (127800.019.000) 2022-03-31 14:00:50 Job executing on host: <172.30.1.206:9618?addrs=172.30.1.206-9618&alias=node6&noUDP&sock=startd_38667_ec9e>
...
006 (127800.000.000) 2022-03-31 14:00:57 Image size of job updated: 233452
	166  -  MemoryUsage of job (MB)
	169592  -  ResidentSetSize of job (KB)
...
006 (127800.001.000) 2022-03-31 14:00:57 Image size of job updated: 233452
	166  -  MemoryUsage of job (MB)
	169024  -  ResidentSetSize of job (KB)
...
006 (127800.009.000) 2022-03-31 14:00:58 Image size of job updated: 183804
	177  -  MemoryUsage of job (MB)
	181128  -  ResidentSetSize of job (KB)
...
006 (127800.010.000) 2022-03-31 14:00:58 Image size of job updated: 185824
	177  -  MemoryUsage of job (MB)
	181112  -  ResidentSetSize of job (KB)
...
006 (127800.011.000) 2022-03-31 14:00:58 Image size of job updated: 185824
	177  -  MemoryUsage of job (MB)
	181124  -  ResidentSetSize of job (KB)
...
006 (127800.012.000) 2022-03-31 14:00:58 Image size of job updated: 185836
	177  -  MemoryUsage of job (MB)
	181132  -  ResidentSetSize of job (KB)
...
006 (127800.013.000) 2022-03-31 14:00:58 Image size of job updated: 183964
	177  -  MemoryUsage of job (MB)
	181120  -  ResidentSetSize of job (KB)
...
006 (127800.014.000) 2022-03-31 14:00:58 Image size of job updated: 185340
	177  -  MemoryUsage of job (MB)
	181128  -  ResidentSetSize of job (KB)
...
006 (127800.002.000) 2022-03-31 14:00:58 Image size of job updated: 233452
	178  -  MemoryUsage of job (MB)
	181808  -  ResidentSetSize of job (KB)
...
006 (127800.003.000) 2022-03-31 14:00:58 Image size of job updated: 233452
	180  -  MemoryUsage of job (MB)
	183492  -  ResidentSetSize of job (KB)
...
006 (127800.004.000) 2022-03-31 14:00:58 Image size of job updated: 233452
	182  -  MemoryUsage of job (MB)
	185452  -  ResidentSetSize of job (KB)
...
006 (127800.005.000) 2022-03-31 14:00:58 Image size of job updated: 233452
	182  -  MemoryUsage of job (MB)
	185472  -  ResidentSetSize of job (KB)
...
006 (127800.006.000) 2022-03-31 14:00:58 Image size of job updated: 233452
	182  -  MemoryUsage of job (MB)
	185956  -  ResidentSetSize of job (KB)
...
006 (127800.007.000) 2022-03-31 14:00:58 Image size of job updated: 200240
	182  -  MemoryUsage of job (MB)
	185756  -  ResidentSetSize of job (KB)
...
006 (127800.008.000) 2022-03-31 14:00:58 Image size of job updated: 189540
	183  -  MemoryUsage of job (MB)
	186552  -  ResidentSetSize of job (KB)
...
006 (127800.015.000) 2022-03-31 14:00:59 Image size of job updated: 192116
	183  -  MemoryUsage of job (MB)
	186560  -  ResidentSetSize of job (KB)
...
006 (127800.016.000) 2022-03-31 14:00:59 Image size of job updated: 191972
	183  -  MemoryUsage of job (MB)
	186548  -  ResidentSetSize of job (KB)
...
006 (127800.017.000) 2022-03-31 14:00:59 Image size of job updated: 194964
	183  -  MemoryUsage of job (MB)
	186540  -  ResidentSetSize of job (KB)
...
006 (127800.018.000) 2022-03-31 14:00:59 Image size of job updated: 197472
	183  -  MemoryUsage of job (MB)
	186560  -  ResidentSetSize of job (KB)
...
006 (127800.019.000) 2022-03-31 14:00:59 Image size of job updated: 197776
	183  -  MemoryUsage of job (MB)
	186532  -  ResidentSetSize of job (KB)
...
006 (127800.013.000) 2022-03-31 14:01:03 Image size of job updated: 653704
	177  -  MemoryUsage of job (MB)
	181120  -  ResidentSetSize of job (KB)
...
005 (127800.013.000) 2022-03-31 14:01:03 Job terminated.
	(1) Normal termination (return value 0)
		Usr 0 00:00:06, Sys 0 00:00:01  -  Run Remote Usage
		Usr 0 00:00:00, Sys 0 00:00:00  -  Run Local Usage
		Usr 0 00:00:06, Sys 0 00:00:01  -  Total Remote Usage
		Usr 0 00:00:00, Sys 0 00:00:00  -  Total Local Usage
	0  -  Run Bytes Sent By Job
	0  -  Run Bytes Received By Job
	0  -  Total Bytes Sent By Job
	0  -  Total Bytes Received By Job
	Partitionable Resources :    Usage  Request Allocated 
	   Cpus                 :                 1         1 
	   Disk (KB)            :        1        1     89980 
	   Memory (MB)          :      177     3900      3968 

	Job terminated of its own accord at 2022-03-31T05:01:03Z.
...
006 (127800.011.000) 2022-03-31 14:01:03 Image size of job updated: 670484
	177  -  MemoryUsage of job (MB)
	181124  -  ResidentSetSize of job (KB)
...
005 (127800.011.000) 2022-03-31 14:01:03 Job terminated.
	(1) Normal termination (return value 0)
		Usr 0 00:00:07, Sys 0 00:00:01  -  Run Remote Usage
		Usr 0 00:00:00, Sys 0 00:00:00  -  Run Local Usage
		Usr 0 00:00:07, Sys 0 00:00:01  -  Total Remote Usage
		Usr 0 00:00:00, Sys 0 00:00:00  -  Total Local Usage
	0  -  Run Bytes Sent By Job
	0  -  Run Bytes Received By Job
	0  -  Total Bytes Sent By Job
	0  -  Total Bytes Received By Job
	Partitionable Resources :    Usage  Request Allocated 
	   Cpus                 :                 1         1 
	   Disk (KB)            :        1        1     89980 
	   Memory (MB)          :      177     3900      3968 

	Job terminated of its own accord at 2022-03-31T05:01:03Z.
...
006 (127800.003.000) 2022-03-31 14:01:04 Image size of job updated: 685024
	180  -  MemoryUsage of job (MB)
	183496  -  ResidentSetSize of job (KB)
...
005 (127800.003.000) 2022-03-31 14:01:04 Job terminated.
	(1) Normal termination (return value 0)
		Usr 0 00:00:08, Sys 0 00:00:02  -  Run Remote Usage
		Usr 0 00:00:00, Sys 0 00:00:00  -  Run Local Usage
		Usr 0 00:00:08, Sys 0 00:00:02  -  Total Remote Usage
		Usr 0 00:00:00, Sys 0 00:00:00  -  Total Local Usage
	0  -  Run Bytes Sent By Job
	0  -  Run Bytes Received By Job
	0  -  Total Bytes Sent By Job
	0  -  Total Bytes Received By Job
	Partitionable Resources :    Usage  Request Allocated 
	   Cpus                 :                 1         1 
	   Disk (KB)            :        1        1     89980 
	   Memory (MB)          :      180     3900      3968 

	Job terminated of its own accord at 2022-03-31T05:01:04Z.
...
006 (127800.000.000) 2022-03-31 14:01:06 Image size of job updated: 685024
	166  -  MemoryUsage of job (MB)
	169592  -  ResidentSetSize of job (KB)
...
005 (127800.000.000) 2022-03-31 14:01:06 Job terminated.
	(1) Normal termination (return value 0)
		Usr 0 00:00:10, Sys 0 00:00:02  -  Run Remote Usage
		Usr 0 00:00:00, Sys 0 00:00:00  -  Run Local Usage
		Usr 0 00:00:10, Sys 0 00:00:02  -  Total Remote Usage
		Usr 0 00:00:00, Sys 0 00:00:00  -  Total Local Usage
	0  -  Run Bytes Sent By Job
	0  -  Run Bytes Received By Job
	0  -  Total Bytes Sent By Job
	0  -  Total Bytes Received By Job
	Partitionable Resources :    Usage  Request Allocated 
	   Cpus                 :                 1         1 
	   Disk (KB)            :        1        1     89980 
	   Memory (MB)          :      166     3900      3968 

	Job terminated of its own accord at 2022-03-31T05:01:06Z.
...
006 (127800.018.000) 2022-03-31 14:01:06 Image size of job updated: 686736
	183  -  MemoryUsage of job (MB)
	186560  -  ResidentSetSize of job (KB)
...
005 (127800.018.000) 2022-03-31 14:01:06 Job terminated.
	(1) Normal termination (return value 0)
		Usr 0 00:00:09, Sys 0 00:00:01  -  Run Remote Usage
		Usr 0 00:00:00, Sys 0 00:00:00  -  Run Local Usage
		Usr 0 00:00:09, Sys 0 00:00:01  -  Total Remote Usage
		Usr 0 00:00:00, Sys 0 00:00:00  -  Total Local Usage
	0  -  Run Bytes Sent By Job
	0  -  Run Bytes Received By Job
	0  -  Total Bytes Sent By Job
	0  -  Total Bytes Received By Job
	Partitionable Resources :    Usage  Request Allocated 
	   Cpus                 :                 1         1 
	   Disk (KB)            :        1        1     89980 
	   Memory (MB)          :      183     3900      3968 

	Job terminated of its own accord at 2022-03-31T05:01:06Z.
...
006 (127800.019.000) 2022-03-31 14:01:06 Image size of job updated: 686740
	183  -  MemoryUsage of job (MB)
	186532  -  ResidentSetSize of job (KB)
...
005 (127800.019.000) 2022-03-31 14:01:06 Job terminated.
	(1) Normal termination (return value 0)
		Usr 0 00:00:10, Sys 0 00:00:01  -  Run Remote Usage
		Usr 0 00:00:00, Sys 0 00:00:00  -  Run Local Usage
		Usr 0 00:00:10, Sys 0 00:00:01  -  Total Remote Usage
		Usr 0 00:00:00, Sys 0 00:00:00  -  Total Local Usage
	0  -  Run Bytes Sent By Job
	0  -  Run Bytes Received By Job
	0  -  Total Bytes Sent By Job
	0  -  Total Bytes Received By Job
	Partitionable Resources :    Usage  Request Allocated 
	   Cpus                 :                 1         1 
	   Disk (KB)            :        1        1     89980 
	   Memory (MB)          :      183     3900      3968 

	Job terminated of its own accord at 2022-03-31T05:01:06Z.
...
006 (127800.016.000) 2022-03-31 14:01:07 Image size of job updated: 684244
	183  -  MemoryUsage of job (MB)
	186548  -  ResidentSetSize of job (KB)
...
006 (127800.007.000) 2022-03-31 14:01:07 Image size of job updated: 685064
	182  -  MemoryUsage of job (MB)
	185756  -  ResidentSetSize of job (KB)
...
005 (127800.007.000) 2022-03-31 14:01:07 Job terminated.
	(1) Normal termination (return value 0)
		Usr 0 00:00:10, Sys 0 00:00:02  -  Run Remote Usage
		Usr 0 00:00:00, Sys 0 00:00:00  -  Run Local Usage
		Usr 0 00:00:10, Sys 0 00:00:02  -  Total Remote Usage
		Usr 0 00:00:00, Sys 0 00:00:00  -  Total Local Usage
	0  -  Run Bytes Sent By Job
	0  -  Run Bytes Received By Job
	0  -  Total Bytes Sent By Job
	0  -  Total Bytes Received By Job
	Partitionable Resources :    Usage  Request Allocated 
	   Cpus                 :                 1         1 
	   Disk (KB)            :        1        1     89980 
	   Memory (MB)          :      182     3900      3968 

	Job terminated of its own accord at 2022-03-31T05:01:07Z.
...
005 (127800.016.000) 2022-03-31 14:01:07 Job terminated.
	(1) Normal termination (return value 0)
		Usr 0 00:00:10, Sys 0 00:00:01  -  Run Remote Usage
		Usr 0 00:00:00, Sys 0 00:00:00  -  Run Local Usage
		Usr 0 00:00:10, Sys 0 00:00:01  -  Total Remote Usage
		Usr 0 00:00:00, Sys 0 00:00:00  -  Total Local Usage
	0  -  Run Bytes Sent By Job
	0  -  Run Bytes Received By Job
	0  -  Total Bytes Sent By Job
	0  -  Total Bytes Received By Job
	Partitionable Resources :    Usage  Request Allocated 
	   Cpus                 :                 1         1 
	   Disk (KB)            :        1        1     89980 
	   Memory (MB)          :      183     3900      3968 

	Job terminated of its own accord at 2022-03-31T05:01:07Z.
...
006 (127800.012.000) 2022-03-31 14:01:07 Image size of job updated: 683952
	177  -  MemoryUsage of job (MB)
	181132  -  ResidentSetSize of job (KB)
...
005 (127800.012.000) 2022-03-31 14:01:07 Job terminated.
	(1) Normal termination (return value 0)
		Usr 0 00:00:11, Sys 0 00:00:01  -  Run Remote Usage
		Usr 0 00:00:00, Sys 0 00:00:00  -  Run Local Usage
		Usr 0 00:00:11, Sys 0 00:00:01  -  Total Remote Usage
		Usr 0 00:00:00, Sys 0 00:00:00  -  Total Local Usage
	0  -  Run Bytes Sent By Job
	0  -  Run Bytes Received By Job
	0  -  Total Bytes Sent By Job
	0  -  Total Bytes Received By Job
	Partitionable Resources :    Usage  Request Allocated 
	   Cpus                 :                 1         1 
	   Disk (KB)            :        1        1     89980 
	   Memory (MB)          :      177     3900      3968 

	Job terminated of its own accord at 2022-03-31T05:01:07Z.
...
006 (127800.017.000) 2022-03-31 14:01:08 Image size of job updated: 686776
	183  -  MemoryUsage of job (MB)
	186540  -  ResidentSetSize of job (KB)
...
005 (127800.017.000) 2022-03-31 14:01:08 Job terminated.
	(1) Normal termination (return value 0)
		Usr 0 00:00:11, Sys 0 00:00:01  -  Run Remote Usage
		Usr 0 00:00:00, Sys 0 00:00:00  -  Run Local Usage
		Usr 0 00:00:11, Sys 0 00:00:01  -  Total Remote Usage
		Usr 0 00:00:00, Sys 0 00:00:00  -  Total Local Usage
	0  -  Run Bytes Sent By Job
	0  -  Run Bytes Received By Job
	0  -  Total Bytes Sent By Job
	0  -  Total Bytes Received By Job
	Partitionable Resources :    Usage  Request Allocated 
	   Cpus                 :                 1         1 
	   Disk (KB)            :        1        1     89980 
	   Memory (MB)          :      183     3900      3968 

	Job terminated of its own accord at 2022-03-31T05:01:08Z.
...
006 (127800.002.000) 2022-03-31 14:01:09 Image size of job updated: 685000
	178  -  MemoryUsage of job (MB)
	181808  -  ResidentSetSize of job (KB)
...
005 (127800.002.000) 2022-03-31 14:01:09 Job terminated.
	(1) Normal termination (return value 0)
		Usr 0 00:00:13, Sys 0 00:00:02  -  Run Remote Usage
		Usr 0 00:00:00, Sys 0 00:00:00  -  Run Local Usage
		Usr 0 00:00:13, Sys 0 00:00:02  -  Total Remote Usage
		Usr 0 00:00:00, Sys 0 00:00:00  -  Total Local Usage
	0  -  Run Bytes Sent By Job
	0  -  Run Bytes Received By Job
	0  -  Total Bytes Sent By Job
	0  -  Total Bytes Received By Job
	Partitionable Resources :    Usage  Request Allocated 
	   Cpus                 :                 1         1 
	   Disk (KB)            :        1        1     89980 
	   Memory (MB)          :      178     3900      3968 

	Job terminated of its own accord at 2022-03-31T05:01:09Z.
...
006 (127800.005.000) 2022-03-31 14:01:10 Image size of job updated: 685024
	182  -  MemoryUsage of job (MB)
	185472  -  ResidentSetSize of job (KB)
...
005 (127800.005.000) 2022-03-31 14:01:10 Job terminated.
	(1) Normal termination (return value 0)
		Usr 0 00:00:14, Sys 0 00:00:02  -  Run Remote Usage
		Usr 0 00:00:00, Sys 0 00:00:00  -  Run Local Usage
		Usr 0 00:00:14, Sys 0 00:00:02  -  Total Remote Usage
		Usr 0 00:00:00, Sys 0 00:00:00  -  Total Local Usage
	0  -  Run Bytes Sent By Job
	0  -  Run Bytes Received By Job
	0  -  Total Bytes Sent By Job
	0  -  Total Bytes Received By Job
	Partitionable Resources :    Usage  Request Allocated 
	   Cpus                 :                 1         1 
	   Disk (KB)            :        1        1     89980 
	   Memory (MB)          :      182     3900      3968 

	Job terminated of its own accord at 2022-03-31T05:01:10Z.
...
006 (127800.015.000) 2022-03-31 14:01:10 Image size of job updated: 682864
	183  -  MemoryUsage of job (MB)
	186560  -  ResidentSetSize of job (KB)
...
005 (127800.015.000) 2022-03-31 14:01:10 Job terminated.
	(1) Normal termination (return value 0)
		Usr 0 00:00:14, Sys 0 00:00:01  -  Run Remote Usage
		Usr 0 00:00:00, Sys 0 00:00:00  -  Run Local Usage
		Usr 0 00:00:14, Sys 0 00:00:01  -  Total Remote Usage
		Usr 0 00:00:00, Sys 0 00:00:00  -  Total Local Usage
	0  -  Run Bytes Sent By Job
	0  -  Run Bytes Received By Job
	0  -  Total Bytes Sent By Job
	0  -  Total Bytes Received By Job
	Partitionable Resources :    Usage  Request Allocated 
	   Cpus                 :                 1         1 
	   Disk (KB)            :        1        1     89980 
	   Memory (MB)          :      183     3900      3968 

	Job terminated of its own accord at 2022-03-31T05:01:10Z.
...
006 (127800.010.000) 2022-03-31 14:01:11 Image size of job updated: 683296
	177  -  MemoryUsage of job (MB)
	181112  -  ResidentSetSize of job (KB)
...
005 (127800.010.000) 2022-03-31 14:01:11 Job terminated.
	(1) Normal termination (return value 0)
		Usr 0 00:00:14, Sys 0 00:00:01  -  Run Remote Usage
		Usr 0 00:00:00, Sys 0 00:00:00  -  Run Local Usage
		Usr 0 00:00:14, Sys 0 00:00:01  -  Total Remote Usage
		Usr 0 00:00:00, Sys 0 00:00:00  -  Total Local Usage
	0  -  Run Bytes Sent By Job
	0  -  Run Bytes Received By Job
	0  -  Total Bytes Sent By Job
	0  -  Total Bytes Received By Job
	Partitionable Resources :    Usage  Request Allocated 
	   Cpus                 :                 1         1 
	   Disk (KB)            :        1        1     89980 
	   Memory (MB)          :      177     3900      3968 

	Job terminated of its own accord at 2022-03-31T05:01:11Z.
...
006 (127800.006.000) 2022-03-31 14:01:11 Image size of job updated: 688612
	182  -  MemoryUsage of job (MB)
	185956  -  ResidentSetSize of job (KB)
...
005 (127800.006.000) 2022-03-31 14:01:11 Job terminated.
	(1) Normal termination (return value 0)
		Usr 0 00:00:15, Sys 0 00:00:02  -  Run Remote Usage
		Usr 0 00:00:00, Sys 0 00:00:00  -  Run Local Usage
		Usr 0 00:00:15, Sys 0 00:00:02  -  Total Remote Usage
		Usr 0 00:00:00, Sys 0 00:00:00  -  Total Local Usage
	0  -  Run Bytes Sent By Job
	0  -  Run Bytes Received By Job
	0  -  Total Bytes Sent By Job
	0  -  Total Bytes Received By Job
	Partitionable Resources :    Usage  Request Allocated 
	   Cpus                 :                 1         1 
	   Disk (KB)            :        1        1     89980 
	   Memory (MB)          :      182     3900      3968 

	Job terminated of its own accord at 2022-03-31T05:01:11Z.
...
006 (127800.008.000) 2022-03-31 14:01:12 Image size of job updated: 688640
	183  -  MemoryUsage of job (MB)
	186552  -  ResidentSetSize of job (KB)
...
005 (127800.008.000) 2022-03-31 14:01:12 Job terminated.
	(1) Normal termination (return value 0)
		Usr 0 00:00:15, Sys 0 00:00:02  -  Run Remote Usage
		Usr 0 00:00:00, Sys 0 00:00:00  -  Run Local Usage
		Usr 0 00:00:15, Sys 0 00:00:02  -  Total Remote Usage
		Usr 0 00:00:00, Sys 0 00:00:00  -  Total Local Usage
	0  -  Run Bytes Sent By Job
	0  -  Run Bytes Received By Job
	0  -  Total Bytes Sent By Job
	0  -  Total Bytes Received By Job
	Partitionable Resources :    Usage  Request Allocated 
	   Cpus                 :                 1         1 
	   Disk (KB)            :        1        1     89980 
	   Memory (MB)          :      183     3900      3968 

	Job terminated of its own accord at 2022-03-31T05:01:12Z.
...
006 (127800.014.000) 2022-03-31 14:01:13 Image size of job updated: 646508
	177  -  MemoryUsage of job (MB)
	181128  -  ResidentSetSize of job (KB)
...
005 (127800.014.000) 2022-03-31 14:01:13 Job terminated.
	(1) Normal termination (return value 0)
		Usr 0 00:00:17, Sys 0 00:00:01  -  Run Remote Usage
		Usr 0 00:00:00, Sys 0 00:00:00  -  Run Local Usage
		Usr 0 00:00:17, Sys 0 00:00:01  -  Total Remote Usage
		Usr 0 00:00:00, Sys 0 00:00:00  -  Total Local Usage
	0  -  Run Bytes Sent By Job
	0  -  Run Bytes Received By Job
	0  -  Total Bytes Sent By Job
	0  -  Total Bytes Received By Job
	Partitionable Resources :    Usage  Request Allocated 
	   Cpus                 :                 1         1 
	   Disk (KB)            :        1        1     89980 
	   Memory (MB)          :      177     3900      3968 

	Job terminated of its own accord at 2022-03-31T05:01:13Z.
...
006 (127800.004.000) 2022-03-31 14:01:13 Image size of job updated: 690460
	182  -  MemoryUsage of job (MB)
	185452  -  ResidentSetSize of job (KB)
...
005 (127800.004.000) 2022-03-31 14:01:13 Job terminated.
	(1) Normal termination (return value 0)
		Usr 0 00:00:17, Sys 0 00:00:02  -  Run Remote Usage
		Usr 0 00:00:00, Sys 0 00:00:00  -  Run Local Usage
		Usr 0 00:00:17, Sys 0 00:00:02  -  Total Remote Usage
		Usr 0 00:00:00, Sys 0 00:00:00  -  Total Local Usage
	0  -  Run Bytes Sent By Job
	0  -  Run Bytes Received By Job
	0  -  Total Bytes Sent By Job
	0  -  Total Bytes Received By Job
	Partitionable Resources :    Usage  Request Allocated 
	   Cpus                 :                 1         1 
	   Disk (KB)            :        1        1     89980 
	   Memory (MB)          :      182     3900      3968 

	Job terminated of its own accord at 2022-03-31T05:01:13Z.
...
006 (127800.009.000) 2022-03-31 14:01:15 Image size of job updated: 685032
	177  -  MemoryUsage of job (MB)
	181128  -  ResidentSetSize of job (KB)
...
005 (127800.009.000) 2022-03-31 14:01:15 Job terminated.
	(1) Normal termination (return value 0)
		Usr 0 00:00:18, Sys 0 00:00:02  -  Run Remote Usage
		Usr 0 00:00:00, Sys 0 00:00:00  -  Run Local Usage
		Usr 0 00:00:18, Sys 0 00:00:02  -  Total Remote Usage
		Usr 0 00:00:00, Sys 0 00:00:00  -  Total Local Usage
	0  -  Run Bytes Sent By Job
	0  -  Run Bytes Received By Job
	0  -  Total Bytes Sent By Job
	0  -  Total Bytes Received By Job
	Partitionable Resources :    Usage  Request Allocated 
	   Cpus                 :                 1         1 
	   Disk (KB)            :        1        1     89980 
	   Memory (MB)          :      177     3900      3968 

	Job terminated of its own accord at 2022-03-31T05:01:15Z.
...
006 (127800.001.000) 2022-03-31 14:01:23 Image size of job updated: 689564
	166  -  MemoryUsage of job (MB)
	169036  -  ResidentSetSize of job (KB)
...
005 (127800.001.000) 2022-03-31 14:01:23 Job terminated.
	(1) Normal termination (return value 0)
		Usr 0 00:00:27, Sys 0 00:00:02  -  Run Remote Usage
		Usr 0 00:00:00, Sys 0 00:00:00  -  Run Local Usage
		Usr 0 00:00:27, Sys 0 00:00:02  -  Total Remote Usage
		Usr 0 00:00:00, Sys 0 00:00:00  -  Total Local Usage
	0  -  Run Bytes Sent By Job
	0  -  Run Bytes Received By Job
	0  -  Total Bytes Sent By Job
	0  -  Total Bytes Received By Job
	Partitionable Resources :    Usage  Request Allocated 
	   Cpus                 :     0.99        1         1 
	   Disk (KB)            :     1           1     89980 
	   Memory (MB)          :   166        3900      3968 

	Job terminated of its own accord at 2022-03-31T05:01:23Z.
...
000 (127896.000.000) 2022-03-31 15:17:46 Job submitted from host: <172.30.1.200:9618?addrs=172.30.1.200-9618&alias=tamsa2.snu.ac.kr&noUDP&sock=schedd_3154_f5cb>
...
000 (127896.001.000) 2022-03-31 15:17:46 Job submitted from host: <172.30.1.200:9618?addrs=172.30.1.200-9618&alias=tamsa2.snu.ac.kr&noUDP&sock=schedd_3154_f5cb>
...
000 (127896.002.000) 2022-03-31 15:17:46 Job submitted from host: <172.30.1.200:9618?addrs=172.30.1.200-9618&alias=tamsa2.snu.ac.kr&noUDP&sock=schedd_3154_f5cb>
...
000 (127896.003.000) 2022-03-31 15:17:46 Job submitted from host: <172.30.1.200:9618?addrs=172.30.1.200-9618&alias=tamsa2.snu.ac.kr&noUDP&sock=schedd_3154_f5cb>
...
000 (127896.004.000) 2022-03-31 15:17:46 Job submitted from host: <172.30.1.200:9618?addrs=172.30.1.200-9618&alias=tamsa2.snu.ac.kr&noUDP&sock=schedd_3154_f5cb>
...
000 (127896.005.000) 2022-03-31 15:17:46 Job submitted from host: <172.30.1.200:9618?addrs=172.30.1.200-9618&alias=tamsa2.snu.ac.kr&noUDP&sock=schedd_3154_f5cb>
...
000 (127896.006.000) 2022-03-31 15:17:46 Job submitted from host: <172.30.1.200:9618?addrs=172.30.1.200-9618&alias=tamsa2.snu.ac.kr&noUDP&sock=schedd_3154_f5cb>
...
000 (127896.007.000) 2022-03-31 15:17:46 Job submitted from host: <172.30.1.200:9618?addrs=172.30.1.200-9618&alias=tamsa2.snu.ac.kr&noUDP&sock=schedd_3154_f5cb>
...
000 (127896.008.000) 2022-03-31 15:17:46 Job submitted from host: <172.30.1.200:9618?addrs=172.30.1.200-9618&alias=tamsa2.snu.ac.kr&noUDP&sock=schedd_3154_f5cb>
...
000 (127896.009.000) 2022-03-31 15:17:46 Job submitted from host: <172.30.1.200:9618?addrs=172.30.1.200-9618&alias=tamsa2.snu.ac.kr&noUDP&sock=schedd_3154_f5cb>
...
000 (127896.010.000) 2022-03-31 15:17:46 Job submitted from host: <172.30.1.200:9618?addrs=172.30.1.200-9618&alias=tamsa2.snu.ac.kr&noUDP&sock=schedd_3154_f5cb>
...
000 (127896.011.000) 2022-03-31 15:17:46 Job submitted from host: <172.30.1.200:9618?addrs=172.30.1.200-9618&alias=tamsa2.snu.ac.kr&noUDP&sock=schedd_3154_f5cb>
...
000 (127896.012.000) 2022-03-31 15:17:46 Job submitted from host: <172.30.1.200:9618?addrs=172.30.1.200-9618&alias=tamsa2.snu.ac.kr&noUDP&sock=schedd_3154_f5cb>
...
000 (127896.013.000) 2022-03-31 15:17:46 Job submitted from host: <172.30.1.200:9618?addrs=172.30.1.200-9618&alias=tamsa2.snu.ac.kr&noUDP&sock=schedd_3154_f5cb>
...
000 (127896.014.000) 2022-03-31 15:17:46 Job submitted from host: <172.30.1.200:9618?addrs=172.30.1.200-9618&alias=tamsa2.snu.ac.kr&noUDP&sock=schedd_3154_f5cb>
...
000 (127896.015.000) 2022-03-31 15:17:46 Job submitted from host: <172.30.1.200:9618?addrs=172.30.1.200-9618&alias=tamsa2.snu.ac.kr&noUDP&sock=schedd_3154_f5cb>
...
000 (127896.016.000) 2022-03-31 15:17:46 Job submitted from host: <172.30.1.200:9618?addrs=172.30.1.200-9618&alias=tamsa2.snu.ac.kr&noUDP&sock=schedd_3154_f5cb>
...
000 (127896.017.000) 2022-03-31 15:17:46 Job submitted from host: <172.30.1.200:9618?addrs=172.30.1.200-9618&alias=tamsa2.snu.ac.kr&noUDP&sock=schedd_3154_f5cb>
...
000 (127896.018.000) 2022-03-31 15:17:46 Job submitted from host: <172.30.1.200:9618?addrs=172.30.1.200-9618&alias=tamsa2.snu.ac.kr&noUDP&sock=schedd_3154_f5cb>
...
000 (127896.019.000) 2022-03-31 15:17:46 Job submitted from host: <172.30.1.200:9618?addrs=172.30.1.200-9618&alias=tamsa2.snu.ac.kr&noUDP&sock=schedd_3154_f5cb>
...
001 (127896.011.000) 2022-03-31 15:18:07 Job executing on host: <172.30.1.207:9618?addrs=172.30.1.207-9618&alias=node7&noUDP&sock=startd_3626_b67f>
...
001 (127896.003.000) 2022-03-31 15:18:07 Job executing on host: <172.30.1.204:9618?addrs=172.30.1.204-9618&alias=node4&noUDP&sock=startd_3623_a7b6>
...
001 (127896.019.000) 2022-03-31 15:18:08 Job executing on host: <172.30.1.208:9618?addrs=172.30.1.208-9618&alias=node8&noUDP&sock=startd_32564_c61f>
...
001 (127896.004.000) 2022-03-31 15:18:08 Job executing on host: <172.30.1.204:9618?addrs=172.30.1.204-9618&alias=node4&noUDP&sock=startd_3623_a7b6>
...
001 (127896.012.000) 2022-03-31 15:18:08 Job executing on host: <172.30.1.207:9618?addrs=172.30.1.207-9618&alias=node7&noUDP&sock=startd_3626_b67f>
...
001 (127896.005.000) 2022-03-31 15:18:08 Job executing on host: <172.30.1.204:9618?addrs=172.30.1.204-9618&alias=node4&noUDP&sock=startd_3623_a7b6>
...
001 (127896.013.000) 2022-03-31 15:18:08 Job executing on host: <172.30.1.207:9618?addrs=172.30.1.207-9618&alias=node7&noUDP&sock=startd_3626_b67f>
...
001 (127896.000.000) 2022-03-31 15:18:08 Job executing on host: <172.30.1.203:9618?addrs=172.30.1.203-9618&alias=node3&noUDP&sock=startd_3597_d240>
...
001 (127896.006.000) 2022-03-31 15:18:08 Job executing on host: <172.30.1.204:9618?addrs=172.30.1.204-9618&alias=node4&noUDP&sock=startd_3623_a7b6>
...
001 (127896.014.000) 2022-03-31 15:18:08 Job executing on host: <172.30.1.207:9618?addrs=172.30.1.207-9618&alias=node7&noUDP&sock=startd_3626_b67f>
...
001 (127896.001.000) 2022-03-31 15:18:08 Job executing on host: <172.30.1.203:9618?addrs=172.30.1.203-9618&alias=node3&noUDP&sock=startd_3597_d240>
...
001 (127896.015.000) 2022-03-31 15:18:08 Job executing on host: <172.30.1.207:9618?addrs=172.30.1.207-9618&alias=node7&noUDP&sock=startd_3626_b67f>
...
001 (127896.007.000) 2022-03-31 15:18:08 Job executing on host: <172.30.1.204:9618?addrs=172.30.1.204-9618&alias=node4&noUDP&sock=startd_3623_a7b6>
...
001 (127896.002.000) 2022-03-31 15:18:08 Job executing on host: <172.30.1.203:9618?addrs=172.30.1.203-9618&alias=node3&noUDP&sock=startd_3597_d240>
...
001 (127896.016.000) 2022-03-31 15:18:08 Job executing on host: <172.30.1.207:9618?addrs=172.30.1.207-9618&alias=node7&noUDP&sock=startd_3626_b67f>
...
001 (127896.008.000) 2022-03-31 15:18:08 Job executing on host: <172.30.1.204:9618?addrs=172.30.1.204-9618&alias=node4&noUDP&sock=startd_3623_a7b6>
...
001 (127896.018.000) 2022-03-31 15:18:08 Job executing on host: <172.30.1.207:9618?addrs=172.30.1.207-9618&alias=node7&noUDP&sock=startd_3626_b67f>
...
001 (127896.009.000) 2022-03-31 15:18:08 Job executing on host: <172.30.1.204:9618?addrs=172.30.1.204-9618&alias=node4&noUDP&sock=startd_3623_a7b6>
...
001 (127896.017.000) 2022-03-31 15:18:08 Job executing on host: <172.30.1.207:9618?addrs=172.30.1.207-9618&alias=node7&noUDP&sock=startd_3626_b67f>
...
001 (127896.010.000) 2022-03-31 15:18:08 Job executing on host: <172.30.1.204:9618?addrs=172.30.1.204-9618&alias=node4&noUDP&sock=startd_3623_a7b6>
...
006 (127896.019.000) 2022-03-31 15:18:16 Image size of job updated: 439436
	137  -  MemoryUsage of job (MB)
	139776  -  ResidentSetSize of job (KB)
...
006 (127896.004.000) 2022-03-31 15:18:16 Image size of job updated: 196536
	179  -  MemoryUsage of job (MB)
	183232  -  ResidentSetSize of job (KB)
...
006 (127896.012.000) 2022-03-31 15:18:16 Image size of job updated: 648304
	185  -  MemoryUsage of job (MB)
	188480  -  ResidentSetSize of job (KB)
...
006 (127896.011.000) 2022-03-31 15:18:16 Image size of job updated: 648304
	185  -  MemoryUsage of job (MB)
	188476  -  ResidentSetSize of job (KB)
...
006 (127896.003.000) 2022-03-31 15:18:16 Image size of job updated: 222384
	184  -  MemoryUsage of job (MB)
	187408  -  ResidentSetSize of job (KB)
...
006 (127896.010.000) 2022-03-31 15:18:17 Image size of job updated: 226912
	184  -  MemoryUsage of job (MB)
	187972  -  ResidentSetSize of job (KB)
...
006 (127896.005.000) 2022-03-31 15:18:17 Image size of job updated: 198156
	185  -  MemoryUsage of job (MB)
	188476  -  ResidentSetSize of job (KB)
...
006 (127896.013.000) 2022-03-31 15:18:17 Image size of job updated: 648300
	185  -  MemoryUsage of job (MB)
	188464  -  ResidentSetSize of job (KB)
...
006 (127896.000.000) 2022-03-31 15:18:17 Image size of job updated: 316908
	180  -  MemoryUsage of job (MB)
	183380  -  ResidentSetSize of job (KB)
...
006 (127896.014.000) 2022-03-31 15:18:17 Image size of job updated: 648300
	185  -  MemoryUsage of job (MB)
	188480  -  ResidentSetSize of job (KB)
...
006 (127896.006.000) 2022-03-31 15:18:17 Image size of job updated: 191984
	185  -  MemoryUsage of job (MB)
	189004  -  ResidentSetSize of job (KB)
...
006 (127896.001.000) 2022-03-31 15:18:17 Image size of job updated: 316908
	179  -  MemoryUsage of job (MB)
	183052  -  ResidentSetSize of job (KB)
...
006 (127896.015.000) 2022-03-31 15:18:17 Image size of job updated: 648300
	185  -  MemoryUsage of job (MB)
	188476  -  ResidentSetSize of job (KB)
...
006 (127896.002.000) 2022-03-31 15:18:17 Image size of job updated: 316908
	182  -  MemoryUsage of job (MB)
	185628  -  ResidentSetSize of job (KB)
...
006 (127896.007.000) 2022-03-31 15:18:17 Image size of job updated: 212596
	185  -  MemoryUsage of job (MB)
	188476  -  ResidentSetSize of job (KB)
...
006 (127896.016.000) 2022-03-31 15:18:17 Image size of job updated: 648304
	185  -  MemoryUsage of job (MB)
	188476  -  ResidentSetSize of job (KB)
...
006 (127896.008.000) 2022-03-31 15:18:17 Image size of job updated: 202640
	185  -  MemoryUsage of job (MB)
	189008  -  ResidentSetSize of job (KB)
...
006 (127896.018.000) 2022-03-31 15:18:17 Image size of job updated: 648300
	185  -  MemoryUsage of job (MB)
	188476  -  ResidentSetSize of job (KB)
...
006 (127896.009.000) 2022-03-31 15:18:17 Image size of job updated: 198968
	185  -  MemoryUsage of job (MB)
	188468  -  ResidentSetSize of job (KB)
...
006 (127896.017.000) 2022-03-31 15:18:17 Image size of job updated: 648300
	185  -  MemoryUsage of job (MB)
	189160  -  ResidentSetSize of job (KB)
...
006 (127896.018.000) 2022-03-31 15:18:31 Image size of job updated: 701748
	185  -  MemoryUsage of job (MB)
	188476  -  ResidentSetSize of job (KB)
...
006 (127896.001.000) 2022-03-31 15:18:31 Image size of job updated: 696128
	179  -  MemoryUsage of job (MB)
	183052  -  ResidentSetSize of job (KB)
...
005 (127896.001.000) 2022-03-31 15:18:32 Job terminated.
	(1) Normal termination (return value 0)
		Usr 0 00:00:15, Sys 0 00:00:02  -  Run Remote Usage
		Usr 0 00:00:00, Sys 0 00:00:00  -  Run Local Usage
		Usr 0 00:00:15, Sys 0 00:00:02  -  Total Remote Usage
		Usr 0 00:00:00, Sys 0 00:00:00  -  Total Local Usage
	0  -  Run Bytes Sent By Job
	0  -  Run Bytes Received By Job
	0  -  Total Bytes Sent By Job
	0  -  Total Bytes Received By Job
	Partitionable Resources :    Usage  Request Allocated 
	   Cpus                 :                 1         1 
	   Disk (KB)            :        1        1    129249 
	   Memory (MB)          :      179     3900      3968 

	Job terminated of its own accord at 2022-03-31T06:18:31Z.
...
005 (127896.018.000) 2022-03-31 15:18:32 Job terminated.
	(1) Normal termination (return value 0)
		Usr 0 00:00:17, Sys 0 00:00:02  -  Run Remote Usage
		Usr 0 00:00:00, Sys 0 00:00:00  -  Run Local Usage
		Usr 0 00:00:17, Sys 0 00:00:02  -  Total Remote Usage
		Usr 0 00:00:00, Sys 0 00:00:00  -  Total Local Usage
	0  -  Run Bytes Sent By Job
	0  -  Run Bytes Received By Job
	0  -  Total Bytes Sent By Job
	0  -  Total Bytes Received By Job
	Partitionable Resources :    Usage  Request Allocated 
	   Cpus                 :                 1         1 
	   Disk (KB)            :        1        1    129249 
	   Memory (MB)          :      185     3900      3968 

	Job terminated of its own accord at 2022-03-31T06:18:31Z.
...
006 (127896.011.000) 2022-03-31 15:18:33 Image size of job updated: 692168
	185  -  MemoryUsage of job (MB)
	188476  -  ResidentSetSize of job (KB)
...
005 (127896.011.000) 2022-03-31 15:18:33 Job terminated.
	(1) Normal termination (return value 0)
		Usr 0 00:00:16, Sys 0 00:00:02  -  Run Remote Usage
		Usr 0 00:00:00, Sys 0 00:00:00  -  Run Local Usage
		Usr 0 00:00:16, Sys 0 00:00:02  -  Total Remote Usage
		Usr 0 00:00:00, Sys 0 00:00:00  -  Total Local Usage
	0  -  Run Bytes Sent By Job
	0  -  Run Bytes Received By Job
	0  -  Total Bytes Sent By Job
	0  -  Total Bytes Received By Job
	Partitionable Resources :    Usage  Request Allocated 
	   Cpus                 :                 1         1 
	   Disk (KB)            :        1        1    129249 
	   Memory (MB)          :      185     3900      3968 

	Job terminated of its own accord at 2022-03-31T06:18:33Z.
...
006 (127896.006.000) 2022-03-31 15:18:34 Image size of job updated: 690676
	185  -  MemoryUsage of job (MB)
	189004  -  ResidentSetSize of job (KB)
...
005 (127896.006.000) 2022-03-31 15:18:34 Job terminated.
	(1) Normal termination (return value 0)
		Usr 0 00:00:20, Sys 0 00:00:02  -  Run Remote Usage
		Usr 0 00:00:00, Sys 0 00:00:00  -  Run Local Usage
		Usr 0 00:00:20, Sys 0 00:00:02  -  Total Remote Usage
		Usr 0 00:00:00, Sys 0 00:00:00  -  Total Local Usage
	0  -  Run Bytes Sent By Job
	0  -  Run Bytes Received By Job
	0  -  Total Bytes Sent By Job
	0  -  Total Bytes Received By Job
	Partitionable Resources :    Usage  Request Allocated 
	   Cpus                 :                 1         1 
	   Disk (KB)            :        1        1    129249 
	   Memory (MB)          :      185     3900      3968 

	Job terminated of its own accord at 2022-03-31T06:18:34Z.
...
006 (127896.008.000) 2022-03-31 15:18:35 Image size of job updated: 687128
	185  -  MemoryUsage of job (MB)
	189008  -  ResidentSetSize of job (KB)
...
005 (127896.008.000) 2022-03-31 15:18:35 Job terminated.
	(1) Normal termination (return value 0)
		Usr 0 00:00:20, Sys 0 00:00:02  -  Run Remote Usage
		Usr 0 00:00:00, Sys 0 00:00:00  -  Run Local Usage
		Usr 0 00:00:20, Sys 0 00:00:02  -  Total Remote Usage
		Usr 0 00:00:00, Sys 0 00:00:00  -  Total Local Usage
	0  -  Run Bytes Sent By Job
	0  -  Run Bytes Received By Job
	0  -  Total Bytes Sent By Job
	0  -  Total Bytes Received By Job
	Partitionable Resources :    Usage  Request Allocated 
	   Cpus                 :                 1         1 
	   Disk (KB)            :        1        1    129249 
	   Memory (MB)          :      185     3900      3968 

	Job terminated of its own accord at 2022-03-31T06:18:35Z.
...
006 (127896.015.000) 2022-03-31 15:18:35 Image size of job updated: 690676
	185  -  MemoryUsage of job (MB)
	188476  -  ResidentSetSize of job (KB)
...
005 (127896.015.000) 2022-03-31 15:18:35 Job terminated.
	(1) Normal termination (return value 0)
		Usr 0 00:00:21, Sys 0 00:00:01  -  Run Remote Usage
		Usr 0 00:00:00, Sys 0 00:00:00  -  Run Local Usage
		Usr 0 00:00:21, Sys 0 00:00:01  -  Total Remote Usage
		Usr 0 00:00:00, Sys 0 00:00:00  -  Total Local Usage
	0  -  Run Bytes Sent By Job
	0  -  Run Bytes Received By Job
	0  -  Total Bytes Sent By Job
	0  -  Total Bytes Received By Job
	Partitionable Resources :    Usage  Request Allocated 
	   Cpus                 :                 1         1 
	   Disk (KB)            :        1        1    129249 
	   Memory (MB)          :      185     3900      3968 

	Job terminated of its own accord at 2022-03-31T06:18:35Z.
...
006 (127896.002.000) 2022-03-31 15:18:35 Image size of job updated: 700924
	182  -  MemoryUsage of job (MB)
	185640  -  ResidentSetSize of job (KB)
...
005 (127896.002.000) 2022-03-31 15:18:35 Job terminated.
	(1) Normal termination (return value 0)
		Usr 0 00:00:20, Sys 0 00:00:01  -  Run Remote Usage
		Usr 0 00:00:00, Sys 0 00:00:00  -  Run Local Usage
		Usr 0 00:00:20, Sys 0 00:00:01  -  Total Remote Usage
		Usr 0 00:00:00, Sys 0 00:00:00  -  Total Local Usage
	0  -  Run Bytes Sent By Job
	0  -  Run Bytes Received By Job
	0  -  Total Bytes Sent By Job
	0  -  Total Bytes Received By Job
	Partitionable Resources :    Usage  Request Allocated 
	   Cpus                 :                 1         1 
	   Disk (KB)            :        1        1    129249 
	   Memory (MB)          :      182     3900      3968 

	Job terminated of its own accord at 2022-03-31T06:18:35Z.
...
006 (127896.016.000) 2022-03-31 15:18:36 Image size of job updated: 690684
	185  -  MemoryUsage of job (MB)
	188476  -  ResidentSetSize of job (KB)
...
005 (127896.016.000) 2022-03-31 15:18:36 Job terminated.
	(1) Normal termination (return value 0)
		Usr 0 00:00:22, Sys 0 00:00:01  -  Run Remote Usage
		Usr 0 00:00:00, Sys 0 00:00:00  -  Run Local Usage
		Usr 0 00:00:22, Sys 0 00:00:01  -  Total Remote Usage
		Usr 0 00:00:00, Sys 0 00:00:00  -  Total Local Usage
	0  -  Run Bytes Sent By Job
	0  -  Run Bytes Received By Job
	0  -  Total Bytes Sent By Job
	0  -  Total Bytes Received By Job
	Partitionable Resources :    Usage  Request Allocated 
	   Cpus                 :                 1         1 
	   Disk (KB)            :        1        1    129249 
	   Memory (MB)          :      185     3900      3968 

	Job terminated of its own accord at 2022-03-31T06:18:36Z.
...
006 (127896.009.000) 2022-03-31 15:18:36 Image size of job updated: 688840
	185  -  MemoryUsage of job (MB)
	188468  -  ResidentSetSize of job (KB)
...
005 (127896.009.000) 2022-03-31 15:18:36 Job terminated.
	(1) Normal termination (return value 0)
		Usr 0 00:00:22, Sys 0 00:00:02  -  Run Remote Usage
		Usr 0 00:00:00, Sys 0 00:00:00  -  Run Local Usage
		Usr 0 00:00:22, Sys 0 00:00:02  -  Total Remote Usage
		Usr 0 00:00:00, Sys 0 00:00:00  -  Total Local Usage
	0  -  Run Bytes Sent By Job
	0  -  Run Bytes Received By Job
	0  -  Total Bytes Sent By Job
	0  -  Total Bytes Received By Job
	Partitionable Resources :    Usage  Request Allocated 
	   Cpus                 :                 1         1 
	   Disk (KB)            :        1        1    129249 
	   Memory (MB)          :      185     3900      3968 

	Job terminated of its own accord at 2022-03-31T06:18:36Z.
...
006 (127896.004.000) 2022-03-31 15:18:36 Image size of job updated: 687132
	179  -  MemoryUsage of job (MB)
	183256  -  ResidentSetSize of job (KB)
...
005 (127896.004.000) 2022-03-31 15:18:36 Job terminated.
	(1) Normal termination (return value 0)
		Usr 0 00:00:22, Sys 0 00:00:02  -  Run Remote Usage
		Usr 0 00:00:00, Sys 0 00:00:00  -  Run Local Usage
		Usr 0 00:00:22, Sys 0 00:00:02  -  Total Remote Usage
		Usr 0 00:00:00, Sys 0 00:00:00  -  Total Local Usage
	0  -  Run Bytes Sent By Job
	0  -  Run Bytes Received By Job
	0  -  Total Bytes Sent By Job
	0  -  Total Bytes Received By Job
	Partitionable Resources :    Usage  Request Allocated 
	   Cpus                 :                 1         1 
	   Disk (KB)            :        1        1    129249 
	   Memory (MB)          :      179     3900      3968 

	Job terminated of its own accord at 2022-03-31T06:18:36Z.
...
006 (127896.012.000) 2022-03-31 15:18:37 Image size of job updated: 687196
	185  -  MemoryUsage of job (MB)
	188480  -  ResidentSetSize of job (KB)
...
005 (127896.012.000) 2022-03-31 15:18:37 Job terminated.
	(1) Normal termination (return value 0)
		Usr 0 00:00:23, Sys 0 00:00:01  -  Run Remote Usage
		Usr 0 00:00:00, Sys 0 00:00:00  -  Run Local Usage
		Usr 0 00:00:23, Sys 0 00:00:01  -  Total Remote Usage
		Usr 0 00:00:00, Sys 0 00:00:00  -  Total Local Usage
	0  -  Run Bytes Sent By Job
	0  -  Run Bytes Received By Job
	0  -  Total Bytes Sent By Job
	0  -  Total Bytes Received By Job
	Partitionable Resources :    Usage  Request Allocated 
	   Cpus                 :                 1         1 
	   Disk (KB)            :        1        1    129249 
	   Memory (MB)          :      185     3900      3968 

	Job terminated of its own accord at 2022-03-31T06:18:37Z.
...
006 (127896.005.000) 2022-03-31 15:18:38 Image size of job updated: 687128
	185  -  MemoryUsage of job (MB)
	188476  -  ResidentSetSize of job (KB)
...
005 (127896.005.000) 2022-03-31 15:18:38 Job terminated.
	(1) Normal termination (return value 0)
		Usr 0 00:00:22, Sys 0 00:00:02  -  Run Remote Usage
		Usr 0 00:00:00, Sys 0 00:00:00  -  Run Local Usage
		Usr 0 00:00:22, Sys 0 00:00:02  -  Total Remote Usage
		Usr 0 00:00:00, Sys 0 00:00:00  -  Total Local Usage
	0  -  Run Bytes Sent By Job
	0  -  Run Bytes Received By Job
	0  -  Total Bytes Sent By Job
	0  -  Total Bytes Received By Job
	Partitionable Resources :    Usage  Request Allocated 
	   Cpus                 :                 1         1 
	   Disk (KB)            :        1        1    129249 
	   Memory (MB)          :      185     3900      3968 

	Job terminated of its own accord at 2022-03-31T06:18:38Z.
...
006 (127896.019.000) 2022-03-31 15:18:39 Image size of job updated: 691964
	137  -  MemoryUsage of job (MB)
	139776  -  ResidentSetSize of job (KB)
...
005 (127896.019.000) 2022-03-31 15:18:39 Job terminated.
	(1) Normal termination (return value 0)
		Usr 0 00:00:20, Sys 0 00:00:03  -  Run Remote Usage
		Usr 0 00:00:00, Sys 0 00:00:00  -  Run Local Usage
		Usr 0 00:00:20, Sys 0 00:00:03  -  Total Remote Usage
		Usr 0 00:00:00, Sys 0 00:00:00  -  Total Local Usage
	0  -  Run Bytes Sent By Job
	0  -  Run Bytes Received By Job
	0  -  Total Bytes Sent By Job
	0  -  Total Bytes Received By Job
	Partitionable Resources :    Usage  Request Allocated 
	   Cpus                 :     0.53        1         1 
	   Disk (KB)            :     1           1    121125 
	   Memory (MB)          :   137        3900      3968 

	Job terminated of its own accord at 2022-03-31T06:18:39Z.
...
006 (127896.017.000) 2022-03-31 15:18:40 Image size of job updated: 692012
	185  -  MemoryUsage of job (MB)
	189160  -  ResidentSetSize of job (KB)
...
005 (127896.017.000) 2022-03-31 15:18:40 Job terminated.
	(1) Normal termination (return value 0)
		Usr 0 00:00:27, Sys 0 00:00:01  -  Run Remote Usage
		Usr 0 00:00:00, Sys 0 00:00:00  -  Run Local Usage
		Usr 0 00:00:27, Sys 0 00:00:01  -  Total Remote Usage
		Usr 0 00:00:00, Sys 0 00:00:00  -  Total Local Usage
	0  -  Run Bytes Sent By Job
	0  -  Run Bytes Received By Job
	0  -  Total Bytes Sent By Job
	0  -  Total Bytes Received By Job
	Partitionable Resources :    Usage  Request Allocated 
	   Cpus                 :                 1         1 
	   Disk (KB)            :        1        1    129249 
	   Memory (MB)          :      185     3900      3968 

	Job terminated of its own accord at 2022-03-31T06:18:40Z.
...
006 (127896.014.000) 2022-03-31 15:18:40 Image size of job updated: 688872
	185  -  MemoryUsage of job (MB)
	188480  -  ResidentSetSize of job (KB)
...
005 (127896.014.000) 2022-03-31 15:18:40 Job terminated.
	(1) Normal termination (return value 0)
		Usr 0 00:00:26, Sys 0 00:00:02  -  Run Remote Usage
		Usr 0 00:00:00, Sys 0 00:00:00  -  Run Local Usage
		Usr 0 00:00:26, Sys 0 00:00:02  -  Total Remote Usage
		Usr 0 00:00:00, Sys 0 00:00:00  -  Total Local Usage
	0  -  Run Bytes Sent By Job
	0  -  Run Bytes Received By Job
	0  -  Total Bytes Sent By Job
	0  -  Total Bytes Received By Job
	Partitionable Resources :    Usage  Request Allocated 
	   Cpus                 :                 1         1 
	   Disk (KB)            :        1        1    129249 
	   Memory (MB)          :      185     3900      3968 

	Job terminated of its own accord at 2022-03-31T06:18:40Z.
...
006 (127896.000.000) 2022-03-31 15:18:41 Image size of job updated: 692324
	180  -  MemoryUsage of job (MB)
	183392  -  ResidentSetSize of job (KB)
...
005 (127896.000.000) 2022-03-31 15:18:41 Job terminated.
	(1) Normal termination (return value 0)
		Usr 0 00:00:26, Sys 0 00:00:01  -  Run Remote Usage
		Usr 0 00:00:00, Sys 0 00:00:00  -  Run Local Usage
		Usr 0 00:00:26, Sys 0 00:00:01  -  Total Remote Usage
		Usr 0 00:00:00, Sys 0 00:00:00  -  Total Local Usage
	0  -  Run Bytes Sent By Job
	0  -  Run Bytes Received By Job
	0  -  Total Bytes Sent By Job
	0  -  Total Bytes Received By Job
	Partitionable Resources :    Usage  Request Allocated 
	   Cpus                 :                 1         1 
	   Disk (KB)            :        1        1    129249 
	   Memory (MB)          :      180     3900      3968 

	Job terminated of its own accord at 2022-03-31T06:18:41Z.
...
006 (127896.013.000) 2022-03-31 15:18:43 Image size of job updated: 691760
	185  -  MemoryUsage of job (MB)
	188464  -  ResidentSetSize of job (KB)
...
005 (127896.013.000) 2022-03-31 15:18:43 Job terminated.
	(1) Normal termination (return value 0)
		Usr 0 00:00:30, Sys 0 00:00:01  -  Run Remote Usage
		Usr 0 00:00:00, Sys 0 00:00:00  -  Run Local Usage
		Usr 0 00:00:30, Sys 0 00:00:01  -  Total Remote Usage
		Usr 0 00:00:00, Sys 0 00:00:00  -  Total Local Usage
	0  -  Run Bytes Sent By Job
	0  -  Run Bytes Received By Job
	0  -  Total Bytes Sent By Job
	0  -  Total Bytes Received By Job
	Partitionable Resources :    Usage  Request Allocated 
	   Cpus                 :                 1         1 
	   Disk (KB)            :        1        1    129249 
	   Memory (MB)          :      185     3900      3968 

	Job terminated of its own accord at 2022-03-31T06:18:43Z.
...
006 (127896.003.000) 2022-03-31 15:18:43 Image size of job updated: 692016
	184  -  MemoryUsage of job (MB)
	187408  -  ResidentSetSize of job (KB)
...
005 (127896.003.000) 2022-03-31 15:18:43 Job terminated.
	(1) Normal termination (return value 0)
		Usr 0 00:00:29, Sys 0 00:00:02  -  Run Remote Usage
		Usr 0 00:00:00, Sys 0 00:00:00  -  Run Local Usage
		Usr 0 00:00:29, Sys 0 00:00:02  -  Total Remote Usage
		Usr 0 00:00:00, Sys 0 00:00:00  -  Total Local Usage
	0  -  Run Bytes Sent By Job
	0  -  Run Bytes Received By Job
	0  -  Total Bytes Sent By Job
	0  -  Total Bytes Received By Job
	Partitionable Resources :    Usage  Request Allocated 
	   Cpus                 :                 1         1 
	   Disk (KB)            :        1        1    129249 
	   Memory (MB)          :      184     3900      3968 

	Job terminated of its own accord at 2022-03-31T06:18:43Z.
...
006 (127896.010.000) 2022-03-31 15:19:08 Image size of job updated: 692256
	184  -  MemoryUsage of job (MB)
	187996  -  ResidentSetSize of job (KB)
...
005 (127896.010.000) 2022-03-31 15:19:09 Job terminated.
	(1) Normal termination (return value 0)
		Usr 0 00:00:54, Sys 0 00:00:02  -  Run Remote Usage
		Usr 0 00:00:00, Sys 0 00:00:00  -  Run Local Usage
		Usr 0 00:00:54, Sys 0 00:00:02  -  Total Remote Usage
		Usr 0 00:00:00, Sys 0 00:00:00  -  Total Local Usage
	0  -  Run Bytes Sent By Job
	0  -  Run Bytes Received By Job
	0  -  Total Bytes Sent By Job
	0  -  Total Bytes Received By Job
	Partitionable Resources :    Usage  Request Allocated 
	   Cpus                 :                 1         1 
	   Disk (KB)            :        1        1    129249 
	   Memory (MB)          :      184     3900      3968 

	Job terminated of its own accord at 2022-03-31T06:19:08Z.
...
006 (127896.007.000) 2022-03-31 15:19:09 Image size of job updated: 692016
	185  -  MemoryUsage of job (MB)
	188476  -  ResidentSetSize of job (KB)
...
005 (127896.007.000) 2022-03-31 15:19:09 Job terminated.
	(1) Normal termination (return value 0)
		Usr 0 00:00:55, Sys 0 00:00:02  -  Run Remote Usage
		Usr 0 00:00:00, Sys 0 00:00:00  -  Run Local Usage
		Usr 0 00:00:55, Sys 0 00:00:02  -  Total Remote Usage
		Usr 0 00:00:00, Sys 0 00:00:00  -  Total Local Usage
	0  -  Run Bytes Sent By Job
	0  -  Run Bytes Received By Job
	0  -  Total Bytes Sent By Job
	0  -  Total Bytes Received By Job
	Partitionable Resources :    Usage  Request Allocated 
	   Cpus                 :                 1         1 
	   Disk (KB)            :        1        1    129249 
	   Memory (MB)          :      185     3900      3968 

	Job terminated of its own accord at 2022-03-31T06:19:09Z.
...
