000 (126759.000.000) 2022-03-30 13:03:08 Job submitted from host: <172.30.1.200:9618?addrs=172.30.1.200-9618&alias=tamsa2.snu.ac.kr&noUDP&sock=schedd_3154_f5cb>
...
000 (126759.001.000) 2022-03-30 13:03:08 Job submitted from host: <172.30.1.200:9618?addrs=172.30.1.200-9618&alias=tamsa2.snu.ac.kr&noUDP&sock=schedd_3154_f5cb>
...
000 (126759.002.000) 2022-03-30 13:03:08 Job submitted from host: <172.30.1.200:9618?addrs=172.30.1.200-9618&alias=tamsa2.snu.ac.kr&noUDP&sock=schedd_3154_f5cb>
...
000 (126759.003.000) 2022-03-30 13:03:08 Job submitted from host: <172.30.1.200:9618?addrs=172.30.1.200-9618&alias=tamsa2.snu.ac.kr&noUDP&sock=schedd_3154_f5cb>
...
000 (126759.004.000) 2022-03-30 13:03:08 Job submitted from host: <172.30.1.200:9618?addrs=172.30.1.200-9618&alias=tamsa2.snu.ac.kr&noUDP&sock=schedd_3154_f5cb>
...
000 (126759.005.000) 2022-03-30 13:03:08 Job submitted from host: <172.30.1.200:9618?addrs=172.30.1.200-9618&alias=tamsa2.snu.ac.kr&noUDP&sock=schedd_3154_f5cb>
...
000 (126759.006.000) 2022-03-30 13:03:08 Job submitted from host: <172.30.1.200:9618?addrs=172.30.1.200-9618&alias=tamsa2.snu.ac.kr&noUDP&sock=schedd_3154_f5cb>
...
000 (126759.007.000) 2022-03-30 13:03:08 Job submitted from host: <172.30.1.200:9618?addrs=172.30.1.200-9618&alias=tamsa2.snu.ac.kr&noUDP&sock=schedd_3154_f5cb>
...
000 (126759.008.000) 2022-03-30 13:03:08 Job submitted from host: <172.30.1.200:9618?addrs=172.30.1.200-9618&alias=tamsa2.snu.ac.kr&noUDP&sock=schedd_3154_f5cb>
...
000 (126759.009.000) 2022-03-30 13:03:08 Job submitted from host: <172.30.1.200:9618?addrs=172.30.1.200-9618&alias=tamsa2.snu.ac.kr&noUDP&sock=schedd_3154_f5cb>
...
000 (126759.010.000) 2022-03-30 13:03:08 Job submitted from host: <172.30.1.200:9618?addrs=172.30.1.200-9618&alias=tamsa2.snu.ac.kr&noUDP&sock=schedd_3154_f5cb>
...
000 (126759.011.000) 2022-03-30 13:03:08 Job submitted from host: <172.30.1.200:9618?addrs=172.30.1.200-9618&alias=tamsa2.snu.ac.kr&noUDP&sock=schedd_3154_f5cb>
...
000 (126759.012.000) 2022-03-30 13:03:08 Job submitted from host: <172.30.1.200:9618?addrs=172.30.1.200-9618&alias=tamsa2.snu.ac.kr&noUDP&sock=schedd_3154_f5cb>
...
000 (126759.013.000) 2022-03-30 13:03:08 Job submitted from host: <172.30.1.200:9618?addrs=172.30.1.200-9618&alias=tamsa2.snu.ac.kr&noUDP&sock=schedd_3154_f5cb>
...
000 (126759.014.000) 2022-03-30 13:03:08 Job submitted from host: <172.30.1.200:9618?addrs=172.30.1.200-9618&alias=tamsa2.snu.ac.kr&noUDP&sock=schedd_3154_f5cb>
...
000 (126759.015.000) 2022-03-30 13:03:08 Job submitted from host: <172.30.1.200:9618?addrs=172.30.1.200-9618&alias=tamsa2.snu.ac.kr&noUDP&sock=schedd_3154_f5cb>
...
000 (126759.016.000) 2022-03-30 13:03:08 Job submitted from host: <172.30.1.200:9618?addrs=172.30.1.200-9618&alias=tamsa2.snu.ac.kr&noUDP&sock=schedd_3154_f5cb>
...
000 (126759.017.000) 2022-03-30 13:03:08 Job submitted from host: <172.30.1.200:9618?addrs=172.30.1.200-9618&alias=tamsa2.snu.ac.kr&noUDP&sock=schedd_3154_f5cb>
...
000 (126759.018.000) 2022-03-30 13:03:08 Job submitted from host: <172.30.1.200:9618?addrs=172.30.1.200-9618&alias=tamsa2.snu.ac.kr&noUDP&sock=schedd_3154_f5cb>
...
000 (126759.019.000) 2022-03-30 13:03:08 Job submitted from host: <172.30.1.200:9618?addrs=172.30.1.200-9618&alias=tamsa2.snu.ac.kr&noUDP&sock=schedd_3154_f5cb>
...
001 (126759.000.000) 2022-03-30 13:03:21 Job executing on host: <172.30.1.202:9618?addrs=172.30.1.202-9618&alias=node2&noUDP&sock=startd_3636_9271>
...
001 (126759.001.000) 2022-03-30 13:03:21 Job executing on host: <172.30.1.202:9618?addrs=172.30.1.202-9618&alias=node2&noUDP&sock=startd_3636_9271>
...
001 (126759.002.000) 2022-03-30 13:03:22 Job executing on host: <172.30.1.202:9618?addrs=172.30.1.202-9618&alias=node2&noUDP&sock=startd_3636_9271>
...
001 (126759.003.000) 2022-03-30 13:03:22 Job executing on host: <172.30.1.202:9618?addrs=172.30.1.202-9618&alias=node2&noUDP&sock=startd_3636_9271>
...
001 (126759.004.000) 2022-03-30 13:03:22 Job executing on host: <172.30.1.202:9618?addrs=172.30.1.202-9618&alias=node2&noUDP&sock=startd_3636_9271>
...
001 (126759.005.000) 2022-03-30 13:03:22 Job executing on host: <172.30.1.202:9618?addrs=172.30.1.202-9618&alias=node2&noUDP&sock=startd_3636_9271>
...
001 (126759.006.000) 2022-03-30 13:03:22 Job executing on host: <172.30.1.202:9618?addrs=172.30.1.202-9618&alias=node2&noUDP&sock=startd_3636_9271>
...
001 (126759.007.000) 2022-03-30 13:03:22 Job executing on host: <172.30.1.202:9618?addrs=172.30.1.202-9618&alias=node2&noUDP&sock=startd_3636_9271>
...
001 (126759.008.000) 2022-03-30 13:03:22 Job executing on host: <172.30.1.202:9618?addrs=172.30.1.202-9618&alias=node2&noUDP&sock=startd_3636_9271>
...
001 (126759.009.000) 2022-03-30 13:03:22 Job executing on host: <172.30.1.202:9618?addrs=172.30.1.202-9618&alias=node2&noUDP&sock=startd_3636_9271>
...
001 (126759.010.000) 2022-03-30 13:03:22 Job executing on host: <172.30.1.202:9618?addrs=172.30.1.202-9618&alias=node2&noUDP&sock=startd_3636_9271>
...
001 (126759.011.000) 2022-03-30 13:03:22 Job executing on host: <172.30.1.202:9618?addrs=172.30.1.202-9618&alias=node2&noUDP&sock=startd_3636_9271>
...
001 (126759.012.000) 2022-03-30 13:03:22 Job executing on host: <172.30.1.202:9618?addrs=172.30.1.202-9618&alias=node2&noUDP&sock=startd_3636_9271>
...
001 (126759.013.000) 2022-03-30 13:03:22 Job executing on host: <172.30.1.202:9618?addrs=172.30.1.202-9618&alias=node2&noUDP&sock=startd_3636_9271>
...
001 (126759.014.000) 2022-03-30 13:03:22 Job executing on host: <172.30.1.202:9618?addrs=172.30.1.202-9618&alias=node2&noUDP&sock=startd_3636_9271>
...
001 (126759.015.000) 2022-03-30 13:03:23 Job executing on host: <172.30.1.202:9618?addrs=172.30.1.202-9618&alias=node2&noUDP&sock=startd_3636_9271>
...
001 (126759.016.000) 2022-03-30 13:03:23 Job executing on host: <172.30.1.202:9618?addrs=172.30.1.202-9618&alias=node2&noUDP&sock=startd_3636_9271>
...
001 (126759.017.000) 2022-03-30 13:03:23 Job executing on host: <172.30.1.202:9618?addrs=172.30.1.202-9618&alias=node2&noUDP&sock=startd_3636_9271>
...
001 (126759.018.000) 2022-03-30 13:03:23 Job executing on host: <172.30.1.202:9618?addrs=172.30.1.202-9618&alias=node2&noUDP&sock=startd_3636_9271>
...
001 (126759.019.000) 2022-03-30 13:03:23 Job executing on host: <172.30.1.202:9618?addrs=172.30.1.202-9618&alias=node2&noUDP&sock=startd_3636_9271>
...
006 (126759.000.000) 2022-03-30 13:03:30 Image size of job updated: 394476
	152  -  MemoryUsage of job (MB)
	154680  -  ResidentSetSize of job (KB)
...
006 (126759.001.000) 2022-03-30 13:03:30 Image size of job updated: 394476
	154  -  MemoryUsage of job (MB)
	157292  -  ResidentSetSize of job (KB)
...
006 (126759.002.000) 2022-03-30 13:03:30 Image size of job updated: 394476
	152  -  MemoryUsage of job (MB)
	155128  -  ResidentSetSize of job (KB)
...
006 (126759.003.000) 2022-03-30 13:03:30 Image size of job updated: 394476
	153  -  MemoryUsage of job (MB)
	156592  -  ResidentSetSize of job (KB)
...
006 (126759.004.000) 2022-03-30 13:03:30 Image size of job updated: 394476
	156  -  MemoryUsage of job (MB)
	159420  -  ResidentSetSize of job (KB)
...
006 (126759.005.000) 2022-03-30 13:03:30 Image size of job updated: 394476
	155  -  MemoryUsage of job (MB)
	158480  -  ResidentSetSize of job (KB)
...
006 (126759.006.000) 2022-03-30 13:03:30 Image size of job updated: 394476
	156  -  MemoryUsage of job (MB)
	159116  -  ResidentSetSize of job (KB)
...
006 (126759.007.000) 2022-03-30 13:03:30 Image size of job updated: 393780
	158  -  MemoryUsage of job (MB)
	160968  -  ResidentSetSize of job (KB)
...
006 (126759.014.000) 2022-03-30 13:03:31 Image size of job updated: 385536
	173  -  MemoryUsage of job (MB)
	176180  -  ResidentSetSize of job (KB)
...
006 (126759.015.000) 2022-03-30 13:03:31 Image size of job updated: 314796
	174  -  MemoryUsage of job (MB)
	178128  -  ResidentSetSize of job (KB)
...
006 (126759.016.000) 2022-03-30 13:03:31 Image size of job updated: 314792
	172  -  MemoryUsage of job (MB)
	176096  -  ResidentSetSize of job (KB)
...
006 (126759.017.000) 2022-03-30 13:03:31 Image size of job updated: 185824
	174  -  MemoryUsage of job (MB)
	177924  -  ResidentSetSize of job (KB)
...
006 (126759.018.000) 2022-03-30 13:03:31 Image size of job updated: 185824
	175  -  MemoryUsage of job (MB)
	178488  -  ResidentSetSize of job (KB)
...
006 (126759.019.000) 2022-03-30 13:03:31 Image size of job updated: 185824
	177  -  MemoryUsage of job (MB)
	180812  -  ResidentSetSize of job (KB)
...
006 (126759.008.000) 2022-03-30 13:03:31 Image size of job updated: 393512
	177  -  MemoryUsage of job (MB)
	180816  -  ResidentSetSize of job (KB)
...
006 (126759.009.000) 2022-03-30 13:03:31 Image size of job updated: 392676
	179  -  MemoryUsage of job (MB)
	182392  -  ResidentSetSize of job (KB)
...
006 (126759.010.000) 2022-03-30 13:03:31 Image size of job updated: 392676
	178  -  MemoryUsage of job (MB)
	181584  -  ResidentSetSize of job (KB)
...
006 (126759.011.000) 2022-03-30 13:03:31 Image size of job updated: 447264
	177  -  MemoryUsage of job (MB)
	180996  -  ResidentSetSize of job (KB)
...
006 (126759.012.000) 2022-03-30 13:03:31 Image size of job updated: 385492
	180  -  MemoryUsage of job (MB)
	183364  -  ResidentSetSize of job (KB)
...
006 (126759.013.000) 2022-03-30 13:03:31 Image size of job updated: 385488
	182  -  MemoryUsage of job (MB)
	185572  -  ResidentSetSize of job (KB)
...
006 (126759.012.000) 2022-03-30 13:03:35 Image size of job updated: 385492
	180  -  MemoryUsage of job (MB)
	183372  -  ResidentSetSize of job (KB)
...
005 (126759.012.000) 2022-03-30 13:03:35 Job terminated.
	(1) Normal termination (return value 0)
		Usr 0 00:00:06, Sys 0 00:00:02  -  Run Remote Usage
		Usr 0 00:00:00, Sys 0 00:00:00  -  Run Local Usage
		Usr 0 00:00:06, Sys 0 00:00:02  -  Total Remote Usage
		Usr 0 00:00:00, Sys 0 00:00:00  -  Total Local Usage
	0  -  Run Bytes Sent By Job
	0  -  Run Bytes Received By Job
	0  -  Total Bytes Sent By Job
	0  -  Total Bytes Received By Job
	Partitionable Resources :    Usage  Request Allocated 
	   Cpus                 :                 1         1 
	   Disk (KB)            :        1        1    129249 
	   Memory (MB)          :      180     3900      3968 

	Job terminated of its own accord at 2022-03-30T04:03:35Z.
...
006 (126759.017.000) 2022-03-30 13:03:35 Image size of job updated: 688792
	174  -  MemoryUsage of job (MB)
	177924  -  ResidentSetSize of job (KB)
...
005 (126759.017.000) 2022-03-30 13:03:35 Job terminated.
	(1) Normal termination (return value 0)
		Usr 0 00:00:06, Sys 0 00:00:02  -  Run Remote Usage
		Usr 0 00:00:00, Sys 0 00:00:00  -  Run Local Usage
		Usr 0 00:00:06, Sys 0 00:00:02  -  Total Remote Usage
		Usr 0 00:00:00, Sys 0 00:00:00  -  Total Local Usage
	0  -  Run Bytes Sent By Job
	0  -  Run Bytes Received By Job
	0  -  Total Bytes Sent By Job
	0  -  Total Bytes Received By Job
	Partitionable Resources :    Usage  Request Allocated 
	   Cpus                 :                 1         1 
	   Disk (KB)            :        1        1    129249 
	   Memory (MB)          :      174     3900      3968 

	Job terminated of its own accord at 2022-03-30T04:03:35Z.
...
006 (126759.013.000) 2022-03-30 13:03:35 Image size of job updated: 689048
	182  -  MemoryUsage of job (MB)
	185572  -  ResidentSetSize of job (KB)
...
006 (126759.015.000) 2022-03-30 13:03:35 Image size of job updated: 689572
	174  -  MemoryUsage of job (MB)
	178128  -  ResidentSetSize of job (KB)
...
005 (126759.013.000) 2022-03-30 13:03:35 Job terminated.
	(1) Normal termination (return value 0)
		Usr 0 00:00:06, Sys 0 00:00:02  -  Run Remote Usage
		Usr 0 00:00:00, Sys 0 00:00:00  -  Run Local Usage
		Usr 0 00:00:06, Sys 0 00:00:02  -  Total Remote Usage
		Usr 0 00:00:00, Sys 0 00:00:00  -  Total Local Usage
	0  -  Run Bytes Sent By Job
	0  -  Run Bytes Received By Job
	0  -  Total Bytes Sent By Job
	0  -  Total Bytes Received By Job
	Partitionable Resources :    Usage  Request Allocated 
	   Cpus                 :                 1         1 
	   Disk (KB)            :        1        1    129249 
	   Memory (MB)          :      182     3900      3968 

	Job terminated of its own accord at 2022-03-30T04:03:35Z.
...
005 (126759.015.000) 2022-03-30 13:03:35 Job terminated.
	(1) Normal termination (return value 0)
		Usr 0 00:00:06, Sys 0 00:00:02  -  Run Remote Usage
		Usr 0 00:00:00, Sys 0 00:00:00  -  Run Local Usage
		Usr 0 00:00:06, Sys 0 00:00:02  -  Total Remote Usage
		Usr 0 00:00:00, Sys 0 00:00:00  -  Total Local Usage
	0  -  Run Bytes Sent By Job
	0  -  Run Bytes Received By Job
	0  -  Total Bytes Sent By Job
	0  -  Total Bytes Received By Job
	Partitionable Resources :    Usage  Request Allocated 
	   Cpus                 :                 1         1 
	   Disk (KB)            :        1        1    129249 
	   Memory (MB)          :      174     3900      3968 

	Job terminated of its own accord at 2022-03-30T04:03:35Z.
...
006 (126759.002.000) 2022-03-30 13:03:35 Image size of job updated: 689576
	152  -  MemoryUsage of job (MB)
	155140  -  ResidentSetSize of job (KB)
...
005 (126759.002.000) 2022-03-30 13:03:36 Job terminated.
	(1) Normal termination (return value 0)
		Usr 0 00:00:06, Sys 0 00:00:02  -  Run Remote Usage
		Usr 0 00:00:00, Sys 0 00:00:00  -  Run Local Usage
		Usr 0 00:00:06, Sys 0 00:00:02  -  Total Remote Usage
		Usr 0 00:00:00, Sys 0 00:00:00  -  Total Local Usage
	0  -  Run Bytes Sent By Job
	0  -  Run Bytes Received By Job
	0  -  Total Bytes Sent By Job
	0  -  Total Bytes Received By Job
	Partitionable Resources :    Usage  Request Allocated 
	   Cpus                 :                 1         1 
	   Disk (KB)            :        1        1    129249 
	   Memory (MB)          :      152     3900      3968 

	Job terminated of its own accord at 2022-03-30T04:03:35Z.
...
006 (126759.006.000) 2022-03-30 13:03:36 Image size of job updated: 689632
	156  -  MemoryUsage of job (MB)
	159136  -  ResidentSetSize of job (KB)
...
005 (126759.006.000) 2022-03-30 13:03:36 Job terminated.
	(1) Normal termination (return value 0)
		Usr 0 00:00:06, Sys 0 00:00:02  -  Run Remote Usage
		Usr 0 00:00:00, Sys 0 00:00:00  -  Run Local Usage
		Usr 0 00:00:06, Sys 0 00:00:02  -  Total Remote Usage
		Usr 0 00:00:00, Sys 0 00:00:00  -  Total Local Usage
	0  -  Run Bytes Sent By Job
	0  -  Run Bytes Received By Job
	0  -  Total Bytes Sent By Job
	0  -  Total Bytes Received By Job
	Partitionable Resources :    Usage  Request Allocated 
	   Cpus                 :                 1         1 
	   Disk (KB)            :        1        1    129249 
	   Memory (MB)          :      156     3900      3968 

	Job terminated of its own accord at 2022-03-30T04:03:36Z.
...
006 (126759.019.000) 2022-03-30 13:03:36 Image size of job updated: 689020
	177  -  MemoryUsage of job (MB)
	180812  -  ResidentSetSize of job (KB)
...
006 (126759.018.000) 2022-03-30 13:03:36 Image size of job updated: 686480
	175  -  MemoryUsage of job (MB)
	178504  -  ResidentSetSize of job (KB)
...
005 (126759.019.000) 2022-03-30 13:03:36 Job terminated.
	(1) Normal termination (return value 0)
		Usr 0 00:00:07, Sys 0 00:00:02  -  Run Remote Usage
		Usr 0 00:00:00, Sys 0 00:00:00  -  Run Local Usage
		Usr 0 00:00:07, Sys 0 00:00:02  -  Total Remote Usage
		Usr 0 00:00:00, Sys 0 00:00:00  -  Total Local Usage
	0  -  Run Bytes Sent By Job
	0  -  Run Bytes Received By Job
	0  -  Total Bytes Sent By Job
	0  -  Total Bytes Received By Job
	Partitionable Resources :    Usage  Request Allocated 
	   Cpus                 :                 1         1 
	   Disk (KB)            :        1        1    129249 
	   Memory (MB)          :      177     3900      3968 

	Job terminated of its own accord at 2022-03-30T04:03:36Z.
...
005 (126759.018.000) 2022-03-30 13:03:36 Job terminated.
	(1) Normal termination (return value 0)
		Usr 0 00:00:06, Sys 0 00:00:02  -  Run Remote Usage
		Usr 0 00:00:00, Sys 0 00:00:00  -  Run Local Usage
		Usr 0 00:00:06, Sys 0 00:00:02  -  Total Remote Usage
		Usr 0 00:00:00, Sys 0 00:00:00  -  Total Local Usage
	0  -  Run Bytes Sent By Job
	0  -  Run Bytes Received By Job
	0  -  Total Bytes Sent By Job
	0  -  Total Bytes Received By Job
	Partitionable Resources :    Usage  Request Allocated 
	   Cpus                 :                 1         1 
	   Disk (KB)            :        1        1    129249 
	   Memory (MB)          :      175     3900      3968 

	Job terminated of its own accord at 2022-03-30T04:03:36Z.
...
006 (126759.001.000) 2022-03-30 13:03:37 Image size of job updated: 689352
	154  -  MemoryUsage of job (MB)
	157292  -  ResidentSetSize of job (KB)
...
005 (126759.001.000) 2022-03-30 13:03:37 Job terminated.
	(1) Normal termination (return value 0)
		Usr 0 00:00:07, Sys 0 00:00:02  -  Run Remote Usage
		Usr 0 00:00:00, Sys 0 00:00:00  -  Run Local Usage
		Usr 0 00:00:07, Sys 0 00:00:02  -  Total Remote Usage
		Usr 0 00:00:00, Sys 0 00:00:00  -  Total Local Usage
	0  -  Run Bytes Sent By Job
	0  -  Run Bytes Received By Job
	0  -  Total Bytes Sent By Job
	0  -  Total Bytes Received By Job
	Partitionable Resources :    Usage  Request Allocated 
	   Cpus                 :                 1         1 
	   Disk (KB)            :        1        1    129249 
	   Memory (MB)          :      154     3900      3968 

	Job terminated of its own accord at 2022-03-30T04:03:37Z.
...
006 (126759.007.000) 2022-03-30 13:03:37 Image size of job updated: 689644
	158  -  MemoryUsage of job (MB)
	160972  -  ResidentSetSize of job (KB)
...
006 (126759.009.000) 2022-03-30 13:03:37 Image size of job updated: 689580
	179  -  MemoryUsage of job (MB)
	182592  -  ResidentSetSize of job (KB)
...
005 (126759.009.000) 2022-03-30 13:03:37 Job terminated.
	(1) Normal termination (return value 0)
		Usr 0 00:00:08, Sys 0 00:00:02  -  Run Remote Usage
		Usr 0 00:00:00, Sys 0 00:00:00  -  Run Local Usage
		Usr 0 00:00:08, Sys 0 00:00:02  -  Total Remote Usage
		Usr 0 00:00:00, Sys 0 00:00:00  -  Total Local Usage
	0  -  Run Bytes Sent By Job
	0  -  Run Bytes Received By Job
	0  -  Total Bytes Sent By Job
	0  -  Total Bytes Received By Job
	Partitionable Resources :    Usage  Request Allocated 
	   Cpus                 :                 1         1 
	   Disk (KB)            :        1        1    129249 
	   Memory (MB)          :      179     3900      3968 

	Job terminated of its own accord at 2022-03-30T04:03:37Z.
...
006 (126759.016.000) 2022-03-30 13:03:37 Image size of job updated: 690032
	172  -  MemoryUsage of job (MB)
	176112  -  ResidentSetSize of job (KB)
...
005 (126759.007.000) 2022-03-30 13:03:37 Job terminated.
	(1) Normal termination (return value 0)
		Usr 0 00:00:07, Sys 0 00:00:02  -  Run Remote Usage
		Usr 0 00:00:00, Sys 0 00:00:00  -  Run Local Usage
		Usr 0 00:00:07, Sys 0 00:00:02  -  Total Remote Usage
		Usr 0 00:00:00, Sys 0 00:00:00  -  Total Local Usage
	0  -  Run Bytes Sent By Job
	0  -  Run Bytes Received By Job
	0  -  Total Bytes Sent By Job
	0  -  Total Bytes Received By Job
	Partitionable Resources :    Usage  Request Allocated 
	   Cpus                 :                 1         1 
	   Disk (KB)            :        1        1    129249 
	   Memory (MB)          :      158     3900      3968 

	Job terminated of its own accord at 2022-03-30T04:03:37Z.
...
005 (126759.016.000) 2022-03-30 13:03:37 Job terminated.
	(1) Normal termination (return value 0)
		Usr 0 00:00:08, Sys 0 00:00:02  -  Run Remote Usage
		Usr 0 00:00:00, Sys 0 00:00:00  -  Run Local Usage
		Usr 0 00:00:08, Sys 0 00:00:02  -  Total Remote Usage
		Usr 0 00:00:00, Sys 0 00:00:00  -  Total Local Usage
	0  -  Run Bytes Sent By Job
	0  -  Run Bytes Received By Job
	0  -  Total Bytes Sent By Job
	0  -  Total Bytes Received By Job
	Partitionable Resources :    Usage  Request Allocated 
	   Cpus                 :                 1         1 
	   Disk (KB)            :        1        1    129249 
	   Memory (MB)          :      172     3900      3968 

	Job terminated of its own accord at 2022-03-30T04:03:37Z.
...
006 (126759.011.000) 2022-03-30 13:03:37 Image size of job updated: 689516
	177  -  MemoryUsage of job (MB)
	181020  -  ResidentSetSize of job (KB)
...
006 (126759.004.000) 2022-03-30 13:03:37 Image size of job updated: 689796
	156  -  MemoryUsage of job (MB)
	159420  -  ResidentSetSize of job (KB)
...
006 (126759.014.000) 2022-03-30 13:03:37 Image size of job updated: 689512
	173  -  MemoryUsage of job (MB)
	176200  -  ResidentSetSize of job (KB)
...
005 (126759.011.000) 2022-03-30 13:03:37 Job terminated.
	(1) Normal termination (return value 0)
		Usr 0 00:00:08, Sys 0 00:00:02  -  Run Remote Usage
		Usr 0 00:00:00, Sys 0 00:00:00  -  Run Local Usage
		Usr 0 00:00:08, Sys 0 00:00:02  -  Total Remote Usage
		Usr 0 00:00:00, Sys 0 00:00:00  -  Total Local Usage
	0  -  Run Bytes Sent By Job
	0  -  Run Bytes Received By Job
	0  -  Total Bytes Sent By Job
	0  -  Total Bytes Received By Job
	Partitionable Resources :    Usage  Request Allocated 
	   Cpus                 :                 1         1 
	   Disk (KB)            :        1        1    129249 
	   Memory (MB)          :      177     3900      3968 

	Job terminated of its own accord at 2022-03-30T04:03:37Z.
...
005 (126759.004.000) 2022-03-30 13:03:37 Job terminated.
	(1) Normal termination (return value 0)
		Usr 0 00:00:08, Sys 0 00:00:02  -  Run Remote Usage
		Usr 0 00:00:00, Sys 0 00:00:00  -  Run Local Usage
		Usr 0 00:00:08, Sys 0 00:00:02  -  Total Remote Usage
		Usr 0 00:00:00, Sys 0 00:00:00  -  Total Local Usage
	0  -  Run Bytes Sent By Job
	0  -  Run Bytes Received By Job
	0  -  Total Bytes Sent By Job
	0  -  Total Bytes Received By Job
	Partitionable Resources :    Usage  Request Allocated 
	   Cpus                 :                 1         1 
	   Disk (KB)            :        1        1    129249 
	   Memory (MB)          :      156     3900      3968 

	Job terminated of its own accord at 2022-03-30T04:03:37Z.
...
005 (126759.014.000) 2022-03-30 13:03:37 Job terminated.
	(1) Normal termination (return value 0)
		Usr 0 00:00:08, Sys 0 00:00:02  -  Run Remote Usage
		Usr 0 00:00:00, Sys 0 00:00:00  -  Run Local Usage
		Usr 0 00:00:08, Sys 0 00:00:02  -  Total Remote Usage
		Usr 0 00:00:00, Sys 0 00:00:00  -  Total Local Usage
	0  -  Run Bytes Sent By Job
	0  -  Run Bytes Received By Job
	0  -  Total Bytes Sent By Job
	0  -  Total Bytes Received By Job
	Partitionable Resources :    Usage  Request Allocated 
	   Cpus                 :                 1         1 
	   Disk (KB)            :        1        1    129249 
	   Memory (MB)          :      173     3900      3968 

	Job terminated of its own accord at 2022-03-30T04:03:37Z.
...
006 (126759.010.000) 2022-03-30 13:03:38 Image size of job updated: 687780
	178  -  MemoryUsage of job (MB)
	181584  -  ResidentSetSize of job (KB)
...
005 (126759.010.000) 2022-03-30 13:03:38 Job terminated.
	(1) Normal termination (return value 0)
		Usr 0 00:00:09, Sys 0 00:00:02  -  Run Remote Usage
		Usr 0 00:00:00, Sys 0 00:00:00  -  Run Local Usage
		Usr 0 00:00:09, Sys 0 00:00:02  -  Total Remote Usage
		Usr 0 00:00:00, Sys 0 00:00:00  -  Total Local Usage
	0  -  Run Bytes Sent By Job
	0  -  Run Bytes Received By Job
	0  -  Total Bytes Sent By Job
	0  -  Total Bytes Received By Job
	Partitionable Resources :    Usage  Request Allocated 
	   Cpus                 :                 1         1 
	   Disk (KB)            :        1        1    129249 
	   Memory (MB)          :      178     3900      3968 

	Job terminated of its own accord at 2022-03-30T04:03:38Z.
...
006 (126759.008.000) 2022-03-30 13:03:39 Image size of job updated: 690108
	177  -  MemoryUsage of job (MB)
	180816  -  ResidentSetSize of job (KB)
...
005 (126759.008.000) 2022-03-30 13:03:39 Job terminated.
	(1) Normal termination (return value 0)
		Usr 0 00:00:10, Sys 0 00:00:02  -  Run Remote Usage
		Usr 0 00:00:00, Sys 0 00:00:00  -  Run Local Usage
		Usr 0 00:00:10, Sys 0 00:00:02  -  Total Remote Usage
		Usr 0 00:00:00, Sys 0 00:00:00  -  Total Local Usage
	0  -  Run Bytes Sent By Job
	0  -  Run Bytes Received By Job
	0  -  Total Bytes Sent By Job
	0  -  Total Bytes Received By Job
	Partitionable Resources :    Usage  Request Allocated 
	   Cpus                 :                 1         1 
	   Disk (KB)            :        1        1    129249 
	   Memory (MB)          :      177     3900      3968 

	Job terminated of its own accord at 2022-03-30T04:03:39Z.
...
006 (126759.000.000) 2022-03-30 13:03:39 Image size of job updated: 689580
	152  -  MemoryUsage of job (MB)
	154680  -  ResidentSetSize of job (KB)
...
005 (126759.000.000) 2022-03-30 13:03:39 Job terminated.
	(1) Normal termination (return value 0)
		Usr 0 00:00:10, Sys 0 00:00:02  -  Run Remote Usage
		Usr 0 00:00:00, Sys 0 00:00:00  -  Run Local Usage
		Usr 0 00:00:10, Sys 0 00:00:02  -  Total Remote Usage
		Usr 0 00:00:00, Sys 0 00:00:00  -  Total Local Usage
	0  -  Run Bytes Sent By Job
	0  -  Run Bytes Received By Job
	0  -  Total Bytes Sent By Job
	0  -  Total Bytes Received By Job
	Partitionable Resources :    Usage  Request Allocated 
	   Cpus                 :                 1         1 
	   Disk (KB)            :        1        1    129249 
	   Memory (MB)          :      152     3900      3968 

	Job terminated of its own accord at 2022-03-30T04:03:39Z.
...
006 (126759.003.000) 2022-03-30 13:03:40 Image size of job updated: 689924
	153  -  MemoryUsage of job (MB)
	156596  -  ResidentSetSize of job (KB)
...
005 (126759.003.000) 2022-03-30 13:03:40 Job terminated.
	(1) Normal termination (return value 0)
		Usr 0 00:00:11, Sys 0 00:00:02  -  Run Remote Usage
		Usr 0 00:00:00, Sys 0 00:00:00  -  Run Local Usage
		Usr 0 00:00:11, Sys 0 00:00:02  -  Total Remote Usage
		Usr 0 00:00:00, Sys 0 00:00:00  -  Total Local Usage
	0  -  Run Bytes Sent By Job
	0  -  Run Bytes Received By Job
	0  -  Total Bytes Sent By Job
	0  -  Total Bytes Received By Job
	Partitionable Resources :    Usage  Request Allocated 
	   Cpus                 :                 1         1 
	   Disk (KB)            :        1        1    129249 
	   Memory (MB)          :      153     3900      3968 

	Job terminated of its own accord at 2022-03-30T04:03:40Z.
...
006 (126759.005.000) 2022-03-30 13:03:42 Image size of job updated: 689896
	155  -  MemoryUsage of job (MB)
	158480  -  ResidentSetSize of job (KB)
...
005 (126759.005.000) 2022-03-30 13:03:42 Job terminated.
	(1) Normal termination (return value 0)
		Usr 0 00:00:13, Sys 0 00:00:02  -  Run Remote Usage
		Usr 0 00:00:00, Sys 0 00:00:00  -  Run Local Usage
		Usr 0 00:00:13, Sys 0 00:00:02  -  Total Remote Usage
		Usr 0 00:00:00, Sys 0 00:00:00  -  Total Local Usage
	0  -  Run Bytes Sent By Job
	0  -  Run Bytes Received By Job
	0  -  Total Bytes Sent By Job
	0  -  Total Bytes Received By Job
	Partitionable Resources :    Usage  Request Allocated 
	   Cpus                 :                 1         1 
	   Disk (KB)            :        1        1    129249 
	   Memory (MB)          :      155     3900      3968 

	Job terminated of its own accord at 2022-03-30T04:03:42Z.
...
