000 (126805.000.000) 2022-03-30 13:41:30 Job submitted from host: <172.30.1.200:9618?addrs=172.30.1.200-9618&alias=tamsa2.snu.ac.kr&noUDP&sock=schedd_3154_f5cb>
...
000 (126805.001.000) 2022-03-30 13:41:30 Job submitted from host: <172.30.1.200:9618?addrs=172.30.1.200-9618&alias=tamsa2.snu.ac.kr&noUDP&sock=schedd_3154_f5cb>
...
000 (126805.002.000) 2022-03-30 13:41:30 Job submitted from host: <172.30.1.200:9618?addrs=172.30.1.200-9618&alias=tamsa2.snu.ac.kr&noUDP&sock=schedd_3154_f5cb>
...
000 (126805.003.000) 2022-03-30 13:41:30 Job submitted from host: <172.30.1.200:9618?addrs=172.30.1.200-9618&alias=tamsa2.snu.ac.kr&noUDP&sock=schedd_3154_f5cb>
...
000 (126805.004.000) 2022-03-30 13:41:30 Job submitted from host: <172.30.1.200:9618?addrs=172.30.1.200-9618&alias=tamsa2.snu.ac.kr&noUDP&sock=schedd_3154_f5cb>
...
000 (126805.005.000) 2022-03-30 13:41:30 Job submitted from host: <172.30.1.200:9618?addrs=172.30.1.200-9618&alias=tamsa2.snu.ac.kr&noUDP&sock=schedd_3154_f5cb>
...
000 (126805.006.000) 2022-03-30 13:41:30 Job submitted from host: <172.30.1.200:9618?addrs=172.30.1.200-9618&alias=tamsa2.snu.ac.kr&noUDP&sock=schedd_3154_f5cb>
...
000 (126805.007.000) 2022-03-30 13:41:30 Job submitted from host: <172.30.1.200:9618?addrs=172.30.1.200-9618&alias=tamsa2.snu.ac.kr&noUDP&sock=schedd_3154_f5cb>
...
000 (126805.008.000) 2022-03-30 13:41:30 Job submitted from host: <172.30.1.200:9618?addrs=172.30.1.200-9618&alias=tamsa2.snu.ac.kr&noUDP&sock=schedd_3154_f5cb>
...
000 (126805.009.000) 2022-03-30 13:41:30 Job submitted from host: <172.30.1.200:9618?addrs=172.30.1.200-9618&alias=tamsa2.snu.ac.kr&noUDP&sock=schedd_3154_f5cb>
...
000 (126805.010.000) 2022-03-30 13:41:30 Job submitted from host: <172.30.1.200:9618?addrs=172.30.1.200-9618&alias=tamsa2.snu.ac.kr&noUDP&sock=schedd_3154_f5cb>
...
000 (126805.011.000) 2022-03-30 13:41:30 Job submitted from host: <172.30.1.200:9618?addrs=172.30.1.200-9618&alias=tamsa2.snu.ac.kr&noUDP&sock=schedd_3154_f5cb>
...
000 (126805.012.000) 2022-03-30 13:41:30 Job submitted from host: <172.30.1.200:9618?addrs=172.30.1.200-9618&alias=tamsa2.snu.ac.kr&noUDP&sock=schedd_3154_f5cb>
...
000 (126805.013.000) 2022-03-30 13:41:30 Job submitted from host: <172.30.1.200:9618?addrs=172.30.1.200-9618&alias=tamsa2.snu.ac.kr&noUDP&sock=schedd_3154_f5cb>
...
000 (126805.014.000) 2022-03-30 13:41:30 Job submitted from host: <172.30.1.200:9618?addrs=172.30.1.200-9618&alias=tamsa2.snu.ac.kr&noUDP&sock=schedd_3154_f5cb>
...
000 (126805.015.000) 2022-03-30 13:41:30 Job submitted from host: <172.30.1.200:9618?addrs=172.30.1.200-9618&alias=tamsa2.snu.ac.kr&noUDP&sock=schedd_3154_f5cb>
...
000 (126805.016.000) 2022-03-30 13:41:30 Job submitted from host: <172.30.1.200:9618?addrs=172.30.1.200-9618&alias=tamsa2.snu.ac.kr&noUDP&sock=schedd_3154_f5cb>
...
000 (126805.017.000) 2022-03-30 13:41:30 Job submitted from host: <172.30.1.200:9618?addrs=172.30.1.200-9618&alias=tamsa2.snu.ac.kr&noUDP&sock=schedd_3154_f5cb>
...
000 (126805.018.000) 2022-03-30 13:41:30 Job submitted from host: <172.30.1.200:9618?addrs=172.30.1.200-9618&alias=tamsa2.snu.ac.kr&noUDP&sock=schedd_3154_f5cb>
...
000 (126805.019.000) 2022-03-30 13:41:30 Job submitted from host: <172.30.1.200:9618?addrs=172.30.1.200-9618&alias=tamsa2.snu.ac.kr&noUDP&sock=schedd_3154_f5cb>
...
001 (126805.013.000) 2022-03-30 13:41:45 Job executing on host: <172.30.1.208:9618?addrs=172.30.1.208-9618&alias=node8&noUDP&sock=startd_32564_c61f>
...
001 (126805.014.000) 2022-03-30 13:41:45 Job executing on host: <172.30.1.208:9618?addrs=172.30.1.208-9618&alias=node8&noUDP&sock=startd_32564_c61f>
...
001 (126805.015.000) 2022-03-30 13:41:45 Job executing on host: <172.30.1.208:9618?addrs=172.30.1.208-9618&alias=node8&noUDP&sock=startd_32564_c61f>
...
001 (126805.016.000) 2022-03-30 13:41:45 Job executing on host: <172.30.1.208:9618?addrs=172.30.1.208-9618&alias=node8&noUDP&sock=startd_32564_c61f>
...
001 (126805.017.000) 2022-03-30 13:41:45 Job executing on host: <172.30.1.208:9618?addrs=172.30.1.208-9618&alias=node8&noUDP&sock=startd_32564_c61f>
...
001 (126805.018.000) 2022-03-30 13:41:45 Job executing on host: <172.30.1.208:9618?addrs=172.30.1.208-9618&alias=node8&noUDP&sock=startd_32564_c61f>
...
001 (126805.019.000) 2022-03-30 13:41:45 Job executing on host: <172.30.1.208:9618?addrs=172.30.1.208-9618&alias=node8&noUDP&sock=startd_32564_c61f>
...
001 (126805.000.000) 2022-03-30 13:41:46 Job executing on host: <172.30.1.207:9618?addrs=172.30.1.207-9618&alias=node7&noUDP&sock=startd_3626_b67f>
...
001 (126805.001.000) 2022-03-30 13:41:46 Job executing on host: <172.30.1.207:9618?addrs=172.30.1.207-9618&alias=node7&noUDP&sock=startd_3626_b67f>
...
001 (126805.002.000) 2022-03-30 13:41:46 Job executing on host: <172.30.1.207:9618?addrs=172.30.1.207-9618&alias=node7&noUDP&sock=startd_3626_b67f>
...
001 (126805.003.000) 2022-03-30 13:41:46 Job executing on host: <172.30.1.207:9618?addrs=172.30.1.207-9618&alias=node7&noUDP&sock=startd_3626_b67f>
...
001 (126805.004.000) 2022-03-30 13:41:46 Job executing on host: <172.30.1.207:9618?addrs=172.30.1.207-9618&alias=node7&noUDP&sock=startd_3626_b67f>
...
001 (126805.005.000) 2022-03-30 13:41:46 Job executing on host: <172.30.1.207:9618?addrs=172.30.1.207-9618&alias=node7&noUDP&sock=startd_3626_b67f>
...
001 (126805.006.000) 2022-03-30 13:41:47 Job executing on host: <172.30.1.207:9618?addrs=172.30.1.207-9618&alias=node7&noUDP&sock=startd_3626_b67f>
...
001 (126805.007.000) 2022-03-30 13:41:47 Job executing on host: <172.30.1.207:9618?addrs=172.30.1.207-9618&alias=node7&noUDP&sock=startd_3626_b67f>
...
001 (126805.008.000) 2022-03-30 13:41:47 Job executing on host: <172.30.1.207:9618?addrs=172.30.1.207-9618&alias=node7&noUDP&sock=startd_3626_b67f>
...
001 (126805.009.000) 2022-03-30 13:41:47 Job executing on host: <172.30.1.207:9618?addrs=172.30.1.207-9618&alias=node7&noUDP&sock=startd_3626_b67f>
...
001 (126805.010.000) 2022-03-30 13:41:47 Job executing on host: <172.30.1.207:9618?addrs=172.30.1.207-9618&alias=node7&noUDP&sock=startd_3626_b67f>
...
001 (126805.011.000) 2022-03-30 13:41:47 Job executing on host: <172.30.1.207:9618?addrs=172.30.1.207-9618&alias=node7&noUDP&sock=startd_3626_b67f>
...
001 (126805.012.000) 2022-03-30 13:41:47 Job executing on host: <172.30.1.207:9618?addrs=172.30.1.207-9618&alias=node7&noUDP&sock=startd_3626_b67f>
...
006 (126805.013.000) 2022-03-30 13:41:53 Image size of job updated: 390420
	149  -  MemoryUsage of job (MB)
	152012  -  ResidentSetSize of job (KB)
...
006 (126805.014.000) 2022-03-30 13:41:53 Image size of job updated: 386976
	149  -  MemoryUsage of job (MB)
	152112  -  ResidentSetSize of job (KB)
...
006 (126805.015.000) 2022-03-30 13:41:53 Image size of job updated: 389360
	149  -  MemoryUsage of job (MB)
	152232  -  ResidentSetSize of job (KB)
...
006 (126805.016.000) 2022-03-30 13:41:54 Image size of job updated: 387508
	165  -  MemoryUsage of job (MB)
	168912  -  ResidentSetSize of job (KB)
...
006 (126805.017.000) 2022-03-30 13:41:54 Image size of job updated: 390552
	166  -  MemoryUsage of job (MB)
	169648  -  ResidentSetSize of job (KB)
...
006 (126805.018.000) 2022-03-30 13:41:54 Image size of job updated: 386980
	169  -  MemoryUsage of job (MB)
	172548  -  ResidentSetSize of job (KB)
...
006 (126805.019.000) 2022-03-30 13:41:54 Image size of job updated: 386980
	168  -  MemoryUsage of job (MB)
	171544  -  ResidentSetSize of job (KB)
...
006 (126805.005.000) 2022-03-30 13:41:55 Image size of job updated: 186156
	182  -  MemoryUsage of job (MB)
	185656  -  ResidentSetSize of job (KB)
...
006 (126805.006.000) 2022-03-30 13:41:55 Image size of job updated: 186772
	182  -  MemoryUsage of job (MB)
	185804  -  ResidentSetSize of job (KB)
...
006 (126805.007.000) 2022-03-30 13:41:55 Image size of job updated: 180944
	172  -  MemoryUsage of job (MB)
	175596  -  ResidentSetSize of job (KB)
...
006 (126805.008.000) 2022-03-30 13:41:55 Image size of job updated: 191016
	183  -  MemoryUsage of job (MB)
	186456  -  ResidentSetSize of job (KB)
...
006 (126805.009.000) 2022-03-30 13:41:55 Image size of job updated: 185864
	177  -  MemoryUsage of job (MB)
	181024  -  ResidentSetSize of job (KB)
...
006 (126805.010.000) 2022-03-30 13:41:55 Image size of job updated: 191700
	183  -  MemoryUsage of job (MB)
	186468  -  ResidentSetSize of job (KB)
...
006 (126805.000.000) 2022-03-30 13:41:55 Image size of job updated: 188572
	183  -  MemoryUsage of job (MB)
	186456  -  ResidentSetSize of job (KB)
...
006 (126805.001.000) 2022-03-30 13:41:55 Image size of job updated: 188680
	183  -  MemoryUsage of job (MB)
	186452  -  ResidentSetSize of job (KB)
...
006 (126805.002.000) 2022-03-30 13:41:55 Image size of job updated: 187960
	183  -  MemoryUsage of job (MB)
	186460  -  ResidentSetSize of job (KB)
...
006 (126805.003.000) 2022-03-30 13:41:55 Image size of job updated: 188536
	183  -  MemoryUsage of job (MB)
	186976  -  ResidentSetSize of job (KB)
...
006 (126805.004.000) 2022-03-30 13:41:55 Image size of job updated: 186716
	183  -  MemoryUsage of job (MB)
	186468  -  ResidentSetSize of job (KB)
...
006 (126805.011.000) 2022-03-30 13:41:56 Image size of job updated: 192392
	183  -  MemoryUsage of job (MB)
	186456  -  ResidentSetSize of job (KB)
...
006 (126805.012.000) 2022-03-30 13:41:56 Image size of job updated: 190952
	183  -  MemoryUsage of job (MB)
	186452  -  ResidentSetSize of job (KB)
...
006 (126805.013.000) 2022-03-30 13:42:00 Image size of job updated: 686824
	149  -  MemoryUsage of job (MB)
	152020  -  ResidentSetSize of job (KB)
...
005 (126805.013.000) 2022-03-30 13:42:00 Job terminated.
	(1) Normal termination (return value 0)
		Usr 0 00:00:07, Sys 0 00:00:02  -  Run Remote Usage
		Usr 0 00:00:00, Sys 0 00:00:00  -  Run Local Usage
		Usr 0 00:00:07, Sys 0 00:00:02  -  Total Remote Usage
		Usr 0 00:00:00, Sys 0 00:00:00  -  Total Local Usage
	0  -  Run Bytes Sent By Job
	0  -  Run Bytes Received By Job
	0  -  Total Bytes Sent By Job
	0  -  Total Bytes Received By Job
	Partitionable Resources :    Usage  Request Allocated 
	   Cpus                 :                 1         1 
	   Disk (KB)            :        1        1    121125 
	   Memory (MB)          :      149     3900      3968 

	Job terminated of its own accord at 2022-03-30T04:42:00Z.
...
006 (126805.000.000) 2022-03-30 13:42:02 Image size of job updated: 685024
	183  -  MemoryUsage of job (MB)
	186456  -  ResidentSetSize of job (KB)
...
006 (126805.017.000) 2022-03-30 13:42:02 Image size of job updated: 664916
	166  -  MemoryUsage of job (MB)
	169764  -  ResidentSetSize of job (KB)
...
005 (126805.000.000) 2022-03-30 13:42:02 Job terminated.
	(1) Normal termination (return value 0)
		Usr 0 00:00:09, Sys 0 00:00:01  -  Run Remote Usage
		Usr 0 00:00:00, Sys 0 00:00:00  -  Run Local Usage
		Usr 0 00:00:09, Sys 0 00:00:01  -  Total Remote Usage
		Usr 0 00:00:00, Sys 0 00:00:00  -  Total Local Usage
	0  -  Run Bytes Sent By Job
	0  -  Run Bytes Received By Job
	0  -  Total Bytes Sent By Job
	0  -  Total Bytes Received By Job
	Partitionable Resources :    Usage  Request Allocated 
	   Cpus                 :                 1         1 
	   Disk (KB)            :        1        1    129249 
	   Memory (MB)          :      183     3900      3968 

	Job terminated of its own accord at 2022-03-30T04:42:02Z.
...
005 (126805.017.000) 2022-03-30 13:42:02 Job terminated.
	(1) Normal termination (return value 0)
		Usr 0 00:00:09, Sys 0 00:00:02  -  Run Remote Usage
		Usr 0 00:00:00, Sys 0 00:00:00  -  Run Local Usage
		Usr 0 00:00:09, Sys 0 00:00:02  -  Total Remote Usage
		Usr 0 00:00:00, Sys 0 00:00:00  -  Total Local Usage
	0  -  Run Bytes Sent By Job
	0  -  Run Bytes Received By Job
	0  -  Total Bytes Sent By Job
	0  -  Total Bytes Received By Job
	Partitionable Resources :    Usage  Request Allocated 
	   Cpus                 :                 1         1 
	   Disk (KB)            :        1        1    121125 
	   Memory (MB)          :      166     3900      3968 

	Job terminated of its own accord at 2022-03-30T04:42:02Z.
...
006 (126805.010.000) 2022-03-30 13:42:02 Image size of job updated: 688436
	183  -  MemoryUsage of job (MB)
	186468  -  ResidentSetSize of job (KB)
...
005 (126805.010.000) 2022-03-30 13:42:02 Job terminated.
	(1) Normal termination (return value 0)
		Usr 0 00:00:10, Sys 0 00:00:01  -  Run Remote Usage
		Usr 0 00:00:00, Sys 0 00:00:00  -  Run Local Usage
		Usr 0 00:00:10, Sys 0 00:00:01  -  Total Remote Usage
		Usr 0 00:00:00, Sys 0 00:00:00  -  Total Local Usage
	0  -  Run Bytes Sent By Job
	0  -  Run Bytes Received By Job
	0  -  Total Bytes Sent By Job
	0  -  Total Bytes Received By Job
	Partitionable Resources :    Usage  Request Allocated 
	   Cpus                 :     0.99        1         1 
	   Disk (KB)            :     1           1    129249 
	   Memory (MB)          :   183        3900      3968 

	Job terminated of its own accord at 2022-03-30T04:42:02Z.
...
006 (126805.014.000) 2022-03-30 13:42:03 Image size of job updated: 689336
	149  -  MemoryUsage of job (MB)
	152116  -  ResidentSetSize of job (KB)
...
005 (126805.014.000) 2022-03-30 13:42:03 Job terminated.
	(1) Normal termination (return value 0)
		Usr 0 00:00:10, Sys 0 00:00:02  -  Run Remote Usage
		Usr 0 00:00:00, Sys 0 00:00:00  -  Run Local Usage
		Usr 0 00:00:10, Sys 0 00:00:02  -  Total Remote Usage
		Usr 0 00:00:00, Sys 0 00:00:00  -  Total Local Usage
	0  -  Run Bytes Sent By Job
	0  -  Run Bytes Received By Job
	0  -  Total Bytes Sent By Job
	0  -  Total Bytes Received By Job
	Partitionable Resources :    Usage  Request Allocated 
	   Cpus                 :                 1         1 
	   Disk (KB)            :        1        1    121125 
	   Memory (MB)          :      149     3900      3968 

	Job terminated of its own accord at 2022-03-30T04:42:03Z.
...
006 (126805.001.000) 2022-03-30 13:42:03 Image size of job updated: 686804
	183  -  MemoryUsage of job (MB)
	186452  -  ResidentSetSize of job (KB)
...
005 (126805.001.000) 2022-03-30 13:42:03 Job terminated.
	(1) Normal termination (return value 0)
		Usr 0 00:00:11, Sys 0 00:00:01  -  Run Remote Usage
		Usr 0 00:00:00, Sys 0 00:00:00  -  Run Local Usage
		Usr 0 00:00:11, Sys 0 00:00:01  -  Total Remote Usage
		Usr 0 00:00:00, Sys 0 00:00:00  -  Total Local Usage
	0  -  Run Bytes Sent By Job
	0  -  Run Bytes Received By Job
	0  -  Total Bytes Sent By Job
	0  -  Total Bytes Received By Job
	Partitionable Resources :    Usage  Request Allocated 
	   Cpus                 :     1.00        1         1 
	   Disk (KB)            :     1           1    129249 
	   Memory (MB)          :   183        3900      3968 

	Job terminated of its own accord at 2022-03-30T04:42:03Z.
...
006 (126805.019.000) 2022-03-30 13:42:04 Image size of job updated: 690180
	168  -  MemoryUsage of job (MB)
	171556  -  ResidentSetSize of job (KB)
...
005 (126805.019.000) 2022-03-30 13:42:04 Job terminated.
	(1) Normal termination (return value 0)
		Usr 0 00:00:11, Sys 0 00:00:02  -  Run Remote Usage
		Usr 0 00:00:00, Sys 0 00:00:00  -  Run Local Usage
		Usr 0 00:00:11, Sys 0 00:00:02  -  Total Remote Usage
		Usr 0 00:00:00, Sys 0 00:00:00  -  Total Local Usage
	0  -  Run Bytes Sent By Job
	0  -  Run Bytes Received By Job
	0  -  Total Bytes Sent By Job
	0  -  Total Bytes Received By Job
	Partitionable Resources :    Usage  Request Allocated 
	   Cpus                 :                 1         1 
	   Disk (KB)            :        1        1    121125 
	   Memory (MB)          :      168     3900      3968 

	Job terminated of its own accord at 2022-03-30T04:42:04Z.
...
006 (126805.011.000) 2022-03-30 13:42:04 Image size of job updated: 689332
	183  -  MemoryUsage of job (MB)
	186456  -  ResidentSetSize of job (KB)
...
006 (126805.009.000) 2022-03-30 13:42:04 Image size of job updated: 690184
	177  -  MemoryUsage of job (MB)
	181024  -  ResidentSetSize of job (KB)
...
005 (126805.011.000) 2022-03-30 13:42:04 Job terminated.
	(1) Normal termination (return value 0)
		Usr 0 00:00:12, Sys 0 00:00:02  -  Run Remote Usage
		Usr 0 00:00:00, Sys 0 00:00:00  -  Run Local Usage
		Usr 0 00:00:12, Sys 0 00:00:02  -  Total Remote Usage
		Usr 0 00:00:00, Sys 0 00:00:00  -  Total Local Usage
	0  -  Run Bytes Sent By Job
	0  -  Run Bytes Received By Job
	0  -  Total Bytes Sent By Job
	0  -  Total Bytes Received By Job
	Partitionable Resources :    Usage  Request Allocated 
	   Cpus                 :     1.00        1         1 
	   Disk (KB)            :     1           1    129249 
	   Memory (MB)          :   183        3900      3968 

	Job terminated of its own accord at 2022-03-30T04:42:04Z.
...
005 (126805.009.000) 2022-03-30 13:42:05 Job terminated.
	(1) Normal termination (return value 0)
		Usr 0 00:00:11, Sys 0 00:00:02  -  Run Remote Usage
		Usr 0 00:00:00, Sys 0 00:00:00  -  Run Local Usage
		Usr 0 00:00:11, Sys 0 00:00:02  -  Total Remote Usage
		Usr 0 00:00:00, Sys 0 00:00:00  -  Total Local Usage
	0  -  Run Bytes Sent By Job
	0  -  Run Bytes Received By Job
	0  -  Total Bytes Sent By Job
	0  -  Total Bytes Received By Job
	Partitionable Resources :    Usage  Request Allocated 
	   Cpus                 :     0.98        1         1 
	   Disk (KB)            :     1           1    129249 
	   Memory (MB)          :   177        3900      3968 

	Job terminated of its own accord at 2022-03-30T04:42:04Z.
...
006 (126805.003.000) 2022-03-30 13:42:05 Image size of job updated: 688600
	183  -  MemoryUsage of job (MB)
	186976  -  ResidentSetSize of job (KB)
...
005 (126805.003.000) 2022-03-30 13:42:05 Job terminated.
	(1) Normal termination (return value 0)
		Usr 0 00:00:12, Sys 0 00:00:01  -  Run Remote Usage
		Usr 0 00:00:00, Sys 0 00:00:00  -  Run Local Usage
		Usr 0 00:00:12, Sys 0 00:00:01  -  Total Remote Usage
		Usr 0 00:00:00, Sys 0 00:00:00  -  Total Local Usage
	0  -  Run Bytes Sent By Job
	0  -  Run Bytes Received By Job
	0  -  Total Bytes Sent By Job
	0  -  Total Bytes Received By Job
	Partitionable Resources :    Usage  Request Allocated 
	   Cpus                 :     1.00        1         1 
	   Disk (KB)            :     1           1    129249 
	   Memory (MB)          :   183        3900      3968 

	Job terminated of its own accord at 2022-03-30T04:42:05Z.
...
006 (126805.005.000) 2022-03-30 13:42:05 Image size of job updated: 689656
	182  -  MemoryUsage of job (MB)
	185656  -  ResidentSetSize of job (KB)
...
005 (126805.005.000) 2022-03-30 13:42:05 Job terminated.
	(1) Normal termination (return value 0)
		Usr 0 00:00:13, Sys 0 00:00:01  -  Run Remote Usage
		Usr 0 00:00:00, Sys 0 00:00:00  -  Run Local Usage
		Usr 0 00:00:13, Sys 0 00:00:01  -  Total Remote Usage
		Usr 0 00:00:00, Sys 0 00:00:00  -  Total Local Usage
	0  -  Run Bytes Sent By Job
	0  -  Run Bytes Received By Job
	0  -  Total Bytes Sent By Job
	0  -  Total Bytes Received By Job
	Partitionable Resources :    Usage  Request Allocated 
	   Cpus                 :     1.01        1         1 
	   Disk (KB)            :     1           1    129249 
	   Memory (MB)          :   182        3900      3968 

	Job terminated of its own accord at 2022-03-30T04:42:05Z.
...
006 (126805.012.000) 2022-03-30 13:42:05 Image size of job updated: 681652
	183  -  MemoryUsage of job (MB)
	186452  -  ResidentSetSize of job (KB)
...
005 (126805.012.000) 2022-03-30 13:42:05 Job terminated.
	(1) Normal termination (return value 0)
		Usr 0 00:00:13, Sys 0 00:00:02  -  Run Remote Usage
		Usr 0 00:00:00, Sys 0 00:00:00  -  Run Local Usage
		Usr 0 00:00:13, Sys 0 00:00:02  -  Total Remote Usage
		Usr 0 00:00:00, Sys 0 00:00:00  -  Total Local Usage
	0  -  Run Bytes Sent By Job
	0  -  Run Bytes Received By Job
	0  -  Total Bytes Sent By Job
	0  -  Total Bytes Received By Job
	Partitionable Resources :    Usage  Request Allocated 
	   Cpus                 :     1.01        1         1 
	   Disk (KB)            :     1           1    129249 
	   Memory (MB)          :   183        3900      3968 

	Job terminated of its own accord at 2022-03-30T04:42:05Z.
...
006 (126805.007.000) 2022-03-30 13:42:06 Image size of job updated: 690152
	172  -  MemoryUsage of job (MB)
	175596  -  ResidentSetSize of job (KB)
...
005 (126805.007.000) 2022-03-30 13:42:06 Job terminated.
	(1) Normal termination (return value 0)
		Usr 0 00:00:13, Sys 0 00:00:02  -  Run Remote Usage
		Usr 0 00:00:00, Sys 0 00:00:00  -  Run Local Usage
		Usr 0 00:00:13, Sys 0 00:00:02  -  Total Remote Usage
		Usr 0 00:00:00, Sys 0 00:00:00  -  Total Local Usage
	0  -  Run Bytes Sent By Job
	0  -  Run Bytes Received By Job
	0  -  Total Bytes Sent By Job
	0  -  Total Bytes Received By Job
	Partitionable Resources :    Usage  Request Allocated 
	   Cpus                 :     1.01        1         1 
	   Disk (KB)            :     1           1    129249 
	   Memory (MB)          :   172        3900      3968 

	Job terminated of its own accord at 2022-03-30T04:42:06Z.
...
006 (126805.015.000) 2022-03-30 13:42:06 Image size of job updated: 671068
	149  -  MemoryUsage of job (MB)
	152232  -  ResidentSetSize of job (KB)
...
005 (126805.015.000) 2022-03-30 13:42:06 Job terminated.
	(1) Normal termination (return value 0)
		Usr 0 00:00:13, Sys 0 00:00:02  -  Run Remote Usage
		Usr 0 00:00:00, Sys 0 00:00:00  -  Run Local Usage
		Usr 0 00:00:13, Sys 0 00:00:02  -  Total Remote Usage
		Usr 0 00:00:00, Sys 0 00:00:00  -  Total Local Usage
	0  -  Run Bytes Sent By Job
	0  -  Run Bytes Received By Job
	0  -  Total Bytes Sent By Job
	0  -  Total Bytes Received By Job
	Partitionable Resources :    Usage  Request Allocated 
	   Cpus                 :                 1         1 
	   Disk (KB)            :        1        1    121125 
	   Memory (MB)          :      149     3900      3968 

	Job terminated of its own accord at 2022-03-30T04:42:06Z.
...
006 (126805.018.000) 2022-03-30 13:42:07 Image size of job updated: 664736
	169  -  MemoryUsage of job (MB)
	172548  -  ResidentSetSize of job (KB)
...
005 (126805.018.000) 2022-03-30 13:42:07 Job terminated.
	(1) Normal termination (return value 0)
		Usr 0 00:00:14, Sys 0 00:00:02  -  Run Remote Usage
		Usr 0 00:00:00, Sys 0 00:00:00  -  Run Local Usage
		Usr 0 00:00:14, Sys 0 00:00:02  -  Total Remote Usage
		Usr 0 00:00:00, Sys 0 00:00:00  -  Total Local Usage
	0  -  Run Bytes Sent By Job
	0  -  Run Bytes Received By Job
	0  -  Total Bytes Sent By Job
	0  -  Total Bytes Received By Job
	Partitionable Resources :    Usage  Request Allocated 
	   Cpus                 :                 1         1 
	   Disk (KB)            :        1        1    121125 
	   Memory (MB)          :      169     3900      3968 

	Job terminated of its own accord at 2022-03-30T04:42:07Z.
...
006 (126805.016.000) 2022-03-30 13:42:07 Image size of job updated: 670548
	165  -  MemoryUsage of job (MB)
	168928  -  ResidentSetSize of job (KB)
...
005 (126805.016.000) 2022-03-30 13:42:07 Job terminated.
	(1) Normal termination (return value 0)
		Usr 0 00:00:14, Sys 0 00:00:02  -  Run Remote Usage
		Usr 0 00:00:00, Sys 0 00:00:00  -  Run Local Usage
		Usr 0 00:00:14, Sys 0 00:00:02  -  Total Remote Usage
		Usr 0 00:00:00, Sys 0 00:00:00  -  Total Local Usage
	0  -  Run Bytes Sent By Job
	0  -  Run Bytes Received By Job
	0  -  Total Bytes Sent By Job
	0  -  Total Bytes Received By Job
	Partitionable Resources :    Usage  Request Allocated 
	   Cpus                 :                 1         1 
	   Disk (KB)            :        1        1    121125 
	   Memory (MB)          :      165     3900      3968 

	Job terminated of its own accord at 2022-03-30T04:42:07Z.
...
006 (126805.008.000) 2022-03-30 13:42:07 Image size of job updated: 691300
	183  -  MemoryUsage of job (MB)
	186456  -  ResidentSetSize of job (KB)
...
005 (126805.008.000) 2022-03-30 13:42:07 Job terminated.
	(1) Normal termination (return value 0)
		Usr 0 00:00:15, Sys 0 00:00:01  -  Run Remote Usage
		Usr 0 00:00:00, Sys 0 00:00:00  -  Run Local Usage
		Usr 0 00:00:15, Sys 0 00:00:01  -  Total Remote Usage
		Usr 0 00:00:00, Sys 0 00:00:00  -  Total Local Usage
	0  -  Run Bytes Sent By Job
	0  -  Run Bytes Received By Job
	0  -  Total Bytes Sent By Job
	0  -  Total Bytes Received By Job
	Partitionable Resources :    Usage  Request Allocated 
	   Cpus                 :     1.00        1         1 
	   Disk (KB)            :     1           1    129249 
	   Memory (MB)          :   183        3900      3968 

	Job terminated of its own accord at 2022-03-30T04:42:07Z.
...
006 (126805.004.000) 2022-03-30 13:42:07 Image size of job updated: 689624
	183  -  MemoryUsage of job (MB)
	186468  -  ResidentSetSize of job (KB)
...
005 (126805.004.000) 2022-03-30 13:42:07 Job terminated.
	(1) Normal termination (return value 0)
		Usr 0 00:00:15, Sys 0 00:00:01  -  Run Remote Usage
		Usr 0 00:00:00, Sys 0 00:00:00  -  Run Local Usage
		Usr 0 00:00:15, Sys 0 00:00:01  -  Total Remote Usage
		Usr 0 00:00:00, Sys 0 00:00:00  -  Total Local Usage
	0  -  Run Bytes Sent By Job
	0  -  Run Bytes Received By Job
	0  -  Total Bytes Sent By Job
	0  -  Total Bytes Received By Job
	Partitionable Resources :    Usage  Request Allocated 
	   Cpus                 :     1.00        1         1 
	   Disk (KB)            :     1           1    129249 
	   Memory (MB)          :   183        3900      3968 

	Job terminated of its own accord at 2022-03-30T04:42:07Z.
...
006 (126805.002.000) 2022-03-30 13:42:08 Image size of job updated: 690116
	183  -  MemoryUsage of job (MB)
	186460  -  ResidentSetSize of job (KB)
...
005 (126805.002.000) 2022-03-30 13:42:08 Job terminated.
	(1) Normal termination (return value 0)
		Usr 0 00:00:15, Sys 0 00:00:01  -  Run Remote Usage
		Usr 0 00:00:00, Sys 0 00:00:00  -  Run Local Usage
		Usr 0 00:00:15, Sys 0 00:00:01  -  Total Remote Usage
		Usr 0 00:00:00, Sys 0 00:00:00  -  Total Local Usage
	0  -  Run Bytes Sent By Job
	0  -  Run Bytes Received By Job
	0  -  Total Bytes Sent By Job
	0  -  Total Bytes Received By Job
	Partitionable Resources :    Usage  Request Allocated 
	   Cpus                 :     1.01        1         1 
	   Disk (KB)            :     1           1    129249 
	   Memory (MB)          :   183        3900      3968 

	Job terminated of its own accord at 2022-03-30T04:42:08Z.
...
006 (126805.006.000) 2022-03-30 13:42:10 Image size of job updated: 691124
	182  -  MemoryUsage of job (MB)
	185824  -  ResidentSetSize of job (KB)
...
005 (126805.006.000) 2022-03-30 13:42:10 Job terminated.
	(1) Normal termination (return value 0)
		Usr 0 00:00:18, Sys 0 00:00:01  -  Run Remote Usage
		Usr 0 00:00:00, Sys 0 00:00:00  -  Run Local Usage
		Usr 0 00:00:18, Sys 0 00:00:01  -  Total Remote Usage
		Usr 0 00:00:00, Sys 0 00:00:00  -  Total Local Usage
	0  -  Run Bytes Sent By Job
	0  -  Run Bytes Received By Job
	0  -  Total Bytes Sent By Job
	0  -  Total Bytes Received By Job
	Partitionable Resources :    Usage  Request Allocated 
	   Cpus                 :     1.00        1         1 
	   Disk (KB)            :     1           1    129249 
	   Memory (MB)          :   182        3900      3968 

	Job terminated of its own accord at 2022-03-30T04:42:10Z.
...
000 (127779.000.000) 2022-03-31 13:57:42 Job submitted from host: <172.30.1.200:9618?addrs=172.30.1.200-9618&alias=tamsa2.snu.ac.kr&noUDP&sock=schedd_3154_f5cb>
...
000 (127779.001.000) 2022-03-31 13:57:42 Job submitted from host: <172.30.1.200:9618?addrs=172.30.1.200-9618&alias=tamsa2.snu.ac.kr&noUDP&sock=schedd_3154_f5cb>
...
000 (127779.002.000) 2022-03-31 13:57:42 Job submitted from host: <172.30.1.200:9618?addrs=172.30.1.200-9618&alias=tamsa2.snu.ac.kr&noUDP&sock=schedd_3154_f5cb>
...
000 (127779.003.000) 2022-03-31 13:57:42 Job submitted from host: <172.30.1.200:9618?addrs=172.30.1.200-9618&alias=tamsa2.snu.ac.kr&noUDP&sock=schedd_3154_f5cb>
...
000 (127779.004.000) 2022-03-31 13:57:42 Job submitted from host: <172.30.1.200:9618?addrs=172.30.1.200-9618&alias=tamsa2.snu.ac.kr&noUDP&sock=schedd_3154_f5cb>
...
000 (127779.005.000) 2022-03-31 13:57:42 Job submitted from host: <172.30.1.200:9618?addrs=172.30.1.200-9618&alias=tamsa2.snu.ac.kr&noUDP&sock=schedd_3154_f5cb>
...
000 (127779.006.000) 2022-03-31 13:57:42 Job submitted from host: <172.30.1.200:9618?addrs=172.30.1.200-9618&alias=tamsa2.snu.ac.kr&noUDP&sock=schedd_3154_f5cb>
...
000 (127779.007.000) 2022-03-31 13:57:42 Job submitted from host: <172.30.1.200:9618?addrs=172.30.1.200-9618&alias=tamsa2.snu.ac.kr&noUDP&sock=schedd_3154_f5cb>
...
000 (127779.008.000) 2022-03-31 13:57:42 Job submitted from host: <172.30.1.200:9618?addrs=172.30.1.200-9618&alias=tamsa2.snu.ac.kr&noUDP&sock=schedd_3154_f5cb>
...
000 (127779.009.000) 2022-03-31 13:57:42 Job submitted from host: <172.30.1.200:9618?addrs=172.30.1.200-9618&alias=tamsa2.snu.ac.kr&noUDP&sock=schedd_3154_f5cb>
...
000 (127779.010.000) 2022-03-31 13:57:42 Job submitted from host: <172.30.1.200:9618?addrs=172.30.1.200-9618&alias=tamsa2.snu.ac.kr&noUDP&sock=schedd_3154_f5cb>
...
000 (127779.011.000) 2022-03-31 13:57:42 Job submitted from host: <172.30.1.200:9618?addrs=172.30.1.200-9618&alias=tamsa2.snu.ac.kr&noUDP&sock=schedd_3154_f5cb>
...
000 (127779.012.000) 2022-03-31 13:57:42 Job submitted from host: <172.30.1.200:9618?addrs=172.30.1.200-9618&alias=tamsa2.snu.ac.kr&noUDP&sock=schedd_3154_f5cb>
...
000 (127779.013.000) 2022-03-31 13:57:42 Job submitted from host: <172.30.1.200:9618?addrs=172.30.1.200-9618&alias=tamsa2.snu.ac.kr&noUDP&sock=schedd_3154_f5cb>
...
000 (127779.014.000) 2022-03-31 13:57:42 Job submitted from host: <172.30.1.200:9618?addrs=172.30.1.200-9618&alias=tamsa2.snu.ac.kr&noUDP&sock=schedd_3154_f5cb>
...
000 (127779.015.000) 2022-03-31 13:57:42 Job submitted from host: <172.30.1.200:9618?addrs=172.30.1.200-9618&alias=tamsa2.snu.ac.kr&noUDP&sock=schedd_3154_f5cb>
...
000 (127779.016.000) 2022-03-31 13:57:42 Job submitted from host: <172.30.1.200:9618?addrs=172.30.1.200-9618&alias=tamsa2.snu.ac.kr&noUDP&sock=schedd_3154_f5cb>
...
000 (127779.017.000) 2022-03-31 13:57:42 Job submitted from host: <172.30.1.200:9618?addrs=172.30.1.200-9618&alias=tamsa2.snu.ac.kr&noUDP&sock=schedd_3154_f5cb>
...
000 (127779.018.000) 2022-03-31 13:57:42 Job submitted from host: <172.30.1.200:9618?addrs=172.30.1.200-9618&alias=tamsa2.snu.ac.kr&noUDP&sock=schedd_3154_f5cb>
...
000 (127779.019.000) 2022-03-31 13:57:42 Job submitted from host: <172.30.1.200:9618?addrs=172.30.1.200-9618&alias=tamsa2.snu.ac.kr&noUDP&sock=schedd_3154_f5cb>
...
001 (127779.019.000) 2022-03-31 13:57:52 Job executing on host: <172.30.1.201:9618?addrs=172.30.1.201-9618&alias=node1&noUDP&sock=startd_3603_efd1>
...
001 (127779.018.000) 2022-03-31 13:57:52 Job executing on host: <172.30.1.201:9618?addrs=172.30.1.201-9618&alias=node1&noUDP&sock=startd_3603_efd1>
...
001 (127779.001.000) 2022-03-31 13:57:52 Job executing on host: <172.30.1.208:9618?addrs=172.30.1.208-9618&alias=node8&noUDP&sock=startd_32564_c61f>
...
001 (127779.002.000) 2022-03-31 13:57:52 Job executing on host: <172.30.1.208:9618?addrs=172.30.1.208-9618&alias=node8&noUDP&sock=startd_32564_c61f>
...
001 (127779.000.000) 2022-03-31 13:57:52 Job executing on host: <172.30.1.208:9618?addrs=172.30.1.208-9618&alias=node8&noUDP&sock=startd_32564_c61f>
...
001 (127779.004.000) 2022-03-31 13:57:52 Job executing on host: <172.30.1.208:9618?addrs=172.30.1.208-9618&alias=node8&noUDP&sock=startd_32564_c61f>
...
001 (127779.003.000) 2022-03-31 13:57:53 Job executing on host: <172.30.1.208:9618?addrs=172.30.1.208-9618&alias=node8&noUDP&sock=startd_32564_c61f>
...
001 (127779.005.000) 2022-03-31 13:57:53 Job executing on host: <172.30.1.208:9618?addrs=172.30.1.208-9618&alias=node8&noUDP&sock=startd_32564_c61f>
...
001 (127779.006.000) 2022-03-31 13:57:53 Job executing on host: <172.30.1.208:9618?addrs=172.30.1.208-9618&alias=node8&noUDP&sock=startd_32564_c61f>
...
001 (127779.008.000) 2022-03-31 13:57:53 Job executing on host: <172.30.1.208:9618?addrs=172.30.1.208-9618&alias=node8&noUDP&sock=startd_32564_c61f>
...
001 (127779.007.000) 2022-03-31 13:57:53 Job executing on host: <172.30.1.208:9618?addrs=172.30.1.208-9618&alias=node8&noUDP&sock=startd_32564_c61f>
...
001 (127779.009.000) 2022-03-31 13:57:53 Job executing on host: <172.30.1.208:9618?addrs=172.30.1.208-9618&alias=node8&noUDP&sock=startd_32564_c61f>
...
001 (127779.011.000) 2022-03-31 13:57:53 Job executing on host: <172.30.1.208:9618?addrs=172.30.1.208-9618&alias=node8&noUDP&sock=startd_32564_c61f>
...
001 (127779.010.000) 2022-03-31 13:57:53 Job executing on host: <172.30.1.208:9618?addrs=172.30.1.208-9618&alias=node8&noUDP&sock=startd_32564_c61f>
...
001 (127779.012.000) 2022-03-31 13:57:53 Job executing on host: <172.30.1.208:9618?addrs=172.30.1.208-9618&alias=node8&noUDP&sock=startd_32564_c61f>
...
001 (127779.013.000) 2022-03-31 13:57:53 Job executing on host: <172.30.1.208:9618?addrs=172.30.1.208-9618&alias=node8&noUDP&sock=startd_32564_c61f>
...
001 (127779.015.000) 2022-03-31 13:57:53 Job executing on host: <172.30.1.208:9618?addrs=172.30.1.208-9618&alias=node8&noUDP&sock=startd_32564_c61f>
...
001 (127779.014.000) 2022-03-31 13:57:53 Job executing on host: <172.30.1.208:9618?addrs=172.30.1.208-9618&alias=node8&noUDP&sock=startd_32564_c61f>
...
001 (127779.016.000) 2022-03-31 13:57:54 Job executing on host: <172.30.1.208:9618?addrs=172.30.1.208-9618&alias=node8&noUDP&sock=startd_32564_c61f>
...
001 (127779.017.000) 2022-03-31 13:57:54 Job executing on host: <172.30.1.208:9618?addrs=172.30.1.208-9618&alias=node8&noUDP&sock=startd_32564_c61f>
...
006 (127779.019.000) 2022-03-31 13:58:00 Image size of job updated: 392676
	149  -  MemoryUsage of job (MB)
	152528  -  ResidentSetSize of job (KB)
...
006 (127779.018.000) 2022-03-31 13:58:00 Image size of job updated: 391616
	149  -  MemoryUsage of job (MB)
	152528  -  ResidentSetSize of job (KB)
...
006 (127779.004.000) 2022-03-31 13:58:01 Image size of job updated: 197924
	177  -  MemoryUsage of job (MB)
	181124  -  ResidentSetSize of job (KB)
...
006 (127779.003.000) 2022-03-31 13:58:01 Image size of job updated: 185668
	178  -  MemoryUsage of job (MB)
	181260  -  ResidentSetSize of job (KB)
...
006 (127779.005.000) 2022-03-31 13:58:01 Image size of job updated: 182512
	177  -  MemoryUsage of job (MB)
	181128  -  ResidentSetSize of job (KB)
...
006 (127779.006.000) 2022-03-31 13:58:01 Image size of job updated: 183084
	178  -  MemoryUsage of job (MB)
	181904  -  ResidentSetSize of job (KB)
...
006 (127779.008.000) 2022-03-31 13:58:01 Image size of job updated: 185840
	178  -  MemoryUsage of job (MB)
	181340  -  ResidentSetSize of job (KB)
...
006 (127779.007.000) 2022-03-31 13:58:01 Image size of job updated: 185840
	177  -  MemoryUsage of job (MB)
	181116  -  ResidentSetSize of job (KB)
...
006 (127779.001.000) 2022-03-31 13:58:01 Image size of job updated: 197924
	182  -  MemoryUsage of job (MB)
	186008  -  ResidentSetSize of job (KB)
...
006 (127779.002.000) 2022-03-31 13:58:01 Image size of job updated: 197924
	182  -  MemoryUsage of job (MB)
	185756  -  ResidentSetSize of job (KB)
...
006 (127779.000.000) 2022-03-31 13:58:01 Image size of job updated: 197924
	183  -  MemoryUsage of job (MB)
	186536  -  ResidentSetSize of job (KB)
...
006 (127779.014.000) 2022-03-31 13:58:02 Image size of job updated: 189472
	183  -  MemoryUsage of job (MB)
	186552  -  ResidentSetSize of job (KB)
...
006 (127779.016.000) 2022-03-31 13:58:02 Image size of job updated: 182384
	175  -  MemoryUsage of job (MB)
	178244  -  ResidentSetSize of job (KB)
...
006 (127779.017.000) 2022-03-31 13:58:02 Image size of job updated: 194332
	175  -  MemoryUsage of job (MB)
	178644  -  ResidentSetSize of job (KB)
...
006 (127779.009.000) 2022-03-31 13:58:02 Image size of job updated: 187852
	183  -  MemoryUsage of job (MB)
	186540  -  ResidentSetSize of job (KB)
...
006 (127779.011.000) 2022-03-31 13:58:02 Image size of job updated: 187496
	183  -  MemoryUsage of job (MB)
	186552  -  ResidentSetSize of job (KB)
...
006 (127779.010.000) 2022-03-31 13:58:02 Image size of job updated: 187412
	183  -  MemoryUsage of job (MB)
	186544  -  ResidentSetSize of job (KB)
...
006 (127779.012.000) 2022-03-31 13:58:02 Image size of job updated: 188156
	183  -  MemoryUsage of job (MB)
	186556  -  ResidentSetSize of job (KB)
...
006 (127779.013.000) 2022-03-31 13:58:02 Image size of job updated: 189008
	183  -  MemoryUsage of job (MB)
	186544  -  ResidentSetSize of job (KB)
...
006 (127779.015.000) 2022-03-31 13:58:02 Image size of job updated: 189352
	183  -  MemoryUsage of job (MB)
	186552  -  ResidentSetSize of job (KB)
...
006 (127779.011.000) 2022-03-31 13:58:07 Image size of job updated: 686800
	183  -  MemoryUsage of job (MB)
	186552  -  ResidentSetSize of job (KB)
...
005 (127779.011.000) 2022-03-31 13:58:07 Job terminated.
	(1) Normal termination (return value 0)
		Usr 0 00:00:08, Sys 0 00:00:01  -  Run Remote Usage
		Usr 0 00:00:00, Sys 0 00:00:00  -  Run Local Usage
		Usr 0 00:00:08, Sys 0 00:00:01  -  Total Remote Usage
		Usr 0 00:00:00, Sys 0 00:00:00  -  Total Local Usage
	0  -  Run Bytes Sent By Job
	0  -  Run Bytes Received By Job
	0  -  Total Bytes Sent By Job
	0  -  Total Bytes Received By Job
	Partitionable Resources :    Usage  Request Allocated 
	   Cpus                 :                 1         1 
	   Disk (KB)            :        1        1    121125 
	   Memory (MB)          :      183     3900      3968 

	Job terminated of its own accord at 2022-03-31T04:58:07Z.
...
006 (127779.016.000) 2022-03-31 13:58:07 Image size of job updated: 686768
	175  -  MemoryUsage of job (MB)
	178244  -  ResidentSetSize of job (KB)
...
005 (127779.016.000) 2022-03-31 13:58:07 Job terminated.
	(1) Normal termination (return value 0)
		Usr 0 00:00:07, Sys 0 00:00:02  -  Run Remote Usage
		Usr 0 00:00:00, Sys 0 00:00:00  -  Run Local Usage
		Usr 0 00:00:07, Sys 0 00:00:02  -  Total Remote Usage
		Usr 0 00:00:00, Sys 0 00:00:00  -  Total Local Usage
	0  -  Run Bytes Sent By Job
	0  -  Run Bytes Received By Job
	0  -  Total Bytes Sent By Job
	0  -  Total Bytes Received By Job
	Partitionable Resources :    Usage  Request Allocated 
	   Cpus                 :                 1         1 
	   Disk (KB)            :        1        1    121125 
	   Memory (MB)          :      175     3900      3968 

	Job terminated of its own accord at 2022-03-31T04:58:07Z.
...
006 (127779.009.000) 2022-03-31 13:58:07 Image size of job updated: 688608
	183  -  MemoryUsage of job (MB)
	186540  -  ResidentSetSize of job (KB)
...
005 (127779.009.000) 2022-03-31 13:58:07 Job terminated.
	(1) Normal termination (return value 0)
		Usr 0 00:00:08, Sys 0 00:00:02  -  Run Remote Usage
		Usr 0 00:00:00, Sys 0 00:00:00  -  Run Local Usage
		Usr 0 00:00:08, Sys 0 00:00:02  -  Total Remote Usage
		Usr 0 00:00:00, Sys 0 00:00:00  -  Total Local Usage
	0  -  Run Bytes Sent By Job
	0  -  Run Bytes Received By Job
	0  -  Total Bytes Sent By Job
	0  -  Total Bytes Received By Job
	Partitionable Resources :    Usage  Request Allocated 
	   Cpus                 :                 1         1 
	   Disk (KB)            :        1        1    121125 
	   Memory (MB)          :      183     3900      3968 

	Job terminated of its own accord at 2022-03-31T04:58:07Z.
...
006 (127779.012.000) 2022-03-31 13:58:08 Image size of job updated: 689484
	183  -  MemoryUsage of job (MB)
	186556  -  ResidentSetSize of job (KB)
...
005 (127779.012.000) 2022-03-31 13:58:08 Job terminated.
	(1) Normal termination (return value 0)
		Usr 0 00:00:09, Sys 0 00:00:01  -  Run Remote Usage
		Usr 0 00:00:00, Sys 0 00:00:00  -  Run Local Usage
		Usr 0 00:00:09, Sys 0 00:00:01  -  Total Remote Usage
		Usr 0 00:00:00, Sys 0 00:00:00  -  Total Local Usage
	0  -  Run Bytes Sent By Job
	0  -  Run Bytes Received By Job
	0  -  Total Bytes Sent By Job
	0  -  Total Bytes Received By Job
	Partitionable Resources :    Usage  Request Allocated 
	   Cpus                 :                 1         1 
	   Disk (KB)            :        1        1    121125 
	   Memory (MB)          :      183     3900      3968 

	Job terminated of its own accord at 2022-03-31T04:58:08Z.
...
006 (127779.003.000) 2022-03-31 13:58:08 Image size of job updated: 688612
	178  -  MemoryUsage of job (MB)
	181260  -  ResidentSetSize of job (KB)
...
005 (127779.003.000) 2022-03-31 13:58:08 Job terminated.
	(1) Normal termination (return value 0)
		Usr 0 00:00:09, Sys 0 00:00:02  -  Run Remote Usage
		Usr 0 00:00:00, Sys 0 00:00:00  -  Run Local Usage
		Usr 0 00:00:09, Sys 0 00:00:02  -  Total Remote Usage
		Usr 0 00:00:00, Sys 0 00:00:00  -  Total Local Usage
	0  -  Run Bytes Sent By Job
	0  -  Run Bytes Received By Job
	0  -  Total Bytes Sent By Job
	0  -  Total Bytes Received By Job
	Partitionable Resources :    Usage  Request Allocated 
	   Cpus                 :                 1         1 
	   Disk (KB)            :        1        1    121125 
	   Memory (MB)          :      178     3900      3968 

	Job terminated of its own accord at 2022-03-31T04:58:08Z.
...
006 (127779.008.000) 2022-03-31 13:58:09 Image size of job updated: 685056
	178  -  MemoryUsage of job (MB)
	181340  -  ResidentSetSize of job (KB)
...
005 (127779.008.000) 2022-03-31 13:58:09 Job terminated.
	(1) Normal termination (return value 0)
		Usr 0 00:00:10, Sys 0 00:00:02  -  Run Remote Usage
		Usr 0 00:00:00, Sys 0 00:00:00  -  Run Local Usage
		Usr 0 00:00:10, Sys 0 00:00:02  -  Total Remote Usage
		Usr 0 00:00:00, Sys 0 00:00:00  -  Total Local Usage
	0  -  Run Bytes Sent By Job
	0  -  Run Bytes Received By Job
	0  -  Total Bytes Sent By Job
	0  -  Total Bytes Received By Job
	Partitionable Resources :    Usage  Request Allocated 
	   Cpus                 :                 1         1 
	   Disk (KB)            :        1        1    121125 
	   Memory (MB)          :      178     3900      3968 

	Job terminated of its own accord at 2022-03-31T04:58:09Z.
...
006 (127779.005.000) 2022-03-31 13:58:09 Image size of job updated: 688644
	177  -  MemoryUsage of job (MB)
	181128  -  ResidentSetSize of job (KB)
...
005 (127779.005.000) 2022-03-31 13:58:09 Job terminated.
	(1) Normal termination (return value 0)
		Usr 0 00:00:10, Sys 0 00:00:02  -  Run Remote Usage
		Usr 0 00:00:00, Sys 0 00:00:00  -  Run Local Usage
		Usr 0 00:00:10, Sys 0 00:00:02  -  Total Remote Usage
		Usr 0 00:00:00, Sys 0 00:00:00  -  Total Local Usage
	0  -  Run Bytes Sent By Job
	0  -  Run Bytes Received By Job
	0  -  Total Bytes Sent By Job
	0  -  Total Bytes Received By Job
	Partitionable Resources :    Usage  Request Allocated 
	   Cpus                 :                 1         1 
	   Disk (KB)            :        1        1    121125 
	   Memory (MB)          :      177     3900      3968 

	Job terminated of its own accord at 2022-03-31T04:58:09Z.
...
006 (127779.002.000) 2022-03-31 13:58:09 Image size of job updated: 688688
	182  -  MemoryUsage of job (MB)
	185756  -  ResidentSetSize of job (KB)
...
005 (127779.002.000) 2022-03-31 13:58:09 Job terminated.
	(1) Normal termination (return value 0)
		Usr 0 00:00:10, Sys 0 00:00:02  -  Run Remote Usage
		Usr 0 00:00:00, Sys 0 00:00:00  -  Run Local Usage
		Usr 0 00:00:10, Sys 0 00:00:02  -  Total Remote Usage
		Usr 0 00:00:00, Sys 0 00:00:00  -  Total Local Usage
	0  -  Run Bytes Sent By Job
	0  -  Run Bytes Received By Job
	0  -  Total Bytes Sent By Job
	0  -  Total Bytes Received By Job
	Partitionable Resources :    Usage  Request Allocated 
	   Cpus                 :                 1         1 
	   Disk (KB)            :        1        1    121125 
	   Memory (MB)          :      182     3900      3968 

	Job terminated of its own accord at 2022-03-31T04:58:09Z.
...
006 (127779.017.000) 2022-03-31 13:58:10 Image size of job updated: 683924
	175  -  MemoryUsage of job (MB)
	178668  -  ResidentSetSize of job (KB)
...
005 (127779.017.000) 2022-03-31 13:58:10 Job terminated.
	(1) Normal termination (return value 0)
		Usr 0 00:00:10, Sys 0 00:00:02  -  Run Remote Usage
		Usr 0 00:00:00, Sys 0 00:00:00  -  Run Local Usage
		Usr 0 00:00:10, Sys 0 00:00:02  -  Total Remote Usage
		Usr 0 00:00:00, Sys 0 00:00:00  -  Total Local Usage
	0  -  Run Bytes Sent By Job
	0  -  Run Bytes Received By Job
	0  -  Total Bytes Sent By Job
	0  -  Total Bytes Received By Job
	Partitionable Resources :    Usage  Request Allocated 
	   Cpus                 :                 1         1 
	   Disk (KB)            :        1        1    121125 
	   Memory (MB)          :      175     3900      3968 

	Job terminated of its own accord at 2022-03-31T04:58:10Z.
...
006 (127779.004.000) 2022-03-31 13:58:10 Image size of job updated: 688648
	177  -  MemoryUsage of job (MB)
	181124  -  ResidentSetSize of job (KB)
...
005 (127779.004.000) 2022-03-31 13:58:10 Job terminated.
	(1) Normal termination (return value 0)
		Usr 0 00:00:11, Sys 0 00:00:02  -  Run Remote Usage
		Usr 0 00:00:00, Sys 0 00:00:00  -  Run Local Usage
		Usr 0 00:00:11, Sys 0 00:00:02  -  Total Remote Usage
		Usr 0 00:00:00, Sys 0 00:00:00  -  Total Local Usage
	0  -  Run Bytes Sent By Job
	0  -  Run Bytes Received By Job
	0  -  Total Bytes Sent By Job
	0  -  Total Bytes Received By Job
	Partitionable Resources :    Usage  Request Allocated 
	   Cpus                 :                 1         1 
	   Disk (KB)            :        1        1    121125 
	   Memory (MB)          :      177     3900      3968 

	Job terminated of its own accord at 2022-03-31T04:58:10Z.
...
006 (127779.019.000) 2022-03-31 13:58:10 Image size of job updated: 658484
	149  -  MemoryUsage of job (MB)
	152540  -  ResidentSetSize of job (KB)
...
005 (127779.019.000) 2022-03-31 13:58:10 Job terminated.
	(1) Normal termination (return value 0)
		Usr 0 00:00:11, Sys 0 00:00:02  -  Run Remote Usage
		Usr 0 00:00:00, Sys 0 00:00:00  -  Run Local Usage
		Usr 0 00:00:11, Sys 0 00:00:02  -  Total Remote Usage
		Usr 0 00:00:00, Sys 0 00:00:00  -  Total Local Usage
	0  -  Run Bytes Sent By Job
	0  -  Run Bytes Received By Job
	0  -  Total Bytes Sent By Job
	0  -  Total Bytes Received By Job
	Partitionable Resources :    Usage  Request Allocated 
	   Cpus                 :                 1         1 
	   Disk (KB)            :        1        1    121641 
	   Memory (MB)          :      149     3900      3968 

	Job terminated of its own accord at 2022-03-31T04:58:10Z.
...
006 (127779.000.000) 2022-03-31 13:58:11 Image size of job updated: 684992
	183  -  MemoryUsage of job (MB)
	186536  -  ResidentSetSize of job (KB)
...
005 (127779.000.000) 2022-03-31 13:58:11 Job terminated.
	(1) Normal termination (return value 0)
		Usr 0 00:00:12, Sys 0 00:00:02  -  Run Remote Usage
		Usr 0 00:00:00, Sys 0 00:00:00  -  Run Local Usage
		Usr 0 00:00:12, Sys 0 00:00:02  -  Total Remote Usage
		Usr 0 00:00:00, Sys 0 00:00:00  -  Total Local Usage
	0  -  Run Bytes Sent By Job
	0  -  Run Bytes Received By Job
	0  -  Total Bytes Sent By Job
	0  -  Total Bytes Received By Job
	Partitionable Resources :    Usage  Request Allocated 
	   Cpus                 :                 1         1 
	   Disk (KB)            :        1        1    121125 
	   Memory (MB)          :      183     3900      3968 

	Job terminated of its own accord at 2022-03-31T04:58:11Z.
...
006 (127779.010.000) 2022-03-31 13:58:11 Image size of job updated: 687960
	183  -  MemoryUsage of job (MB)
	186544  -  ResidentSetSize of job (KB)
...
005 (127779.010.000) 2022-03-31 13:58:11 Job terminated.
	(1) Normal termination (return value 0)
		Usr 0 00:00:12, Sys 0 00:00:01  -  Run Remote Usage
		Usr 0 00:00:00, Sys 0 00:00:00  -  Run Local Usage
		Usr 0 00:00:12, Sys 0 00:00:01  -  Total Remote Usage
		Usr 0 00:00:00, Sys 0 00:00:00  -  Total Local Usage
	0  -  Run Bytes Sent By Job
	0  -  Run Bytes Received By Job
	0  -  Total Bytes Sent By Job
	0  -  Total Bytes Received By Job
	Partitionable Resources :    Usage  Request Allocated 
	   Cpus                 :                 1         1 
	   Disk (KB)            :        1        1    121125 
	   Memory (MB)          :      183     3900      3968 

	Job terminated of its own accord at 2022-03-31T04:58:11Z.
...
006 (127779.006.000) 2022-03-31 13:58:11 Image size of job updated: 690492
	178  -  MemoryUsage of job (MB)
	181916  -  ResidentSetSize of job (KB)
...
005 (127779.006.000) 2022-03-31 13:58:11 Job terminated.
	(1) Normal termination (return value 0)
		Usr 0 00:00:12, Sys 0 00:00:01  -  Run Remote Usage
		Usr 0 00:00:00, Sys 0 00:00:00  -  Run Local Usage
		Usr 0 00:00:12, Sys 0 00:00:01  -  Total Remote Usage
		Usr 0 00:00:00, Sys 0 00:00:00  -  Total Local Usage
	0  -  Run Bytes Sent By Job
	0  -  Run Bytes Received By Job
	0  -  Total Bytes Sent By Job
	0  -  Total Bytes Received By Job
	Partitionable Resources :    Usage  Request Allocated 
	   Cpus                 :                 1         1 
	   Disk (KB)            :        1        1    121125 
	   Memory (MB)          :      178     3900      3968 

	Job terminated of its own accord at 2022-03-31T04:58:11Z.
...
006 (127779.015.000) 2022-03-31 13:58:13 Image size of job updated: 646512
	183  -  MemoryUsage of job (MB)
	186552  -  ResidentSetSize of job (KB)
...
005 (127779.015.000) 2022-03-31 13:58:13 Job terminated.
	(1) Normal termination (return value 0)
		Usr 0 00:00:13, Sys 0 00:00:02  -  Run Remote Usage
		Usr 0 00:00:00, Sys 0 00:00:00  -  Run Local Usage
		Usr 0 00:00:13, Sys 0 00:00:02  -  Total Remote Usage
		Usr 0 00:00:00, Sys 0 00:00:00  -  Total Local Usage
	0  -  Run Bytes Sent By Job
	0  -  Run Bytes Received By Job
	0  -  Total Bytes Sent By Job
	0  -  Total Bytes Received By Job
	Partitionable Resources :    Usage  Request Allocated 
	   Cpus                 :     1.00        1         1 
	   Disk (KB)            :     1           1    121125 
	   Memory (MB)          :   183        3900      3968 

	Job terminated of its own accord at 2022-03-31T04:58:13Z.
...
006 (127779.007.000) 2022-03-31 13:58:13 Image size of job updated: 689564
	177  -  MemoryUsage of job (MB)
	181116  -  ResidentSetSize of job (KB)
...
005 (127779.007.000) 2022-03-31 13:58:13 Job terminated.
	(1) Normal termination (return value 0)
		Usr 0 00:00:14, Sys 0 00:00:01  -  Run Remote Usage
		Usr 0 00:00:00, Sys 0 00:00:00  -  Run Local Usage
		Usr 0 00:00:14, Sys 0 00:00:01  -  Total Remote Usage
		Usr 0 00:00:00, Sys 0 00:00:00  -  Total Local Usage
	0  -  Run Bytes Sent By Job
	0  -  Run Bytes Received By Job
	0  -  Total Bytes Sent By Job
	0  -  Total Bytes Received By Job
	Partitionable Resources :    Usage  Request Allocated 
	   Cpus                 :     1.00        1         1 
	   Disk (KB)            :     1           1    121125 
	   Memory (MB)          :   177        3900      3968 

	Job terminated of its own accord at 2022-03-31T04:58:13Z.
...
006 (127779.001.000) 2022-03-31 13:58:15 Image size of job updated: 686772
	182  -  MemoryUsage of job (MB)
	186016  -  ResidentSetSize of job (KB)
...
005 (127779.001.000) 2022-03-31 13:58:15 Job terminated.
	(1) Normal termination (return value 0)
		Usr 0 00:00:15, Sys 0 00:00:02  -  Run Remote Usage
		Usr 0 00:00:00, Sys 0 00:00:00  -  Run Local Usage
		Usr 0 00:00:15, Sys 0 00:00:02  -  Total Remote Usage
		Usr 0 00:00:00, Sys 0 00:00:00  -  Total Local Usage
	0  -  Run Bytes Sent By Job
	0  -  Run Bytes Received By Job
	0  -  Total Bytes Sent By Job
	0  -  Total Bytes Received By Job
	Partitionable Resources :    Usage  Request Allocated 
	   Cpus                 :     1.00        1         1 
	   Disk (KB)            :     1           1    121125 
	   Memory (MB)          :   182        3900      3968 

	Job terminated of its own accord at 2022-03-31T04:58:15Z.
...
006 (127779.013.000) 2022-03-31 13:58:16 Image size of job updated: 646520
	183  -  MemoryUsage of job (MB)
	186544  -  ResidentSetSize of job (KB)
...
005 (127779.013.000) 2022-03-31 13:58:16 Job terminated.
	(1) Normal termination (return value 0)
		Usr 0 00:00:17, Sys 0 00:00:01  -  Run Remote Usage
		Usr 0 00:00:00, Sys 0 00:00:00  -  Run Local Usage
		Usr 0 00:00:17, Sys 0 00:00:01  -  Total Remote Usage
		Usr 0 00:00:00, Sys 0 00:00:00  -  Total Local Usage
	0  -  Run Bytes Sent By Job
	0  -  Run Bytes Received By Job
	0  -  Total Bytes Sent By Job
	0  -  Total Bytes Received By Job
	Partitionable Resources :    Usage  Request Allocated 
	   Cpus                 :     0.99        1         1 
	   Disk (KB)            :     1           1    121125 
	   Memory (MB)          :   183        3900      3968 

	Job terminated of its own accord at 2022-03-31T04:58:16Z.
...
006 (127779.018.000) 2022-03-31 13:58:18 Image size of job updated: 646520
	149  -  MemoryUsage of job (MB)
	152528  -  ResidentSetSize of job (KB)
...
005 (127779.018.000) 2022-03-31 13:58:18 Job terminated.
	(1) Normal termination (return value 0)
		Usr 0 00:00:18, Sys 0 00:00:02  -  Run Remote Usage
		Usr 0 00:00:00, Sys 0 00:00:00  -  Run Local Usage
		Usr 0 00:00:18, Sys 0 00:00:02  -  Total Remote Usage
		Usr 0 00:00:00, Sys 0 00:00:00  -  Total Local Usage
	0  -  Run Bytes Sent By Job
	0  -  Run Bytes Received By Job
	0  -  Total Bytes Sent By Job
	0  -  Total Bytes Received By Job
	Partitionable Resources :    Usage  Request Allocated 
	   Cpus                 :                 1         1 
	   Disk (KB)            :        1        1    121641 
	   Memory (MB)          :      149     3900      3968 

	Job terminated of its own accord at 2022-03-31T04:58:18Z.
...
006 (127779.014.000) 2022-03-31 13:58:20 Image size of job updated: 646508
	183  -  MemoryUsage of job (MB)
	186552  -  ResidentSetSize of job (KB)
...
005 (127779.014.000) 2022-03-31 13:58:20 Job terminated.
	(1) Normal termination (return value 0)
		Usr 0 00:00:22, Sys 0 00:00:01  -  Run Remote Usage
		Usr 0 00:00:00, Sys 0 00:00:00  -  Run Local Usage
		Usr 0 00:00:22, Sys 0 00:00:01  -  Total Remote Usage
		Usr 0 00:00:00, Sys 0 00:00:00  -  Total Local Usage
	0  -  Run Bytes Sent By Job
	0  -  Run Bytes Received By Job
	0  -  Total Bytes Sent By Job
	0  -  Total Bytes Received By Job
	Partitionable Resources :    Usage  Request Allocated 
	   Cpus                 :     0.99        1         1 
	   Disk (KB)            :     1           1    121125 
	   Memory (MB)          :   183        3900      3968 

	Job terminated of its own accord at 2022-03-31T04:58:20Z.
...
000 (127875.000.000) 2022-03-31 15:14:16 Job submitted from host: <172.30.1.200:9618?addrs=172.30.1.200-9618&alias=tamsa2.snu.ac.kr&noUDP&sock=schedd_3154_f5cb>
...
000 (127875.001.000) 2022-03-31 15:14:16 Job submitted from host: <172.30.1.200:9618?addrs=172.30.1.200-9618&alias=tamsa2.snu.ac.kr&noUDP&sock=schedd_3154_f5cb>
...
000 (127875.002.000) 2022-03-31 15:14:16 Job submitted from host: <172.30.1.200:9618?addrs=172.30.1.200-9618&alias=tamsa2.snu.ac.kr&noUDP&sock=schedd_3154_f5cb>
...
000 (127875.003.000) 2022-03-31 15:14:16 Job submitted from host: <172.30.1.200:9618?addrs=172.30.1.200-9618&alias=tamsa2.snu.ac.kr&noUDP&sock=schedd_3154_f5cb>
...
000 (127875.004.000) 2022-03-31 15:14:16 Job submitted from host: <172.30.1.200:9618?addrs=172.30.1.200-9618&alias=tamsa2.snu.ac.kr&noUDP&sock=schedd_3154_f5cb>
...
000 (127875.005.000) 2022-03-31 15:14:16 Job submitted from host: <172.30.1.200:9618?addrs=172.30.1.200-9618&alias=tamsa2.snu.ac.kr&noUDP&sock=schedd_3154_f5cb>
...
000 (127875.006.000) 2022-03-31 15:14:16 Job submitted from host: <172.30.1.200:9618?addrs=172.30.1.200-9618&alias=tamsa2.snu.ac.kr&noUDP&sock=schedd_3154_f5cb>
...
000 (127875.007.000) 2022-03-31 15:14:16 Job submitted from host: <172.30.1.200:9618?addrs=172.30.1.200-9618&alias=tamsa2.snu.ac.kr&noUDP&sock=schedd_3154_f5cb>
...
000 (127875.008.000) 2022-03-31 15:14:16 Job submitted from host: <172.30.1.200:9618?addrs=172.30.1.200-9618&alias=tamsa2.snu.ac.kr&noUDP&sock=schedd_3154_f5cb>
...
000 (127875.009.000) 2022-03-31 15:14:16 Job submitted from host: <172.30.1.200:9618?addrs=172.30.1.200-9618&alias=tamsa2.snu.ac.kr&noUDP&sock=schedd_3154_f5cb>
...
000 (127875.010.000) 2022-03-31 15:14:16 Job submitted from host: <172.30.1.200:9618?addrs=172.30.1.200-9618&alias=tamsa2.snu.ac.kr&noUDP&sock=schedd_3154_f5cb>
...
000 (127875.011.000) 2022-03-31 15:14:16 Job submitted from host: <172.30.1.200:9618?addrs=172.30.1.200-9618&alias=tamsa2.snu.ac.kr&noUDP&sock=schedd_3154_f5cb>
...
000 (127875.012.000) 2022-03-31 15:14:16 Job submitted from host: <172.30.1.200:9618?addrs=172.30.1.200-9618&alias=tamsa2.snu.ac.kr&noUDP&sock=schedd_3154_f5cb>
...
000 (127875.013.000) 2022-03-31 15:14:16 Job submitted from host: <172.30.1.200:9618?addrs=172.30.1.200-9618&alias=tamsa2.snu.ac.kr&noUDP&sock=schedd_3154_f5cb>
...
000 (127875.014.000) 2022-03-31 15:14:16 Job submitted from host: <172.30.1.200:9618?addrs=172.30.1.200-9618&alias=tamsa2.snu.ac.kr&noUDP&sock=schedd_3154_f5cb>
...
000 (127875.015.000) 2022-03-31 15:14:16 Job submitted from host: <172.30.1.200:9618?addrs=172.30.1.200-9618&alias=tamsa2.snu.ac.kr&noUDP&sock=schedd_3154_f5cb>
...
000 (127875.016.000) 2022-03-31 15:14:16 Job submitted from host: <172.30.1.200:9618?addrs=172.30.1.200-9618&alias=tamsa2.snu.ac.kr&noUDP&sock=schedd_3154_f5cb>
...
000 (127875.017.000) 2022-03-31 15:14:16 Job submitted from host: <172.30.1.200:9618?addrs=172.30.1.200-9618&alias=tamsa2.snu.ac.kr&noUDP&sock=schedd_3154_f5cb>
...
000 (127875.018.000) 2022-03-31 15:14:16 Job submitted from host: <172.30.1.200:9618?addrs=172.30.1.200-9618&alias=tamsa2.snu.ac.kr&noUDP&sock=schedd_3154_f5cb>
...
000 (127875.019.000) 2022-03-31 15:14:16 Job submitted from host: <172.30.1.200:9618?addrs=172.30.1.200-9618&alias=tamsa2.snu.ac.kr&noUDP&sock=schedd_3154_f5cb>
...
001 (127875.005.000) 2022-03-31 15:14:38 Job executing on host: <172.30.1.205:9618?addrs=172.30.1.205-9618&alias=node5&noUDP&sock=startd_3654_eb26>
...
001 (127875.006.000) 2022-03-31 15:14:38 Job executing on host: <172.30.1.205:9618?addrs=172.30.1.205-9618&alias=node5&noUDP&sock=startd_3654_eb26>
...
001 (127875.007.000) 2022-03-31 15:14:38 Job executing on host: <172.30.1.205:9618?addrs=172.30.1.205-9618&alias=node5&noUDP&sock=startd_3654_eb26>
...
001 (127875.008.000) 2022-03-31 15:14:38 Job executing on host: <172.30.1.205:9618?addrs=172.30.1.205-9618&alias=node5&noUDP&sock=startd_3654_eb26>
...
001 (127875.009.000) 2022-03-31 15:14:38 Job executing on host: <172.30.1.205:9618?addrs=172.30.1.205-9618&alias=node5&noUDP&sock=startd_3654_eb26>
...
001 (127875.010.000) 2022-03-31 15:14:39 Job executing on host: <172.30.1.205:9618?addrs=172.30.1.205-9618&alias=node5&noUDP&sock=startd_3654_eb26>
...
001 (127875.011.000) 2022-03-31 15:14:39 Job executing on host: <172.30.1.205:9618?addrs=172.30.1.205-9618&alias=node5&noUDP&sock=startd_3654_eb26>
...
001 (127875.012.000) 2022-03-31 15:14:39 Job executing on host: <172.30.1.205:9618?addrs=172.30.1.205-9618&alias=node5&noUDP&sock=startd_3654_eb26>
...
001 (127875.013.000) 2022-03-31 15:14:39 Job executing on host: <172.30.1.205:9618?addrs=172.30.1.205-9618&alias=node5&noUDP&sock=startd_3654_eb26>
...
001 (127875.014.000) 2022-03-31 15:14:39 Job executing on host: <172.30.1.205:9618?addrs=172.30.1.205-9618&alias=node5&noUDP&sock=startd_3654_eb26>
...
001 (127875.015.000) 2022-03-31 15:14:39 Job executing on host: <172.30.1.205:9618?addrs=172.30.1.205-9618&alias=node5&noUDP&sock=startd_3654_eb26>
...
001 (127875.016.000) 2022-03-31 15:14:39 Job executing on host: <172.30.1.205:9618?addrs=172.30.1.205-9618&alias=node5&noUDP&sock=startd_3654_eb26>
...
001 (127875.017.000) 2022-03-31 15:14:39 Job executing on host: <172.30.1.205:9618?addrs=172.30.1.205-9618&alias=node5&noUDP&sock=startd_3654_eb26>
...
001 (127875.018.000) 2022-03-31 15:14:40 Job executing on host: <172.30.1.205:9618?addrs=172.30.1.205-9618&alias=node5&noUDP&sock=startd_3654_eb26>
...
001 (127875.000.000) 2022-03-31 15:14:40 Job executing on host: <172.30.1.201:9618?addrs=172.30.1.201-9618&alias=node1&noUDP&sock=startd_3603_efd1>
...
001 (127875.019.000) 2022-03-31 15:14:40 Job executing on host: <172.30.1.205:9618?addrs=172.30.1.205-9618&alias=node5&noUDP&sock=startd_3654_eb26>
...
001 (127875.001.000) 2022-03-31 15:14:40 Job executing on host: <172.30.1.201:9618?addrs=172.30.1.201-9618&alias=node1&noUDP&sock=startd_3603_efd1>
...
001 (127875.002.000) 2022-03-31 15:14:40 Job executing on host: <172.30.1.201:9618?addrs=172.30.1.201-9618&alias=node1&noUDP&sock=startd_3603_efd1>
...
001 (127875.003.000) 2022-03-31 15:14:40 Job executing on host: <172.30.1.201:9618?addrs=172.30.1.201-9618&alias=node1&noUDP&sock=startd_3603_efd1>
...
001 (127875.004.000) 2022-03-31 15:14:40 Job executing on host: <172.30.1.201:9618?addrs=172.30.1.201-9618&alias=node1&noUDP&sock=startd_3603_efd1>
...
006 (127875.008.000) 2022-03-31 15:14:47 Image size of job updated: 393380
	125  -  MemoryUsage of job (MB)
	127396  -  ResidentSetSize of job (KB)
...
006 (127875.009.000) 2022-03-31 15:14:47 Image size of job updated: 390424
	126  -  MemoryUsage of job (MB)
	128600  -  ResidentSetSize of job (KB)
...
006 (127875.010.000) 2022-03-31 15:14:47 Image size of job updated: 385952
	127  -  MemoryUsage of job (MB)
	129304  -  ResidentSetSize of job (KB)
...
006 (127875.011.000) 2022-03-31 15:14:47 Image size of job updated: 385492
	128  -  MemoryUsage of job (MB)
	130848  -  ResidentSetSize of job (KB)
...
006 (127875.005.000) 2022-03-31 15:14:47 Image size of job updated: 393512
	133  -  MemoryUsage of job (MB)
	135344  -  ResidentSetSize of job (KB)
...
006 (127875.006.000) 2022-03-31 15:14:47 Image size of job updated: 393512
	135  -  MemoryUsage of job (MB)
	137464  -  ResidentSetSize of job (KB)
...
006 (127875.007.000) 2022-03-31 15:14:47 Image size of job updated: 393512
	138  -  MemoryUsage of job (MB)
	140744  -  ResidentSetSize of job (KB)
...
006 (127875.017.000) 2022-03-31 15:14:48 Image size of job updated: 209456
	147  -  MemoryUsage of job (MB)
	150324  -  ResidentSetSize of job (KB)
...
006 (127875.018.000) 2022-03-31 15:14:48 Image size of job updated: 209396
	150  -  MemoryUsage of job (MB)
	153036  -  ResidentSetSize of job (KB)
...
006 (127875.000.000) 2022-03-31 15:14:48 Image size of job updated: 183428
	168  -  MemoryUsage of job (MB)
	171652  -  ResidentSetSize of job (KB)
...
006 (127875.019.000) 2022-03-31 15:14:48 Image size of job updated: 185840
	149  -  MemoryUsage of job (MB)
	152300  -  ResidentSetSize of job (KB)
...
006 (127875.001.000) 2022-03-31 15:14:48 Image size of job updated: 184796
	171  -  MemoryUsage of job (MB)
	174924  -  ResidentSetSize of job (KB)
...
006 (127875.002.000) 2022-03-31 15:14:48 Image size of job updated: 191568
	174  -  MemoryUsage of job (MB)
	177616  -  ResidentSetSize of job (KB)
...
006 (127875.012.000) 2022-03-31 15:14:48 Image size of job updated: 372704
	151  -  MemoryUsage of job (MB)
	153984  -  ResidentSetSize of job (KB)
...
006 (127875.013.000) 2022-03-31 15:14:48 Image size of job updated: 369548
	151  -  MemoryUsage of job (MB)
	154068  -  ResidentSetSize of job (KB)
...
006 (127875.014.000) 2022-03-31 15:14:48 Image size of job updated: 369548
	151  -  MemoryUsage of job (MB)
	154248  -  ResidentSetSize of job (KB)
...
006 (127875.015.000) 2022-03-31 15:14:48 Image size of job updated: 301916
	151  -  MemoryUsage of job (MB)
	154520  -  ResidentSetSize of job (KB)
...
006 (127875.016.000) 2022-03-31 15:14:48 Image size of job updated: 209684
	153  -  MemoryUsage of job (MB)
	155812  -  ResidentSetSize of job (KB)
...
006 (127875.003.000) 2022-03-31 15:14:49 Image size of job updated: 195676
	184  -  MemoryUsage of job (MB)
	187980  -  ResidentSetSize of job (KB)
...
006 (127875.004.000) 2022-03-31 15:14:49 Image size of job updated: 648304
	185  -  MemoryUsage of job (MB)
	188484  -  ResidentSetSize of job (KB)
...
006 (127875.003.000) 2022-03-31 15:15:00 Image size of job updated: 687128
	185  -  MemoryUsage of job (MB)
	188476  -  ResidentSetSize of job (KB)
...
005 (127875.003.000) 2022-03-31 15:15:00 Job terminated.
	(1) Normal termination (return value 0)
		Usr 0 00:00:13, Sys 0 00:00:02  -  Run Remote Usage
		Usr 0 00:00:00, Sys 0 00:00:00  -  Run Local Usage
		Usr 0 00:00:13, Sys 0 00:00:02  -  Total Remote Usage
		Usr 0 00:00:00, Sys 0 00:00:00  -  Total Local Usage
	0  -  Run Bytes Sent By Job
	0  -  Run Bytes Received By Job
	0  -  Total Bytes Sent By Job
	0  -  Total Bytes Received By Job
	Partitionable Resources :    Usage  Request Allocated 
	   Cpus                 :                 1         1 
	   Disk (KB)            :        1        1    121641 
	   Memory (MB)          :      185     3900      3968 

	Job terminated of its own accord at 2022-03-31T06:15:00Z.
...
006 (127875.004.000) 2022-03-31 15:15:04 Image size of job updated: 692256
	185  -  MemoryUsage of job (MB)
	188484  -  ResidentSetSize of job (KB)
...
005 (127875.004.000) 2022-03-31 15:15:04 Job terminated.
	(1) Normal termination (return value 0)
		Usr 0 00:00:17, Sys 0 00:00:02  -  Run Remote Usage
		Usr 0 00:00:00, Sys 0 00:00:00  -  Run Local Usage
		Usr 0 00:00:17, Sys 0 00:00:02  -  Total Remote Usage
		Usr 0 00:00:00, Sys 0 00:00:00  -  Total Local Usage
	0  -  Run Bytes Sent By Job
	0  -  Run Bytes Received By Job
	0  -  Total Bytes Sent By Job
	0  -  Total Bytes Received By Job
	Partitionable Resources :    Usage  Request Allocated 
	   Cpus                 :                 1         1 
	   Disk (KB)            :        1        1    121641 
	   Memory (MB)          :      185     3900      3968 

	Job terminated of its own accord at 2022-03-31T06:15:04Z.
...
006 (127875.000.000) 2022-03-31 15:15:04 Image size of job updated: 692280
	168  -  MemoryUsage of job (MB)
	171652  -  ResidentSetSize of job (KB)
...
005 (127875.000.000) 2022-03-31 15:15:04 Job terminated.
	(1) Normal termination (return value 0)
		Usr 0 00:00:17, Sys 0 00:00:02  -  Run Remote Usage
		Usr 0 00:00:00, Sys 0 00:00:00  -  Run Local Usage
		Usr 0 00:00:17, Sys 0 00:00:02  -  Total Remote Usage
		Usr 0 00:00:00, Sys 0 00:00:00  -  Total Local Usage
	0  -  Run Bytes Sent By Job
	0  -  Run Bytes Received By Job
	0  -  Total Bytes Sent By Job
	0  -  Total Bytes Received By Job
	Partitionable Resources :    Usage  Request Allocated 
	   Cpus                 :                 1         1 
	   Disk (KB)            :        1        1    121641 
	   Memory (MB)          :      168     3900      3968 

	Job terminated of its own accord at 2022-03-31T06:15:04Z.
...
006 (127875.002.000) 2022-03-31 15:15:05 Image size of job updated: 692000
	174  -  MemoryUsage of job (MB)
	177616  -  ResidentSetSize of job (KB)
...
005 (127875.002.000) 2022-03-31 15:15:05 Job terminated.
	(1) Normal termination (return value 0)
		Usr 0 00:00:18, Sys 0 00:00:02  -  Run Remote Usage
		Usr 0 00:00:00, Sys 0 00:00:00  -  Run Local Usage
		Usr 0 00:00:18, Sys 0 00:00:02  -  Total Remote Usage
		Usr 0 00:00:00, Sys 0 00:00:00  -  Total Local Usage
	0  -  Run Bytes Sent By Job
	0  -  Run Bytes Received By Job
	0  -  Total Bytes Sent By Job
	0  -  Total Bytes Received By Job
	Partitionable Resources :    Usage  Request Allocated 
	   Cpus                 :                 1         1 
	   Disk (KB)            :        1        1    121641 
	   Memory (MB)          :      174     3900      3968 

	Job terminated of its own accord at 2022-03-31T06:15:05Z.
...
006 (127875.011.000) 2022-03-31 15:15:08 Image size of job updated: 692264
	128  -  MemoryUsage of job (MB)
	130848  -  ResidentSetSize of job (KB)
...
005 (127875.011.000) 2022-03-31 15:15:08 Job terminated.
	(1) Normal termination (return value 0)
		Usr 0 00:00:19, Sys 0 00:00:02  -  Run Remote Usage
		Usr 0 00:00:00, Sys 0 00:00:00  -  Run Local Usage
		Usr 0 00:00:19, Sys 0 00:00:02  -  Total Remote Usage
		Usr 0 00:00:00, Sys 0 00:00:00  -  Total Local Usage
	0  -  Run Bytes Sent By Job
	0  -  Run Bytes Received By Job
	0  -  Total Bytes Sent By Job
	0  -  Total Bytes Received By Job
	Partitionable Resources :    Usage  Request Allocated 
	   Cpus                 :                 1         1 
	   Disk (KB)            :        1        1    129249 
	   Memory (MB)          :      128     3900      3968 

	Job terminated of its own accord at 2022-03-31T06:15:08Z.
...
006 (127875.009.000) 2022-03-31 15:15:09 Image size of job updated: 691964
	126  -  MemoryUsage of job (MB)
	128600  -  ResidentSetSize of job (KB)
...
005 (127875.009.000) 2022-03-31 15:15:09 Job terminated.
	(1) Normal termination (return value 0)
		Usr 0 00:00:20, Sys 0 00:00:02  -  Run Remote Usage
		Usr 0 00:00:00, Sys 0 00:00:00  -  Run Local Usage
		Usr 0 00:00:20, Sys 0 00:00:02  -  Total Remote Usage
		Usr 0 00:00:00, Sys 0 00:00:00  -  Total Local Usage
	0  -  Run Bytes Sent By Job
	0  -  Run Bytes Received By Job
	0  -  Total Bytes Sent By Job
	0  -  Total Bytes Received By Job
	Partitionable Resources :    Usage  Request Allocated 
	   Cpus                 :                 1         1 
	   Disk (KB)            :        1        1    129249 
	   Memory (MB)          :      126     3900      3968 

	Job terminated of its own accord at 2022-03-31T06:15:09Z.
...
006 (127875.018.000) 2022-03-31 15:15:10 Image size of job updated: 692048
	150  -  MemoryUsage of job (MB)
	153036  -  ResidentSetSize of job (KB)
...
005 (127875.018.000) 2022-03-31 15:15:10 Job terminated.
	(1) Normal termination (return value 0)
		Usr 0 00:00:22, Sys 0 00:00:02  -  Run Remote Usage
		Usr 0 00:00:00, Sys 0 00:00:00  -  Run Local Usage
		Usr 0 00:00:22, Sys 0 00:00:02  -  Total Remote Usage
		Usr 0 00:00:00, Sys 0 00:00:00  -  Total Local Usage
	0  -  Run Bytes Sent By Job
	0  -  Run Bytes Received By Job
	0  -  Total Bytes Sent By Job
	0  -  Total Bytes Received By Job
	Partitionable Resources :    Usage  Request Allocated 
	   Cpus                 :                 1         1 
	   Disk (KB)            :        1        1    129249 
	   Memory (MB)          :      150     3900      3968 

	Job terminated of its own accord at 2022-03-31T06:15:10Z.
...
006 (127875.001.000) 2022-03-31 15:15:11 Image size of job updated: 692052
	171  -  MemoryUsage of job (MB)
	174924  -  ResidentSetSize of job (KB)
...
005 (127875.001.000) 2022-03-31 15:15:11 Job terminated.
	(1) Normal termination (return value 0)
		Usr 0 00:00:24, Sys 0 00:00:02  -  Run Remote Usage
		Usr 0 00:00:00, Sys 0 00:00:00  -  Run Local Usage
		Usr 0 00:00:24, Sys 0 00:00:02  -  Total Remote Usage
		Usr 0 00:00:00, Sys 0 00:00:00  -  Total Local Usage
	0  -  Run Bytes Sent By Job
	0  -  Run Bytes Received By Job
	0  -  Total Bytes Sent By Job
	0  -  Total Bytes Received By Job
	Partitionable Resources :    Usage  Request Allocated 
	   Cpus                 :                 1         1 
	   Disk (KB)            :        1        1    121641 
	   Memory (MB)          :      171     3900      3968 

	Job terminated of its own accord at 2022-03-31T06:15:11Z.
...
006 (127875.017.000) 2022-03-31 15:15:12 Image size of job updated: 691684
	147  -  MemoryUsage of job (MB)
	150380  -  ResidentSetSize of job (KB)
...
005 (127875.017.000) 2022-03-31 15:15:12 Job terminated.
	(1) Normal termination (return value 0)
		Usr 0 00:00:23, Sys 0 00:00:02  -  Run Remote Usage
		Usr 0 00:00:00, Sys 0 00:00:00  -  Run Local Usage
		Usr 0 00:00:23, Sys 0 00:00:02  -  Total Remote Usage
		Usr 0 00:00:00, Sys 0 00:00:00  -  Total Local Usage
	0  -  Run Bytes Sent By Job
	0  -  Run Bytes Received By Job
	0  -  Total Bytes Sent By Job
	0  -  Total Bytes Received By Job
	Partitionable Resources :    Usage  Request Allocated 
	   Cpus                 :                 1         1 
	   Disk (KB)            :        1        1    129249 
	   Memory (MB)          :      147     3900      3968 

	Job terminated of its own accord at 2022-03-31T06:15:12Z.
...
006 (127875.010.000) 2022-03-31 15:15:12 Image size of job updated: 691664
	127  -  MemoryUsage of job (MB)
	129304  -  ResidentSetSize of job (KB)
...
005 (127875.010.000) 2022-03-31 15:15:12 Job terminated.
	(1) Normal termination (return value 0)
		Usr 0 00:00:22, Sys 0 00:00:02  -  Run Remote Usage
		Usr 0 00:00:00, Sys 0 00:00:00  -  Run Local Usage
		Usr 0 00:00:22, Sys 0 00:00:02  -  Total Remote Usage
		Usr 0 00:00:00, Sys 0 00:00:00  -  Total Local Usage
	0  -  Run Bytes Sent By Job
	0  -  Run Bytes Received By Job
	0  -  Total Bytes Sent By Job
	0  -  Total Bytes Received By Job
	Partitionable Resources :    Usage  Request Allocated 
	   Cpus                 :                 1         1 
	   Disk (KB)            :        1        1    129249 
	   Memory (MB)          :      127     3900      3968 

	Job terminated of its own accord at 2022-03-31T06:15:12Z.
...
006 (127875.013.000) 2022-03-31 15:15:14 Image size of job updated: 691732
	151  -  MemoryUsage of job (MB)
	154068  -  ResidentSetSize of job (KB)
...
005 (127875.013.000) 2022-03-31 15:15:15 Job terminated.
	(1) Normal termination (return value 0)
		Usr 0 00:00:26, Sys 0 00:00:02  -  Run Remote Usage
		Usr 0 00:00:00, Sys 0 00:00:00  -  Run Local Usage
		Usr 0 00:00:26, Sys 0 00:00:02  -  Total Remote Usage
		Usr 0 00:00:00, Sys 0 00:00:00  -  Total Local Usage
	0  -  Run Bytes Sent By Job
	0  -  Run Bytes Received By Job
	0  -  Total Bytes Sent By Job
	0  -  Total Bytes Received By Job
	Partitionable Resources :    Usage  Request Allocated 
	   Cpus                 :                 1         1 
	   Disk (KB)            :        1        1    129249 
	   Memory (MB)          :      151     3900      3968 

	Job terminated of its own accord at 2022-03-31T06:15:14Z.
...
006 (127875.014.000) 2022-03-31 15:15:16 Image size of job updated: 691692
	151  -  MemoryUsage of job (MB)
	154248  -  ResidentSetSize of job (KB)
...
006 (127875.012.000) 2022-03-31 15:15:16 Image size of job updated: 691764
	151  -  MemoryUsage of job (MB)
	153988  -  ResidentSetSize of job (KB)
...
005 (127875.014.000) 2022-03-31 15:15:16 Job terminated.
	(1) Normal termination (return value 0)
		Usr 0 00:00:27, Sys 0 00:00:02  -  Run Remote Usage
		Usr 0 00:00:00, Sys 0 00:00:00  -  Run Local Usage
		Usr 0 00:00:27, Sys 0 00:00:02  -  Total Remote Usage
		Usr 0 00:00:00, Sys 0 00:00:00  -  Total Local Usage
	0  -  Run Bytes Sent By Job
	0  -  Run Bytes Received By Job
	0  -  Total Bytes Sent By Job
	0  -  Total Bytes Received By Job
	Partitionable Resources :    Usage  Request Allocated 
	   Cpus                 :                 1         1 
	   Disk (KB)            :        1        1    129249 
	   Memory (MB)          :      151     3900      3968 

	Job terminated of its own accord at 2022-03-31T06:15:16Z.
...
005 (127875.012.000) 2022-03-31 15:15:16 Job terminated.
	(1) Normal termination (return value 0)
		Usr 0 00:00:27, Sys 0 00:00:02  -  Run Remote Usage
		Usr 0 00:00:00, Sys 0 00:00:00  -  Run Local Usage
		Usr 0 00:00:27, Sys 0 00:00:02  -  Total Remote Usage
		Usr 0 00:00:00, Sys 0 00:00:00  -  Total Local Usage
	0  -  Run Bytes Sent By Job
	0  -  Run Bytes Received By Job
	0  -  Total Bytes Sent By Job
	0  -  Total Bytes Received By Job
	Partitionable Resources :    Usage  Request Allocated 
	   Cpus                 :                 1         1 
	   Disk (KB)            :        1        1    129249 
	   Memory (MB)          :      151     3900      3968 

	Job terminated of its own accord at 2022-03-31T06:15:16Z.
...
006 (127875.016.000) 2022-03-31 15:15:16 Image size of job updated: 692068
	153  -  MemoryUsage of job (MB)
	155820  -  ResidentSetSize of job (KB)
...
005 (127875.016.000) 2022-03-31 15:15:16 Job terminated.
	(1) Normal termination (return value 0)
		Usr 0 00:00:27, Sys 0 00:00:02  -  Run Remote Usage
		Usr 0 00:00:00, Sys 0 00:00:00  -  Run Local Usage
		Usr 0 00:00:27, Sys 0 00:00:02  -  Total Remote Usage
		Usr 0 00:00:00, Sys 0 00:00:00  -  Total Local Usage
	0  -  Run Bytes Sent By Job
	0  -  Run Bytes Received By Job
	0  -  Total Bytes Sent By Job
	0  -  Total Bytes Received By Job
	Partitionable Resources :    Usage  Request Allocated 
	   Cpus                 :                 1         1 
	   Disk (KB)            :        1        1    129249 
	   Memory (MB)          :      153     3900      3968 

	Job terminated of its own accord at 2022-03-31T06:15:16Z.
...
006 (127875.005.000) 2022-03-31 15:15:16 Image size of job updated: 693860
	133  -  MemoryUsage of job (MB)
	135400  -  ResidentSetSize of job (KB)
...
005 (127875.005.000) 2022-03-31 15:15:16 Job terminated.
	(1) Normal termination (return value 0)
		Usr 0 00:00:28, Sys 0 00:00:02  -  Run Remote Usage
		Usr 0 00:00:00, Sys 0 00:00:00  -  Run Local Usage
		Usr 0 00:00:28, Sys 0 00:00:02  -  Total Remote Usage
		Usr 0 00:00:00, Sys 0 00:00:00  -  Total Local Usage
	0  -  Run Bytes Sent By Job
	0  -  Run Bytes Received By Job
	0  -  Total Bytes Sent By Job
	0  -  Total Bytes Received By Job
	Partitionable Resources :    Usage  Request Allocated 
	   Cpus                 :                 1         1 
	   Disk (KB)            :        1        1    129249 
	   Memory (MB)          :      133     3900      3968 

	Job terminated of its own accord at 2022-03-31T06:15:16Z.
...
006 (127875.015.000) 2022-03-31 15:15:18 Image size of job updated: 692096
	151  -  MemoryUsage of job (MB)
	154520  -  ResidentSetSize of job (KB)
...
005 (127875.015.000) 2022-03-31 15:15:19 Job terminated.
	(1) Normal termination (return value 0)
		Usr 0 00:00:30, Sys 0 00:00:02  -  Run Remote Usage
		Usr 0 00:00:00, Sys 0 00:00:00  -  Run Local Usage
		Usr 0 00:00:30, Sys 0 00:00:02  -  Total Remote Usage
		Usr 0 00:00:00, Sys 0 00:00:00  -  Total Local Usage
	0  -  Run Bytes Sent By Job
	0  -  Run Bytes Received By Job
	0  -  Total Bytes Sent By Job
	0  -  Total Bytes Received By Job
	Partitionable Resources :    Usage  Request Allocated 
	   Cpus                 :                 1         1 
	   Disk (KB)            :        1        1    129249 
	   Memory (MB)          :      151     3900      3968 

	Job terminated of its own accord at 2022-03-31T06:15:18Z.
...
006 (127875.008.000) 2022-03-31 15:15:19 Image size of job updated: 694096
	125  -  MemoryUsage of job (MB)
	127396  -  ResidentSetSize of job (KB)
...
005 (127875.008.000) 2022-03-31 15:15:19 Job terminated.
	(1) Normal termination (return value 0)
		Usr 0 00:00:30, Sys 0 00:00:02  -  Run Remote Usage
		Usr 0 00:00:00, Sys 0 00:00:00  -  Run Local Usage
		Usr 0 00:00:30, Sys 0 00:00:02  -  Total Remote Usage
		Usr 0 00:00:00, Sys 0 00:00:00  -  Total Local Usage
	0  -  Run Bytes Sent By Job
	0  -  Run Bytes Received By Job
	0  -  Total Bytes Sent By Job
	0  -  Total Bytes Received By Job
	Partitionable Resources :    Usage  Request Allocated 
	   Cpus                 :                 1         1 
	   Disk (KB)            :        1        1    129249 
	   Memory (MB)          :      125     3900      3968 

	Job terminated of its own accord at 2022-03-31T06:15:19Z.
...
006 (127875.019.000) 2022-03-31 15:15:19 Image size of job updated: 692344
	149  -  MemoryUsage of job (MB)
	152316  -  ResidentSetSize of job (KB)
...
005 (127875.019.000) 2022-03-31 15:15:19 Job terminated.
	(1) Normal termination (return value 0)
		Usr 0 00:00:30, Sys 0 00:00:02  -  Run Remote Usage
		Usr 0 00:00:00, Sys 0 00:00:00  -  Run Local Usage
		Usr 0 00:00:30, Sys 0 00:00:02  -  Total Remote Usage
		Usr 0 00:00:00, Sys 0 00:00:00  -  Total Local Usage
	0  -  Run Bytes Sent By Job
	0  -  Run Bytes Received By Job
	0  -  Total Bytes Sent By Job
	0  -  Total Bytes Received By Job
	Partitionable Resources :    Usage  Request Allocated 
	   Cpus                 :                 1         1 
	   Disk (KB)            :        1        1    129249 
	   Memory (MB)          :      149     3900      3968 

	Job terminated of its own accord at 2022-03-31T06:15:19Z.
...
006 (127875.006.000) 2022-03-31 15:15:19 Image size of job updated: 698560
	135  -  MemoryUsage of job (MB)
	137492  -  ResidentSetSize of job (KB)
...
005 (127875.006.000) 2022-03-31 15:15:19 Job terminated.
	(1) Normal termination (return value 0)
		Usr 0 00:00:30, Sys 0 00:00:02  -  Run Remote Usage
		Usr 0 00:00:00, Sys 0 00:00:00  -  Run Local Usage
		Usr 0 00:00:30, Sys 0 00:00:02  -  Total Remote Usage
		Usr 0 00:00:00, Sys 0 00:00:00  -  Total Local Usage
	0  -  Run Bytes Sent By Job
	0  -  Run Bytes Received By Job
	0  -  Total Bytes Sent By Job
	0  -  Total Bytes Received By Job
	Partitionable Resources :    Usage  Request Allocated 
	   Cpus                 :                 1         1 
	   Disk (KB)            :        1        1    129249 
	   Memory (MB)          :      135     3900      3968 

	Job terminated of its own accord at 2022-03-31T06:15:19Z.
...
006 (127875.007.000) 2022-03-31 15:16:06 Image size of job updated: 693804
	138  -  MemoryUsage of job (MB)
	140744  -  ResidentSetSize of job (KB)
...
005 (127875.007.000) 2022-03-31 15:16:06 Job terminated.
	(1) Normal termination (return value 0)
		Usr 0 00:01:16, Sys 0 00:00:02  -  Run Remote Usage
		Usr 0 00:00:00, Sys 0 00:00:00  -  Run Local Usage
		Usr 0 00:01:16, Sys 0 00:00:02  -  Total Remote Usage
		Usr 0 00:00:00, Sys 0 00:00:00  -  Total Local Usage
	0  -  Run Bytes Sent By Job
	0  -  Run Bytes Received By Job
	0  -  Total Bytes Sent By Job
	0  -  Total Bytes Received By Job
	Partitionable Resources :    Usage  Request Allocated 
	   Cpus                 :                 1         1 
	   Disk (KB)            :        1        1    129249 
	   Memory (MB)          :      138     3900      3968 

	Job terminated of its own accord at 2022-03-31T06:16:06Z.
...
