000 (126666.000.000) 2022-03-30 12:43:19 Job submitted from host: <172.30.1.200:9618?addrs=172.30.1.200-9618&alias=tamsa2.snu.ac.kr&noUDP&sock=schedd_3154_f5cb>
...
000 (126666.001.000) 2022-03-30 12:43:19 Job submitted from host: <172.30.1.200:9618?addrs=172.30.1.200-9618&alias=tamsa2.snu.ac.kr&noUDP&sock=schedd_3154_f5cb>
...
000 (126666.002.000) 2022-03-30 12:43:19 Job submitted from host: <172.30.1.200:9618?addrs=172.30.1.200-9618&alias=tamsa2.snu.ac.kr&noUDP&sock=schedd_3154_f5cb>
...
000 (126666.003.000) 2022-03-30 12:43:19 Job submitted from host: <172.30.1.200:9618?addrs=172.30.1.200-9618&alias=tamsa2.snu.ac.kr&noUDP&sock=schedd_3154_f5cb>
...
000 (126666.004.000) 2022-03-30 12:43:19 Job submitted from host: <172.30.1.200:9618?addrs=172.30.1.200-9618&alias=tamsa2.snu.ac.kr&noUDP&sock=schedd_3154_f5cb>
...
000 (126666.005.000) 2022-03-30 12:43:19 Job submitted from host: <172.30.1.200:9618?addrs=172.30.1.200-9618&alias=tamsa2.snu.ac.kr&noUDP&sock=schedd_3154_f5cb>
...
000 (126666.006.000) 2022-03-30 12:43:19 Job submitted from host: <172.30.1.200:9618?addrs=172.30.1.200-9618&alias=tamsa2.snu.ac.kr&noUDP&sock=schedd_3154_f5cb>
...
000 (126666.007.000) 2022-03-30 12:43:19 Job submitted from host: <172.30.1.200:9618?addrs=172.30.1.200-9618&alias=tamsa2.snu.ac.kr&noUDP&sock=schedd_3154_f5cb>
...
000 (126666.008.000) 2022-03-30 12:43:19 Job submitted from host: <172.30.1.200:9618?addrs=172.30.1.200-9618&alias=tamsa2.snu.ac.kr&noUDP&sock=schedd_3154_f5cb>
...
000 (126666.009.000) 2022-03-30 12:43:19 Job submitted from host: <172.30.1.200:9618?addrs=172.30.1.200-9618&alias=tamsa2.snu.ac.kr&noUDP&sock=schedd_3154_f5cb>
...
000 (126666.010.000) 2022-03-30 12:43:19 Job submitted from host: <172.30.1.200:9618?addrs=172.30.1.200-9618&alias=tamsa2.snu.ac.kr&noUDP&sock=schedd_3154_f5cb>
...
000 (126666.011.000) 2022-03-30 12:43:19 Job submitted from host: <172.30.1.200:9618?addrs=172.30.1.200-9618&alias=tamsa2.snu.ac.kr&noUDP&sock=schedd_3154_f5cb>
...
000 (126666.012.000) 2022-03-30 12:43:19 Job submitted from host: <172.30.1.200:9618?addrs=172.30.1.200-9618&alias=tamsa2.snu.ac.kr&noUDP&sock=schedd_3154_f5cb>
...
000 (126666.013.000) 2022-03-30 12:43:19 Job submitted from host: <172.30.1.200:9618?addrs=172.30.1.200-9618&alias=tamsa2.snu.ac.kr&noUDP&sock=schedd_3154_f5cb>
...
000 (126666.014.000) 2022-03-30 12:43:19 Job submitted from host: <172.30.1.200:9618?addrs=172.30.1.200-9618&alias=tamsa2.snu.ac.kr&noUDP&sock=schedd_3154_f5cb>
...
000 (126666.015.000) 2022-03-30 12:43:19 Job submitted from host: <172.30.1.200:9618?addrs=172.30.1.200-9618&alias=tamsa2.snu.ac.kr&noUDP&sock=schedd_3154_f5cb>
...
000 (126666.016.000) 2022-03-30 12:43:19 Job submitted from host: <172.30.1.200:9618?addrs=172.30.1.200-9618&alias=tamsa2.snu.ac.kr&noUDP&sock=schedd_3154_f5cb>
...
000 (126666.017.000) 2022-03-30 12:43:19 Job submitted from host: <172.30.1.200:9618?addrs=172.30.1.200-9618&alias=tamsa2.snu.ac.kr&noUDP&sock=schedd_3154_f5cb>
...
000 (126666.018.000) 2022-03-30 12:43:19 Job submitted from host: <172.30.1.200:9618?addrs=172.30.1.200-9618&alias=tamsa2.snu.ac.kr&noUDP&sock=schedd_3154_f5cb>
...
000 (126666.019.000) 2022-03-30 12:43:19 Job submitted from host: <172.30.1.200:9618?addrs=172.30.1.200-9618&alias=tamsa2.snu.ac.kr&noUDP&sock=schedd_3154_f5cb>
...
001 (126666.004.000) 2022-03-30 12:43:32 Job executing on host: <172.30.1.203:9618?addrs=172.30.1.203-9618&alias=node3&noUDP&sock=startd_3597_d240>
...
001 (126666.005.000) 2022-03-30 12:43:32 Job executing on host: <172.30.1.203:9618?addrs=172.30.1.203-9618&alias=node3&noUDP&sock=startd_3597_d240>
...
001 (126666.006.000) 2022-03-30 12:43:32 Job executing on host: <172.30.1.203:9618?addrs=172.30.1.203-9618&alias=node3&noUDP&sock=startd_3597_d240>
...
001 (126666.007.000) 2022-03-30 12:43:32 Job executing on host: <172.30.1.203:9618?addrs=172.30.1.203-9618&alias=node3&noUDP&sock=startd_3597_d240>
...
001 (126666.008.000) 2022-03-30 12:43:32 Job executing on host: <172.30.1.203:9618?addrs=172.30.1.203-9618&alias=node3&noUDP&sock=startd_3597_d240>
...
001 (126666.009.000) 2022-03-30 12:43:32 Job executing on host: <172.30.1.203:9618?addrs=172.30.1.203-9618&alias=node3&noUDP&sock=startd_3597_d240>
...
001 (126666.010.000) 2022-03-30 12:43:32 Job executing on host: <172.30.1.203:9618?addrs=172.30.1.203-9618&alias=node3&noUDP&sock=startd_3597_d240>
...
001 (126666.011.000) 2022-03-30 12:43:32 Job executing on host: <172.30.1.203:9618?addrs=172.30.1.203-9618&alias=node3&noUDP&sock=startd_3597_d240>
...
001 (126666.012.000) 2022-03-30 12:43:32 Job executing on host: <172.30.1.203:9618?addrs=172.30.1.203-9618&alias=node3&noUDP&sock=startd_3597_d240>
...
001 (126666.013.000) 2022-03-30 12:43:32 Job executing on host: <172.30.1.203:9618?addrs=172.30.1.203-9618&alias=node3&noUDP&sock=startd_3597_d240>
...
001 (126666.014.000) 2022-03-30 12:43:32 Job executing on host: <172.30.1.203:9618?addrs=172.30.1.203-9618&alias=node3&noUDP&sock=startd_3597_d240>
...
001 (126666.015.000) 2022-03-30 12:43:32 Job executing on host: <172.30.1.203:9618?addrs=172.30.1.203-9618&alias=node3&noUDP&sock=startd_3597_d240>
...
001 (126666.016.000) 2022-03-30 12:43:32 Job executing on host: <172.30.1.203:9618?addrs=172.30.1.203-9618&alias=node3&noUDP&sock=startd_3597_d240>
...
001 (126666.017.000) 2022-03-30 12:43:32 Job executing on host: <172.30.1.203:9618?addrs=172.30.1.203-9618&alias=node3&noUDP&sock=startd_3597_d240>
...
001 (126666.018.000) 2022-03-30 12:43:33 Job executing on host: <172.30.1.203:9618?addrs=172.30.1.203-9618&alias=node3&noUDP&sock=startd_3597_d240>
...
001 (126666.019.000) 2022-03-30 12:43:33 Job executing on host: <172.30.1.203:9618?addrs=172.30.1.203-9618&alias=node3&noUDP&sock=startd_3597_d240>
...
001 (126666.000.000) 2022-03-30 12:43:33 Job executing on host: <172.30.1.202:9618?addrs=172.30.1.202-9618&alias=node2&noUDP&sock=startd_3636_9271>
...
001 (126666.001.000) 2022-03-30 12:43:33 Job executing on host: <172.30.1.202:9618?addrs=172.30.1.202-9618&alias=node2&noUDP&sock=startd_3636_9271>
...
001 (126666.002.000) 2022-03-30 12:43:33 Job executing on host: <172.30.1.202:9618?addrs=172.30.1.202-9618&alias=node2&noUDP&sock=startd_3636_9271>
...
001 (126666.003.000) 2022-03-30 12:43:33 Job executing on host: <172.30.1.202:9618?addrs=172.30.1.202-9618&alias=node2&noUDP&sock=startd_3636_9271>
...
006 (126666.004.000) 2022-03-30 12:43:40 Image size of job updated: 646176
	183  -  MemoryUsage of job (MB)
	186912  -  ResidentSetSize of job (KB)
...
006 (126666.005.000) 2022-03-30 12:43:40 Image size of job updated: 646184
	183  -  MemoryUsage of job (MB)
	186888  -  ResidentSetSize of job (KB)
...
006 (126666.006.000) 2022-03-30 12:43:40 Image size of job updated: 646196
	196  -  MemoryUsage of job (MB)
	199748  -  ResidentSetSize of job (KB)
...
006 (126666.007.000) 2022-03-30 12:43:40 Image size of job updated: 646200
	183  -  MemoryUsage of job (MB)
	186852  -  ResidentSetSize of job (KB)
...
006 (126666.008.000) 2022-03-30 12:43:40 Image size of job updated: 646200
	183  -  MemoryUsage of job (MB)
	187224  -  ResidentSetSize of job (KB)
...
006 (126666.009.000) 2022-03-30 12:43:40 Image size of job updated: 646200
	183  -  MemoryUsage of job (MB)
	187100  -  ResidentSetSize of job (KB)
...
006 (126666.010.000) 2022-03-30 12:43:40 Image size of job updated: 646200
	183  -  MemoryUsage of job (MB)
	186860  -  ResidentSetSize of job (KB)
...
006 (126666.017.000) 2022-03-30 12:43:41 Image size of job updated: 664604
	203  -  MemoryUsage of job (MB)
	207328  -  ResidentSetSize of job (KB)
...
006 (126666.018.000) 2022-03-30 12:43:41 Image size of job updated: 653376
	200  -  MemoryUsage of job (MB)
	203804  -  ResidentSetSize of job (KB)
...
006 (126666.019.000) 2022-03-30 12:43:41 Image size of job updated: 679196
	206  -  MemoryUsage of job (MB)
	210468  -  ResidentSetSize of job (KB)
...
006 (126666.000.000) 2022-03-30 12:43:41 Image size of job updated: 643916
	183  -  MemoryUsage of job (MB)
	186996  -  ResidentSetSize of job (KB)
...
006 (126666.019.000) 2022-03-30 12:43:41 Image size of job updated: 688764
	206  -  MemoryUsage of job (MB)
	210512  -  ResidentSetSize of job (KB)
...
006 (126666.017.000) 2022-03-30 12:43:41 Image size of job updated: 688760
	203  -  MemoryUsage of job (MB)
	207328  -  ResidentSetSize of job (KB)
...
006 (126666.011.000) 2022-03-30 12:43:41 Image size of job updated: 646192
	183  -  MemoryUsage of job (MB)
	186852  -  ResidentSetSize of job (KB)
...
005 (126666.019.000) 2022-03-30 12:43:41 Job terminated.
	(1) Normal termination (return value 0)
		Usr 0 00:00:05, Sys 0 00:00:01  -  Run Remote Usage
		Usr 0 00:00:00, Sys 0 00:00:00  -  Run Local Usage
		Usr 0 00:00:05, Sys 0 00:00:01  -  Total Remote Usage
		Usr 0 00:00:00, Sys 0 00:00:00  -  Total Local Usage
	0  -  Run Bytes Sent By Job
	0  -  Run Bytes Received By Job
	0  -  Total Bytes Sent By Job
	0  -  Total Bytes Received By Job
	Partitionable Resources :    Usage  Request Allocated 
	   Cpus                 :                 1         1 
	   Disk (KB)            :        1        1    129249 
	   Memory (MB)          :      206     3900      3968 

	Job terminated of its own accord at 2022-03-30T03:43:41Z.
...
006 (126666.012.000) 2022-03-30 12:43:41 Image size of job updated: 646200
	183  -  MemoryUsage of job (MB)
	186800  -  ResidentSetSize of job (KB)
...
005 (126666.017.000) 2022-03-30 12:43:41 Job terminated.
	(1) Normal termination (return value 0)
		Usr 0 00:00:05, Sys 0 00:00:01  -  Run Remote Usage
		Usr 0 00:00:00, Sys 0 00:00:00  -  Run Local Usage
		Usr 0 00:00:05, Sys 0 00:00:01  -  Total Remote Usage
		Usr 0 00:00:00, Sys 0 00:00:00  -  Total Local Usage
	0  -  Run Bytes Sent By Job
	0  -  Run Bytes Received By Job
	0  -  Total Bytes Sent By Job
	0  -  Total Bytes Received By Job
	Partitionable Resources :    Usage  Request Allocated 
	   Cpus                 :                 1         1 
	   Disk (KB)            :        1        1    129249 
	   Memory (MB)          :      203     3900      3968 

	Job terminated of its own accord at 2022-03-30T03:43:41Z.
...
006 (126666.013.000) 2022-03-30 12:43:41 Image size of job updated: 646204
	183  -  MemoryUsage of job (MB)
	187344  -  ResidentSetSize of job (KB)
...
006 (126666.014.000) 2022-03-30 12:43:41 Image size of job updated: 646196
	183  -  MemoryUsage of job (MB)
	186860  -  ResidentSetSize of job (KB)
...
006 (126666.015.000) 2022-03-30 12:43:41 Image size of job updated: 679232
	203  -  MemoryUsage of job (MB)
	207376  -  ResidentSetSize of job (KB)
...
006 (126666.016.000) 2022-03-30 12:43:41 Image size of job updated: 646192
	183  -  MemoryUsage of job (MB)
	186948  -  ResidentSetSize of job (KB)
...
006 (126666.015.000) 2022-03-30 12:43:42 Image size of job updated: 686484
	203  -  MemoryUsage of job (MB)
	207376  -  ResidentSetSize of job (KB)
...
005 (126666.015.000) 2022-03-30 12:43:42 Job terminated.
	(1) Normal termination (return value 0)
		Usr 0 00:00:06, Sys 0 00:00:01  -  Run Remote Usage
		Usr 0 00:00:00, Sys 0 00:00:00  -  Run Local Usage
		Usr 0 00:00:06, Sys 0 00:00:01  -  Total Remote Usage
		Usr 0 00:00:00, Sys 0 00:00:00  -  Total Local Usage
	0  -  Run Bytes Sent By Job
	0  -  Run Bytes Received By Job
	0  -  Total Bytes Sent By Job
	0  -  Total Bytes Received By Job
	Partitionable Resources :    Usage  Request Allocated 
	   Cpus                 :                 1         1 
	   Disk (KB)            :        1        1    129249 
	   Memory (MB)          :      203     3900      3968 

	Job terminated of its own accord at 2022-03-30T03:43:42Z.
...
006 (126666.001.000) 2022-03-30 12:43:42 Image size of job updated: 646192
	183  -  MemoryUsage of job (MB)
	186992  -  ResidentSetSize of job (KB)
...
006 (126666.018.000) 2022-03-30 12:43:42 Image size of job updated: 686480
	200  -  MemoryUsage of job (MB)
	203836  -  ResidentSetSize of job (KB)
...
006 (126666.002.000) 2022-03-30 12:43:42 Image size of job updated: 646204
	183  -  MemoryUsage of job (MB)
	187024  -  ResidentSetSize of job (KB)
...
005 (126666.018.000) 2022-03-30 12:43:42 Job terminated.
	(1) Normal termination (return value 0)
		Usr 0 00:00:05, Sys 0 00:00:01  -  Run Remote Usage
		Usr 0 00:00:00, Sys 0 00:00:00  -  Run Local Usage
		Usr 0 00:00:05, Sys 0 00:00:01  -  Total Remote Usage
		Usr 0 00:00:00, Sys 0 00:00:00  -  Total Local Usage
	0  -  Run Bytes Sent By Job
	0  -  Run Bytes Received By Job
	0  -  Total Bytes Sent By Job
	0  -  Total Bytes Received By Job
	Partitionable Resources :    Usage  Request Allocated 
	   Cpus                 :                 1         1 
	   Disk (KB)            :        1        1    129249 
	   Memory (MB)          :      200     3900      3968 

	Job terminated of its own accord at 2022-03-30T03:43:42Z.
...
006 (126666.003.000) 2022-03-30 12:43:42 Image size of job updated: 646196
	183  -  MemoryUsage of job (MB)
	187096  -  ResidentSetSize of job (KB)
...
006 (126666.013.000) 2022-03-30 12:43:43 Image size of job updated: 665156
	183  -  MemoryUsage of job (MB)
	187376  -  ResidentSetSize of job (KB)
...
005 (126666.013.000) 2022-03-30 12:43:43 Job terminated.
	(1) Normal termination (return value 0)
		Usr 0 00:00:07, Sys 0 00:00:01  -  Run Remote Usage
		Usr 0 00:00:00, Sys 0 00:00:00  -  Run Local Usage
		Usr 0 00:00:07, Sys 0 00:00:01  -  Total Remote Usage
		Usr 0 00:00:00, Sys 0 00:00:00  -  Total Local Usage
	0  -  Run Bytes Sent By Job
	0  -  Run Bytes Received By Job
	0  -  Total Bytes Sent By Job
	0  -  Total Bytes Received By Job
	Partitionable Resources :    Usage  Request Allocated 
	   Cpus                 :                 1         1 
	   Disk (KB)            :        1        1    129249 
	   Memory (MB)          :      183     3900      3968 

	Job terminated of its own accord at 2022-03-30T03:43:43Z.
...
006 (126666.006.000) 2022-03-30 12:43:43 Image size of job updated: 689612
	196  -  MemoryUsage of job (MB)
	199768  -  ResidentSetSize of job (KB)
...
005 (126666.006.000) 2022-03-30 12:43:43 Job terminated.
	(1) Normal termination (return value 0)
		Usr 0 00:00:07, Sys 0 00:00:01  -  Run Remote Usage
		Usr 0 00:00:00, Sys 0 00:00:00  -  Run Local Usage
		Usr 0 00:00:07, Sys 0 00:00:01  -  Total Remote Usage
		Usr 0 00:00:00, Sys 0 00:00:00  -  Total Local Usage
	0  -  Run Bytes Sent By Job
	0  -  Run Bytes Received By Job
	0  -  Total Bytes Sent By Job
	0  -  Total Bytes Received By Job
	Partitionable Resources :    Usage  Request Allocated 
	   Cpus                 :                 1         1 
	   Disk (KB)            :        1        1    129249 
	   Memory (MB)          :      196     3900      3968 

	Job terminated of its own accord at 2022-03-30T03:43:43Z.
...
006 (126666.007.000) 2022-03-30 12:43:44 Image size of job updated: 689752
	183  -  MemoryUsage of job (MB)
	186852  -  ResidentSetSize of job (KB)
...
006 (126666.010.000) 2022-03-30 12:43:44 Image size of job updated: 659056
	183  -  MemoryUsage of job (MB)
	186860  -  ResidentSetSize of job (KB)
...
005 (126666.007.000) 2022-03-30 12:43:44 Job terminated.
	(1) Normal termination (return value 0)
		Usr 0 00:00:08, Sys 0 00:00:01  -  Run Remote Usage
		Usr 0 00:00:00, Sys 0 00:00:00  -  Run Local Usage
		Usr 0 00:00:08, Sys 0 00:00:01  -  Total Remote Usage
		Usr 0 00:00:00, Sys 0 00:00:00  -  Total Local Usage
	0  -  Run Bytes Sent By Job
	0  -  Run Bytes Received By Job
	0  -  Total Bytes Sent By Job
	0  -  Total Bytes Received By Job
	Partitionable Resources :    Usage  Request Allocated 
	   Cpus                 :                 1         1 
	   Disk (KB)            :        1        1    129249 
	   Memory (MB)          :      183     3900      3968 

	Job terminated of its own accord at 2022-03-30T03:43:44Z.
...
005 (126666.010.000) 2022-03-30 12:43:44 Job terminated.
	(1) Normal termination (return value 0)
		Usr 0 00:00:08, Sys 0 00:00:01  -  Run Remote Usage
		Usr 0 00:00:00, Sys 0 00:00:00  -  Run Local Usage
		Usr 0 00:00:08, Sys 0 00:00:01  -  Total Remote Usage
		Usr 0 00:00:00, Sys 0 00:00:00  -  Total Local Usage
	0  -  Run Bytes Sent By Job
	0  -  Run Bytes Received By Job
	0  -  Total Bytes Sent By Job
	0  -  Total Bytes Received By Job
	Partitionable Resources :    Usage  Request Allocated 
	   Cpus                 :                 1         1 
	   Disk (KB)            :        1        1    129249 
	   Memory (MB)          :      183     3900      3968 

	Job terminated of its own accord at 2022-03-30T03:43:44Z.
...
006 (126666.008.000) 2022-03-30 12:43:44 Image size of job updated: 690132
	183  -  MemoryUsage of job (MB)
	187224  -  ResidentSetSize of job (KB)
...
005 (126666.008.000) 2022-03-30 12:43:44 Job terminated.
	(1) Normal termination (return value 0)
		Usr 0 00:00:08, Sys 0 00:00:01  -  Run Remote Usage
		Usr 0 00:00:00, Sys 0 00:00:00  -  Run Local Usage
		Usr 0 00:00:08, Sys 0 00:00:01  -  Total Remote Usage
		Usr 0 00:00:00, Sys 0 00:00:00  -  Total Local Usage
	0  -  Run Bytes Sent By Job
	0  -  Run Bytes Received By Job
	0  -  Total Bytes Sent By Job
	0  -  Total Bytes Received By Job
	Partitionable Resources :    Usage  Request Allocated 
	   Cpus                 :                 1         1 
	   Disk (KB)            :        1        1    129249 
	   Memory (MB)          :      183     3900      3968 

	Job terminated of its own accord at 2022-03-30T03:43:44Z.
...
006 (126666.004.000) 2022-03-30 12:43:45 Image size of job updated: 689868
	183  -  MemoryUsage of job (MB)
	186912  -  ResidentSetSize of job (KB)
...
005 (126666.004.000) 2022-03-30 12:43:45 Job terminated.
	(1) Normal termination (return value 0)
		Usr 0 00:00:09, Sys 0 00:00:01  -  Run Remote Usage
		Usr 0 00:00:00, Sys 0 00:00:00  -  Run Local Usage
		Usr 0 00:00:09, Sys 0 00:00:01  -  Total Remote Usage
		Usr 0 00:00:00, Sys 0 00:00:00  -  Total Local Usage
	0  -  Run Bytes Sent By Job
	0  -  Run Bytes Received By Job
	0  -  Total Bytes Sent By Job
	0  -  Total Bytes Received By Job
	Partitionable Resources :    Usage  Request Allocated 
	   Cpus                 :                 1         1 
	   Disk (KB)            :        1        1    129249 
	   Memory (MB)          :      183     3900      3968 

	Job terminated of its own accord at 2022-03-30T03:43:45Z.
...
006 (126666.005.000) 2022-03-30 12:43:45 Image size of job updated: 689892
	183  -  MemoryUsage of job (MB)
	186888  -  ResidentSetSize of job (KB)
...
005 (126666.005.000) 2022-03-30 12:43:45 Job terminated.
	(1) Normal termination (return value 0)
		Usr 0 00:00:10, Sys 0 00:00:01  -  Run Remote Usage
		Usr 0 00:00:00, Sys 0 00:00:00  -  Run Local Usage
		Usr 0 00:00:10, Sys 0 00:00:01  -  Total Remote Usage
		Usr 0 00:00:00, Sys 0 00:00:00  -  Total Local Usage
	0  -  Run Bytes Sent By Job
	0  -  Run Bytes Received By Job
	0  -  Total Bytes Sent By Job
	0  -  Total Bytes Received By Job
	Partitionable Resources :    Usage  Request Allocated 
	   Cpus                 :                 1         1 
	   Disk (KB)            :        1        1    129249 
	   Memory (MB)          :      183     3900      3968 

	Job terminated of its own accord at 2022-03-30T03:43:45Z.
...
006 (126666.009.000) 2022-03-30 12:43:46 Image size of job updated: 689860
	183  -  MemoryUsage of job (MB)
	187100  -  ResidentSetSize of job (KB)
...
005 (126666.009.000) 2022-03-30 12:43:46 Job terminated.
	(1) Normal termination (return value 0)
		Usr 0 00:00:10, Sys 0 00:00:01  -  Run Remote Usage
		Usr 0 00:00:00, Sys 0 00:00:00  -  Run Local Usage
		Usr 0 00:00:10, Sys 0 00:00:01  -  Total Remote Usage
		Usr 0 00:00:00, Sys 0 00:00:00  -  Total Local Usage
	0  -  Run Bytes Sent By Job
	0  -  Run Bytes Received By Job
	0  -  Total Bytes Sent By Job
	0  -  Total Bytes Received By Job
	Partitionable Resources :    Usage  Request Allocated 
	   Cpus                 :                 1         1 
	   Disk (KB)            :        1        1    129249 
	   Memory (MB)          :      183     3900      3968 

	Job terminated of its own accord at 2022-03-30T03:43:46Z.
...
006 (126666.016.000) 2022-03-30 12:43:46 Image size of job updated: 688756
	183  -  MemoryUsage of job (MB)
	186948  -  ResidentSetSize of job (KB)
...
005 (126666.016.000) 2022-03-30 12:43:46 Job terminated.
	(1) Normal termination (return value 0)
		Usr 0 00:00:10, Sys 0 00:00:01  -  Run Remote Usage
		Usr 0 00:00:00, Sys 0 00:00:00  -  Run Local Usage
		Usr 0 00:00:10, Sys 0 00:00:01  -  Total Remote Usage
		Usr 0 00:00:00, Sys 0 00:00:00  -  Total Local Usage
	0  -  Run Bytes Sent By Job
	0  -  Run Bytes Received By Job
	0  -  Total Bytes Sent By Job
	0  -  Total Bytes Received By Job
	Partitionable Resources :    Usage  Request Allocated 
	   Cpus                 :                 1         1 
	   Disk (KB)            :        1        1    129249 
	   Memory (MB)          :      183     3900      3968 

	Job terminated of its own accord at 2022-03-30T03:43:46Z.
...
006 (126666.000.000) 2022-03-30 12:43:46 Image size of job updated: 689860
	183  -  MemoryUsage of job (MB)
	186996  -  ResidentSetSize of job (KB)
...
005 (126666.000.000) 2022-03-30 12:43:46 Job terminated.
	(1) Normal termination (return value 0)
		Usr 0 00:00:08, Sys 0 00:00:01  -  Run Remote Usage
		Usr 0 00:00:00, Sys 0 00:00:00  -  Run Local Usage
		Usr 0 00:00:08, Sys 0 00:00:01  -  Total Remote Usage
		Usr 0 00:00:00, Sys 0 00:00:00  -  Total Local Usage
	0  -  Run Bytes Sent By Job
	0  -  Run Bytes Received By Job
	0  -  Total Bytes Sent By Job
	0  -  Total Bytes Received By Job
	Partitionable Resources :    Usage  Request Allocated 
	   Cpus                 :                 1         1 
	   Disk (KB)            :        1        1    129249 
	   Memory (MB)          :      183     3900      3968 

	Job terminated of its own accord at 2022-03-30T03:43:46Z.
...
006 (126666.014.000) 2022-03-30 12:43:47 Image size of job updated: 646204
	183  -  MemoryUsage of job (MB)
	186860  -  ResidentSetSize of job (KB)
...
006 (126666.003.000) 2022-03-30 12:43:47 Image size of job updated: 689896
	183  -  MemoryUsage of job (MB)
	187096  -  ResidentSetSize of job (KB)
...
005 (126666.014.000) 2022-03-30 12:43:47 Job terminated.
	(1) Normal termination (return value 0)
		Usr 0 00:00:11, Sys 0 00:00:01  -  Run Remote Usage
		Usr 0 00:00:00, Sys 0 00:00:00  -  Run Local Usage
		Usr 0 00:00:11, Sys 0 00:00:01  -  Total Remote Usage
		Usr 0 00:00:00, Sys 0 00:00:00  -  Total Local Usage
	0  -  Run Bytes Sent By Job
	0  -  Run Bytes Received By Job
	0  -  Total Bytes Sent By Job
	0  -  Total Bytes Received By Job
	Partitionable Resources :    Usage  Request Allocated 
	   Cpus                 :                 1         1 
	   Disk (KB)            :        1        1    129249 
	   Memory (MB)          :      183     3900      3968 

	Job terminated of its own accord at 2022-03-30T03:43:47Z.
...
006 (126666.001.000) 2022-03-30 12:43:47 Image size of job updated: 689964
	183  -  MemoryUsage of job (MB)
	186992  -  ResidentSetSize of job (KB)
...
005 (126666.003.000) 2022-03-30 12:43:47 Job terminated.
	(1) Normal termination (return value 0)
		Usr 0 00:00:09, Sys 0 00:00:01  -  Run Remote Usage
		Usr 0 00:00:00, Sys 0 00:00:00  -  Run Local Usage
		Usr 0 00:00:09, Sys 0 00:00:01  -  Total Remote Usage
		Usr 0 00:00:00, Sys 0 00:00:00  -  Total Local Usage
	0  -  Run Bytes Sent By Job
	0  -  Run Bytes Received By Job
	0  -  Total Bytes Sent By Job
	0  -  Total Bytes Received By Job
	Partitionable Resources :    Usage  Request Allocated 
	   Cpus                 :                 1         1 
	   Disk (KB)            :        1        1    129249 
	   Memory (MB)          :      183     3900      3968 

	Job terminated of its own accord at 2022-03-30T03:43:47Z.
...
005 (126666.001.000) 2022-03-30 12:43:47 Job terminated.
	(1) Normal termination (return value 0)
		Usr 0 00:00:09, Sys 0 00:00:01  -  Run Remote Usage
		Usr 0 00:00:00, Sys 0 00:00:00  -  Run Local Usage
		Usr 0 00:00:09, Sys 0 00:00:01  -  Total Remote Usage
		Usr 0 00:00:00, Sys 0 00:00:00  -  Total Local Usage
	0  -  Run Bytes Sent By Job
	0  -  Run Bytes Received By Job
	0  -  Total Bytes Sent By Job
	0  -  Total Bytes Received By Job
	Partitionable Resources :    Usage  Request Allocated 
	   Cpus                 :                 1         1 
	   Disk (KB)            :        1        1    129249 
	   Memory (MB)          :      183     3900      3968 

	Job terminated of its own accord at 2022-03-30T03:43:47Z.
...
006 (126666.011.000) 2022-03-30 12:43:48 Image size of job updated: 654352
	183  -  MemoryUsage of job (MB)
	186852  -  ResidentSetSize of job (KB)
...
005 (126666.011.000) 2022-03-30 12:43:48 Job terminated.
	(1) Normal termination (return value 0)
		Usr 0 00:00:12, Sys 0 00:00:01  -  Run Remote Usage
		Usr 0 00:00:00, Sys 0 00:00:00  -  Run Local Usage
		Usr 0 00:00:12, Sys 0 00:00:01  -  Total Remote Usage
		Usr 0 00:00:00, Sys 0 00:00:00  -  Total Local Usage
	0  -  Run Bytes Sent By Job
	0  -  Run Bytes Received By Job
	0  -  Total Bytes Sent By Job
	0  -  Total Bytes Received By Job
	Partitionable Resources :    Usage  Request Allocated 
	   Cpus                 :                 1         1 
	   Disk (KB)            :        1        1    129249 
	   Memory (MB)          :      183     3900      3968 

	Job terminated of its own accord at 2022-03-30T03:43:48Z.
...
006 (126666.002.000) 2022-03-30 12:43:49 Image size of job updated: 689572
	183  -  MemoryUsage of job (MB)
	187024  -  ResidentSetSize of job (KB)
...
005 (126666.002.000) 2022-03-30 12:43:49 Job terminated.
	(1) Normal termination (return value 0)
		Usr 0 00:00:12, Sys 0 00:00:01  -  Run Remote Usage
		Usr 0 00:00:00, Sys 0 00:00:00  -  Run Local Usage
		Usr 0 00:00:12, Sys 0 00:00:01  -  Total Remote Usage
		Usr 0 00:00:00, Sys 0 00:00:00  -  Total Local Usage
	0  -  Run Bytes Sent By Job
	0  -  Run Bytes Received By Job
	0  -  Total Bytes Sent By Job
	0  -  Total Bytes Received By Job
	Partitionable Resources :    Usage  Request Allocated 
	   Cpus                 :                 1         1 
	   Disk (KB)            :        1        1    129249 
	   Memory (MB)          :      183     3900      3968 

	Job terminated of its own accord at 2022-03-30T03:43:49Z.
...
006 (126666.012.000) 2022-03-30 12:43:54 Image size of job updated: 670492
	183  -  MemoryUsage of job (MB)
	186800  -  ResidentSetSize of job (KB)
...
005 (126666.012.000) 2022-03-30 12:43:54 Job terminated.
	(1) Normal termination (return value 0)
		Usr 0 00:00:18, Sys 0 00:00:01  -  Run Remote Usage
		Usr 0 00:00:00, Sys 0 00:00:00  -  Run Local Usage
		Usr 0 00:00:18, Sys 0 00:00:01  -  Total Remote Usage
		Usr 0 00:00:00, Sys 0 00:00:00  -  Total Local Usage
	0  -  Run Bytes Sent By Job
	0  -  Run Bytes Received By Job
	0  -  Total Bytes Sent By Job
	0  -  Total Bytes Received By Job
	Partitionable Resources :    Usage  Request Allocated 
	   Cpus                 :                 1         1 
	   Disk (KB)            :        1        1    129249 
	   Memory (MB)          :      183     3900      3968 

	Job terminated of its own accord at 2022-03-30T03:43:54Z.
...
