Starts at Mon Mar 28 20:08:45 2022
[tnp_tamsa] Use Configs["2017_seed"] from config/HcToWAElectron.py
Fit ibin = 10
Fit ibin = 30
Fit ibin = 50
[#0] ERROR:Eval -- RooAbsReal::logEvalError(sigPhysFail) evaluation error, 
 origin       : RooHistPdf::sigPhysFail[ pdfObs=(x) ]
 message      : p.d.f normalization integral is zero or negative: 0
 server values: pdfObs=(x = 86.5323)
[#0] ERROR:Eval -- RooAbsReal::logEvalError(sigPhysFail) evaluation error, 
 origin       : RooHistPdf::sigPhysFail[ pdfObs=(x) ]
 message      : p.d.f normalization integral is zero or negative: 0
 server values: pdfObs=(x = 86.629)
[#0] ERROR:Eval -- RooAbsReal::logEvalError(sigPhysFail) evaluation error, 
 origin       : RooHistPdf::sigPhysFail[ pdfObs=(x) ]
 message      : p.d.f normalization integral is zero or negative: 0
 server values: pdfObs=(x = 86.7258)
[#0] ERROR:Eval -- RooAbsReal::logEvalError(sigPhysFail) evaluation error, 
 origin       : RooHistPdf::sigPhysFail[ pdfObs=(x) ]
 message      : p.d.f normalization integral is zero or negative: 0
 server values: pdfObs=(x = 86.8226)
[#0] ERROR:Eval -- RooAbsReal::logEvalError(sigPhysFail) evaluation error, 
 origin       : RooHistPdf::sigPhysFail[ pdfObs=(x) ]
 message      : p.d.f normalization integral is zero or negative: 0
 server values: pdfObs=(x = 86.9194)
[#0] ERROR:Eval -- RooAbsReal::logEvalError(sigPhysFail) evaluation error, 
 origin       : RooHistPdf::sigPhysFail[ pdfObs=(x) ]
 message      : p.d.f normalization integral is zero or negative: 0
 server values: pdfObs=(x = 87.0161)
[#0] ERROR:Eval -- RooAbsReal::logEvalError(sigPhysFail) evaluation error, 
 origin       : RooHistPdf::sigPhysFail[ pdfObs=(x) ]
 message      : p.d.f normalization integral is zero or negative: 0
 server values: pdfObs=(x = 87.1129)
[#0] ERROR:Eval -- RooAbsReal::logEvalError(sigPhysFail) evaluation error, 
 origin       : RooHistPdf::sigPhysFail[ pdfObs=(x) ]
 message      : p.d.f normalization integral is zero or negative: 0
 server values: pdfObs=(x = 87.2097)
[#0] ERROR:Eval -- RooAbsReal::logEvalError(sigPhysFail) evaluation error, 
 origin       : RooHistPdf::sigPhysFail[ pdfObs=(x) ]
 message      : p.d.f normalization integral is zero or negative: 0
 server values: pdfObs=(x = 87.3065)
[#0] ERROR:Eval -- RooAbsReal::logEvalError(sigPhysFail) evaluation error, 
 origin       : RooHistPdf::sigPhysFail[ pdfObs=(x) ]
 message      : p.d.f normalization integral is zero or negative: 0
 server values: pdfObs=(x = 87.4032)
[#0] ERROR:Eval -- RooAbsReal::logEvalError(sigPhysFail) evaluation error, 
 origin       : RooHistPdf::sigPhysFail[ pdfObs=(x) ]
 message      : p.d.f normalization integral is zero or negative: 0
 server values: pdfObs=(x = 87.5)
[#0] ERROR:Eval -- RooAbsReal::logEvalError(sigPhysFail) evaluation error, 
 origin       : RooHistPdf::sigPhysFail[ pdfObs=(x) ]
 message      : p.d.f normalization integral is zero or negative: 0
 server values: pdfObs=(x = 87.5968)
[#0] ERROR:Eval -- RooAbsReal::logEvalError(sigPhysFail) evaluation error, 
 origin       : RooHistPdf::sigPhysFail[ pdfObs=(x) ]
 message      : p.d.f normalization integral is zero or negative: 0
 server values: pdfObs=(x = 87.6935)
[#0] ERROR:Eval -- RooAbsReal::logEvalError(sigPhysFail) evaluation error, 
 origin       : RooHistPdf::sigPhysFail[ pdfObs=(x) ]
 message      : p.d.f normalization integral is zero or negative: 0
 server values: pdfObs=(x = 87.7903)
[#0] ERROR:Eval -- RooAbsReal::logEvalError(sigPhysFail) evaluation error, 
 origin       : RooHistPdf::sigPhysFail[ pdfObs=(x) ]
 message      : p.d.f normalization integral is zero or negative: 0
 server values: pdfObs=(x = 87.8871)
[#0] ERROR:Eval -- RooAbsReal::logEvalError(sigPhysFail) evaluation error, 
 origin       : RooHistPdf::sigPhysFail[ pdfObs=(x) ]
 message      : p.d.f normalization integral is zero or negative: 0
 server values: pdfObs=(x = 87.9839)
[#0] ERROR:Eval -- RooAbsReal::logEvalError(sigPhysFail) evaluation error, 
 origin       : RooHistPdf::sigPhysFail[ pdfObs=(x) ]
 message      : p.d.f normalization integral is zero or negative: 0
 server values: pdfObs=(x = 88.0806)
[#0] ERROR:Eval -- RooAbsReal::logEvalError(sigPhysFail) evaluation error, 
 origin       : RooHistPdf::sigPhysFail[ pdfObs=(x) ]
 message      : p.d.f normalization integral is zero or negative: 0
 server values: pdfObs=(x = 88.1774)
[#0] ERROR:Eval -- RooAbsReal::logEvalError(sigPhysFail) evaluation error, 
 origin       : RooHistPdf::sigPhysFail[ pdfObs=(x) ]
 message      : p.d.f normalization integral is zero or negative: 0
 server values: pdfObs=(x = 88.2742)
[#0] ERROR:Eval -- RooAbsReal::logEvalError(sigPhysFail) evaluation error, 
 origin       : RooHistPdf::sigPhysFail[ pdfObs=(x) ]
 message      : p.d.f normalization integral is zero or negative: 0
 server values: pdfObs=(x = 88.371)
[#0] ERROR:Eval -- RooAbsReal::logEvalError(sigPhysFail) evaluation error, 
 origin       : RooHistPdf::sigPhysFail[ pdfObs=(x) ]
 message      : p.d.f normalization integral is zero or negative: 0
 server values: pdfObs=(x = 88.4677)
[#0] ERROR:Eval -- RooAbsReal::logEvalError(sigPhysFail) evaluation error, 
 origin       : RooHistPdf::sigPhysFail[ pdfObs=(x) ]
 message      : p.d.f normalization integral is zero or negative: 0
 server values: pdfObs=(x = 89.5323)
[#0] ERROR:Eval -- RooAbsReal::logEvalError(sigPhysFail) evaluation error, 
 origin       : RooHistPdf::sigPhysFail[ pdfObs=(x) ]
 message      : p.d.f normalization integral is zero or negative: 0
 server values: pdfObs=(x = 89.629)
[#0] ERROR:Eval -- RooAbsReal::logEvalError(sigPhysFail) evaluation error, 
 origin       : RooHistPdf::sigPhysFail[ pdfObs=(x) ]
 message      : p.d.f normalization integral is zero or negative: 0
 server values: pdfObs=(x = 89.7258)
[#0] ERROR:Eval -- RooAbsReal::logEvalError(sigPhysFail) evaluation error, 
 origin       : RooHistPdf::sigPhysFail[ pdfObs=(x) ]
 message      : p.d.f normalization integral is zero or negative: 0
 server values: pdfObs=(x = 89.8226)
[#0] ERROR:Eval -- RooAbsReal::logEvalError(sigPhysFail) evaluation error, 
 origin       : RooHistPdf::sigPhysFail[ pdfObs=(x) ]
 message      : p.d.f normalization integral is zero or negative: 0
 server values: pdfObs=(x = 89.9194)
[#0] ERROR:Eval -- RooAbsReal::logEvalError(sigPhysFail) evaluation error, 
 origin       : RooHistPdf::sigPhysFail[ pdfObs=(x) ]
 message      : p.d.f normalization integral is zero or negative: 0
 server values: pdfObs=(x = 90.0161)
[#0] ERROR:Eval -- RooAbsReal::logEvalError(sigPhysFail) evaluation error, 
 origin       : RooHistPdf::sigPhysFail[ pdfObs=(x) ]
 message      : p.d.f normalization integral is zero or negative: 0
 server values: pdfObs=(x = 90.1129)
[#0] ERROR:Eval -- RooAbsReal::logEvalError(sigPhysFail) evaluation error, 
 origin       : RooHistPdf::sigPhysFail[ pdfObs=(x) ]
 message      : p.d.f normalization integral is zero or negative: 0
 server values: pdfObs=(x = 90.2097)
[#0] ERROR:Eval -- RooAbsReal::logEvalError(sigPhysFail) evaluation error, 
 origin       : RooHistPdf::sigPhysFail[ pdfObs=(x) ]
 message      : p.d.f normalization integral is zero or negative: 0
 server values: pdfObs=(x = 90.3065)
[#0] ERROR:Eval -- RooAbsReal::logEvalError(sigPhysFail) evaluation error, 
 origin       : RooHistPdf::sigPhysFail[ pdfObs=(x) ]
 message      : p.d.f normalization integral is zero or negative: 0
 server values: pdfObs=(x = 90.4032)
[#0] ERROR:Eval -- RooAbsReal::logEvalError(sigPhysFail) evaluation error, 
 origin       : RooHistPdf::sigPhysFail[ pdfObs=(x) ]
 message      : p.d.f normalization integral is zero or negative: 0
 server values: pdfObs=(x = 90.5)
[#0] ERROR:Eval -- RooAbsReal::logEvalError(sigPhysFail) evaluation error, 
 origin       : RooHistPdf::sigPhysFail[ pdfObs=(x) ]
 message      : p.d.f normalization integral is zero or negative: 0
 server values: pdfObs=(x = 90.5968)
[#0] ERROR:Eval -- RooAbsReal::logEvalError(sigPhysFail) evaluation error, 
 origin       : RooHistPdf::sigPhysFail[ pdfObs=(x) ]
 message      : p.d.f normalization integral is zero or negative: 0
 server values: pdfObs=(x = 90.6935)
[#0] ERROR:Eval -- RooAbsReal::logEvalError(sigPhysFail) evaluation error, 
 origin       : RooHistPdf::sigPhysFail[ pdfObs=(x) ]
 message      : p.d.f normalization integral is zero or negative: 0
 server values: pdfObs=(x = 90.7903)
[#0] ERROR:Eval -- RooAbsReal::logEvalError(sigPhysFail) evaluation error, 
 origin       : RooHistPdf::sigPhysFail[ pdfObs=(x) ]
 message      : p.d.f normalization integral is zero or negative: 0
 server values: pdfObs=(x = 90.8871)
[#0] ERROR:Eval -- RooAbsReal::logEvalError(sigPhysFail) evaluation error, 
 origin       : RooHistPdf::sigPhysFail[ pdfObs=(x) ]
 message      : p.d.f normalization integral is zero or negative: 0
 server values: pdfObs=(x = 90.9839)
[#0] ERROR:Eval -- RooAbsReal::logEvalError(sigPhysFail) evaluation error, 
 origin       : RooHistPdf::sigPhysFail[ pdfObs=(x) ]
 message      : p.d.f normalization integral is zero or negative: 0
 server values: pdfObs=(x = 91.0806)
[#0] ERROR:Eval -- RooAbsReal::logEvalError(sigPhysFail) evaluation error, 
 origin       : RooHistPdf::sigPhysFail[ pdfObs=(x) ]
 message      : p.d.f normalization integral is zero or negative: 0
 server values: pdfObs=(x = 91.1774)
[#0] ERROR:Eval -- RooAbsReal::logEvalError(sigPhysFail) evaluation error, 
 origin       : RooHistPdf::sigPhysFail[ pdfObs=(x) ]
 message      : p.d.f normalization integral is zero or negative: 0
 server values: pdfObs=(x = 91.2742)
[#0] ERROR:Eval -- RooAbsReal::logEvalError(sigPhysFail) evaluation error, 
 origin       : RooHistPdf::sigPhysFail[ pdfObs=(x) ]
 message      : p.d.f normalization integral is zero or negative: 0
 server values: pdfObs=(x = 91.371)
[#0] ERROR:Eval -- RooAbsReal::logEvalError(sigPhysFail) evaluation error, 
 origin       : RooHistPdf::sigPhysFail[ pdfObs=(x) ]
 message      : p.d.f normalization integral is zero or negative: 0
 server values: pdfObs=(x = 91.4677)
[#0] ERROR:Eval -- RooAbsReal::logEvalError(sigPhysFail) evaluation error, 
 origin       : RooHistPdf::sigPhysFail[ pdfObs=(x) ]
 message      : p.d.f normalization integral is zero or negative: 0
 server values: pdfObs=(x = 91.5645)
[#0] ERROR:Eval -- RooAbsReal::logEvalError(sigPhysFail) evaluation error, 
 origin       : RooHistPdf::sigPhysFail[ pdfObs=(x) ]
 message      : p.d.f normalization integral is zero or negative: 0
 server values: pdfObs=(x = 91.6613)
[#0] ERROR:Eval -- RooAbsReal::logEvalError(sigPhysFail) evaluation error, 
 origin       : RooHistPdf::sigPhysFail[ pdfObs=(x) ]
 message      : p.d.f normalization integral is zero or negative: 0
 server values: pdfObs=(x = 91.7581)
[#0] ERROR:Eval -- RooAbsReal::logEvalError(sigPhysFail) evaluation error, 
 origin       : RooHistPdf::sigPhysFail[ pdfObs=(x) ]
 message      : p.d.f normalization integral is zero or negative: 0
 server values: pdfObs=(x = 91.8548)
[#0] ERROR:Eval -- RooAbsReal::logEvalError(sigPhysFail) evaluation error, 
 origin       : RooHistPdf::sigPhysFail[ pdfObs=(x) ]
 message      : p.d.f normalization integral is zero or negative: 0
 server values: pdfObs=(x = 91.9516)
[#0] ERROR:Eval -- RooAbsReal::logEvalError(sigPhysFail) evaluation error, 
 origin       : RooHistPdf::sigPhysFail[ pdfObs=(x) ]
 message      : p.d.f normalization integral is zero or negative: 0
 server values: pdfObs=(x = 92.0484)
[#0] ERROR:Eval -- RooAbsReal::logEvalError(sigPhysFail) evaluation error, 
 origin       : RooHistPdf::sigPhysFail[ pdfObs=(x) ]
 message      : p.d.f normalization integral is zero or negative: 0
 server values: pdfObs=(x = 92.1452)
[#0] ERROR:Eval -- RooAbsReal::logEvalError(sigPhysFail) evaluation error, 
 origin       : RooHistPdf::sigPhysFail[ pdfObs=(x) ]
 message      : p.d.f normalization integral is zero or negative: 0
 server values: pdfObs=(x = 92.2419)
[#0] ERROR:Eval -- RooAbsReal::logEvalError(sigPhysFail) evaluation error, 
 origin       : RooHistPdf::sigPhysFail[ pdfObs=(x) ]
 message      : p.d.f normalization integral is zero or negative: 0
 server values: pdfObs=(x = 92.3387)
[#0] ERROR:Eval -- RooAbsReal::logEvalError(sigPhysFail) evaluation error, 
 origin       : RooHistPdf::sigPhysFail[ pdfObs=(x) ]
 message      : p.d.f normalization integral is zero or negative: 0
 server values: pdfObs=(x = 92.4355)
[#0] ERROR:Eval -- RooAbsReal::logEvalError(sigPhysFail) evaluation error, 
 origin       : RooHistPdf::sigPhysFail[ pdfObs=(x) ]
 message      : p.d.f normalization integral is zero or negative: 0
 server values: pdfObs=(x = 92.5323)
[#0] ERROR:Eval -- RooAbsReal::logEvalError(sigPhysFail) evaluation error, 
 origin       : RooHistPdf::sigPhysFail[ pdfObs=(x) ]
 message      : p.d.f normalization integral is zero or negative: 0
 server values: pdfObs=(x = 92.629)
[#0] ERROR:Eval -- RooAbsReal::logEvalError(sigPhysFail) evaluation error, 
 origin       : RooHistPdf::sigPhysFail[ pdfObs=(x) ]
 message      : p.d.f normalization integral is zero or negative: 0
 server values: pdfObs=(x = 92.7258)
[#0] ERROR:Eval -- RooAbsReal::logEvalError(sigPhysFail) evaluation error, 
 origin       : RooHistPdf::sigPhysFail[ pdfObs=(x) ]
 message      : p.d.f normalization integral is zero or negative: 0
 server values: pdfObs=(x = 92.8226)
[#0] ERROR:Eval -- RooAbsReal::logEvalError(sigPhysFail) evaluation error, 
 origin       : RooHistPdf::sigPhysFail[ pdfObs=(x) ]
 message      : p.d.f normalization integral is zero or negative: 0
 server values: pdfObs=(x = 92.9194)
[#0] ERROR:Eval -- RooAbsReal::logEvalError(sigPhysFail) evaluation error, 
 origin       : RooHistPdf::sigPhysFail[ pdfObs=(x) ]
 message      : p.d.f normalization integral is zero or negative: 0
 server values: pdfObs=(x = 93.0161)
[#0] ERROR:Eval -- RooAbsReal::logEvalError(sigPhysFail) evaluation error, 
 origin       : RooHistPdf::sigPhysFail[ pdfObs=(x) ]
 message      : p.d.f normalization integral is zero or negative: 0
 server values: pdfObs=(x = 93.1129)
[#0] ERROR:Eval -- RooAbsReal::logEvalError(sigPhysFail) evaluation error, 
 origin       : RooHistPdf::sigPhysFail[ pdfObs=(x) ]
 message      : p.d.f normalization integral is zero or negative: 0
 server values: pdfObs=(x = 93.2097)
[#0] ERROR:Eval -- RooAbsReal::logEvalError(sigPhysFail) evaluation error, 
 origin       : RooHistPdf::sigPhysFail[ pdfObs=(x) ]
 message      : p.d.f normalization integral is zero or negative: 0
 server values: pdfObs=(x = 93.3065)
[#0] ERROR:Eval -- RooAbsReal::logEvalError(sigPhysFail) evaluation error, 
 origin       : RooHistPdf::sigPhysFail[ pdfObs=(x) ]
 message      : p.d.f normalization integral is zero or negative: 0
 server values: pdfObs=(x = 93.4032)
Ends at  Mon Mar 28 20:08:56 2022
Time took 10.4915471077 seconds.
