000 (2118551.008.000) 06/08 00:00:11 Job submitted from host: <172.30.1.200:9618?addrs=172.30.1.200-9618+[--1]-9618&noUDP&sock=203143_c79e_3>
...
001 (2118551.008.000) 06/08 00:00:33 Job executing on host: <172.30.1.202:9618?addrs=172.30.1.202-9618+[--1]-9618&noUDP&sock=13704_61f3_3>
...
006 (2118551.008.000) 06/08 00:00:41 Image size of job updated: 562576
	92  -  MemoryUsage of job (MB)
	93812  -  ResidentSetSize of job (KB)
...
006 (2118551.008.000) 06/08 00:05:41 Image size of job updated: 654116
	158  -  MemoryUsage of job (MB)
	161432  -  ResidentSetSize of job (KB)
...
006 (2118551.008.000) 06/08 00:10:42 Image size of job updated: 665172
	169  -  MemoryUsage of job (MB)
	172380  -  ResidentSetSize of job (KB)
...
006 (2118551.008.000) 06/08 00:15:43 Image size of job updated: 671008
	175  -  MemoryUsage of job (MB)
	178296  -  ResidentSetSize of job (KB)
...
006 (2118551.008.000) 06/08 00:20:43 Image size of job updated: 677136
	191  -  MemoryUsage of job (MB)
	195528  -  ResidentSetSize of job (KB)
...
006 (2118551.008.000) 06/08 00:25:44 Image size of job updated: 683116
	197  -  MemoryUsage of job (MB)
	201512  -  ResidentSetSize of job (KB)
...
006 (2118551.008.000) 06/08 00:30:45 Image size of job updated: 689244
	203  -  MemoryUsage of job (MB)
	207752  -  ResidentSetSize of job (KB)
...
006 (2118551.008.000) 06/08 00:35:45 Image size of job updated: 690984
	205  -  MemoryUsage of job (MB)
	209388  -  ResidentSetSize of job (KB)
...
006 (2118551.008.000) 06/08 00:40:45 Image size of job updated: 696848
	213  -  MemoryUsage of job (MB)
	217140  -  ResidentSetSize of job (KB)
...
006 (2118551.008.000) 06/08 00:45:46 Image size of job updated: 703064
	219  -  MemoryUsage of job (MB)
	223440  -  ResidentSetSize of job (KB)
...
006 (2118551.008.000) 06/08 00:50:46 Image size of job updated: 713916
	229  -  MemoryUsage of job (MB)
	234192  -  ResidentSetSize of job (KB)
...
006 (2118551.008.000) 06/08 00:55:46 Image size of job updated: 720676
	236  -  MemoryUsage of job (MB)
	240820  -  ResidentSetSize of job (KB)
...
006 (2118551.008.000) 06/08 01:00:47 Image size of job updated: 727196
	242  -  MemoryUsage of job (MB)
	247316  -  ResidentSetSize of job (KB)
...
006 (2118551.008.000) 06/08 01:05:40 Image size of job updated: 743212
	242  -  MemoryUsage of job (MB)
	247316  -  ResidentSetSize of job (KB)
...
005 (2118551.008.000) 06/08 01:05:40 Job terminated.
	(1) Normal termination (return value 0)
		Usr 0 01:04:37, Sys 0 00:00:14  -  Run Remote Usage
		Usr 0 00:00:00, Sys 0 00:00:00  -  Run Local Usage
		Usr 0 01:04:37, Sys 0 00:00:14  -  Total Remote Usage
		Usr 0 00:00:00, Sys 0 00:00:00  -  Total Local Usage
	24580  -  Run Bytes Sent By Job
	236  -  Run Bytes Received By Job
	24580  -  Total Bytes Sent By Job
	236  -  Total Bytes Received By Job
	Partitionable Resources :    Usage  Request Allocated
	   Cpus                 :                 1         1
	   Disk (KB)            :       35  2048000   2376642
	   Memory (MB)          :      242     2000      2000
...
