000 (2118551.004.000) 06/08 00:00:11 Job submitted from host: <172.30.1.200:9618?addrs=172.30.1.200-9618+[--1]-9618&noUDP&sock=203143_c79e_3>
...
001 (2118551.004.000) 06/08 00:00:33 Job executing on host: <172.30.1.202:9618?addrs=172.30.1.202-9618+[--1]-9618&noUDP&sock=13704_61f3_3>
...
006 (2118551.004.000) 06/08 00:00:41 Image size of job updated: 562576
	92  -  MemoryUsage of job (MB)
	94140  -  ResidentSetSize of job (KB)
...
006 (2118551.004.000) 06/08 00:05:41 Image size of job updated: 657732
	162  -  MemoryUsage of job (MB)
	165072  -  ResidentSetSize of job (KB)
...
006 (2118551.004.000) 06/08 00:10:41 Image size of job updated: 668312
	172  -  MemoryUsage of job (MB)
	175464  -  ResidentSetSize of job (KB)
...
006 (2118551.004.000) 06/08 00:15:42 Image size of job updated: 673988
	188  -  MemoryUsage of job (MB)
	192472  -  ResidentSetSize of job (KB)
...
006 (2118551.004.000) 06/08 00:20:43 Image size of job updated: 684452
	199  -  MemoryUsage of job (MB)
	203040  -  ResidentSetSize of job (KB)
...
006 (2118551.004.000) 06/08 00:25:43 Image size of job updated: 694644
	210  -  MemoryUsage of job (MB)
	214844  -  ResidentSetSize of job (KB)
...
006 (2118551.004.000) 06/08 00:30:44 Image size of job updated: 701076
	217  -  MemoryUsage of job (MB)
	221188  -  ResidentSetSize of job (KB)
...
006 (2118551.004.000) 06/08 00:35:45 Image size of job updated: 711356
	227  -  MemoryUsage of job (MB)
	231680  -  ResidentSetSize of job (KB)
...
006 (2118551.004.000) 06/08 00:40:45 Image size of job updated: 721324
	236  -  MemoryUsage of job (MB)
	241440  -  ResidentSetSize of job (KB)
...
006 (2118551.004.000) 06/08 00:43:35 Image size of job updated: 731604
	236  -  MemoryUsage of job (MB)
	241440  -  ResidentSetSize of job (KB)
...
005 (2118551.004.000) 06/08 00:43:35 Job terminated.
	(1) Normal termination (return value 0)
		Usr 0 00:42:42, Sys 0 00:00:05  -  Run Remote Usage
		Usr 0 00:00:00, Sys 0 00:00:00  -  Run Local Usage
		Usr 0 00:42:42, Sys 0 00:00:05  -  Total Remote Usage
		Usr 0 00:00:00, Sys 0 00:00:00  -  Total Local Usage
	37125  -  Run Bytes Sent By Job
	236  -  Run Bytes Received By Job
	37125  -  Total Bytes Sent By Job
	236  -  Total Bytes Received By Job
	Partitionable Resources :    Usage  Request Allocated
	   Cpus                 :                 1         1
	   Disk (KB)            :       48  2048000   2376642
	   Memory (MB)          :      236     2000      2000
...
