000 (2118551.000.000) 06/08 00:00:11 Job submitted from host: <172.30.1.200:9618?addrs=172.30.1.200-9618+[--1]-9618&noUDP&sock=203143_c79e_3>
...
001 (2118551.000.000) 06/08 00:00:32 Job executing on host: <172.30.1.202:9618?addrs=172.30.1.202-9618+[--1]-9618&noUDP&sock=13704_61f3_3>
...
006 (2118551.000.000) 06/08 00:00:41 Image size of job updated: 562576
	92  -  MemoryUsage of job (MB)
	94116  -  ResidentSetSize of job (KB)
...
006 (2118551.000.000) 06/08 00:05:42 Image size of job updated: 653936
	158  -  MemoryUsage of job (MB)
	161232  -  ResidentSetSize of job (KB)
...
006 (2118551.000.000) 06/08 00:10:42 Image size of job updated: 660428
	164  -  MemoryUsage of job (MB)
	167436  -  ResidentSetSize of job (KB)
...
006 (2118551.000.000) 06/08 00:15:42 Image size of job updated: 666400
	170  -  MemoryUsage of job (MB)
	173580  -  ResidentSetSize of job (KB)
...
006 (2118551.000.000) 06/08 00:20:43 Image size of job updated: 672868
	176  -  MemoryUsage of job (MB)
	179964  -  ResidentSetSize of job (KB)
...
006 (2118551.000.000) 06/08 00:25:43 Image size of job updated: 679236
	193  -  MemoryUsage of job (MB)
	197592  -  ResidentSetSize of job (KB)
...
006 (2118551.000.000) 06/08 00:30:43 Image size of job updated: 685480
	200  -  MemoryUsage of job (MB)
	203904  -  ResidentSetSize of job (KB)
...
006 (2118551.000.000) 06/08 00:35:44 Image size of job updated: 691436
	205  -  MemoryUsage of job (MB)
	209832  -  ResidentSetSize of job (KB)
...
006 (2118551.000.000) 06/08 00:40:45 Image size of job updated: 692104
	206  -  MemoryUsage of job (MB)
	210556  -  ResidentSetSize of job (KB)
...
006 (2118551.000.000) 06/08 00:45:45 Image size of job updated: 698544
	214  -  MemoryUsage of job (MB)
	218724  -  ResidentSetSize of job (KB)
...
006 (2118551.000.000) 06/08 00:50:46 Image size of job updated: 704900
	220  -  MemoryUsage of job (MB)
	224988  -  ResidentSetSize of job (KB)
...
006 (2118551.000.000) 06/08 00:55:47 Image size of job updated: 710856
	226  -  MemoryUsage of job (MB)
	231188  -  ResidentSetSize of job (KB)
...
006 (2118551.000.000) 06/08 01:00:47 Image size of job updated: 722220
	237  -  MemoryUsage of job (MB)
	242524  -  ResidentSetSize of job (KB)
...
006 (2118551.000.000) 06/08 01:05:47 Image size of job updated: 729368
	244  -  MemoryUsage of job (MB)
	249564  -  ResidentSetSize of job (KB)
...
006 (2118551.000.000) 06/08 01:10:48 Image size of job updated: 735716
	250  -  MemoryUsage of job (MB)
	255904  -  ResidentSetSize of job (KB)
...
006 (2118551.000.000) 06/08 01:13:13 Image size of job updated: 735856
	250  -  MemoryUsage of job (MB)
	255904  -  ResidentSetSize of job (KB)
...
005 (2118551.000.000) 06/08 01:13:13 Job terminated.
	(1) Normal termination (return value 0)
		Usr 0 01:12:15, Sys 0 00:00:05  -  Run Remote Usage
		Usr 0 00:00:00, Sys 0 00:00:00  -  Run Local Usage
		Usr 0 01:12:15, Sys 0 00:00:05  -  Total Remote Usage
		Usr 0 00:00:00, Sys 0 00:00:00  -  Total Local Usage
	21064  -  Run Bytes Sent By Job
	236  -  Run Bytes Received By Job
	21064  -  Total Bytes Sent By Job
	236  -  Total Bytes Received By Job
	Partitionable Resources :    Usage  Request Allocated
	   Cpus                 :                 1         1
	   Disk (KB)            :       32  2048000   2376642
	   Memory (MB)          :      250     2000      2000
...
