000 (127782.000.000) 2022-03-31 13:57:43 Job submitted from host: <172.30.1.200:9618?addrs=172.30.1.200-9618&alias=tamsa2.snu.ac.kr&noUDP&sock=schedd_3154_f5cb>
...
000 (127782.001.000) 2022-03-31 13:57:43 Job submitted from host: <172.30.1.200:9618?addrs=172.30.1.200-9618&alias=tamsa2.snu.ac.kr&noUDP&sock=schedd_3154_f5cb>
...
000 (127782.002.000) 2022-03-31 13:57:43 Job submitted from host: <172.30.1.200:9618?addrs=172.30.1.200-9618&alias=tamsa2.snu.ac.kr&noUDP&sock=schedd_3154_f5cb>
...
000 (127782.003.000) 2022-03-31 13:57:43 Job submitted from host: <172.30.1.200:9618?addrs=172.30.1.200-9618&alias=tamsa2.snu.ac.kr&noUDP&sock=schedd_3154_f5cb>
...
000 (127782.004.000) 2022-03-31 13:57:43 Job submitted from host: <172.30.1.200:9618?addrs=172.30.1.200-9618&alias=tamsa2.snu.ac.kr&noUDP&sock=schedd_3154_f5cb>
...
000 (127782.005.000) 2022-03-31 13:57:43 Job submitted from host: <172.30.1.200:9618?addrs=172.30.1.200-9618&alias=tamsa2.snu.ac.kr&noUDP&sock=schedd_3154_f5cb>
...
000 (127782.006.000) 2022-03-31 13:57:43 Job submitted from host: <172.30.1.200:9618?addrs=172.30.1.200-9618&alias=tamsa2.snu.ac.kr&noUDP&sock=schedd_3154_f5cb>
...
000 (127782.007.000) 2022-03-31 13:57:43 Job submitted from host: <172.30.1.200:9618?addrs=172.30.1.200-9618&alias=tamsa2.snu.ac.kr&noUDP&sock=schedd_3154_f5cb>
...
000 (127782.008.000) 2022-03-31 13:57:43 Job submitted from host: <172.30.1.200:9618?addrs=172.30.1.200-9618&alias=tamsa2.snu.ac.kr&noUDP&sock=schedd_3154_f5cb>
...
000 (127782.009.000) 2022-03-31 13:57:43 Job submitted from host: <172.30.1.200:9618?addrs=172.30.1.200-9618&alias=tamsa2.snu.ac.kr&noUDP&sock=schedd_3154_f5cb>
...
000 (127782.010.000) 2022-03-31 13:57:43 Job submitted from host: <172.30.1.200:9618?addrs=172.30.1.200-9618&alias=tamsa2.snu.ac.kr&noUDP&sock=schedd_3154_f5cb>
...
000 (127782.011.000) 2022-03-31 13:57:43 Job submitted from host: <172.30.1.200:9618?addrs=172.30.1.200-9618&alias=tamsa2.snu.ac.kr&noUDP&sock=schedd_3154_f5cb>
...
000 (127782.012.000) 2022-03-31 13:57:43 Job submitted from host: <172.30.1.200:9618?addrs=172.30.1.200-9618&alias=tamsa2.snu.ac.kr&noUDP&sock=schedd_3154_f5cb>
...
000 (127782.013.000) 2022-03-31 13:57:43 Job submitted from host: <172.30.1.200:9618?addrs=172.30.1.200-9618&alias=tamsa2.snu.ac.kr&noUDP&sock=schedd_3154_f5cb>
...
000 (127782.014.000) 2022-03-31 13:57:43 Job submitted from host: <172.30.1.200:9618?addrs=172.30.1.200-9618&alias=tamsa2.snu.ac.kr&noUDP&sock=schedd_3154_f5cb>
...
000 (127782.015.000) 2022-03-31 13:57:43 Job submitted from host: <172.30.1.200:9618?addrs=172.30.1.200-9618&alias=tamsa2.snu.ac.kr&noUDP&sock=schedd_3154_f5cb>
...
000 (127782.016.000) 2022-03-31 13:57:43 Job submitted from host: <172.30.1.200:9618?addrs=172.30.1.200-9618&alias=tamsa2.snu.ac.kr&noUDP&sock=schedd_3154_f5cb>
...
000 (127782.017.000) 2022-03-31 13:57:43 Job submitted from host: <172.30.1.200:9618?addrs=172.30.1.200-9618&alias=tamsa2.snu.ac.kr&noUDP&sock=schedd_3154_f5cb>
...
000 (127782.018.000) 2022-03-31 13:57:43 Job submitted from host: <172.30.1.200:9618?addrs=172.30.1.200-9618&alias=tamsa2.snu.ac.kr&noUDP&sock=schedd_3154_f5cb>
...
000 (127782.019.000) 2022-03-31 13:57:43 Job submitted from host: <172.30.1.200:9618?addrs=172.30.1.200-9618&alias=tamsa2.snu.ac.kr&noUDP&sock=schedd_3154_f5cb>
...
001 (127782.000.000) 2022-03-31 13:57:52 Job executing on host: <172.30.1.205:9618?addrs=172.30.1.205-9618&alias=node5&noUDP&sock=startd_3654_eb26>
...
001 (127782.001.000) 2022-03-31 13:57:52 Job executing on host: <172.30.1.205:9618?addrs=172.30.1.205-9618&alias=node5&noUDP&sock=startd_3654_eb26>
...
001 (127782.002.000) 2022-03-31 13:57:52 Job executing on host: <172.30.1.205:9618?addrs=172.30.1.205-9618&alias=node5&noUDP&sock=startd_3654_eb26>
...
001 (127782.003.000) 2022-03-31 13:57:52 Job executing on host: <172.30.1.205:9618?addrs=172.30.1.205-9618&alias=node5&noUDP&sock=startd_3654_eb26>
...
001 (127782.004.000) 2022-03-31 13:57:52 Job executing on host: <172.30.1.205:9618?addrs=172.30.1.205-9618&alias=node5&noUDP&sock=startd_3654_eb26>
...
001 (127782.005.000) 2022-03-31 13:57:52 Job executing on host: <172.30.1.205:9618?addrs=172.30.1.205-9618&alias=node5&noUDP&sock=startd_3654_eb26>
...
001 (127782.006.000) 2022-03-31 13:57:52 Job executing on host: <172.30.1.205:9618?addrs=172.30.1.205-9618&alias=node5&noUDP&sock=startd_3654_eb26>
...
001 (127782.007.000) 2022-03-31 13:57:52 Job executing on host: <172.30.1.205:9618?addrs=172.30.1.205-9618&alias=node5&noUDP&sock=startd_3654_eb26>
...
001 (127782.008.000) 2022-03-31 13:57:52 Job executing on host: <172.30.1.205:9618?addrs=172.30.1.205-9618&alias=node5&noUDP&sock=startd_3654_eb26>
...
001 (127782.009.000) 2022-03-31 13:57:52 Job executing on host: <172.30.1.205:9618?addrs=172.30.1.205-9618&alias=node5&noUDP&sock=startd_3654_eb26>
...
001 (127782.011.000) 2022-03-31 13:57:52 Job executing on host: <172.30.1.205:9618?addrs=172.30.1.205-9618&alias=node5&noUDP&sock=startd_3654_eb26>
...
001 (127782.010.000) 2022-03-31 13:57:52 Job executing on host: <172.30.1.205:9618?addrs=172.30.1.205-9618&alias=node5&noUDP&sock=startd_3654_eb26>
...
001 (127782.012.000) 2022-03-31 13:57:53 Job executing on host: <172.30.1.205:9618?addrs=172.30.1.205-9618&alias=node5&noUDP&sock=startd_3654_eb26>
...
001 (127782.013.000) 2022-03-31 13:57:53 Job executing on host: <172.30.1.205:9618?addrs=172.30.1.205-9618&alias=node5&noUDP&sock=startd_3654_eb26>
...
001 (127782.014.000) 2022-03-31 13:57:53 Job executing on host: <172.30.1.205:9618?addrs=172.30.1.205-9618&alias=node5&noUDP&sock=startd_3654_eb26>
...
001 (127782.016.000) 2022-03-31 13:57:53 Job executing on host: <172.30.1.205:9618?addrs=172.30.1.205-9618&alias=node5&noUDP&sock=startd_3654_eb26>
...
001 (127782.015.000) 2022-03-31 13:57:53 Job executing on host: <172.30.1.205:9618?addrs=172.30.1.205-9618&alias=node5&noUDP&sock=startd_3654_eb26>
...
001 (127782.017.000) 2022-03-31 13:57:53 Job executing on host: <172.30.1.205:9618?addrs=172.30.1.205-9618&alias=node5&noUDP&sock=startd_3654_eb26>
...
001 (127782.018.000) 2022-03-31 13:57:53 Job executing on host: <172.30.1.205:9618?addrs=172.30.1.205-9618&alias=node5&noUDP&sock=startd_3654_eb26>
...
001 (127782.019.000) 2022-03-31 13:57:53 Job executing on host: <172.30.1.205:9618?addrs=172.30.1.205-9618&alias=node5&noUDP&sock=startd_3654_eb26>
...
006 (127782.000.000) 2022-03-31 13:58:00 Image size of job updated: 396712
	150  -  MemoryUsage of job (MB)
	153096  -  ResidentSetSize of job (KB)
...
006 (127782.001.000) 2022-03-31 13:58:00 Image size of job updated: 389756
	152  -  MemoryUsage of job (MB)
	154960  -  ResidentSetSize of job (KB)
...
006 (127782.010.000) 2022-03-31 13:58:01 Image size of job updated: 392148
	161  -  MemoryUsage of job (MB)
	164128  -  ResidentSetSize of job (KB)
...
006 (127782.012.000) 2022-03-31 13:58:01 Image size of job updated: 385952
	162  -  MemoryUsage of job (MB)
	164960  -  ResidentSetSize of job (KB)
...
006 (127782.013.000) 2022-03-31 13:58:01 Image size of job updated: 385952
	161  -  MemoryUsage of job (MB)
	164592  -  ResidentSetSize of job (KB)
...
006 (127782.014.000) 2022-03-31 13:58:01 Image size of job updated: 369548
	165  -  MemoryUsage of job (MB)
	168180  -  ResidentSetSize of job (KB)
...
006 (127782.016.000) 2022-03-31 13:58:01 Image size of job updated: 369548
	166  -  MemoryUsage of job (MB)
	169040  -  ResidentSetSize of job (KB)
...
006 (127782.015.000) 2022-03-31 13:58:01 Image size of job updated: 305016
	168  -  MemoryUsage of job (MB)
	171628  -  ResidentSetSize of job (KB)
...
006 (127782.017.000) 2022-03-31 13:58:01 Image size of job updated: 305016
	169  -  MemoryUsage of job (MB)
	172996  -  ResidentSetSize of job (KB)
...
006 (127782.002.000) 2022-03-31 13:58:01 Image size of job updated: 396708
	169  -  MemoryUsage of job (MB)
	172628  -  ResidentSetSize of job (KB)
...
006 (127782.003.000) 2022-03-31 13:58:01 Image size of job updated: 388964
	171  -  MemoryUsage of job (MB)
	174344  -  ResidentSetSize of job (KB)
...
006 (127782.004.000) 2022-03-31 13:58:01 Image size of job updated: 391088
	172  -  MemoryUsage of job (MB)
	175664  -  ResidentSetSize of job (KB)
...
006 (127782.005.000) 2022-03-31 13:58:01 Image size of job updated: 387640
	175  -  MemoryUsage of job (MB)
	178784  -  ResidentSetSize of job (KB)
...
006 (127782.006.000) 2022-03-31 13:58:01 Image size of job updated: 392148
	175  -  MemoryUsage of job (MB)
	178436  -  ResidentSetSize of job (KB)
...
006 (127782.007.000) 2022-03-31 13:58:01 Image size of job updated: 392148
	175  -  MemoryUsage of job (MB)
	178636  -  ResidentSetSize of job (KB)
...
006 (127782.008.000) 2022-03-31 13:58:01 Image size of job updated: 396708
	176  -  MemoryUsage of job (MB)
	179284  -  ResidentSetSize of job (KB)
...
006 (127782.009.000) 2022-03-31 13:58:01 Image size of job updated: 390024
	177  -  MemoryUsage of job (MB)
	181112  -  ResidentSetSize of job (KB)
...
006 (127782.011.000) 2022-03-31 13:58:01 Image size of job updated: 392148
	177  -  MemoryUsage of job (MB)
	181124  -  ResidentSetSize of job (KB)
...
006 (127782.018.000) 2022-03-31 13:58:02 Image size of job updated: 305016
	182  -  MemoryUsage of job (MB)
	185496  -  ResidentSetSize of job (KB)
...
006 (127782.019.000) 2022-03-31 13:58:02 Image size of job updated: 216012
	182  -  MemoryUsage of job (MB)
	185884  -  ResidentSetSize of job (KB)
...
005 (127782.017.000) 2022-03-31 13:58:05 Job terminated.
	(1) Normal termination (return value 0)
		Usr 0 00:00:05, Sys 0 00:00:02  -  Run Remote Usage
		Usr 0 00:00:00, Sys 0 00:00:00  -  Run Local Usage
		Usr 0 00:00:05, Sys 0 00:00:02  -  Total Remote Usage
		Usr 0 00:00:00, Sys 0 00:00:00  -  Total Local Usage
	0  -  Run Bytes Sent By Job
	0  -  Run Bytes Received By Job
	0  -  Total Bytes Sent By Job
	0  -  Total Bytes Received By Job
	Partitionable Resources :    Usage  Request Allocated 
	   Cpus                 :                 1         1 
	   Disk (KB)            :        1        1    129249 
	   Memory (MB)          :      169     3900      3968 

	Job terminated of its own accord at 2022-03-31T04:58:05Z.
...
006 (127782.019.000) 2022-03-31 13:58:05 Image size of job updated: 684180
	182  -  MemoryUsage of job (MB)
	185900  -  ResidentSetSize of job (KB)
...
005 (127782.019.000) 2022-03-31 13:58:06 Job terminated.
	(1) Normal termination (return value 0)
		Usr 0 00:00:06, Sys 0 00:00:02  -  Run Remote Usage
		Usr 0 00:00:00, Sys 0 00:00:00  -  Run Local Usage
		Usr 0 00:00:06, Sys 0 00:00:02  -  Total Remote Usage
		Usr 0 00:00:00, Sys 0 00:00:00  -  Total Local Usage
	0  -  Run Bytes Sent By Job
	0  -  Run Bytes Received By Job
	0  -  Total Bytes Sent By Job
	0  -  Total Bytes Received By Job
	Partitionable Resources :    Usage  Request Allocated 
	   Cpus                 :                 1         1 
	   Disk (KB)            :        1        1    129249 
	   Memory (MB)          :      182     3900      3968 

	Job terminated of its own accord at 2022-03-31T04:58:05Z.
...
006 (127782.012.000) 2022-03-31 13:58:06 Image size of job updated: 683932
	162  -  MemoryUsage of job (MB)
	164992  -  ResidentSetSize of job (KB)
...
005 (127782.012.000) 2022-03-31 13:58:06 Job terminated.
	(1) Normal termination (return value 0)
		Usr 0 00:00:06, Sys 0 00:00:02  -  Run Remote Usage
		Usr 0 00:00:00, Sys 0 00:00:00  -  Run Local Usage
		Usr 0 00:00:06, Sys 0 00:00:02  -  Total Remote Usage
		Usr 0 00:00:00, Sys 0 00:00:00  -  Total Local Usage
	0  -  Run Bytes Sent By Job
	0  -  Run Bytes Received By Job
	0  -  Total Bytes Sent By Job
	0  -  Total Bytes Received By Job
	Partitionable Resources :    Usage  Request Allocated 
	   Cpus                 :                 1         1 
	   Disk (KB)            :        1        1    129249 
	   Memory (MB)          :      162     3900      3968 

	Job terminated of its own accord at 2022-03-31T04:58:06Z.
...
006 (127782.013.000) 2022-03-31 13:58:06 Image size of job updated: 689076
	161  -  MemoryUsage of job (MB)
	164592  -  ResidentSetSize of job (KB)
...
006 (127782.018.000) 2022-03-31 13:58:06 Image size of job updated: 686788
	182  -  MemoryUsage of job (MB)
	185504  -  ResidentSetSize of job (KB)
...
005 (127782.013.000) 2022-03-31 13:58:06 Job terminated.
	(1) Normal termination (return value 0)
		Usr 0 00:00:06, Sys 0 00:00:02  -  Run Remote Usage
		Usr 0 00:00:00, Sys 0 00:00:00  -  Run Local Usage
		Usr 0 00:00:06, Sys 0 00:00:02  -  Total Remote Usage
		Usr 0 00:00:00, Sys 0 00:00:00  -  Total Local Usage
	0  -  Run Bytes Sent By Job
	0  -  Run Bytes Received By Job
	0  -  Total Bytes Sent By Job
	0  -  Total Bytes Received By Job
	Partitionable Resources :    Usage  Request Allocated 
	   Cpus                 :                 1         1 
	   Disk (KB)            :        1        1    129249 
	   Memory (MB)          :      161     3900      3968 

	Job terminated of its own accord at 2022-03-31T04:58:06Z.
...
005 (127782.018.000) 2022-03-31 13:58:06 Job terminated.
	(1) Normal termination (return value 0)
		Usr 0 00:00:06, Sys 0 00:00:02  -  Run Remote Usage
		Usr 0 00:00:00, Sys 0 00:00:00  -  Run Local Usage
		Usr 0 00:00:06, Sys 0 00:00:02  -  Total Remote Usage
		Usr 0 00:00:00, Sys 0 00:00:00  -  Total Local Usage
	0  -  Run Bytes Sent By Job
	0  -  Run Bytes Received By Job
	0  -  Total Bytes Sent By Job
	0  -  Total Bytes Received By Job
	Partitionable Resources :    Usage  Request Allocated 
	   Cpus                 :                 1         1 
	   Disk (KB)            :        1        1    129249 
	   Memory (MB)          :      182     3900      3968 

	Job terminated of its own accord at 2022-03-31T04:58:06Z.
...
006 (127782.006.000) 2022-03-31 13:58:06 Image size of job updated: 688608
	175  -  MemoryUsage of job (MB)
	178436  -  ResidentSetSize of job (KB)
...
005 (127782.006.000) 2022-03-31 13:58:06 Job terminated.
	(1) Normal termination (return value 0)
		Usr 0 00:00:07, Sys 0 00:00:02  -  Run Remote Usage
		Usr 0 00:00:00, Sys 0 00:00:00  -  Run Local Usage
		Usr 0 00:00:07, Sys 0 00:00:02  -  Total Remote Usage
		Usr 0 00:00:00, Sys 0 00:00:00  -  Total Local Usage
	0  -  Run Bytes Sent By Job
	0  -  Run Bytes Received By Job
	0  -  Total Bytes Sent By Job
	0  -  Total Bytes Received By Job
	Partitionable Resources :    Usage  Request Allocated 
	   Cpus                 :                 1         1 
	   Disk (KB)            :        1        1    129249 
	   Memory (MB)          :      175     3900      3968 

	Job terminated of its own accord at 2022-03-31T04:58:06Z.
...
006 (127782.014.000) 2022-03-31 13:58:07 Image size of job updated: 683352
	165  -  MemoryUsage of job (MB)
	168180  -  ResidentSetSize of job (KB)
...
005 (127782.014.000) 2022-03-31 13:58:07 Job terminated.
	(1) Normal termination (return value 0)
		Usr 0 00:00:07, Sys 0 00:00:02  -  Run Remote Usage
		Usr 0 00:00:00, Sys 0 00:00:00  -  Run Local Usage
		Usr 0 00:00:07, Sys 0 00:00:02  -  Total Remote Usage
		Usr 0 00:00:00, Sys 0 00:00:00  -  Total Local Usage
	0  -  Run Bytes Sent By Job
	0  -  Run Bytes Received By Job
	0  -  Total Bytes Sent By Job
	0  -  Total Bytes Received By Job
	Partitionable Resources :    Usage  Request Allocated 
	   Cpus                 :                 1         1 
	   Disk (KB)            :        1        1    129249 
	   Memory (MB)          :      165     3900      3968 

	Job terminated of its own accord at 2022-03-31T04:58:07Z.
...
006 (127782.007.000) 2022-03-31 13:58:07 Image size of job updated: 685052
	175  -  MemoryUsage of job (MB)
	178636  -  ResidentSetSize of job (KB)
...
005 (127782.007.000) 2022-03-31 13:58:07 Job terminated.
	(1) Normal termination (return value 0)
		Usr 0 00:00:07, Sys 0 00:00:02  -  Run Remote Usage
		Usr 0 00:00:00, Sys 0 00:00:00  -  Run Local Usage
		Usr 0 00:00:07, Sys 0 00:00:02  -  Total Remote Usage
		Usr 0 00:00:00, Sys 0 00:00:00  -  Total Local Usage
	0  -  Run Bytes Sent By Job
	0  -  Run Bytes Received By Job
	0  -  Total Bytes Sent By Job
	0  -  Total Bytes Received By Job
	Partitionable Resources :    Usage  Request Allocated 
	   Cpus                 :                 1         1 
	   Disk (KB)            :        1        1    129249 
	   Memory (MB)          :      175     3900      3968 

	Job terminated of its own accord at 2022-03-31T04:58:07Z.
...
006 (127782.016.000) 2022-03-31 13:58:07 Image size of job updated: 684188
	166  -  MemoryUsage of job (MB)
	169072  -  ResidentSetSize of job (KB)
...
005 (127782.016.000) 2022-03-31 13:58:08 Job terminated.
	(1) Normal termination (return value 0)
		Usr 0 00:00:08, Sys 0 00:00:02  -  Run Remote Usage
		Usr 0 00:00:00, Sys 0 00:00:00  -  Run Local Usage
		Usr 0 00:00:08, Sys 0 00:00:02  -  Total Remote Usage
		Usr 0 00:00:00, Sys 0 00:00:00  -  Total Local Usage
	0  -  Run Bytes Sent By Job
	0  -  Run Bytes Received By Job
	0  -  Total Bytes Sent By Job
	0  -  Total Bytes Received By Job
	Partitionable Resources :    Usage  Request Allocated 
	   Cpus                 :                 1         1 
	   Disk (KB)            :        1        1    129249 
	   Memory (MB)          :      166     3900      3968 

	Job terminated of its own accord at 2022-03-31T04:58:07Z.
...
006 (127782.009.000) 2022-03-31 13:58:08 Image size of job updated: 686736
	177  -  MemoryUsage of job (MB)
	181112  -  ResidentSetSize of job (KB)
...
005 (127782.009.000) 2022-03-31 13:58:08 Job terminated.
	(1) Normal termination (return value 0)
		Usr 0 00:00:08, Sys 0 00:00:02  -  Run Remote Usage
		Usr 0 00:00:00, Sys 0 00:00:00  -  Run Local Usage
		Usr 0 00:00:08, Sys 0 00:00:02  -  Total Remote Usage
		Usr 0 00:00:00, Sys 0 00:00:00  -  Total Local Usage
	0  -  Run Bytes Sent By Job
	0  -  Run Bytes Received By Job
	0  -  Total Bytes Sent By Job
	0  -  Total Bytes Received By Job
	Partitionable Resources :    Usage  Request Allocated 
	   Cpus                 :                 1         1 
	   Disk (KB)            :        1        1    129249 
	   Memory (MB)          :      177     3900      3968 

	Job terminated of its own accord at 2022-03-31T04:58:08Z.
...
006 (127782.015.000) 2022-03-31 13:58:08 Image size of job updated: 688764
	168  -  MemoryUsage of job (MB)
	171640  -  ResidentSetSize of job (KB)
...
006 (127782.000.000) 2022-03-31 13:58:08 Image size of job updated: 685052
	150  -  MemoryUsage of job (MB)
	153132  -  ResidentSetSize of job (KB)
...
005 (127782.015.000) 2022-03-31 13:58:08 Job terminated.
	(1) Normal termination (return value 0)
		Usr 0 00:00:09, Sys 0 00:00:02  -  Run Remote Usage
		Usr 0 00:00:00, Sys 0 00:00:00  -  Run Local Usage
		Usr 0 00:00:09, Sys 0 00:00:02  -  Total Remote Usage
		Usr 0 00:00:00, Sys 0 00:00:00  -  Total Local Usage
	0  -  Run Bytes Sent By Job
	0  -  Run Bytes Received By Job
	0  -  Total Bytes Sent By Job
	0  -  Total Bytes Received By Job
	Partitionable Resources :    Usage  Request Allocated 
	   Cpus                 :                 1         1 
	   Disk (KB)            :        1        1    129249 
	   Memory (MB)          :      168     3900      3968 

	Job terminated of its own accord at 2022-03-31T04:58:08Z.
...
005 (127782.000.000) 2022-03-31 13:58:08 Job terminated.
	(1) Normal termination (return value 0)
		Usr 0 00:00:08, Sys 0 00:00:02  -  Run Remote Usage
		Usr 0 00:00:00, Sys 0 00:00:00  -  Run Local Usage
		Usr 0 00:00:08, Sys 0 00:00:02  -  Total Remote Usage
		Usr 0 00:00:00, Sys 0 00:00:00  -  Total Local Usage
	0  -  Run Bytes Sent By Job
	0  -  Run Bytes Received By Job
	0  -  Total Bytes Sent By Job
	0  -  Total Bytes Received By Job
	Partitionable Resources :    Usage  Request Allocated 
	   Cpus                 :                 1         1 
	   Disk (KB)            :        1        1    129249 
	   Memory (MB)          :      150     3900      3968 

	Job terminated of its own accord at 2022-03-31T04:58:08Z.
...
006 (127782.002.000) 2022-03-31 13:58:09 Image size of job updated: 689740
	169  -  MemoryUsage of job (MB)
	172648  -  ResidentSetSize of job (KB)
...
006 (127782.010.000) 2022-03-31 13:58:09 Image size of job updated: 670468
	161  -  MemoryUsage of job (MB)
	164128  -  ResidentSetSize of job (KB)
...
005 (127782.002.000) 2022-03-31 13:58:09 Job terminated.
	(1) Normal termination (return value 0)
		Usr 0 00:00:09, Sys 0 00:00:02  -  Run Remote Usage
		Usr 0 00:00:00, Sys 0 00:00:00  -  Run Local Usage
		Usr 0 00:00:09, Sys 0 00:00:02  -  Total Remote Usage
		Usr 0 00:00:00, Sys 0 00:00:00  -  Total Local Usage
	0  -  Run Bytes Sent By Job
	0  -  Run Bytes Received By Job
	0  -  Total Bytes Sent By Job
	0  -  Total Bytes Received By Job
	Partitionable Resources :    Usage  Request Allocated 
	   Cpus                 :                 1         1 
	   Disk (KB)            :        1        1    129249 
	   Memory (MB)          :      169     3900      3968 

	Job terminated of its own accord at 2022-03-31T04:58:09Z.
...
005 (127782.010.000) 2022-03-31 13:58:09 Job terminated.
	(1) Normal termination (return value 0)
		Usr 0 00:00:10, Sys 0 00:00:02  -  Run Remote Usage
		Usr 0 00:00:00, Sys 0 00:00:00  -  Run Local Usage
		Usr 0 00:00:10, Sys 0 00:00:02  -  Total Remote Usage
		Usr 0 00:00:00, Sys 0 00:00:00  -  Total Local Usage
	0  -  Run Bytes Sent By Job
	0  -  Run Bytes Received By Job
	0  -  Total Bytes Sent By Job
	0  -  Total Bytes Received By Job
	Partitionable Resources :    Usage  Request Allocated 
	   Cpus                 :                 1         1 
	   Disk (KB)            :        1        1    129249 
	   Memory (MB)          :      161     3900      3968 

	Job terminated of its own accord at 2022-03-31T04:58:09Z.
...
006 (127782.011.000) 2022-03-31 13:58:09 Image size of job updated: 689000
	177  -  MemoryUsage of job (MB)
	181124  -  ResidentSetSize of job (KB)
...
006 (127782.008.000) 2022-03-31 13:58:09 Image size of job updated: 690432
	176  -  MemoryUsage of job (MB)
	179284  -  ResidentSetSize of job (KB)
...
005 (127782.011.000) 2022-03-31 13:58:09 Job terminated.
	(1) Normal termination (return value 0)
		Usr 0 00:00:10, Sys 0 00:00:02  -  Run Remote Usage
		Usr 0 00:00:00, Sys 0 00:00:00  -  Run Local Usage
		Usr 0 00:00:10, Sys 0 00:00:02  -  Total Remote Usage
		Usr 0 00:00:00, Sys 0 00:00:00  -  Total Local Usage
	0  -  Run Bytes Sent By Job
	0  -  Run Bytes Received By Job
	0  -  Total Bytes Sent By Job
	0  -  Total Bytes Received By Job
	Partitionable Resources :    Usage  Request Allocated 
	   Cpus                 :                 1         1 
	   Disk (KB)            :        1        1    129249 
	   Memory (MB)          :      177     3900      3968 

	Job terminated of its own accord at 2022-03-31T04:58:09Z.
...
005 (127782.008.000) 2022-03-31 13:58:09 Job terminated.
	(1) Normal termination (return value 0)
		Usr 0 00:00:09, Sys 0 00:00:02  -  Run Remote Usage
		Usr 0 00:00:00, Sys 0 00:00:00  -  Run Local Usage
		Usr 0 00:00:09, Sys 0 00:00:02  -  Total Remote Usage
		Usr 0 00:00:00, Sys 0 00:00:00  -  Total Local Usage
	0  -  Run Bytes Sent By Job
	0  -  Run Bytes Received By Job
	0  -  Total Bytes Sent By Job
	0  -  Total Bytes Received By Job
	Partitionable Resources :    Usage  Request Allocated 
	   Cpus                 :                 1         1 
	   Disk (KB)            :        1        1    129249 
	   Memory (MB)          :      176     3900      3968 

	Job terminated of its own accord at 2022-03-31T04:58:09Z.
...
006 (127782.004.000) 2022-03-31 13:58:10 Image size of job updated: 690020
	172  -  MemoryUsage of job (MB)
	175672  -  ResidentSetSize of job (KB)
...
005 (127782.004.000) 2022-03-31 13:58:10 Job terminated.
	(1) Normal termination (return value 0)
		Usr 0 00:00:10, Sys 0 00:00:02  -  Run Remote Usage
		Usr 0 00:00:00, Sys 0 00:00:00  -  Run Local Usage
		Usr 0 00:00:10, Sys 0 00:00:02  -  Total Remote Usage
		Usr 0 00:00:00, Sys 0 00:00:00  -  Total Local Usage
	0  -  Run Bytes Sent By Job
	0  -  Run Bytes Received By Job
	0  -  Total Bytes Sent By Job
	0  -  Total Bytes Received By Job
	Partitionable Resources :    Usage  Request Allocated 
	   Cpus                 :                 1         1 
	   Disk (KB)            :        1        1    129249 
	   Memory (MB)          :      172     3900      3968 

	Job terminated of its own accord at 2022-03-31T04:58:10Z.
...
006 (127782.001.000) 2022-03-31 13:58:11 Image size of job updated: 689644
	152  -  MemoryUsage of job (MB)
	154960  -  ResidentSetSize of job (KB)
...
005 (127782.001.000) 2022-03-31 13:58:11 Job terminated.
	(1) Normal termination (return value 0)
		Usr 0 00:00:11, Sys 0 00:00:02  -  Run Remote Usage
		Usr 0 00:00:00, Sys 0 00:00:00  -  Run Local Usage
		Usr 0 00:00:11, Sys 0 00:00:02  -  Total Remote Usage
		Usr 0 00:00:00, Sys 0 00:00:00  -  Total Local Usage
	0  -  Run Bytes Sent By Job
	0  -  Run Bytes Received By Job
	0  -  Total Bytes Sent By Job
	0  -  Total Bytes Received By Job
	Partitionable Resources :    Usage  Request Allocated 
	   Cpus                 :                 1         1 
	   Disk (KB)            :        1        1    129249 
	   Memory (MB)          :      152     3900      3968 

	Job terminated of its own accord at 2022-03-31T04:58:11Z.
...
006 (127782.003.000) 2022-03-31 13:58:12 Image size of job updated: 690120
	171  -  MemoryUsage of job (MB)
	174344  -  ResidentSetSize of job (KB)
...
005 (127782.003.000) 2022-03-31 13:58:12 Job terminated.
	(1) Normal termination (return value 0)
		Usr 0 00:00:12, Sys 0 00:00:02  -  Run Remote Usage
		Usr 0 00:00:00, Sys 0 00:00:00  -  Run Local Usage
		Usr 0 00:00:12, Sys 0 00:00:02  -  Total Remote Usage
		Usr 0 00:00:00, Sys 0 00:00:00  -  Total Local Usage
	0  -  Run Bytes Sent By Job
	0  -  Run Bytes Received By Job
	0  -  Total Bytes Sent By Job
	0  -  Total Bytes Received By Job
	Partitionable Resources :    Usage  Request Allocated 
	   Cpus                 :                 1         1 
	   Disk (KB)            :        1        1    129249 
	   Memory (MB)          :      171     3900      3968 

	Job terminated of its own accord at 2022-03-31T04:58:12Z.
...
006 (127782.005.000) 2022-03-31 13:58:12 Image size of job updated: 686800
	175  -  MemoryUsage of job (MB)
	178784  -  ResidentSetSize of job (KB)
...
005 (127782.005.000) 2022-03-31 13:58:13 Job terminated.
	(1) Normal termination (return value 0)
		Usr 0 00:00:13, Sys 0 00:00:02  -  Run Remote Usage
		Usr 0 00:00:00, Sys 0 00:00:00  -  Run Local Usage
		Usr 0 00:00:13, Sys 0 00:00:02  -  Total Remote Usage
		Usr 0 00:00:00, Sys 0 00:00:00  -  Total Local Usage
	0  -  Run Bytes Sent By Job
	0  -  Run Bytes Received By Job
	0  -  Total Bytes Sent By Job
	0  -  Total Bytes Received By Job
	Partitionable Resources :    Usage  Request Allocated 
	   Cpus                 :                 1         1 
	   Disk (KB)            :        1        1    129249 
	   Memory (MB)          :      175     3900      3968 

	Job terminated of its own accord at 2022-03-31T04:58:12Z.
...
000 (127878.000.000) 2022-03-31 15:14:16 Job submitted from host: <172.30.1.200:9618?addrs=172.30.1.200-9618&alias=tamsa2.snu.ac.kr&noUDP&sock=schedd_3154_f5cb>
...
000 (127878.001.000) 2022-03-31 15:14:16 Job submitted from host: <172.30.1.200:9618?addrs=172.30.1.200-9618&alias=tamsa2.snu.ac.kr&noUDP&sock=schedd_3154_f5cb>
...
000 (127878.002.000) 2022-03-31 15:14:16 Job submitted from host: <172.30.1.200:9618?addrs=172.30.1.200-9618&alias=tamsa2.snu.ac.kr&noUDP&sock=schedd_3154_f5cb>
...
000 (127878.003.000) 2022-03-31 15:14:16 Job submitted from host: <172.30.1.200:9618?addrs=172.30.1.200-9618&alias=tamsa2.snu.ac.kr&noUDP&sock=schedd_3154_f5cb>
...
000 (127878.004.000) 2022-03-31 15:14:16 Job submitted from host: <172.30.1.200:9618?addrs=172.30.1.200-9618&alias=tamsa2.snu.ac.kr&noUDP&sock=schedd_3154_f5cb>
...
000 (127878.005.000) 2022-03-31 15:14:16 Job submitted from host: <172.30.1.200:9618?addrs=172.30.1.200-9618&alias=tamsa2.snu.ac.kr&noUDP&sock=schedd_3154_f5cb>
...
000 (127878.006.000) 2022-03-31 15:14:16 Job submitted from host: <172.30.1.200:9618?addrs=172.30.1.200-9618&alias=tamsa2.snu.ac.kr&noUDP&sock=schedd_3154_f5cb>
...
000 (127878.007.000) 2022-03-31 15:14:16 Job submitted from host: <172.30.1.200:9618?addrs=172.30.1.200-9618&alias=tamsa2.snu.ac.kr&noUDP&sock=schedd_3154_f5cb>
...
000 (127878.008.000) 2022-03-31 15:14:16 Job submitted from host: <172.30.1.200:9618?addrs=172.30.1.200-9618&alias=tamsa2.snu.ac.kr&noUDP&sock=schedd_3154_f5cb>
...
000 (127878.009.000) 2022-03-31 15:14:16 Job submitted from host: <172.30.1.200:9618?addrs=172.30.1.200-9618&alias=tamsa2.snu.ac.kr&noUDP&sock=schedd_3154_f5cb>
...
000 (127878.010.000) 2022-03-31 15:14:16 Job submitted from host: <172.30.1.200:9618?addrs=172.30.1.200-9618&alias=tamsa2.snu.ac.kr&noUDP&sock=schedd_3154_f5cb>
...
000 (127878.011.000) 2022-03-31 15:14:16 Job submitted from host: <172.30.1.200:9618?addrs=172.30.1.200-9618&alias=tamsa2.snu.ac.kr&noUDP&sock=schedd_3154_f5cb>
...
000 (127878.012.000) 2022-03-31 15:14:16 Job submitted from host: <172.30.1.200:9618?addrs=172.30.1.200-9618&alias=tamsa2.snu.ac.kr&noUDP&sock=schedd_3154_f5cb>
...
000 (127878.013.000) 2022-03-31 15:14:16 Job submitted from host: <172.30.1.200:9618?addrs=172.30.1.200-9618&alias=tamsa2.snu.ac.kr&noUDP&sock=schedd_3154_f5cb>
...
000 (127878.014.000) 2022-03-31 15:14:16 Job submitted from host: <172.30.1.200:9618?addrs=172.30.1.200-9618&alias=tamsa2.snu.ac.kr&noUDP&sock=schedd_3154_f5cb>
...
000 (127878.015.000) 2022-03-31 15:14:16 Job submitted from host: <172.30.1.200:9618?addrs=172.30.1.200-9618&alias=tamsa2.snu.ac.kr&noUDP&sock=schedd_3154_f5cb>
...
000 (127878.016.000) 2022-03-31 15:14:16 Job submitted from host: <172.30.1.200:9618?addrs=172.30.1.200-9618&alias=tamsa2.snu.ac.kr&noUDP&sock=schedd_3154_f5cb>
...
000 (127878.017.000) 2022-03-31 15:14:16 Job submitted from host: <172.30.1.200:9618?addrs=172.30.1.200-9618&alias=tamsa2.snu.ac.kr&noUDP&sock=schedd_3154_f5cb>
...
000 (127878.018.000) 2022-03-31 15:14:16 Job submitted from host: <172.30.1.200:9618?addrs=172.30.1.200-9618&alias=tamsa2.snu.ac.kr&noUDP&sock=schedd_3154_f5cb>
...
000 (127878.019.000) 2022-03-31 15:14:16 Job submitted from host: <172.30.1.200:9618?addrs=172.30.1.200-9618&alias=tamsa2.snu.ac.kr&noUDP&sock=schedd_3154_f5cb>
...
001 (127878.009.000) 2022-03-31 15:14:38 Job executing on host: <172.30.1.209:9618?addrs=172.30.1.209-9618&alias=node9&noUDP&sock=startd_3623_a7b6>
...
001 (127878.010.000) 2022-03-31 15:14:38 Job executing on host: <172.30.1.209:9618?addrs=172.30.1.209-9618&alias=node9&noUDP&sock=startd_3623_a7b6>
...
001 (127878.011.000) 2022-03-31 15:14:39 Job executing on host: <172.30.1.209:9618?addrs=172.30.1.209-9618&alias=node9&noUDP&sock=startd_3623_a7b6>
...
001 (127878.012.000) 2022-03-31 15:14:39 Job executing on host: <172.30.1.209:9618?addrs=172.30.1.209-9618&alias=node9&noUDP&sock=startd_3623_a7b6>
...
001 (127878.013.000) 2022-03-31 15:14:39 Job executing on host: <172.30.1.209:9618?addrs=172.30.1.209-9618&alias=node9&noUDP&sock=startd_3623_a7b6>
...
001 (127878.014.000) 2022-03-31 15:14:39 Job executing on host: <172.30.1.209:9618?addrs=172.30.1.209-9618&alias=node9&noUDP&sock=startd_3623_a7b6>
...
001 (127878.015.000) 2022-03-31 15:14:39 Job executing on host: <172.30.1.209:9618?addrs=172.30.1.209-9618&alias=node9&noUDP&sock=startd_3623_a7b6>
...
001 (127878.016.000) 2022-03-31 15:14:39 Job executing on host: <172.30.1.209:9618?addrs=172.30.1.209-9618&alias=node9&noUDP&sock=startd_3623_a7b6>
...
001 (127878.017.000) 2022-03-31 15:14:39 Job executing on host: <172.30.1.209:9618?addrs=172.30.1.209-9618&alias=node9&noUDP&sock=startd_3623_a7b6>
...
001 (127878.018.000) 2022-03-31 15:14:39 Job executing on host: <172.30.1.209:9618?addrs=172.30.1.209-9618&alias=node9&noUDP&sock=startd_3623_a7b6>
...
001 (127878.019.000) 2022-03-31 15:14:39 Job executing on host: <172.30.1.209:9618?addrs=172.30.1.209-9618&alias=node9&noUDP&sock=startd_3623_a7b6>
...
001 (127878.001.000) 2022-03-31 15:14:40 Job executing on host: <172.30.1.206:9618?addrs=172.30.1.206-9618&alias=node6&noUDP&sock=startd_38667_ec9e>
...
001 (127878.002.000) 2022-03-31 15:14:41 Job executing on host: <172.30.1.206:9618?addrs=172.30.1.206-9618&alias=node6&noUDP&sock=startd_38667_ec9e>
...
001 (127878.000.000) 2022-03-31 15:14:41 Job executing on host: <172.30.1.206:9618?addrs=172.30.1.206-9618&alias=node6&noUDP&sock=startd_38667_ec9e>
...
001 (127878.003.000) 2022-03-31 15:14:41 Job executing on host: <172.30.1.206:9618?addrs=172.30.1.206-9618&alias=node6&noUDP&sock=startd_38667_ec9e>
...
001 (127878.004.000) 2022-03-31 15:14:41 Job executing on host: <172.30.1.206:9618?addrs=172.30.1.206-9618&alias=node6&noUDP&sock=startd_38667_ec9e>
...
001 (127878.005.000) 2022-03-31 15:14:41 Job executing on host: <172.30.1.206:9618?addrs=172.30.1.206-9618&alias=node6&noUDP&sock=startd_38667_ec9e>
...
001 (127878.007.000) 2022-03-31 15:14:41 Job executing on host: <172.30.1.206:9618?addrs=172.30.1.206-9618&alias=node6&noUDP&sock=startd_38667_ec9e>
...
001 (127878.006.000) 2022-03-31 15:14:41 Job executing on host: <172.30.1.206:9618?addrs=172.30.1.206-9618&alias=node6&noUDP&sock=startd_38667_ec9e>
...
001 (127878.008.000) 2022-03-31 15:14:41 Job executing on host: <172.30.1.206:9618?addrs=172.30.1.206-9618&alias=node6&noUDP&sock=startd_38667_ec9e>
...
006 (127878.010.000) 2022-03-31 15:14:47 Image size of job updated: 425308
	184  -  MemoryUsage of job (MB)
	187668  -  ResidentSetSize of job (KB)
...
006 (127878.011.000) 2022-03-31 15:14:47 Image size of job updated: 421408
	184  -  MemoryUsage of job (MB)
	187672  -  ResidentSetSize of job (KB)
...
006 (127878.012.000) 2022-03-31 15:14:47 Image size of job updated: 447268
	184  -  MemoryUsage of job (MB)
	187692  -  ResidentSetSize of job (KB)
...
006 (127878.013.000) 2022-03-31 15:14:47 Image size of job updated: 425060
	184  -  MemoryUsage of job (MB)
	188060  -  ResidentSetSize of job (KB)
...
006 (127878.014.000) 2022-03-31 15:14:47 Image size of job updated: 447268
	185  -  MemoryUsage of job (MB)
	188480  -  ResidentSetSize of job (KB)
...
006 (127878.015.000) 2022-03-31 15:14:47 Image size of job updated: 421252
	185  -  MemoryUsage of job (MB)
	188472  -  ResidentSetSize of job (KB)
...
006 (127878.009.000) 2022-03-31 15:14:47 Image size of job updated: 425312
	185  -  MemoryUsage of job (MB)
	188460  -  ResidentSetSize of job (KB)
...
006 (127878.016.000) 2022-03-31 15:14:48 Image size of job updated: 422664
	185  -  MemoryUsage of job (MB)
	188464  -  ResidentSetSize of job (KB)
...
006 (127878.017.000) 2022-03-31 15:14:48 Image size of job updated: 425056
	185  -  MemoryUsage of job (MB)
	189036  -  ResidentSetSize of job (KB)
...
006 (127878.018.000) 2022-03-31 15:14:48 Image size of job updated: 425568
	185  -  MemoryUsage of job (MB)
	188472  -  ResidentSetSize of job (KB)
...
006 (127878.019.000) 2022-03-31 15:14:48 Image size of job updated: 423336
	185  -  MemoryUsage of job (MB)
	189000  -  ResidentSetSize of job (KB)
...
006 (127878.002.000) 2022-03-31 15:14:49 Image size of job updated: 183044
	163  -  MemoryUsage of job (MB)
	166176  -  ResidentSetSize of job (KB)
...
006 (127878.000.000) 2022-03-31 15:14:49 Image size of job updated: 173068
	164  -  MemoryUsage of job (MB)
	167664  -  ResidentSetSize of job (KB)
...
006 (127878.003.000) 2022-03-31 15:14:49 Image size of job updated: 171756
	167  -  MemoryUsage of job (MB)
	170084  -  ResidentSetSize of job (KB)
...
006 (127878.004.000) 2022-03-31 15:14:49 Image size of job updated: 175892
	168  -  MemoryUsage of job (MB)
	171508  -  ResidentSetSize of job (KB)
...
006 (127878.005.000) 2022-03-31 15:14:49 Image size of job updated: 181076
	170  -  MemoryUsage of job (MB)
	173784  -  ResidentSetSize of job (KB)
...
006 (127878.001.000) 2022-03-31 15:14:50 Image size of job updated: 185840
	179  -  MemoryUsage of job (MB)
	183036  -  ResidentSetSize of job (KB)
...
006 (127878.007.000) 2022-03-31 15:14:50 Image size of job updated: 192760
	180  -  MemoryUsage of job (MB)
	183804  -  ResidentSetSize of job (KB)
...
006 (127878.006.000) 2022-03-31 15:14:50 Image size of job updated: 191852
	179  -  MemoryUsage of job (MB)
	183032  -  ResidentSetSize of job (KB)
...
006 (127878.008.000) 2022-03-31 15:14:50 Image size of job updated: 193808
	184  -  MemoryUsage of job (MB)
	187492  -  ResidentSetSize of job (KB)
...
005 (127878.017.000) 2022-03-31 15:14:54 Job terminated.
	(1) Normal termination (return value 0)
		Usr 0 00:00:09, Sys 0 00:00:02  -  Run Remote Usage
		Usr 0 00:00:00, Sys 0 00:00:00  -  Run Local Usage
		Usr 0 00:00:09, Sys 0 00:00:02  -  Total Remote Usage
		Usr 0 00:00:00, Sys 0 00:00:00  -  Total Local Usage
	0  -  Run Bytes Sent By Job
	0  -  Run Bytes Received By Job
	0  -  Total Bytes Sent By Job
	0  -  Total Bytes Received By Job
	Partitionable Resources :    Usage  Request Allocated 
	   Cpus                 :                 1         1 
	   Disk (KB)            :        1        1    129249 
	   Memory (MB)          :      185     3900      3968 

	Job terminated of its own accord at 2022-03-31T06:14:54Z.
...
006 (127878.015.000) 2022-03-31 15:14:55 Image size of job updated: 687112
	185  -  MemoryUsage of job (MB)
	188472  -  ResidentSetSize of job (KB)
...
005 (127878.015.000) 2022-03-31 15:14:55 Job terminated.
	(1) Normal termination (return value 0)
		Usr 0 00:00:11, Sys 0 00:00:01  -  Run Remote Usage
		Usr 0 00:00:00, Sys 0 00:00:00  -  Run Local Usage
		Usr 0 00:00:11, Sys 0 00:00:01  -  Total Remote Usage
		Usr 0 00:00:00, Sys 0 00:00:00  -  Total Local Usage
	0  -  Run Bytes Sent By Job
	0  -  Run Bytes Received By Job
	0  -  Total Bytes Sent By Job
	0  -  Total Bytes Received By Job
	Partitionable Resources :    Usage  Request Allocated 
	   Cpus                 :                 1         1 
	   Disk (KB)            :        1        1    129249 
	   Memory (MB)          :      185     3900      3968 

	Job terminated of its own accord at 2022-03-31T06:14:55Z.
...
006 (127878.011.000) 2022-03-31 15:14:55 Image size of job updated: 690152
	184  -  MemoryUsage of job (MB)
	187672  -  ResidentSetSize of job (KB)
...
005 (127878.011.000) 2022-03-31 15:14:55 Job terminated.
	(1) Normal termination (return value 0)
		Usr 0 00:00:11, Sys 0 00:00:02  -  Run Remote Usage
		Usr 0 00:00:00, Sys 0 00:00:00  -  Run Local Usage
		Usr 0 00:00:11, Sys 0 00:00:02  -  Total Remote Usage
		Usr 0 00:00:00, Sys 0 00:00:00  -  Total Local Usage
	0  -  Run Bytes Sent By Job
	0  -  Run Bytes Received By Job
	0  -  Total Bytes Sent By Job
	0  -  Total Bytes Received By Job
	Partitionable Resources :    Usage  Request Allocated 
	   Cpus                 :                 1         1 
	   Disk (KB)            :        1        1    129249 
	   Memory (MB)          :      184     3900      3968 

	Job terminated of its own accord at 2022-03-31T06:14:55Z.
...
006 (127878.019.000) 2022-03-31 15:14:56 Image size of job updated: 692224
	185  -  MemoryUsage of job (MB)
	189000  -  ResidentSetSize of job (KB)
...
005 (127878.019.000) 2022-03-31 15:14:56 Job terminated.
	(1) Normal termination (return value 0)
		Usr 0 00:00:11, Sys 0 00:00:02  -  Run Remote Usage
		Usr 0 00:00:00, Sys 0 00:00:00  -  Run Local Usage
		Usr 0 00:00:11, Sys 0 00:00:02  -  Total Remote Usage
		Usr 0 00:00:00, Sys 0 00:00:00  -  Total Local Usage
	0  -  Run Bytes Sent By Job
	0  -  Run Bytes Received By Job
	0  -  Total Bytes Sent By Job
	0  -  Total Bytes Received By Job
	Partitionable Resources :    Usage  Request Allocated 
	   Cpus                 :                 1         1 
	   Disk (KB)            :        1        1    129249 
	   Memory (MB)          :      185     3900      3968 

	Job terminated of its own accord at 2022-03-31T06:14:56Z.
...
006 (127878.012.000) 2022-03-31 15:14:56 Image size of job updated: 691676
	184  -  MemoryUsage of job (MB)
	187692  -  ResidentSetSize of job (KB)
...
006 (127878.002.000) 2022-03-31 15:14:56 Image size of job updated: 687036
	163  -  MemoryUsage of job (MB)
	166176  -  ResidentSetSize of job (KB)
...
005 (127878.012.000) 2022-03-31 15:14:56 Job terminated.
	(1) Normal termination (return value 0)
		Usr 0 00:00:11, Sys 0 00:00:02  -  Run Remote Usage
		Usr 0 00:00:00, Sys 0 00:00:00  -  Run Local Usage
		Usr 0 00:00:11, Sys 0 00:00:02  -  Total Remote Usage
		Usr 0 00:00:00, Sys 0 00:00:00  -  Total Local Usage
	0  -  Run Bytes Sent By Job
	0  -  Run Bytes Received By Job
	0  -  Total Bytes Sent By Job
	0  -  Total Bytes Received By Job
	Partitionable Resources :    Usage  Request Allocated 
	   Cpus                 :                 1         1 
	   Disk (KB)            :        1        1    129249 
	   Memory (MB)          :      184     3900      3968 

	Job terminated of its own accord at 2022-03-31T06:14:56Z.
...
005 (127878.002.000) 2022-03-31 15:14:56 Job terminated.
	(1) Normal termination (return value 0)
		Usr 0 00:00:08, Sys 0 00:00:02  -  Run Remote Usage
		Usr 0 00:00:00, Sys 0 00:00:00  -  Run Local Usage
		Usr 0 00:00:08, Sys 0 00:00:02  -  Total Remote Usage
		Usr 0 00:00:00, Sys 0 00:00:00  -  Total Local Usage
	0  -  Run Bytes Sent By Job
	0  -  Run Bytes Received By Job
	0  -  Total Bytes Sent By Job
	0  -  Total Bytes Received By Job
	Partitionable Resources :    Usage  Request Allocated 
	   Cpus                 :                 1         1 
	   Disk (KB)            :        1        1     89980 
	   Memory (MB)          :      163     3900      3968 

	Job terminated of its own accord at 2022-03-31T06:14:56Z.
...
006 (127878.009.000) 2022-03-31 15:14:56 Image size of job updated: 692160
	185  -  MemoryUsage of job (MB)
	188460  -  ResidentSetSize of job (KB)
...
005 (127878.009.000) 2022-03-31 15:14:56 Job terminated.
	(1) Normal termination (return value 0)
		Usr 0 00:00:12, Sys 0 00:00:02  -  Run Remote Usage
		Usr 0 00:00:00, Sys 0 00:00:00  -  Run Local Usage
		Usr 0 00:00:12, Sys 0 00:00:02  -  Total Remote Usage
		Usr 0 00:00:00, Sys 0 00:00:00  -  Total Local Usage
	0  -  Run Bytes Sent By Job
	0  -  Run Bytes Received By Job
	0  -  Total Bytes Sent By Job
	0  -  Total Bytes Received By Job
	Partitionable Resources :    Usage  Request Allocated 
	   Cpus                 :                 1         1 
	   Disk (KB)            :        1        1    129249 
	   Memory (MB)          :      185     3900      3968 

	Job terminated of its own accord at 2022-03-31T06:14:56Z.
...
006 (127878.014.000) 2022-03-31 15:14:57 Image size of job updated: 692288
	185  -  MemoryUsage of job (MB)
	188480  -  ResidentSetSize of job (KB)
...
005 (127878.014.000) 2022-03-31 15:14:57 Job terminated.
	(1) Normal termination (return value 0)
		Usr 0 00:00:13, Sys 0 00:00:01  -  Run Remote Usage
		Usr 0 00:00:00, Sys 0 00:00:00  -  Run Local Usage
		Usr 0 00:00:13, Sys 0 00:00:01  -  Total Remote Usage
		Usr 0 00:00:00, Sys 0 00:00:00  -  Total Local Usage
	0  -  Run Bytes Sent By Job
	0  -  Run Bytes Received By Job
	0  -  Total Bytes Sent By Job
	0  -  Total Bytes Received By Job
	Partitionable Resources :    Usage  Request Allocated 
	   Cpus                 :                 1         1 
	   Disk (KB)            :        1        1    129249 
	   Memory (MB)          :      185     3900      3968 

	Job terminated of its own accord at 2022-03-31T06:14:57Z.
...
006 (127878.008.000) 2022-03-31 15:14:57 Image size of job updated: 687196
	184  -  MemoryUsage of job (MB)
	187492  -  ResidentSetSize of job (KB)
...
005 (127878.008.000) 2022-03-31 15:14:57 Job terminated.
	(1) Normal termination (return value 0)
		Usr 0 00:00:09, Sys 0 00:00:02  -  Run Remote Usage
		Usr 0 00:00:00, Sys 0 00:00:00  -  Run Local Usage
		Usr 0 00:00:09, Sys 0 00:00:02  -  Total Remote Usage
		Usr 0 00:00:00, Sys 0 00:00:00  -  Total Local Usage
	0  -  Run Bytes Sent By Job
	0  -  Run Bytes Received By Job
	0  -  Total Bytes Sent By Job
	0  -  Total Bytes Received By Job
	Partitionable Resources :    Usage  Request Allocated 
	   Cpus                 :                 1         1 
	   Disk (KB)            :        1        1     89980 
	   Memory (MB)          :      184     3900      3968 

	Job terminated of its own accord at 2022-03-31T06:14:57Z.
...
006 (127878.007.000) 2022-03-31 15:15:00 Image size of job updated: 687140
	180  -  MemoryUsage of job (MB)
	183804  -  ResidentSetSize of job (KB)
...
005 (127878.007.000) 2022-03-31 15:15:00 Job terminated.
	(1) Normal termination (return value 0)
		Usr 0 00:00:11, Sys 0 00:00:02  -  Run Remote Usage
		Usr 0 00:00:00, Sys 0 00:00:00  -  Run Local Usage
		Usr 0 00:00:11, Sys 0 00:00:02  -  Total Remote Usage
		Usr 0 00:00:00, Sys 0 00:00:00  -  Total Local Usage
	0  -  Run Bytes Sent By Job
	0  -  Run Bytes Received By Job
	0  -  Total Bytes Sent By Job
	0  -  Total Bytes Received By Job
	Partitionable Resources :    Usage  Request Allocated 
	   Cpus                 :                 1         1 
	   Disk (KB)            :        1        1     89980 
	   Memory (MB)          :      180     3900      3968 

	Job terminated of its own accord at 2022-03-31T06:15:00Z.
...
006 (127878.000.000) 2022-03-31 15:15:00 Image size of job updated: 687196
	164  -  MemoryUsage of job (MB)
	167664  -  ResidentSetSize of job (KB)
...
005 (127878.000.000) 2022-03-31 15:15:00 Job terminated.
	(1) Normal termination (return value 0)
		Usr 0 00:00:11, Sys 0 00:00:02  -  Run Remote Usage
		Usr 0 00:00:00, Sys 0 00:00:00  -  Run Local Usage
		Usr 0 00:00:11, Sys 0 00:00:02  -  Total Remote Usage
		Usr 0 00:00:00, Sys 0 00:00:00  -  Total Local Usage
	0  -  Run Bytes Sent By Job
	0  -  Run Bytes Received By Job
	0  -  Total Bytes Sent By Job
	0  -  Total Bytes Received By Job
	Partitionable Resources :    Usage  Request Allocated 
	   Cpus                 :                 1         1 
	   Disk (KB)            :        1        1     89980 
	   Memory (MB)          :      164     3900      3968 

	Job terminated of its own accord at 2022-03-31T06:15:00Z.
...
006 (127878.016.000) 2022-03-31 15:15:00 Image size of job updated: 691984
	185  -  MemoryUsage of job (MB)
	188464  -  ResidentSetSize of job (KB)
...
005 (127878.016.000) 2022-03-31 15:15:00 Job terminated.
	(1) Normal termination (return value 0)
		Usr 0 00:00:16, Sys 0 00:00:02  -  Run Remote Usage
		Usr 0 00:00:00, Sys 0 00:00:00  -  Run Local Usage
		Usr 0 00:00:16, Sys 0 00:00:02  -  Total Remote Usage
		Usr 0 00:00:00, Sys 0 00:00:00  -  Total Local Usage
	0  -  Run Bytes Sent By Job
	0  -  Run Bytes Received By Job
	0  -  Total Bytes Sent By Job
	0  -  Total Bytes Received By Job
	Partitionable Resources :    Usage  Request Allocated 
	   Cpus                 :                 1         1 
	   Disk (KB)            :        1        1    129249 
	   Memory (MB)          :      185     3900      3968 

	Job terminated of its own accord at 2022-03-31T06:15:00Z.
...
006 (127878.001.000) 2022-03-31 15:15:01 Image size of job updated: 687200
	179  -  MemoryUsage of job (MB)
	183040  -  ResidentSetSize of job (KB)
...
005 (127878.001.000) 2022-03-31 15:15:01 Job terminated.
	(1) Normal termination (return value 0)
		Usr 0 00:00:12, Sys 0 00:00:02  -  Run Remote Usage
		Usr 0 00:00:00, Sys 0 00:00:00  -  Run Local Usage
		Usr 0 00:00:12, Sys 0 00:00:02  -  Total Remote Usage
		Usr 0 00:00:00, Sys 0 00:00:00  -  Total Local Usage
	0  -  Run Bytes Sent By Job
	0  -  Run Bytes Received By Job
	0  -  Total Bytes Sent By Job
	0  -  Total Bytes Received By Job
	Partitionable Resources :    Usage  Request Allocated 
	   Cpus                 :                 1         1 
	   Disk (KB)            :        1        1     89980 
	   Memory (MB)          :      179     3900      3968 

	Job terminated of its own accord at 2022-03-31T06:15:01Z.
...
006 (127878.013.000) 2022-03-31 15:15:01 Image size of job updated: 693452
	184  -  MemoryUsage of job (MB)
	188060  -  ResidentSetSize of job (KB)
...
005 (127878.013.000) 2022-03-31 15:15:01 Job terminated.
	(1) Normal termination (return value 0)
		Usr 0 00:00:16, Sys 0 00:00:02  -  Run Remote Usage
		Usr 0 00:00:00, Sys 0 00:00:00  -  Run Local Usage
		Usr 0 00:00:16, Sys 0 00:00:02  -  Total Remote Usage
		Usr 0 00:00:00, Sys 0 00:00:00  -  Total Local Usage
	0  -  Run Bytes Sent By Job
	0  -  Run Bytes Received By Job
	0  -  Total Bytes Sent By Job
	0  -  Total Bytes Received By Job
	Partitionable Resources :    Usage  Request Allocated 
	   Cpus                 :                 1         1 
	   Disk (KB)            :        1        1    129249 
	   Memory (MB)          :      184     3900      3968 

	Job terminated of its own accord at 2022-03-31T06:15:01Z.
...
006 (127878.006.000) 2022-03-31 15:15:02 Image size of job updated: 687180
	179  -  MemoryUsage of job (MB)
	183032  -  ResidentSetSize of job (KB)
...
005 (127878.006.000) 2022-03-31 15:15:02 Job terminated.
	(1) Normal termination (return value 0)
		Usr 0 00:00:14, Sys 0 00:00:02  -  Run Remote Usage
		Usr 0 00:00:00, Sys 0 00:00:00  -  Run Local Usage
		Usr 0 00:00:14, Sys 0 00:00:02  -  Total Remote Usage
		Usr 0 00:00:00, Sys 0 00:00:00  -  Total Local Usage
	0  -  Run Bytes Sent By Job
	0  -  Run Bytes Received By Job
	0  -  Total Bytes Sent By Job
	0  -  Total Bytes Received By Job
	Partitionable Resources :    Usage  Request Allocated 
	   Cpus                 :                 1         1 
	   Disk (KB)            :        1        1     89980 
	   Memory (MB)          :      179     3900      3968 

	Job terminated of its own accord at 2022-03-31T06:15:02Z.
...
006 (127878.018.000) 2022-03-31 15:15:03 Image size of job updated: 692248
	185  -  MemoryUsage of job (MB)
	188472  -  ResidentSetSize of job (KB)
...
005 (127878.018.000) 2022-03-31 15:15:03 Job terminated.
	(1) Normal termination (return value 0)
		Usr 0 00:00:19, Sys 0 00:00:01  -  Run Remote Usage
		Usr 0 00:00:00, Sys 0 00:00:00  -  Run Local Usage
		Usr 0 00:00:19, Sys 0 00:00:01  -  Total Remote Usage
		Usr 0 00:00:00, Sys 0 00:00:00  -  Total Local Usage
	0  -  Run Bytes Sent By Job
	0  -  Run Bytes Received By Job
	0  -  Total Bytes Sent By Job
	0  -  Total Bytes Received By Job
	Partitionable Resources :    Usage  Request Allocated 
	   Cpus                 :                 1         1 
	   Disk (KB)            :        1        1    129249 
	   Memory (MB)          :      185     3900      3968 

	Job terminated of its own accord at 2022-03-31T06:15:03Z.
...
006 (127878.010.000) 2022-03-31 15:15:04 Image size of job updated: 690688
	184  -  MemoryUsage of job (MB)
	187668  -  ResidentSetSize of job (KB)
...
005 (127878.010.000) 2022-03-31 15:15:04 Job terminated.
	(1) Normal termination (return value 0)
		Usr 0 00:00:19, Sys 0 00:00:02  -  Run Remote Usage
		Usr 0 00:00:00, Sys 0 00:00:00  -  Run Local Usage
		Usr 0 00:00:19, Sys 0 00:00:02  -  Total Remote Usage
		Usr 0 00:00:00, Sys 0 00:00:00  -  Total Local Usage
	0  -  Run Bytes Sent By Job
	0  -  Run Bytes Received By Job
	0  -  Total Bytes Sent By Job
	0  -  Total Bytes Received By Job
	Partitionable Resources :    Usage  Request Allocated 
	   Cpus                 :                 1         1 
	   Disk (KB)            :        1        1    129249 
	   Memory (MB)          :      184     3900      3968 

	Job terminated of its own accord at 2022-03-31T06:15:04Z.
...
006 (127878.003.000) 2022-03-31 15:15:05 Image size of job updated: 691748
	167  -  MemoryUsage of job (MB)
	170088  -  ResidentSetSize of job (KB)
...
005 (127878.003.000) 2022-03-31 15:15:05 Job terminated.
	(1) Normal termination (return value 0)
		Usr 0 00:00:17, Sys 0 00:00:02  -  Run Remote Usage
		Usr 0 00:00:00, Sys 0 00:00:00  -  Run Local Usage
		Usr 0 00:00:17, Sys 0 00:00:02  -  Total Remote Usage
		Usr 0 00:00:00, Sys 0 00:00:00  -  Total Local Usage
	0  -  Run Bytes Sent By Job
	0  -  Run Bytes Received By Job
	0  -  Total Bytes Sent By Job
	0  -  Total Bytes Received By Job
	Partitionable Resources :    Usage  Request Allocated 
	   Cpus                 :                 1         1 
	   Disk (KB)            :        1        1     89980 
	   Memory (MB)          :      167     3900      3968 

	Job terminated of its own accord at 2022-03-31T06:15:05Z.
...
006 (127878.005.000) 2022-03-31 15:15:07 Image size of job updated: 692604
	170  -  MemoryUsage of job (MB)
	173784  -  ResidentSetSize of job (KB)
...
005 (127878.005.000) 2022-03-31 15:15:08 Job terminated.
	(1) Normal termination (return value 0)
		Usr 0 00:00:18, Sys 0 00:00:02  -  Run Remote Usage
		Usr 0 00:00:00, Sys 0 00:00:00  -  Run Local Usage
		Usr 0 00:00:18, Sys 0 00:00:02  -  Total Remote Usage
		Usr 0 00:00:00, Sys 0 00:00:00  -  Total Local Usage
	0  -  Run Bytes Sent By Job
	0  -  Run Bytes Received By Job
	0  -  Total Bytes Sent By Job
	0  -  Total Bytes Received By Job
	Partitionable Resources :    Usage  Request Allocated 
	   Cpus                 :                 1         1 
	   Disk (KB)            :        1        1     89980 
	   Memory (MB)          :      170     3900      3968 

	Job terminated of its own accord at 2022-03-31T06:15:07Z.
...
006 (127878.004.000) 2022-03-31 15:15:08 Image size of job updated: 692828
	168  -  MemoryUsage of job (MB)
	171528  -  ResidentSetSize of job (KB)
...
005 (127878.004.000) 2022-03-31 15:15:08 Job terminated.
	(1) Normal termination (return value 0)
		Usr 0 00:00:19, Sys 0 00:00:02  -  Run Remote Usage
		Usr 0 00:00:00, Sys 0 00:00:00  -  Run Local Usage
		Usr 0 00:00:19, Sys 0 00:00:02  -  Total Remote Usage
		Usr 0 00:00:00, Sys 0 00:00:00  -  Total Local Usage
	0  -  Run Bytes Sent By Job
	0  -  Run Bytes Received By Job
	0  -  Total Bytes Sent By Job
	0  -  Total Bytes Received By Job
	Partitionable Resources :    Usage  Request Allocated 
	   Cpus                 :                 1         1 
	   Disk (KB)            :        1        1     89980 
	   Memory (MB)          :      168     3900      3968 

	Job terminated of its own accord at 2022-03-31T06:15:08Z.
...
