000 (126779.000.000) 2022-03-30 13:38:34 Job submitted from host: <172.30.1.200:9618?addrs=172.30.1.200-9618&alias=tamsa2.snu.ac.kr&noUDP&sock=schedd_3154_f5cb>
...
000 (126779.001.000) 2022-03-30 13:38:34 Job submitted from host: <172.30.1.200:9618?addrs=172.30.1.200-9618&alias=tamsa2.snu.ac.kr&noUDP&sock=schedd_3154_f5cb>
...
000 (126779.002.000) 2022-03-30 13:38:34 Job submitted from host: <172.30.1.200:9618?addrs=172.30.1.200-9618&alias=tamsa2.snu.ac.kr&noUDP&sock=schedd_3154_f5cb>
...
000 (126779.003.000) 2022-03-30 13:38:34 Job submitted from host: <172.30.1.200:9618?addrs=172.30.1.200-9618&alias=tamsa2.snu.ac.kr&noUDP&sock=schedd_3154_f5cb>
...
000 (126779.004.000) 2022-03-30 13:38:34 Job submitted from host: <172.30.1.200:9618?addrs=172.30.1.200-9618&alias=tamsa2.snu.ac.kr&noUDP&sock=schedd_3154_f5cb>
...
000 (126779.005.000) 2022-03-30 13:38:34 Job submitted from host: <172.30.1.200:9618?addrs=172.30.1.200-9618&alias=tamsa2.snu.ac.kr&noUDP&sock=schedd_3154_f5cb>
...
000 (126779.006.000) 2022-03-30 13:38:34 Job submitted from host: <172.30.1.200:9618?addrs=172.30.1.200-9618&alias=tamsa2.snu.ac.kr&noUDP&sock=schedd_3154_f5cb>
...
000 (126779.007.000) 2022-03-30 13:38:34 Job submitted from host: <172.30.1.200:9618?addrs=172.30.1.200-9618&alias=tamsa2.snu.ac.kr&noUDP&sock=schedd_3154_f5cb>
...
000 (126779.008.000) 2022-03-30 13:38:34 Job submitted from host: <172.30.1.200:9618?addrs=172.30.1.200-9618&alias=tamsa2.snu.ac.kr&noUDP&sock=schedd_3154_f5cb>
...
000 (126779.009.000) 2022-03-30 13:38:34 Job submitted from host: <172.30.1.200:9618?addrs=172.30.1.200-9618&alias=tamsa2.snu.ac.kr&noUDP&sock=schedd_3154_f5cb>
...
000 (126779.010.000) 2022-03-30 13:38:34 Job submitted from host: <172.30.1.200:9618?addrs=172.30.1.200-9618&alias=tamsa2.snu.ac.kr&noUDP&sock=schedd_3154_f5cb>
...
000 (126779.011.000) 2022-03-30 13:38:34 Job submitted from host: <172.30.1.200:9618?addrs=172.30.1.200-9618&alias=tamsa2.snu.ac.kr&noUDP&sock=schedd_3154_f5cb>
...
000 (126779.012.000) 2022-03-30 13:38:34 Job submitted from host: <172.30.1.200:9618?addrs=172.30.1.200-9618&alias=tamsa2.snu.ac.kr&noUDP&sock=schedd_3154_f5cb>
...
000 (126779.013.000) 2022-03-30 13:38:34 Job submitted from host: <172.30.1.200:9618?addrs=172.30.1.200-9618&alias=tamsa2.snu.ac.kr&noUDP&sock=schedd_3154_f5cb>
...
000 (126779.014.000) 2022-03-30 13:38:34 Job submitted from host: <172.30.1.200:9618?addrs=172.30.1.200-9618&alias=tamsa2.snu.ac.kr&noUDP&sock=schedd_3154_f5cb>
...
000 (126779.015.000) 2022-03-30 13:38:34 Job submitted from host: <172.30.1.200:9618?addrs=172.30.1.200-9618&alias=tamsa2.snu.ac.kr&noUDP&sock=schedd_3154_f5cb>
...
000 (126779.016.000) 2022-03-30 13:38:34 Job submitted from host: <172.30.1.200:9618?addrs=172.30.1.200-9618&alias=tamsa2.snu.ac.kr&noUDP&sock=schedd_3154_f5cb>
...
000 (126779.017.000) 2022-03-30 13:38:34 Job submitted from host: <172.30.1.200:9618?addrs=172.30.1.200-9618&alias=tamsa2.snu.ac.kr&noUDP&sock=schedd_3154_f5cb>
...
000 (126779.018.000) 2022-03-30 13:38:34 Job submitted from host: <172.30.1.200:9618?addrs=172.30.1.200-9618&alias=tamsa2.snu.ac.kr&noUDP&sock=schedd_3154_f5cb>
...
000 (126779.019.000) 2022-03-30 13:38:34 Job submitted from host: <172.30.1.200:9618?addrs=172.30.1.200-9618&alias=tamsa2.snu.ac.kr&noUDP&sock=schedd_3154_f5cb>
...
001 (126779.000.000) 2022-03-30 13:38:44 Job executing on host: <172.30.1.205:9618?addrs=172.30.1.205-9618&alias=node5&noUDP&sock=startd_3654_eb26>
...
001 (126779.002.000) 2022-03-30 13:38:44 Job executing on host: <172.30.1.205:9618?addrs=172.30.1.205-9618&alias=node5&noUDP&sock=startd_3654_eb26>
...
001 (126779.001.000) 2022-03-30 13:38:44 Job executing on host: <172.30.1.205:9618?addrs=172.30.1.205-9618&alias=node5&noUDP&sock=startd_3654_eb26>
...
001 (126779.003.000) 2022-03-30 13:38:44 Job executing on host: <172.30.1.205:9618?addrs=172.30.1.205-9618&alias=node5&noUDP&sock=startd_3654_eb26>
...
001 (126779.004.000) 2022-03-30 13:38:44 Job executing on host: <172.30.1.205:9618?addrs=172.30.1.205-9618&alias=node5&noUDP&sock=startd_3654_eb26>
...
001 (126779.005.000) 2022-03-30 13:38:44 Job executing on host: <172.30.1.205:9618?addrs=172.30.1.205-9618&alias=node5&noUDP&sock=startd_3654_eb26>
...
001 (126779.006.000) 2022-03-30 13:38:44 Job executing on host: <172.30.1.205:9618?addrs=172.30.1.205-9618&alias=node5&noUDP&sock=startd_3654_eb26>
...
001 (126779.007.000) 2022-03-30 13:38:44 Job executing on host: <172.30.1.205:9618?addrs=172.30.1.205-9618&alias=node5&noUDP&sock=startd_3654_eb26>
...
001 (126779.008.000) 2022-03-30 13:38:44 Job executing on host: <172.30.1.205:9618?addrs=172.30.1.205-9618&alias=node5&noUDP&sock=startd_3654_eb26>
...
001 (126779.009.000) 2022-03-30 13:38:44 Job executing on host: <172.30.1.205:9618?addrs=172.30.1.205-9618&alias=node5&noUDP&sock=startd_3654_eb26>
...
001 (126779.010.000) 2022-03-30 13:38:44 Job executing on host: <172.30.1.205:9618?addrs=172.30.1.205-9618&alias=node5&noUDP&sock=startd_3654_eb26>
...
001 (126779.011.000) 2022-03-30 13:38:44 Job executing on host: <172.30.1.205:9618?addrs=172.30.1.205-9618&alias=node5&noUDP&sock=startd_3654_eb26>
...
001 (126779.012.000) 2022-03-30 13:38:45 Job executing on host: <172.30.1.205:9618?addrs=172.30.1.205-9618&alias=node5&noUDP&sock=startd_3654_eb26>
...
001 (126779.013.000) 2022-03-30 13:38:45 Job executing on host: <172.30.1.205:9618?addrs=172.30.1.205-9618&alias=node5&noUDP&sock=startd_3654_eb26>
...
001 (126779.014.000) 2022-03-30 13:38:45 Job executing on host: <172.30.1.205:9618?addrs=172.30.1.205-9618&alias=node5&noUDP&sock=startd_3654_eb26>
...
001 (126779.015.000) 2022-03-30 13:38:45 Job executing on host: <172.30.1.205:9618?addrs=172.30.1.205-9618&alias=node5&noUDP&sock=startd_3654_eb26>
...
001 (126779.016.000) 2022-03-30 13:38:45 Job executing on host: <172.30.1.205:9618?addrs=172.30.1.205-9618&alias=node5&noUDP&sock=startd_3654_eb26>
...
001 (126779.017.000) 2022-03-30 13:38:45 Job executing on host: <172.30.1.205:9618?addrs=172.30.1.205-9618&alias=node5&noUDP&sock=startd_3654_eb26>
...
001 (126779.018.000) 2022-03-30 13:38:45 Job executing on host: <172.30.1.205:9618?addrs=172.30.1.205-9618&alias=node5&noUDP&sock=startd_3654_eb26>
...
001 (126779.019.000) 2022-03-30 13:38:45 Job executing on host: <172.30.1.205:9618?addrs=172.30.1.205-9618&alias=node5&noUDP&sock=startd_3654_eb26>
...
006 (126779.000.000) 2022-03-30 13:38:52 Image size of job updated: 551212
	152  -  MemoryUsage of job (MB)
	154884  -  ResidentSetSize of job (KB)
...
006 (126779.002.000) 2022-03-30 13:38:52 Image size of job updated: 551608
	152  -  MemoryUsage of job (MB)
	155372  -  ResidentSetSize of job (KB)
...
006 (126779.001.000) 2022-03-30 13:38:52 Image size of job updated: 551632
	152  -  MemoryUsage of job (MB)
	155348  -  ResidentSetSize of job (KB)
...
006 (126779.003.000) 2022-03-30 13:38:52 Image size of job updated: 551736
	160  -  MemoryUsage of job (MB)
	163108  -  ResidentSetSize of job (KB)
...
006 (126779.011.000) 2022-03-30 13:38:53 Image size of job updated: 551612
	152  -  MemoryUsage of job (MB)
	155432  -  ResidentSetSize of job (KB)
...
006 (126779.012.000) 2022-03-30 13:38:53 Image size of job updated: 551600
	165  -  MemoryUsage of job (MB)
	168176  -  ResidentSetSize of job (KB)
...
006 (126779.013.000) 2022-03-30 13:38:53 Image size of job updated: 551600
	152  -  MemoryUsage of job (MB)
	155436  -  ResidentSetSize of job (KB)
...
006 (126779.014.000) 2022-03-30 13:38:53 Image size of job updated: 551636
	152  -  MemoryUsage of job (MB)
	155424  -  ResidentSetSize of job (KB)
...
006 (126779.015.000) 2022-03-30 13:38:53 Image size of job updated: 551608
	166  -  MemoryUsage of job (MB)
	169228  -  ResidentSetSize of job (KB)
...
006 (126779.016.000) 2022-03-30 13:38:53 Image size of job updated: 551640
	152  -  MemoryUsage of job (MB)
	155416  -  ResidentSetSize of job (KB)
...
006 (126779.004.000) 2022-03-30 13:38:53 Image size of job updated: 601412
	178  -  MemoryUsage of job (MB)
	181964  -  ResidentSetSize of job (KB)
...
006 (126779.019.000) 2022-03-30 13:38:53 Image size of job updated: 601336
	0  -  MemoryUsage of job (MB)
	0  -  ResidentSetSize of job (KB)
...
006 (126779.005.000) 2022-03-30 13:38:53 Image size of job updated: 577188
	171  -  MemoryUsage of job (MB)
	174388  -  ResidentSetSize of job (KB)
...
005 (126779.019.000) 2022-03-30 13:38:53 Job terminated.
	(1) Normal termination (return value 0)
		Usr 0 00:00:03, Sys 0 00:00:01  -  Run Remote Usage
		Usr 0 00:00:00, Sys 0 00:00:00  -  Run Local Usage
		Usr 0 00:00:03, Sys 0 00:00:01  -  Total Remote Usage
		Usr 0 00:00:00, Sys 0 00:00:00  -  Total Local Usage
	0  -  Run Bytes Sent By Job
	0  -  Run Bytes Received By Job
	0  -  Total Bytes Sent By Job
	0  -  Total Bytes Received By Job
	Partitionable Resources :    Usage  Request Allocated 
	   Cpus                 :                 1         1 
	   Disk (KB)            :        1        1    129249 
	   Memory (MB)          :        0     3900      3968 

	Job terminated of its own accord at 2022-03-30T04:38:53Z.
...
006 (126779.006.000) 2022-03-30 13:38:53 Image size of job updated: 551768
	153  -  MemoryUsage of job (MB)
	156256  -  ResidentSetSize of job (KB)
...
006 (126779.007.000) 2022-03-30 13:38:53 Image size of job updated: 551896
	152  -  MemoryUsage of job (MB)
	155564  -  ResidentSetSize of job (KB)
...
006 (126779.017.000) 2022-03-30 13:38:53 Image size of job updated: 601372
	0  -  MemoryUsage of job (MB)
	0  -  ResidentSetSize of job (KB)
...
006 (126779.008.000) 2022-03-30 13:38:53 Image size of job updated: 601416
	178  -  MemoryUsage of job (MB)
	181972  -  ResidentSetSize of job (KB)
...
005 (126779.017.000) 2022-03-30 13:38:53 Job terminated.
	(1) Normal termination (return value 0)
		Usr 0 00:00:04, Sys 0 00:00:01  -  Run Remote Usage
		Usr 0 00:00:00, Sys 0 00:00:00  -  Run Local Usage
		Usr 0 00:00:04, Sys 0 00:00:01  -  Total Remote Usage
		Usr 0 00:00:00, Sys 0 00:00:00  -  Total Local Usage
	0  -  Run Bytes Sent By Job
	0  -  Run Bytes Received By Job
	0  -  Total Bytes Sent By Job
	0  -  Total Bytes Received By Job
	Partitionable Resources :    Usage  Request Allocated 
	   Cpus                 :                 1         1 
	   Disk (KB)            :        1        1    129249 
	   Memory (MB)          :        0     3900      3968 

	Job terminated of its own accord at 2022-03-30T04:38:53Z.
...
006 (126779.009.000) 2022-03-30 13:38:53 Image size of job updated: 551764
	152  -  MemoryUsage of job (MB)
	155436  -  ResidentSetSize of job (KB)
...
006 (126779.012.000) 2022-03-30 13:38:53 Image size of job updated: 601388
	165  -  MemoryUsage of job (MB)
	168188  -  ResidentSetSize of job (KB)
...
005 (126779.012.000) 2022-03-30 13:38:53 Job terminated.
	(1) Normal termination (return value 0)
		Usr 0 00:00:04, Sys 0 00:00:01  -  Run Remote Usage
		Usr 0 00:00:00, Sys 0 00:00:00  -  Run Local Usage
		Usr 0 00:00:04, Sys 0 00:00:01  -  Total Remote Usage
		Usr 0 00:00:00, Sys 0 00:00:00  -  Total Local Usage
	0  -  Run Bytes Sent By Job
	0  -  Run Bytes Received By Job
	0  -  Total Bytes Sent By Job
	0  -  Total Bytes Received By Job
	Partitionable Resources :    Usage  Request Allocated 
	   Cpus                 :                 1         1 
	   Disk (KB)            :        1        1    129249 
	   Memory (MB)          :      165     3900      3968 

	Job terminated of its own accord at 2022-03-30T04:38:53Z.
...
006 (126779.010.000) 2022-03-30 13:38:53 Image size of job updated: 551880
	153  -  MemoryUsage of job (MB)
	155656  -  ResidentSetSize of job (KB)
...
006 (126779.015.000) 2022-03-30 13:38:54 Image size of job updated: 601380
	166  -  MemoryUsage of job (MB)
	169248  -  ResidentSetSize of job (KB)
...
005 (126779.015.000) 2022-03-30 13:38:54 Job terminated.
	(1) Normal termination (return value 0)
		Usr 0 00:00:04, Sys 0 00:00:01  -  Run Remote Usage
		Usr 0 00:00:00, Sys 0 00:00:00  -  Run Local Usage
		Usr 0 00:00:04, Sys 0 00:00:01  -  Total Remote Usage
		Usr 0 00:00:00, Sys 0 00:00:00  -  Total Local Usage
	0  -  Run Bytes Sent By Job
	0  -  Run Bytes Received By Job
	0  -  Total Bytes Sent By Job
	0  -  Total Bytes Received By Job
	Partitionable Resources :    Usage  Request Allocated 
	   Cpus                 :                 1         1 
	   Disk (KB)            :        1        1    129249 
	   Memory (MB)          :      166     3900      3968 

	Job terminated of its own accord at 2022-03-30T04:38:54Z.
...
006 (126779.018.000) 2022-03-30 13:38:54 Image size of job updated: 551740
	152  -  MemoryUsage of job (MB)
	155636  -  ResidentSetSize of job (KB)
...
005 (126779.008.000) 2022-03-30 13:38:54 Job terminated.
	(1) Normal termination (return value 0)
		Usr 0 00:00:05, Sys 0 00:00:01  -  Run Remote Usage
		Usr 0 00:00:00, Sys 0 00:00:00  -  Run Local Usage
		Usr 0 00:00:05, Sys 0 00:00:01  -  Total Remote Usage
		Usr 0 00:00:00, Sys 0 00:00:00  -  Total Local Usage
	0  -  Run Bytes Sent By Job
	0  -  Run Bytes Received By Job
	0  -  Total Bytes Sent By Job
	0  -  Total Bytes Received By Job
	Partitionable Resources :    Usage  Request Allocated 
	   Cpus                 :                 1         1 
	   Disk (KB)            :        1        1    129249 
	   Memory (MB)          :      178     3900      3968 

	Job terminated of its own accord at 2022-03-30T04:38:54Z.
...
006 (126779.005.000) 2022-03-30 13:38:54 Image size of job updated: 603252
	171  -  MemoryUsage of job (MB)
	174392  -  ResidentSetSize of job (KB)
...
005 (126779.005.000) 2022-03-30 13:38:54 Job terminated.
	(1) Normal termination (return value 0)
		Usr 0 00:00:05, Sys 0 00:00:01  -  Run Remote Usage
		Usr 0 00:00:00, Sys 0 00:00:00  -  Run Local Usage
		Usr 0 00:00:05, Sys 0 00:00:01  -  Total Remote Usage
		Usr 0 00:00:00, Sys 0 00:00:00  -  Total Local Usage
	0  -  Run Bytes Sent By Job
	0  -  Run Bytes Received By Job
	0  -  Total Bytes Sent By Job
	0  -  Total Bytes Received By Job
	Partitionable Resources :    Usage  Request Allocated 
	   Cpus                 :                 1         1 
	   Disk (KB)            :        1        1    129249 
	   Memory (MB)          :      171     3900      3968 

	Job terminated of its own accord at 2022-03-30T04:38:54Z.
...
006 (126779.010.000) 2022-03-30 13:38:55 Image size of job updated: 601560
	153  -  MemoryUsage of job (MB)
	155656  -  ResidentSetSize of job (KB)
...
006 (126779.002.000) 2022-03-30 13:38:55 Image size of job updated: 603200
	152  -  MemoryUsage of job (MB)
	155372  -  ResidentSetSize of job (KB)
...
005 (126779.010.000) 2022-03-30 13:38:55 Job terminated.
	(1) Normal termination (return value 0)
		Usr 0 00:00:05, Sys 0 00:00:01  -  Run Remote Usage
		Usr 0 00:00:00, Sys 0 00:00:00  -  Run Local Usage
		Usr 0 00:00:05, Sys 0 00:00:01  -  Total Remote Usage
		Usr 0 00:00:00, Sys 0 00:00:00  -  Total Local Usage
	0  -  Run Bytes Sent By Job
	0  -  Run Bytes Received By Job
	0  -  Total Bytes Sent By Job
	0  -  Total Bytes Received By Job
	Partitionable Resources :    Usage  Request Allocated 
	   Cpus                 :                 1         1 
	   Disk (KB)            :        1        1    129249 
	   Memory (MB)          :      153     3900      3968 

	Job terminated of its own accord at 2022-03-30T04:38:55Z.
...
005 (126779.002.000) 2022-03-30 13:38:55 Job terminated.
	(1) Normal termination (return value 0)
		Usr 0 00:00:05, Sys 0 00:00:01  -  Run Remote Usage
		Usr 0 00:00:00, Sys 0 00:00:00  -  Run Local Usage
		Usr 0 00:00:05, Sys 0 00:00:01  -  Total Remote Usage
		Usr 0 00:00:00, Sys 0 00:00:00  -  Total Local Usage
	0  -  Run Bytes Sent By Job
	0  -  Run Bytes Received By Job
	0  -  Total Bytes Sent By Job
	0  -  Total Bytes Received By Job
	Partitionable Resources :    Usage  Request Allocated 
	   Cpus                 :                 1         1 
	   Disk (KB)            :        1        1    129249 
	   Memory (MB)          :      152     3900      3968 

	Job terminated of its own accord at 2022-03-30T04:38:55Z.
...
006 (126779.000.000) 2022-03-30 13:38:55 Image size of job updated: 603220
	152  -  MemoryUsage of job (MB)
	154884  -  ResidentSetSize of job (KB)
...
005 (126779.000.000) 2022-03-30 13:38:55 Job terminated.
	(1) Normal termination (return value 0)
		Usr 0 00:00:05, Sys 0 00:00:01  -  Run Remote Usage
		Usr 0 00:00:00, Sys 0 00:00:00  -  Run Local Usage
		Usr 0 00:00:05, Sys 0 00:00:01  -  Total Remote Usage
		Usr 0 00:00:00, Sys 0 00:00:00  -  Total Local Usage
	0  -  Run Bytes Sent By Job
	0  -  Run Bytes Received By Job
	0  -  Total Bytes Sent By Job
	0  -  Total Bytes Received By Job
	Partitionable Resources :    Usage  Request Allocated 
	   Cpus                 :                 1         1 
	   Disk (KB)            :        1        1    129249 
	   Memory (MB)          :      152     3900      3968 

	Job terminated of its own accord at 2022-03-30T04:38:55Z.
...
006 (126779.006.000) 2022-03-30 13:38:55 Image size of job updated: 603304
	153  -  MemoryUsage of job (MB)
	156256  -  ResidentSetSize of job (KB)
...
005 (126779.006.000) 2022-03-30 13:38:55 Job terminated.
	(1) Normal termination (return value 0)
		Usr 0 00:00:06, Sys 0 00:00:01  -  Run Remote Usage
		Usr 0 00:00:00, Sys 0 00:00:00  -  Run Local Usage
		Usr 0 00:00:06, Sys 0 00:00:01  -  Total Remote Usage
		Usr 0 00:00:00, Sys 0 00:00:00  -  Total Local Usage
	0  -  Run Bytes Sent By Job
	0  -  Run Bytes Received By Job
	0  -  Total Bytes Sent By Job
	0  -  Total Bytes Received By Job
	Partitionable Resources :    Usage  Request Allocated 
	   Cpus                 :                 1         1 
	   Disk (KB)            :        1        1    129249 
	   Memory (MB)          :      153     3900      3968 

	Job terminated of its own accord at 2022-03-30T04:38:55Z.
...
006 (126779.011.000) 2022-03-30 13:38:56 Image size of job updated: 575112
	152  -  MemoryUsage of job (MB)
	155432  -  ResidentSetSize of job (KB)
...
005 (126779.011.000) 2022-03-30 13:38:56 Job terminated.
	(1) Normal termination (return value 0)
		Usr 0 00:00:06, Sys 0 00:00:01  -  Run Remote Usage
		Usr 0 00:00:00, Sys 0 00:00:00  -  Run Local Usage
		Usr 0 00:00:06, Sys 0 00:00:01  -  Total Remote Usage
		Usr 0 00:00:00, Sys 0 00:00:00  -  Total Local Usage
	0  -  Run Bytes Sent By Job
	0  -  Run Bytes Received By Job
	0  -  Total Bytes Sent By Job
	0  -  Total Bytes Received By Job
	Partitionable Resources :    Usage  Request Allocated 
	   Cpus                 :                 1         1 
	   Disk (KB)            :        1        1    129249 
	   Memory (MB)          :      152     3900      3968 

	Job terminated of its own accord at 2022-03-30T04:38:56Z.
...
006 (126779.014.000) 2022-03-30 13:38:56 Image size of job updated: 601748
	152  -  MemoryUsage of job (MB)
	155424  -  ResidentSetSize of job (KB)
...
006 (126779.016.000) 2022-03-30 13:38:56 Image size of job updated: 601772
	152  -  MemoryUsage of job (MB)
	155416  -  ResidentSetSize of job (KB)
...
005 (126779.014.000) 2022-03-30 13:38:56 Job terminated.
	(1) Normal termination (return value 0)
		Usr 0 00:00:06, Sys 0 00:00:01  -  Run Remote Usage
		Usr 0 00:00:00, Sys 0 00:00:00  -  Run Local Usage
		Usr 0 00:00:06, Sys 0 00:00:01  -  Total Remote Usage
		Usr 0 00:00:00, Sys 0 00:00:00  -  Total Local Usage
	0  -  Run Bytes Sent By Job
	0  -  Run Bytes Received By Job
	0  -  Total Bytes Sent By Job
	0  -  Total Bytes Received By Job
	Partitionable Resources :    Usage  Request Allocated 
	   Cpus                 :                 1         1 
	   Disk (KB)            :        1        1    129249 
	   Memory (MB)          :      152     3900      3968 

	Job terminated of its own accord at 2022-03-30T04:38:56Z.
...
005 (126779.016.000) 2022-03-30 13:38:56 Job terminated.
	(1) Normal termination (return value 0)
		Usr 0 00:00:06, Sys 0 00:00:01  -  Run Remote Usage
		Usr 0 00:00:00, Sys 0 00:00:00  -  Run Local Usage
		Usr 0 00:00:06, Sys 0 00:00:01  -  Total Remote Usage
		Usr 0 00:00:00, Sys 0 00:00:00  -  Total Local Usage
	0  -  Run Bytes Sent By Job
	0  -  Run Bytes Received By Job
	0  -  Total Bytes Sent By Job
	0  -  Total Bytes Received By Job
	Partitionable Resources :    Usage  Request Allocated 
	   Cpus                 :                 1         1 
	   Disk (KB)            :        1        1    129249 
	   Memory (MB)          :      152     3900      3968 

	Job terminated of its own accord at 2022-03-30T04:38:56Z.
...
006 (126779.007.000) 2022-03-30 13:38:56 Image size of job updated: 602864
	152  -  MemoryUsage of job (MB)
	155564  -  ResidentSetSize of job (KB)
...
005 (126779.007.000) 2022-03-30 13:38:56 Job terminated.
	(1) Normal termination (return value 0)
		Usr 0 00:00:07, Sys 0 00:00:01  -  Run Remote Usage
		Usr 0 00:00:00, Sys 0 00:00:00  -  Run Local Usage
		Usr 0 00:00:07, Sys 0 00:00:01  -  Total Remote Usage
		Usr 0 00:00:00, Sys 0 00:00:00  -  Total Local Usage
	0  -  Run Bytes Sent By Job
	0  -  Run Bytes Received By Job
	0  -  Total Bytes Sent By Job
	0  -  Total Bytes Received By Job
	Partitionable Resources :    Usage  Request Allocated 
	   Cpus                 :                 1         1 
	   Disk (KB)            :        1        1    129249 
	   Memory (MB)          :      152     3900      3968 

	Job terminated of its own accord at 2022-03-30T04:38:56Z.
...
006 (126779.004.000) 2022-03-30 13:38:56 Image size of job updated: 603228
	178  -  MemoryUsage of job (MB)
	181964  -  ResidentSetSize of job (KB)
...
005 (126779.004.000) 2022-03-30 13:38:56 Job terminated.
	(1) Normal termination (return value 0)
		Usr 0 00:00:06, Sys 0 00:00:01  -  Run Remote Usage
		Usr 0 00:00:00, Sys 0 00:00:00  -  Run Local Usage
		Usr 0 00:00:06, Sys 0 00:00:01  -  Total Remote Usage
		Usr 0 00:00:00, Sys 0 00:00:00  -  Total Local Usage
	0  -  Run Bytes Sent By Job
	0  -  Run Bytes Received By Job
	0  -  Total Bytes Sent By Job
	0  -  Total Bytes Received By Job
	Partitionable Resources :    Usage  Request Allocated 
	   Cpus                 :                 1         1 
	   Disk (KB)            :        1        1    129249 
	   Memory (MB)          :      178     3900      3968 

	Job terminated of its own accord at 2022-03-30T04:38:56Z.
...
006 (126779.009.000) 2022-03-30 13:38:56 Image size of job updated: 603404
	152  -  MemoryUsage of job (MB)
	155436  -  ResidentSetSize of job (KB)
...
005 (126779.009.000) 2022-03-30 13:38:56 Job terminated.
	(1) Normal termination (return value 0)
		Usr 0 00:00:07, Sys 0 00:00:01  -  Run Remote Usage
		Usr 0 00:00:00, Sys 0 00:00:00  -  Run Local Usage
		Usr 0 00:00:07, Sys 0 00:00:01  -  Total Remote Usage
		Usr 0 00:00:00, Sys 0 00:00:00  -  Total Local Usage
	0  -  Run Bytes Sent By Job
	0  -  Run Bytes Received By Job
	0  -  Total Bytes Sent By Job
	0  -  Total Bytes Received By Job
	Partitionable Resources :    Usage  Request Allocated 
	   Cpus                 :                 1         1 
	   Disk (KB)            :        1        1    129249 
	   Memory (MB)          :      152     3900      3968 

	Job terminated of its own accord at 2022-03-30T04:38:56Z.
...
006 (126779.018.000) 2022-03-30 13:38:56 Image size of job updated: 601856
	152  -  MemoryUsage of job (MB)
	155636  -  ResidentSetSize of job (KB)
...
005 (126779.018.000) 2022-03-30 13:38:56 Job terminated.
	(1) Normal termination (return value 0)
		Usr 0 00:00:07, Sys 0 00:00:01  -  Run Remote Usage
		Usr 0 00:00:00, Sys 0 00:00:00  -  Run Local Usage
		Usr 0 00:00:07, Sys 0 00:00:01  -  Total Remote Usage
		Usr 0 00:00:00, Sys 0 00:00:00  -  Total Local Usage
	0  -  Run Bytes Sent By Job
	0  -  Run Bytes Received By Job
	0  -  Total Bytes Sent By Job
	0  -  Total Bytes Received By Job
	Partitionable Resources :    Usage  Request Allocated 
	   Cpus                 :                 1         1 
	   Disk (KB)            :        1        1    129249 
	   Memory (MB)          :      152     3900      3968 

	Job terminated of its own accord at 2022-03-30T04:38:56Z.
...
006 (126779.001.000) 2022-03-30 13:38:57 Image size of job updated: 601812
	152  -  MemoryUsage of job (MB)
	155348  -  ResidentSetSize of job (KB)
...
005 (126779.001.000) 2022-03-30 13:38:57 Job terminated.
	(1) Normal termination (return value 0)
		Usr 0 00:00:07, Sys 0 00:00:01  -  Run Remote Usage
		Usr 0 00:00:00, Sys 0 00:00:00  -  Run Local Usage
		Usr 0 00:00:07, Sys 0 00:00:01  -  Total Remote Usage
		Usr 0 00:00:00, Sys 0 00:00:00  -  Total Local Usage
	0  -  Run Bytes Sent By Job
	0  -  Run Bytes Received By Job
	0  -  Total Bytes Sent By Job
	0  -  Total Bytes Received By Job
	Partitionable Resources :    Usage  Request Allocated 
	   Cpus                 :                 1         1 
	   Disk (KB)            :        1        1    129249 
	   Memory (MB)          :      152     3900      3968 

	Job terminated of its own accord at 2022-03-30T04:38:57Z.
...
006 (126779.013.000) 2022-03-30 13:38:57 Image size of job updated: 598868
	152  -  MemoryUsage of job (MB)
	155436  -  ResidentSetSize of job (KB)
...
006 (126779.003.000) 2022-03-30 13:38:57 Image size of job updated: 601444
	160  -  MemoryUsage of job (MB)
	163124  -  ResidentSetSize of job (KB)
...
005 (126779.013.000) 2022-03-30 13:38:57 Job terminated.
	(1) Normal termination (return value 0)
		Usr 0 00:00:08, Sys 0 00:00:01  -  Run Remote Usage
		Usr 0 00:00:00, Sys 0 00:00:00  -  Run Local Usage
		Usr 0 00:00:08, Sys 0 00:00:01  -  Total Remote Usage
		Usr 0 00:00:00, Sys 0 00:00:00  -  Total Local Usage
	0  -  Run Bytes Sent By Job
	0  -  Run Bytes Received By Job
	0  -  Total Bytes Sent By Job
	0  -  Total Bytes Received By Job
	Partitionable Resources :    Usage  Request Allocated 
	   Cpus                 :                 1         1 
	   Disk (KB)            :        1        1    129249 
	   Memory (MB)          :      152     3900      3968 

	Job terminated of its own accord at 2022-03-30T04:38:57Z.
...
005 (126779.003.000) 2022-03-30 13:38:57 Job terminated.
	(1) Normal termination (return value 0)
		Usr 0 00:00:07, Sys 0 00:00:01  -  Run Remote Usage
		Usr 0 00:00:00, Sys 0 00:00:00  -  Run Local Usage
		Usr 0 00:00:07, Sys 0 00:00:01  -  Total Remote Usage
		Usr 0 00:00:00, Sys 0 00:00:00  -  Total Local Usage
	0  -  Run Bytes Sent By Job
	0  -  Run Bytes Received By Job
	0  -  Total Bytes Sent By Job
	0  -  Total Bytes Received By Job
	Partitionable Resources :    Usage  Request Allocated 
	   Cpus                 :                 1         1 
	   Disk (KB)            :        1        1    129249 
	   Memory (MB)          :      160     3900      3968 

	Job terminated of its own accord at 2022-03-30T04:38:57Z.
...
