000 (2118555.012.000) 06/08 00:00:15 Job submitted from host: <172.30.1.200:9618?addrs=172.30.1.200-9618+[--1]-9618&noUDP&sock=203143_c79e_3>
...
001 (2118555.012.000) 06/08 00:00:35 Job executing on host: <172.30.1.207:9618?addrs=172.30.1.207-9618+[--1]-9618&noUDP&sock=6818_28cd_3>
...
006 (2118555.012.000) 06/08 00:00:43 Image size of job updated: 180240
	8  -  MemoryUsage of job (MB)
	7476  -  ResidentSetSize of job (KB)
...
006 (2118555.012.000) 06/08 00:05:43 Image size of job updated: 655792
	160  -  MemoryUsage of job (MB)
	163412  -  ResidentSetSize of job (KB)
...
006 (2118555.012.000) 06/08 00:10:43 Image size of job updated: 656320
	160  -  MemoryUsage of job (MB)
	163840  -  ResidentSetSize of job (KB)
...
006 (2118555.012.000) 06/08 00:15:44 Image size of job updated: 656320
	161  -  MemoryUsage of job (MB)
	163868  -  ResidentSetSize of job (KB)
...
006 (2118555.012.000) 06/08 00:20:45 Image size of job updated: 656584
	161  -  MemoryUsage of job (MB)
	164184  -  ResidentSetSize of job (KB)
...
006 (2118555.012.000) 06/08 01:05:50 Image size of job updated: 662336
	166  -  MemoryUsage of job (MB)
	169864  -  ResidentSetSize of job (KB)
...
006 (2118555.012.000) 06/08 01:10:50 Image size of job updated: 662336
	167  -  MemoryUsage of job (MB)
	170016  -  ResidentSetSize of job (KB)
...
006 (2118555.012.000) 06/08 01:15:50 Image size of job updated: 662864
	167  -  MemoryUsage of job (MB)
	170532  -  ResidentSetSize of job (KB)
...
006 (2118555.012.000) 06/08 01:20:51 Image size of job updated: 662864
	167  -  MemoryUsage of job (MB)
	170552  -  ResidentSetSize of job (KB)
...
006 (2118555.012.000) 06/08 01:25:51 Image size of job updated: 662996
	167  -  MemoryUsage of job (MB)
	170588  -  ResidentSetSize of job (KB)
...
006 (2118555.012.000) 06/08 01:30:51 Image size of job updated: 662996
	167  -  MemoryUsage of job (MB)
	170592  -  ResidentSetSize of job (KB)
...
006 (2118555.012.000) 06/08 01:45:53 Image size of job updated: 668860
	173  -  MemoryUsage of job (MB)
	176200  -  ResidentSetSize of job (KB)
...
006 (2118555.012.000) 06/08 01:50:54 Image size of job updated: 669256
	173  -  MemoryUsage of job (MB)
	176788  -  ResidentSetSize of job (KB)
...
006 (2118555.012.000) 06/08 01:55:55 Image size of job updated: 669392
	173  -  MemoryUsage of job (MB)
	176896  -  ResidentSetSize of job (KB)
...
006 (2118555.012.000) 06/08 02:00:55 Image size of job updated: 669664
	174  -  MemoryUsage of job (MB)
	177164  -  ResidentSetSize of job (KB)
...
006 (2118555.012.000) 06/08 02:40:59 Image size of job updated: 675740
	179  -  MemoryUsage of job (MB)
	183104  -  ResidentSetSize of job (KB)
...
006 (2118555.012.000) 06/08 02:46:00 Image size of job updated: 676140
	180  -  MemoryUsage of job (MB)
	183540  -  ResidentSetSize of job (KB)
...
006 (2118555.012.000) 06/08 02:51:00 Image size of job updated: 676272
	180  -  MemoryUsage of job (MB)
	183636  -  ResidentSetSize of job (KB)
...
006 (2118555.012.000) 06/08 02:56:00 Image size of job updated: 676404
	180  -  MemoryUsage of job (MB)
	183904  -  ResidentSetSize of job (KB)
...
006 (2118555.012.000) 06/08 03:31:04 Image size of job updated: 682204
	196  -  MemoryUsage of job (MB)
	200648  -  ResidentSetSize of job (KB)
...
006 (2118555.012.000) 06/08 03:36:05 Image size of job updated: 683000
	197  -  MemoryUsage of job (MB)
	201720  -  ResidentSetSize of job (KB)
...
006 (2118555.012.000) 06/08 03:41:05 Image size of job updated: 683136
	198  -  MemoryUsage of job (MB)
	201896  -  ResidentSetSize of job (KB)
...
006 (2118555.012.000) 06/08 03:46:05 Image size of job updated: 683412
	198  -  MemoryUsage of job (MB)
	202148  -  ResidentSetSize of job (KB)
...
006 (2118555.012.000) 06/08 03:51:06 Image size of job updated: 683412
	198  -  MemoryUsage of job (MB)
	202164  -  ResidentSetSize of job (KB)
...
006 (2118555.012.000) 06/08 03:56:06 Image size of job updated: 683412
	198  -  MemoryUsage of job (MB)
	202196  -  ResidentSetSize of job (KB)
...
006 (2118555.012.000) 06/08 04:01:06 Image size of job updated: 683412
	198  -  MemoryUsage of job (MB)
	202244  -  ResidentSetSize of job (KB)
...
006 (2118555.012.000) 06/08 04:06:07 Image size of job updated: 683668
	198  -  MemoryUsage of job (MB)
	202276  -  ResidentSetSize of job (KB)
...
006 (2118555.012.000) 06/08 04:21:09 Image size of job updated: 689364
	204  -  MemoryUsage of job (MB)
	208068  -  ResidentSetSize of job (KB)
...
006 (2118555.012.000) 06/08 04:26:10 Image size of job updated: 689760
	204  -  MemoryUsage of job (MB)
	208584  -  ResidentSetSize of job (KB)
...
006 (2118555.012.000) 06/08 04:31:10 Image size of job updated: 689892
	204  -  MemoryUsage of job (MB)
	208716  -  ResidentSetSize of job (KB)
...
006 (2118555.012.000) 06/08 04:36:10 Image size of job updated: 690156
	205  -  MemoryUsage of job (MB)
	208980  -  ResidentSetSize of job (KB)
...
006 (2118555.012.000) 06/08 04:41:11 Image size of job updated: 690412
	205  -  MemoryUsage of job (MB)
	209004  -  ResidentSetSize of job (KB)
...
006 (2118555.012.000) 06/08 04:46:11 Image size of job updated: 690412
	205  -  MemoryUsage of job (MB)
	209008  -  ResidentSetSize of job (KB)
...
006 (2118555.012.000) 06/08 05:06:13 Image size of job updated: 694520
	209  -  MemoryUsage of job (MB)
	213312  -  ResidentSetSize of job (KB)
...
006 (2118555.012.000) 06/08 05:11:14 Image size of job updated: 696504
	211  -  MemoryUsage of job (MB)
	215352  -  ResidentSetSize of job (KB)
...
006 (2118555.012.000) 06/08 05:16:15 Image size of job updated: 696892
	211  -  MemoryUsage of job (MB)
	215468  -  ResidentSetSize of job (KB)
...
006 (2118555.012.000) 06/08 05:21:15 Image size of job updated: 696892
	211  -  MemoryUsage of job (MB)
	215596  -  ResidentSetSize of job (KB)
...
006 (2118555.012.000) 06/08 05:36:17 Image size of job updated: 696892
	211  -  MemoryUsage of job (MB)
	215616  -  ResidentSetSize of job (KB)
...
006 (2118555.012.000) 06/08 05:46:19 Image size of job updated: 696892
	211  -  MemoryUsage of job (MB)
	215656  -  ResidentSetSize of job (KB)
...
006 (2118555.012.000) 06/08 05:56:20 Image size of job updated: 696892
	211  -  MemoryUsage of job (MB)
	215660  -  ResidentSetSize of job (KB)
...
006 (2118555.012.000) 06/08 06:06:21 Image size of job updated: 697024
	211  -  MemoryUsage of job (MB)
	215688  -  ResidentSetSize of job (KB)
...
006 (2118555.012.000) 06/08 06:11:22 Image size of job updated: 697024
	211  -  MemoryUsage of job (MB)
	215720  -  ResidentSetSize of job (KB)
...
006 (2118555.012.000) 06/08 06:16:23 Image size of job updated: 701568
	217  -  MemoryUsage of job (MB)
	222124  -  ResidentSetSize of job (KB)
...
006 (2118555.012.000) 06/08 06:21:23 Image size of job updated: 703020
	219  -  MemoryUsage of job (MB)
	223652  -  ResidentSetSize of job (KB)
...
006 (2118555.012.000) 06/08 06:26:24 Image size of job updated: 703420
	219  -  MemoryUsage of job (MB)
	223988  -  ResidentSetSize of job (KB)
...
006 (2118555.012.000) 06/08 06:31:25 Image size of job updated: 703552
	219  -  MemoryUsage of job (MB)
	224076  -  ResidentSetSize of job (KB)
...
006 (2118555.012.000) 06/08 06:36:25 Image size of job updated: 703684
	220  -  MemoryUsage of job (MB)
	224260  -  ResidentSetSize of job (KB)
...
006 (2118555.012.000) 06/08 06:41:26 Image size of job updated: 703684
	220  -  MemoryUsage of job (MB)
	224324  -  ResidentSetSize of job (KB)
...
006 (2118555.012.000) 06/08 06:46:27 Image size of job updated: 703816
	220  -  MemoryUsage of job (MB)
	224340  -  ResidentSetSize of job (KB)
...
006 (2118555.012.000) 06/08 06:51:27 Image size of job updated: 703816
	220  -  MemoryUsage of job (MB)
	224364  -  ResidentSetSize of job (KB)
...
006 (2118555.012.000) 06/08 06:56:28 Image size of job updated: 703816
	220  -  MemoryUsage of job (MB)
	224380  -  ResidentSetSize of job (KB)
...
006 (2118555.012.000) 06/08 07:01:29 Image size of job updated: 703816
	220  -  MemoryUsage of job (MB)
	224440  -  ResidentSetSize of job (KB)
...
006 (2118555.012.000) 06/08 07:06:29 Image size of job updated: 704072
	220  -  MemoryUsage of job (MB)
	224444  -  ResidentSetSize of job (KB)
...
006 (2118555.012.000) 06/08 07:11:30 Image size of job updated: 704072
	220  -  MemoryUsage of job (MB)
	224460  -  ResidentSetSize of job (KB)
...
006 (2118555.012.000) 06/08 07:16:31 Image size of job updated: 704072
	220  -  MemoryUsage of job (MB)
	224480  -  ResidentSetSize of job (KB)
...
006 (2118555.012.000) 06/08 07:21:31 Image size of job updated: 704072
	220  -  MemoryUsage of job (MB)
	224520  -  ResidentSetSize of job (KB)
...
006 (2118555.012.000) 06/08 07:36:33 Image size of job updated: 709624
	225  -  MemoryUsage of job (MB)
	230132  -  ResidentSetSize of job (KB)
...
006 (2118555.012.000) 06/08 07:41:34 Image size of job updated: 710020
	226  -  MemoryUsage of job (MB)
	230560  -  ResidentSetSize of job (KB)
...
006 (2118555.012.000) 06/08 07:46:35 Image size of job updated: 710152
	226  -  MemoryUsage of job (MB)
	230664  -  ResidentSetSize of job (KB)
...
006 (2118555.012.000) 06/08 07:51:35 Image size of job updated: 710152
	226  -  MemoryUsage of job (MB)
	230676  -  ResidentSetSize of job (KB)
...
006 (2118555.012.000) 06/08 07:56:36 Image size of job updated: 710420
	226  -  MemoryUsage of job (MB)
	230928  -  ResidentSetSize of job (KB)
...
004 (2118555.012.000) 06/08 08:36:45 Job was evicted.
	(0) Job was not checkpointed.
		Usr 0 08:35:50, Sys 0 00:00:06  -  Run Remote Usage
		Usr 0 00:00:00, Sys 0 00:00:00  -  Run Local Usage
	74295  -  Run Bytes Sent By Job
	229  -  Run Bytes Received By Job
	Partitionable Resources :    Usage  Request Allocated
	   Cpus                 :                 1         1
	   Disk (KB)            :       84  2048000   2391884
	   Memory (MB)          :      226     2000      2000
...
009 (2118555.012.000) 06/08 08:36:45 Job was aborted by the user.
	via condor_rm (by user choij)
...
