000 (2118555.009.000) 06/08 00:00:15 Job submitted from host: <172.30.1.200:9618?addrs=172.30.1.200-9618+[--1]-9618&noUDP&sock=203143_c79e_3>
...
001 (2118555.009.000) 06/08 00:00:34 Job executing on host: <172.30.1.207:9618?addrs=172.30.1.207-9618+[--1]-9618&noUDP&sock=6818_28cd_3>
...
006 (2118555.009.000) 06/08 00:00:43 Image size of job updated: 179844
	11  -  MemoryUsage of job (MB)
	10600  -  ResidentSetSize of job (KB)
...
006 (2118555.009.000) 06/08 00:05:44 Image size of job updated: 655796
	160  -  MemoryUsage of job (MB)
	163440  -  ResidentSetSize of job (KB)
...
006 (2118555.009.000) 06/08 00:10:44 Image size of job updated: 655796
	160  -  MemoryUsage of job (MB)
	163456  -  ResidentSetSize of job (KB)
...
006 (2118555.009.000) 06/08 00:20:45 Image size of job updated: 655796
	160  -  MemoryUsage of job (MB)
	163476  -  ResidentSetSize of job (KB)
...
006 (2118555.009.000) 06/08 00:25:45 Image size of job updated: 656060
	160  -  MemoryUsage of job (MB)
	163656  -  ResidentSetSize of job (KB)
...
006 (2118555.009.000) 06/08 00:35:46 Image size of job updated: 656192
	160  -  MemoryUsage of job (MB)
	163756  -  ResidentSetSize of job (KB)
...
006 (2118555.009.000) 06/08 00:40:47 Image size of job updated: 656192
	160  -  MemoryUsage of job (MB)
	163820  -  ResidentSetSize of job (KB)
...
006 (2118555.009.000) 06/08 00:55:49 Image size of job updated: 656192
	161  -  MemoryUsage of job (MB)
	163860  -  ResidentSetSize of job (KB)
...
006 (2118555.009.000) 06/08 01:00:49 Image size of job updated: 656192
	161  -  MemoryUsage of job (MB)
	163864  -  ResidentSetSize of job (KB)
...
006 (2118555.009.000) 06/08 01:05:49 Image size of job updated: 662604
	167  -  MemoryUsage of job (MB)
	170052  -  ResidentSetSize of job (KB)
...
006 (2118555.009.000) 06/08 01:10:50 Image size of job updated: 662604
	167  -  MemoryUsage of job (MB)
	170076  -  ResidentSetSize of job (KB)
...
006 (2118555.009.000) 06/08 01:20:50 Image size of job updated: 662736
	167  -  MemoryUsage of job (MB)
	170272  -  ResidentSetSize of job (KB)
...
006 (2118555.009.000) 06/08 01:25:51 Image size of job updated: 662868
	167  -  MemoryUsage of job (MB)
	170380  -  ResidentSetSize of job (KB)
...
006 (2118555.009.000) 06/08 01:30:52 Image size of job updated: 663008
	167  -  MemoryUsage of job (MB)
	170428  -  ResidentSetSize of job (KB)
...
006 (2118555.009.000) 06/08 01:45:54 Image size of job updated: 668816
	173  -  MemoryUsage of job (MB)
	176300  -  ResidentSetSize of job (KB)
...
006 (2118555.009.000) 06/08 01:50:54 Image size of job updated: 669212
	173  -  MemoryUsage of job (MB)
	176732  -  ResidentSetSize of job (KB)
...
006 (2118555.009.000) 06/08 01:55:54 Image size of job updated: 669212
	173  -  MemoryUsage of job (MB)
	176740  -  ResidentSetSize of job (KB)
...
006 (2118555.009.000) 06/08 02:05:55 Image size of job updated: 669476
	173  -  MemoryUsage of job (MB)
	176740  -  ResidentSetSize of job (KB)
...
006 (2118555.009.000) 06/08 02:10:55 Image size of job updated: 669476
	173  -  MemoryUsage of job (MB)
	176948  -  ResidentSetSize of job (KB)
...
006 (2118555.009.000) 06/08 02:15:56 Image size of job updated: 669624
	173  -  MemoryUsage of job (MB)
	177000  -  ResidentSetSize of job (KB)
...
006 (2118555.009.000) 06/08 02:30:58 Image size of job updated: 669624
	173  -  MemoryUsage of job (MB)
	177068  -  ResidentSetSize of job (KB)
...
006 (2118555.009.000) 06/08 02:35:59 Image size of job updated: 675268
	179  -  MemoryUsage of job (MB)
	182600  -  ResidentSetSize of job (KB)
...
006 (2118555.009.000) 06/08 02:40:59 Image size of job updated: 676060
	180  -  MemoryUsage of job (MB)
	183476  -  ResidentSetSize of job (KB)
...
006 (2118555.009.000) 06/08 02:45:59 Image size of job updated: 676060
	180  -  MemoryUsage of job (MB)
	183488  -  ResidentSetSize of job (KB)
...
006 (2118555.009.000) 06/08 02:51:00 Image size of job updated: 676060
	180  -  MemoryUsage of job (MB)
	183492  -  ResidentSetSize of job (KB)
...
006 (2118555.009.000) 06/08 02:56:00 Image size of job updated: 676060
	180  -  MemoryUsage of job (MB)
	183500  -  ResidentSetSize of job (KB)
...
006 (2118555.009.000) 06/08 03:01:00 Image size of job updated: 676192
	180  -  MemoryUsage of job (MB)
	183672  -  ResidentSetSize of job (KB)
...
006 (2118555.009.000) 06/08 03:06:01 Image size of job updated: 676324
	180  -  MemoryUsage of job (MB)
	183788  -  ResidentSetSize of job (KB)
...
006 (2118555.009.000) 06/08 03:11:02 Image size of job updated: 676324
	180  -  MemoryUsage of job (MB)
	183824  -  ResidentSetSize of job (KB)
...
006 (2118555.009.000) 06/08 03:21:03 Image size of job updated: 676456
	180  -  MemoryUsage of job (MB)
	183888  -  ResidentSetSize of job (KB)
...
006 (2118555.009.000) 06/08 03:26:04 Image size of job updated: 676456
	180  -  MemoryUsage of job (MB)
	183912  -  ResidentSetSize of job (KB)
...
006 (2118555.009.000) 06/08 03:31:04 Image size of job updated: 682636
	197  -  MemoryUsage of job (MB)
	201416  -  ResidentSetSize of job (KB)
...
006 (2118555.009.000) 06/08 03:36:04 Image size of job updated: 682900
	197  -  MemoryUsage of job (MB)
	201688  -  ResidentSetSize of job (KB)
...
006 (2118555.009.000) 06/08 03:41:05 Image size of job updated: 682900
	197  -  MemoryUsage of job (MB)
	201720  -  ResidentSetSize of job (KB)
...
006 (2118555.009.000) 06/08 03:46:05 Image size of job updated: 682900
	198  -  MemoryUsage of job (MB)
	201764  -  ResidentSetSize of job (KB)
...
006 (2118555.009.000) 06/08 03:51:05 Image size of job updated: 683164
	198  -  MemoryUsage of job (MB)
	202004  -  ResidentSetSize of job (KB)
...
006 (2118555.009.000) 06/08 03:56:06 Image size of job updated: 683296
	198  -  MemoryUsage of job (MB)
	202140  -  ResidentSetSize of job (KB)
...
006 (2118555.009.000) 06/08 04:01:07 Image size of job updated: 683552
	198  -  MemoryUsage of job (MB)
	202224  -  ResidentSetSize of job (KB)
...
006 (2118555.009.000) 06/08 04:16:09 Image size of job updated: 688860
	203  -  MemoryUsage of job (MB)
	207600  -  ResidentSetSize of job (KB)
...
006 (2118555.009.000) 06/08 04:21:09 Image size of job updated: 689652
	204  -  MemoryUsage of job (MB)
	208500  -  ResidentSetSize of job (KB)
...
006 (2118555.009.000) 06/08 04:26:09 Image size of job updated: 689652
	204  -  MemoryUsage of job (MB)
	208548  -  ResidentSetSize of job (KB)
...
006 (2118555.009.000) 06/08 04:31:10 Image size of job updated: 689784
	204  -  MemoryUsage of job (MB)
	208604  -  ResidentSetSize of job (KB)
...
006 (2118555.009.000) 06/08 04:36:10 Image size of job updated: 689916
	204  -  MemoryUsage of job (MB)
	208824  -  ResidentSetSize of job (KB)
...
006 (2118555.009.000) 06/08 04:41:10 Image size of job updated: 689916
	204  -  MemoryUsage of job (MB)
	208828  -  ResidentSetSize of job (KB)
...
006 (2118555.009.000) 06/08 04:46:12 Image size of job updated: 690052
	205  -  MemoryUsage of job (MB)
	208920  -  ResidentSetSize of job (KB)
...
006 (2118555.009.000) 06/08 04:56:12 Image size of job updated: 690052
	205  -  MemoryUsage of job (MB)
	208984  -  ResidentSetSize of job (KB)
...
006 (2118555.009.000) 06/08 05:01:13 Image size of job updated: 690184
	205  -  MemoryUsage of job (MB)
	209044  -  ResidentSetSize of job (KB)
...
006 (2118555.009.000) 06/08 05:06:14 Image size of job updated: 696392
	211  -  MemoryUsage of job (MB)
	215268  -  ResidentSetSize of job (KB)
...
006 (2118555.009.000) 06/08 05:11:14 Image size of job updated: 696392
	211  -  MemoryUsage of job (MB)
	215304  -  ResidentSetSize of job (KB)
...
006 (2118555.009.000) 06/08 05:26:15 Image size of job updated: 696524
	211  -  MemoryUsage of job (MB)
	215424  -  ResidentSetSize of job (KB)
...
006 (2118555.009.000) 06/08 05:31:15 Image size of job updated: 696524
	211  -  MemoryUsage of job (MB)
	215452  -  ResidentSetSize of job (KB)
...
006 (2118555.009.000) 06/08 05:36:16 Image size of job updated: 696524
	211  -  MemoryUsage of job (MB)
	215468  -  ResidentSetSize of job (KB)
...
006 (2118555.009.000) 06/08 05:41:16 Image size of job updated: 696788
	211  -  MemoryUsage of job (MB)
	215676  -  ResidentSetSize of job (KB)
...
006 (2118555.009.000) 06/08 06:01:17 Image size of job updated: 697044
	211  -  MemoryUsage of job (MB)
	215712  -  ResidentSetSize of job (KB)
...
006 (2118555.009.000) 06/08 06:06:18 Image size of job updated: 697184
	211  -  MemoryUsage of job (MB)
	215784  -  ResidentSetSize of job (KB)
...
006 (2118555.009.000) 06/08 06:11:18 Image size of job updated: 697184
	211  -  MemoryUsage of job (MB)
	215792  -  ResidentSetSize of job (KB)
...
006 (2118555.009.000) 06/08 06:16:19 Image size of job updated: 702836
	219  -  MemoryUsage of job (MB)
	223500  -  ResidentSetSize of job (KB)
...
006 (2118555.009.000) 06/08 06:21:20 Image size of job updated: 703232
	219  -  MemoryUsage of job (MB)
	223900  -  ResidentSetSize of job (KB)
...
006 (2118555.009.000) 06/08 06:26:20 Image size of job updated: 703364
	219  -  MemoryUsage of job (MB)
	223920  -  ResidentSetSize of job (KB)
...
006 (2118555.009.000) 06/08 06:31:21 Image size of job updated: 703364
	219  -  MemoryUsage of job (MB)
	223932  -  ResidentSetSize of job (KB)
...
006 (2118555.009.000) 06/08 06:36:22 Image size of job updated: 703364
	219  -  MemoryUsage of job (MB)
	223976  -  ResidentSetSize of job (KB)
...
006 (2118555.009.000) 06/08 06:41:22 Image size of job updated: 703496
	219  -  MemoryUsage of job (MB)
	224156  -  ResidentSetSize of job (KB)
...
006 (2118555.009.000) 06/08 06:46:23 Image size of job updated: 703632
	219  -  MemoryUsage of job (MB)
	224204  -  ResidentSetSize of job (KB)
...
006 (2118555.009.000) 06/08 06:51:24 Image size of job updated: 703632
	219  -  MemoryUsage of job (MB)
	224232  -  ResidentSetSize of job (KB)
...
006 (2118555.009.000) 06/08 06:56:24 Image size of job updated: 703632
	220  -  MemoryUsage of job (MB)
	224312  -  ResidentSetSize of job (KB)
...
006 (2118555.009.000) 06/08 07:01:25 Image size of job updated: 704020
	220  -  MemoryUsage of job (MB)
	224500  -  ResidentSetSize of job (KB)
...
006 (2118555.009.000) 06/08 07:06:26 Image size of job updated: 704020
	220  -  MemoryUsage of job (MB)
	224516  -  ResidentSetSize of job (KB)
...
006 (2118555.009.000) 06/08 07:11:26 Image size of job updated: 704020
	220  -  MemoryUsage of job (MB)
	224528  -  ResidentSetSize of job (KB)
...
006 (2118555.009.000) 06/08 07:16:27 Image size of job updated: 704020
	220  -  MemoryUsage of job (MB)
	224532  -  ResidentSetSize of job (KB)
...
006 (2118555.009.000) 06/08 07:26:28 Image size of job updated: 708916
	225  -  MemoryUsage of job (MB)
	229452  -  ResidentSetSize of job (KB)
...
006 (2118555.009.000) 06/08 07:31:29 Image size of job updated: 709972
	226  -  MemoryUsage of job (MB)
	230488  -  ResidentSetSize of job (KB)
...
006 (2118555.009.000) 06/08 07:36:30 Image size of job updated: 709972
	226  -  MemoryUsage of job (MB)
	230512  -  ResidentSetSize of job (KB)
...
006 (2118555.009.000) 06/08 07:41:30 Image size of job updated: 709972
	226  -  MemoryUsage of job (MB)
	230524  -  ResidentSetSize of job (KB)
...
006 (2118555.009.000) 06/08 07:46:31 Image size of job updated: 709972
	226  -  MemoryUsage of job (MB)
	230532  -  ResidentSetSize of job (KB)
...
006 (2118555.009.000) 06/08 07:51:32 Image size of job updated: 709972
	226  -  MemoryUsage of job (MB)
	230556  -  ResidentSetSize of job (KB)
...
006 (2118555.009.000) 06/08 07:56:32 Image size of job updated: 710104
	226  -  MemoryUsage of job (MB)
	230696  -  ResidentSetSize of job (KB)
...
006 (2118555.009.000) 06/08 08:01:33 Image size of job updated: 710104
	226  -  MemoryUsage of job (MB)
	230732  -  ResidentSetSize of job (KB)
...
006 (2118555.009.000) 06/08 08:06:34 Image size of job updated: 710236
	226  -  MemoryUsage of job (MB)
	230732  -  ResidentSetSize of job (KB)
...
006 (2118555.009.000) 06/08 08:16:35 Image size of job updated: 710368
	226  -  MemoryUsage of job (MB)
	230732  -  ResidentSetSize of job (KB)
...
004 (2118555.009.000) 06/08 08:36:44 Job was evicted.
	(0) Job was not checkpointed.
		Usr 0 08:35:39, Sys 0 00:00:06  -  Run Remote Usage
		Usr 0 00:00:00, Sys 0 00:00:00  -  Run Local Usage
	75465  -  Run Bytes Sent By Job
	229  -  Run Bytes Received By Job
	Partitionable Resources :    Usage  Request Allocated
	   Cpus                 :                 1         1
	   Disk (KB)            :       85  2048000   2391884
	   Memory (MB)          :      226     2000      2000
...
009 (2118555.009.000) 06/08 08:36:45 Job was aborted by the user.
	via condor_rm (by user choij)
...
