000 (2118555.003.000) 06/08 00:00:15 Job submitted from host: <172.30.1.200:9618?addrs=172.30.1.200-9618+[--1]-9618&noUDP&sock=203143_c79e_3>
...
001 (2118555.003.000) 06/08 00:00:34 Job executing on host: <172.30.1.207:9618?addrs=172.30.1.207-9618+[--1]-9618&noUDP&sock=6818_28cd_3>
...
006 (2118555.003.000) 06/08 00:00:42 Image size of job updated: 200784
	22  -  MemoryUsage of job (MB)
	22464  -  ResidentSetSize of job (KB)
...
006 (2118555.003.000) 06/08 00:05:42 Image size of job updated: 654996
	159  -  MemoryUsage of job (MB)
	162592  -  ResidentSetSize of job (KB)
...
006 (2118555.003.000) 06/08 00:10:43 Image size of job updated: 655260
	160  -  MemoryUsage of job (MB)
	162892  -  ResidentSetSize of job (KB)
...
006 (2118555.003.000) 06/08 00:15:43 Image size of job updated: 655524
	160  -  MemoryUsage of job (MB)
	163088  -  ResidentSetSize of job (KB)
...
006 (2118555.003.000) 06/08 00:20:43 Image size of job updated: 655524
	160  -  MemoryUsage of job (MB)
	163092  -  ResidentSetSize of job (KB)
...
006 (2118555.003.000) 06/08 00:25:44 Image size of job updated: 655524
	160  -  MemoryUsage of job (MB)
	163100  -  ResidentSetSize of job (KB)
...
006 (2118555.003.000) 06/08 00:30:45 Image size of job updated: 655792
	160  -  MemoryUsage of job (MB)
	163320  -  ResidentSetSize of job (KB)
...
006 (2118555.003.000) 06/08 00:35:45 Image size of job updated: 655924
	160  -  MemoryUsage of job (MB)
	163444  -  ResidentSetSize of job (KB)
...
006 (2118555.003.000) 06/08 00:40:46 Image size of job updated: 655924
	160  -  MemoryUsage of job (MB)
	163480  -  ResidentSetSize of job (KB)
...
006 (2118555.003.000) 06/08 00:45:47 Image size of job updated: 655924
	160  -  MemoryUsage of job (MB)
	163484  -  ResidentSetSize of job (KB)
...
006 (2118555.003.000) 06/08 00:55:47 Image size of job updated: 661460
	165  -  MemoryUsage of job (MB)
	168780  -  ResidentSetSize of job (KB)
...
006 (2118555.003.000) 06/08 01:00:48 Image size of job updated: 661856
	166  -  MemoryUsage of job (MB)
	169256  -  ResidentSetSize of job (KB)
...
006 (2118555.003.000) 06/08 01:05:48 Image size of job updated: 661856
	166  -  MemoryUsage of job (MB)
	169276  -  ResidentSetSize of job (KB)
...
006 (2118555.003.000) 06/08 01:15:49 Image size of job updated: 661856
	166  -  MemoryUsage of job (MB)
	169316  -  ResidentSetSize of job (KB)
...
006 (2118555.003.000) 06/08 01:20:49 Image size of job updated: 662132
	166  -  MemoryUsage of job (MB)
	169620  -  ResidentSetSize of job (KB)
...
006 (2118555.003.000) 06/08 01:35:51 Image size of job updated: 667668
	171  -  MemoryUsage of job (MB)
	175068  -  ResidentSetSize of job (KB)
...
006 (2118555.003.000) 06/08 01:40:51 Image size of job updated: 668200
	172  -  MemoryUsage of job (MB)
	175568  -  ResidentSetSize of job (KB)
...
006 (2118555.003.000) 06/08 01:45:52 Image size of job updated: 668200
	172  -  MemoryUsage of job (MB)
	175616  -  ResidentSetSize of job (KB)
...
006 (2118555.003.000) 06/08 01:55:53 Image size of job updated: 668332
	172  -  MemoryUsage of job (MB)
	175808  -  ResidentSetSize of job (KB)
...
006 (2118555.003.000) 06/08 02:00:54 Image size of job updated: 668464
	172  -  MemoryUsage of job (MB)
	175964  -  ResidentSetSize of job (KB)
...
006 (2118555.003.000) 06/08 02:10:55 Image size of job updated: 673612
	177  -  MemoryUsage of job (MB)
	181072  -  ResidentSetSize of job (KB)
...
006 (2118555.003.000) 06/08 02:15:55 Image size of job updated: 673744
	178  -  MemoryUsage of job (MB)
	181320  -  ResidentSetSize of job (KB)
...
006 (2118555.003.000) 06/08 02:20:56 Image size of job updated: 674008
	178  -  MemoryUsage of job (MB)
	181624  -  ResidentSetSize of job (KB)
...
006 (2118555.003.000) 06/08 02:25:56 Image size of job updated: 674672
	178  -  MemoryUsage of job (MB)
	181988  -  ResidentSetSize of job (KB)
...
006 (2118555.003.000) 06/08 02:30:56 Image size of job updated: 674672
	178  -  MemoryUsage of job (MB)
	181992  -  ResidentSetSize of job (KB)
...
006 (2118555.003.000) 06/08 02:40:58 Image size of job updated: 674804
	178  -  MemoryUsage of job (MB)
	182160  -  ResidentSetSize of job (KB)
...
006 (2118555.003.000) 06/08 02:45:58 Image size of job updated: 674936
	178  -  MemoryUsage of job (MB)
	182268  -  ResidentSetSize of job (KB)
...
006 (2118555.003.000) 06/08 02:50:59 Image size of job updated: 674936
	179  -  MemoryUsage of job (MB)
	182320  -  ResidentSetSize of job (KB)
...
006 (2118555.003.000) 06/08 03:01:00 Image size of job updated: 680492
	195  -  MemoryUsage of job (MB)
	198840  -  ResidentSetSize of job (KB)
...
006 (2118555.003.000) 06/08 03:06:01 Image size of job updated: 680892
	195  -  MemoryUsage of job (MB)
	199528  -  ResidentSetSize of job (KB)
...
006 (2118555.003.000) 06/08 03:11:02 Image size of job updated: 681160
	196  -  MemoryUsage of job (MB)
	199784  -  ResidentSetSize of job (KB)
...
006 (2118555.003.000) 06/08 03:16:02 Image size of job updated: 681160
	196  -  MemoryUsage of job (MB)
	199908  -  ResidentSetSize of job (KB)
...
006 (2118555.003.000) 06/08 03:21:02 Image size of job updated: 681292
	196  -  MemoryUsage of job (MB)
	200036  -  ResidentSetSize of job (KB)
...
006 (2118555.003.000) 06/08 03:26:03 Image size of job updated: 681424
	196  -  MemoryUsage of job (MB)
	200208  -  ResidentSetSize of job (KB)
...
006 (2118555.003.000) 06/08 03:31:03 Image size of job updated: 681556
	196  -  MemoryUsage of job (MB)
	200280  -  ResidentSetSize of job (KB)
...
006 (2118555.003.000) 06/08 03:36:03 Image size of job updated: 681556
	196  -  MemoryUsage of job (MB)
	200296  -  ResidentSetSize of job (KB)
...
006 (2118555.003.000) 06/08 03:41:04 Image size of job updated: 687092
	201  -  MemoryUsage of job (MB)
	205724  -  ResidentSetSize of job (KB)
...
006 (2118555.003.000) 06/08 03:46:05 Image size of job updated: 687360
	202  -  MemoryUsage of job (MB)
	206124  -  ResidentSetSize of job (KB)
...
006 (2118555.003.000) 06/08 03:51:05 Image size of job updated: 687496
	202  -  MemoryUsage of job (MB)
	206256  -  ResidentSetSize of job (KB)
...
006 (2118555.003.000) 06/08 03:56:06 Image size of job updated: 687628
	202  -  MemoryUsage of job (MB)
	206276  -  ResidentSetSize of job (KB)
...
006 (2118555.003.000) 06/08 04:01:07 Image size of job updated: 687760
	202  -  MemoryUsage of job (MB)
	206468  -  ResidentSetSize of job (KB)
...
006 (2118555.003.000) 06/08 04:06:07 Image size of job updated: 687892
	202  -  MemoryUsage of job (MB)
	206672  -  ResidentSetSize of job (KB)
...
006 (2118555.003.000) 06/08 04:11:07 Image size of job updated: 687892
	202  -  MemoryUsage of job (MB)
	206684  -  ResidentSetSize of job (KB)
...
006 (2118555.003.000) 06/08 04:16:08 Image size of job updated: 693296
	208  -  MemoryUsage of job (MB)
	212012  -  ResidentSetSize of job (KB)
...
006 (2118555.003.000) 06/08 04:21:08 Image size of job updated: 693560
	208  -  MemoryUsage of job (MB)
	212328  -  ResidentSetSize of job (KB)
...
006 (2118555.003.000) 06/08 04:26:08 Image size of job updated: 693824
	208  -  MemoryUsage of job (MB)
	212548  -  ResidentSetSize of job (KB)
...
006 (2118555.003.000) 06/08 04:31:09 Image size of job updated: 693824
	208  -  MemoryUsage of job (MB)
	212560  -  ResidentSetSize of job (KB)
...
006 (2118555.003.000) 06/08 04:36:10 Image size of job updated: 694088
	208  -  MemoryUsage of job (MB)
	212752  -  ResidentSetSize of job (KB)
...
006 (2118555.003.000) 06/08 04:41:10 Image size of job updated: 694220
	208  -  MemoryUsage of job (MB)
	212952  -  ResidentSetSize of job (KB)
...
006 (2118555.003.000) 06/08 04:46:11 Image size of job updated: 694220
	208  -  MemoryUsage of job (MB)
	212972  -  ResidentSetSize of job (KB)
...
006 (2118555.003.000) 06/08 04:51:12 Image size of job updated: 694220
	209  -  MemoryUsage of job (MB)
	213004  -  ResidentSetSize of job (KB)
...
006 (2118555.003.000) 06/08 04:56:12 Image size of job updated: 700236
	216  -  MemoryUsage of job (MB)
	220640  -  ResidentSetSize of job (KB)
...
006 (2118555.003.000) 06/08 05:01:13 Image size of job updated: 700368
	216  -  MemoryUsage of job (MB)
	220872  -  ResidentSetSize of job (KB)
...
006 (2118555.003.000) 06/08 05:06:14 Image size of job updated: 700504
	216  -  MemoryUsage of job (MB)
	220924  -  ResidentSetSize of job (KB)
...
006 (2118555.003.000) 06/08 05:11:14 Image size of job updated: 700504
	216  -  MemoryUsage of job (MB)
	220944  -  ResidentSetSize of job (KB)
...
006 (2118555.003.000) 06/08 05:16:14 Image size of job updated: 700636
	216  -  MemoryUsage of job (MB)
	221140  -  ResidentSetSize of job (KB)
...
006 (2118555.003.000) 06/08 05:21:15 Image size of job updated: 700768
	217  -  MemoryUsage of job (MB)
	221300  -  ResidentSetSize of job (KB)
...
006 (2118555.003.000) 06/08 05:26:15 Image size of job updated: 700904
	217  -  MemoryUsage of job (MB)
	221316  -  ResidentSetSize of job (KB)
...
006 (2118555.003.000) 06/08 05:31:15 Image size of job updated: 700904
	217  -  MemoryUsage of job (MB)
	221320  -  ResidentSetSize of job (KB)
...
006 (2118555.003.000) 06/08 05:36:16 Image size of job updated: 700904
	217  -  MemoryUsage of job (MB)
	221348  -  ResidentSetSize of job (KB)
...
006 (2118555.003.000) 06/08 05:41:16 Image size of job updated: 706320
	222  -  MemoryUsage of job (MB)
	226736  -  ResidentSetSize of job (KB)
...
006 (2118555.003.000) 06/08 05:46:16 Image size of job updated: 706716
	222  -  MemoryUsage of job (MB)
	227104  -  ResidentSetSize of job (KB)
...
006 (2118555.003.000) 06/08 05:51:17 Image size of job updated: 706848
	222  -  MemoryUsage of job (MB)
	227252  -  ResidentSetSize of job (KB)
...
006 (2118555.003.000) 06/08 05:56:17 Image size of job updated: 706848
	222  -  MemoryUsage of job (MB)
	227276  -  ResidentSetSize of job (KB)
...
006 (2118555.003.000) 06/08 06:11:18 Image size of job updated: 706848
	223  -  MemoryUsage of job (MB)
	227352  -  ResidentSetSize of job (KB)
...
006 (2118555.003.000) 06/08 06:16:19 Image size of job updated: 706980
	223  -  MemoryUsage of job (MB)
	227400  -  ResidentSetSize of job (KB)
...
006 (2118555.003.000) 06/08 06:21:20 Image size of job updated: 707116
	223  -  MemoryUsage of job (MB)
	227536  -  ResidentSetSize of job (KB)
...
006 (2118555.003.000) 06/08 06:31:21 Image size of job updated: 707116
	223  -  MemoryUsage of job (MB)
	227548  -  ResidentSetSize of job (KB)
...
006 (2118555.003.000) 06/08 06:41:22 Image size of job updated: 712264
	228  -  MemoryUsage of job (MB)
	232848  -  ResidentSetSize of job (KB)
...
006 (2118555.003.000) 06/08 06:46:23 Image size of job updated: 712528
	228  -  MemoryUsage of job (MB)
	233168  -  ResidentSetSize of job (KB)
...
006 (2118555.003.000) 06/08 06:51:24 Image size of job updated: 712660
	228  -  MemoryUsage of job (MB)
	233292  -  ResidentSetSize of job (KB)
...
006 (2118555.003.000) 06/08 06:56:24 Image size of job updated: 712792
	228  -  MemoryUsage of job (MB)
	233416  -  ResidentSetSize of job (KB)
...
006 (2118555.003.000) 06/08 07:16:27 Image size of job updated: 713060
	229  -  MemoryUsage of job (MB)
	233628  -  ResidentSetSize of job (KB)
...
006 (2118555.003.000) 06/08 07:21:28 Image size of job updated: 713060
	229  -  MemoryUsage of job (MB)
	233704  -  ResidentSetSize of job (KB)
...
006 (2118555.003.000) 06/08 07:26:28 Image size of job updated: 713192
	229  -  MemoryUsage of job (MB)
	233812  -  ResidentSetSize of job (KB)
...
006 (2118555.003.000) 06/08 07:41:30 Image size of job updated: 718664
	234  -  MemoryUsage of job (MB)
	239260  -  ResidentSetSize of job (KB)
...
006 (2118555.003.000) 06/08 07:46:31 Image size of job updated: 718664
	234  -  MemoryUsage of job (MB)
	239316  -  ResidentSetSize of job (KB)
...
006 (2118555.003.000) 06/08 07:51:32 Image size of job updated: 719064
	235  -  MemoryUsage of job (MB)
	239624  -  ResidentSetSize of job (KB)
...
006 (2118555.003.000) 06/08 07:56:32 Image size of job updated: 719196
	235  -  MemoryUsage of job (MB)
	239836  -  ResidentSetSize of job (KB)
...
006 (2118555.003.000) 06/08 08:01:33 Image size of job updated: 719196
	235  -  MemoryUsage of job (MB)
	239840  -  ResidentSetSize of job (KB)
...
006 (2118555.003.000) 06/08 08:16:35 Image size of job updated: 719460
	235  -  MemoryUsage of job (MB)
	239840  -  ResidentSetSize of job (KB)
...
006 (2118555.003.000) 06/08 08:26:36 Image size of job updated: 719592
	235  -  MemoryUsage of job (MB)
	239840  -  ResidentSetSize of job (KB)
...
004 (2118555.003.000) 06/08 08:36:45 Job was evicted.
	(0) Job was not checkpointed.
		Usr 0 08:35:42, Sys 0 00:00:06  -  Run Remote Usage
		Usr 0 00:00:00, Sys 0 00:00:00  -  Run Local Usage
	103350  -  Run Bytes Sent By Job
	229  -  Run Bytes Received By Job
	Partitionable Resources :    Usage  Request Allocated
	   Cpus                 :                 1         1
	   Disk (KB)            :      112  2048000   2391884
	   Memory (MB)          :      235     2000      2000
...
009 (2118555.003.000) 06/08 08:36:45 Job was aborted by the user.
	via condor_rm (by user choij)
...
