000 (2118555.004.000) 06/08 00:00:15 Job submitted from host: <172.30.1.200:9618?addrs=172.30.1.200-9618+[--1]-9618&noUDP&sock=203143_c79e_3>
...
001 (2118555.004.000) 06/08 00:00:34 Job executing on host: <172.30.1.207:9618?addrs=172.30.1.207-9618+[--1]-9618&noUDP&sock=6818_28cd_3>
...
006 (2118555.004.000) 06/08 00:00:43 Image size of job updated: 180856
	16  -  MemoryUsage of job (MB)
	15448  -  ResidentSetSize of job (KB)
...
006 (2118555.004.000) 06/08 00:05:44 Image size of job updated: 655144
	159  -  MemoryUsage of job (MB)
	162696  -  ResidentSetSize of job (KB)
...
006 (2118555.004.000) 06/08 00:10:45 Image size of job updated: 655276
	160  -  MemoryUsage of job (MB)
	162860  -  ResidentSetSize of job (KB)
...
006 (2118555.004.000) 06/08 00:15:45 Image size of job updated: 655276
	160  -  MemoryUsage of job (MB)
	162864  -  ResidentSetSize of job (KB)
...
006 (2118555.004.000) 06/08 00:20:45 Image size of job updated: 655276
	160  -  MemoryUsage of job (MB)
	162888  -  ResidentSetSize of job (KB)
...
006 (2118555.004.000) 06/08 00:25:47 Image size of job updated: 655408
	160  -  MemoryUsage of job (MB)
	163044  -  ResidentSetSize of job (KB)
...
006 (2118555.004.000) 06/08 00:30:47 Image size of job updated: 655540
	160  -  MemoryUsage of job (MB)
	163160  -  ResidentSetSize of job (KB)
...
006 (2118555.004.000) 06/08 00:35:47 Image size of job updated: 655540
	160  -  MemoryUsage of job (MB)
	163176  -  ResidentSetSize of job (KB)
...
006 (2118555.004.000) 06/08 00:40:48 Image size of job updated: 655804
	160  -  MemoryUsage of job (MB)
	163428  -  ResidentSetSize of job (KB)
...
006 (2118555.004.000) 06/08 00:45:49 Image size of job updated: 655804
	160  -  MemoryUsage of job (MB)
	163432  -  ResidentSetSize of job (KB)
...
006 (2118555.004.000) 06/08 00:50:49 Image size of job updated: 661080
	165  -  MemoryUsage of job (MB)
	168400  -  ResidentSetSize of job (KB)
...
006 (2118555.004.000) 06/08 00:55:50 Image size of job updated: 661348
	165  -  MemoryUsage of job (MB)
	168696  -  ResidentSetSize of job (KB)
...
006 (2118555.004.000) 06/08 01:00:51 Image size of job updated: 661480
	165  -  MemoryUsage of job (MB)
	168908  -  ResidentSetSize of job (KB)
...
006 (2118555.004.000) 06/08 01:05:51 Image size of job updated: 661616
	166  -  MemoryUsage of job (MB)
	168972  -  ResidentSetSize of job (KB)
...
006 (2118555.004.000) 06/08 01:10:51 Image size of job updated: 661748
	166  -  MemoryUsage of job (MB)
	169148  -  ResidentSetSize of job (KB)
...
006 (2118555.004.000) 06/08 01:15:52 Image size of job updated: 661884
	166  -  MemoryUsage of job (MB)
	169256  -  ResidentSetSize of job (KB)
...
006 (2118555.004.000) 06/08 01:20:52 Image size of job updated: 662072
	166  -  MemoryUsage of job (MB)
	169520  -  ResidentSetSize of job (KB)
...
006 (2118555.004.000) 06/08 01:25:52 Image size of job updated: 662072
	166  -  MemoryUsage of job (MB)
	169540  -  ResidentSetSize of job (KB)
...
006 (2118555.004.000) 06/08 01:30:53 Image size of job updated: 667648
	171  -  MemoryUsage of job (MB)
	175052  -  ResidentSetSize of job (KB)
...
006 (2118555.004.000) 06/08 01:35:54 Image size of job updated: 667780
	172  -  MemoryUsage of job (MB)
	175224  -  ResidentSetSize of job (KB)
...
006 (2118555.004.000) 06/08 01:45:55 Image size of job updated: 668048
	172  -  MemoryUsage of job (MB)
	175428  -  ResidentSetSize of job (KB)
...
006 (2118555.004.000) 06/08 01:50:56 Image size of job updated: 668180
	172  -  MemoryUsage of job (MB)
	175572  -  ResidentSetSize of job (KB)
...
006 (2118555.004.000) 06/08 01:55:56 Image size of job updated: 668312
	172  -  MemoryUsage of job (MB)
	175728  -  ResidentSetSize of job (KB)
...
006 (2118555.004.000) 06/08 02:00:56 Image size of job updated: 668312
	172  -  MemoryUsage of job (MB)
	175780  -  ResidentSetSize of job (KB)
...
006 (2118555.004.000) 06/08 02:05:57 Image size of job updated: 673592
	177  -  MemoryUsage of job (MB)
	181176  -  ResidentSetSize of job (KB)
...
006 (2118555.004.000) 06/08 02:10:57 Image size of job updated: 673724
	178  -  MemoryUsage of job (MB)
	181352  -  ResidentSetSize of job (KB)
...
006 (2118555.004.000) 06/08 02:15:57 Image size of job updated: 673856
	178  -  MemoryUsage of job (MB)
	181400  -  ResidentSetSize of job (KB)
...
006 (2118555.004.000) 06/08 02:25:58 Image size of job updated: 673856
	178  -  MemoryUsage of job (MB)
	181460  -  ResidentSetSize of job (KB)
...
006 (2118555.004.000) 06/08 02:30:58 Image size of job updated: 673992
	178  -  MemoryUsage of job (MB)
	181624  -  ResidentSetSize of job (KB)
...
006 (2118555.004.000) 06/08 02:35:59 Image size of job updated: 674676
	178  -  MemoryUsage of job (MB)
	181964  -  ResidentSetSize of job (KB)
...
006 (2118555.004.000) 06/08 02:46:00 Image size of job updated: 674676
	178  -  MemoryUsage of job (MB)
	182084  -  ResidentSetSize of job (KB)
...
006 (2118555.004.000) 06/08 02:56:02 Image size of job updated: 680356
	195  -  MemoryUsage of job (MB)
	199040  -  ResidentSetSize of job (KB)
...
006 (2118555.004.000) 06/08 03:01:02 Image size of job updated: 680624
	195  -  MemoryUsage of job (MB)
	199232  -  ResidentSetSize of job (KB)
...
006 (2118555.004.000) 06/08 03:06:03 Image size of job updated: 680624
	195  -  MemoryUsage of job (MB)
	199252  -  ResidentSetSize of job (KB)
...
006 (2118555.004.000) 06/08 03:11:04 Image size of job updated: 680912
	195  -  MemoryUsage of job (MB)
	199532  -  ResidentSetSize of job (KB)
...
006 (2118555.004.000) 06/08 03:16:04 Image size of job updated: 681044
	196  -  MemoryUsage of job (MB)
	199740  -  ResidentSetSize of job (KB)
...
006 (2118555.004.000) 06/08 03:21:04 Image size of job updated: 681044
	196  -  MemoryUsage of job (MB)
	199760  -  ResidentSetSize of job (KB)
...
006 (2118555.004.000) 06/08 03:26:05 Image size of job updated: 681176
	196  -  MemoryUsage of job (MB)
	199976  -  ResidentSetSize of job (KB)
...
006 (2118555.004.000) 06/08 03:31:05 Image size of job updated: 686588
	201  -  MemoryUsage of job (MB)
	205240  -  ResidentSetSize of job (KB)
...
006 (2118555.004.000) 06/08 03:36:05 Image size of job updated: 686856
	201  -  MemoryUsage of job (MB)
	205504  -  ResidentSetSize of job (KB)
...
006 (2118555.004.000) 06/08 03:41:06 Image size of job updated: 686856
	201  -  MemoryUsage of job (MB)
	205512  -  ResidentSetSize of job (KB)
...
006 (2118555.004.000) 06/08 03:46:07 Image size of job updated: 686992
	201  -  MemoryUsage of job (MB)
	205584  -  ResidentSetSize of job (KB)
...
006 (2118555.004.000) 06/08 03:51:07 Image size of job updated: 687124
	202  -  MemoryUsage of job (MB)
	205832  -  ResidentSetSize of job (KB)
...
006 (2118555.004.000) 06/08 03:56:08 Image size of job updated: 687260
	202  -  MemoryUsage of job (MB)
	205948  -  ResidentSetSize of job (KB)
...
006 (2118555.004.000) 06/08 04:01:09 Image size of job updated: 687392
	202  -  MemoryUsage of job (MB)
	206152  -  ResidentSetSize of job (KB)
...
006 (2118555.004.000) 06/08 04:06:09 Image size of job updated: 692140
	206  -  MemoryUsage of job (MB)
	210740  -  ResidentSetSize of job (KB)
...
006 (2118555.004.000) 06/08 04:11:10 Image size of job updated: 693196
	207  -  MemoryUsage of job (MB)
	211820  -  ResidentSetSize of job (KB)
...
006 (2118555.004.000) 06/08 04:16:11 Image size of job updated: 693196
	207  -  MemoryUsage of job (MB)
	211844  -  ResidentSetSize of job (KB)
...
006 (2118555.004.000) 06/08 04:21:11 Image size of job updated: 693196
	207  -  MemoryUsage of job (MB)
	211896  -  ResidentSetSize of job (KB)
...
006 (2118555.004.000) 06/08 04:26:11 Image size of job updated: 693460
	208  -  MemoryUsage of job (MB)
	212148  -  ResidentSetSize of job (KB)
...
006 (2118555.004.000) 06/08 04:31:12 Image size of job updated: 693592
	208  -  MemoryUsage of job (MB)
	212252  -  ResidentSetSize of job (KB)
...
006 (2118555.004.000) 06/08 04:36:12 Image size of job updated: 693724
	208  -  MemoryUsage of job (MB)
	212460  -  ResidentSetSize of job (KB)
...
006 (2118555.004.000) 06/08 04:41:12 Image size of job updated: 693856
	208  -  MemoryUsage of job (MB)
	212512  -  ResidentSetSize of job (KB)
...
006 (2118555.004.000) 06/08 04:46:13 Image size of job updated: 699264
	215  -  MemoryUsage of job (MB)
	219732  -  ResidentSetSize of job (KB)
...
006 (2118555.004.000) 06/08 04:51:14 Image size of job updated: 699396
	215  -  MemoryUsage of job (MB)
	219840  -  ResidentSetSize of job (KB)
...
006 (2118555.004.000) 06/08 04:56:14 Image size of job updated: 699528
	215  -  MemoryUsage of job (MB)
	219896  -  ResidentSetSize of job (KB)
...
006 (2118555.004.000) 06/08 05:01:15 Image size of job updated: 700116
	216  -  MemoryUsage of job (MB)
	220472  -  ResidentSetSize of job (KB)
...
006 (2118555.004.000) 06/08 05:06:16 Image size of job updated: 700116
	216  -  MemoryUsage of job (MB)
	220508  -  ResidentSetSize of job (KB)
...
006 (2118555.004.000) 06/08 05:11:16 Image size of job updated: 700248
	216  -  MemoryUsage of job (MB)
	220724  -  ResidentSetSize of job (KB)
...
006 (2118555.004.000) 06/08 05:16:16 Image size of job updated: 700384
	216  -  MemoryUsage of job (MB)
	220780  -  ResidentSetSize of job (KB)
...
006 (2118555.004.000) 06/08 05:21:17 Image size of job updated: 705796
	221  -  MemoryUsage of job (MB)
	226220  -  ResidentSetSize of job (KB)
...
006 (2118555.004.000) 06/08 05:26:17 Image size of job updated: 705928
	222  -  MemoryUsage of job (MB)
	226384  -  ResidentSetSize of job (KB)
...
006 (2118555.004.000) 06/08 05:31:17 Image size of job updated: 706064
	222  -  MemoryUsage of job (MB)
	226420  -  ResidentSetSize of job (KB)
...
006 (2118555.004.000) 06/08 05:46:18 Image size of job updated: 706196
	222  -  MemoryUsage of job (MB)
	226552  -  ResidentSetSize of job (KB)
...
006 (2118555.004.000) 06/08 05:51:19 Image size of job updated: 706196
	222  -  MemoryUsage of job (MB)
	226636  -  ResidentSetSize of job (KB)
...
006 (2118555.004.000) 06/08 05:56:19 Image size of job updated: 706328
	222  -  MemoryUsage of job (MB)
	226692  -  ResidentSetSize of job (KB)
...
006 (2118555.004.000) 06/08 06:01:20 Image size of job updated: 706328
	222  -  MemoryUsage of job (MB)
	226700  -  ResidentSetSize of job (KB)
...
006 (2118555.004.000) 06/08 06:06:21 Image size of job updated: 706460
	222  -  MemoryUsage of job (MB)
	226884  -  ResidentSetSize of job (KB)
...
006 (2118555.004.000) 06/08 06:16:22 Image size of job updated: 710684
	226  -  MemoryUsage of job (MB)
	231256  -  ResidentSetSize of job (KB)
...
006 (2118555.004.000) 06/08 06:21:23 Image size of job updated: 711740
	227  -  MemoryUsage of job (MB)
	232304  -  ResidentSetSize of job (KB)
...
006 (2118555.004.000) 06/08 06:26:23 Image size of job updated: 711872
	227  -  MemoryUsage of job (MB)
	232440  -  ResidentSetSize of job (KB)
...
006 (2118555.004.000) 06/08 06:31:24 Image size of job updated: 711872
	228  -  MemoryUsage of job (MB)
	232468  -  ResidentSetSize of job (KB)
...
006 (2118555.004.000) 06/08 06:36:25 Image size of job updated: 711872
	228  -  MemoryUsage of job (MB)
	232472  -  ResidentSetSize of job (KB)
...
006 (2118555.004.000) 06/08 06:41:25 Image size of job updated: 712004
	228  -  MemoryUsage of job (MB)
	232520  -  ResidentSetSize of job (KB)
...
006 (2118555.004.000) 06/08 06:46:26 Image size of job updated: 712136
	228  -  MemoryUsage of job (MB)
	232704  -  ResidentSetSize of job (KB)
...
006 (2118555.004.000) 06/08 06:51:27 Image size of job updated: 712272
	228  -  MemoryUsage of job (MB)
	232832  -  ResidentSetSize of job (KB)
...
006 (2118555.004.000) 06/08 07:01:28 Image size of job updated: 712404
	228  -  MemoryUsage of job (MB)
	233004  -  ResidentSetSize of job (KB)
...
006 (2118555.004.000) 06/08 07:06:29 Image size of job updated: 712404
	228  -  MemoryUsage of job (MB)
	233012  -  ResidentSetSize of job (KB)
...
006 (2118555.004.000) 06/08 07:11:29 Image size of job updated: 712536
	228  -  MemoryUsage of job (MB)
	233104  -  ResidentSetSize of job (KB)
...
006 (2118555.004.000) 06/08 07:16:30 Image size of job updated: 718024
	234  -  MemoryUsage of job (MB)
	238616  -  ResidentSetSize of job (KB)
...
006 (2118555.004.000) 06/08 07:21:31 Image size of job updated: 718156
	234  -  MemoryUsage of job (MB)
	238660  -  ResidentSetSize of job (KB)
...
006 (2118555.004.000) 06/08 07:26:31 Image size of job updated: 718288
	234  -  MemoryUsage of job (MB)
	238792  -  ResidentSetSize of job (KB)
...
006 (2118555.004.000) 06/08 07:31:32 Image size of job updated: 718288
	234  -  MemoryUsage of job (MB)
	238816  -  ResidentSetSize of job (KB)
...
006 (2118555.004.000) 06/08 07:36:33 Image size of job updated: 718288
	234  -  MemoryUsage of job (MB)
	238828  -  ResidentSetSize of job (KB)
...
006 (2118555.004.000) 06/08 07:41:33 Image size of job updated: 718424
	234  -  MemoryUsage of job (MB)
	238964  -  ResidentSetSize of job (KB)
...
006 (2118555.004.000) 06/08 07:46:34 Image size of job updated: 718556
	234  -  MemoryUsage of job (MB)
	239068  -  ResidentSetSize of job (KB)
...
006 (2118555.004.000) 06/08 07:51:35 Image size of job updated: 718556
	234  -  MemoryUsage of job (MB)
	239168  -  ResidentSetSize of job (KB)
...
006 (2118555.004.000) 06/08 08:01:36 Image size of job updated: 718688
	234  -  MemoryUsage of job (MB)
	239312  -  ResidentSetSize of job (KB)
...
006 (2118555.004.000) 06/08 08:11:37 Image size of job updated: 723172
	234  -  MemoryUsage of job (MB)
	239312  -  ResidentSetSize of job (KB)
...
006 (2118555.004.000) 06/08 08:16:38 Image size of job updated: 724360
	234  -  MemoryUsage of job (MB)
	239312  -  ResidentSetSize of job (KB)
...
006 (2118555.004.000) 06/08 08:21:39 Image size of job updated: 724492
	234  -  MemoryUsage of job (MB)
	239312  -  ResidentSetSize of job (KB)
...
004 (2118555.004.000) 06/08 08:36:44 Job was evicted.
	(0) Job was not checkpointed.
		Usr 0 08:35:44, Sys 0 00:00:06  -  Run Remote Usage
		Usr 0 00:00:00, Sys 0 00:00:00  -  Run Local Usage
	106795  -  Run Bytes Sent By Job
	229  -  Run Bytes Received By Job
	Partitionable Resources :    Usage  Request Allocated
	   Cpus                 :                 1         1
	   Disk (KB)            :      116  2048000   2391884
	   Memory (MB)          :      234     2000      2000
...
009 (2118555.004.000) 06/08 08:36:45 Job was aborted by the user.
	via condor_rm (by user choij)
...
