000 (126817.000.000) 2022-03-30 13:42:18 Job submitted from host: <172.30.1.200:9618?addrs=172.30.1.200-9618&alias=tamsa2.snu.ac.kr&noUDP&sock=schedd_3154_f5cb>
...
000 (126817.001.000) 2022-03-30 13:42:18 Job submitted from host: <172.30.1.200:9618?addrs=172.30.1.200-9618&alias=tamsa2.snu.ac.kr&noUDP&sock=schedd_3154_f5cb>
...
000 (126817.002.000) 2022-03-30 13:42:18 Job submitted from host: <172.30.1.200:9618?addrs=172.30.1.200-9618&alias=tamsa2.snu.ac.kr&noUDP&sock=schedd_3154_f5cb>
...
000 (126817.003.000) 2022-03-30 13:42:18 Job submitted from host: <172.30.1.200:9618?addrs=172.30.1.200-9618&alias=tamsa2.snu.ac.kr&noUDP&sock=schedd_3154_f5cb>
...
000 (126817.004.000) 2022-03-30 13:42:18 Job submitted from host: <172.30.1.200:9618?addrs=172.30.1.200-9618&alias=tamsa2.snu.ac.kr&noUDP&sock=schedd_3154_f5cb>
...
000 (126817.005.000) 2022-03-30 13:42:18 Job submitted from host: <172.30.1.200:9618?addrs=172.30.1.200-9618&alias=tamsa2.snu.ac.kr&noUDP&sock=schedd_3154_f5cb>
...
000 (126817.006.000) 2022-03-30 13:42:18 Job submitted from host: <172.30.1.200:9618?addrs=172.30.1.200-9618&alias=tamsa2.snu.ac.kr&noUDP&sock=schedd_3154_f5cb>
...
000 (126817.007.000) 2022-03-30 13:42:18 Job submitted from host: <172.30.1.200:9618?addrs=172.30.1.200-9618&alias=tamsa2.snu.ac.kr&noUDP&sock=schedd_3154_f5cb>
...
000 (126817.008.000) 2022-03-30 13:42:18 Job submitted from host: <172.30.1.200:9618?addrs=172.30.1.200-9618&alias=tamsa2.snu.ac.kr&noUDP&sock=schedd_3154_f5cb>
...
000 (126817.009.000) 2022-03-30 13:42:18 Job submitted from host: <172.30.1.200:9618?addrs=172.30.1.200-9618&alias=tamsa2.snu.ac.kr&noUDP&sock=schedd_3154_f5cb>
...
000 (126817.010.000) 2022-03-30 13:42:18 Job submitted from host: <172.30.1.200:9618?addrs=172.30.1.200-9618&alias=tamsa2.snu.ac.kr&noUDP&sock=schedd_3154_f5cb>
...
000 (126817.011.000) 2022-03-30 13:42:18 Job submitted from host: <172.30.1.200:9618?addrs=172.30.1.200-9618&alias=tamsa2.snu.ac.kr&noUDP&sock=schedd_3154_f5cb>
...
000 (126817.012.000) 2022-03-30 13:42:18 Job submitted from host: <172.30.1.200:9618?addrs=172.30.1.200-9618&alias=tamsa2.snu.ac.kr&noUDP&sock=schedd_3154_f5cb>
...
000 (126817.013.000) 2022-03-30 13:42:18 Job submitted from host: <172.30.1.200:9618?addrs=172.30.1.200-9618&alias=tamsa2.snu.ac.kr&noUDP&sock=schedd_3154_f5cb>
...
000 (126817.014.000) 2022-03-30 13:42:18 Job submitted from host: <172.30.1.200:9618?addrs=172.30.1.200-9618&alias=tamsa2.snu.ac.kr&noUDP&sock=schedd_3154_f5cb>
...
000 (126817.015.000) 2022-03-30 13:42:18 Job submitted from host: <172.30.1.200:9618?addrs=172.30.1.200-9618&alias=tamsa2.snu.ac.kr&noUDP&sock=schedd_3154_f5cb>
...
000 (126817.016.000) 2022-03-30 13:42:18 Job submitted from host: <172.30.1.200:9618?addrs=172.30.1.200-9618&alias=tamsa2.snu.ac.kr&noUDP&sock=schedd_3154_f5cb>
...
000 (126817.017.000) 2022-03-30 13:42:18 Job submitted from host: <172.30.1.200:9618?addrs=172.30.1.200-9618&alias=tamsa2.snu.ac.kr&noUDP&sock=schedd_3154_f5cb>
...
000 (126817.018.000) 2022-03-30 13:42:18 Job submitted from host: <172.30.1.200:9618?addrs=172.30.1.200-9618&alias=tamsa2.snu.ac.kr&noUDP&sock=schedd_3154_f5cb>
...
000 (126817.019.000) 2022-03-30 13:42:18 Job submitted from host: <172.30.1.200:9618?addrs=172.30.1.200-9618&alias=tamsa2.snu.ac.kr&noUDP&sock=schedd_3154_f5cb>
...
001 (126817.000.000) 2022-03-30 13:42:27 Job executing on host: <172.30.1.208:9618?addrs=172.30.1.208-9618&alias=node8&noUDP&sock=startd_32564_c61f>
...
001 (126817.001.000) 2022-03-30 13:42:27 Job executing on host: <172.30.1.208:9618?addrs=172.30.1.208-9618&alias=node8&noUDP&sock=startd_32564_c61f>
...
001 (126817.002.000) 2022-03-30 13:42:28 Job executing on host: <172.30.1.208:9618?addrs=172.30.1.208-9618&alias=node8&noUDP&sock=startd_32564_c61f>
...
001 (126817.003.000) 2022-03-30 13:42:28 Job executing on host: <172.30.1.208:9618?addrs=172.30.1.208-9618&alias=node8&noUDP&sock=startd_32564_c61f>
...
001 (126817.004.000) 2022-03-30 13:42:28 Job executing on host: <172.30.1.208:9618?addrs=172.30.1.208-9618&alias=node8&noUDP&sock=startd_32564_c61f>
...
001 (126817.005.000) 2022-03-30 13:42:28 Job executing on host: <172.30.1.208:9618?addrs=172.30.1.208-9618&alias=node8&noUDP&sock=startd_32564_c61f>
...
001 (126817.006.000) 2022-03-30 13:42:28 Job executing on host: <172.30.1.208:9618?addrs=172.30.1.208-9618&alias=node8&noUDP&sock=startd_32564_c61f>
...
001 (126817.007.000) 2022-03-30 13:42:28 Job executing on host: <172.30.1.208:9618?addrs=172.30.1.208-9618&alias=node8&noUDP&sock=startd_32564_c61f>
...
001 (126817.008.000) 2022-03-30 13:42:28 Job executing on host: <172.30.1.208:9618?addrs=172.30.1.208-9618&alias=node8&noUDP&sock=startd_32564_c61f>
...
001 (126817.009.000) 2022-03-30 13:42:28 Job executing on host: <172.30.1.208:9618?addrs=172.30.1.208-9618&alias=node8&noUDP&sock=startd_32564_c61f>
...
001 (126817.010.000) 2022-03-30 13:42:28 Job executing on host: <172.30.1.208:9618?addrs=172.30.1.208-9618&alias=node8&noUDP&sock=startd_32564_c61f>
...
001 (126817.011.000) 2022-03-30 13:42:28 Job executing on host: <172.30.1.208:9618?addrs=172.30.1.208-9618&alias=node8&noUDP&sock=startd_32564_c61f>
...
001 (126817.012.000) 2022-03-30 13:42:28 Job executing on host: <172.30.1.208:9618?addrs=172.30.1.208-9618&alias=node8&noUDP&sock=startd_32564_c61f>
...
001 (126817.013.000) 2022-03-30 13:42:28 Job executing on host: <172.30.1.208:9618?addrs=172.30.1.208-9618&alias=node8&noUDP&sock=startd_32564_c61f>
...
001 (126817.014.000) 2022-03-30 13:42:28 Job executing on host: <172.30.1.208:9618?addrs=172.30.1.208-9618&alias=node8&noUDP&sock=startd_32564_c61f>
...
001 (126817.015.000) 2022-03-30 13:42:28 Job executing on host: <172.30.1.208:9618?addrs=172.30.1.208-9618&alias=node8&noUDP&sock=startd_32564_c61f>
...
001 (126817.016.000) 2022-03-30 13:42:28 Job executing on host: <172.30.1.208:9618?addrs=172.30.1.208-9618&alias=node8&noUDP&sock=startd_32564_c61f>
...
001 (126817.017.000) 2022-03-30 13:42:29 Job executing on host: <172.30.1.208:9618?addrs=172.30.1.208-9618&alias=node8&noUDP&sock=startd_32564_c61f>
...
001 (126817.018.000) 2022-03-30 13:42:29 Job executing on host: <172.30.1.208:9618?addrs=172.30.1.208-9618&alias=node8&noUDP&sock=startd_32564_c61f>
...
001 (126817.019.000) 2022-03-30 13:42:29 Job executing on host: <172.30.1.208:9618?addrs=172.30.1.208-9618&alias=node8&noUDP&sock=startd_32564_c61f>
...
006 (126817.001.000) 2022-03-30 13:42:36 Image size of job updated: 394048
	152  -  MemoryUsage of job (MB)
	155000  -  ResidentSetSize of job (KB)
...
006 (126817.002.000) 2022-03-30 13:42:36 Image size of job updated: 394048
	156  -  MemoryUsage of job (MB)
	159356  -  ResidentSetSize of job (KB)
...
006 (126817.003.000) 2022-03-30 13:42:36 Image size of job updated: 394048
	158  -  MemoryUsage of job (MB)
	161196  -  ResidentSetSize of job (KB)
...
006 (126817.004.000) 2022-03-30 13:42:36 Image size of job updated: 447268
	157  -  MemoryUsage of job (MB)
	159876  -  ResidentSetSize of job (KB)
...
006 (126817.005.000) 2022-03-30 13:42:36 Image size of job updated: 447268
	156  -  MemoryUsage of job (MB)
	158904  -  ResidentSetSize of job (KB)
...
006 (126817.006.000) 2022-03-30 13:42:36 Image size of job updated: 389360
	160  -  MemoryUsage of job (MB)
	162884  -  ResidentSetSize of job (KB)
...
006 (126817.007.000) 2022-03-30 13:42:36 Image size of job updated: 388964
	159  -  MemoryUsage of job (MB)
	162548  -  ResidentSetSize of job (KB)
...
006 (126817.000.000) 2022-03-30 13:42:37 Image size of job updated: 394048
	171  -  MemoryUsage of job (MB)
	174264  -  ResidentSetSize of job (KB)
...
006 (126817.016.000) 2022-03-30 13:42:37 Image size of job updated: 633476
	172  -  MemoryUsage of job (MB)
	175348  -  ResidentSetSize of job (KB)
...
006 (126817.017.000) 2022-03-30 13:42:37 Image size of job updated: 633472
	176  -  MemoryUsage of job (MB)
	179220  -  ResidentSetSize of job (KB)
...
006 (126817.018.000) 2022-03-30 13:42:37 Image size of job updated: 633472
	175  -  MemoryUsage of job (MB)
	178536  -  ResidentSetSize of job (KB)
...
006 (126817.019.000) 2022-03-30 13:42:37 Image size of job updated: 633472
	175  -  MemoryUsage of job (MB)
	178704  -  ResidentSetSize of job (KB)
...
006 (126817.008.000) 2022-03-30 13:42:37 Image size of job updated: 638600
	179  -  MemoryUsage of job (MB)
	182348  -  ResidentSetSize of job (KB)
...
006 (126817.009.000) 2022-03-30 13:42:37 Image size of job updated: 633476
	177  -  MemoryUsage of job (MB)
	181028  -  ResidentSetSize of job (KB)
...
006 (126817.010.000) 2022-03-30 13:42:37 Image size of job updated: 633476
	177  -  MemoryUsage of job (MB)
	181240  -  ResidentSetSize of job (KB)
...
006 (126817.011.000) 2022-03-30 13:42:37 Image size of job updated: 633476
	182  -  MemoryUsage of job (MB)
	185372  -  ResidentSetSize of job (KB)
...
006 (126817.012.000) 2022-03-30 13:42:37 Image size of job updated: 633480
	178  -  MemoryUsage of job (MB)
	181848  -  ResidentSetSize of job (KB)
...
006 (126817.013.000) 2022-03-30 13:42:37 Image size of job updated: 633480
	178  -  MemoryUsage of job (MB)
	181804  -  ResidentSetSize of job (KB)
...
006 (126817.014.000) 2022-03-30 13:42:37 Image size of job updated: 633476
	180  -  MemoryUsage of job (MB)
	184280  -  ResidentSetSize of job (KB)
...
006 (126817.015.000) 2022-03-30 13:42:37 Image size of job updated: 633476
	183  -  MemoryUsage of job (MB)
	186456  -  ResidentSetSize of job (KB)
...
005 (126817.018.000) 2022-03-30 13:42:41 Job terminated.
	(1) Normal termination (return value 0)
		Usr 0 00:00:05, Sys 0 00:00:02  -  Run Remote Usage
		Usr 0 00:00:00, Sys 0 00:00:00  -  Run Local Usage
		Usr 0 00:00:05, Sys 0 00:00:02  -  Total Remote Usage
		Usr 0 00:00:00, Sys 0 00:00:00  -  Total Local Usage
	0  -  Run Bytes Sent By Job
	0  -  Run Bytes Received By Job
	0  -  Total Bytes Sent By Job
	0  -  Total Bytes Received By Job
	Partitionable Resources :    Usage  Request Allocated 
	   Cpus                 :                 1         1 
	   Disk (KB)            :        1        1    121125 
	   Memory (MB)          :      175     3900      3968 

	Job terminated of its own accord at 2022-03-30T04:42:41Z.
...
006 (126817.019.000) 2022-03-30 13:42:41 Image size of job updated: 664920
	175  -  MemoryUsage of job (MB)
	178704  -  ResidentSetSize of job (KB)
...
005 (126817.019.000) 2022-03-30 13:42:41 Job terminated.
	(1) Normal termination (return value 0)
		Usr 0 00:00:06, Sys 0 00:00:01  -  Run Remote Usage
		Usr 0 00:00:00, Sys 0 00:00:00  -  Run Local Usage
		Usr 0 00:00:06, Sys 0 00:00:01  -  Total Remote Usage
		Usr 0 00:00:00, Sys 0 00:00:00  -  Total Local Usage
	0  -  Run Bytes Sent By Job
	0  -  Run Bytes Received By Job
	0  -  Total Bytes Sent By Job
	0  -  Total Bytes Received By Job
	Partitionable Resources :    Usage  Request Allocated 
	   Cpus                 :                 1         1 
	   Disk (KB)            :        1        1    121125 
	   Memory (MB)          :      175     3900      3968 

	Job terminated of its own accord at 2022-03-30T04:42:41Z.
...
006 (126817.009.000) 2022-03-30 13:42:42 Image size of job updated: 685016
	177  -  MemoryUsage of job (MB)
	181028  -  ResidentSetSize of job (KB)
...
005 (126817.009.000) 2022-03-30 13:42:42 Job terminated.
	(1) Normal termination (return value 0)
		Usr 0 00:00:07, Sys 0 00:00:02  -  Run Remote Usage
		Usr 0 00:00:00, Sys 0 00:00:00  -  Run Local Usage
		Usr 0 00:00:07, Sys 0 00:00:02  -  Total Remote Usage
		Usr 0 00:00:00, Sys 0 00:00:00  -  Total Local Usage
	0  -  Run Bytes Sent By Job
	0  -  Run Bytes Received By Job
	0  -  Total Bytes Sent By Job
	0  -  Total Bytes Received By Job
	Partitionable Resources :    Usage  Request Allocated 
	   Cpus                 :                 1         1 
	   Disk (KB)            :        1        1    121125 
	   Memory (MB)          :      177     3900      3968 

	Job terminated of its own accord at 2022-03-30T04:42:42Z.
...
006 (126817.008.000) 2022-03-30 13:42:42 Image size of job updated: 684984
	179  -  MemoryUsage of job (MB)
	182384  -  ResidentSetSize of job (KB)
...
005 (126817.008.000) 2022-03-30 13:42:42 Job terminated.
	(1) Normal termination (return value 0)
		Usr 0 00:00:07, Sys 0 00:00:02  -  Run Remote Usage
		Usr 0 00:00:00, Sys 0 00:00:00  -  Run Local Usage
		Usr 0 00:00:07, Sys 0 00:00:02  -  Total Remote Usage
		Usr 0 00:00:00, Sys 0 00:00:00  -  Total Local Usage
	0  -  Run Bytes Sent By Job
	0  -  Run Bytes Received By Job
	0  -  Total Bytes Sent By Job
	0  -  Total Bytes Received By Job
	Partitionable Resources :    Usage  Request Allocated 
	   Cpus                 :                 1         1 
	   Disk (KB)            :        1        1    121125 
	   Memory (MB)          :      179     3900      3968 

	Job terminated of its own accord at 2022-03-30T04:42:42Z.
...
006 (126817.004.000) 2022-03-30 13:42:42 Image size of job updated: 688596
	157  -  MemoryUsage of job (MB)
	159876  -  ResidentSetSize of job (KB)
...
005 (126817.004.000) 2022-03-30 13:42:42 Job terminated.
	(1) Normal termination (return value 0)
		Usr 0 00:00:07, Sys 0 00:00:02  -  Run Remote Usage
		Usr 0 00:00:00, Sys 0 00:00:00  -  Run Local Usage
		Usr 0 00:00:07, Sys 0 00:00:02  -  Total Remote Usage
		Usr 0 00:00:00, Sys 0 00:00:00  -  Total Local Usage
	0  -  Run Bytes Sent By Job
	0  -  Run Bytes Received By Job
	0  -  Total Bytes Sent By Job
	0  -  Total Bytes Received By Job
	Partitionable Resources :    Usage  Request Allocated 
	   Cpus                 :                 1         1 
	   Disk (KB)            :        1        1    121125 
	   Memory (MB)          :      157     3900      3968 

	Job terminated of its own accord at 2022-03-30T04:42:42Z.
...
006 (126817.002.000) 2022-03-30 13:42:42 Image size of job updated: 688664
	156  -  MemoryUsage of job (MB)
	159360  -  ResidentSetSize of job (KB)
...
005 (126817.002.000) 2022-03-30 13:42:43 Job terminated.
	(1) Normal termination (return value 0)
		Usr 0 00:00:07, Sys 0 00:00:02  -  Run Remote Usage
		Usr 0 00:00:00, Sys 0 00:00:00  -  Run Local Usage
		Usr 0 00:00:07, Sys 0 00:00:02  -  Total Remote Usage
		Usr 0 00:00:00, Sys 0 00:00:00  -  Total Local Usage
	0  -  Run Bytes Sent By Job
	0  -  Run Bytes Received By Job
	0  -  Total Bytes Sent By Job
	0  -  Total Bytes Received By Job
	Partitionable Resources :    Usage  Request Allocated 
	   Cpus                 :                 1         1 
	   Disk (KB)            :        1        1    121125 
	   Memory (MB)          :      156     3900      3968 

	Job terminated of its own accord at 2022-03-30T04:42:42Z.
...
006 (126817.010.000) 2022-03-30 13:42:43 Image size of job updated: 689856
	177  -  MemoryUsage of job (MB)
	181244  -  ResidentSetSize of job (KB)
...
005 (126817.010.000) 2022-03-30 13:42:43 Job terminated.
	(1) Normal termination (return value 0)
		Usr 0 00:00:08, Sys 0 00:00:02  -  Run Remote Usage
		Usr 0 00:00:00, Sys 0 00:00:00  -  Run Local Usage
		Usr 0 00:00:08, Sys 0 00:00:02  -  Total Remote Usage
		Usr 0 00:00:00, Sys 0 00:00:00  -  Total Local Usage
	0  -  Run Bytes Sent By Job
	0  -  Run Bytes Received By Job
	0  -  Total Bytes Sent By Job
	0  -  Total Bytes Received By Job
	Partitionable Resources :    Usage  Request Allocated 
	   Cpus                 :                 1         1 
	   Disk (KB)            :        1        1    121125 
	   Memory (MB)          :      177     3900      3968 

	Job terminated of its own accord at 2022-03-30T04:42:43Z.
...
006 (126817.003.000) 2022-03-30 13:42:43 Image size of job updated: 688596
	158  -  MemoryUsage of job (MB)
	161196  -  ResidentSetSize of job (KB)
...
005 (126817.003.000) 2022-03-30 13:42:43 Job terminated.
	(1) Normal termination (return value 0)
		Usr 0 00:00:08, Sys 0 00:00:02  -  Run Remote Usage
		Usr 0 00:00:00, Sys 0 00:00:00  -  Run Local Usage
		Usr 0 00:00:08, Sys 0 00:00:02  -  Total Remote Usage
		Usr 0 00:00:00, Sys 0 00:00:00  -  Total Local Usage
	0  -  Run Bytes Sent By Job
	0  -  Run Bytes Received By Job
	0  -  Total Bytes Sent By Job
	0  -  Total Bytes Received By Job
	Partitionable Resources :    Usage  Request Allocated 
	   Cpus                 :                 1         1 
	   Disk (KB)            :        1        1    121125 
	   Memory (MB)          :      158     3900      3968 

	Job terminated of its own accord at 2022-03-30T04:42:43Z.
...
006 (126817.007.000) 2022-03-30 13:42:43 Image size of job updated: 688632
	159  -  MemoryUsage of job (MB)
	162580  -  ResidentSetSize of job (KB)
...
006 (126817.017.000) 2022-03-30 13:42:43 Image size of job updated: 686824
	176  -  MemoryUsage of job (MB)
	179220  -  ResidentSetSize of job (KB)
...
005 (126817.007.000) 2022-03-30 13:42:43 Job terminated.
	(1) Normal termination (return value 0)
		Usr 0 00:00:08, Sys 0 00:00:02  -  Run Remote Usage
		Usr 0 00:00:00, Sys 0 00:00:00  -  Run Local Usage
		Usr 0 00:00:08, Sys 0 00:00:02  -  Total Remote Usage
		Usr 0 00:00:00, Sys 0 00:00:00  -  Total Local Usage
	0  -  Run Bytes Sent By Job
	0  -  Run Bytes Received By Job
	0  -  Total Bytes Sent By Job
	0  -  Total Bytes Received By Job
	Partitionable Resources :    Usage  Request Allocated 
	   Cpus                 :                 1         1 
	   Disk (KB)            :        1        1    121125 
	   Memory (MB)          :      159     3900      3968 

	Job terminated of its own accord at 2022-03-30T04:42:43Z.
...
005 (126817.017.000) 2022-03-30 13:42:43 Job terminated.
	(1) Normal termination (return value 0)
		Usr 0 00:00:08, Sys 0 00:00:02  -  Run Remote Usage
		Usr 0 00:00:00, Sys 0 00:00:00  -  Run Local Usage
		Usr 0 00:00:08, Sys 0 00:00:02  -  Total Remote Usage
		Usr 0 00:00:00, Sys 0 00:00:00  -  Total Local Usage
	0  -  Run Bytes Sent By Job
	0  -  Run Bytes Received By Job
	0  -  Total Bytes Sent By Job
	0  -  Total Bytes Received By Job
	Partitionable Resources :    Usage  Request Allocated 
	   Cpus                 :                 1         1 
	   Disk (KB)            :        1        1    121125 
	   Memory (MB)          :      176     3900      3968 

	Job terminated of its own accord at 2022-03-30T04:42:43Z.
...
006 (126817.012.000) 2022-03-30 13:42:43 Image size of job updated: 689572
	178  -  MemoryUsage of job (MB)
	181852  -  ResidentSetSize of job (KB)
...
005 (126817.012.000) 2022-03-30 13:42:43 Job terminated.
	(1) Normal termination (return value 0)
		Usr 0 00:00:08, Sys 0 00:00:02  -  Run Remote Usage
		Usr 0 00:00:00, Sys 0 00:00:00  -  Run Local Usage
		Usr 0 00:00:08, Sys 0 00:00:02  -  Total Remote Usage
		Usr 0 00:00:00, Sys 0 00:00:00  -  Total Local Usage
	0  -  Run Bytes Sent By Job
	0  -  Run Bytes Received By Job
	0  -  Total Bytes Sent By Job
	0  -  Total Bytes Received By Job
	Partitionable Resources :    Usage  Request Allocated 
	   Cpus                 :                 1         1 
	   Disk (KB)            :        1        1    121125 
	   Memory (MB)          :      178     3900      3968 

	Job terminated of its own accord at 2022-03-30T04:42:43Z.
...
006 (126817.011.000) 2022-03-30 13:42:44 Image size of job updated: 689944
	182  -  MemoryUsage of job (MB)
	185372  -  ResidentSetSize of job (KB)
...
005 (126817.011.000) 2022-03-30 13:42:44 Job terminated.
	(1) Normal termination (return value 0)
		Usr 0 00:00:09, Sys 0 00:00:02  -  Run Remote Usage
		Usr 0 00:00:00, Sys 0 00:00:00  -  Run Local Usage
		Usr 0 00:00:09, Sys 0 00:00:02  -  Total Remote Usage
		Usr 0 00:00:00, Sys 0 00:00:00  -  Total Local Usage
	0  -  Run Bytes Sent By Job
	0  -  Run Bytes Received By Job
	0  -  Total Bytes Sent By Job
	0  -  Total Bytes Received By Job
	Partitionable Resources :    Usage  Request Allocated 
	   Cpus                 :                 1         1 
	   Disk (KB)            :        1        1    121125 
	   Memory (MB)          :      182     3900      3968 

	Job terminated of its own accord at 2022-03-30T04:42:44Z.
...
006 (126817.016.000) 2022-03-30 13:42:44 Image size of job updated: 689524
	172  -  MemoryUsage of job (MB)
	175468  -  ResidentSetSize of job (KB)
...
005 (126817.016.000) 2022-03-30 13:42:44 Job terminated.
	(1) Normal termination (return value 0)
		Usr 0 00:00:09, Sys 0 00:00:02  -  Run Remote Usage
		Usr 0 00:00:00, Sys 0 00:00:00  -  Run Local Usage
		Usr 0 00:00:09, Sys 0 00:00:02  -  Total Remote Usage
		Usr 0 00:00:00, Sys 0 00:00:00  -  Total Local Usage
	0  -  Run Bytes Sent By Job
	0  -  Run Bytes Received By Job
	0  -  Total Bytes Sent By Job
	0  -  Total Bytes Received By Job
	Partitionable Resources :    Usage  Request Allocated 
	   Cpus                 :                 1         1 
	   Disk (KB)            :        1        1    121125 
	   Memory (MB)          :      172     3900      3968 

	Job terminated of its own accord at 2022-03-30T04:42:44Z.
...
006 (126817.013.000) 2022-03-30 13:42:45 Image size of job updated: 689316
	178  -  MemoryUsage of job (MB)
	181816  -  ResidentSetSize of job (KB)
...
005 (126817.013.000) 2022-03-30 13:42:45 Job terminated.
	(1) Normal termination (return value 0)
		Usr 0 00:00:09, Sys 0 00:00:02  -  Run Remote Usage
		Usr 0 00:00:00, Sys 0 00:00:00  -  Run Local Usage
		Usr 0 00:00:09, Sys 0 00:00:02  -  Total Remote Usage
		Usr 0 00:00:00, Sys 0 00:00:00  -  Total Local Usage
	0  -  Run Bytes Sent By Job
	0  -  Run Bytes Received By Job
	0  -  Total Bytes Sent By Job
	0  -  Total Bytes Received By Job
	Partitionable Resources :    Usage  Request Allocated 
	   Cpus                 :                 1         1 
	   Disk (KB)            :        1        1    121125 
	   Memory (MB)          :      178     3900      3968 

	Job terminated of its own accord at 2022-03-30T04:42:45Z.
...
006 (126817.001.000) 2022-03-30 13:42:45 Image size of job updated: 689524
	152  -  MemoryUsage of job (MB)
	155044  -  ResidentSetSize of job (KB)
...
005 (126817.001.000) 2022-03-30 13:42:45 Job terminated.
	(1) Normal termination (return value 0)
		Usr 0 00:00:10, Sys 0 00:00:02  -  Run Remote Usage
		Usr 0 00:00:00, Sys 0 00:00:00  -  Run Local Usage
		Usr 0 00:00:10, Sys 0 00:00:02  -  Total Remote Usage
		Usr 0 00:00:00, Sys 0 00:00:00  -  Total Local Usage
	0  -  Run Bytes Sent By Job
	0  -  Run Bytes Received By Job
	0  -  Total Bytes Sent By Job
	0  -  Total Bytes Received By Job
	Partitionable Resources :    Usage  Request Allocated 
	   Cpus                 :                 1         1 
	   Disk (KB)            :        1        1    121125 
	   Memory (MB)          :      152     3900      3968 

	Job terminated of its own accord at 2022-03-30T04:42:45Z.
...
006 (126817.014.000) 2022-03-30 13:42:45 Image size of job updated: 690008
	180  -  MemoryUsage of job (MB)
	184280  -  ResidentSetSize of job (KB)
...
006 (126817.000.000) 2022-03-30 13:42:45 Image size of job updated: 689572
	171  -  MemoryUsage of job (MB)
	175092  -  ResidentSetSize of job (KB)
...
005 (126817.014.000) 2022-03-30 13:42:45 Job terminated.
	(1) Normal termination (return value 0)
		Usr 0 00:00:10, Sys 0 00:00:02  -  Run Remote Usage
		Usr 0 00:00:00, Sys 0 00:00:00  -  Run Local Usage
		Usr 0 00:00:10, Sys 0 00:00:02  -  Total Remote Usage
		Usr 0 00:00:00, Sys 0 00:00:00  -  Total Local Usage
	0  -  Run Bytes Sent By Job
	0  -  Run Bytes Received By Job
	0  -  Total Bytes Sent By Job
	0  -  Total Bytes Received By Job
	Partitionable Resources :    Usage  Request Allocated 
	   Cpus                 :                 1         1 
	   Disk (KB)            :        1        1    121125 
	   Memory (MB)          :      180     3900      3968 

	Job terminated of its own accord at 2022-03-30T04:42:45Z.
...
005 (126817.000.000) 2022-03-30 13:42:45 Job terminated.
	(1) Normal termination (return value 0)
		Usr 0 00:00:10, Sys 0 00:00:02  -  Run Remote Usage
		Usr 0 00:00:00, Sys 0 00:00:00  -  Run Local Usage
		Usr 0 00:00:10, Sys 0 00:00:02  -  Total Remote Usage
		Usr 0 00:00:00, Sys 0 00:00:00  -  Total Local Usage
	0  -  Run Bytes Sent By Job
	0  -  Run Bytes Received By Job
	0  -  Total Bytes Sent By Job
	0  -  Total Bytes Received By Job
	Partitionable Resources :    Usage  Request Allocated 
	   Cpus                 :                 1         1 
	   Disk (KB)            :        1        1    121125 
	   Memory (MB)          :      171     3900      3968 

	Job terminated of its own accord at 2022-03-30T04:42:45Z.
...
006 (126817.006.000) 2022-03-30 13:42:45 Image size of job updated: 685020
	160  -  MemoryUsage of job (MB)
	162932  -  ResidentSetSize of job (KB)
...
005 (126817.006.000) 2022-03-30 13:42:45 Job terminated.
	(1) Normal termination (return value 0)
		Usr 0 00:00:10, Sys 0 00:00:02  -  Run Remote Usage
		Usr 0 00:00:00, Sys 0 00:00:00  -  Run Local Usage
		Usr 0 00:00:10, Sys 0 00:00:02  -  Total Remote Usage
		Usr 0 00:00:00, Sys 0 00:00:00  -  Total Local Usage
	0  -  Run Bytes Sent By Job
	0  -  Run Bytes Received By Job
	0  -  Total Bytes Sent By Job
	0  -  Total Bytes Received By Job
	Partitionable Resources :    Usage  Request Allocated 
	   Cpus                 :                 1         1 
	   Disk (KB)            :        1        1    121125 
	   Memory (MB)          :      160     3900      3968 

	Job terminated of its own accord at 2022-03-30T04:42:45Z.
...
006 (126817.015.000) 2022-03-30 13:42:46 Image size of job updated: 664736
	183  -  MemoryUsage of job (MB)
	186456  -  ResidentSetSize of job (KB)
...
005 (126817.015.000) 2022-03-30 13:42:46 Job terminated.
	(1) Normal termination (return value 0)
		Usr 0 00:00:11, Sys 0 00:00:02  -  Run Remote Usage
		Usr 0 00:00:00, Sys 0 00:00:00  -  Run Local Usage
		Usr 0 00:00:11, Sys 0 00:00:02  -  Total Remote Usage
		Usr 0 00:00:00, Sys 0 00:00:00  -  Total Local Usage
	0  -  Run Bytes Sent By Job
	0  -  Run Bytes Received By Job
	0  -  Total Bytes Sent By Job
	0  -  Total Bytes Received By Job
	Partitionable Resources :    Usage  Request Allocated 
	   Cpus                 :                 1         1 
	   Disk (KB)            :        1        1    121125 
	   Memory (MB)          :      183     3900      3968 

	Job terminated of its own accord at 2022-03-30T04:42:46Z.
...
006 (126817.005.000) 2022-03-30 13:42:47 Image size of job updated: 690136
	156  -  MemoryUsage of job (MB)
	158904  -  ResidentSetSize of job (KB)
...
005 (126817.005.000) 2022-03-30 13:42:47 Job terminated.
	(1) Normal termination (return value 0)
		Usr 0 00:00:12, Sys 0 00:00:02  -  Run Remote Usage
		Usr 0 00:00:00, Sys 0 00:00:00  -  Run Local Usage
		Usr 0 00:00:12, Sys 0 00:00:02  -  Total Remote Usage
		Usr 0 00:00:00, Sys 0 00:00:00  -  Total Local Usage
	0  -  Run Bytes Sent By Job
	0  -  Run Bytes Received By Job
	0  -  Total Bytes Sent By Job
	0  -  Total Bytes Received By Job
	Partitionable Resources :    Usage  Request Allocated 
	   Cpus                 :                 1         1 
	   Disk (KB)            :        1        1    121125 
	   Memory (MB)          :      156     3900      3968 

	Job terminated of its own accord at 2022-03-30T04:42:47Z.
...
