000 (126480.000.000) 2022-03-29 12:53:31 Job submitted from host: <172.30.1.200:9618?addrs=172.30.1.200-9618&alias=tamsa2.snu.ac.kr&noUDP&sock=schedd_3154_f5cb>
...
000 (126480.001.000) 2022-03-29 12:53:31 Job submitted from host: <172.30.1.200:9618?addrs=172.30.1.200-9618&alias=tamsa2.snu.ac.kr&noUDP&sock=schedd_3154_f5cb>
...
000 (126480.002.000) 2022-03-29 12:53:31 Job submitted from host: <172.30.1.200:9618?addrs=172.30.1.200-9618&alias=tamsa2.snu.ac.kr&noUDP&sock=schedd_3154_f5cb>
...
000 (126480.003.000) 2022-03-29 12:53:31 Job submitted from host: <172.30.1.200:9618?addrs=172.30.1.200-9618&alias=tamsa2.snu.ac.kr&noUDP&sock=schedd_3154_f5cb>
...
000 (126480.004.000) 2022-03-29 12:53:31 Job submitted from host: <172.30.1.200:9618?addrs=172.30.1.200-9618&alias=tamsa2.snu.ac.kr&noUDP&sock=schedd_3154_f5cb>
...
000 (126480.005.000) 2022-03-29 12:53:31 Job submitted from host: <172.30.1.200:9618?addrs=172.30.1.200-9618&alias=tamsa2.snu.ac.kr&noUDP&sock=schedd_3154_f5cb>
...
000 (126480.006.000) 2022-03-29 12:53:31 Job submitted from host: <172.30.1.200:9618?addrs=172.30.1.200-9618&alias=tamsa2.snu.ac.kr&noUDP&sock=schedd_3154_f5cb>
...
000 (126480.007.000) 2022-03-29 12:53:31 Job submitted from host: <172.30.1.200:9618?addrs=172.30.1.200-9618&alias=tamsa2.snu.ac.kr&noUDP&sock=schedd_3154_f5cb>
...
000 (126480.008.000) 2022-03-29 12:53:31 Job submitted from host: <172.30.1.200:9618?addrs=172.30.1.200-9618&alias=tamsa2.snu.ac.kr&noUDP&sock=schedd_3154_f5cb>
...
000 (126480.009.000) 2022-03-29 12:53:31 Job submitted from host: <172.30.1.200:9618?addrs=172.30.1.200-9618&alias=tamsa2.snu.ac.kr&noUDP&sock=schedd_3154_f5cb>
...
000 (126480.010.000) 2022-03-29 12:53:31 Job submitted from host: <172.30.1.200:9618?addrs=172.30.1.200-9618&alias=tamsa2.snu.ac.kr&noUDP&sock=schedd_3154_f5cb>
...
000 (126480.011.000) 2022-03-29 12:53:31 Job submitted from host: <172.30.1.200:9618?addrs=172.30.1.200-9618&alias=tamsa2.snu.ac.kr&noUDP&sock=schedd_3154_f5cb>
...
000 (126480.012.000) 2022-03-29 12:53:31 Job submitted from host: <172.30.1.200:9618?addrs=172.30.1.200-9618&alias=tamsa2.snu.ac.kr&noUDP&sock=schedd_3154_f5cb>
...
000 (126480.013.000) 2022-03-29 12:53:31 Job submitted from host: <172.30.1.200:9618?addrs=172.30.1.200-9618&alias=tamsa2.snu.ac.kr&noUDP&sock=schedd_3154_f5cb>
...
000 (126480.014.000) 2022-03-29 12:53:31 Job submitted from host: <172.30.1.200:9618?addrs=172.30.1.200-9618&alias=tamsa2.snu.ac.kr&noUDP&sock=schedd_3154_f5cb>
...
000 (126480.015.000) 2022-03-29 12:53:31 Job submitted from host: <172.30.1.200:9618?addrs=172.30.1.200-9618&alias=tamsa2.snu.ac.kr&noUDP&sock=schedd_3154_f5cb>
...
000 (126480.016.000) 2022-03-29 12:53:31 Job submitted from host: <172.30.1.200:9618?addrs=172.30.1.200-9618&alias=tamsa2.snu.ac.kr&noUDP&sock=schedd_3154_f5cb>
...
000 (126480.017.000) 2022-03-29 12:53:31 Job submitted from host: <172.30.1.200:9618?addrs=172.30.1.200-9618&alias=tamsa2.snu.ac.kr&noUDP&sock=schedd_3154_f5cb>
...
000 (126480.018.000) 2022-03-29 12:53:31 Job submitted from host: <172.30.1.200:9618?addrs=172.30.1.200-9618&alias=tamsa2.snu.ac.kr&noUDP&sock=schedd_3154_f5cb>
...
000 (126480.019.000) 2022-03-29 12:53:31 Job submitted from host: <172.30.1.200:9618?addrs=172.30.1.200-9618&alias=tamsa2.snu.ac.kr&noUDP&sock=schedd_3154_f5cb>
...
001 (126480.002.000) 2022-03-29 12:53:43 Job executing on host: <172.30.1.202:9618?addrs=172.30.1.202-9618&alias=node2&noUDP&sock=startd_3636_9271>
...
001 (126480.000.000) 2022-03-29 12:53:43 Job executing on host: <172.30.1.202:9618?addrs=172.30.1.202-9618&alias=node2&noUDP&sock=startd_3636_9271>
...
001 (126480.001.000) 2022-03-29 12:53:43 Job executing on host: <172.30.1.202:9618?addrs=172.30.1.202-9618&alias=node2&noUDP&sock=startd_3636_9271>
...
001 (126480.003.000) 2022-03-29 12:53:43 Job executing on host: <172.30.1.202:9618?addrs=172.30.1.202-9618&alias=node2&noUDP&sock=startd_3636_9271>
...
001 (126480.004.000) 2022-03-29 12:53:44 Job executing on host: <172.30.1.202:9618?addrs=172.30.1.202-9618&alias=node2&noUDP&sock=startd_3636_9271>
...
001 (126480.006.000) 2022-03-29 12:53:44 Job executing on host: <172.30.1.202:9618?addrs=172.30.1.202-9618&alias=node2&noUDP&sock=startd_3636_9271>
...
001 (126480.005.000) 2022-03-29 12:53:44 Job executing on host: <172.30.1.202:9618?addrs=172.30.1.202-9618&alias=node2&noUDP&sock=startd_3636_9271>
...
001 (126480.008.000) 2022-03-29 12:53:44 Job executing on host: <172.30.1.202:9618?addrs=172.30.1.202-9618&alias=node2&noUDP&sock=startd_3636_9271>
...
001 (126480.007.000) 2022-03-29 12:53:44 Job executing on host: <172.30.1.202:9618?addrs=172.30.1.202-9618&alias=node2&noUDP&sock=startd_3636_9271>
...
001 (126480.009.000) 2022-03-29 12:53:44 Job executing on host: <172.30.1.202:9618?addrs=172.30.1.202-9618&alias=node2&noUDP&sock=startd_3636_9271>
...
001 (126480.011.000) 2022-03-29 12:53:44 Job executing on host: <172.30.1.202:9618?addrs=172.30.1.202-9618&alias=node2&noUDP&sock=startd_3636_9271>
...
001 (126480.010.000) 2022-03-29 12:53:44 Job executing on host: <172.30.1.202:9618?addrs=172.30.1.202-9618&alias=node2&noUDP&sock=startd_3636_9271>
...
001 (126480.013.000) 2022-03-29 12:53:44 Job executing on host: <172.30.1.202:9618?addrs=172.30.1.202-9618&alias=node2&noUDP&sock=startd_3636_9271>
...
001 (126480.012.000) 2022-03-29 12:53:44 Job executing on host: <172.30.1.202:9618?addrs=172.30.1.202-9618&alias=node2&noUDP&sock=startd_3636_9271>
...
001 (126480.014.000) 2022-03-29 12:53:44 Job executing on host: <172.30.1.202:9618?addrs=172.30.1.202-9618&alias=node2&noUDP&sock=startd_3636_9271>
...
001 (126480.015.000) 2022-03-29 12:53:44 Job executing on host: <172.30.1.202:9618?addrs=172.30.1.202-9618&alias=node2&noUDP&sock=startd_3636_9271>
...
001 (126480.016.000) 2022-03-29 12:53:44 Job executing on host: <172.30.1.202:9618?addrs=172.30.1.202-9618&alias=node2&noUDP&sock=startd_3636_9271>
...
001 (126480.017.000) 2022-03-29 12:53:44 Job executing on host: <172.30.1.202:9618?addrs=172.30.1.202-9618&alias=node2&noUDP&sock=startd_3636_9271>
...
001 (126480.019.000) 2022-03-29 12:53:44 Job executing on host: <172.30.1.202:9618?addrs=172.30.1.202-9618&alias=node2&noUDP&sock=startd_3636_9271>
...
001 (126480.018.000) 2022-03-29 12:53:44 Job executing on host: <172.30.1.202:9618?addrs=172.30.1.202-9618&alias=node2&noUDP&sock=startd_3636_9271>
...
006 (126480.003.000) 2022-03-29 12:53:52 Image size of job updated: 393916
	151  -  MemoryUsage of job (MB)
	153636  -  ResidentSetSize of job (KB)
...
006 (126480.004.000) 2022-03-29 12:53:52 Image size of job updated: 393916
	151  -  MemoryUsage of job (MB)
	153852  -  ResidentSetSize of job (KB)
...
006 (126480.006.000) 2022-03-29 12:53:52 Image size of job updated: 393916
	152  -  MemoryUsage of job (MB)
	154804  -  ResidentSetSize of job (KB)
...
006 (126480.005.000) 2022-03-29 12:53:52 Image size of job updated: 393916
	151  -  MemoryUsage of job (MB)
	154256  -  ResidentSetSize of job (KB)
...
006 (126480.008.000) 2022-03-29 12:53:52 Image size of job updated: 393916
	153  -  MemoryUsage of job (MB)
	155960  -  ResidentSetSize of job (KB)
...
006 (126480.007.000) 2022-03-29 12:53:52 Image size of job updated: 393916
	155  -  MemoryUsage of job (MB)
	158068  -  ResidentSetSize of job (KB)
...
006 (126480.009.000) 2022-03-29 12:53:52 Image size of job updated: 393916
	156  -  MemoryUsage of job (MB)
	159656  -  ResidentSetSize of job (KB)
...
006 (126480.011.000) 2022-03-29 12:53:52 Image size of job updated: 393916
	153  -  MemoryUsage of job (MB)
	155964  -  ResidentSetSize of job (KB)
...
006 (126480.010.000) 2022-03-29 12:53:52 Image size of job updated: 393916
	154  -  MemoryUsage of job (MB)
	156784  -  ResidentSetSize of job (KB)
...
006 (126480.002.000) 2022-03-29 12:53:52 Image size of job updated: 393916
	162  -  MemoryUsage of job (MB)
	165692  -  ResidentSetSize of job (KB)
...
006 (126480.000.000) 2022-03-29 12:53:52 Image size of job updated: 393916
	162  -  MemoryUsage of job (MB)
	165548  -  ResidentSetSize of job (KB)
...
006 (126480.001.000) 2022-03-29 12:53:52 Image size of job updated: 393916
	165  -  MemoryUsage of job (MB)
	168172  -  ResidentSetSize of job (KB)
...
006 (126480.019.000) 2022-03-29 12:53:53 Image size of job updated: 385952
	166  -  MemoryUsage of job (MB)
	169028  -  ResidentSetSize of job (KB)
...
006 (126480.018.000) 2022-03-29 12:53:53 Image size of job updated: 385360
	166  -  MemoryUsage of job (MB)
	169580  -  ResidentSetSize of job (KB)
...
006 (126480.013.000) 2022-03-29 12:53:53 Image size of job updated: 393648
	177  -  MemoryUsage of job (MB)
	180672  -  ResidentSetSize of job (KB)
...
006 (126480.012.000) 2022-03-29 12:53:53 Image size of job updated: 393648
	179  -  MemoryUsage of job (MB)
	182520  -  ResidentSetSize of job (KB)
...
006 (126480.014.000) 2022-03-29 12:53:53 Image size of job updated: 393648
	179  -  MemoryUsage of job (MB)
	182524  -  ResidentSetSize of job (KB)
...
006 (126480.015.000) 2022-03-29 12:53:53 Image size of job updated: 393648
	179  -  MemoryUsage of job (MB)
	182528  -  ResidentSetSize of job (KB)
...
006 (126480.016.000) 2022-03-29 12:53:53 Image size of job updated: 385952
	179  -  MemoryUsage of job (MB)
	182528  -  ResidentSetSize of job (KB)
...
006 (126480.017.000) 2022-03-29 12:53:53 Image size of job updated: 385836
	180  -  MemoryUsage of job (MB)
	183376  -  ResidentSetSize of job (KB)
...
005 (126480.008.000) 2022-03-29 12:54:01 Job terminated.
	(1) Normal termination (return value 0)
		Usr 0 00:00:08, Sys 0 00:00:02  -  Run Remote Usage
		Usr 0 00:00:00, Sys 0 00:00:00  -  Run Local Usage
		Usr 0 00:00:08, Sys 0 00:00:02  -  Total Remote Usage
		Usr 0 00:00:00, Sys 0 00:00:00  -  Total Local Usage
	0  -  Run Bytes Sent By Job
	0  -  Run Bytes Received By Job
	0  -  Total Bytes Sent By Job
	0  -  Total Bytes Received By Job
	Partitionable Resources :    Usage  Request Allocated 
	   Cpus                 :                 1         1 
	   Disk (KB)            :        1        1    129249 
	   Memory (MB)          :      153     3900      3968 

	Job terminated of its own accord at 2022-03-29T03:54:01Z.
...
006 (126480.002.000) 2022-03-29 12:54:01 Image size of job updated: 691452
	162  -  MemoryUsage of job (MB)
	165720  -  ResidentSetSize of job (KB)
...
005 (126480.002.000) 2022-03-29 12:54:01 Job terminated.
	(1) Normal termination (return value 0)
		Usr 0 00:00:09, Sys 0 00:00:02  -  Run Remote Usage
		Usr 0 00:00:00, Sys 0 00:00:00  -  Run Local Usage
		Usr 0 00:00:09, Sys 0 00:00:02  -  Total Remote Usage
		Usr 0 00:00:00, Sys 0 00:00:00  -  Total Local Usage
	0  -  Run Bytes Sent By Job
	0  -  Run Bytes Received By Job
	0  -  Total Bytes Sent By Job
	0  -  Total Bytes Received By Job
	Partitionable Resources :    Usage  Request Allocated 
	   Cpus                 :                 1         1 
	   Disk (KB)            :        1        1    129249 
	   Memory (MB)          :      162     3900      3968 

	Job terminated of its own accord at 2022-03-29T03:54:01Z.
...
006 (126480.017.000) 2022-03-29 12:54:02 Image size of job updated: 691464
	180  -  MemoryUsage of job (MB)
	183392  -  ResidentSetSize of job (KB)
...
005 (126480.017.000) 2022-03-29 12:54:02 Job terminated.
	(1) Normal termination (return value 0)
		Usr 0 00:00:10, Sys 0 00:00:02  -  Run Remote Usage
		Usr 0 00:00:00, Sys 0 00:00:00  -  Run Local Usage
		Usr 0 00:00:10, Sys 0 00:00:02  -  Total Remote Usage
		Usr 0 00:00:00, Sys 0 00:00:00  -  Total Local Usage
	0  -  Run Bytes Sent By Job
	0  -  Run Bytes Received By Job
	0  -  Total Bytes Sent By Job
	0  -  Total Bytes Received By Job
	Partitionable Resources :    Usage  Request Allocated 
	   Cpus                 :                 1         1 
	   Disk (KB)            :        1        1    129249 
	   Memory (MB)          :      180     3900      3968 

	Job terminated of its own accord at 2022-03-29T03:54:02Z.
...
006 (126480.015.000) 2022-03-29 12:54:02 Image size of job updated: 691484
	179  -  MemoryUsage of job (MB)
	182528  -  ResidentSetSize of job (KB)
...
005 (126480.015.000) 2022-03-29 12:54:02 Job terminated.
	(1) Normal termination (return value 0)
		Usr 0 00:00:10, Sys 0 00:00:02  -  Run Remote Usage
		Usr 0 00:00:00, Sys 0 00:00:00  -  Run Local Usage
		Usr 0 00:00:10, Sys 0 00:00:02  -  Total Remote Usage
		Usr 0 00:00:00, Sys 0 00:00:00  -  Total Local Usage
	0  -  Run Bytes Sent By Job
	0  -  Run Bytes Received By Job
	0  -  Total Bytes Sent By Job
	0  -  Total Bytes Received By Job
	Partitionable Resources :    Usage  Request Allocated 
	   Cpus                 :                 1         1 
	   Disk (KB)            :        1        1    129249 
	   Memory (MB)          :      179     3900      3968 

	Job terminated of its own accord at 2022-03-29T03:54:02Z.
...
006 (126480.012.000) 2022-03-29 12:54:02 Image size of job updated: 691720
	179  -  MemoryUsage of job (MB)
	182520  -  ResidentSetSize of job (KB)
...
005 (126480.012.000) 2022-03-29 12:54:02 Job terminated.
	(1) Normal termination (return value 0)
		Usr 0 00:00:10, Sys 0 00:00:02  -  Run Remote Usage
		Usr 0 00:00:00, Sys 0 00:00:00  -  Run Local Usage
		Usr 0 00:00:10, Sys 0 00:00:02  -  Total Remote Usage
		Usr 0 00:00:00, Sys 0 00:00:00  -  Total Local Usage
	0  -  Run Bytes Sent By Job
	0  -  Run Bytes Received By Job
	0  -  Total Bytes Sent By Job
	0  -  Total Bytes Received By Job
	Partitionable Resources :    Usage  Request Allocated 
	   Cpus                 :                 1         1 
	   Disk (KB)            :        1        1    129249 
	   Memory (MB)          :      179     3900      3968 

	Job terminated of its own accord at 2022-03-29T03:54:02Z.
...
006 (126480.011.000) 2022-03-29 12:54:02 Image size of job updated: 691216
	153  -  MemoryUsage of job (MB)
	155964  -  ResidentSetSize of job (KB)
...
005 (126480.011.000) 2022-03-29 12:54:02 Job terminated.
	(1) Normal termination (return value 0)
		Usr 0 00:00:11, Sys 0 00:00:02  -  Run Remote Usage
		Usr 0 00:00:00, Sys 0 00:00:00  -  Run Local Usage
		Usr 0 00:00:11, Sys 0 00:00:02  -  Total Remote Usage
		Usr 0 00:00:00, Sys 0 00:00:00  -  Total Local Usage
	0  -  Run Bytes Sent By Job
	0  -  Run Bytes Received By Job
	0  -  Total Bytes Sent By Job
	0  -  Total Bytes Received By Job
	Partitionable Resources :    Usage  Request Allocated 
	   Cpus                 :                 1         1 
	   Disk (KB)            :        1        1    129249 
	   Memory (MB)          :      153     3900      3968 

	Job terminated of its own accord at 2022-03-29T03:54:02Z.
...
006 (126480.010.000) 2022-03-29 12:54:03 Image size of job updated: 691460
	154  -  MemoryUsage of job (MB)
	156784  -  ResidentSetSize of job (KB)
...
006 (126480.009.000) 2022-03-29 12:54:03 Image size of job updated: 691464
	156  -  MemoryUsage of job (MB)
	159720  -  ResidentSetSize of job (KB)
...
005 (126480.010.000) 2022-03-29 12:54:03 Job terminated.
	(1) Normal termination (return value 0)
		Usr 0 00:00:11, Sys 0 00:00:02  -  Run Remote Usage
		Usr 0 00:00:00, Sys 0 00:00:00  -  Run Local Usage
		Usr 0 00:00:11, Sys 0 00:00:02  -  Total Remote Usage
		Usr 0 00:00:00, Sys 0 00:00:00  -  Total Local Usage
	0  -  Run Bytes Sent By Job
	0  -  Run Bytes Received By Job
	0  -  Total Bytes Sent By Job
	0  -  Total Bytes Received By Job
	Partitionable Resources :    Usage  Request Allocated 
	   Cpus                 :                 1         1 
	   Disk (KB)            :        1        1    129249 
	   Memory (MB)          :      154     3900      3968 

	Job terminated of its own accord at 2022-03-29T03:54:03Z.
...
005 (126480.009.000) 2022-03-29 12:54:03 Job terminated.
	(1) Normal termination (return value 0)
		Usr 0 00:00:12, Sys 0 00:00:02  -  Run Remote Usage
		Usr 0 00:00:00, Sys 0 00:00:00  -  Run Local Usage
		Usr 0 00:00:12, Sys 0 00:00:02  -  Total Remote Usage
		Usr 0 00:00:00, Sys 0 00:00:00  -  Total Local Usage
	0  -  Run Bytes Sent By Job
	0  -  Run Bytes Received By Job
	0  -  Total Bytes Sent By Job
	0  -  Total Bytes Received By Job
	Partitionable Resources :    Usage  Request Allocated 
	   Cpus                 :                 1         1 
	   Disk (KB)            :        1        1    129249 
	   Memory (MB)          :      156     3900      3968 

	Job terminated of its own accord at 2022-03-29T03:54:03Z.
...
006 (126480.003.000) 2022-03-29 12:54:05 Image size of job updated: 691592
	151  -  MemoryUsage of job (MB)
	153636  -  ResidentSetSize of job (KB)
...
006 (126480.014.000) 2022-03-29 12:54:05 Image size of job updated: 691660
	179  -  MemoryUsage of job (MB)
	182524  -  ResidentSetSize of job (KB)
...
005 (126480.003.000) 2022-03-29 12:54:05 Job terminated.
	(1) Normal termination (return value 0)
		Usr 0 00:00:14, Sys 0 00:00:02  -  Run Remote Usage
		Usr 0 00:00:00, Sys 0 00:00:00  -  Run Local Usage
		Usr 0 00:00:14, Sys 0 00:00:02  -  Total Remote Usage
		Usr 0 00:00:00, Sys 0 00:00:00  -  Total Local Usage
	0  -  Run Bytes Sent By Job
	0  -  Run Bytes Received By Job
	0  -  Total Bytes Sent By Job
	0  -  Total Bytes Received By Job
	Partitionable Resources :    Usage  Request Allocated 
	   Cpus                 :                 1         1 
	   Disk (KB)            :        1        1    129249 
	   Memory (MB)          :      151     3900      3968 

	Job terminated of its own accord at 2022-03-29T03:54:05Z.
...
005 (126480.014.000) 2022-03-29 12:54:05 Job terminated.
	(1) Normal termination (return value 0)
		Usr 0 00:00:14, Sys 0 00:00:02  -  Run Remote Usage
		Usr 0 00:00:00, Sys 0 00:00:00  -  Run Local Usage
		Usr 0 00:00:14, Sys 0 00:00:02  -  Total Remote Usage
		Usr 0 00:00:00, Sys 0 00:00:00  -  Total Local Usage
	0  -  Run Bytes Sent By Job
	0  -  Run Bytes Received By Job
	0  -  Total Bytes Sent By Job
	0  -  Total Bytes Received By Job
	Partitionable Resources :    Usage  Request Allocated 
	   Cpus                 :                 1         1 
	   Disk (KB)            :        1        1    129249 
	   Memory (MB)          :      179     3900      3968 

	Job terminated of its own accord at 2022-03-29T03:54:05Z.
...
006 (126480.007.000) 2022-03-29 12:54:05 Image size of job updated: 691672
	155  -  MemoryUsage of job (MB)
	158068  -  ResidentSetSize of job (KB)
...
005 (126480.007.000) 2022-03-29 12:54:05 Job terminated.
	(1) Normal termination (return value 0)
		Usr 0 00:00:14, Sys 0 00:00:02  -  Run Remote Usage
		Usr 0 00:00:00, Sys 0 00:00:00  -  Run Local Usage
		Usr 0 00:00:14, Sys 0 00:00:02  -  Total Remote Usage
		Usr 0 00:00:00, Sys 0 00:00:00  -  Total Local Usage
	0  -  Run Bytes Sent By Job
	0  -  Run Bytes Received By Job
	0  -  Total Bytes Sent By Job
	0  -  Total Bytes Received By Job
	Partitionable Resources :    Usage  Request Allocated 
	   Cpus                 :                 1         1 
	   Disk (KB)            :        1        1    129249 
	   Memory (MB)          :      155     3900      3968 

	Job terminated of its own accord at 2022-03-29T03:54:05Z.
...
006 (126480.006.000) 2022-03-29 12:54:07 Image size of job updated: 691804
	152  -  MemoryUsage of job (MB)
	154804  -  ResidentSetSize of job (KB)
...
006 (126480.001.000) 2022-03-29 12:54:07 Image size of job updated: 691996
	165  -  MemoryUsage of job (MB)
	168172  -  ResidentSetSize of job (KB)
...
005 (126480.006.000) 2022-03-29 12:54:07 Job terminated.
	(1) Normal termination (return value 0)
		Usr 0 00:00:15, Sys 0 00:00:02  -  Run Remote Usage
		Usr 0 00:00:00, Sys 0 00:00:00  -  Run Local Usage
		Usr 0 00:00:15, Sys 0 00:00:02  -  Total Remote Usage
		Usr 0 00:00:00, Sys 0 00:00:00  -  Total Local Usage
	0  -  Run Bytes Sent By Job
	0  -  Run Bytes Received By Job
	0  -  Total Bytes Sent By Job
	0  -  Total Bytes Received By Job
	Partitionable Resources :    Usage  Request Allocated 
	   Cpus                 :                 1         1 
	   Disk (KB)            :        1        1    129249 
	   Memory (MB)          :      152     3900      3968 

	Job terminated of its own accord at 2022-03-29T03:54:07Z.
...
005 (126480.001.000) 2022-03-29 12:54:07 Job terminated.
	(1) Normal termination (return value 0)
		Usr 0 00:00:15, Sys 0 00:00:02  -  Run Remote Usage
		Usr 0 00:00:00, Sys 0 00:00:00  -  Run Local Usage
		Usr 0 00:00:15, Sys 0 00:00:02  -  Total Remote Usage
		Usr 0 00:00:00, Sys 0 00:00:00  -  Total Local Usage
	0  -  Run Bytes Sent By Job
	0  -  Run Bytes Received By Job
	0  -  Total Bytes Sent By Job
	0  -  Total Bytes Received By Job
	Partitionable Resources :    Usage  Request Allocated 
	   Cpus                 :                 1         1 
	   Disk (KB)            :        1        1    129249 
	   Memory (MB)          :      165     3900      3968 

	Job terminated of its own accord at 2022-03-29T03:54:07Z.
...
006 (126480.005.000) 2022-03-29 12:54:07 Image size of job updated: 691652
	151  -  MemoryUsage of job (MB)
	154260  -  ResidentSetSize of job (KB)
...
005 (126480.005.000) 2022-03-29 12:54:08 Job terminated.
	(1) Normal termination (return value 0)
		Usr 0 00:00:16, Sys 0 00:00:02  -  Run Remote Usage
		Usr 0 00:00:00, Sys 0 00:00:00  -  Run Local Usage
		Usr 0 00:00:16, Sys 0 00:00:02  -  Total Remote Usage
		Usr 0 00:00:00, Sys 0 00:00:00  -  Total Local Usage
	0  -  Run Bytes Sent By Job
	0  -  Run Bytes Received By Job
	0  -  Total Bytes Sent By Job
	0  -  Total Bytes Received By Job
	Partitionable Resources :    Usage  Request Allocated 
	   Cpus                 :                 1         1 
	   Disk (KB)            :        1        1    129249 
	   Memory (MB)          :      151     3900      3968 

	Job terminated of its own accord at 2022-03-29T03:54:07Z.
...
006 (126480.000.000) 2022-03-29 12:54:08 Image size of job updated: 693460
	162  -  MemoryUsage of job (MB)
	165548  -  ResidentSetSize of job (KB)
...
006 (126480.016.000) 2022-03-29 12:54:08 Image size of job updated: 692436
	179  -  MemoryUsage of job (MB)
	182528  -  ResidentSetSize of job (KB)
...
005 (126480.000.000) 2022-03-29 12:54:08 Job terminated.
	(1) Normal termination (return value 0)
		Usr 0 00:00:17, Sys 0 00:00:02  -  Run Remote Usage
		Usr 0 00:00:00, Sys 0 00:00:00  -  Run Local Usage
		Usr 0 00:00:17, Sys 0 00:00:02  -  Total Remote Usage
		Usr 0 00:00:00, Sys 0 00:00:00  -  Total Local Usage
	0  -  Run Bytes Sent By Job
	0  -  Run Bytes Received By Job
	0  -  Total Bytes Sent By Job
	0  -  Total Bytes Received By Job
	Partitionable Resources :    Usage  Request Allocated 
	   Cpus                 :                 1         1 
	   Disk (KB)            :        1        1    129249 
	   Memory (MB)          :      162     3900      3968 

	Job terminated of its own accord at 2022-03-29T03:54:08Z.
...
005 (126480.016.000) 2022-03-29 12:54:09 Job terminated.
	(1) Normal termination (return value 0)
		Usr 0 00:00:17, Sys 0 00:00:02  -  Run Remote Usage
		Usr 0 00:00:00, Sys 0 00:00:00  -  Run Local Usage
		Usr 0 00:00:17, Sys 0 00:00:02  -  Total Remote Usage
		Usr 0 00:00:00, Sys 0 00:00:00  -  Total Local Usage
	0  -  Run Bytes Sent By Job
	0  -  Run Bytes Received By Job
	0  -  Total Bytes Sent By Job
	0  -  Total Bytes Received By Job
	Partitionable Resources :    Usage  Request Allocated 
	   Cpus                 :                 1         1 
	   Disk (KB)            :        1        1    129249 
	   Memory (MB)          :      179     3900      3968 

	Job terminated of its own accord at 2022-03-29T03:54:08Z.
...
006 (126480.019.000) 2022-03-29 12:54:09 Image size of job updated: 691736
	166  -  MemoryUsage of job (MB)
	169032  -  ResidentSetSize of job (KB)
...
005 (126480.019.000) 2022-03-29 12:54:09 Job terminated.
	(1) Normal termination (return value 0)
		Usr 0 00:00:17, Sys 0 00:00:02  -  Run Remote Usage
		Usr 0 00:00:00, Sys 0 00:00:00  -  Run Local Usage
		Usr 0 00:00:17, Sys 0 00:00:02  -  Total Remote Usage
		Usr 0 00:00:00, Sys 0 00:00:00  -  Total Local Usage
	0  -  Run Bytes Sent By Job
	0  -  Run Bytes Received By Job
	0  -  Total Bytes Sent By Job
	0  -  Total Bytes Received By Job
	Partitionable Resources :    Usage  Request Allocated 
	   Cpus                 :                 1         1 
	   Disk (KB)            :        1        1    129249 
	   Memory (MB)          :      166     3900      3968 

	Job terminated of its own accord at 2022-03-29T03:54:09Z.
...
006 (126480.004.000) 2022-03-29 12:54:10 Image size of job updated: 693272
	151  -  MemoryUsage of job (MB)
	153852  -  ResidentSetSize of job (KB)
...
005 (126480.004.000) 2022-03-29 12:54:10 Job terminated.
	(1) Normal termination (return value 0)
		Usr 0 00:00:18, Sys 0 00:00:02  -  Run Remote Usage
		Usr 0 00:00:00, Sys 0 00:00:00  -  Run Local Usage
		Usr 0 00:00:18, Sys 0 00:00:02  -  Total Remote Usage
		Usr 0 00:00:00, Sys 0 00:00:00  -  Total Local Usage
	0  -  Run Bytes Sent By Job
	0  -  Run Bytes Received By Job
	0  -  Total Bytes Sent By Job
	0  -  Total Bytes Received By Job
	Partitionable Resources :    Usage  Request Allocated 
	   Cpus                 :                 1         1 
	   Disk (KB)            :        1        1    129249 
	   Memory (MB)          :      151     3900      3968 

	Job terminated of its own accord at 2022-03-29T03:54:10Z.
...
006 (126480.013.000) 2022-03-29 12:54:10 Image size of job updated: 691380
	177  -  MemoryUsage of job (MB)
	180672  -  ResidentSetSize of job (KB)
...
005 (126480.013.000) 2022-03-29 12:54:10 Job terminated.
	(1) Normal termination (return value 0)
		Usr 0 00:00:18, Sys 0 00:00:02  -  Run Remote Usage
		Usr 0 00:00:00, Sys 0 00:00:00  -  Run Local Usage
		Usr 0 00:00:18, Sys 0 00:00:02  -  Total Remote Usage
		Usr 0 00:00:00, Sys 0 00:00:00  -  Total Local Usage
	0  -  Run Bytes Sent By Job
	0  -  Run Bytes Received By Job
	0  -  Total Bytes Sent By Job
	0  -  Total Bytes Received By Job
	Partitionable Resources :    Usage  Request Allocated 
	   Cpus                 :                 1         1 
	   Disk (KB)            :        1        1    129249 
	   Memory (MB)          :      177     3900      3968 

	Job terminated of its own accord at 2022-03-29T03:54:10Z.
...
006 (126480.018.000) 2022-03-29 12:54:17 Image size of job updated: 691676
	166  -  MemoryUsage of job (MB)
	169580  -  ResidentSetSize of job (KB)
...
005 (126480.018.000) 2022-03-29 12:54:17 Job terminated.
	(1) Normal termination (return value 0)
		Usr 0 00:00:25, Sys 0 00:00:02  -  Run Remote Usage
		Usr 0 00:00:00, Sys 0 00:00:00  -  Run Local Usage
		Usr 0 00:00:25, Sys 0 00:00:02  -  Total Remote Usage
		Usr 0 00:00:00, Sys 0 00:00:00  -  Total Local Usage
	0  -  Run Bytes Sent By Job
	0  -  Run Bytes Received By Job
	0  -  Total Bytes Sent By Job
	0  -  Total Bytes Received By Job
	Partitionable Resources :    Usage  Request Allocated 
	   Cpus                 :                 1         1 
	   Disk (KB)            :        1        1    129249 
	   Memory (MB)          :      166     3900      3968 

	Job terminated of its own accord at 2022-03-29T03:54:17Z.
...
000 (126515.000.000) 2022-03-29 13:32:02 Job submitted from host: <172.30.1.200:9618?addrs=172.30.1.200-9618&alias=tamsa2.snu.ac.kr&noUDP&sock=schedd_3154_f5cb>
...
000 (126515.001.000) 2022-03-29 13:32:02 Job submitted from host: <172.30.1.200:9618?addrs=172.30.1.200-9618&alias=tamsa2.snu.ac.kr&noUDP&sock=schedd_3154_f5cb>
...
000 (126515.002.000) 2022-03-29 13:32:02 Job submitted from host: <172.30.1.200:9618?addrs=172.30.1.200-9618&alias=tamsa2.snu.ac.kr&noUDP&sock=schedd_3154_f5cb>
...
000 (126515.003.000) 2022-03-29 13:32:02 Job submitted from host: <172.30.1.200:9618?addrs=172.30.1.200-9618&alias=tamsa2.snu.ac.kr&noUDP&sock=schedd_3154_f5cb>
...
000 (126515.004.000) 2022-03-29 13:32:02 Job submitted from host: <172.30.1.200:9618?addrs=172.30.1.200-9618&alias=tamsa2.snu.ac.kr&noUDP&sock=schedd_3154_f5cb>
...
000 (126515.005.000) 2022-03-29 13:32:02 Job submitted from host: <172.30.1.200:9618?addrs=172.30.1.200-9618&alias=tamsa2.snu.ac.kr&noUDP&sock=schedd_3154_f5cb>
...
000 (126515.006.000) 2022-03-29 13:32:02 Job submitted from host: <172.30.1.200:9618?addrs=172.30.1.200-9618&alias=tamsa2.snu.ac.kr&noUDP&sock=schedd_3154_f5cb>
...
000 (126515.007.000) 2022-03-29 13:32:02 Job submitted from host: <172.30.1.200:9618?addrs=172.30.1.200-9618&alias=tamsa2.snu.ac.kr&noUDP&sock=schedd_3154_f5cb>
...
000 (126515.008.000) 2022-03-29 13:32:02 Job submitted from host: <172.30.1.200:9618?addrs=172.30.1.200-9618&alias=tamsa2.snu.ac.kr&noUDP&sock=schedd_3154_f5cb>
...
000 (126515.009.000) 2022-03-29 13:32:02 Job submitted from host: <172.30.1.200:9618?addrs=172.30.1.200-9618&alias=tamsa2.snu.ac.kr&noUDP&sock=schedd_3154_f5cb>
...
000 (126515.010.000) 2022-03-29 13:32:02 Job submitted from host: <172.30.1.200:9618?addrs=172.30.1.200-9618&alias=tamsa2.snu.ac.kr&noUDP&sock=schedd_3154_f5cb>
...
000 (126515.011.000) 2022-03-29 13:32:02 Job submitted from host: <172.30.1.200:9618?addrs=172.30.1.200-9618&alias=tamsa2.snu.ac.kr&noUDP&sock=schedd_3154_f5cb>
...
000 (126515.012.000) 2022-03-29 13:32:02 Job submitted from host: <172.30.1.200:9618?addrs=172.30.1.200-9618&alias=tamsa2.snu.ac.kr&noUDP&sock=schedd_3154_f5cb>
...
000 (126515.013.000) 2022-03-29 13:32:02 Job submitted from host: <172.30.1.200:9618?addrs=172.30.1.200-9618&alias=tamsa2.snu.ac.kr&noUDP&sock=schedd_3154_f5cb>
...
000 (126515.014.000) 2022-03-29 13:32:02 Job submitted from host: <172.30.1.200:9618?addrs=172.30.1.200-9618&alias=tamsa2.snu.ac.kr&noUDP&sock=schedd_3154_f5cb>
...
000 (126515.015.000) 2022-03-29 13:32:02 Job submitted from host: <172.30.1.200:9618?addrs=172.30.1.200-9618&alias=tamsa2.snu.ac.kr&noUDP&sock=schedd_3154_f5cb>
...
000 (126515.016.000) 2022-03-29 13:32:02 Job submitted from host: <172.30.1.200:9618?addrs=172.30.1.200-9618&alias=tamsa2.snu.ac.kr&noUDP&sock=schedd_3154_f5cb>
...
000 (126515.017.000) 2022-03-29 13:32:02 Job submitted from host: <172.30.1.200:9618?addrs=172.30.1.200-9618&alias=tamsa2.snu.ac.kr&noUDP&sock=schedd_3154_f5cb>
...
000 (126515.018.000) 2022-03-29 13:32:02 Job submitted from host: <172.30.1.200:9618?addrs=172.30.1.200-9618&alias=tamsa2.snu.ac.kr&noUDP&sock=schedd_3154_f5cb>
...
000 (126515.019.000) 2022-03-29 13:32:02 Job submitted from host: <172.30.1.200:9618?addrs=172.30.1.200-9618&alias=tamsa2.snu.ac.kr&noUDP&sock=schedd_3154_f5cb>
...
001 (126515.000.000) 2022-03-29 13:32:15 Job executing on host: <172.30.1.202:9618?addrs=172.30.1.202-9618&alias=node2&noUDP&sock=startd_3636_9271>
...
001 (126515.001.000) 2022-03-29 13:32:15 Job executing on host: <172.30.1.202:9618?addrs=172.30.1.202-9618&alias=node2&noUDP&sock=startd_3636_9271>
...
001 (126515.002.000) 2022-03-29 13:32:15 Job executing on host: <172.30.1.202:9618?addrs=172.30.1.202-9618&alias=node2&noUDP&sock=startd_3636_9271>
...
001 (126515.003.000) 2022-03-29 13:32:15 Job executing on host: <172.30.1.202:9618?addrs=172.30.1.202-9618&alias=node2&noUDP&sock=startd_3636_9271>
...
001 (126515.004.000) 2022-03-29 13:32:16 Job executing on host: <172.30.1.202:9618?addrs=172.30.1.202-9618&alias=node2&noUDP&sock=startd_3636_9271>
...
001 (126515.005.000) 2022-03-29 13:32:16 Job executing on host: <172.30.1.202:9618?addrs=172.30.1.202-9618&alias=node2&noUDP&sock=startd_3636_9271>
...
001 (126515.006.000) 2022-03-29 13:32:16 Job executing on host: <172.30.1.202:9618?addrs=172.30.1.202-9618&alias=node2&noUDP&sock=startd_3636_9271>
...
001 (126515.007.000) 2022-03-29 13:32:16 Job executing on host: <172.30.1.202:9618?addrs=172.30.1.202-9618&alias=node2&noUDP&sock=startd_3636_9271>
...
001 (126515.008.000) 2022-03-29 13:32:16 Job executing on host: <172.30.1.202:9618?addrs=172.30.1.202-9618&alias=node2&noUDP&sock=startd_3636_9271>
...
001 (126515.009.000) 2022-03-29 13:32:16 Job executing on host: <172.30.1.202:9618?addrs=172.30.1.202-9618&alias=node2&noUDP&sock=startd_3636_9271>
...
001 (126515.010.000) 2022-03-29 13:32:16 Job executing on host: <172.30.1.202:9618?addrs=172.30.1.202-9618&alias=node2&noUDP&sock=startd_3636_9271>
...
001 (126515.011.000) 2022-03-29 13:32:16 Job executing on host: <172.30.1.202:9618?addrs=172.30.1.202-9618&alias=node2&noUDP&sock=startd_3636_9271>
...
001 (126515.012.000) 2022-03-29 13:32:16 Job executing on host: <172.30.1.202:9618?addrs=172.30.1.202-9618&alias=node2&noUDP&sock=startd_3636_9271>
...
001 (126515.013.000) 2022-03-29 13:32:16 Job executing on host: <172.30.1.202:9618?addrs=172.30.1.202-9618&alias=node2&noUDP&sock=startd_3636_9271>
...
001 (126515.014.000) 2022-03-29 13:32:16 Job executing on host: <172.30.1.202:9618?addrs=172.30.1.202-9618&alias=node2&noUDP&sock=startd_3636_9271>
...
001 (126515.015.000) 2022-03-29 13:32:16 Job executing on host: <172.30.1.202:9618?addrs=172.30.1.202-9618&alias=node2&noUDP&sock=startd_3636_9271>
...
001 (126515.016.000) 2022-03-29 13:32:17 Job executing on host: <172.30.1.202:9618?addrs=172.30.1.202-9618&alias=node2&noUDP&sock=startd_3636_9271>
...
001 (126515.018.000) 2022-03-29 13:32:17 Job executing on host: <172.30.1.202:9618?addrs=172.30.1.202-9618&alias=node2&noUDP&sock=startd_3636_9271>
...
001 (126515.017.000) 2022-03-29 13:32:17 Job executing on host: <172.30.1.202:9618?addrs=172.30.1.202-9618&alias=node2&noUDP&sock=startd_3636_9271>
...
001 (126515.019.000) 2022-03-29 13:32:17 Job executing on host: <172.30.1.202:9618?addrs=172.30.1.202-9618&alias=node2&noUDP&sock=startd_3636_9271>
...
006 (126515.002.000) 2022-03-29 13:32:24 Image size of job updated: 526280
	184  -  MemoryUsage of job (MB)
	187952  -  ResidentSetSize of job (KB)
...
006 (126515.003.000) 2022-03-29 13:32:24 Image size of job updated: 527016
	184  -  MemoryUsage of job (MB)
	187972  -  ResidentSetSize of job (KB)
...
006 (126515.004.000) 2022-03-29 13:32:24 Image size of job updated: 523096
	184  -  MemoryUsage of job (MB)
	187972  -  ResidentSetSize of job (KB)
...
006 (126515.005.000) 2022-03-29 13:32:24 Image size of job updated: 522744
	184  -  MemoryUsage of job (MB)
	187524  -  ResidentSetSize of job (KB)
...
006 (126515.006.000) 2022-03-29 13:32:24 Image size of job updated: 526180
	188  -  MemoryUsage of job (MB)
	192176  -  ResidentSetSize of job (KB)
...
006 (126515.007.000) 2022-03-29 13:32:24 Image size of job updated: 527016
	184  -  MemoryUsage of job (MB)
	187536  -  ResidentSetSize of job (KB)
...
006 (126515.008.000) 2022-03-29 13:32:24 Image size of job updated: 526172
	184  -  MemoryUsage of job (MB)
	188140  -  ResidentSetSize of job (KB)
...
006 (126515.000.000) 2022-03-29 13:32:24 Image size of job updated: 521988
	184  -  MemoryUsage of job (MB)
	188136  -  ResidentSetSize of job (KB)
...
006 (126515.001.000) 2022-03-29 13:32:24 Image size of job updated: 523148
	191  -  MemoryUsage of job (MB)
	194840  -  ResidentSetSize of job (KB)
...
006 (126515.015.000) 2022-03-29 13:32:25 Image size of job updated: 523108
	184  -  MemoryUsage of job (MB)
	187976  -  ResidentSetSize of job (KB)
...
006 (126515.016.000) 2022-03-29 13:32:25 Image size of job updated: 523024
	184  -  MemoryUsage of job (MB)
	188004  -  ResidentSetSize of job (KB)
...
006 (126515.018.000) 2022-03-29 13:32:25 Image size of job updated: 518080
	184  -  MemoryUsage of job (MB)
	187528  -  ResidentSetSize of job (KB)
...
006 (126515.017.000) 2022-03-29 13:32:25 Image size of job updated: 514672
	184  -  MemoryUsage of job (MB)
	188164  -  ResidentSetSize of job (KB)
...
006 (126515.009.000) 2022-03-29 13:32:25 Image size of job updated: 540956
	184  -  MemoryUsage of job (MB)
	188236  -  ResidentSetSize of job (KB)
...
006 (126515.010.000) 2022-03-29 13:32:25 Image size of job updated: 518088
	184  -  MemoryUsage of job (MB)
	188280  -  ResidentSetSize of job (KB)
...
006 (126515.011.000) 2022-03-29 13:32:25 Image size of job updated: 522316
	184  -  MemoryUsage of job (MB)
	188124  -  ResidentSetSize of job (KB)
...
006 (126515.012.000) 2022-03-29 13:32:25 Image size of job updated: 579680
	208  -  MemoryUsage of job (MB)
	212004  -  ResidentSetSize of job (KB)
...
006 (126515.013.000) 2022-03-29 13:32:25 Image size of job updated: 526160
	208  -  MemoryUsage of job (MB)
	212012  -  ResidentSetSize of job (KB)
...
006 (126515.014.000) 2022-03-29 13:32:25 Image size of job updated: 521252
	184  -  MemoryUsage of job (MB)
	187960  -  ResidentSetSize of job (KB)
...
006 (126515.019.000) 2022-03-29 13:32:26 Image size of job updated: 502108
	185  -  MemoryUsage of job (MB)
	188428  -  ResidentSetSize of job (KB)
...
005 (126515.012.000) 2022-03-29 13:32:27 Job terminated.
	(1) Normal termination (return value 0)
		Usr 0 00:00:06, Sys 0 00:00:01  -  Run Remote Usage
		Usr 0 00:00:00, Sys 0 00:00:00  -  Run Local Usage
		Usr 0 00:00:06, Sys 0 00:00:01  -  Total Remote Usage
		Usr 0 00:00:00, Sys 0 00:00:00  -  Total Local Usage
	0  -  Run Bytes Sent By Job
	0  -  Run Bytes Received By Job
	0  -  Total Bytes Sent By Job
	0  -  Total Bytes Received By Job
	Partitionable Resources :    Usage  Request Allocated 
	   Cpus                 :                 1         1 
	   Disk (KB)            :        1        1    129249 
	   Memory (MB)          :      208     3900      3968 

	Job terminated of its own accord at 2022-03-29T04:32:27Z.
...
006 (126515.013.000) 2022-03-29 13:32:28 Image size of job updated: 690880
	208  -  MemoryUsage of job (MB)
	212012  -  ResidentSetSize of job (KB)
...
005 (126515.013.000) 2022-03-29 13:32:28 Job terminated.
	(1) Normal termination (return value 0)
		Usr 0 00:00:07, Sys 0 00:00:01  -  Run Remote Usage
		Usr 0 00:00:00, Sys 0 00:00:00  -  Run Local Usage
		Usr 0 00:00:07, Sys 0 00:00:01  -  Total Remote Usage
		Usr 0 00:00:00, Sys 0 00:00:00  -  Total Local Usage
	0  -  Run Bytes Sent By Job
	0  -  Run Bytes Received By Job
	0  -  Total Bytes Sent By Job
	0  -  Total Bytes Received By Job
	Partitionable Resources :    Usage  Request Allocated 
	   Cpus                 :                 1         1 
	   Disk (KB)            :        1        1    129249 
	   Memory (MB)          :      208     3900      3968 

	Job terminated of its own accord at 2022-03-29T04:32:28Z.
...
006 (126515.008.000) 2022-03-29 13:32:28 Image size of job updated: 690704
	184  -  MemoryUsage of job (MB)
	188140  -  ResidentSetSize of job (KB)
...
006 (126515.017.000) 2022-03-29 13:32:28 Image size of job updated: 690932
	184  -  MemoryUsage of job (MB)
	188164  -  ResidentSetSize of job (KB)
...
005 (126515.008.000) 2022-03-29 13:32:28 Job terminated.
	(1) Normal termination (return value 0)
		Usr 0 00:00:07, Sys 0 00:00:01  -  Run Remote Usage
		Usr 0 00:00:00, Sys 0 00:00:00  -  Run Local Usage
		Usr 0 00:00:07, Sys 0 00:00:01  -  Total Remote Usage
		Usr 0 00:00:00, Sys 0 00:00:00  -  Total Local Usage
	0  -  Run Bytes Sent By Job
	0  -  Run Bytes Received By Job
	0  -  Total Bytes Sent By Job
	0  -  Total Bytes Received By Job
	Partitionable Resources :    Usage  Request Allocated 
	   Cpus                 :     0.96        1         1 
	   Disk (KB)            :     1           1    129249 
	   Memory (MB)          :   184        3900      3968 

	Job terminated of its own accord at 2022-03-29T04:32:28Z.
...
005 (126515.017.000) 2022-03-29 13:32:28 Job terminated.
	(1) Normal termination (return value 0)
		Usr 0 00:00:08, Sys 0 00:00:01  -  Run Remote Usage
		Usr 0 00:00:00, Sys 0 00:00:00  -  Run Local Usage
		Usr 0 00:00:08, Sys 0 00:00:01  -  Total Remote Usage
		Usr 0 00:00:00, Sys 0 00:00:00  -  Total Local Usage
	0  -  Run Bytes Sent By Job
	0  -  Run Bytes Received By Job
	0  -  Total Bytes Sent By Job
	0  -  Total Bytes Received By Job
	Partitionable Resources :    Usage  Request Allocated 
	   Cpus                 :     0.99        1         1 
	   Disk (KB)            :     1           1    129249 
	   Memory (MB)          :   184        3900      3968 

	Job terminated of its own accord at 2022-03-29T04:32:28Z.
...
006 (126515.006.000) 2022-03-29 13:32:29 Image size of job updated: 690932
	188  -  MemoryUsage of job (MB)
	192176  -  ResidentSetSize of job (KB)
...
006 (126515.016.000) 2022-03-29 13:32:29 Image size of job updated: 690652
	184  -  MemoryUsage of job (MB)
	188004  -  ResidentSetSize of job (KB)
...
005 (126515.006.000) 2022-03-29 13:32:29 Job terminated.
	(1) Normal termination (return value 0)
		Usr 0 00:00:08, Sys 0 00:00:02  -  Run Remote Usage
		Usr 0 00:00:00, Sys 0 00:00:00  -  Run Local Usage
		Usr 0 00:00:08, Sys 0 00:00:02  -  Total Remote Usage
		Usr 0 00:00:00, Sys 0 00:00:00  -  Total Local Usage
	0  -  Run Bytes Sent By Job
	0  -  Run Bytes Received By Job
	0  -  Total Bytes Sent By Job
	0  -  Total Bytes Received By Job
	Partitionable Resources :    Usage  Request Allocated 
	   Cpus                 :     0.94        1         1 
	   Disk (KB)            :     1           1    129249 
	   Memory (MB)          :   188        3900      3968 

	Job terminated of its own accord at 2022-03-29T04:32:29Z.
...
005 (126515.016.000) 2022-03-29 13:32:29 Job terminated.
	(1) Normal termination (return value 0)
		Usr 0 00:00:08, Sys 0 00:00:01  -  Run Remote Usage
		Usr 0 00:00:00, Sys 0 00:00:00  -  Run Local Usage
		Usr 0 00:00:08, Sys 0 00:00:01  -  Total Remote Usage
		Usr 0 00:00:00, Sys 0 00:00:00  -  Total Local Usage
	0  -  Run Bytes Sent By Job
	0  -  Run Bytes Received By Job
	0  -  Total Bytes Sent By Job
	0  -  Total Bytes Received By Job
	Partitionable Resources :    Usage  Request Allocated 
	   Cpus                 :     1.00        1         1 
	   Disk (KB)            :     1           1    129249 
	   Memory (MB)          :   184        3900      3968 

	Job terminated of its own accord at 2022-03-29T04:32:29Z.
...
006 (126515.000.000) 2022-03-29 13:32:29 Image size of job updated: 690992
	184  -  MemoryUsage of job (MB)
	188136  -  ResidentSetSize of job (KB)
...
005 (126515.000.000) 2022-03-29 13:32:29 Job terminated.
	(1) Normal termination (return value 0)
		Usr 0 00:00:08, Sys 0 00:00:02  -  Run Remote Usage
		Usr 0 00:00:00, Sys 0 00:00:00  -  Run Local Usage
		Usr 0 00:00:08, Sys 0 00:00:02  -  Total Remote Usage
		Usr 0 00:00:00, Sys 0 00:00:00  -  Total Local Usage
	0  -  Run Bytes Sent By Job
	0  -  Run Bytes Received By Job
	0  -  Total Bytes Sent By Job
	0  -  Total Bytes Received By Job
	Partitionable Resources :    Usage  Request Allocated 
	   Cpus                 :     0.96        1         1 
	   Disk (KB)            :     1           1    129249 
	   Memory (MB)          :   184        3900      3968 

	Job terminated of its own accord at 2022-03-29T04:32:29Z.
...
006 (126515.001.000) 2022-03-29 13:32:29 Image size of job updated: 690968
	191  -  MemoryUsage of job (MB)
	194852  -  ResidentSetSize of job (KB)
...
005 (126515.001.000) 2022-03-29 13:32:29 Job terminated.
	(1) Normal termination (return value 0)
		Usr 0 00:00:08, Sys 0 00:00:02  -  Run Remote Usage
		Usr 0 00:00:00, Sys 0 00:00:00  -  Run Local Usage
		Usr 0 00:00:08, Sys 0 00:00:02  -  Total Remote Usage
		Usr 0 00:00:00, Sys 0 00:00:00  -  Total Local Usage
	0  -  Run Bytes Sent By Job
	0  -  Run Bytes Received By Job
	0  -  Total Bytes Sent By Job
	0  -  Total Bytes Received By Job
	Partitionable Resources :    Usage  Request Allocated 
	   Cpus                 :     0.98        1         1 
	   Disk (KB)            :     1           1    129249 
	   Memory (MB)          :   191        3900      3968 

	Job terminated of its own accord at 2022-03-29T04:32:29Z.
...
006 (126515.014.000) 2022-03-29 13:32:30 Image size of job updated: 690948
	184  -  MemoryUsage of job (MB)
	187960  -  ResidentSetSize of job (KB)
...
005 (126515.014.000) 2022-03-29 13:32:30 Job terminated.
	(1) Normal termination (return value 0)
		Usr 0 00:00:09, Sys 0 00:00:01  -  Run Remote Usage
		Usr 0 00:00:00, Sys 0 00:00:00  -  Run Local Usage
		Usr 0 00:00:09, Sys 0 00:00:01  -  Total Remote Usage
		Usr 0 00:00:00, Sys 0 00:00:00  -  Total Local Usage
	0  -  Run Bytes Sent By Job
	0  -  Run Bytes Received By Job
	0  -  Total Bytes Sent By Job
	0  -  Total Bytes Received By Job
	Partitionable Resources :    Usage  Request Allocated 
	   Cpus                 :     0.94        1         1 
	   Disk (KB)            :     1           1    129249 
	   Memory (MB)          :   184        3900      3968 

	Job terminated of its own accord at 2022-03-29T04:32:30Z.
...
006 (126515.011.000) 2022-03-29 13:32:30 Image size of job updated: 691156
	184  -  MemoryUsage of job (MB)
	188124  -  ResidentSetSize of job (KB)
...
005 (126515.011.000) 2022-03-29 13:32:30 Job terminated.
	(1) Normal termination (return value 0)
		Usr 0 00:00:09, Sys 0 00:00:01  -  Run Remote Usage
		Usr 0 00:00:00, Sys 0 00:00:00  -  Run Local Usage
		Usr 0 00:00:09, Sys 0 00:00:01  -  Total Remote Usage
		Usr 0 00:00:00, Sys 0 00:00:00  -  Total Local Usage
	0  -  Run Bytes Sent By Job
	0  -  Run Bytes Received By Job
	0  -  Total Bytes Sent By Job
	0  -  Total Bytes Received By Job
	Partitionable Resources :    Usage  Request Allocated 
	   Cpus                 :     0.97        1         1 
	   Disk (KB)            :     1           1    129249 
	   Memory (MB)          :   184        3900      3968 

	Job terminated of its own accord at 2022-03-29T04:32:30Z.
...
006 (126515.010.000) 2022-03-29 13:32:30 Image size of job updated: 691420
	184  -  MemoryUsage of job (MB)
	188280  -  ResidentSetSize of job (KB)
...
005 (126515.010.000) 2022-03-29 13:32:30 Job terminated.
	(1) Normal termination (return value 0)
		Usr 0 00:00:09, Sys 0 00:00:01  -  Run Remote Usage
		Usr 0 00:00:00, Sys 0 00:00:00  -  Run Local Usage
		Usr 0 00:00:09, Sys 0 00:00:01  -  Total Remote Usage
		Usr 0 00:00:00, Sys 0 00:00:00  -  Total Local Usage
	0  -  Run Bytes Sent By Job
	0  -  Run Bytes Received By Job
	0  -  Total Bytes Sent By Job
	0  -  Total Bytes Received By Job
	Partitionable Resources :    Usage  Request Allocated 
	   Cpus                 :     0.98        1         1 
	   Disk (KB)            :     1           1    129249 
	   Memory (MB)          :   184        3900      3968 

	Job terminated of its own accord at 2022-03-29T04:32:30Z.
...
006 (126515.019.000) 2022-03-29 13:32:30 Image size of job updated: 691484
	185  -  MemoryUsage of job (MB)
	188428  -  ResidentSetSize of job (KB)
...
005 (126515.019.000) 2022-03-29 13:32:30 Job terminated.
	(1) Normal termination (return value 0)
		Usr 0 00:00:09, Sys 0 00:00:01  -  Run Remote Usage
		Usr 0 00:00:00, Sys 0 00:00:00  -  Run Local Usage
		Usr 0 00:00:09, Sys 0 00:00:01  -  Total Remote Usage
		Usr 0 00:00:00, Sys 0 00:00:00  -  Total Local Usage
	0  -  Run Bytes Sent By Job
	0  -  Run Bytes Received By Job
	0  -  Total Bytes Sent By Job
	0  -  Total Bytes Received By Job
	Partitionable Resources :    Usage  Request Allocated 
	   Cpus                 :     0.97        1         1 
	   Disk (KB)            :     1           1    129249 
	   Memory (MB)          :   185        3900      3968 

	Job terminated of its own accord at 2022-03-29T04:32:30Z.
...
006 (126515.007.000) 2022-03-29 13:32:31 Image size of job updated: 690996
	184  -  MemoryUsage of job (MB)
	187536  -  ResidentSetSize of job (KB)
...
005 (126515.007.000) 2022-03-29 13:32:31 Job terminated.
	(1) Normal termination (return value 0)
		Usr 0 00:00:10, Sys 0 00:00:02  -  Run Remote Usage
		Usr 0 00:00:00, Sys 0 00:00:00  -  Run Local Usage
		Usr 0 00:00:10, Sys 0 00:00:02  -  Total Remote Usage
		Usr 0 00:00:00, Sys 0 00:00:00  -  Total Local Usage
	0  -  Run Bytes Sent By Job
	0  -  Run Bytes Received By Job
	0  -  Total Bytes Sent By Job
	0  -  Total Bytes Received By Job
	Partitionable Resources :    Usage  Request Allocated 
	   Cpus                 :     0.94        1         1 
	   Disk (KB)            :     1           1    129249 
	   Memory (MB)          :   184        3900      3968 

	Job terminated of its own accord at 2022-03-29T04:32:31Z.
...
006 (126515.015.000) 2022-03-29 13:32:32 Image size of job updated: 691136
	184  -  MemoryUsage of job (MB)
	187976  -  ResidentSetSize of job (KB)
...
005 (126515.015.000) 2022-03-29 13:32:32 Job terminated.
	(1) Normal termination (return value 0)
		Usr 0 00:00:11, Sys 0 00:00:01  -  Run Remote Usage
		Usr 0 00:00:00, Sys 0 00:00:00  -  Run Local Usage
		Usr 0 00:00:11, Sys 0 00:00:01  -  Total Remote Usage
		Usr 0 00:00:00, Sys 0 00:00:00  -  Total Local Usage
	0  -  Run Bytes Sent By Job
	0  -  Run Bytes Received By Job
	0  -  Total Bytes Sent By Job
	0  -  Total Bytes Received By Job
	Partitionable Resources :    Usage  Request Allocated 
	   Cpus                 :     1.00        1         1 
	   Disk (KB)            :     1           1    129249 
	   Memory (MB)          :   184        3900      3968 

	Job terminated of its own accord at 2022-03-29T04:32:32Z.
...
006 (126515.002.000) 2022-03-29 13:32:32 Image size of job updated: 691292
	184  -  MemoryUsage of job (MB)
	187952  -  ResidentSetSize of job (KB)
...
005 (126515.002.000) 2022-03-29 13:32:32 Job terminated.
	(1) Normal termination (return value 0)
		Usr 0 00:00:11, Sys 0 00:00:02  -  Run Remote Usage
		Usr 0 00:00:00, Sys 0 00:00:00  -  Run Local Usage
		Usr 0 00:00:11, Sys 0 00:00:02  -  Total Remote Usage
		Usr 0 00:00:00, Sys 0 00:00:00  -  Total Local Usage
	0  -  Run Bytes Sent By Job
	0  -  Run Bytes Received By Job
	0  -  Total Bytes Sent By Job
	0  -  Total Bytes Received By Job
	Partitionable Resources :    Usage  Request Allocated 
	   Cpus                 :     1.00        1         1 
	   Disk (KB)            :     1           1    129249 
	   Memory (MB)          :   184        3900      3968 

	Job terminated of its own accord at 2022-03-29T04:32:32Z.
...
006 (126515.009.000) 2022-03-29 13:32:32 Image size of job updated: 691168
	184  -  MemoryUsage of job (MB)
	188236  -  ResidentSetSize of job (KB)
...
005 (126515.009.000) 2022-03-29 13:32:32 Job terminated.
	(1) Normal termination (return value 0)
		Usr 0 00:00:11, Sys 0 00:00:01  -  Run Remote Usage
		Usr 0 00:00:00, Sys 0 00:00:00  -  Run Local Usage
		Usr 0 00:00:11, Sys 0 00:00:01  -  Total Remote Usage
		Usr 0 00:00:00, Sys 0 00:00:00  -  Total Local Usage
	0  -  Run Bytes Sent By Job
	0  -  Run Bytes Received By Job
	0  -  Total Bytes Sent By Job
	0  -  Total Bytes Received By Job
	Partitionable Resources :    Usage  Request Allocated 
	   Cpus                 :     0.99        1         1 
	   Disk (KB)            :     1           1    129249 
	   Memory (MB)          :   184        3900      3968 

	Job terminated of its own accord at 2022-03-29T04:32:32Z.
...
006 (126515.005.000) 2022-03-29 13:32:34 Image size of job updated: 690964
	184  -  MemoryUsage of job (MB)
	187524  -  ResidentSetSize of job (KB)
...
005 (126515.005.000) 2022-03-29 13:32:34 Job terminated.
	(1) Normal termination (return value 0)
		Usr 0 00:00:13, Sys 0 00:00:02  -  Run Remote Usage
		Usr 0 00:00:00, Sys 0 00:00:00  -  Run Local Usage
		Usr 0 00:00:13, Sys 0 00:00:02  -  Total Remote Usage
		Usr 0 00:00:00, Sys 0 00:00:00  -  Total Local Usage
	0  -  Run Bytes Sent By Job
	0  -  Run Bytes Received By Job
	0  -  Total Bytes Sent By Job
	0  -  Total Bytes Received By Job
	Partitionable Resources :    Usage  Request Allocated 
	   Cpus                 :     1.00        1         1 
	   Disk (KB)            :     1           1    129249 
	   Memory (MB)          :   184        3900      3968 

	Job terminated of its own accord at 2022-03-29T04:32:34Z.
...
006 (126515.004.000) 2022-03-29 13:32:34 Image size of job updated: 691536
	184  -  MemoryUsage of job (MB)
	187972  -  ResidentSetSize of job (KB)
...
005 (126515.004.000) 2022-03-29 13:32:34 Job terminated.
	(1) Normal termination (return value 0)
		Usr 0 00:00:14, Sys 0 00:00:01  -  Run Remote Usage
		Usr 0 00:00:00, Sys 0 00:00:00  -  Run Local Usage
		Usr 0 00:00:14, Sys 0 00:00:01  -  Total Remote Usage
		Usr 0 00:00:00, Sys 0 00:00:00  -  Total Local Usage
	0  -  Run Bytes Sent By Job
	0  -  Run Bytes Received By Job
	0  -  Total Bytes Sent By Job
	0  -  Total Bytes Received By Job
	Partitionable Resources :    Usage  Request Allocated 
	   Cpus                 :     1.00        1         1 
	   Disk (KB)            :     1           1    129249 
	   Memory (MB)          :   184        3900      3968 

	Job terminated of its own accord at 2022-03-29T04:32:34Z.
...
006 (126515.003.000) 2022-03-29 13:32:35 Image size of job updated: 691280
	184  -  MemoryUsage of job (MB)
	187972  -  ResidentSetSize of job (KB)
...
005 (126515.003.000) 2022-03-29 13:32:35 Job terminated.
	(1) Normal termination (return value 0)
		Usr 0 00:00:14, Sys 0 00:00:02  -  Run Remote Usage
		Usr 0 00:00:00, Sys 0 00:00:00  -  Run Local Usage
		Usr 0 00:00:14, Sys 0 00:00:02  -  Total Remote Usage
		Usr 0 00:00:00, Sys 0 00:00:00  -  Total Local Usage
	0  -  Run Bytes Sent By Job
	0  -  Run Bytes Received By Job
	0  -  Total Bytes Sent By Job
	0  -  Total Bytes Received By Job
	Partitionable Resources :    Usage  Request Allocated 
	   Cpus                 :     0.94        1         1 
	   Disk (KB)            :     1           1    129249 
	   Memory (MB)          :   184        3900      3968 

	Job terminated of its own accord at 2022-03-29T04:32:35Z.
...
006 (126515.018.000) 2022-03-29 13:32:41 Image size of job updated: 647232
	184  -  MemoryUsage of job (MB)
	187528  -  ResidentSetSize of job (KB)
...
005 (126515.018.000) 2022-03-29 13:32:41 Job terminated.
	(1) Normal termination (return value 0)
		Usr 0 00:00:20, Sys 0 00:00:01  -  Run Remote Usage
		Usr 0 00:00:00, Sys 0 00:00:00  -  Run Local Usage
		Usr 0 00:00:20, Sys 0 00:00:01  -  Total Remote Usage
		Usr 0 00:00:00, Sys 0 00:00:00  -  Total Local Usage
	0  -  Run Bytes Sent By Job
	0  -  Run Bytes Received By Job
	0  -  Total Bytes Sent By Job
	0  -  Total Bytes Received By Job
	Partitionable Resources :    Usage  Request Allocated 
	   Cpus                 :     1.00        1         1 
	   Disk (KB)            :     1           1    129249 
	   Memory (MB)          :   184        3900      3968 

	Job terminated of its own accord at 2022-03-29T04:32:41Z.
...
