000 (126370.000.000) 2022-03-28 20:15:35 Job submitted from host: <172.30.1.200:9618?addrs=172.30.1.200-9618&alias=tamsa2.snu.ac.kr&noUDP&sock=schedd_3154_f5cb>
...
000 (126370.001.000) 2022-03-28 20:15:35 Job submitted from host: <172.30.1.200:9618?addrs=172.30.1.200-9618&alias=tamsa2.snu.ac.kr&noUDP&sock=schedd_3154_f5cb>
...
000 (126370.002.000) 2022-03-28 20:15:35 Job submitted from host: <172.30.1.200:9618?addrs=172.30.1.200-9618&alias=tamsa2.snu.ac.kr&noUDP&sock=schedd_3154_f5cb>
...
000 (126370.003.000) 2022-03-28 20:15:35 Job submitted from host: <172.30.1.200:9618?addrs=172.30.1.200-9618&alias=tamsa2.snu.ac.kr&noUDP&sock=schedd_3154_f5cb>
...
000 (126370.004.000) 2022-03-28 20:15:35 Job submitted from host: <172.30.1.200:9618?addrs=172.30.1.200-9618&alias=tamsa2.snu.ac.kr&noUDP&sock=schedd_3154_f5cb>
...
000 (126370.005.000) 2022-03-28 20:15:35 Job submitted from host: <172.30.1.200:9618?addrs=172.30.1.200-9618&alias=tamsa2.snu.ac.kr&noUDP&sock=schedd_3154_f5cb>
...
000 (126370.006.000) 2022-03-28 20:15:35 Job submitted from host: <172.30.1.200:9618?addrs=172.30.1.200-9618&alias=tamsa2.snu.ac.kr&noUDP&sock=schedd_3154_f5cb>
...
000 (126370.007.000) 2022-03-28 20:15:35 Job submitted from host: <172.30.1.200:9618?addrs=172.30.1.200-9618&alias=tamsa2.snu.ac.kr&noUDP&sock=schedd_3154_f5cb>
...
000 (126370.008.000) 2022-03-28 20:15:35 Job submitted from host: <172.30.1.200:9618?addrs=172.30.1.200-9618&alias=tamsa2.snu.ac.kr&noUDP&sock=schedd_3154_f5cb>
...
000 (126370.009.000) 2022-03-28 20:15:35 Job submitted from host: <172.30.1.200:9618?addrs=172.30.1.200-9618&alias=tamsa2.snu.ac.kr&noUDP&sock=schedd_3154_f5cb>
...
000 (126370.010.000) 2022-03-28 20:15:35 Job submitted from host: <172.30.1.200:9618?addrs=172.30.1.200-9618&alias=tamsa2.snu.ac.kr&noUDP&sock=schedd_3154_f5cb>
...
000 (126370.011.000) 2022-03-28 20:15:35 Job submitted from host: <172.30.1.200:9618?addrs=172.30.1.200-9618&alias=tamsa2.snu.ac.kr&noUDP&sock=schedd_3154_f5cb>
...
000 (126370.012.000) 2022-03-28 20:15:35 Job submitted from host: <172.30.1.200:9618?addrs=172.30.1.200-9618&alias=tamsa2.snu.ac.kr&noUDP&sock=schedd_3154_f5cb>
...
000 (126370.013.000) 2022-03-28 20:15:35 Job submitted from host: <172.30.1.200:9618?addrs=172.30.1.200-9618&alias=tamsa2.snu.ac.kr&noUDP&sock=schedd_3154_f5cb>
...
000 (126370.014.000) 2022-03-28 20:15:35 Job submitted from host: <172.30.1.200:9618?addrs=172.30.1.200-9618&alias=tamsa2.snu.ac.kr&noUDP&sock=schedd_3154_f5cb>
...
000 (126370.015.000) 2022-03-28 20:15:35 Job submitted from host: <172.30.1.200:9618?addrs=172.30.1.200-9618&alias=tamsa2.snu.ac.kr&noUDP&sock=schedd_3154_f5cb>
...
000 (126370.016.000) 2022-03-28 20:15:35 Job submitted from host: <172.30.1.200:9618?addrs=172.30.1.200-9618&alias=tamsa2.snu.ac.kr&noUDP&sock=schedd_3154_f5cb>
...
000 (126370.017.000) 2022-03-28 20:15:35 Job submitted from host: <172.30.1.200:9618?addrs=172.30.1.200-9618&alias=tamsa2.snu.ac.kr&noUDP&sock=schedd_3154_f5cb>
...
000 (126370.018.000) 2022-03-28 20:15:35 Job submitted from host: <172.30.1.200:9618?addrs=172.30.1.200-9618&alias=tamsa2.snu.ac.kr&noUDP&sock=schedd_3154_f5cb>
...
000 (126370.019.000) 2022-03-28 20:15:35 Job submitted from host: <172.30.1.200:9618?addrs=172.30.1.200-9618&alias=tamsa2.snu.ac.kr&noUDP&sock=schedd_3154_f5cb>
...
001 (126370.000.000) 2022-03-28 20:15:47 Job executing on host: <172.30.1.203:9618?addrs=172.30.1.203-9618&alias=node3&noUDP&sock=startd_3597_d240>
...
001 (126370.001.000) 2022-03-28 20:15:47 Job executing on host: <172.30.1.203:9618?addrs=172.30.1.203-9618&alias=node3&noUDP&sock=startd_3597_d240>
...
001 (126370.002.000) 2022-03-28 20:15:47 Job executing on host: <172.30.1.203:9618?addrs=172.30.1.203-9618&alias=node3&noUDP&sock=startd_3597_d240>
...
001 (126370.003.000) 2022-03-28 20:15:47 Job executing on host: <172.30.1.203:9618?addrs=172.30.1.203-9618&alias=node3&noUDP&sock=startd_3597_d240>
...
001 (126370.004.000) 2022-03-28 20:15:47 Job executing on host: <172.30.1.203:9618?addrs=172.30.1.203-9618&alias=node3&noUDP&sock=startd_3597_d240>
...
001 (126370.005.000) 2022-03-28 20:15:47 Job executing on host: <172.30.1.203:9618?addrs=172.30.1.203-9618&alias=node3&noUDP&sock=startd_3597_d240>
...
001 (126370.006.000) 2022-03-28 20:15:48 Job executing on host: <172.30.1.203:9618?addrs=172.30.1.203-9618&alias=node3&noUDP&sock=startd_3597_d240>
...
001 (126370.007.000) 2022-03-28 20:15:48 Job executing on host: <172.30.1.203:9618?addrs=172.30.1.203-9618&alias=node3&noUDP&sock=startd_3597_d240>
...
001 (126370.008.000) 2022-03-28 20:15:48 Job executing on host: <172.30.1.203:9618?addrs=172.30.1.203-9618&alias=node3&noUDP&sock=startd_3597_d240>
...
001 (126370.009.000) 2022-03-28 20:15:48 Job executing on host: <172.30.1.203:9618?addrs=172.30.1.203-9618&alias=node3&noUDP&sock=startd_3597_d240>
...
001 (126370.010.000) 2022-03-28 20:15:48 Job executing on host: <172.30.1.203:9618?addrs=172.30.1.203-9618&alias=node3&noUDP&sock=startd_3597_d240>
...
001 (126370.011.000) 2022-03-28 20:15:48 Job executing on host: <172.30.1.203:9618?addrs=172.30.1.203-9618&alias=node3&noUDP&sock=startd_3597_d240>
...
001 (126370.012.000) 2022-03-28 20:15:48 Job executing on host: <172.30.1.203:9618?addrs=172.30.1.203-9618&alias=node3&noUDP&sock=startd_3597_d240>
...
001 (126370.013.000) 2022-03-28 20:15:48 Job executing on host: <172.30.1.203:9618?addrs=172.30.1.203-9618&alias=node3&noUDP&sock=startd_3597_d240>
...
001 (126370.014.000) 2022-03-28 20:15:48 Job executing on host: <172.30.1.203:9618?addrs=172.30.1.203-9618&alias=node3&noUDP&sock=startd_3597_d240>
...
001 (126370.015.000) 2022-03-28 20:15:48 Job executing on host: <172.30.1.203:9618?addrs=172.30.1.203-9618&alias=node3&noUDP&sock=startd_3597_d240>
...
001 (126370.016.000) 2022-03-28 20:15:48 Job executing on host: <172.30.1.203:9618?addrs=172.30.1.203-9618&alias=node3&noUDP&sock=startd_3597_d240>
...
001 (126370.017.000) 2022-03-28 20:15:48 Job executing on host: <172.30.1.203:9618?addrs=172.30.1.203-9618&alias=node3&noUDP&sock=startd_3597_d240>
...
001 (126370.018.000) 2022-03-28 20:15:49 Job executing on host: <172.30.1.203:9618?addrs=172.30.1.203-9618&alias=node3&noUDP&sock=startd_3597_d240>
...
001 (126370.019.000) 2022-03-28 20:15:49 Job executing on host: <172.30.1.203:9618?addrs=172.30.1.203-9618&alias=node3&noUDP&sock=startd_3597_d240>
...
006 (126370.006.000) 2022-03-28 20:15:56 Image size of job updated: 640356
	184  -  MemoryUsage of job (MB)
	188124  -  ResidentSetSize of job (KB)
...
006 (126370.007.000) 2022-03-28 20:15:56 Image size of job updated: 645572
	184  -  MemoryUsage of job (MB)
	188128  -  ResidentSetSize of job (KB)
...
006 (126370.008.000) 2022-03-28 20:15:56 Image size of job updated: 645856
	185  -  MemoryUsage of job (MB)
	188624  -  ResidentSetSize of job (KB)
...
006 (126370.009.000) 2022-03-28 20:15:56 Image size of job updated: 647648
	184  -  MemoryUsage of job (MB)
	188136  -  ResidentSetSize of job (KB)
...
006 (126370.010.000) 2022-03-28 20:15:56 Image size of job updated: 647636
	184  -  MemoryUsage of job (MB)
	188136  -  ResidentSetSize of job (KB)
...
006 (126370.011.000) 2022-03-28 20:15:56 Image size of job updated: 645552
	184  -  MemoryUsage of job (MB)
	188120  -  ResidentSetSize of job (KB)
...
006 (126370.000.000) 2022-03-28 20:15:56 Image size of job updated: 647632
	185  -  MemoryUsage of job (MB)
	188624  -  ResidentSetSize of job (KB)
...
006 (126370.001.000) 2022-03-28 20:15:56 Image size of job updated: 640356
	185  -  MemoryUsage of job (MB)
	188564  -  ResidentSetSize of job (KB)
...
006 (126370.002.000) 2022-03-28 20:15:56 Image size of job updated: 645844
	185  -  MemoryUsage of job (MB)
	188552  -  ResidentSetSize of job (KB)
...
006 (126370.003.000) 2022-03-28 20:15:56 Image size of job updated: 645480
	185  -  MemoryUsage of job (MB)
	188612  -  ResidentSetSize of job (KB)
...
006 (126370.004.000) 2022-03-28 20:15:56 Image size of job updated: 645480
	185  -  MemoryUsage of job (MB)
	188608  -  ResidentSetSize of job (KB)
...
006 (126370.005.000) 2022-03-28 20:15:57 Image size of job updated: 645608
	194  -  MemoryUsage of job (MB)
	198320  -  ResidentSetSize of job (KB)
...
006 (126370.017.000) 2022-03-28 20:15:57 Image size of job updated: 640356
	185  -  MemoryUsage of job (MB)
	188648  -  ResidentSetSize of job (KB)
...
006 (126370.018.000) 2022-03-28 20:15:57 Image size of job updated: 640356
	185  -  MemoryUsage of job (MB)
	188732  -  ResidentSetSize of job (KB)
...
006 (126370.019.000) 2022-03-28 20:15:57 Image size of job updated: 640096
	184  -  MemoryUsage of job (MB)
	188132  -  ResidentSetSize of job (KB)
...
006 (126370.012.000) 2022-03-28 20:15:57 Image size of job updated: 645480
	185  -  MemoryUsage of job (MB)
	188552  -  ResidentSetSize of job (KB)
...
006 (126370.013.000) 2022-03-28 20:15:57 Image size of job updated: 640352
	185  -  MemoryUsage of job (MB)
	188616  -  ResidentSetSize of job (KB)
...
006 (126370.014.000) 2022-03-28 20:15:57 Image size of job updated: 640360
	185  -  MemoryUsage of job (MB)
	188584  -  ResidentSetSize of job (KB)
...
006 (126370.015.000) 2022-03-28 20:15:57 Image size of job updated: 645480
	185  -  MemoryUsage of job (MB)
	188588  -  ResidentSetSize of job (KB)
...
006 (126370.016.000) 2022-03-28 20:15:57 Image size of job updated: 645860
	185  -  MemoryUsage of job (MB)
	188652  -  ResidentSetSize of job (KB)
...
006 (126370.006.000) 2022-03-28 20:16:02 Image size of job updated: 691456
	184  -  MemoryUsage of job (MB)
	188124  -  ResidentSetSize of job (KB)
...
005 (126370.006.000) 2022-03-28 20:16:02 Job terminated.
	(1) Normal termination (return value 0)
		Usr 0 00:00:09, Sys 0 00:00:02  -  Run Remote Usage
		Usr 0 00:00:00, Sys 0 00:00:00  -  Run Local Usage
		Usr 0 00:00:09, Sys 0 00:00:02  -  Total Remote Usage
		Usr 0 00:00:00, Sys 0 00:00:00  -  Total Local Usage
	0  -  Run Bytes Sent By Job
	0  -  Run Bytes Received By Job
	0  -  Total Bytes Sent By Job
	0  -  Total Bytes Received By Job
	Partitionable Resources :    Usage  Request Allocated 
	   Cpus                 :                 1         1 
	   Disk (KB)            :        1        1    129249 
	   Memory (MB)          :      184     3900      3968 

	Job terminated of its own accord at 2022-03-28T11:16:02Z.
...
006 (126370.017.000) 2022-03-28 20:16:04 Image size of job updated: 691536
	185  -  MemoryUsage of job (MB)
	188648  -  ResidentSetSize of job (KB)
...
005 (126370.017.000) 2022-03-28 20:16:04 Job terminated.
	(1) Normal termination (return value 0)
		Usr 0 00:00:11, Sys 0 00:00:01  -  Run Remote Usage
		Usr 0 00:00:00, Sys 0 00:00:00  -  Run Local Usage
		Usr 0 00:00:11, Sys 0 00:00:01  -  Total Remote Usage
		Usr 0 00:00:00, Sys 0 00:00:00  -  Total Local Usage
	0  -  Run Bytes Sent By Job
	0  -  Run Bytes Received By Job
	0  -  Total Bytes Sent By Job
	0  -  Total Bytes Received By Job
	Partitionable Resources :    Usage  Request Allocated 
	   Cpus                 :                 1         1 
	   Disk (KB)            :        1        1    129249 
	   Memory (MB)          :      185     3900      3968 

	Job terminated of its own accord at 2022-03-28T11:16:04Z.
...
006 (126370.016.000) 2022-03-28 20:16:05 Image size of job updated: 691488
	185  -  MemoryUsage of job (MB)
	188652  -  ResidentSetSize of job (KB)
...
005 (126370.016.000) 2022-03-28 20:16:05 Job terminated.
	(1) Normal termination (return value 0)
		Usr 0 00:00:12, Sys 0 00:00:01  -  Run Remote Usage
		Usr 0 00:00:00, Sys 0 00:00:00  -  Run Local Usage
		Usr 0 00:00:12, Sys 0 00:00:01  -  Total Remote Usage
		Usr 0 00:00:00, Sys 0 00:00:00  -  Total Local Usage
	0  -  Run Bytes Sent By Job
	0  -  Run Bytes Received By Job
	0  -  Total Bytes Sent By Job
	0  -  Total Bytes Received By Job
	Partitionable Resources :    Usage  Request Allocated 
	   Cpus                 :                 1         1 
	   Disk (KB)            :        1        1    129249 
	   Memory (MB)          :      185     3900      3968 

	Job terminated of its own accord at 2022-03-28T11:16:05Z.
...
006 (126370.010.000) 2022-03-28 20:16:05 Image size of job updated: 691536
	184  -  MemoryUsage of job (MB)
	188136  -  ResidentSetSize of job (KB)
...
005 (126370.010.000) 2022-03-28 20:16:05 Job terminated.
	(1) Normal termination (return value 0)
		Usr 0 00:00:12, Sys 0 00:00:01  -  Run Remote Usage
		Usr 0 00:00:00, Sys 0 00:00:00  -  Run Local Usage
		Usr 0 00:00:12, Sys 0 00:00:01  -  Total Remote Usage
		Usr 0 00:00:00, Sys 0 00:00:00  -  Total Local Usage
	0  -  Run Bytes Sent By Job
	0  -  Run Bytes Received By Job
	0  -  Total Bytes Sent By Job
	0  -  Total Bytes Received By Job
	Partitionable Resources :    Usage  Request Allocated 
	   Cpus                 :                 1         1 
	   Disk (KB)            :        1        1    129249 
	   Memory (MB)          :      184     3900      3968 

	Job terminated of its own accord at 2022-03-28T11:16:05Z.
...
006 (126370.005.000) 2022-03-28 20:16:06 Image size of job updated: 691452
	194  -  MemoryUsage of job (MB)
	198324  -  ResidentSetSize of job (KB)
...
005 (126370.005.000) 2022-03-28 20:16:06 Job terminated.
	(1) Normal termination (return value 0)
		Usr 0 00:00:13, Sys 0 00:00:02  -  Run Remote Usage
		Usr 0 00:00:00, Sys 0 00:00:00  -  Run Local Usage
		Usr 0 00:00:13, Sys 0 00:00:02  -  Total Remote Usage
		Usr 0 00:00:00, Sys 0 00:00:00  -  Total Local Usage
	0  -  Run Bytes Sent By Job
	0  -  Run Bytes Received By Job
	0  -  Total Bytes Sent By Job
	0  -  Total Bytes Received By Job
	Partitionable Resources :    Usage  Request Allocated 
	   Cpus                 :                 1         1 
	   Disk (KB)            :        1        1    129249 
	   Memory (MB)          :      194     3900      3968 

	Job terminated of its own accord at 2022-03-28T11:16:06Z.
...
006 (126370.019.000) 2022-03-28 20:16:07 Image size of job updated: 691452
	184  -  MemoryUsage of job (MB)
	188132  -  ResidentSetSize of job (KB)
...
005 (126370.019.000) 2022-03-28 20:16:07 Job terminated.
	(1) Normal termination (return value 0)
		Usr 0 00:00:13, Sys 0 00:00:02  -  Run Remote Usage
		Usr 0 00:00:00, Sys 0 00:00:00  -  Run Local Usage
		Usr 0 00:00:13, Sys 0 00:00:02  -  Total Remote Usage
		Usr 0 00:00:00, Sys 0 00:00:00  -  Total Local Usage
	0  -  Run Bytes Sent By Job
	0  -  Run Bytes Received By Job
	0  -  Total Bytes Sent By Job
	0  -  Total Bytes Received By Job
	Partitionable Resources :    Usage  Request Allocated 
	   Cpus                 :                 1         1 
	   Disk (KB)            :        1        1    129249 
	   Memory (MB)          :      184     3900      3968 

	Job terminated of its own accord at 2022-03-28T11:16:07Z.
...
006 (126370.000.000) 2022-03-28 20:16:07 Image size of job updated: 691468
	185  -  MemoryUsage of job (MB)
	188624  -  ResidentSetSize of job (KB)
...
005 (126370.000.000) 2022-03-28 20:16:07 Job terminated.
	(1) Normal termination (return value 0)
		Usr 0 00:00:14, Sys 0 00:00:02  -  Run Remote Usage
		Usr 0 00:00:00, Sys 0 00:00:00  -  Run Local Usage
		Usr 0 00:00:14, Sys 0 00:00:02  -  Total Remote Usage
		Usr 0 00:00:00, Sys 0 00:00:00  -  Total Local Usage
	0  -  Run Bytes Sent By Job
	0  -  Run Bytes Received By Job
	0  -  Total Bytes Sent By Job
	0  -  Total Bytes Received By Job
	Partitionable Resources :    Usage  Request Allocated 
	   Cpus                 :                 1         1 
	   Disk (KB)            :        1        1    129249 
	   Memory (MB)          :      185     3900      3968 

	Job terminated of its own accord at 2022-03-28T11:16:07Z.
...
006 (126370.012.000) 2022-03-28 20:16:07 Image size of job updated: 691252
	185  -  MemoryUsage of job (MB)
	188552  -  ResidentSetSize of job (KB)
...
005 (126370.012.000) 2022-03-28 20:16:07 Job terminated.
	(1) Normal termination (return value 0)
		Usr 0 00:00:14, Sys 0 00:00:01  -  Run Remote Usage
		Usr 0 00:00:00, Sys 0 00:00:00  -  Run Local Usage
		Usr 0 00:00:14, Sys 0 00:00:01  -  Total Remote Usage
		Usr 0 00:00:00, Sys 0 00:00:00  -  Total Local Usage
	0  -  Run Bytes Sent By Job
	0  -  Run Bytes Received By Job
	0  -  Total Bytes Sent By Job
	0  -  Total Bytes Received By Job
	Partitionable Resources :    Usage  Request Allocated 
	   Cpus                 :                 1         1 
	   Disk (KB)            :        1        1    129249 
	   Memory (MB)          :      185     3900      3968 

	Job terminated of its own accord at 2022-03-28T11:16:07Z.
...
006 (126370.009.000) 2022-03-28 20:16:07 Image size of job updated: 691488
	184  -  MemoryUsage of job (MB)
	188136  -  ResidentSetSize of job (KB)
...
005 (126370.009.000) 2022-03-28 20:16:07 Job terminated.
	(1) Normal termination (return value 0)
		Usr 0 00:00:14, Sys 0 00:00:02  -  Run Remote Usage
		Usr 0 00:00:00, Sys 0 00:00:00  -  Run Local Usage
		Usr 0 00:00:14, Sys 0 00:00:02  -  Total Remote Usage
		Usr 0 00:00:00, Sys 0 00:00:00  -  Total Local Usage
	0  -  Run Bytes Sent By Job
	0  -  Run Bytes Received By Job
	0  -  Total Bytes Sent By Job
	0  -  Total Bytes Received By Job
	Partitionable Resources :    Usage  Request Allocated 
	   Cpus                 :                 1         1 
	   Disk (KB)            :        1        1    129249 
	   Memory (MB)          :      184     3900      3968 

	Job terminated of its own accord at 2022-03-28T11:16:07Z.
...
006 (126370.002.000) 2022-03-28 20:16:08 Image size of job updated: 691476
	185  -  MemoryUsage of job (MB)
	188552  -  ResidentSetSize of job (KB)
...
005 (126370.002.000) 2022-03-28 20:16:08 Job terminated.
	(1) Normal termination (return value 0)
		Usr 0 00:00:15, Sys 0 00:00:02  -  Run Remote Usage
		Usr 0 00:00:00, Sys 0 00:00:00  -  Run Local Usage
		Usr 0 00:00:15, Sys 0 00:00:02  -  Total Remote Usage
		Usr 0 00:00:00, Sys 0 00:00:00  -  Total Local Usage
	0  -  Run Bytes Sent By Job
	0  -  Run Bytes Received By Job
	0  -  Total Bytes Sent By Job
	0  -  Total Bytes Received By Job
	Partitionable Resources :    Usage  Request Allocated 
	   Cpus                 :                 1         1 
	   Disk (KB)            :        1        1    129249 
	   Memory (MB)          :      185     3900      3968 

	Job terminated of its own accord at 2022-03-28T11:16:08Z.
...
006 (126370.014.000) 2022-03-28 20:16:09 Image size of job updated: 691952
	185  -  MemoryUsage of job (MB)
	188584  -  ResidentSetSize of job (KB)
...
005 (126370.014.000) 2022-03-28 20:16:09 Job terminated.
	(1) Normal termination (return value 0)
		Usr 0 00:00:16, Sys 0 00:00:01  -  Run Remote Usage
		Usr 0 00:00:00, Sys 0 00:00:00  -  Run Local Usage
		Usr 0 00:00:16, Sys 0 00:00:01  -  Total Remote Usage
		Usr 0 00:00:00, Sys 0 00:00:00  -  Total Local Usage
	0  -  Run Bytes Sent By Job
	0  -  Run Bytes Received By Job
	0  -  Total Bytes Sent By Job
	0  -  Total Bytes Received By Job
	Partitionable Resources :    Usage  Request Allocated 
	   Cpus                 :                 1         1 
	   Disk (KB)            :        1        1    129249 
	   Memory (MB)          :      185     3900      3968 

	Job terminated of its own accord at 2022-03-28T11:16:09Z.
...
006 (126370.008.000) 2022-03-28 20:16:09 Image size of job updated: 691476
	185  -  MemoryUsage of job (MB)
	188624  -  ResidentSetSize of job (KB)
...
005 (126370.008.000) 2022-03-28 20:16:09 Job terminated.
	(1) Normal termination (return value 0)
		Usr 0 00:00:16, Sys 0 00:00:01  -  Run Remote Usage
		Usr 0 00:00:00, Sys 0 00:00:00  -  Run Local Usage
		Usr 0 00:00:16, Sys 0 00:00:01  -  Total Remote Usage
		Usr 0 00:00:00, Sys 0 00:00:00  -  Total Local Usage
	0  -  Run Bytes Sent By Job
	0  -  Run Bytes Received By Job
	0  -  Total Bytes Sent By Job
	0  -  Total Bytes Received By Job
	Partitionable Resources :    Usage  Request Allocated 
	   Cpus                 :                 1         1 
	   Disk (KB)            :        1        1    129249 
	   Memory (MB)          :      185     3900      3968 

	Job terminated of its own accord at 2022-03-28T11:16:09Z.
...
006 (126370.015.000) 2022-03-28 20:16:09 Image size of job updated: 691776
	185  -  MemoryUsage of job (MB)
	188588  -  ResidentSetSize of job (KB)
...
005 (126370.015.000) 2022-03-28 20:16:09 Job terminated.
	(1) Normal termination (return value 0)
		Usr 0 00:00:16, Sys 0 00:00:01  -  Run Remote Usage
		Usr 0 00:00:00, Sys 0 00:00:00  -  Run Local Usage
		Usr 0 00:00:16, Sys 0 00:00:01  -  Total Remote Usage
		Usr 0 00:00:00, Sys 0 00:00:00  -  Total Local Usage
	0  -  Run Bytes Sent By Job
	0  -  Run Bytes Received By Job
	0  -  Total Bytes Sent By Job
	0  -  Total Bytes Received By Job
	Partitionable Resources :    Usage  Request Allocated 
	   Cpus                 :                 1         1 
	   Disk (KB)            :        1        1    129249 
	   Memory (MB)          :      185     3900      3968 

	Job terminated of its own accord at 2022-03-28T11:16:09Z.
...
006 (126370.011.000) 2022-03-28 20:16:10 Image size of job updated: 691736
	184  -  MemoryUsage of job (MB)
	188120  -  ResidentSetSize of job (KB)
...
005 (126370.011.000) 2022-03-28 20:16:10 Job terminated.
	(1) Normal termination (return value 0)
		Usr 0 00:00:17, Sys 0 00:00:01  -  Run Remote Usage
		Usr 0 00:00:00, Sys 0 00:00:00  -  Run Local Usage
		Usr 0 00:00:17, Sys 0 00:00:01  -  Total Remote Usage
		Usr 0 00:00:00, Sys 0 00:00:00  -  Total Local Usage
	0  -  Run Bytes Sent By Job
	0  -  Run Bytes Received By Job
	0  -  Total Bytes Sent By Job
	0  -  Total Bytes Received By Job
	Partitionable Resources :    Usage  Request Allocated 
	   Cpus                 :                 1         1 
	   Disk (KB)            :        1        1    129249 
	   Memory (MB)          :      184     3900      3968 

	Job terminated of its own accord at 2022-03-28T11:16:10Z.
...
006 (126370.001.000) 2022-03-28 20:16:12 Image size of job updated: 691744
	185  -  MemoryUsage of job (MB)
	188564  -  ResidentSetSize of job (KB)
...
005 (126370.001.000) 2022-03-28 20:16:12 Job terminated.
	(1) Normal termination (return value 0)
		Usr 0 00:00:19, Sys 0 00:00:02  -  Run Remote Usage
		Usr 0 00:00:00, Sys 0 00:00:00  -  Run Local Usage
		Usr 0 00:00:19, Sys 0 00:00:02  -  Total Remote Usage
		Usr 0 00:00:00, Sys 0 00:00:00  -  Total Local Usage
	0  -  Run Bytes Sent By Job
	0  -  Run Bytes Received By Job
	0  -  Total Bytes Sent By Job
	0  -  Total Bytes Received By Job
	Partitionable Resources :    Usage  Request Allocated 
	   Cpus                 :                 1         1 
	   Disk (KB)            :        1        1    129249 
	   Memory (MB)          :      185     3900      3968 

	Job terminated of its own accord at 2022-03-28T11:16:12Z.
...
006 (126370.018.000) 2022-03-28 20:16:13 Image size of job updated: 691764
	185  -  MemoryUsage of job (MB)
	188732  -  ResidentSetSize of job (KB)
...
005 (126370.018.000) 2022-03-28 20:16:13 Job terminated.
	(1) Normal termination (return value 0)
		Usr 0 00:00:20, Sys 0 00:00:01  -  Run Remote Usage
		Usr 0 00:00:00, Sys 0 00:00:00  -  Run Local Usage
		Usr 0 00:00:20, Sys 0 00:00:01  -  Total Remote Usage
		Usr 0 00:00:00, Sys 0 00:00:00  -  Total Local Usage
	0  -  Run Bytes Sent By Job
	0  -  Run Bytes Received By Job
	0  -  Total Bytes Sent By Job
	0  -  Total Bytes Received By Job
	Partitionable Resources :    Usage  Request Allocated 
	   Cpus                 :                 1         1 
	   Disk (KB)            :        1        1    129249 
	   Memory (MB)          :      185     3900      3968 

	Job terminated of its own accord at 2022-03-28T11:16:13Z.
...
006 (126370.003.000) 2022-03-28 20:16:15 Image size of job updated: 691472
	185  -  MemoryUsage of job (MB)
	188612  -  ResidentSetSize of job (KB)
...
005 (126370.003.000) 2022-03-28 20:16:15 Job terminated.
	(1) Normal termination (return value 0)
		Usr 0 00:00:22, Sys 0 00:00:02  -  Run Remote Usage
		Usr 0 00:00:00, Sys 0 00:00:00  -  Run Local Usage
		Usr 0 00:00:22, Sys 0 00:00:02  -  Total Remote Usage
		Usr 0 00:00:00, Sys 0 00:00:00  -  Total Local Usage
	0  -  Run Bytes Sent By Job
	0  -  Run Bytes Received By Job
	0  -  Total Bytes Sent By Job
	0  -  Total Bytes Received By Job
	Partitionable Resources :    Usage  Request Allocated 
	   Cpus                 :                 1         1 
	   Disk (KB)            :        1        1    129249 
	   Memory (MB)          :      185     3900      3968 

	Job terminated of its own accord at 2022-03-28T11:16:15Z.
...
006 (126370.004.000) 2022-03-28 20:16:20 Image size of job updated: 691624
	185  -  MemoryUsage of job (MB)
	188608  -  ResidentSetSize of job (KB)
...
005 (126370.004.000) 2022-03-28 20:16:20 Job terminated.
	(1) Normal termination (return value 0)
		Usr 0 00:00:27, Sys 0 00:00:02  -  Run Remote Usage
		Usr 0 00:00:00, Sys 0 00:00:00  -  Run Local Usage
		Usr 0 00:00:27, Sys 0 00:00:02  -  Total Remote Usage
		Usr 0 00:00:00, Sys 0 00:00:00  -  Total Local Usage
	0  -  Run Bytes Sent By Job
	0  -  Run Bytes Received By Job
	0  -  Total Bytes Sent By Job
	0  -  Total Bytes Received By Job
	Partitionable Resources :    Usage  Request Allocated 
	   Cpus                 :                 1         1 
	   Disk (KB)            :        1        1    129249 
	   Memory (MB)          :      185     3900      3968 

	Job terminated of its own accord at 2022-03-28T11:16:20Z.
...
006 (126370.013.000) 2022-03-28 20:16:26 Image size of job updated: 691224
	185  -  MemoryUsage of job (MB)
	188616  -  ResidentSetSize of job (KB)
...
005 (126370.013.000) 2022-03-28 20:16:26 Job terminated.
	(1) Normal termination (return value 0)
		Usr 0 00:00:33, Sys 0 00:00:01  -  Run Remote Usage
		Usr 0 00:00:00, Sys 0 00:00:00  -  Run Local Usage
		Usr 0 00:00:33, Sys 0 00:00:01  -  Total Remote Usage
		Usr 0 00:00:00, Sys 0 00:00:00  -  Total Local Usage
	0  -  Run Bytes Sent By Job
	0  -  Run Bytes Received By Job
	0  -  Total Bytes Sent By Job
	0  -  Total Bytes Received By Job
	Partitionable Resources :    Usage  Request Allocated 
	   Cpus                 :                 1         1 
	   Disk (KB)            :        1        1    129249 
	   Memory (MB)          :      185     3900      3968 

	Job terminated of its own accord at 2022-03-28T11:16:26Z.
...
006 (126370.007.000) 2022-03-28 20:16:35 Image size of job updated: 691444
	184  -  MemoryUsage of job (MB)
	188128  -  ResidentSetSize of job (KB)
...
005 (126370.007.000) 2022-03-28 20:16:35 Job terminated.
	(1) Normal termination (return value 0)
		Usr 0 00:00:42, Sys 0 00:00:01  -  Run Remote Usage
		Usr 0 00:00:00, Sys 0 00:00:00  -  Run Local Usage
		Usr 0 00:00:42, Sys 0 00:00:01  -  Total Remote Usage
		Usr 0 00:00:00, Sys 0 00:00:00  -  Total Local Usage
	0  -  Run Bytes Sent By Job
	0  -  Run Bytes Received By Job
	0  -  Total Bytes Sent By Job
	0  -  Total Bytes Received By Job
	Partitionable Resources :    Usage  Request Allocated 
	   Cpus                 :                 1         1 
	   Disk (KB)            :        1        1    129249 
	   Memory (MB)          :      184     3900      3968 

	Job terminated of its own accord at 2022-03-28T11:16:35Z.
...
