000 (126781.000.000) 2022-03-30 13:38:35 Job submitted from host: <172.30.1.200:9618?addrs=172.30.1.200-9618&alias=tamsa2.snu.ac.kr&noUDP&sock=schedd_3154_f5cb>
...
000 (126781.001.000) 2022-03-30 13:38:35 Job submitted from host: <172.30.1.200:9618?addrs=172.30.1.200-9618&alias=tamsa2.snu.ac.kr&noUDP&sock=schedd_3154_f5cb>
...
000 (126781.002.000) 2022-03-30 13:38:35 Job submitted from host: <172.30.1.200:9618?addrs=172.30.1.200-9618&alias=tamsa2.snu.ac.kr&noUDP&sock=schedd_3154_f5cb>
...
000 (126781.003.000) 2022-03-30 13:38:35 Job submitted from host: <172.30.1.200:9618?addrs=172.30.1.200-9618&alias=tamsa2.snu.ac.kr&noUDP&sock=schedd_3154_f5cb>
...
000 (126781.004.000) 2022-03-30 13:38:35 Job submitted from host: <172.30.1.200:9618?addrs=172.30.1.200-9618&alias=tamsa2.snu.ac.kr&noUDP&sock=schedd_3154_f5cb>
...
000 (126781.005.000) 2022-03-30 13:38:35 Job submitted from host: <172.30.1.200:9618?addrs=172.30.1.200-9618&alias=tamsa2.snu.ac.kr&noUDP&sock=schedd_3154_f5cb>
...
000 (126781.006.000) 2022-03-30 13:38:35 Job submitted from host: <172.30.1.200:9618?addrs=172.30.1.200-9618&alias=tamsa2.snu.ac.kr&noUDP&sock=schedd_3154_f5cb>
...
000 (126781.007.000) 2022-03-30 13:38:35 Job submitted from host: <172.30.1.200:9618?addrs=172.30.1.200-9618&alias=tamsa2.snu.ac.kr&noUDP&sock=schedd_3154_f5cb>
...
000 (126781.008.000) 2022-03-30 13:38:35 Job submitted from host: <172.30.1.200:9618?addrs=172.30.1.200-9618&alias=tamsa2.snu.ac.kr&noUDP&sock=schedd_3154_f5cb>
...
000 (126781.009.000) 2022-03-30 13:38:35 Job submitted from host: <172.30.1.200:9618?addrs=172.30.1.200-9618&alias=tamsa2.snu.ac.kr&noUDP&sock=schedd_3154_f5cb>
...
000 (126781.010.000) 2022-03-30 13:38:35 Job submitted from host: <172.30.1.200:9618?addrs=172.30.1.200-9618&alias=tamsa2.snu.ac.kr&noUDP&sock=schedd_3154_f5cb>
...
000 (126781.011.000) 2022-03-30 13:38:35 Job submitted from host: <172.30.1.200:9618?addrs=172.30.1.200-9618&alias=tamsa2.snu.ac.kr&noUDP&sock=schedd_3154_f5cb>
...
000 (126781.012.000) 2022-03-30 13:38:35 Job submitted from host: <172.30.1.200:9618?addrs=172.30.1.200-9618&alias=tamsa2.snu.ac.kr&noUDP&sock=schedd_3154_f5cb>
...
000 (126781.013.000) 2022-03-30 13:38:35 Job submitted from host: <172.30.1.200:9618?addrs=172.30.1.200-9618&alias=tamsa2.snu.ac.kr&noUDP&sock=schedd_3154_f5cb>
...
000 (126781.014.000) 2022-03-30 13:38:35 Job submitted from host: <172.30.1.200:9618?addrs=172.30.1.200-9618&alias=tamsa2.snu.ac.kr&noUDP&sock=schedd_3154_f5cb>
...
000 (126781.015.000) 2022-03-30 13:38:35 Job submitted from host: <172.30.1.200:9618?addrs=172.30.1.200-9618&alias=tamsa2.snu.ac.kr&noUDP&sock=schedd_3154_f5cb>
...
000 (126781.016.000) 2022-03-30 13:38:35 Job submitted from host: <172.30.1.200:9618?addrs=172.30.1.200-9618&alias=tamsa2.snu.ac.kr&noUDP&sock=schedd_3154_f5cb>
...
000 (126781.017.000) 2022-03-30 13:38:35 Job submitted from host: <172.30.1.200:9618?addrs=172.30.1.200-9618&alias=tamsa2.snu.ac.kr&noUDP&sock=schedd_3154_f5cb>
...
000 (126781.018.000) 2022-03-30 13:38:35 Job submitted from host: <172.30.1.200:9618?addrs=172.30.1.200-9618&alias=tamsa2.snu.ac.kr&noUDP&sock=schedd_3154_f5cb>
...
000 (126781.019.000) 2022-03-30 13:38:35 Job submitted from host: <172.30.1.200:9618?addrs=172.30.1.200-9618&alias=tamsa2.snu.ac.kr&noUDP&sock=schedd_3154_f5cb>
...
001 (126781.000.000) 2022-03-30 13:38:44 Job executing on host: <172.30.1.206:9618?addrs=172.30.1.206-9618&alias=node6&noUDP&sock=startd_38667_ec9e>
...
001 (126781.002.000) 2022-03-30 13:38:45 Job executing on host: <172.30.1.206:9618?addrs=172.30.1.206-9618&alias=node6&noUDP&sock=startd_38667_ec9e>
...
001 (126781.001.000) 2022-03-30 13:38:45 Job executing on host: <172.30.1.206:9618?addrs=172.30.1.206-9618&alias=node6&noUDP&sock=startd_38667_ec9e>
...
001 (126781.003.000) 2022-03-30 13:38:45 Job executing on host: <172.30.1.206:9618?addrs=172.30.1.206-9618&alias=node6&noUDP&sock=startd_38667_ec9e>
...
001 (126781.004.000) 2022-03-30 13:38:45 Job executing on host: <172.30.1.206:9618?addrs=172.30.1.206-9618&alias=node6&noUDP&sock=startd_38667_ec9e>
...
006 (126781.000.000) 2022-03-30 13:38:53 Image size of job updated: 689760
	208  -  MemoryUsage of job (MB)
	212820  -  ResidentSetSize of job (KB)
...
006 (126781.002.000) 2022-03-30 13:38:53 Image size of job updated: 689772
	208  -  MemoryUsage of job (MB)
	212824  -  ResidentSetSize of job (KB)
...
006 (126781.001.000) 2022-03-30 13:38:53 Image size of job updated: 689780
	208  -  MemoryUsage of job (MB)
	212796  -  ResidentSetSize of job (KB)
...
006 (126781.003.000) 2022-03-30 13:38:53 Image size of job updated: 649240
	184  -  MemoryUsage of job (MB)
	187712  -  ResidentSetSize of job (KB)
...
006 (126781.004.000) 2022-03-30 13:38:53 Image size of job updated: 689780
	208  -  MemoryUsage of job (MB)
	212820  -  ResidentSetSize of job (KB)
...
005 (126781.001.000) 2022-03-30 13:38:53 Job terminated.
	(1) Normal termination (return value 0)
		Usr 0 00:00:05, Sys 0 00:00:01  -  Run Remote Usage
		Usr 0 00:00:00, Sys 0 00:00:00  -  Run Local Usage
		Usr 0 00:00:05, Sys 0 00:00:01  -  Total Remote Usage
		Usr 0 00:00:00, Sys 0 00:00:00  -  Total Local Usage
	0  -  Run Bytes Sent By Job
	0  -  Run Bytes Received By Job
	0  -  Total Bytes Sent By Job
	0  -  Total Bytes Received By Job
	Partitionable Resources :    Usage  Request Allocated 
	   Cpus                 :                 1         1 
	   Disk (KB)            :        1        1     89980 
	   Memory (MB)          :      208     3900      3968 

	Job terminated of its own accord at 2022-03-30T04:38:53Z.
...
006 (126781.000.000) 2022-03-30 13:38:54 Image size of job updated: 689784
	208  -  MemoryUsage of job (MB)
	212820  -  ResidentSetSize of job (KB)
...
005 (126781.000.000) 2022-03-30 13:38:54 Job terminated.
	(1) Normal termination (return value 0)
		Usr 0 00:00:07, Sys 0 00:00:01  -  Run Remote Usage
		Usr 0 00:00:00, Sys 0 00:00:00  -  Run Local Usage
		Usr 0 00:00:07, Sys 0 00:00:01  -  Total Remote Usage
		Usr 0 00:00:00, Sys 0 00:00:00  -  Total Local Usage
	0  -  Run Bytes Sent By Job
	0  -  Run Bytes Received By Job
	0  -  Total Bytes Sent By Job
	0  -  Total Bytes Received By Job
	Partitionable Resources :    Usage  Request Allocated 
	   Cpus                 :                 1         1 
	   Disk (KB)            :        1        1     89980 
	   Memory (MB)          :      208     3900      3968 

	Job terminated of its own accord at 2022-03-30T04:38:54Z.
...
005 (126781.002.000) 2022-03-30 13:38:55 Job terminated.
	(1) Normal termination (return value 0)
		Usr 0 00:00:07, Sys 0 00:00:01  -  Run Remote Usage
		Usr 0 00:00:00, Sys 0 00:00:00  -  Run Local Usage
		Usr 0 00:00:07, Sys 0 00:00:01  -  Total Remote Usage
		Usr 0 00:00:00, Sys 0 00:00:00  -  Total Local Usage
	0  -  Run Bytes Sent By Job
	0  -  Run Bytes Received By Job
	0  -  Total Bytes Sent By Job
	0  -  Total Bytes Received By Job
	Partitionable Resources :    Usage  Request Allocated 
	   Cpus                 :                 1         1 
	   Disk (KB)            :        1        1     89980 
	   Memory (MB)          :      208     3900      3968 

	Job terminated of its own accord at 2022-03-30T04:38:55Z.
...
006 (126781.003.000) 2022-03-30 13:38:57 Image size of job updated: 690264
	184  -  MemoryUsage of job (MB)
	187712  -  ResidentSetSize of job (KB)
...
005 (126781.003.000) 2022-03-30 13:38:57 Job terminated.
	(1) Normal termination (return value 0)
		Usr 0 00:00:10, Sys 0 00:00:02  -  Run Remote Usage
		Usr 0 00:00:00, Sys 0 00:00:00  -  Run Local Usage
		Usr 0 00:00:10, Sys 0 00:00:02  -  Total Remote Usage
		Usr 0 00:00:00, Sys 0 00:00:00  -  Total Local Usage
	0  -  Run Bytes Sent By Job
	0  -  Run Bytes Received By Job
	0  -  Total Bytes Sent By Job
	0  -  Total Bytes Received By Job
	Partitionable Resources :    Usage  Request Allocated 
	   Cpus                 :                 1         1 
	   Disk (KB)            :        1        1     89980 
	   Memory (MB)          :      184     3900      3968 

	Job terminated of its own accord at 2022-03-30T04:38:57Z.
...
005 (126781.004.000) 2022-03-30 13:39:00 Job terminated.
	(1) Normal termination (return value 0)
		Usr 0 00:00:13, Sys 0 00:00:02  -  Run Remote Usage
		Usr 0 00:00:00, Sys 0 00:00:00  -  Run Local Usage
		Usr 0 00:00:13, Sys 0 00:00:02  -  Total Remote Usage
		Usr 0 00:00:00, Sys 0 00:00:00  -  Total Local Usage
	0  -  Run Bytes Sent By Job
	0  -  Run Bytes Received By Job
	0  -  Total Bytes Sent By Job
	0  -  Total Bytes Received By Job
	Partitionable Resources :    Usage  Request Allocated 
	   Cpus                 :                 1         1 
	   Disk (KB)            :        1        1     89980 
	   Memory (MB)          :      208     3900      3968 

	Job terminated of its own accord at 2022-03-30T04:39:00Z.
...
001 (126781.005.000) 2022-03-30 13:39:39 Job executing on host: <172.30.1.202:9618?addrs=172.30.1.202-9618&alias=node2&noUDP&sock=startd_3636_9271>
...
001 (126781.006.000) 2022-03-30 13:39:40 Job executing on host: <172.30.1.202:9618?addrs=172.30.1.202-9618&alias=node2&noUDP&sock=startd_3636_9271>
...
001 (126781.010.000) 2022-03-30 13:39:40 Job executing on host: <172.30.1.203:9618?addrs=172.30.1.203-9618&alias=node3&noUDP&sock=startd_3597_d240>
...
001 (126781.007.000) 2022-03-30 13:39:40 Job executing on host: <172.30.1.202:9618?addrs=172.30.1.202-9618&alias=node2&noUDP&sock=startd_3636_9271>
...
001 (126781.011.000) 2022-03-30 13:39:40 Job executing on host: <172.30.1.203:9618?addrs=172.30.1.203-9618&alias=node3&noUDP&sock=startd_3597_d240>
...
001 (126781.008.000) 2022-03-30 13:39:40 Job executing on host: <172.30.1.202:9618?addrs=172.30.1.202-9618&alias=node2&noUDP&sock=startd_3636_9271>
...
001 (126781.012.000) 2022-03-30 13:39:40 Job executing on host: <172.30.1.203:9618?addrs=172.30.1.203-9618&alias=node3&noUDP&sock=startd_3597_d240>
...
001 (126781.009.000) 2022-03-30 13:39:40 Job executing on host: <172.30.1.202:9618?addrs=172.30.1.202-9618&alias=node2&noUDP&sock=startd_3636_9271>
...
001 (126781.013.000) 2022-03-30 13:39:40 Job executing on host: <172.30.1.203:9618?addrs=172.30.1.203-9618&alias=node3&noUDP&sock=startd_3597_d240>
...
001 (126781.014.000) 2022-03-30 13:39:40 Job executing on host: <172.30.1.203:9618?addrs=172.30.1.203-9618&alias=node3&noUDP&sock=startd_3597_d240>
...
001 (126781.015.000) 2022-03-30 13:39:40 Job executing on host: <172.30.1.203:9618?addrs=172.30.1.203-9618&alias=node3&noUDP&sock=startd_3597_d240>
...
001 (126781.016.000) 2022-03-30 13:39:40 Job executing on host: <172.30.1.203:9618?addrs=172.30.1.203-9618&alias=node3&noUDP&sock=startd_3597_d240>
...
001 (126781.017.000) 2022-03-30 13:39:40 Job executing on host: <172.30.1.203:9618?addrs=172.30.1.203-9618&alias=node3&noUDP&sock=startd_3597_d240>
...
001 (126781.018.000) 2022-03-30 13:39:40 Job executing on host: <172.30.1.203:9618?addrs=172.30.1.203-9618&alias=node3&noUDP&sock=startd_3597_d240>
...
001 (126781.019.000) 2022-03-30 13:39:40 Job executing on host: <172.30.1.203:9618?addrs=172.30.1.203-9618&alias=node3&noUDP&sock=startd_3597_d240>
...
006 (126781.005.000) 2022-03-30 13:39:48 Image size of job updated: 392016
	183  -  MemoryUsage of job (MB)
	187324  -  ResidentSetSize of job (KB)
...
006 (126781.006.000) 2022-03-30 13:39:48 Image size of job updated: 392676
	208  -  MemoryUsage of job (MB)
	212776  -  ResidentSetSize of job (KB)
...
006 (126781.010.000) 2022-03-30 13:39:48 Image size of job updated: 519192
	152  -  MemoryUsage of job (MB)
	154692  -  ResidentSetSize of job (KB)
...
006 (126781.007.000) 2022-03-30 13:39:48 Image size of job updated: 387904
	208  -  MemoryUsage of job (MB)
	212784  -  ResidentSetSize of job (KB)
...
006 (126781.011.000) 2022-03-30 13:39:48 Image size of job updated: 515784
	176  -  MemoryUsage of job (MB)
	179256  -  ResidentSetSize of job (KB)
...
006 (126781.008.000) 2022-03-30 13:39:48 Image size of job updated: 386864
	204  -  MemoryUsage of job (MB)
	208028  -  ResidentSetSize of job (KB)
...
006 (126781.012.000) 2022-03-30 13:39:48 Image size of job updated: 525132
	176  -  MemoryUsage of job (MB)
	179468  -  ResidentSetSize of job (KB)
...
006 (126781.009.000) 2022-03-30 13:39:48 Image size of job updated: 385952
	183  -  MemoryUsage of job (MB)
	187332  -  ResidentSetSize of job (KB)
...
006 (126781.013.000) 2022-03-30 13:39:48 Image size of job updated: 644272
	178  -  MemoryUsage of job (MB)
	182216  -  ResidentSetSize of job (KB)
...
006 (126781.014.000) 2022-03-30 13:39:48 Image size of job updated: 638584
	176  -  MemoryUsage of job (MB)
	179460  -  ResidentSetSize of job (KB)
...
006 (126781.015.000) 2022-03-30 13:39:49 Image size of job updated: 643712
	183  -  MemoryUsage of job (MB)
	187284  -  ResidentSetSize of job (KB)
...
006 (126781.016.000) 2022-03-30 13:39:49 Image size of job updated: 643708
	183  -  MemoryUsage of job (MB)
	187284  -  ResidentSetSize of job (KB)
...
006 (126781.017.000) 2022-03-30 13:39:49 Image size of job updated: 628336
	183  -  MemoryUsage of job (MB)
	187284  -  ResidentSetSize of job (KB)
...
006 (126781.018.000) 2022-03-30 13:39:49 Image size of job updated: 643708
	183  -  MemoryUsage of job (MB)
	187328  -  ResidentSetSize of job (KB)
...
006 (126781.019.000) 2022-03-30 13:39:49 Image size of job updated: 633456
	183  -  MemoryUsage of job (MB)
	187288  -  ResidentSetSize of job (KB)
...
006 (126781.018.000) 2022-03-30 13:39:51 Image size of job updated: 651020
	183  -  MemoryUsage of job (MB)
	187328  -  ResidentSetSize of job (KB)
...
005 (126781.018.000) 2022-03-30 13:39:51 Job terminated.
	(1) Normal termination (return value 0)
		Usr 0 00:00:05, Sys 0 00:00:01  -  Run Remote Usage
		Usr 0 00:00:00, Sys 0 00:00:00  -  Run Local Usage
		Usr 0 00:00:05, Sys 0 00:00:01  -  Total Remote Usage
		Usr 0 00:00:00, Sys 0 00:00:00  -  Total Local Usage
	0  -  Run Bytes Sent By Job
	0  -  Run Bytes Received By Job
	0  -  Total Bytes Sent By Job
	0  -  Total Bytes Received By Job
	Partitionable Resources :    Usage  Request Allocated 
	   Cpus                 :                 1         1 
	   Disk (KB)            :        1        1    129249 
	   Memory (MB)          :      183     3900      3968 

	Job terminated of its own accord at 2022-03-30T04:39:51Z.
...
005 (126781.006.000) 2022-03-30 13:39:52 Job terminated.
	(1) Normal termination (return value 0)
		Usr 0 00:00:08, Sys 0 00:00:01  -  Run Remote Usage
		Usr 0 00:00:00, Sys 0 00:00:00  -  Run Local Usage
		Usr 0 00:00:08, Sys 0 00:00:01  -  Total Remote Usage
		Usr 0 00:00:00, Sys 0 00:00:00  -  Total Local Usage
	0  -  Run Bytes Sent By Job
	0  -  Run Bytes Received By Job
	0  -  Total Bytes Sent By Job
	0  -  Total Bytes Received By Job
	Partitionable Resources :    Usage  Request Allocated 
	   Cpus                 :                 1         1 
	   Disk (KB)            :        1        1    129249 
	   Memory (MB)          :      208     3900      3968 

	Job terminated of its own accord at 2022-03-30T04:39:52Z.
...
006 (126781.019.000) 2022-03-30 13:39:52 Image size of job updated: 670700
	183  -  MemoryUsage of job (MB)
	187288  -  ResidentSetSize of job (KB)
...
005 (126781.019.000) 2022-03-30 13:39:52 Job terminated.
	(1) Normal termination (return value 0)
		Usr 0 00:00:06, Sys 0 00:00:01  -  Run Remote Usage
		Usr 0 00:00:00, Sys 0 00:00:00  -  Run Local Usage
		Usr 0 00:00:06, Sys 0 00:00:01  -  Total Remote Usage
		Usr 0 00:00:00, Sys 0 00:00:00  -  Total Local Usage
	0  -  Run Bytes Sent By Job
	0  -  Run Bytes Received By Job
	0  -  Total Bytes Sent By Job
	0  -  Total Bytes Received By Job
	Partitionable Resources :    Usage  Request Allocated 
	   Cpus                 :                 1         1 
	   Disk (KB)            :        1        1    129249 
	   Memory (MB)          :      183     3900      3968 

	Job terminated of its own accord at 2022-03-30T04:39:52Z.
...
006 (126781.007.000) 2022-03-30 13:39:53 Image size of job updated: 689776
	208  -  MemoryUsage of job (MB)
	212784  -  ResidentSetSize of job (KB)
...
005 (126781.007.000) 2022-03-30 13:39:53 Job terminated.
	(1) Normal termination (return value 0)
		Usr 0 00:00:10, Sys 0 00:00:01  -  Run Remote Usage
		Usr 0 00:00:00, Sys 0 00:00:00  -  Run Local Usage
		Usr 0 00:00:10, Sys 0 00:00:01  -  Total Remote Usage
		Usr 0 00:00:00, Sys 0 00:00:00  -  Total Local Usage
	0  -  Run Bytes Sent By Job
	0  -  Run Bytes Received By Job
	0  -  Total Bytes Sent By Job
	0  -  Total Bytes Received By Job
	Partitionable Resources :    Usage  Request Allocated 
	   Cpus                 :                 1         1 
	   Disk (KB)            :        1        1    129249 
	   Memory (MB)          :      208     3900      3968 

	Job terminated of its own accord at 2022-03-30T04:39:53Z.
...
006 (126781.011.000) 2022-03-30 13:39:53 Image size of job updated: 689688
	176  -  MemoryUsage of job (MB)
	179256  -  ResidentSetSize of job (KB)
...
005 (126781.011.000) 2022-03-30 13:39:53 Job terminated.
	(1) Normal termination (return value 0)
		Usr 0 00:00:07, Sys 0 00:00:02  -  Run Remote Usage
		Usr 0 00:00:00, Sys 0 00:00:00  -  Run Local Usage
		Usr 0 00:00:07, Sys 0 00:00:02  -  Total Remote Usage
		Usr 0 00:00:00, Sys 0 00:00:00  -  Total Local Usage
	0  -  Run Bytes Sent By Job
	0  -  Run Bytes Received By Job
	0  -  Total Bytes Sent By Job
	0  -  Total Bytes Received By Job
	Partitionable Resources :    Usage  Request Allocated 
	   Cpus                 :                 1         1 
	   Disk (KB)            :        1        1    129249 
	   Memory (MB)          :      176     3900      3968 

	Job terminated of its own accord at 2022-03-30T04:39:53Z.
...
006 (126781.009.000) 2022-03-30 13:39:53 Image size of job updated: 689776
	183  -  MemoryUsage of job (MB)
	187332  -  ResidentSetSize of job (KB)
...
005 (126781.009.000) 2022-03-30 13:39:53 Job terminated.
	(1) Normal termination (return value 0)
		Usr 0 00:00:10, Sys 0 00:00:01  -  Run Remote Usage
		Usr 0 00:00:00, Sys 0 00:00:00  -  Run Local Usage
		Usr 0 00:00:10, Sys 0 00:00:01  -  Total Remote Usage
		Usr 0 00:00:00, Sys 0 00:00:00  -  Total Local Usage
	0  -  Run Bytes Sent By Job
	0  -  Run Bytes Received By Job
	0  -  Total Bytes Sent By Job
	0  -  Total Bytes Received By Job
	Partitionable Resources :    Usage  Request Allocated 
	   Cpus                 :                 1         1 
	   Disk (KB)            :        1        1    129249 
	   Memory (MB)          :      183     3900      3968 

	Job terminated of its own accord at 2022-03-30T04:39:53Z.
...
006 (126781.013.000) 2022-03-30 13:39:54 Image size of job updated: 682928
	179  -  MemoryUsage of job (MB)
	182520  -  ResidentSetSize of job (KB)
...
005 (126781.013.000) 2022-03-30 13:39:54 Job terminated.
	(1) Normal termination (return value 0)
		Usr 0 00:00:09, Sys 0 00:00:01  -  Run Remote Usage
		Usr 0 00:00:00, Sys 0 00:00:00  -  Run Local Usage
		Usr 0 00:00:09, Sys 0 00:00:01  -  Total Remote Usage
		Usr 0 00:00:00, Sys 0 00:00:00  -  Total Local Usage
	0  -  Run Bytes Sent By Job
	0  -  Run Bytes Received By Job
	0  -  Total Bytes Sent By Job
	0  -  Total Bytes Received By Job
	Partitionable Resources :    Usage  Request Allocated 
	   Cpus                 :                 1         1 
	   Disk (KB)            :        1        1    129249 
	   Memory (MB)          :      179     3900      3968 

	Job terminated of its own accord at 2022-03-30T04:39:54Z.
...
006 (126781.005.000) 2022-03-30 13:39:55 Image size of job updated: 689496
	183  -  MemoryUsage of job (MB)
	187324  -  ResidentSetSize of job (KB)
...
005 (126781.005.000) 2022-03-30 13:39:55 Job terminated.
	(1) Normal termination (return value 0)
		Usr 0 00:00:11, Sys 0 00:00:01  -  Run Remote Usage
		Usr 0 00:00:00, Sys 0 00:00:00  -  Run Local Usage
		Usr 0 00:00:11, Sys 0 00:00:01  -  Total Remote Usage
		Usr 0 00:00:00, Sys 0 00:00:00  -  Total Local Usage
	0  -  Run Bytes Sent By Job
	0  -  Run Bytes Received By Job
	0  -  Total Bytes Sent By Job
	0  -  Total Bytes Received By Job
	Partitionable Resources :    Usage  Request Allocated 
	   Cpus                 :                 1         1 
	   Disk (KB)            :        1        1    129249 
	   Memory (MB)          :      183     3900      3968 

	Job terminated of its own accord at 2022-03-30T04:39:55Z.
...
006 (126781.016.000) 2022-03-30 13:39:55 Image size of job updated: 669860
	183  -  MemoryUsage of job (MB)
	187284  -  ResidentSetSize of job (KB)
...
006 (126781.012.000) 2022-03-30 13:39:56 Image size of job updated: 689712
	176  -  MemoryUsage of job (MB)
	179468  -  ResidentSetSize of job (KB)
...
005 (126781.016.000) 2022-03-30 13:39:56 Job terminated.
	(1) Normal termination (return value 0)
		Usr 0 00:00:10, Sys 0 00:00:02  -  Run Remote Usage
		Usr 0 00:00:00, Sys 0 00:00:00  -  Run Local Usage
		Usr 0 00:00:10, Sys 0 00:00:02  -  Total Remote Usage
		Usr 0 00:00:00, Sys 0 00:00:00  -  Total Local Usage
	0  -  Run Bytes Sent By Job
	0  -  Run Bytes Received By Job
	0  -  Total Bytes Sent By Job
	0  -  Total Bytes Received By Job
	Partitionable Resources :    Usage  Request Allocated 
	   Cpus                 :                 1         1 
	   Disk (KB)            :        1        1    129249 
	   Memory (MB)          :      183     3900      3968 

	Job terminated of its own accord at 2022-03-30T04:39:55Z.
...
005 (126781.012.000) 2022-03-30 13:39:56 Job terminated.
	(1) Normal termination (return value 0)
		Usr 0 00:00:10, Sys 0 00:00:02  -  Run Remote Usage
		Usr 0 00:00:00, Sys 0 00:00:00  -  Run Local Usage
		Usr 0 00:00:10, Sys 0 00:00:02  -  Total Remote Usage
		Usr 0 00:00:00, Sys 0 00:00:00  -  Total Local Usage
	0  -  Run Bytes Sent By Job
	0  -  Run Bytes Received By Job
	0  -  Total Bytes Sent By Job
	0  -  Total Bytes Received By Job
	Partitionable Resources :    Usage  Request Allocated 
	   Cpus                 :                 1         1 
	   Disk (KB)            :        1        1    129249 
	   Memory (MB)          :      176     3900      3968 

	Job terminated of its own accord at 2022-03-30T04:39:56Z.
...
006 (126781.008.000) 2022-03-30 13:39:59 Image size of job updated: 689776
	204  -  MemoryUsage of job (MB)
	208068  -  ResidentSetSize of job (KB)
...
005 (126781.008.000) 2022-03-30 13:39:59 Job terminated.
	(1) Normal termination (return value 0)
		Usr 0 00:00:16, Sys 0 00:00:01  -  Run Remote Usage
		Usr 0 00:00:00, Sys 0 00:00:00  -  Run Local Usage
		Usr 0 00:00:16, Sys 0 00:00:01  -  Total Remote Usage
		Usr 0 00:00:00, Sys 0 00:00:00  -  Total Local Usage
	0  -  Run Bytes Sent By Job
	0  -  Run Bytes Received By Job
	0  -  Total Bytes Sent By Job
	0  -  Total Bytes Received By Job
	Partitionable Resources :    Usage  Request Allocated 
	   Cpus                 :                 1         1 
	   Disk (KB)            :        1        1    129249 
	   Memory (MB)          :      204     3900      3968 

	Job terminated of its own accord at 2022-03-30T04:39:59Z.
...
006 (126781.017.000) 2022-03-30 13:40:01 Image size of job updated: 689944
	183  -  MemoryUsage of job (MB)
	187284  -  ResidentSetSize of job (KB)
...
005 (126781.017.000) 2022-03-30 13:40:03 Job terminated.
	(1) Normal termination (return value 0)
		Usr 0 00:00:16, Sys 0 00:00:02  -  Run Remote Usage
		Usr 0 00:00:00, Sys 0 00:00:00  -  Run Local Usage
		Usr 0 00:00:16, Sys 0 00:00:02  -  Total Remote Usage
		Usr 0 00:00:00, Sys 0 00:00:00  -  Total Local Usage
	0  -  Run Bytes Sent By Job
	0  -  Run Bytes Received By Job
	0  -  Total Bytes Sent By Job
	0  -  Total Bytes Received By Job
	Partitionable Resources :    Usage  Request Allocated 
	   Cpus                 :                 1         1 
	   Disk (KB)            :        1        1    129249 
	   Memory (MB)          :      183     3900      3968 

	Job terminated of its own accord at 2022-03-30T04:40:01Z.
...
006 (126781.014.000) 2022-03-30 13:40:05 Image size of job updated: 670372
	176  -  MemoryUsage of job (MB)
	179460  -  ResidentSetSize of job (KB)
...
005 (126781.014.000) 2022-03-30 13:40:05 Job terminated.
	(1) Normal termination (return value 0)
		Usr 0 00:00:17, Sys 0 00:00:03  -  Run Remote Usage
		Usr 0 00:00:00, Sys 0 00:00:00  -  Run Local Usage
		Usr 0 00:00:17, Sys 0 00:00:03  -  Total Remote Usage
		Usr 0 00:00:00, Sys 0 00:00:00  -  Total Local Usage
	0  -  Run Bytes Sent By Job
	0  -  Run Bytes Received By Job
	0  -  Total Bytes Sent By Job
	0  -  Total Bytes Received By Job
	Partitionable Resources :    Usage  Request Allocated 
	   Cpus                 :                 1         1 
	   Disk (KB)            :        1        1    129249 
	   Memory (MB)          :      176     3900      3968 

	Job terminated of its own accord at 2022-03-30T04:40:05Z.
...
006 (126781.015.000) 2022-03-30 13:40:21 Image size of job updated: 648904
	183  -  MemoryUsage of job (MB)
	187284  -  ResidentSetSize of job (KB)
...
005 (126781.015.000) 2022-03-30 13:40:21 Job terminated.
	(1) Normal termination (return value 0)
		Usr 0 00:00:35, Sys 0 00:00:02  -  Run Remote Usage
		Usr 0 00:00:00, Sys 0 00:00:00  -  Run Local Usage
		Usr 0 00:00:35, Sys 0 00:00:02  -  Total Remote Usage
		Usr 0 00:00:00, Sys 0 00:00:00  -  Total Local Usage
	0  -  Run Bytes Sent By Job
	0  -  Run Bytes Received By Job
	0  -  Total Bytes Sent By Job
	0  -  Total Bytes Received By Job
	Partitionable Resources :    Usage  Request Allocated 
	   Cpus                 :                 1         1 
	   Disk (KB)            :        1        1    129249 
	   Memory (MB)          :      183     3900      3968 

	Job terminated of its own accord at 2022-03-30T04:40:21Z.
...
006 (126781.010.000) 2022-03-30 13:41:11 Image size of job updated: 649248
	152  -  MemoryUsage of job (MB)
	154692  -  ResidentSetSize of job (KB)
...
005 (126781.010.000) 2022-03-30 13:41:11 Job terminated.
	(1) Normal termination (return value 0)
		Usr 0 00:01:25, Sys 0 00:00:02  -  Run Remote Usage
		Usr 0 00:00:00, Sys 0 00:00:00  -  Run Local Usage
		Usr 0 00:01:25, Sys 0 00:00:02  -  Total Remote Usage
		Usr 0 00:00:00, Sys 0 00:00:00  -  Total Local Usage
	0  -  Run Bytes Sent By Job
	0  -  Run Bytes Received By Job
	0  -  Total Bytes Sent By Job
	0  -  Total Bytes Received By Job
	Partitionable Resources :    Usage  Request Allocated 
	   Cpus                 :                 1         1 
	   Disk (KB)            :        1        1    129249 
	   Memory (MB)          :      152     3900      3968 

	Job terminated of its own accord at 2022-03-30T04:41:11Z.
...
