000 (127784.000.000) 2022-03-31 13:57:43 Job submitted from host: <172.30.1.200:9618?addrs=172.30.1.200-9618&alias=tamsa2.snu.ac.kr&noUDP&sock=schedd_3154_f5cb>
...
000 (127784.001.000) 2022-03-31 13:57:43 Job submitted from host: <172.30.1.200:9618?addrs=172.30.1.200-9618&alias=tamsa2.snu.ac.kr&noUDP&sock=schedd_3154_f5cb>
...
000 (127784.002.000) 2022-03-31 13:57:43 Job submitted from host: <172.30.1.200:9618?addrs=172.30.1.200-9618&alias=tamsa2.snu.ac.kr&noUDP&sock=schedd_3154_f5cb>
...
000 (127784.003.000) 2022-03-31 13:57:43 Job submitted from host: <172.30.1.200:9618?addrs=172.30.1.200-9618&alias=tamsa2.snu.ac.kr&noUDP&sock=schedd_3154_f5cb>
...
000 (127784.004.000) 2022-03-31 13:57:43 Job submitted from host: <172.30.1.200:9618?addrs=172.30.1.200-9618&alias=tamsa2.snu.ac.kr&noUDP&sock=schedd_3154_f5cb>
...
000 (127784.005.000) 2022-03-31 13:57:43 Job submitted from host: <172.30.1.200:9618?addrs=172.30.1.200-9618&alias=tamsa2.snu.ac.kr&noUDP&sock=schedd_3154_f5cb>
...
000 (127784.006.000) 2022-03-31 13:57:43 Job submitted from host: <172.30.1.200:9618?addrs=172.30.1.200-9618&alias=tamsa2.snu.ac.kr&noUDP&sock=schedd_3154_f5cb>
...
000 (127784.007.000) 2022-03-31 13:57:43 Job submitted from host: <172.30.1.200:9618?addrs=172.30.1.200-9618&alias=tamsa2.snu.ac.kr&noUDP&sock=schedd_3154_f5cb>
...
000 (127784.008.000) 2022-03-31 13:57:43 Job submitted from host: <172.30.1.200:9618?addrs=172.30.1.200-9618&alias=tamsa2.snu.ac.kr&noUDP&sock=schedd_3154_f5cb>
...
000 (127784.009.000) 2022-03-31 13:57:43 Job submitted from host: <172.30.1.200:9618?addrs=172.30.1.200-9618&alias=tamsa2.snu.ac.kr&noUDP&sock=schedd_3154_f5cb>
...
000 (127784.010.000) 2022-03-31 13:57:43 Job submitted from host: <172.30.1.200:9618?addrs=172.30.1.200-9618&alias=tamsa2.snu.ac.kr&noUDP&sock=schedd_3154_f5cb>
...
000 (127784.011.000) 2022-03-31 13:57:43 Job submitted from host: <172.30.1.200:9618?addrs=172.30.1.200-9618&alias=tamsa2.snu.ac.kr&noUDP&sock=schedd_3154_f5cb>
...
000 (127784.012.000) 2022-03-31 13:57:43 Job submitted from host: <172.30.1.200:9618?addrs=172.30.1.200-9618&alias=tamsa2.snu.ac.kr&noUDP&sock=schedd_3154_f5cb>
...
000 (127784.013.000) 2022-03-31 13:57:43 Job submitted from host: <172.30.1.200:9618?addrs=172.30.1.200-9618&alias=tamsa2.snu.ac.kr&noUDP&sock=schedd_3154_f5cb>
...
000 (127784.014.000) 2022-03-31 13:57:43 Job submitted from host: <172.30.1.200:9618?addrs=172.30.1.200-9618&alias=tamsa2.snu.ac.kr&noUDP&sock=schedd_3154_f5cb>
...
000 (127784.015.000) 2022-03-31 13:57:43 Job submitted from host: <172.30.1.200:9618?addrs=172.30.1.200-9618&alias=tamsa2.snu.ac.kr&noUDP&sock=schedd_3154_f5cb>
...
000 (127784.016.000) 2022-03-31 13:57:43 Job submitted from host: <172.30.1.200:9618?addrs=172.30.1.200-9618&alias=tamsa2.snu.ac.kr&noUDP&sock=schedd_3154_f5cb>
...
000 (127784.017.000) 2022-03-31 13:57:43 Job submitted from host: <172.30.1.200:9618?addrs=172.30.1.200-9618&alias=tamsa2.snu.ac.kr&noUDP&sock=schedd_3154_f5cb>
...
000 (127784.018.000) 2022-03-31 13:57:43 Job submitted from host: <172.30.1.200:9618?addrs=172.30.1.200-9618&alias=tamsa2.snu.ac.kr&noUDP&sock=schedd_3154_f5cb>
...
000 (127784.019.000) 2022-03-31 13:57:43 Job submitted from host: <172.30.1.200:9618?addrs=172.30.1.200-9618&alias=tamsa2.snu.ac.kr&noUDP&sock=schedd_3154_f5cb>
...
001 (127784.000.000) 2022-03-31 13:57:52 Job executing on host: <172.30.1.206:9618?addrs=172.30.1.206-9618&alias=node6&noUDP&sock=startd_38667_ec9e>
...
001 (127784.001.000) 2022-03-31 13:57:52 Job executing on host: <172.30.1.206:9618?addrs=172.30.1.206-9618&alias=node6&noUDP&sock=startd_38667_ec9e>
...
001 (127784.002.000) 2022-03-31 13:57:52 Job executing on host: <172.30.1.206:9618?addrs=172.30.1.206-9618&alias=node6&noUDP&sock=startd_38667_ec9e>
...
001 (127784.004.000) 2022-03-31 13:57:52 Job executing on host: <172.30.1.206:9618?addrs=172.30.1.206-9618&alias=node6&noUDP&sock=startd_38667_ec9e>
...
001 (127784.005.000) 2022-03-31 13:57:52 Job executing on host: <172.30.1.206:9618?addrs=172.30.1.206-9618&alias=node6&noUDP&sock=startd_38667_ec9e>
...
001 (127784.003.000) 2022-03-31 13:57:52 Job executing on host: <172.30.1.206:9618?addrs=172.30.1.206-9618&alias=node6&noUDP&sock=startd_38667_ec9e>
...
001 (127784.006.000) 2022-03-31 13:57:52 Job executing on host: <172.30.1.206:9618?addrs=172.30.1.206-9618&alias=node6&noUDP&sock=startd_38667_ec9e>
...
001 (127784.007.000) 2022-03-31 13:57:52 Job executing on host: <172.30.1.206:9618?addrs=172.30.1.206-9618&alias=node6&noUDP&sock=startd_38667_ec9e>
...
001 (127784.008.000) 2022-03-31 13:57:52 Job executing on host: <172.30.1.206:9618?addrs=172.30.1.206-9618&alias=node6&noUDP&sock=startd_38667_ec9e>
...
001 (127784.009.000) 2022-03-31 13:57:52 Job executing on host: <172.30.1.206:9618?addrs=172.30.1.206-9618&alias=node6&noUDP&sock=startd_38667_ec9e>
...
001 (127784.010.000) 2022-03-31 13:57:52 Job executing on host: <172.30.1.206:9618?addrs=172.30.1.206-9618&alias=node6&noUDP&sock=startd_38667_ec9e>
...
001 (127784.011.000) 2022-03-31 13:57:53 Job executing on host: <172.30.1.206:9618?addrs=172.30.1.206-9618&alias=node6&noUDP&sock=startd_38667_ec9e>
...
001 (127784.012.000) 2022-03-31 13:57:53 Job executing on host: <172.30.1.206:9618?addrs=172.30.1.206-9618&alias=node6&noUDP&sock=startd_38667_ec9e>
...
001 (127784.013.000) 2022-03-31 13:57:53 Job executing on host: <172.30.1.206:9618?addrs=172.30.1.206-9618&alias=node6&noUDP&sock=startd_38667_ec9e>
...
001 (127784.014.000) 2022-03-31 13:57:53 Job executing on host: <172.30.1.206:9618?addrs=172.30.1.206-9618&alias=node6&noUDP&sock=startd_38667_ec9e>
...
001 (127784.015.000) 2022-03-31 13:57:53 Job executing on host: <172.30.1.206:9618?addrs=172.30.1.206-9618&alias=node6&noUDP&sock=startd_38667_ec9e>
...
001 (127784.016.000) 2022-03-31 13:57:53 Job executing on host: <172.30.1.206:9618?addrs=172.30.1.206-9618&alias=node6&noUDP&sock=startd_38667_ec9e>
...
006 (127784.000.000) 2022-03-31 13:58:00 Image size of job updated: 212636
	193  -  MemoryUsage of job (MB)
	197348  -  ResidentSetSize of job (KB)
...
006 (127784.016.000) 2022-03-31 13:58:00 Image size of job updated: 209932
	0  -  MemoryUsage of job (MB)
	0  -  ResidentSetSize of job (KB)
...
005 (127784.016.000) 2022-03-31 13:58:00 Job terminated.
	(1) Normal termination (return value 0)
		Usr 0 00:00:05, Sys 0 00:00:01  -  Run Remote Usage
		Usr 0 00:00:00, Sys 0 00:00:00  -  Run Local Usage
		Usr 0 00:00:05, Sys 0 00:00:01  -  Total Remote Usage
		Usr 0 00:00:00, Sys 0 00:00:00  -  Total Local Usage
	0  -  Run Bytes Sent By Job
	0  -  Run Bytes Received By Job
	0  -  Total Bytes Sent By Job
	0  -  Total Bytes Received By Job
	Partitionable Resources :    Usage  Request Allocated 
	   Cpus                 :                 1         1 
	   Disk (KB)            :        1        1     89980 
	   Memory (MB)          :        0     3900      3968 

	Job terminated of its own accord at 2022-03-31T04:58:00Z.
...
006 (127784.013.000) 2022-03-31 13:58:00 Image size of job updated: 689824
	0  -  MemoryUsage of job (MB)
	0  -  ResidentSetSize of job (KB)
...
006 (127784.012.000) 2022-03-31 13:58:01 Image size of job updated: 686732
	0  -  MemoryUsage of job (MB)
	0  -  ResidentSetSize of job (KB)
...
005 (127784.013.000) 2022-03-31 13:58:01 Job terminated.
	(1) Normal termination (return value 0)
		Usr 0 00:00:05, Sys 0 00:00:01  -  Run Remote Usage
		Usr 0 00:00:00, Sys 0 00:00:00  -  Run Local Usage
		Usr 0 00:00:05, Sys 0 00:00:01  -  Total Remote Usage
		Usr 0 00:00:00, Sys 0 00:00:00  -  Total Local Usage
	0  -  Run Bytes Sent By Job
	0  -  Run Bytes Received By Job
	0  -  Total Bytes Sent By Job
	0  -  Total Bytes Received By Job
	Partitionable Resources :    Usage  Request Allocated 
	   Cpus                 :                 1         1 
	   Disk (KB)            :        1        1     89980 
	   Memory (MB)          :        0     3900      3968 

	Job terminated of its own accord at 2022-03-31T04:58:00Z.
...
006 (127784.010.000) 2022-03-31 13:58:01 Image size of job updated: 646512
	184  -  MemoryUsage of job (MB)
	187580  -  ResidentSetSize of job (KB)
...
005 (127784.012.000) 2022-03-31 13:58:01 Job terminated.
	(1) Normal termination (return value 0)
		Usr 0 00:00:05, Sys 0 00:00:02  -  Run Remote Usage
		Usr 0 00:00:00, Sys 0 00:00:00  -  Run Local Usage
		Usr 0 00:00:05, Sys 0 00:00:02  -  Total Remote Usage
		Usr 0 00:00:00, Sys 0 00:00:00  -  Total Local Usage
	0  -  Run Bytes Sent By Job
	0  -  Run Bytes Received By Job
	0  -  Total Bytes Sent By Job
	0  -  Total Bytes Received By Job
	Partitionable Resources :    Usage  Request Allocated 
	   Cpus                 :                 1         1 
	   Disk (KB)            :        1        1     89980 
	   Memory (MB)          :        0     3900      3968 

	Job terminated of its own accord at 2022-03-31T04:58:01Z.
...
006 (127784.011.000) 2022-03-31 13:58:01 Image size of job updated: 646512
	184  -  MemoryUsage of job (MB)
	187652  -  ResidentSetSize of job (KB)
...
006 (127784.014.000) 2022-03-31 13:58:01 Image size of job updated: 685012
	0  -  MemoryUsage of job (MB)
	0  -  ResidentSetSize of job (KB)
...
005 (127784.014.000) 2022-03-31 13:58:01 Job terminated.
	(1) Normal termination (return value 0)
		Usr 0 00:00:05, Sys 0 00:00:01  -  Run Remote Usage
		Usr 0 00:00:00, Sys 0 00:00:00  -  Run Local Usage
		Usr 0 00:00:05, Sys 0 00:00:01  -  Total Remote Usage
		Usr 0 00:00:00, Sys 0 00:00:00  -  Total Local Usage
	0  -  Run Bytes Sent By Job
	0  -  Run Bytes Received By Job
	0  -  Total Bytes Sent By Job
	0  -  Total Bytes Received By Job
	Partitionable Resources :    Usage  Request Allocated 
	   Cpus                 :                 1         1 
	   Disk (KB)            :        1        1     89980 
	   Memory (MB)          :        0     3900      3968 

	Job terminated of its own accord at 2022-03-31T04:58:01Z.
...
006 (127784.015.000) 2022-03-31 13:58:01 Image size of job updated: 683976
	206  -  MemoryUsage of job (MB)
	210812  -  ResidentSetSize of job (KB)
...
006 (127784.004.000) 2022-03-31 13:58:01 Image size of job updated: 689888
	0  -  MemoryUsage of job (MB)
	0  -  ResidentSetSize of job (KB)
...
005 (127784.004.000) 2022-03-31 13:58:01 Job terminated.
	(1) Normal termination (return value 0)
		Usr 0 00:00:05, Sys 0 00:00:01  -  Run Remote Usage
		Usr 0 00:00:00, Sys 0 00:00:00  -  Run Local Usage
		Usr 0 00:00:05, Sys 0 00:00:01  -  Total Remote Usage
		Usr 0 00:00:00, Sys 0 00:00:00  -  Total Local Usage
	0  -  Run Bytes Sent By Job
	0  -  Run Bytes Received By Job
	0  -  Total Bytes Sent By Job
	0  -  Total Bytes Received By Job
	Partitionable Resources :    Usage  Request Allocated 
	   Cpus                 :                 1         1 
	   Disk (KB)            :        1        1     89980 
	   Memory (MB)          :        0     3900      3968 

	Job terminated of its own accord at 2022-03-31T04:58:01Z.
...
006 (127784.007.000) 2022-03-31 13:58:01 Image size of job updated: 688680
	0  -  MemoryUsage of job (MB)
	0  -  ResidentSetSize of job (KB)
...
005 (127784.007.000) 2022-03-31 13:58:01 Job terminated.
	(1) Normal termination (return value 0)
		Usr 0 00:00:05, Sys 0 00:00:01  -  Run Remote Usage
		Usr 0 00:00:00, Sys 0 00:00:00  -  Run Local Usage
		Usr 0 00:00:05, Sys 0 00:00:01  -  Total Remote Usage
		Usr 0 00:00:00, Sys 0 00:00:00  -  Total Local Usage
	0  -  Run Bytes Sent By Job
	0  -  Run Bytes Received By Job
	0  -  Total Bytes Sent By Job
	0  -  Total Bytes Received By Job
	Partitionable Resources :    Usage  Request Allocated 
	   Cpus                 :                 1         1 
	   Disk (KB)            :        1        1     89980 
	   Memory (MB)          :        0     3900      3968 

	Job terminated of its own accord at 2022-03-31T04:58:01Z.
...
006 (127784.001.000) 2022-03-31 13:58:01 Image size of job updated: 646520
	184  -  MemoryUsage of job (MB)
	187632  -  ResidentSetSize of job (KB)
...
006 (127784.002.000) 2022-03-31 13:58:01 Image size of job updated: 646512
	184  -  MemoryUsage of job (MB)
	187492  -  ResidentSetSize of job (KB)
...
006 (127784.015.000) 2022-03-31 13:58:01 Image size of job updated: 685004
	206  -  MemoryUsage of job (MB)
	210812  -  ResidentSetSize of job (KB)
...
005 (127784.015.000) 2022-03-31 13:58:01 Job terminated.
	(1) Normal termination (return value 0)
		Usr 0 00:00:05, Sys 0 00:00:01  -  Run Remote Usage
		Usr 0 00:00:00, Sys 0 00:00:00  -  Run Local Usage
		Usr 0 00:00:05, Sys 0 00:00:01  -  Total Remote Usage
		Usr 0 00:00:00, Sys 0 00:00:00  -  Total Local Usage
	0  -  Run Bytes Sent By Job
	0  -  Run Bytes Received By Job
	0  -  Total Bytes Sent By Job
	0  -  Total Bytes Received By Job
	Partitionable Resources :    Usage  Request Allocated 
	   Cpus                 :                 1         1 
	   Disk (KB)            :        1        1     89980 
	   Memory (MB)          :      206     3900      3968 

	Job terminated of its own accord at 2022-03-31T04:58:01Z.
...
006 (127784.005.000) 2022-03-31 13:58:01 Image size of job updated: 685024
	207  -  MemoryUsage of job (MB)
	211128  -  ResidentSetSize of job (KB)
...
006 (127784.003.000) 2022-03-31 13:58:01 Image size of job updated: 646520
	184  -  MemoryUsage of job (MB)
	187748  -  ResidentSetSize of job (KB)
...
006 (127784.006.000) 2022-03-31 13:58:01 Image size of job updated: 688608
	129  -  MemoryUsage of job (MB)
	131512  -  ResidentSetSize of job (KB)
...
005 (127784.006.000) 2022-03-31 13:58:01 Job terminated.
	(1) Normal termination (return value 0)
		Usr 0 00:00:06, Sys 0 00:00:02  -  Run Remote Usage
		Usr 0 00:00:00, Sys 0 00:00:00  -  Run Local Usage
		Usr 0 00:00:06, Sys 0 00:00:02  -  Total Remote Usage
		Usr 0 00:00:00, Sys 0 00:00:00  -  Total Local Usage
	0  -  Run Bytes Sent By Job
	0  -  Run Bytes Received By Job
	0  -  Total Bytes Sent By Job
	0  -  Total Bytes Received By Job
	Partitionable Resources :    Usage  Request Allocated 
	   Cpus                 :                 1         1 
	   Disk (KB)            :        1        1     89980 
	   Memory (MB)          :      129     3900      3968 

	Job terminated of its own accord at 2022-03-31T04:58:01Z.
...
006 (127784.008.000) 2022-03-31 13:58:01 Image size of job updated: 646512
	183  -  MemoryUsage of job (MB)
	187016  -  ResidentSetSize of job (KB)
...
006 (127784.009.000) 2022-03-31 13:58:01 Image size of job updated: 690136
	209  -  MemoryUsage of job (MB)
	213244  -  ResidentSetSize of job (KB)
...
006 (127784.005.000) 2022-03-31 13:58:01 Image size of job updated: 686840
	207  -  MemoryUsage of job (MB)
	211128  -  ResidentSetSize of job (KB)
...
005 (127784.005.000) 2022-03-31 13:58:02 Job terminated.
	(1) Normal termination (return value 0)
		Usr 0 00:00:06, Sys 0 00:00:01  -  Run Remote Usage
		Usr 0 00:00:00, Sys 0 00:00:00  -  Run Local Usage
		Usr 0 00:00:06, Sys 0 00:00:01  -  Total Remote Usage
		Usr 0 00:00:00, Sys 0 00:00:00  -  Total Local Usage
	0  -  Run Bytes Sent By Job
	0  -  Run Bytes Received By Job
	0  -  Total Bytes Sent By Job
	0  -  Total Bytes Received By Job
	Partitionable Resources :    Usage  Request Allocated 
	   Cpus                 :                 1         1 
	   Disk (KB)            :        1        1     89980 
	   Memory (MB)          :      207     3900      3968 

	Job terminated of its own accord at 2022-03-31T04:58:01Z.
...
006 (127784.011.000) 2022-03-31 13:58:02 Image size of job updated: 658556
	184  -  MemoryUsage of job (MB)
	187652  -  ResidentSetSize of job (KB)
...
005 (127784.011.000) 2022-03-31 13:58:02 Job terminated.
	(1) Normal termination (return value 0)
		Usr 0 00:00:07, Sys 0 00:00:01  -  Run Remote Usage
		Usr 0 00:00:00, Sys 0 00:00:00  -  Run Local Usage
		Usr 0 00:00:07, Sys 0 00:00:01  -  Total Remote Usage
		Usr 0 00:00:00, Sys 0 00:00:00  -  Total Local Usage
	0  -  Run Bytes Sent By Job
	0  -  Run Bytes Received By Job
	0  -  Total Bytes Sent By Job
	0  -  Total Bytes Received By Job
	Partitionable Resources :    Usage  Request Allocated 
	   Cpus                 :                 1         1 
	   Disk (KB)            :        1        1     89980 
	   Memory (MB)          :      184     3900      3968 

	Job terminated of its own accord at 2022-03-31T04:58:02Z.
...
006 (127784.000.000) 2022-03-31 13:58:03 Image size of job updated: 689532
	193  -  MemoryUsage of job (MB)
	197348  -  ResidentSetSize of job (KB)
...
005 (127784.000.000) 2022-03-31 13:58:03 Job terminated.
	(1) Normal termination (return value 0)
		Usr 0 00:00:07, Sys 0 00:00:01  -  Run Remote Usage
		Usr 0 00:00:00, Sys 0 00:00:00  -  Run Local Usage
		Usr 0 00:00:07, Sys 0 00:00:01  -  Total Remote Usage
		Usr 0 00:00:00, Sys 0 00:00:00  -  Total Local Usage
	0  -  Run Bytes Sent By Job
	0  -  Run Bytes Received By Job
	0  -  Total Bytes Sent By Job
	0  -  Total Bytes Received By Job
	Partitionable Resources :    Usage  Request Allocated 
	   Cpus                 :                 1         1 
	   Disk (KB)            :        1        1     89980 
	   Memory (MB)          :      193     3900      3968 

	Job terminated of its own accord at 2022-03-31T04:58:03Z.
...
006 (127784.009.000) 2022-03-31 13:58:03 Image size of job updated: 690152
	209  -  MemoryUsage of job (MB)
	213244  -  ResidentSetSize of job (KB)
...
005 (127784.009.000) 2022-03-31 13:58:03 Job terminated.
	(1) Normal termination (return value 0)
		Usr 0 00:00:07, Sys 0 00:00:01  -  Run Remote Usage
		Usr 0 00:00:00, Sys 0 00:00:00  -  Run Local Usage
		Usr 0 00:00:07, Sys 0 00:00:01  -  Total Remote Usage
		Usr 0 00:00:00, Sys 0 00:00:00  -  Total Local Usage
	0  -  Run Bytes Sent By Job
	0  -  Run Bytes Received By Job
	0  -  Total Bytes Sent By Job
	0  -  Total Bytes Received By Job
	Partitionable Resources :    Usage  Request Allocated 
	   Cpus                 :                 1         1 
	   Disk (KB)            :        1        1     89980 
	   Memory (MB)          :      209     3900      3968 

	Job terminated of its own accord at 2022-03-31T04:58:03Z.
...
006 (127784.010.000) 2022-03-31 13:58:03 Image size of job updated: 689472
	184  -  MemoryUsage of job (MB)
	187580  -  ResidentSetSize of job (KB)
...
005 (127784.010.000) 2022-03-31 13:58:03 Job terminated.
	(1) Normal termination (return value 0)
		Usr 0 00:00:07, Sys 0 00:00:02  -  Run Remote Usage
		Usr 0 00:00:00, Sys 0 00:00:00  -  Run Local Usage
		Usr 0 00:00:07, Sys 0 00:00:02  -  Total Remote Usage
		Usr 0 00:00:00, Sys 0 00:00:00  -  Total Local Usage
	0  -  Run Bytes Sent By Job
	0  -  Run Bytes Received By Job
	0  -  Total Bytes Sent By Job
	0  -  Total Bytes Received By Job
	Partitionable Resources :    Usage  Request Allocated 
	   Cpus                 :                 1         1 
	   Disk (KB)            :        1        1     89980 
	   Memory (MB)          :      184     3900      3968 

	Job terminated of its own accord at 2022-03-31T04:58:03Z.
...
006 (127784.002.000) 2022-03-31 13:58:03 Image size of job updated: 690136
	184  -  MemoryUsage of job (MB)
	187492  -  ResidentSetSize of job (KB)
...
005 (127784.002.000) 2022-03-31 13:58:03 Job terminated.
	(1) Normal termination (return value 0)
		Usr 0 00:00:08, Sys 0 00:00:01  -  Run Remote Usage
		Usr 0 00:00:00, Sys 0 00:00:00  -  Run Local Usage
		Usr 0 00:00:08, Sys 0 00:00:01  -  Total Remote Usage
		Usr 0 00:00:00, Sys 0 00:00:00  -  Total Local Usage
	0  -  Run Bytes Sent By Job
	0  -  Run Bytes Received By Job
	0  -  Total Bytes Sent By Job
	0  -  Total Bytes Received By Job
	Partitionable Resources :    Usage  Request Allocated 
	   Cpus                 :                 1         1 
	   Disk (KB)            :        1        1     89980 
	   Memory (MB)          :      184     3900      3968 

	Job terminated of its own accord at 2022-03-31T04:58:03Z.
...
006 (127784.003.000) 2022-03-31 13:58:04 Image size of job updated: 690452
	184  -  MemoryUsage of job (MB)
	187748  -  ResidentSetSize of job (KB)
...
005 (127784.003.000) 2022-03-31 13:58:04 Job terminated.
	(1) Normal termination (return value 0)
		Usr 0 00:00:08, Sys 0 00:00:02  -  Run Remote Usage
		Usr 0 00:00:00, Sys 0 00:00:00  -  Run Local Usage
		Usr 0 00:00:08, Sys 0 00:00:02  -  Total Remote Usage
		Usr 0 00:00:00, Sys 0 00:00:00  -  Total Local Usage
	0  -  Run Bytes Sent By Job
	0  -  Run Bytes Received By Job
	0  -  Total Bytes Sent By Job
	0  -  Total Bytes Received By Job
	Partitionable Resources :    Usage  Request Allocated 
	   Cpus                 :                 1         1 
	   Disk (KB)            :        1        1     89980 
	   Memory (MB)          :      184     3900      3968 

	Job terminated of its own accord at 2022-03-31T04:58:04Z.
...
006 (127784.001.000) 2022-03-31 13:58:04 Image size of job updated: 690172
	184  -  MemoryUsage of job (MB)
	187632  -  ResidentSetSize of job (KB)
...
005 (127784.001.000) 2022-03-31 13:58:04 Job terminated.
	(1) Normal termination (return value 0)
		Usr 0 00:00:09, Sys 0 00:00:01  -  Run Remote Usage
		Usr 0 00:00:00, Sys 0 00:00:00  -  Run Local Usage
		Usr 0 00:00:09, Sys 0 00:00:01  -  Total Remote Usage
		Usr 0 00:00:00, Sys 0 00:00:00  -  Total Local Usage
	0  -  Run Bytes Sent By Job
	0  -  Run Bytes Received By Job
	0  -  Total Bytes Sent By Job
	0  -  Total Bytes Received By Job
	Partitionable Resources :    Usage  Request Allocated 
	   Cpus                 :                 1         1 
	   Disk (KB)            :        1        1     89980 
	   Memory (MB)          :      184     3900      3968 

	Job terminated of its own accord at 2022-03-31T04:58:04Z.
...
006 (127784.008.000) 2022-03-31 13:58:05 Image size of job updated: 689924
	183  -  MemoryUsage of job (MB)
	187016  -  ResidentSetSize of job (KB)
...
005 (127784.008.000) 2022-03-31 13:58:05 Job terminated.
	(1) Normal termination (return value 0)
		Usr 0 00:00:09, Sys 0 00:00:01  -  Run Remote Usage
		Usr 0 00:00:00, Sys 0 00:00:00  -  Run Local Usage
		Usr 0 00:00:09, Sys 0 00:00:01  -  Total Remote Usage
		Usr 0 00:00:00, Sys 0 00:00:00  -  Total Local Usage
	0  -  Run Bytes Sent By Job
	0  -  Run Bytes Received By Job
	0  -  Total Bytes Sent By Job
	0  -  Total Bytes Received By Job
	Partitionable Resources :    Usage  Request Allocated 
	   Cpus                 :                 1         1 
	   Disk (KB)            :        1        1     89980 
	   Memory (MB)          :      183     3900      3968 

	Job terminated of its own accord at 2022-03-31T04:58:05Z.
...
001 (127784.017.000) 2022-03-31 13:58:50 Job executing on host: <172.30.1.202:9618?addrs=172.30.1.202-9618&alias=node2&noUDP&sock=startd_3636_9271>
...
001 (127784.019.000) 2022-03-31 13:58:50 Job executing on host: <172.30.1.202:9618?addrs=172.30.1.202-9618&alias=node2&noUDP&sock=startd_3636_9271>
...
001 (127784.018.000) 2022-03-31 13:58:50 Job executing on host: <172.30.1.202:9618?addrs=172.30.1.202-9618&alias=node2&noUDP&sock=startd_3636_9271>
...
006 (127784.017.000) 2022-03-31 13:58:59 Image size of job updated: 385952
	206  -  MemoryUsage of job (MB)
	210768  -  ResidentSetSize of job (KB)
...
006 (127784.019.000) 2022-03-31 13:58:59 Image size of job updated: 385952
	202  -  MemoryUsage of job (MB)
	206532  -  ResidentSetSize of job (KB)
...
006 (127784.018.000) 2022-03-31 13:58:59 Image size of job updated: 385952
	24  -  MemoryUsage of job (MB)
	24112  -  ResidentSetSize of job (KB)
...
005 (127784.018.000) 2022-03-31 13:59:00 Job terminated.
	(1) Normal termination (return value 0)
		Usr 0 00:00:04, Sys 0 00:00:02  -  Run Remote Usage
		Usr 0 00:00:00, Sys 0 00:00:00  -  Run Local Usage
		Usr 0 00:00:04, Sys 0 00:00:02  -  Total Remote Usage
		Usr 0 00:00:00, Sys 0 00:00:00  -  Total Local Usage
	0  -  Run Bytes Sent By Job
	0  -  Run Bytes Received By Job
	0  -  Total Bytes Sent By Job
	0  -  Total Bytes Received By Job
	Partitionable Resources :    Usage  Request Allocated 
	   Cpus                 :                 1         1 
	   Disk (KB)            :        1        1    129249 
	   Memory (MB)          :       24     3900      3968 

	Job terminated of its own accord at 2022-03-31T04:58:59Z.
...
005 (127784.017.000) 2022-03-31 13:59:00 Job terminated.
	(1) Normal termination (return value 0)
		Usr 0 00:00:04, Sys 0 00:00:02  -  Run Remote Usage
		Usr 0 00:00:00, Sys 0 00:00:00  -  Run Local Usage
		Usr 0 00:00:04, Sys 0 00:00:02  -  Total Remote Usage
		Usr 0 00:00:00, Sys 0 00:00:00  -  Total Local Usage
	0  -  Run Bytes Sent By Job
	0  -  Run Bytes Received By Job
	0  -  Total Bytes Sent By Job
	0  -  Total Bytes Received By Job
	Partitionable Resources :    Usage  Request Allocated 
	   Cpus                 :                 1         1 
	   Disk (KB)            :        1        1    129249 
	   Memory (MB)          :      206     3900      3968 

	Job terminated of its own accord at 2022-03-31T04:59:00Z.
...
006 (127784.019.000) 2022-03-31 13:59:00 Image size of job updated: 686736
	202  -  MemoryUsage of job (MB)
	206624  -  ResidentSetSize of job (KB)
...
005 (127784.019.000) 2022-03-31 13:59:00 Job terminated.
	(1) Normal termination (return value 0)
		Usr 0 00:00:04, Sys 0 00:00:02  -  Run Remote Usage
		Usr 0 00:00:00, Sys 0 00:00:00  -  Run Local Usage
		Usr 0 00:00:04, Sys 0 00:00:02  -  Total Remote Usage
		Usr 0 00:00:00, Sys 0 00:00:00  -  Total Local Usage
	0  -  Run Bytes Sent By Job
	0  -  Run Bytes Received By Job
	0  -  Total Bytes Sent By Job
	0  -  Total Bytes Received By Job
	Partitionable Resources :    Usage  Request Allocated 
	   Cpus                 :                 1         1 
	   Disk (KB)            :        1        1    129249 
	   Memory (MB)          :      202     3900      3968 

	Job terminated of its own accord at 2022-03-31T04:59:00Z.
...
000 (127880.000.000) 2022-03-31 15:14:17 Job submitted from host: <172.30.1.200:9618?addrs=172.30.1.200-9618&alias=tamsa2.snu.ac.kr&noUDP&sock=schedd_3154_f5cb>
...
000 (127880.001.000) 2022-03-31 15:14:17 Job submitted from host: <172.30.1.200:9618?addrs=172.30.1.200-9618&alias=tamsa2.snu.ac.kr&noUDP&sock=schedd_3154_f5cb>
...
000 (127880.002.000) 2022-03-31 15:14:17 Job submitted from host: <172.30.1.200:9618?addrs=172.30.1.200-9618&alias=tamsa2.snu.ac.kr&noUDP&sock=schedd_3154_f5cb>
...
000 (127880.003.000) 2022-03-31 15:14:17 Job submitted from host: <172.30.1.200:9618?addrs=172.30.1.200-9618&alias=tamsa2.snu.ac.kr&noUDP&sock=schedd_3154_f5cb>
...
000 (127880.004.000) 2022-03-31 15:14:17 Job submitted from host: <172.30.1.200:9618?addrs=172.30.1.200-9618&alias=tamsa2.snu.ac.kr&noUDP&sock=schedd_3154_f5cb>
...
000 (127880.005.000) 2022-03-31 15:14:17 Job submitted from host: <172.30.1.200:9618?addrs=172.30.1.200-9618&alias=tamsa2.snu.ac.kr&noUDP&sock=schedd_3154_f5cb>
...
000 (127880.006.000) 2022-03-31 15:14:17 Job submitted from host: <172.30.1.200:9618?addrs=172.30.1.200-9618&alias=tamsa2.snu.ac.kr&noUDP&sock=schedd_3154_f5cb>
...
000 (127880.007.000) 2022-03-31 15:14:17 Job submitted from host: <172.30.1.200:9618?addrs=172.30.1.200-9618&alias=tamsa2.snu.ac.kr&noUDP&sock=schedd_3154_f5cb>
...
000 (127880.008.000) 2022-03-31 15:14:17 Job submitted from host: <172.30.1.200:9618?addrs=172.30.1.200-9618&alias=tamsa2.snu.ac.kr&noUDP&sock=schedd_3154_f5cb>
...
000 (127880.009.000) 2022-03-31 15:14:17 Job submitted from host: <172.30.1.200:9618?addrs=172.30.1.200-9618&alias=tamsa2.snu.ac.kr&noUDP&sock=schedd_3154_f5cb>
...
000 (127880.010.000) 2022-03-31 15:14:17 Job submitted from host: <172.30.1.200:9618?addrs=172.30.1.200-9618&alias=tamsa2.snu.ac.kr&noUDP&sock=schedd_3154_f5cb>
...
000 (127880.011.000) 2022-03-31 15:14:17 Job submitted from host: <172.30.1.200:9618?addrs=172.30.1.200-9618&alias=tamsa2.snu.ac.kr&noUDP&sock=schedd_3154_f5cb>
...
000 (127880.012.000) 2022-03-31 15:14:17 Job submitted from host: <172.30.1.200:9618?addrs=172.30.1.200-9618&alias=tamsa2.snu.ac.kr&noUDP&sock=schedd_3154_f5cb>
...
000 (127880.013.000) 2022-03-31 15:14:17 Job submitted from host: <172.30.1.200:9618?addrs=172.30.1.200-9618&alias=tamsa2.snu.ac.kr&noUDP&sock=schedd_3154_f5cb>
...
000 (127880.014.000) 2022-03-31 15:14:17 Job submitted from host: <172.30.1.200:9618?addrs=172.30.1.200-9618&alias=tamsa2.snu.ac.kr&noUDP&sock=schedd_3154_f5cb>
...
000 (127880.015.000) 2022-03-31 15:14:17 Job submitted from host: <172.30.1.200:9618?addrs=172.30.1.200-9618&alias=tamsa2.snu.ac.kr&noUDP&sock=schedd_3154_f5cb>
...
000 (127880.016.000) 2022-03-31 15:14:17 Job submitted from host: <172.30.1.200:9618?addrs=172.30.1.200-9618&alias=tamsa2.snu.ac.kr&noUDP&sock=schedd_3154_f5cb>
...
000 (127880.017.000) 2022-03-31 15:14:17 Job submitted from host: <172.30.1.200:9618?addrs=172.30.1.200-9618&alias=tamsa2.snu.ac.kr&noUDP&sock=schedd_3154_f5cb>
...
000 (127880.018.000) 2022-03-31 15:14:17 Job submitted from host: <172.30.1.200:9618?addrs=172.30.1.200-9618&alias=tamsa2.snu.ac.kr&noUDP&sock=schedd_3154_f5cb>
...
000 (127880.019.000) 2022-03-31 15:14:17 Job submitted from host: <172.30.1.200:9618?addrs=172.30.1.200-9618&alias=tamsa2.snu.ac.kr&noUDP&sock=schedd_3154_f5cb>
...
001 (127880.008.000) 2022-03-31 15:15:36 Job executing on host: <172.30.1.203:9618?addrs=172.30.1.203-9618&alias=node3&noUDP&sock=startd_3597_d240>
...
001 (127880.009.000) 2022-03-31 15:15:36 Job executing on host: <172.30.1.203:9618?addrs=172.30.1.203-9618&alias=node3&noUDP&sock=startd_3597_d240>
...
001 (127880.010.000) 2022-03-31 15:15:36 Job executing on host: <172.30.1.203:9618?addrs=172.30.1.203-9618&alias=node3&noUDP&sock=startd_3597_d240>
...
001 (127880.011.000) 2022-03-31 15:15:36 Job executing on host: <172.30.1.203:9618?addrs=172.30.1.203-9618&alias=node3&noUDP&sock=startd_3597_d240>
...
001 (127880.000.000) 2022-03-31 15:15:36 Job executing on host: <172.30.1.202:9618?addrs=172.30.1.202-9618&alias=node2&noUDP&sock=startd_3636_9271>
...
001 (127880.012.000) 2022-03-31 15:15:36 Job executing on host: <172.30.1.203:9618?addrs=172.30.1.203-9618&alias=node3&noUDP&sock=startd_3597_d240>
...
001 (127880.001.000) 2022-03-31 15:15:36 Job executing on host: <172.30.1.202:9618?addrs=172.30.1.202-9618&alias=node2&noUDP&sock=startd_3636_9271>
...
001 (127880.013.000) 2022-03-31 15:15:36 Job executing on host: <172.30.1.203:9618?addrs=172.30.1.203-9618&alias=node3&noUDP&sock=startd_3597_d240>
...
001 (127880.002.000) 2022-03-31 15:15:36 Job executing on host: <172.30.1.202:9618?addrs=172.30.1.202-9618&alias=node2&noUDP&sock=startd_3636_9271>
...
001 (127880.014.000) 2022-03-31 15:15:36 Job executing on host: <172.30.1.203:9618?addrs=172.30.1.203-9618&alias=node3&noUDP&sock=startd_3597_d240>
...
001 (127880.015.000) 2022-03-31 15:15:36 Job executing on host: <172.30.1.203:9618?addrs=172.30.1.203-9618&alias=node3&noUDP&sock=startd_3597_d240>
...
001 (127880.003.000) 2022-03-31 15:15:36 Job executing on host: <172.30.1.202:9618?addrs=172.30.1.202-9618&alias=node2&noUDP&sock=startd_3636_9271>
...
001 (127880.016.000) 2022-03-31 15:15:36 Job executing on host: <172.30.1.203:9618?addrs=172.30.1.203-9618&alias=node3&noUDP&sock=startd_3597_d240>
...
001 (127880.004.000) 2022-03-31 15:15:36 Job executing on host: <172.30.1.202:9618?addrs=172.30.1.202-9618&alias=node2&noUDP&sock=startd_3636_9271>
...
001 (127880.017.000) 2022-03-31 15:15:36 Job executing on host: <172.30.1.203:9618?addrs=172.30.1.203-9618&alias=node3&noUDP&sock=startd_3597_d240>
...
001 (127880.005.000) 2022-03-31 15:15:36 Job executing on host: <172.30.1.202:9618?addrs=172.30.1.202-9618&alias=node2&noUDP&sock=startd_3636_9271>
...
001 (127880.018.000) 2022-03-31 15:15:36 Job executing on host: <172.30.1.203:9618?addrs=172.30.1.203-9618&alias=node3&noUDP&sock=startd_3597_d240>
...
001 (127880.006.000) 2022-03-31 15:15:36 Job executing on host: <172.30.1.202:9618?addrs=172.30.1.202-9618&alias=node2&noUDP&sock=startd_3636_9271>
...
001 (127880.019.000) 2022-03-31 15:15:36 Job executing on host: <172.30.1.203:9618?addrs=172.30.1.203-9618&alias=node3&noUDP&sock=startd_3597_d240>
...
001 (127880.007.000) 2022-03-31 15:15:36 Job executing on host: <172.30.1.202:9618?addrs=172.30.1.202-9618&alias=node2&noUDP&sock=startd_3636_9271>
...
006 (127880.008.000) 2022-03-31 15:15:44 Image size of job updated: 648324
	185  -  MemoryUsage of job (MB)
	188936  -  ResidentSetSize of job (KB)
...
006 (127880.009.000) 2022-03-31 15:15:44 Image size of job updated: 648320
	185  -  MemoryUsage of job (MB)
	189128  -  ResidentSetSize of job (KB)
...
006 (127880.010.000) 2022-03-31 15:15:44 Image size of job updated: 648304
	185  -  MemoryUsage of job (MB)
	188472  -  ResidentSetSize of job (KB)
...
006 (127880.011.000) 2022-03-31 15:15:44 Image size of job updated: 648324
	185  -  MemoryUsage of job (MB)
	189016  -  ResidentSetSize of job (KB)
...
006 (127880.000.000) 2022-03-31 15:15:44 Image size of job updated: 218020
	197  -  MemoryUsage of job (MB)
	201504  -  ResidentSetSize of job (KB)
...
006 (127880.012.000) 2022-03-31 15:15:44 Image size of job updated: 648324
	185  -  MemoryUsage of job (MB)
	188976  -  ResidentSetSize of job (KB)
...
006 (127880.013.000) 2022-03-31 15:15:44 Image size of job updated: 648300
	185  -  MemoryUsage of job (MB)
	188476  -  ResidentSetSize of job (KB)
...
006 (127880.001.000) 2022-03-31 15:15:44 Image size of job updated: 204992
	193  -  MemoryUsage of job (MB)
	196968  -  ResidentSetSize of job (KB)
...
006 (127880.007.000) 2022-03-31 15:15:45 Image size of job updated: 218336
	185  -  MemoryUsage of job (MB)
	189028  -  ResidentSetSize of job (KB)
...
006 (127880.014.000) 2022-03-31 15:15:45 Image size of job updated: 648300
	185  -  MemoryUsage of job (MB)
	189012  -  ResidentSetSize of job (KB)
...
006 (127880.002.000) 2022-03-31 15:15:45 Image size of job updated: 222028
	208  -  MemoryUsage of job (MB)
	212664  -  ResidentSetSize of job (KB)
...
006 (127880.015.000) 2022-03-31 15:15:45 Image size of job updated: 648296
	198  -  MemoryUsage of job (MB)
	202004  -  ResidentSetSize of job (KB)
...
006 (127880.003.000) 2022-03-31 15:15:45 Image size of job updated: 218252
	209  -  MemoryUsage of job (MB)
	213084  -  ResidentSetSize of job (KB)
...
006 (127880.016.000) 2022-03-31 15:15:45 Image size of job updated: 648300
	185  -  MemoryUsage of job (MB)
	188476  -  ResidentSetSize of job (KB)
...
006 (127880.017.000) 2022-03-31 15:15:45 Image size of job updated: 648300
	185  -  MemoryUsage of job (MB)
	189164  -  ResidentSetSize of job (KB)
...
006 (127880.004.000) 2022-03-31 15:15:45 Image size of job updated: 195076
	185  -  MemoryUsage of job (MB)
	189116  -  ResidentSetSize of job (KB)
...
006 (127880.005.000) 2022-03-31 15:15:45 Image size of job updated: 191288
	186  -  MemoryUsage of job (MB)
	189464  -  ResidentSetSize of job (KB)
...
006 (127880.018.000) 2022-03-31 15:15:45 Image size of job updated: 648300
	185  -  MemoryUsage of job (MB)
	188992  -  ResidentSetSize of job (KB)
...
006 (127880.006.000) 2022-03-31 15:15:45 Image size of job updated: 217440
	210  -  MemoryUsage of job (MB)
	214668  -  ResidentSetSize of job (KB)
...
006 (127880.019.000) 2022-03-31 15:15:45 Image size of job updated: 648300
	208  -  MemoryUsage of job (MB)
	212636  -  ResidentSetSize of job (KB)
...
006 (127880.000.000) 2022-03-31 15:15:48 Image size of job updated: 232780
	197  -  MemoryUsage of job (MB)
	201528  -  ResidentSetSize of job (KB)
...
005 (127880.000.000) 2022-03-31 15:15:48 Job terminated.
	(1) Normal termination (return value 0)
		Usr 0 00:00:08, Sys 0 00:00:01  -  Run Remote Usage
		Usr 0 00:00:00, Sys 0 00:00:00  -  Run Local Usage
		Usr 0 00:00:08, Sys 0 00:00:01  -  Total Remote Usage
		Usr 0 00:00:00, Sys 0 00:00:00  -  Total Local Usage
	0  -  Run Bytes Sent By Job
	0  -  Run Bytes Received By Job
	0  -  Total Bytes Sent By Job
	0  -  Total Bytes Received By Job
	Partitionable Resources :    Usage  Request Allocated 
	   Cpus                 :                 1         1 
	   Disk (KB)            :        1        1    129249 
	   Memory (MB)          :      197     3900      3968 

	Job terminated of its own accord at 2022-03-31T06:15:48Z.
...
006 (127880.001.000) 2022-03-31 15:15:48 Image size of job updated: 687200
	193  -  MemoryUsage of job (MB)
	196976  -  ResidentSetSize of job (KB)
...
005 (127880.001.000) 2022-03-31 15:15:48 Job terminated.
	(1) Normal termination (return value 0)
		Usr 0 00:00:08, Sys 0 00:00:01  -  Run Remote Usage
		Usr 0 00:00:00, Sys 0 00:00:00  -  Run Local Usage
		Usr 0 00:00:08, Sys 0 00:00:01  -  Total Remote Usage
		Usr 0 00:00:00, Sys 0 00:00:00  -  Total Local Usage
	0  -  Run Bytes Sent By Job
	0  -  Run Bytes Received By Job
	0  -  Total Bytes Sent By Job
	0  -  Total Bytes Received By Job
	Partitionable Resources :    Usage  Request Allocated 
	   Cpus                 :                 1         1 
	   Disk (KB)            :        1        1    129249 
	   Memory (MB)          :      193     3900      3968 

	Job terminated of its own accord at 2022-03-31T06:15:48Z.
...
006 (127880.019.000) 2022-03-31 15:15:49 Image size of job updated: 687060
	208  -  MemoryUsage of job (MB)
	212684  -  ResidentSetSize of job (KB)
...
005 (127880.019.000) 2022-03-31 15:15:49 Job terminated.
	(1) Normal termination (return value 0)
		Usr 0 00:00:09, Sys 0 00:00:01  -  Run Remote Usage
		Usr 0 00:00:00, Sys 0 00:00:00  -  Run Local Usage
		Usr 0 00:00:09, Sys 0 00:00:01  -  Total Remote Usage
		Usr 0 00:00:00, Sys 0 00:00:00  -  Total Local Usage
	0  -  Run Bytes Sent By Job
	0  -  Run Bytes Received By Job
	0  -  Total Bytes Sent By Job
	0  -  Total Bytes Received By Job
	Partitionable Resources :    Usage  Request Allocated 
	   Cpus                 :                 1         1 
	   Disk (KB)            :        1        1    129249 
	   Memory (MB)          :      208     3900      3968 

	Job terminated of its own accord at 2022-03-31T06:15:49Z.
...
006 (127880.015.000) 2022-03-31 15:15:49 Image size of job updated: 692212
	198  -  MemoryUsage of job (MB)
	202060  -  ResidentSetSize of job (KB)
...
005 (127880.015.000) 2022-03-31 15:15:49 Job terminated.
	(1) Normal termination (return value 0)
		Usr 0 00:00:09, Sys 0 00:00:01  -  Run Remote Usage
		Usr 0 00:00:00, Sys 0 00:00:00  -  Run Local Usage
		Usr 0 00:00:09, Sys 0 00:00:01  -  Total Remote Usage
		Usr 0 00:00:00, Sys 0 00:00:00  -  Total Local Usage
	0  -  Run Bytes Sent By Job
	0  -  Run Bytes Received By Job
	0  -  Total Bytes Sent By Job
	0  -  Total Bytes Received By Job
	Partitionable Resources :    Usage  Request Allocated 
	   Cpus                 :                 1         1 
	   Disk (KB)            :        1        1    129249 
	   Memory (MB)          :      198     3900      3968 

	Job terminated of its own accord at 2022-03-31T06:15:49Z.
...
006 (127880.002.000) 2022-03-31 15:15:50 Image size of job updated: 688868
	208  -  MemoryUsage of job (MB)
	212664  -  ResidentSetSize of job (KB)
...
005 (127880.002.000) 2022-03-31 15:15:50 Job terminated.
	(1) Normal termination (return value 0)
		Usr 0 00:00:10, Sys 0 00:00:01  -  Run Remote Usage
		Usr 0 00:00:00, Sys 0 00:00:00  -  Run Local Usage
		Usr 0 00:00:10, Sys 0 00:00:01  -  Total Remote Usage
		Usr 0 00:00:00, Sys 0 00:00:00  -  Total Local Usage
	0  -  Run Bytes Sent By Job
	0  -  Run Bytes Received By Job
	0  -  Total Bytes Sent By Job
	0  -  Total Bytes Received By Job
	Partitionable Resources :    Usage  Request Allocated 
	   Cpus                 :                 1         1 
	   Disk (KB)            :        1        1    129249 
	   Memory (MB)          :      208     3900      3968 

	Job terminated of its own accord at 2022-03-31T06:15:50Z.
...
006 (127880.010.000) 2022-03-31 15:15:50 Image size of job updated: 687128
	185  -  MemoryUsage of job (MB)
	188472  -  ResidentSetSize of job (KB)
...
005 (127880.010.000) 2022-03-31 15:15:50 Job terminated.
	(1) Normal termination (return value 0)
		Usr 0 00:00:10, Sys 0 00:00:02  -  Run Remote Usage
		Usr 0 00:00:00, Sys 0 00:00:00  -  Run Local Usage
		Usr 0 00:00:10, Sys 0 00:00:02  -  Total Remote Usage
		Usr 0 00:00:00, Sys 0 00:00:00  -  Total Local Usage
	0  -  Run Bytes Sent By Job
	0  -  Run Bytes Received By Job
	0  -  Total Bytes Sent By Job
	0  -  Total Bytes Received By Job
	Partitionable Resources :    Usage  Request Allocated 
	   Cpus                 :                 1         1 
	   Disk (KB)            :        1        1    129249 
	   Memory (MB)          :      185     3900      3968 

	Job terminated of its own accord at 2022-03-31T06:15:50Z.
...
006 (127880.012.000) 2022-03-31 15:15:51 Image size of job updated: 691672
	185  -  MemoryUsage of job (MB)
	188976  -  ResidentSetSize of job (KB)
...
005 (127880.012.000) 2022-03-31 15:15:51 Job terminated.
	(1) Normal termination (return value 0)
		Usr 0 00:00:10, Sys 0 00:00:01  -  Run Remote Usage
		Usr 0 00:00:00, Sys 0 00:00:00  -  Run Local Usage
		Usr 0 00:00:10, Sys 0 00:00:01  -  Total Remote Usage
		Usr 0 00:00:00, Sys 0 00:00:00  -  Total Local Usage
	0  -  Run Bytes Sent By Job
	0  -  Run Bytes Received By Job
	0  -  Total Bytes Sent By Job
	0  -  Total Bytes Received By Job
	Partitionable Resources :    Usage  Request Allocated 
	   Cpus                 :                 1         1 
	   Disk (KB)            :        1        1    129249 
	   Memory (MB)          :      185     3900      3968 

	Job terminated of its own accord at 2022-03-31T06:15:51Z.
...
006 (127880.017.000) 2022-03-31 15:15:51 Image size of job updated: 692204
	185  -  MemoryUsage of job (MB)
	189164  -  ResidentSetSize of job (KB)
...
005 (127880.017.000) 2022-03-31 15:15:51 Job terminated.
	(1) Normal termination (return value 0)
		Usr 0 00:00:10, Sys 0 00:00:01  -  Run Remote Usage
		Usr 0 00:00:00, Sys 0 00:00:00  -  Run Local Usage
		Usr 0 00:00:10, Sys 0 00:00:01  -  Total Remote Usage
		Usr 0 00:00:00, Sys 0 00:00:00  -  Total Local Usage
	0  -  Run Bytes Sent By Job
	0  -  Run Bytes Received By Job
	0  -  Total Bytes Sent By Job
	0  -  Total Bytes Received By Job
	Partitionable Resources :    Usage  Request Allocated 
	   Cpus                 :                 1         1 
	   Disk (KB)            :        1        1    129249 
	   Memory (MB)          :      185     3900      3968 

	Job terminated of its own accord at 2022-03-31T06:15:51Z.
...
006 (127880.007.000) 2022-03-31 15:15:51 Image size of job updated: 687188
	185  -  MemoryUsage of job (MB)
	189028  -  ResidentSetSize of job (KB)
...
006 (127880.009.000) 2022-03-31 15:15:51 Image size of job updated: 692232
	185  -  MemoryUsage of job (MB)
	189128  -  ResidentSetSize of job (KB)
...
005 (127880.009.000) 2022-03-31 15:15:51 Job terminated.
	(1) Normal termination (return value 0)
		Usr 0 00:00:11, Sys 0 00:00:02  -  Run Remote Usage
		Usr 0 00:00:00, Sys 0 00:00:00  -  Run Local Usage
		Usr 0 00:00:11, Sys 0 00:00:02  -  Total Remote Usage
		Usr 0 00:00:00, Sys 0 00:00:00  -  Total Local Usage
	0  -  Run Bytes Sent By Job
	0  -  Run Bytes Received By Job
	0  -  Total Bytes Sent By Job
	0  -  Total Bytes Received By Job
	Partitionable Resources :    Usage  Request Allocated 
	   Cpus                 :                 1         1 
	   Disk (KB)            :        1        1    129249 
	   Memory (MB)          :      185     3900      3968 

	Job terminated of its own accord at 2022-03-31T06:15:51Z.
...
005 (127880.007.000) 2022-03-31 15:15:51 Job terminated.
	(1) Normal termination (return value 0)
		Usr 0 00:00:10, Sys 0 00:00:02  -  Run Remote Usage
		Usr 0 00:00:00, Sys 0 00:00:00  -  Run Local Usage
		Usr 0 00:00:10, Sys 0 00:00:02  -  Total Remote Usage
		Usr 0 00:00:00, Sys 0 00:00:00  -  Total Local Usage
	0  -  Run Bytes Sent By Job
	0  -  Run Bytes Received By Job
	0  -  Total Bytes Sent By Job
	0  -  Total Bytes Received By Job
	Partitionable Resources :    Usage  Request Allocated 
	   Cpus                 :                 1         1 
	   Disk (KB)            :        1        1    129249 
	   Memory (MB)          :      185     3900      3968 

	Job terminated of its own accord at 2022-03-31T06:15:51Z.
...
006 (127880.011.000) 2022-03-31 15:15:52 Image size of job updated: 692252
	185  -  MemoryUsage of job (MB)
	189016  -  ResidentSetSize of job (KB)
...
005 (127880.011.000) 2022-03-31 15:15:52 Job terminated.
	(1) Normal termination (return value 0)
		Usr 0 00:00:11, Sys 0 00:00:01  -  Run Remote Usage
		Usr 0 00:00:00, Sys 0 00:00:00  -  Run Local Usage
		Usr 0 00:00:11, Sys 0 00:00:01  -  Total Remote Usage
		Usr 0 00:00:00, Sys 0 00:00:00  -  Total Local Usage
	0  -  Run Bytes Sent By Job
	0  -  Run Bytes Received By Job
	0  -  Total Bytes Sent By Job
	0  -  Total Bytes Received By Job
	Partitionable Resources :    Usage  Request Allocated 
	   Cpus                 :                 1         1 
	   Disk (KB)            :        1        1    129249 
	   Memory (MB)          :      185     3900      3968 

	Job terminated of its own accord at 2022-03-31T06:15:52Z.
...
006 (127880.006.000) 2022-03-31 15:15:52 Image size of job updated: 692016
	210  -  MemoryUsage of job (MB)
	214668  -  ResidentSetSize of job (KB)
...
005 (127880.006.000) 2022-03-31 15:15:52 Job terminated.
	(1) Normal termination (return value 0)
		Usr 0 00:00:12, Sys 0 00:00:01  -  Run Remote Usage
		Usr 0 00:00:00, Sys 0 00:00:00  -  Run Local Usage
		Usr 0 00:00:12, Sys 0 00:00:01  -  Total Remote Usage
		Usr 0 00:00:00, Sys 0 00:00:00  -  Total Local Usage
	0  -  Run Bytes Sent By Job
	0  -  Run Bytes Received By Job
	0  -  Total Bytes Sent By Job
	0  -  Total Bytes Received By Job
	Partitionable Resources :    Usage  Request Allocated 
	   Cpus                 :                 1         1 
	   Disk (KB)            :        1        1    129249 
	   Memory (MB)          :      210     3900      3968 

	Job terminated of its own accord at 2022-03-31T06:15:52Z.
...
006 (127880.018.000) 2022-03-31 15:15:52 Image size of job updated: 692044
	185  -  MemoryUsage of job (MB)
	188992  -  ResidentSetSize of job (KB)
...
005 (127880.018.000) 2022-03-31 15:15:52 Job terminated.
	(1) Normal termination (return value 0)
		Usr 0 00:00:12, Sys 0 00:00:01  -  Run Remote Usage
		Usr 0 00:00:00, Sys 0 00:00:00  -  Run Local Usage
		Usr 0 00:00:12, Sys 0 00:00:01  -  Total Remote Usage
		Usr 0 00:00:00, Sys 0 00:00:00  -  Total Local Usage
	0  -  Run Bytes Sent By Job
	0  -  Run Bytes Received By Job
	0  -  Total Bytes Sent By Job
	0  -  Total Bytes Received By Job
	Partitionable Resources :    Usage  Request Allocated 
	   Cpus                 :                 1         1 
	   Disk (KB)            :        1        1    129249 
	   Memory (MB)          :      185     3900      3968 

	Job terminated of its own accord at 2022-03-31T06:15:52Z.
...
006 (127880.008.000) 2022-03-31 15:15:52 Image size of job updated: 692336
	185  -  MemoryUsage of job (MB)
	188936  -  ResidentSetSize of job (KB)
...
005 (127880.008.000) 2022-03-31 15:15:53 Job terminated.
	(1) Normal termination (return value 0)
		Usr 0 00:00:12, Sys 0 00:00:01  -  Run Remote Usage
		Usr 0 00:00:00, Sys 0 00:00:00  -  Run Local Usage
		Usr 0 00:00:12, Sys 0 00:00:01  -  Total Remote Usage
		Usr 0 00:00:00, Sys 0 00:00:00  -  Total Local Usage
	0  -  Run Bytes Sent By Job
	0  -  Run Bytes Received By Job
	0  -  Total Bytes Sent By Job
	0  -  Total Bytes Received By Job
	Partitionable Resources :    Usage  Request Allocated 
	   Cpus                 :                 1         1 
	   Disk (KB)            :        1        1    129249 
	   Memory (MB)          :      185     3900      3968 

	Job terminated of its own accord at 2022-03-31T06:15:52Z.
...
006 (127880.016.000) 2022-03-31 15:15:53 Image size of job updated: 692012
	185  -  MemoryUsage of job (MB)
	188476  -  ResidentSetSize of job (KB)
...
005 (127880.016.000) 2022-03-31 15:15:53 Job terminated.
	(1) Normal termination (return value 0)
		Usr 0 00:00:13, Sys 0 00:00:01  -  Run Remote Usage
		Usr 0 00:00:00, Sys 0 00:00:00  -  Run Local Usage
		Usr 0 00:00:13, Sys 0 00:00:01  -  Total Remote Usage
		Usr 0 00:00:00, Sys 0 00:00:00  -  Total Local Usage
	0  -  Run Bytes Sent By Job
	0  -  Run Bytes Received By Job
	0  -  Total Bytes Sent By Job
	0  -  Total Bytes Received By Job
	Partitionable Resources :    Usage  Request Allocated 
	   Cpus                 :                 1         1 
	   Disk (KB)            :        1        1    129249 
	   Memory (MB)          :      185     3900      3968 

	Job terminated of its own accord at 2022-03-31T06:15:53Z.
...
006 (127880.014.000) 2022-03-31 15:15:53 Image size of job updated: 692288
	185  -  MemoryUsage of job (MB)
	189012  -  ResidentSetSize of job (KB)
...
005 (127880.014.000) 2022-03-31 15:15:53 Job terminated.
	(1) Normal termination (return value 0)
		Usr 0 00:00:13, Sys 0 00:00:01  -  Run Remote Usage
		Usr 0 00:00:00, Sys 0 00:00:00  -  Run Local Usage
		Usr 0 00:00:13, Sys 0 00:00:01  -  Total Remote Usage
		Usr 0 00:00:00, Sys 0 00:00:00  -  Total Local Usage
	0  -  Run Bytes Sent By Job
	0  -  Run Bytes Received By Job
	0  -  Total Bytes Sent By Job
	0  -  Total Bytes Received By Job
	Partitionable Resources :    Usage  Request Allocated 
	   Cpus                 :                 1         1 
	   Disk (KB)            :        1        1    129249 
	   Memory (MB)          :      185     3900      3968 

	Job terminated of its own accord at 2022-03-31T06:15:53Z.
...
006 (127880.003.000) 2022-03-31 15:15:54 Image size of job updated: 693848
	209  -  MemoryUsage of job (MB)
	213084  -  ResidentSetSize of job (KB)
...
005 (127880.003.000) 2022-03-31 15:15:54 Job terminated.
	(1) Normal termination (return value 0)
		Usr 0 00:00:14, Sys 0 00:00:01  -  Run Remote Usage
		Usr 0 00:00:00, Sys 0 00:00:00  -  Run Local Usage
		Usr 0 00:00:14, Sys 0 00:00:01  -  Total Remote Usage
		Usr 0 00:00:00, Sys 0 00:00:00  -  Total Local Usage
	0  -  Run Bytes Sent By Job
	0  -  Run Bytes Received By Job
	0  -  Total Bytes Sent By Job
	0  -  Total Bytes Received By Job
	Partitionable Resources :    Usage  Request Allocated 
	   Cpus                 :                 1         1 
	   Disk (KB)            :        1        1    129249 
	   Memory (MB)          :      209     3900      3968 

	Job terminated of its own accord at 2022-03-31T06:15:54Z.
...
006 (127880.005.000) 2022-03-31 15:15:54 Image size of job updated: 694116
	186  -  MemoryUsage of job (MB)
	189464  -  ResidentSetSize of job (KB)
...
005 (127880.005.000) 2022-03-31 15:15:54 Job terminated.
	(1) Normal termination (return value 0)
		Usr 0 00:00:14, Sys 0 00:00:01  -  Run Remote Usage
		Usr 0 00:00:00, Sys 0 00:00:00  -  Run Local Usage
		Usr 0 00:00:14, Sys 0 00:00:01  -  Total Remote Usage
		Usr 0 00:00:00, Sys 0 00:00:00  -  Total Local Usage
	0  -  Run Bytes Sent By Job
	0  -  Run Bytes Received By Job
	0  -  Total Bytes Sent By Job
	0  -  Total Bytes Received By Job
	Partitionable Resources :    Usage  Request Allocated 
	   Cpus                 :                 1         1 
	   Disk (KB)            :        1        1    129249 
	   Memory (MB)          :      186     3900      3968 

	Job terminated of its own accord at 2022-03-31T06:15:54Z.
...
006 (127880.013.000) 2022-03-31 15:15:55 Image size of job updated: 701152
	185  -  MemoryUsage of job (MB)
	188476  -  ResidentSetSize of job (KB)
...
005 (127880.013.000) 2022-03-31 15:15:55 Job terminated.
	(1) Normal termination (return value 0)
		Usr 0 00:00:14, Sys 0 00:00:01  -  Run Remote Usage
		Usr 0 00:00:00, Sys 0 00:00:00  -  Run Local Usage
		Usr 0 00:00:14, Sys 0 00:00:01  -  Total Remote Usage
		Usr 0 00:00:00, Sys 0 00:00:00  -  Total Local Usage
	0  -  Run Bytes Sent By Job
	0  -  Run Bytes Received By Job
	0  -  Total Bytes Sent By Job
	0  -  Total Bytes Received By Job
	Partitionable Resources :    Usage  Request Allocated 
	   Cpus                 :                 1         1 
	   Disk (KB)            :        1        1    129249 
	   Memory (MB)          :      185     3900      3968 

	Job terminated of its own accord at 2022-03-31T06:15:55Z.
...
006 (127880.004.000) 2022-03-31 15:15:55 Image size of job updated: 691760
	185  -  MemoryUsage of job (MB)
	189116  -  ResidentSetSize of job (KB)
...
005 (127880.004.000) 2022-03-31 15:15:55 Job terminated.
	(1) Normal termination (return value 0)
		Usr 0 00:00:15, Sys 0 00:00:01  -  Run Remote Usage
		Usr 0 00:00:00, Sys 0 00:00:00  -  Run Local Usage
		Usr 0 00:00:15, Sys 0 00:00:01  -  Total Remote Usage
		Usr 0 00:00:00, Sys 0 00:00:00  -  Total Local Usage
	0  -  Run Bytes Sent By Job
	0  -  Run Bytes Received By Job
	0  -  Total Bytes Sent By Job
	0  -  Total Bytes Received By Job
	Partitionable Resources :    Usage  Request Allocated 
	   Cpus                 :                 1         1 
	   Disk (KB)            :        1        1    129249 
	   Memory (MB)          :      185     3900      3968 

	Job terminated of its own accord at 2022-03-31T06:15:55Z.
...
