000 (2118556.003.000) 06/08 00:00:16 Job submitted from host: <172.30.1.200:9618?addrs=172.30.1.200-9618+[--1]-9618&noUDP&sock=203143_c79e_3>
...
001 (2118556.003.000) 06/08 00:00:35 Job executing on host: <172.30.1.207:9618?addrs=172.30.1.207-9618+[--1]-9618&noUDP&sock=6818_28cd_3>
...
006 (2118556.003.000) 06/08 00:00:43 Image size of job updated: 175248
	29  -  MemoryUsage of job (MB)
	28876  -  ResidentSetSize of job (KB)
...
006 (2118556.003.000) 06/08 00:05:43 Image size of job updated: 653696
	158  -  MemoryUsage of job (MB)
	161068  -  ResidentSetSize of job (KB)
...
006 (2118556.003.000) 06/08 00:10:44 Image size of job updated: 653828
	158  -  MemoryUsage of job (MB)
	161164  -  ResidentSetSize of job (KB)
...
006 (2118556.003.000) 06/08 00:15:44 Image size of job updated: 658716
	162  -  MemoryUsage of job (MB)
	165860  -  ResidentSetSize of job (KB)
...
006 (2118556.003.000) 06/08 00:20:44 Image size of job updated: 664456
	168  -  MemoryUsage of job (MB)
	171824  -  ResidentSetSize of job (KB)
...
006 (2118556.003.000) 06/08 00:25:45 Image size of job updated: 664588
	168  -  MemoryUsage of job (MB)
	171956  -  ResidentSetSize of job (KB)
...
006 (2118556.003.000) 06/08 00:30:45 Image size of job updated: 670052
	174  -  MemoryUsage of job (MB)
	177396  -  ResidentSetSize of job (KB)
...
006 (2118556.003.000) 06/08 00:35:45 Image size of job updated: 670188
	174  -  MemoryUsage of job (MB)
	177500  -  ResidentSetSize of job (KB)
...
006 (2118556.003.000) 06/08 00:45:47 Image size of job updated: 675996
	190  -  MemoryUsage of job (MB)
	194496  -  ResidentSetSize of job (KB)
...
006 (2118556.003.000) 06/08 00:50:47 Image size of job updated: 676140
	191  -  MemoryUsage of job (MB)
	194648  -  ResidentSetSize of job (KB)
...
006 (2118556.003.000) 06/08 00:55:48 Image size of job updated: 676140
	191  -  MemoryUsage of job (MB)
	194652  -  ResidentSetSize of job (KB)
...
006 (2118556.003.000) 06/08 01:00:49 Image size of job updated: 681608
	196  -  MemoryUsage of job (MB)
	200160  -  ResidentSetSize of job (KB)
...
006 (2118556.003.000) 06/08 01:05:49 Image size of job updated: 681740
	196  -  MemoryUsage of job (MB)
	200316  -  ResidentSetSize of job (KB)
...
006 (2118556.003.000) 06/08 01:10:49 Image size of job updated: 686504
	201  -  MemoryUsage of job (MB)
	204896  -  ResidentSetSize of job (KB)
...
006 (2118556.003.000) 06/08 01:15:50 Image size of job updated: 687308
	201  -  MemoryUsage of job (MB)
	205752  -  ResidentSetSize of job (KB)
...
006 (2118556.003.000) 06/08 01:20:50 Image size of job updated: 687444
	202  -  MemoryUsage of job (MB)
	205904  -  ResidentSetSize of job (KB)
...
006 (2118556.003.000) 06/08 01:25:50 Image size of job updated: 692752
	208  -  MemoryUsage of job (MB)
	212936  -  ResidentSetSize of job (KB)
...
006 (2118556.003.000) 06/08 01:30:51 Image size of job updated: 693020
	209  -  MemoryUsage of job (MB)
	213152  -  ResidentSetSize of job (KB)
...
006 (2118556.003.000) 06/08 01:35:51 Image size of job updated: 693152
	209  -  MemoryUsage of job (MB)
	213272  -  ResidentSetSize of job (KB)
...
006 (2118556.003.000) 06/08 01:40:51 Image size of job updated: 698064
	214  -  MemoryUsage of job (MB)
	218456  -  ResidentSetSize of job (KB)
...
006 (2118556.003.000) 06/08 01:45:52 Image size of job updated: 698764
	214  -  MemoryUsage of job (MB)
	219084  -  ResidentSetSize of job (KB)
...
006 (2118556.003.000) 06/08 01:50:53 Image size of job updated: 698764
	214  -  MemoryUsage of job (MB)
	219088  -  ResidentSetSize of job (KB)
...
006 (2118556.003.000) 06/08 01:55:53 Image size of job updated: 704192
	220  -  MemoryUsage of job (MB)
	224480  -  ResidentSetSize of job (KB)
...
006 (2118556.003.000) 06/08 02:00:54 Image size of job updated: 704352
	220  -  MemoryUsage of job (MB)
	224632  -  ResidentSetSize of job (KB)
...
006 (2118556.003.000) 06/08 02:10:55 Image size of job updated: 709792
	220  -  MemoryUsage of job (MB)
	224632  -  ResidentSetSize of job (KB)
...
006 (2118556.003.000) 06/08 02:20:56 Image size of job updated: 714564
	220  -  MemoryUsage of job (MB)
	224632  -  ResidentSetSize of job (KB)
...
006 (2118556.003.000) 06/08 02:25:56 Image size of job updated: 715388
	220  -  MemoryUsage of job (MB)
	224632  -  ResidentSetSize of job (KB)
...
006 (2118556.003.000) 06/08 02:35:57 Image size of job updated: 720460
	223  -  MemoryUsage of job (MB)
	228008  -  ResidentSetSize of job (KB)
...
006 (2118556.003.000) 06/08 02:40:57 Image size of job updated: 720984
	223  -  MemoryUsage of job (MB)
	228228  -  ResidentSetSize of job (KB)
...
006 (2118556.003.000) 06/08 02:45:57 Image size of job updated: 720984
	223  -  MemoryUsage of job (MB)
	228288  -  ResidentSetSize of job (KB)
...
006 (2118556.003.000) 06/08 02:50:58 Image size of job updated: 726168
	229  -  MemoryUsage of job (MB)
	233532  -  ResidentSetSize of job (KB)
...
006 (2118556.003.000) 06/08 02:55:59 Image size of job updated: 726300
	229  -  MemoryUsage of job (MB)
	233748  -  ResidentSetSize of job (KB)
...
006 (2118556.003.000) 06/08 03:00:54 Image size of job updated: 726456
	229  -  MemoryUsage of job (MB)
	233748  -  ResidentSetSize of job (KB)
...
005 (2118556.003.000) 06/08 03:00:54 Job terminated.
	(1) Normal termination (return value 0)
		Usr 0 02:59:54, Sys 0 00:00:03  -  Run Remote Usage
		Usr 0 00:00:00, Sys 0 00:00:00  -  Run Local Usage
		Usr 0 02:59:54, Sys 0 00:00:03  -  Total Remote Usage
		Usr 0 00:00:00, Sys 0 00:00:00  -  Total Local Usage
	41654  -  Run Bytes Sent By Job
	229  -  Run Bytes Received By Job
	41654  -  Total Bytes Sent By Job
	229  -  Total Bytes Received By Job
	Partitionable Resources :    Usage  Request Allocated
	   Cpus                 :                 1         1
	   Disk (KB)            :       52  2048000   2391884
	   Memory (MB)          :      229     2000      2000
...
