000 (2118556.009.000) 06/08 00:00:16 Job submitted from host: <172.30.1.200:9618?addrs=172.30.1.200-9618+[--1]-9618&noUDP&sock=203143_c79e_3>
...
001 (2118556.009.000) 06/08 00:00:32 Job executing on host: <172.30.1.201:9618?addrs=172.30.1.201-9618+[--1]-9618&noUDP&sock=38984_5c24_3>
...
006 (2118556.009.000) 06/08 00:00:41 Image size of job updated: 1
	3  -  MemoryUsage of job (MB)
	2216  -  ResidentSetSize of job (KB)
...
006 (2118556.009.000) 06/08 00:05:42 Image size of job updated: 655420
	159  -  MemoryUsage of job (MB)
	162748  -  ResidentSetSize of job (KB)
...
006 (2118556.009.000) 06/08 00:10:43 Image size of job updated: 669660
	173  -  MemoryUsage of job (MB)
	176956  -  ResidentSetSize of job (KB)
...
006 (2118556.009.000) 06/08 00:15:43 Image size of job updated: 677060
	181  -  MemoryUsage of job (MB)
	184376  -  ResidentSetSize of job (KB)
...
006 (2118556.009.000) 06/08 00:20:43 Image size of job updated: 684368
	199  -  MemoryUsage of job (MB)
	202996  -  ResidentSetSize of job (KB)
...
006 (2118556.009.000) 06/08 00:25:44 Image size of job updated: 690608
	205  -  MemoryUsage of job (MB)
	209140  -  ResidentSetSize of job (KB)
...
006 (2118556.009.000) 06/08 00:30:45 Image size of job updated: 692216
	206  -  MemoryUsage of job (MB)
	210692  -  ResidentSetSize of job (KB)
...
006 (2118556.009.000) 06/08 00:35:45 Image size of job updated: 699716
	214  -  MemoryUsage of job (MB)
	218204  -  ResidentSetSize of job (KB)
...
006 (2118556.009.000) 06/08 00:40:45 Image size of job updated: 706008
	221  -  MemoryUsage of job (MB)
	226184  -  ResidentSetSize of job (KB)
...
006 (2118556.009.000) 06/08 00:45:46 Image size of job updated: 713200
	228  -  MemoryUsage of job (MB)
	233456  -  ResidentSetSize of job (KB)
...
006 (2118556.009.000) 06/08 00:50:47 Image size of job updated: 720620
	236  -  MemoryUsage of job (MB)
	240856  -  ResidentSetSize of job (KB)
...
006 (2118556.009.000) 06/08 00:55:47 Image size of job updated: 726592
	241  -  MemoryUsage of job (MB)
	246712  -  ResidentSetSize of job (KB)
...
006 (2118556.009.000) 06/08 01:00:48 Image size of job updated: 727928
	243  -  MemoryUsage of job (MB)
	248116  -  ResidentSetSize of job (KB)
...
006 (2118556.009.000) 06/08 01:05:49 Image size of job updated: 735228
	250  -  MemoryUsage of job (MB)
	255408  -  ResidentSetSize of job (KB)
...
006 (2118556.009.000) 06/08 01:10:49 Image size of job updated: 742260
	257  -  MemoryUsage of job (MB)
	262508  -  ResidentSetSize of job (KB)
...
006 (2118556.009.000) 06/08 01:15:50 Image size of job updated: 750276
	265  -  MemoryUsage of job (MB)
	270476  -  ResidentSetSize of job (KB)
...
006 (2118556.009.000) 06/08 01:19:11 Image size of job updated: 761788
	265  -  MemoryUsage of job (MB)
	270476  -  ResidentSetSize of job (KB)
...
005 (2118556.009.000) 06/08 01:19:11 Job terminated.
	(1) Normal termination (return value 0)
		Usr 0 01:18:28, Sys 0 00:00:01  -  Run Remote Usage
		Usr 0 00:00:00, Sys 0 00:00:00  -  Run Local Usage
		Usr 0 01:18:28, Sys 0 00:00:01  -  Total Remote Usage
		Usr 0 00:00:00, Sys 0 00:00:00  -  Total Local Usage
	49519  -  Run Bytes Sent By Job
	229  -  Run Bytes Received By Job
	49519  -  Total Bytes Sent By Job
	229  -  Total Bytes Received By Job
	Partitionable Resources :    Usage  Request Allocated
	   Cpus                 :                 1         1
	   Disk (KB)            :       60  2048000   2385094
	   Memory (MB)          :      265     2000      2000
...
