000 (2118556.001.000) 06/08 00:00:16 Job submitted from host: <172.30.1.200:9618?addrs=172.30.1.200-9618+[--1]-9618&noUDP&sock=203143_c79e_3>
...
001 (2118556.001.000) 06/08 00:00:35 Job executing on host: <172.30.1.207:9618?addrs=172.30.1.207-9618+[--1]-9618&noUDP&sock=6818_28cd_3>
...
006 (2118556.001.000) 06/08 00:00:43 Image size of job updated: 179580
	22  -  MemoryUsage of job (MB)
	21960  -  ResidentSetSize of job (KB)
...
006 (2118556.001.000) 06/08 00:05:43 Image size of job updated: 653644
	158  -  MemoryUsage of job (MB)
	160952  -  ResidentSetSize of job (KB)
...
006 (2118556.001.000) 06/08 00:10:45 Image size of job updated: 653932
	158  -  MemoryUsage of job (MB)
	161184  -  ResidentSetSize of job (KB)
...
006 (2118556.001.000) 06/08 00:15:45 Image size of job updated: 659508
	163  -  MemoryUsage of job (MB)
	166668  -  ResidentSetSize of job (KB)
...
006 (2118556.001.000) 06/08 00:20:45 Image size of job updated: 664804
	169  -  MemoryUsage of job (MB)
	172056  -  ResidentSetSize of job (KB)
...
006 (2118556.001.000) 06/08 00:25:46 Image size of job updated: 669832
	173  -  MemoryUsage of job (MB)
	177092  -  ResidentSetSize of job (KB)
...
006 (2118556.001.000) 06/08 00:30:47 Image size of job updated: 670624
	174  -  MemoryUsage of job (MB)
	177940  -  ResidentSetSize of job (KB)
...
006 (2118556.001.000) 06/08 00:40:48 Image size of job updated: 676364
	191  -  MemoryUsage of job (MB)
	194828  -  ResidentSetSize of job (KB)
...
006 (2118556.001.000) 06/08 00:45:49 Image size of job updated: 676764
	191  -  MemoryUsage of job (MB)
	195336  -  ResidentSetSize of job (KB)
...
006 (2118556.001.000) 06/08 00:50:49 Image size of job updated: 676896
	191  -  MemoryUsage of job (MB)
	195476  -  ResidentSetSize of job (KB)
...
006 (2118556.001.000) 06/08 00:55:49 Image size of job updated: 682488
	197  -  MemoryUsage of job (MB)
	200952  -  ResidentSetSize of job (KB)
...
006 (2118556.001.000) 06/08 01:00:50 Image size of job updated: 682636
	197  -  MemoryUsage of job (MB)
	201168  -  ResidentSetSize of job (KB)
...
006 (2118556.001.000) 06/08 01:05:50 Image size of job updated: 687644
	202  -  MemoryUsage of job (MB)
	206080  -  ResidentSetSize of job (KB)
...
006 (2118556.001.000) 06/08 01:10:50 Image size of job updated: 688304
	202  -  MemoryUsage of job (MB)
	206820  -  ResidentSetSize of job (KB)
...
006 (2118556.001.000) 06/08 01:15:51 Image size of job updated: 688468
	203  -  MemoryUsage of job (MB)
	206948  -  ResidentSetSize of job (KB)
...
006 (2118556.001.000) 06/08 01:20:51 Image size of job updated: 693744
	209  -  MemoryUsage of job (MB)
	213892  -  ResidentSetSize of job (KB)
...
006 (2118556.001.000) 06/08 01:25:51 Image size of job updated: 694016
	210  -  MemoryUsage of job (MB)
	214172  -  ResidentSetSize of job (KB)
...
006 (2118556.001.000) 06/08 01:30:52 Image size of job updated: 694284
	210  -  MemoryUsage of job (MB)
	214460  -  ResidentSetSize of job (KB)
...
006 (2118556.001.000) 06/08 01:35:53 Image size of job updated: 700040
	215  -  MemoryUsage of job (MB)
	220148  -  ResidentSetSize of job (KB)
...
006 (2118556.001.000) 06/08 01:40:53 Image size of job updated: 700040
	216  -  MemoryUsage of job (MB)
	220244  -  ResidentSetSize of job (KB)
...
006 (2118556.001.000) 06/08 01:45:54 Image size of job updated: 705200
	221  -  MemoryUsage of job (MB)
	225576  -  ResidentSetSize of job (KB)
...
006 (2118556.001.000) 06/08 01:50:55 Image size of job updated: 705864
	221  -  MemoryUsage of job (MB)
	226052  -  ResidentSetSize of job (KB)
...
006 (2118556.001.000) 06/08 01:55:55 Image size of job updated: 706156
	221  -  MemoryUsage of job (MB)
	226244  -  ResidentSetSize of job (KB)
...
006 (2118556.001.000) 06/08 02:00:56 Image size of job updated: 711172
	227  -  MemoryUsage of job (MB)
	231572  -  ResidentSetSize of job (KB)
...
006 (2118556.001.000) 06/08 02:05:57 Image size of job updated: 711436
	227  -  MemoryUsage of job (MB)
	231572  -  ResidentSetSize of job (KB)
...
006 (2118556.001.000) 06/08 02:10:57 Image size of job updated: 716316
	227  -  MemoryUsage of job (MB)
	231572  -  ResidentSetSize of job (KB)
...
006 (2118556.001.000) 06/08 02:15:57 Image size of job updated: 717244
	227  -  MemoryUsage of job (MB)
	231572  -  ResidentSetSize of job (KB)
...
006 (2118556.001.000) 06/08 02:25:58 Image size of job updated: 722668
	227  -  MemoryUsage of job (MB)
	231572  -  ResidentSetSize of job (KB)
...
006 (2118556.001.000) 06/08 02:30:58 Image size of job updated: 722936
	227  -  MemoryUsage of job (MB)
	231572  -  ResidentSetSize of job (KB)
...
006 (2118556.001.000) 06/08 02:35:59 Image size of job updated: 723232
	227  -  MemoryUsage of job (MB)
	231572  -  ResidentSetSize of job (KB)
...
006 (2118556.001.000) 06/08 02:41:00 Image size of job updated: 728636
	231  -  MemoryUsage of job (MB)
	235964  -  ResidentSetSize of job (KB)
...
006 (2118556.001.000) 06/08 02:46:00 Image size of job updated: 728908
	231  -  MemoryUsage of job (MB)
	236128  -  ResidentSetSize of job (KB)
...
006 (2118556.001.000) 06/08 02:49:42 Image size of job updated: 738624
	231  -  MemoryUsage of job (MB)
	236128  -  ResidentSetSize of job (KB)
...
005 (2118556.001.000) 06/08 02:49:42 Job terminated.
	(1) Normal termination (return value 0)
		Usr 0 02:48:51, Sys 0 00:00:03  -  Run Remote Usage
		Usr 0 00:00:00, Sys 0 00:00:00  -  Run Local Usage
		Usr 0 02:48:51, Sys 0 00:00:03  -  Total Remote Usage
		Usr 0 00:00:00, Sys 0 00:00:00  -  Total Local Usage
	40613  -  Run Bytes Sent By Job
	229  -  Run Bytes Received By Job
	40613  -  Total Bytes Sent By Job
	229  -  Total Bytes Received By Job
	Partitionable Resources :    Usage  Request Allocated
	   Cpus                 :                 1         1
	   Disk (KB)            :       51  2048000   2391884
	   Memory (MB)          :      231     2000      2000
...
