000 (2118556.007.000) 06/08 00:00:16 Job submitted from host: <172.30.1.200:9618?addrs=172.30.1.200-9618+[--1]-9618&noUDP&sock=203143_c79e_3>
...
001 (2118556.007.000) 06/08 00:00:35 Job executing on host: <172.30.1.207:9618?addrs=172.30.1.207-9618+[--1]-9618&noUDP&sock=6818_28cd_3>
...
006 (2118556.007.000) 06/08 00:00:44 Image size of job updated: 1
	3  -  MemoryUsage of job (MB)
	2216  -  ResidentSetSize of job (KB)
...
006 (2118556.007.000) 06/08 00:05:45 Image size of job updated: 654708
	159  -  MemoryUsage of job (MB)
	162048  -  ResidentSetSize of job (KB)
...
006 (2118556.007.000) 06/08 00:10:45 Image size of job updated: 654708
	159  -  MemoryUsage of job (MB)
	162092  -  ResidentSetSize of job (KB)
...
006 (2118556.007.000) 06/08 00:15:46 Image size of job updated: 660144
	164  -  MemoryUsage of job (MB)
	167260  -  ResidentSetSize of job (KB)
...
006 (2118556.007.000) 06/08 00:20:47 Image size of job updated: 667272
	171  -  MemoryUsage of job (MB)
	174404  -  ResidentSetSize of job (KB)
...
006 (2118556.007.000) 06/08 00:30:47 Image size of job updated: 674036
	177  -  MemoryUsage of job (MB)
	181200  -  ResidentSetSize of job (KB)
...
006 (2118556.007.000) 06/08 00:35:48 Image size of job updated: 674180
	178  -  MemoryUsage of job (MB)
	181348  -  ResidentSetSize of job (KB)
...
006 (2118556.007.000) 06/08 00:40:48 Image size of job updated: 674180
	178  -  MemoryUsage of job (MB)
	181388  -  ResidentSetSize of job (KB)
...
006 (2118556.007.000) 06/08 00:45:48 Image size of job updated: 680816
	195  -  MemoryUsage of job (MB)
	199208  -  ResidentSetSize of job (KB)
...
006 (2118556.007.000) 06/08 00:50:49 Image size of job updated: 680816
	195  -  MemoryUsage of job (MB)
	199296  -  ResidentSetSize of job (KB)
...
006 (2118556.007.000) 06/08 00:55:49 Image size of job updated: 680976
	195  -  MemoryUsage of job (MB)
	199396  -  ResidentSetSize of job (KB)
...
006 (2118556.007.000) 06/08 01:00:49 Image size of job updated: 687328
	201  -  MemoryUsage of job (MB)
	205800  -  ResidentSetSize of job (KB)
...
006 (2118556.007.000) 06/08 01:05:50 Image size of job updated: 687472
	202  -  MemoryUsage of job (MB)
	206004  -  ResidentSetSize of job (KB)
...
006 (2118556.007.000) 06/08 01:10:51 Image size of job updated: 687624
	202  -  MemoryUsage of job (MB)
	206060  -  ResidentSetSize of job (KB)
...
006 (2118556.007.000) 06/08 01:15:51 Image size of job updated: 693844
	208  -  MemoryUsage of job (MB)
	212372  -  ResidentSetSize of job (KB)
...
006 (2118556.007.000) 06/08 01:20:52 Image size of job updated: 693976
	208  -  MemoryUsage of job (MB)
	212532  -  ResidentSetSize of job (KB)
...
006 (2118556.007.000) 06/08 01:25:53 Image size of job updated: 699472
	215  -  MemoryUsage of job (MB)
	219648  -  ResidentSetSize of job (KB)
...
006 (2118556.007.000) 06/08 01:30:53 Image size of job updated: 700712
	216  -  MemoryUsage of job (MB)
	220884  -  ResidentSetSize of job (KB)
...
006 (2118556.007.000) 06/08 01:35:53 Image size of job updated: 700844
	216  -  MemoryUsage of job (MB)
	221008  -  ResidentSetSize of job (KB)
...
006 (2118556.007.000) 06/08 01:40:54 Image size of job updated: 707204
	223  -  MemoryUsage of job (MB)
	227384  -  ResidentSetSize of job (KB)
...
006 (2118556.007.000) 06/08 01:45:54 Image size of job updated: 707348
	223  -  MemoryUsage of job (MB)
	227508  -  ResidentSetSize of job (KB)
...
006 (2118556.007.000) 06/08 01:50:54 Image size of job updated: 707348
	223  -  MemoryUsage of job (MB)
	227580  -  ResidentSetSize of job (KB)
...
006 (2118556.007.000) 06/08 01:55:55 Image size of job updated: 713688
	229  -  MemoryUsage of job (MB)
	233860  -  ResidentSetSize of job (KB)
...
006 (2118556.007.000) 06/08 02:00:55 Image size of job updated: 713688
	229  -  MemoryUsage of job (MB)
	233916  -  ResidentSetSize of job (KB)
...
006 (2118556.007.000) 06/08 02:05:55 Image size of job updated: 713960
	229  -  MemoryUsage of job (MB)
	233916  -  ResidentSetSize of job (KB)
...
006 (2118556.007.000) 06/08 02:10:56 Image size of job updated: 720180
	229  -  MemoryUsage of job (MB)
	233916  -  ResidentSetSize of job (KB)
...
006 (2118556.007.000) 06/08 02:15:57 Image size of job updated: 720468
	229  -  MemoryUsage of job (MB)
	233916  -  ResidentSetSize of job (KB)
...
006 (2118556.007.000) 06/08 02:20:57 Image size of job updated: 725352
	229  -  MemoryUsage of job (MB)
	233916  -  ResidentSetSize of job (KB)
...
006 (2118556.007.000) 06/08 02:25:58 Image size of job updated: 726684
	229  -  MemoryUsage of job (MB)
	234044  -  ResidentSetSize of job (KB)
...
006 (2118556.007.000) 06/08 02:30:59 Image size of job updated: 726824
	229  -  MemoryUsage of job (MB)
	234176  -  ResidentSetSize of job (KB)
...
006 (2118556.007.000) 06/08 02:35:59 Image size of job updated: 732636
	235  -  MemoryUsage of job (MB)
	240044  -  ResidentSetSize of job (KB)
...
006 (2118556.007.000) 06/08 02:40:59 Image size of job updated: 733064
	235  -  MemoryUsage of job (MB)
	240504  -  ResidentSetSize of job (KB)
...
006 (2118556.007.000) 06/08 02:46:00 Image size of job updated: 733064
	235  -  MemoryUsage of job (MB)
	240536  -  ResidentSetSize of job (KB)
...
006 (2118556.007.000) 06/08 02:51:00 Image size of job updated: 739420
	242  -  MemoryUsage of job (MB)
	246904  -  ResidentSetSize of job (KB)
...
006 (2118556.007.000) 06/08 02:56:00 Image size of job updated: 739564
	242  -  MemoryUsage of job (MB)
	246992  -  ResidentSetSize of job (KB)
...
006 (2118556.007.000) 06/08 03:00:09 Image size of job updated: 748276
	242  -  MemoryUsage of job (MB)
	246992  -  ResidentSetSize of job (KB)
...
005 (2118556.007.000) 06/08 03:00:09 Job terminated.
	(1) Normal termination (return value 0)
		Usr 0 02:59:09, Sys 0 00:00:03  -  Run Remote Usage
		Usr 0 00:00:00, Sys 0 00:00:00  -  Run Local Usage
		Usr 0 02:59:09, Sys 0 00:00:03  -  Total Remote Usage
		Usr 0 00:00:00, Sys 0 00:00:00  -  Total Local Usage
	43279  -  Run Bytes Sent By Job
	229  -  Run Bytes Received By Job
	43279  -  Total Bytes Sent By Job
	229  -  Total Bytes Received By Job
	Partitionable Resources :    Usage  Request Allocated
	   Cpus                 :                 1         1
	   Disk (KB)            :       54  2048000   2391884
	   Memory (MB)          :      242     2000      2000
...
