000 (126591.000.000) 2022-03-30 12:28:25 Job submitted from host: <172.30.1.200:9618?addrs=172.30.1.200-9618&alias=tamsa2.snu.ac.kr&noUDP&sock=schedd_3154_f5cb>
...
000 (126591.001.000) 2022-03-30 12:28:25 Job submitted from host: <172.30.1.200:9618?addrs=172.30.1.200-9618&alias=tamsa2.snu.ac.kr&noUDP&sock=schedd_3154_f5cb>
...
000 (126591.002.000) 2022-03-30 12:28:25 Job submitted from host: <172.30.1.200:9618?addrs=172.30.1.200-9618&alias=tamsa2.snu.ac.kr&noUDP&sock=schedd_3154_f5cb>
...
000 (126591.003.000) 2022-03-30 12:28:25 Job submitted from host: <172.30.1.200:9618?addrs=172.30.1.200-9618&alias=tamsa2.snu.ac.kr&noUDP&sock=schedd_3154_f5cb>
...
000 (126591.004.000) 2022-03-30 12:28:25 Job submitted from host: <172.30.1.200:9618?addrs=172.30.1.200-9618&alias=tamsa2.snu.ac.kr&noUDP&sock=schedd_3154_f5cb>
...
000 (126591.005.000) 2022-03-30 12:28:25 Job submitted from host: <172.30.1.200:9618?addrs=172.30.1.200-9618&alias=tamsa2.snu.ac.kr&noUDP&sock=schedd_3154_f5cb>
...
000 (126591.006.000) 2022-03-30 12:28:25 Job submitted from host: <172.30.1.200:9618?addrs=172.30.1.200-9618&alias=tamsa2.snu.ac.kr&noUDP&sock=schedd_3154_f5cb>
...
000 (126591.007.000) 2022-03-30 12:28:25 Job submitted from host: <172.30.1.200:9618?addrs=172.30.1.200-9618&alias=tamsa2.snu.ac.kr&noUDP&sock=schedd_3154_f5cb>
...
000 (126591.008.000) 2022-03-30 12:28:25 Job submitted from host: <172.30.1.200:9618?addrs=172.30.1.200-9618&alias=tamsa2.snu.ac.kr&noUDP&sock=schedd_3154_f5cb>
...
000 (126591.009.000) 2022-03-30 12:28:25 Job submitted from host: <172.30.1.200:9618?addrs=172.30.1.200-9618&alias=tamsa2.snu.ac.kr&noUDP&sock=schedd_3154_f5cb>
...
000 (126591.010.000) 2022-03-30 12:28:25 Job submitted from host: <172.30.1.200:9618?addrs=172.30.1.200-9618&alias=tamsa2.snu.ac.kr&noUDP&sock=schedd_3154_f5cb>
...
000 (126591.011.000) 2022-03-30 12:28:25 Job submitted from host: <172.30.1.200:9618?addrs=172.30.1.200-9618&alias=tamsa2.snu.ac.kr&noUDP&sock=schedd_3154_f5cb>
...
000 (126591.012.000) 2022-03-30 12:28:25 Job submitted from host: <172.30.1.200:9618?addrs=172.30.1.200-9618&alias=tamsa2.snu.ac.kr&noUDP&sock=schedd_3154_f5cb>
...
000 (126591.013.000) 2022-03-30 12:28:25 Job submitted from host: <172.30.1.200:9618?addrs=172.30.1.200-9618&alias=tamsa2.snu.ac.kr&noUDP&sock=schedd_3154_f5cb>
...
000 (126591.014.000) 2022-03-30 12:28:25 Job submitted from host: <172.30.1.200:9618?addrs=172.30.1.200-9618&alias=tamsa2.snu.ac.kr&noUDP&sock=schedd_3154_f5cb>
...
000 (126591.015.000) 2022-03-30 12:28:25 Job submitted from host: <172.30.1.200:9618?addrs=172.30.1.200-9618&alias=tamsa2.snu.ac.kr&noUDP&sock=schedd_3154_f5cb>
...
000 (126591.016.000) 2022-03-30 12:28:25 Job submitted from host: <172.30.1.200:9618?addrs=172.30.1.200-9618&alias=tamsa2.snu.ac.kr&noUDP&sock=schedd_3154_f5cb>
...
000 (126591.017.000) 2022-03-30 12:28:25 Job submitted from host: <172.30.1.200:9618?addrs=172.30.1.200-9618&alias=tamsa2.snu.ac.kr&noUDP&sock=schedd_3154_f5cb>
...
000 (126591.018.000) 2022-03-30 12:28:25 Job submitted from host: <172.30.1.200:9618?addrs=172.30.1.200-9618&alias=tamsa2.snu.ac.kr&noUDP&sock=schedd_3154_f5cb>
...
000 (126591.019.000) 2022-03-30 12:28:25 Job submitted from host: <172.30.1.200:9618?addrs=172.30.1.200-9618&alias=tamsa2.snu.ac.kr&noUDP&sock=schedd_3154_f5cb>
...
001 (126591.010.000) 2022-03-30 12:28:38 Job executing on host: <172.30.1.203:9618?addrs=172.30.1.203-9618&alias=node3&noUDP&sock=startd_3597_d240>
...
001 (126591.011.000) 2022-03-30 12:28:38 Job executing on host: <172.30.1.203:9618?addrs=172.30.1.203-9618&alias=node3&noUDP&sock=startd_3597_d240>
...
001 (126591.012.000) 2022-03-30 12:28:38 Job executing on host: <172.30.1.203:9618?addrs=172.30.1.203-9618&alias=node3&noUDP&sock=startd_3597_d240>
...
001 (126591.013.000) 2022-03-30 12:28:38 Job executing on host: <172.30.1.203:9618?addrs=172.30.1.203-9618&alias=node3&noUDP&sock=startd_3597_d240>
...
001 (126591.014.000) 2022-03-30 12:28:38 Job executing on host: <172.30.1.203:9618?addrs=172.30.1.203-9618&alias=node3&noUDP&sock=startd_3597_d240>
...
001 (126591.015.000) 2022-03-30 12:28:38 Job executing on host: <172.30.1.203:9618?addrs=172.30.1.203-9618&alias=node3&noUDP&sock=startd_3597_d240>
...
001 (126591.016.000) 2022-03-30 12:28:38 Job executing on host: <172.30.1.203:9618?addrs=172.30.1.203-9618&alias=node3&noUDP&sock=startd_3597_d240>
...
001 (126591.017.000) 2022-03-30 12:28:38 Job executing on host: <172.30.1.203:9618?addrs=172.30.1.203-9618&alias=node3&noUDP&sock=startd_3597_d240>
...
001 (126591.018.000) 2022-03-30 12:28:38 Job executing on host: <172.30.1.203:9618?addrs=172.30.1.203-9618&alias=node3&noUDP&sock=startd_3597_d240>
...
001 (126591.019.000) 2022-03-30 12:28:38 Job executing on host: <172.30.1.203:9618?addrs=172.30.1.203-9618&alias=node3&noUDP&sock=startd_3597_d240>
...
001 (126591.000.000) 2022-03-30 12:28:40 Job executing on host: <172.30.1.202:9618?addrs=172.30.1.202-9618&alias=node2&noUDP&sock=startd_3636_9271>
...
001 (126591.001.000) 2022-03-30 12:28:40 Job executing on host: <172.30.1.202:9618?addrs=172.30.1.202-9618&alias=node2&noUDP&sock=startd_3636_9271>
...
001 (126591.002.000) 2022-03-30 12:28:40 Job executing on host: <172.30.1.202:9618?addrs=172.30.1.202-9618&alias=node2&noUDP&sock=startd_3636_9271>
...
001 (126591.003.000) 2022-03-30 12:28:40 Job executing on host: <172.30.1.202:9618?addrs=172.30.1.202-9618&alias=node2&noUDP&sock=startd_3636_9271>
...
001 (126591.004.000) 2022-03-30 12:28:40 Job executing on host: <172.30.1.202:9618?addrs=172.30.1.202-9618&alias=node2&noUDP&sock=startd_3636_9271>
...
001 (126591.005.000) 2022-03-30 12:28:40 Job executing on host: <172.30.1.202:9618?addrs=172.30.1.202-9618&alias=node2&noUDP&sock=startd_3636_9271>
...
001 (126591.006.000) 2022-03-30 12:28:40 Job executing on host: <172.30.1.202:9618?addrs=172.30.1.202-9618&alias=node2&noUDP&sock=startd_3636_9271>
...
001 (126591.007.000) 2022-03-30 12:28:40 Job executing on host: <172.30.1.202:9618?addrs=172.30.1.202-9618&alias=node2&noUDP&sock=startd_3636_9271>
...
001 (126591.008.000) 2022-03-30 12:28:40 Job executing on host: <172.30.1.202:9618?addrs=172.30.1.202-9618&alias=node2&noUDP&sock=startd_3636_9271>
...
001 (126591.009.000) 2022-03-30 12:28:40 Job executing on host: <172.30.1.202:9618?addrs=172.30.1.202-9618&alias=node2&noUDP&sock=startd_3636_9271>
...
006 (126591.010.000) 2022-03-30 12:28:46 Image size of job updated: 474012
	173  -  MemoryUsage of job (MB)
	176428  -  ResidentSetSize of job (KB)
...
006 (126591.011.000) 2022-03-30 12:28:46 Image size of job updated: 475812
	175  -  MemoryUsage of job (MB)
	178956  -  ResidentSetSize of job (KB)
...
006 (126591.012.000) 2022-03-30 12:28:46 Image size of job updated: 477392
	177  -  MemoryUsage of job (MB)
	180808  -  ResidentSetSize of job (KB)
...
006 (126591.013.000) 2022-03-30 12:28:46 Image size of job updated: 476324
	177  -  MemoryUsage of job (MB)
	180804  -  ResidentSetSize of job (KB)
...
006 (126591.014.000) 2022-03-30 12:28:46 Image size of job updated: 474404
	177  -  MemoryUsage of job (MB)
	180812  -  ResidentSetSize of job (KB)
...
006 (126591.015.000) 2022-03-30 12:28:46 Image size of job updated: 476068
	177  -  MemoryUsage of job (MB)
	180816  -  ResidentSetSize of job (KB)
...
006 (126591.016.000) 2022-03-30 12:28:46 Image size of job updated: 478276
	177  -  MemoryUsage of job (MB)
	180808  -  ResidentSetSize of job (KB)
...
006 (126591.017.000) 2022-03-30 12:28:47 Image size of job updated: 476324
	183  -  MemoryUsage of job (MB)
	186388  -  ResidentSetSize of job (KB)
...
006 (126591.018.000) 2022-03-30 12:28:47 Image size of job updated: 478136
	183  -  MemoryUsage of job (MB)
	186376  -  ResidentSetSize of job (KB)
...
006 (126591.019.000) 2022-03-30 12:28:47 Image size of job updated: 474144
	183  -  MemoryUsage of job (MB)
	186388  -  ResidentSetSize of job (KB)
...
006 (126591.000.000) 2022-03-30 12:28:48 Image size of job updated: 480468
	183  -  MemoryUsage of job (MB)
	186384  -  ResidentSetSize of job (KB)
...
006 (126591.001.000) 2022-03-30 12:28:48 Image size of job updated: 477396
	183  -  MemoryUsage of job (MB)
	186824  -  ResidentSetSize of job (KB)
...
006 (126591.002.000) 2022-03-30 12:28:48 Image size of job updated: 474652
	183  -  MemoryUsage of job (MB)
	186388  -  ResidentSetSize of job (KB)
...
006 (126591.003.000) 2022-03-30 12:28:48 Image size of job updated: 474492
	183  -  MemoryUsage of job (MB)
	186816  -  ResidentSetSize of job (KB)
...
006 (126591.004.000) 2022-03-30 12:28:48 Image size of job updated: 478128
	183  -  MemoryUsage of job (MB)
	186388  -  ResidentSetSize of job (KB)
...
006 (126591.005.000) 2022-03-30 12:28:48 Image size of job updated: 477380
	183  -  MemoryUsage of job (MB)
	186384  -  ResidentSetSize of job (KB)
...
006 (126591.006.000) 2022-03-30 12:28:49 Image size of job updated: 444152
	183  -  MemoryUsage of job (MB)
	186820  -  ResidentSetSize of job (KB)
...
006 (126591.007.000) 2022-03-30 12:28:49 Image size of job updated: 472092
	183  -  MemoryUsage of job (MB)
	186384  -  ResidentSetSize of job (KB)
...
006 (126591.008.000) 2022-03-30 12:28:49 Image size of job updated: 474652
	183  -  MemoryUsage of job (MB)
	186904  -  ResidentSetSize of job (KB)
...
006 (126591.009.000) 2022-03-30 12:28:49 Image size of job updated: 470208
	183  -  MemoryUsage of job (MB)
	186876  -  ResidentSetSize of job (KB)
...
006 (126591.017.000) 2022-03-30 12:28:50 Image size of job updated: 686448
	183  -  MemoryUsage of job (MB)
	186388  -  ResidentSetSize of job (KB)
...
006 (126591.019.000) 2022-03-30 12:28:50 Image size of job updated: 686516
	183  -  MemoryUsage of job (MB)
	186388  -  ResidentSetSize of job (KB)
...
005 (126591.017.000) 2022-03-30 12:28:50 Job terminated.
	(1) Normal termination (return value 0)
		Usr 0 00:00:06, Sys 0 00:00:02  -  Run Remote Usage
		Usr 0 00:00:00, Sys 0 00:00:00  -  Run Local Usage
		Usr 0 00:00:06, Sys 0 00:00:02  -  Total Remote Usage
		Usr 0 00:00:00, Sys 0 00:00:00  -  Total Local Usage
	0  -  Run Bytes Sent By Job
	0  -  Run Bytes Received By Job
	0  -  Total Bytes Sent By Job
	0  -  Total Bytes Received By Job
	Partitionable Resources :    Usage  Request Allocated 
	   Cpus                 :                 1         1 
	   Disk (KB)            :        1        1    129249 
	   Memory (MB)          :      183     3900      3968 

	Job terminated of its own accord at 2022-03-30T03:28:50Z.
...
005 (126591.019.000) 2022-03-30 12:28:50 Job terminated.
	(1) Normal termination (return value 0)
		Usr 0 00:00:06, Sys 0 00:00:02  -  Run Remote Usage
		Usr 0 00:00:00, Sys 0 00:00:00  -  Run Local Usage
		Usr 0 00:00:06, Sys 0 00:00:02  -  Total Remote Usage
		Usr 0 00:00:00, Sys 0 00:00:00  -  Total Local Usage
	0  -  Run Bytes Sent By Job
	0  -  Run Bytes Received By Job
	0  -  Total Bytes Sent By Job
	0  -  Total Bytes Received By Job
	Partitionable Resources :    Usage  Request Allocated 
	   Cpus                 :                 1         1 
	   Disk (KB)            :        1        1    129249 
	   Memory (MB)          :      183     3900      3968 

	Job terminated of its own accord at 2022-03-30T03:28:50Z.
...
006 (126591.015.000) 2022-03-30 12:28:51 Image size of job updated: 689520
	177  -  MemoryUsage of job (MB)
	180816  -  ResidentSetSize of job (KB)
...
006 (126591.016.000) 2022-03-30 12:28:51 Image size of job updated: 689592
	177  -  MemoryUsage of job (MB)
	180808  -  ResidentSetSize of job (KB)
...
005 (126591.015.000) 2022-03-30 12:28:51 Job terminated.
	(1) Normal termination (return value 0)
		Usr 0 00:00:07, Sys 0 00:00:02  -  Run Remote Usage
		Usr 0 00:00:00, Sys 0 00:00:00  -  Run Local Usage
		Usr 0 00:00:07, Sys 0 00:00:02  -  Total Remote Usage
		Usr 0 00:00:00, Sys 0 00:00:00  -  Total Local Usage
	0  -  Run Bytes Sent By Job
	0  -  Run Bytes Received By Job
	0  -  Total Bytes Sent By Job
	0  -  Total Bytes Received By Job
	Partitionable Resources :    Usage  Request Allocated 
	   Cpus                 :                 1         1 
	   Disk (KB)            :        1        1    129249 
	   Memory (MB)          :      177     3900      3968 

	Job terminated of its own accord at 2022-03-30T03:28:51Z.
...
005 (126591.016.000) 2022-03-30 12:28:51 Job terminated.
	(1) Normal termination (return value 0)
		Usr 0 00:00:07, Sys 0 00:00:02  -  Run Remote Usage
		Usr 0 00:00:00, Sys 0 00:00:00  -  Run Local Usage
		Usr 0 00:00:07, Sys 0 00:00:02  -  Total Remote Usage
		Usr 0 00:00:00, Sys 0 00:00:00  -  Total Local Usage
	0  -  Run Bytes Sent By Job
	0  -  Run Bytes Received By Job
	0  -  Total Bytes Sent By Job
	0  -  Total Bytes Received By Job
	Partitionable Resources :    Usage  Request Allocated 
	   Cpus                 :                 1         1 
	   Disk (KB)            :        1        1    129249 
	   Memory (MB)          :      177     3900      3968 

	Job terminated of its own accord at 2022-03-30T03:28:51Z.
...
006 (126591.018.000) 2022-03-30 12:28:52 Image size of job updated: 659484
	183  -  MemoryUsage of job (MB)
	186376  -  ResidentSetSize of job (KB)
...
005 (126591.018.000) 2022-03-30 12:28:52 Job terminated.
	(1) Normal termination (return value 0)
		Usr 0 00:00:07, Sys 0 00:00:02  -  Run Remote Usage
		Usr 0 00:00:00, Sys 0 00:00:00  -  Run Local Usage
		Usr 0 00:00:07, Sys 0 00:00:02  -  Total Remote Usage
		Usr 0 00:00:00, Sys 0 00:00:00  -  Total Local Usage
	0  -  Run Bytes Sent By Job
	0  -  Run Bytes Received By Job
	0  -  Total Bytes Sent By Job
	0  -  Total Bytes Received By Job
	Partitionable Resources :    Usage  Request Allocated 
	   Cpus                 :                 1         1 
	   Disk (KB)            :        1        1    129249 
	   Memory (MB)          :      183     3900      3968 

	Job terminated of its own accord at 2022-03-30T03:28:52Z.
...
006 (126591.014.000) 2022-03-30 12:28:52 Image size of job updated: 689820
	177  -  MemoryUsage of job (MB)
	180812  -  ResidentSetSize of job (KB)
...
005 (126591.014.000) 2022-03-30 12:28:52 Job terminated.
	(1) Normal termination (return value 0)
		Usr 0 00:00:08, Sys 0 00:00:02  -  Run Remote Usage
		Usr 0 00:00:00, Sys 0 00:00:00  -  Run Local Usage
		Usr 0 00:00:08, Sys 0 00:00:02  -  Total Remote Usage
		Usr 0 00:00:00, Sys 0 00:00:00  -  Total Local Usage
	0  -  Run Bytes Sent By Job
	0  -  Run Bytes Received By Job
	0  -  Total Bytes Sent By Job
	0  -  Total Bytes Received By Job
	Partitionable Resources :    Usage  Request Allocated 
	   Cpus                 :                 1         1 
	   Disk (KB)            :        1        1    129249 
	   Memory (MB)          :      177     3900      3968 

	Job terminated of its own accord at 2022-03-30T03:28:52Z.
...
006 (126591.011.000) 2022-03-30 12:28:53 Image size of job updated: 670232
	175  -  MemoryUsage of job (MB)
	178956  -  ResidentSetSize of job (KB)
...
005 (126591.011.000) 2022-03-30 12:28:53 Job terminated.
	(1) Normal termination (return value 0)
		Usr 0 00:00:09, Sys 0 00:00:02  -  Run Remote Usage
		Usr 0 00:00:00, Sys 0 00:00:00  -  Run Local Usage
		Usr 0 00:00:09, Sys 0 00:00:02  -  Total Remote Usage
		Usr 0 00:00:00, Sys 0 00:00:00  -  Total Local Usage
	0  -  Run Bytes Sent By Job
	0  -  Run Bytes Received By Job
	0  -  Total Bytes Sent By Job
	0  -  Total Bytes Received By Job
	Partitionable Resources :    Usage  Request Allocated 
	   Cpus                 :                 1         1 
	   Disk (KB)            :        1        1    129249 
	   Memory (MB)          :      175     3900      3968 

	Job terminated of its own accord at 2022-03-30T03:28:53Z.
...
006 (126591.009.000) 2022-03-30 12:28:53 Image size of job updated: 689352
	183  -  MemoryUsage of job (MB)
	186876  -  ResidentSetSize of job (KB)
...
005 (126591.009.000) 2022-03-30 12:28:53 Job terminated.
	(1) Normal termination (return value 0)
		Usr 0 00:00:07, Sys 0 00:00:02  -  Run Remote Usage
		Usr 0 00:00:00, Sys 0 00:00:00  -  Run Local Usage
		Usr 0 00:00:07, Sys 0 00:00:02  -  Total Remote Usage
		Usr 0 00:00:00, Sys 0 00:00:00  -  Total Local Usage
	0  -  Run Bytes Sent By Job
	0  -  Run Bytes Received By Job
	0  -  Total Bytes Sent By Job
	0  -  Total Bytes Received By Job
	Partitionable Resources :    Usage  Request Allocated 
	   Cpus                 :                 1         1 
	   Disk (KB)            :        1        1    129249 
	   Memory (MB)          :      183     3900      3968 

	Job terminated of its own accord at 2022-03-30T03:28:53Z.
...
006 (126591.013.000) 2022-03-30 12:28:53 Image size of job updated: 689304
	177  -  MemoryUsage of job (MB)
	180804  -  ResidentSetSize of job (KB)
...
005 (126591.013.000) 2022-03-30 12:28:53 Job terminated.
	(1) Normal termination (return value 0)
		Usr 0 00:00:09, Sys 0 00:00:02  -  Run Remote Usage
		Usr 0 00:00:00, Sys 0 00:00:00  -  Run Local Usage
		Usr 0 00:00:09, Sys 0 00:00:02  -  Total Remote Usage
		Usr 0 00:00:00, Sys 0 00:00:00  -  Total Local Usage
	0  -  Run Bytes Sent By Job
	0  -  Run Bytes Received By Job
	0  -  Total Bytes Sent By Job
	0  -  Total Bytes Received By Job
	Partitionable Resources :    Usage  Request Allocated 
	   Cpus                 :                 1         1 
	   Disk (KB)            :        1        1    129249 
	   Memory (MB)          :      177     3900      3968 

	Job terminated of its own accord at 2022-03-30T03:28:53Z.
...
006 (126591.012.000) 2022-03-30 12:28:54 Image size of job updated: 670220
	177  -  MemoryUsage of job (MB)
	180808  -  ResidentSetSize of job (KB)
...
005 (126591.012.000) 2022-03-30 12:28:54 Job terminated.
	(1) Normal termination (return value 0)
		Usr 0 00:00:09, Sys 0 00:00:02  -  Run Remote Usage
		Usr 0 00:00:00, Sys 0 00:00:00  -  Run Local Usage
		Usr 0 00:00:09, Sys 0 00:00:02  -  Total Remote Usage
		Usr 0 00:00:00, Sys 0 00:00:00  -  Total Local Usage
	0  -  Run Bytes Sent By Job
	0  -  Run Bytes Received By Job
	0  -  Total Bytes Sent By Job
	0  -  Total Bytes Received By Job
	Partitionable Resources :    Usage  Request Allocated 
	   Cpus                 :                 1         1 
	   Disk (KB)            :        1        1    129249 
	   Memory (MB)          :      177     3900      3968 

	Job terminated of its own accord at 2022-03-30T03:28:54Z.
...
006 (126591.004.000) 2022-03-30 12:28:54 Image size of job updated: 689896
	183  -  MemoryUsage of job (MB)
	186388  -  ResidentSetSize of job (KB)
...
005 (126591.004.000) 2022-03-30 12:28:54 Job terminated.
	(1) Normal termination (return value 0)
		Usr 0 00:00:09, Sys 0 00:00:01  -  Run Remote Usage
		Usr 0 00:00:00, Sys 0 00:00:00  -  Run Local Usage
		Usr 0 00:00:09, Sys 0 00:00:01  -  Total Remote Usage
		Usr 0 00:00:00, Sys 0 00:00:00  -  Total Local Usage
	0  -  Run Bytes Sent By Job
	0  -  Run Bytes Received By Job
	0  -  Total Bytes Sent By Job
	0  -  Total Bytes Received By Job
	Partitionable Resources :    Usage  Request Allocated 
	   Cpus                 :                 1         1 
	   Disk (KB)            :        1        1    129249 
	   Memory (MB)          :      183     3900      3968 

	Job terminated of its own accord at 2022-03-30T03:28:54Z.
...
006 (126591.000.000) 2022-03-30 12:28:54 Image size of job updated: 684704
	183  -  MemoryUsage of job (MB)
	186384  -  ResidentSetSize of job (KB)
...
005 (126591.000.000) 2022-03-30 12:28:54 Job terminated.
	(1) Normal termination (return value 0)
		Usr 0 00:00:09, Sys 0 00:00:02  -  Run Remote Usage
		Usr 0 00:00:00, Sys 0 00:00:00  -  Run Local Usage
		Usr 0 00:00:09, Sys 0 00:00:02  -  Total Remote Usage
		Usr 0 00:00:00, Sys 0 00:00:00  -  Total Local Usage
	0  -  Run Bytes Sent By Job
	0  -  Run Bytes Received By Job
	0  -  Total Bytes Sent By Job
	0  -  Total Bytes Received By Job
	Partitionable Resources :    Usage  Request Allocated 
	   Cpus                 :                 1         1 
	   Disk (KB)            :        1        1    129249 
	   Memory (MB)          :      183     3900      3968 

	Job terminated of its own accord at 2022-03-30T03:28:54Z.
...
006 (126591.005.000) 2022-03-30 12:28:55 Image size of job updated: 689748
	183  -  MemoryUsage of job (MB)
	186384  -  ResidentSetSize of job (KB)
...
005 (126591.005.000) 2022-03-30 12:28:55 Job terminated.
	(1) Normal termination (return value 0)
		Usr 0 00:00:10, Sys 0 00:00:01  -  Run Remote Usage
		Usr 0 00:00:00, Sys 0 00:00:00  -  Run Local Usage
		Usr 0 00:00:10, Sys 0 00:00:01  -  Total Remote Usage
		Usr 0 00:00:00, Sys 0 00:00:00  -  Total Local Usage
	0  -  Run Bytes Sent By Job
	0  -  Run Bytes Received By Job
	0  -  Total Bytes Sent By Job
	0  -  Total Bytes Received By Job
	Partitionable Resources :    Usage  Request Allocated 
	   Cpus                 :                 1         1 
	   Disk (KB)            :        1        1    129249 
	   Memory (MB)          :      183     3900      3968 

	Job terminated of its own accord at 2022-03-30T03:28:55Z.
...
006 (126591.002.000) 2022-03-30 12:28:55 Image size of job updated: 689360
	183  -  MemoryUsage of job (MB)
	186388  -  ResidentSetSize of job (KB)
...
005 (126591.002.000) 2022-03-30 12:28:55 Job terminated.
	(1) Normal termination (return value 0)
		Usr 0 00:00:10, Sys 0 00:00:01  -  Run Remote Usage
		Usr 0 00:00:00, Sys 0 00:00:00  -  Run Local Usage
		Usr 0 00:00:10, Sys 0 00:00:01  -  Total Remote Usage
		Usr 0 00:00:00, Sys 0 00:00:00  -  Total Local Usage
	0  -  Run Bytes Sent By Job
	0  -  Run Bytes Received By Job
	0  -  Total Bytes Sent By Job
	0  -  Total Bytes Received By Job
	Partitionable Resources :    Usage  Request Allocated 
	   Cpus                 :                 1         1 
	   Disk (KB)            :        1        1    129249 
	   Memory (MB)          :      183     3900      3968 

	Job terminated of its own accord at 2022-03-30T03:28:55Z.
...
006 (126591.010.000) 2022-03-30 12:28:55 Image size of job updated: 689108
	173  -  MemoryUsage of job (MB)
	176504  -  ResidentSetSize of job (KB)
...
005 (126591.010.000) 2022-03-30 12:28:55 Job terminated.
	(1) Normal termination (return value 0)
		Usr 0 00:00:11, Sys 0 00:00:02  -  Run Remote Usage
		Usr 0 00:00:00, Sys 0 00:00:00  -  Run Local Usage
		Usr 0 00:00:11, Sys 0 00:00:02  -  Total Remote Usage
		Usr 0 00:00:00, Sys 0 00:00:00  -  Total Local Usage
	0  -  Run Bytes Sent By Job
	0  -  Run Bytes Received By Job
	0  -  Total Bytes Sent By Job
	0  -  Total Bytes Received By Job
	Partitionable Resources :    Usage  Request Allocated 
	   Cpus                 :                 1         1 
	   Disk (KB)            :        1        1    129249 
	   Memory (MB)          :      173     3900      3968 

	Job terminated of its own accord at 2022-03-30T03:28:55Z.
...
006 (126591.006.000) 2022-03-30 12:28:57 Image size of job updated: 689864
	183  -  MemoryUsage of job (MB)
	186820  -  ResidentSetSize of job (KB)
...
006 (126591.007.000) 2022-03-30 12:28:57 Image size of job updated: 689744
	183  -  MemoryUsage of job (MB)
	186384  -  ResidentSetSize of job (KB)
...
005 (126591.006.000) 2022-03-30 12:28:57 Job terminated.
	(1) Normal termination (return value 0)
		Usr 0 00:00:11, Sys 0 00:00:02  -  Run Remote Usage
		Usr 0 00:00:00, Sys 0 00:00:00  -  Run Local Usage
		Usr 0 00:00:11, Sys 0 00:00:02  -  Total Remote Usage
		Usr 0 00:00:00, Sys 0 00:00:00  -  Total Local Usage
	0  -  Run Bytes Sent By Job
	0  -  Run Bytes Received By Job
	0  -  Total Bytes Sent By Job
	0  -  Total Bytes Received By Job
	Partitionable Resources :    Usage  Request Allocated 
	   Cpus                 :                 1         1 
	   Disk (KB)            :        1        1    129249 
	   Memory (MB)          :      183     3900      3968 

	Job terminated of its own accord at 2022-03-30T03:28:57Z.
...
005 (126591.007.000) 2022-03-30 12:28:57 Job terminated.
	(1) Normal termination (return value 0)
		Usr 0 00:00:12, Sys 0 00:00:02  -  Run Remote Usage
		Usr 0 00:00:00, Sys 0 00:00:00  -  Run Local Usage
		Usr 0 00:00:12, Sys 0 00:00:02  -  Total Remote Usage
		Usr 0 00:00:00, Sys 0 00:00:00  -  Total Local Usage
	0  -  Run Bytes Sent By Job
	0  -  Run Bytes Received By Job
	0  -  Total Bytes Sent By Job
	0  -  Total Bytes Received By Job
	Partitionable Resources :    Usage  Request Allocated 
	   Cpus                 :                 1         1 
	   Disk (KB)            :        1        1    129249 
	   Memory (MB)          :      183     3900      3968 

	Job terminated of its own accord at 2022-03-30T03:28:57Z.
...
006 (126591.008.000) 2022-03-30 12:28:57 Image size of job updated: 691532
	183  -  MemoryUsage of job (MB)
	186904  -  ResidentSetSize of job (KB)
...
006 (126591.001.000) 2022-03-30 12:28:58 Image size of job updated: 689600
	183  -  MemoryUsage of job (MB)
	186824  -  ResidentSetSize of job (KB)
...
005 (126591.008.000) 2022-03-30 12:28:59 Job terminated.
	(1) Normal termination (return value 0)
		Usr 0 00:00:12, Sys 0 00:00:01  -  Run Remote Usage
		Usr 0 00:00:00, Sys 0 00:00:00  -  Run Local Usage
		Usr 0 00:00:12, Sys 0 00:00:01  -  Total Remote Usage
		Usr 0 00:00:00, Sys 0 00:00:00  -  Total Local Usage
	0  -  Run Bytes Sent By Job
	0  -  Run Bytes Received By Job
	0  -  Total Bytes Sent By Job
	0  -  Total Bytes Received By Job
	Partitionable Resources :    Usage  Request Allocated 
	   Cpus                 :                 1         1 
	   Disk (KB)            :        1        1    129249 
	   Memory (MB)          :      183     3900      3968 

	Job terminated of its own accord at 2022-03-30T03:28:57Z.
...
005 (126591.001.000) 2022-03-30 12:29:00 Job terminated.
	(1) Normal termination (return value 0)
		Usr 0 00:00:13, Sys 0 00:00:01  -  Run Remote Usage
		Usr 0 00:00:00, Sys 0 00:00:00  -  Run Local Usage
		Usr 0 00:00:13, Sys 0 00:00:01  -  Total Remote Usage
		Usr 0 00:00:00, Sys 0 00:00:00  -  Total Local Usage
	0  -  Run Bytes Sent By Job
	0  -  Run Bytes Received By Job
	0  -  Total Bytes Sent By Job
	0  -  Total Bytes Received By Job
	Partitionable Resources :    Usage  Request Allocated 
	   Cpus                 :                 1         1 
	   Disk (KB)            :        1        1    129249 
	   Memory (MB)          :      183     3900      3968 

	Job terminated of its own accord at 2022-03-30T03:28:58Z.
...
006 (126591.003.000) 2022-03-30 12:29:01 Image size of job updated: 689356
	183  -  MemoryUsage of job (MB)
	186816  -  ResidentSetSize of job (KB)
...
005 (126591.003.000) 2022-03-30 12:29:01 Job terminated.
	(1) Normal termination (return value 0)
		Usr 0 00:00:15, Sys 0 00:00:02  -  Run Remote Usage
		Usr 0 00:00:00, Sys 0 00:00:00  -  Run Local Usage
		Usr 0 00:00:15, Sys 0 00:00:02  -  Total Remote Usage
		Usr 0 00:00:00, Sys 0 00:00:00  -  Total Local Usage
	0  -  Run Bytes Sent By Job
	0  -  Run Bytes Received By Job
	0  -  Total Bytes Sent By Job
	0  -  Total Bytes Received By Job
	Partitionable Resources :    Usage  Request Allocated 
	   Cpus                 :                 1         1 
	   Disk (KB)            :        1        1    129249 
	   Memory (MB)          :      183     3900      3968 

	Job terminated of its own accord at 2022-03-30T03:29:01Z.
...
