000 (2118553.031.000) 06/08 00:00:13 Job submitted from host: <172.30.1.200:9618?addrs=172.30.1.200-9618+[--1]-9618&noUDP&sock=203143_c79e_3>
...
001 (2118553.031.000) 06/08 00:00:34 Job executing on host: <172.30.1.208:9618?addrs=172.30.1.208-9618+[--1]-9618&noUDP&sock=6803_dee1_3>
...
006 (2118553.031.000) 06/08 00:00:43 Image size of job updated: 471392
	70  -  MemoryUsage of job (MB)
	71320  -  ResidentSetSize of job (KB)
...
006 (2118553.031.000) 06/08 00:05:44 Image size of job updated: 967768
	270  -  MemoryUsage of job (MB)
	276276  -  ResidentSetSize of job (KB)
...
006 (2118553.031.000) 06/08 00:10:44 Image size of job updated: 968164
	271  -  MemoryUsage of job (MB)
	276668  -  ResidentSetSize of job (KB)
...
006 (2118553.031.000) 06/08 00:15:44 Image size of job updated: 968560
	271  -  MemoryUsage of job (MB)
	277060  -  ResidentSetSize of job (KB)
...
006 (2118553.031.000) 06/08 00:20:45 Image size of job updated: 968560
	277  -  MemoryUsage of job (MB)
	283588  -  ResidentSetSize of job (KB)
...
006 (2118553.031.000) 06/08 00:45:47 Image size of job updated: 968560
	279  -  MemoryUsage of job (MB)
	285592  -  ResidentSetSize of job (KB)
...
006 (2118553.031.000) 06/08 00:50:48 Image size of job updated: 968560
	280  -  MemoryUsage of job (MB)
	285700  -  ResidentSetSize of job (KB)
...
006 (2118553.031.000) 06/08 00:55:49 Image size of job updated: 968560
	285  -  MemoryUsage of job (MB)
	291104  -  ResidentSetSize of job (KB)
...
006 (2118553.031.000) 06/08 01:00:49 Image size of job updated: 968560
	285  -  MemoryUsage of job (MB)
	291720  -  ResidentSetSize of job (KB)
...
006 (2118553.031.000) 06/08 01:05:49 Image size of job updated: 968560
	285  -  MemoryUsage of job (MB)
	291740  -  ResidentSetSize of job (KB)
...
006 (2118553.031.000) 06/08 01:15:50 Image size of job updated: 968560
	285  -  MemoryUsage of job (MB)
	291824  -  ResidentSetSize of job (KB)
...
006 (2118553.031.000) 06/08 01:20:50 Image size of job updated: 968560
	291  -  MemoryUsage of job (MB)
	297052  -  ResidentSetSize of job (KB)
...
006 (2118553.031.000) 06/08 01:25:51 Image size of job updated: 968560
	291  -  MemoryUsage of job (MB)
	297464  -  ResidentSetSize of job (KB)
...
006 (2118553.031.000) 06/08 01:30:52 Image size of job updated: 968560
	291  -  MemoryUsage of job (MB)
	297868  -  ResidentSetSize of job (KB)
...
006 (2118553.031.000) 06/08 01:35:52 Image size of job updated: 968560
	291  -  MemoryUsage of job (MB)
	297888  -  ResidentSetSize of job (KB)
...
006 (2118553.031.000) 06/08 02:05:56 Image size of job updated: 968560
	296  -  MemoryUsage of job (MB)
	302788  -  ResidentSetSize of job (KB)
...
006 (2118553.031.000) 06/08 02:10:56 Image size of job updated: 968560
	297  -  MemoryUsage of job (MB)
	303716  -  ResidentSetSize of job (KB)
...
006 (2118553.031.000) 06/08 02:15:57 Image size of job updated: 968560
	297  -  MemoryUsage of job (MB)
	303832  -  ResidentSetSize of job (KB)
...
006 (2118553.031.000) 06/08 02:20:57 Image size of job updated: 968560
	298  -  MemoryUsage of job (MB)
	304300  -  ResidentSetSize of job (KB)
...
006 (2118553.031.000) 06/08 02:25:57 Image size of job updated: 968560
	298  -  MemoryUsage of job (MB)
	304308  -  ResidentSetSize of job (KB)
...
006 (2118553.031.000) 06/08 02:30:58 Image size of job updated: 968560
	298  -  MemoryUsage of job (MB)
	304320  -  ResidentSetSize of job (KB)
...
006 (2118553.031.000) 06/08 02:35:59 Image size of job updated: 968560
	298  -  MemoryUsage of job (MB)
	304336  -  ResidentSetSize of job (KB)
...
006 (2118553.031.000) 06/08 02:40:59 Image size of job updated: 968560
	298  -  MemoryUsage of job (MB)
	304360  -  ResidentSetSize of job (KB)
...
006 (2118553.031.000) 06/08 02:46:00 Image size of job updated: 968560
	298  -  MemoryUsage of job (MB)
	304372  -  ResidentSetSize of job (KB)
...
006 (2118553.031.000) 06/08 02:51:01 Image size of job updated: 968560
	303  -  MemoryUsage of job (MB)
	309996  -  ResidentSetSize of job (KB)
...
006 (2118553.031.000) 06/08 02:56:01 Image size of job updated: 968560
	304  -  MemoryUsage of job (MB)
	310444  -  ResidentSetSize of job (KB)
...
006 (2118553.031.000) 06/08 03:01:01 Image size of job updated: 968560
	304  -  MemoryUsage of job (MB)
	310664  -  ResidentSetSize of job (KB)
...
006 (2118553.031.000) 06/08 03:06:02 Image size of job updated: 968560
	304  -  MemoryUsage of job (MB)
	310680  -  ResidentSetSize of job (KB)
...
006 (2118553.031.000) 06/08 03:26:04 Image size of job updated: 968560
	304  -  MemoryUsage of job (MB)
	310688  -  ResidentSetSize of job (KB)
...
006 (2118553.031.000) 06/08 03:31:04 Image size of job updated: 968560
	309  -  MemoryUsage of job (MB)
	315924  -  ResidentSetSize of job (KB)
...
006 (2118553.031.000) 06/08 03:36:05 Image size of job updated: 968560
	309  -  MemoryUsage of job (MB)
	316140  -  ResidentSetSize of job (KB)
...
006 (2118553.031.000) 06/08 03:41:06 Image size of job updated: 968560
	310  -  MemoryUsage of job (MB)
	316576  -  ResidentSetSize of job (KB)
...
006 (2118553.031.000) 06/08 03:46:06 Image size of job updated: 968560
	310  -  MemoryUsage of job (MB)
	316592  -  ResidentSetSize of job (KB)
...
006 (2118553.031.000) 06/08 04:01:08 Image size of job updated: 968560
	310  -  MemoryUsage of job (MB)
	316640  -  ResidentSetSize of job (KB)
...
006 (2118553.031.000) 06/08 04:06:08 Image size of job updated: 968560
	310  -  MemoryUsage of job (MB)
	316652  -  ResidentSetSize of job (KB)
...
006 (2118553.031.000) 06/08 04:11:09 Image size of job updated: 968560
	318  -  MemoryUsage of job (MB)
	324964  -  ResidentSetSize of job (KB)
...
006 (2118553.031.000) 06/08 04:16:09 Image size of job updated: 968560
	318  -  MemoryUsage of job (MB)
	324976  -  ResidentSetSize of job (KB)
...
006 (2118553.031.000) 06/08 04:21:09 Image size of job updated: 968560
	318  -  MemoryUsage of job (MB)
	325608  -  ResidentSetSize of job (KB)
...
006 (2118553.031.000) 06/08 04:26:10 Image size of job updated: 968560
	319  -  MemoryUsage of job (MB)
	325640  -  ResidentSetSize of job (KB)
...
006 (2118553.031.000) 06/08 04:31:11 Image size of job updated: 968560
	319  -  MemoryUsage of job (MB)
	325652  -  ResidentSetSize of job (KB)
...
006 (2118553.031.000) 06/08 04:36:11 Image size of job updated: 968560
	319  -  MemoryUsage of job (MB)
	325660  -  ResidentSetSize of job (KB)
...
006 (2118553.031.000) 06/08 04:46:13 Image size of job updated: 968560
	319  -  MemoryUsage of job (MB)
	325720  -  ResidentSetSize of job (KB)
...
006 (2118553.031.000) 06/08 04:51:13 Image size of job updated: 968560
	324  -  MemoryUsage of job (MB)
	331172  -  ResidentSetSize of job (KB)
...
006 (2118553.031.000) 06/08 04:56:14 Image size of job updated: 968560
	324  -  MemoryUsage of job (MB)
	331580  -  ResidentSetSize of job (KB)
...
006 (2118553.031.000) 06/08 05:01:15 Image size of job updated: 968560
	325  -  MemoryUsage of job (MB)
	331992  -  ResidentSetSize of job (KB)
...
006 (2118553.031.000) 06/08 05:06:15 Image size of job updated: 968560
	325  -  MemoryUsage of job (MB)
	332008  -  ResidentSetSize of job (KB)
...
006 (2118553.031.000) 06/08 05:11:15 Image size of job updated: 968560
	325  -  MemoryUsage of job (MB)
	332012  -  ResidentSetSize of job (KB)
...
006 (2118553.031.000) 06/08 05:21:16 Image size of job updated: 968560
	325  -  MemoryUsage of job (MB)
	332016  -  ResidentSetSize of job (KB)
...
006 (2118553.031.000) 06/08 05:26:16 Image size of job updated: 968560
	325  -  MemoryUsage of job (MB)
	332020  -  ResidentSetSize of job (KB)
...
006 (2118553.031.000) 06/08 05:36:17 Image size of job updated: 968560
	330  -  MemoryUsage of job (MB)
	337036  -  ResidentSetSize of job (KB)
...
006 (2118553.031.000) 06/08 05:41:17 Image size of job updated: 968560
	330  -  MemoryUsage of job (MB)
	337256  -  ResidentSetSize of job (KB)
...
006 (2118553.031.000) 06/08 05:46:18 Image size of job updated: 968560
	330  -  MemoryUsage of job (MB)
	337664  -  ResidentSetSize of job (KB)
...
006 (2118553.031.000) 06/08 05:51:18 Image size of job updated: 968560
	331  -  MemoryUsage of job (MB)
	338068  -  ResidentSetSize of job (KB)
...
006 (2118553.031.000) 06/08 05:56:18 Image size of job updated: 968560
	331  -  MemoryUsage of job (MB)
	338076  -  ResidentSetSize of job (KB)
...
006 (2118553.031.000) 06/08 06:31:21 Image size of job updated: 968560
	336  -  MemoryUsage of job (MB)
	343124  -  ResidentSetSize of job (KB)
...
006 (2118553.031.000) 06/08 06:36:21 Image size of job updated: 968560
	336  -  MemoryUsage of job (MB)
	343232  -  ResidentSetSize of job (KB)
...
006 (2118553.031.000) 06/08 06:41:21 Image size of job updated: 968560
	336  -  MemoryUsage of job (MB)
	343740  -  ResidentSetSize of job (KB)
...
006 (2118553.031.000) 06/08 06:46:22 Image size of job updated: 968560
	336  -  MemoryUsage of job (MB)
	344048  -  ResidentSetSize of job (KB)
...
006 (2118553.031.000) 06/08 06:56:22 Image size of job updated: 968560
	336  -  MemoryUsage of job (MB)
	344056  -  ResidentSetSize of job (KB)
...
006 (2118553.031.000) 06/08 07:06:23 Image size of job updated: 968560
	336  -  MemoryUsage of job (MB)
	344060  -  ResidentSetSize of job (KB)
...
006 (2118553.031.000) 06/08 07:11:23 Image size of job updated: 968560
	336  -  MemoryUsage of job (MB)
	344064  -  ResidentSetSize of job (KB)
...
006 (2118553.031.000) 06/08 07:16:24 Image size of job updated: 968560
	337  -  MemoryUsage of job (MB)
	344068  -  ResidentSetSize of job (KB)
...
006 (2118553.031.000) 06/08 07:21:24 Image size of job updated: 968560
	337  -  MemoryUsage of job (MB)
	344072  -  ResidentSetSize of job (KB)
...
006 (2118553.031.000) 06/08 07:26:24 Image size of job updated: 968560
	342  -  MemoryUsage of job (MB)
	349428  -  ResidentSetSize of job (KB)
...
006 (2118553.031.000) 06/08 07:31:25 Image size of job updated: 968560
	342  -  MemoryUsage of job (MB)
	349828  -  ResidentSetSize of job (KB)
...
006 (2118553.031.000) 06/08 07:36:25 Image size of job updated: 968560
	342  -  MemoryUsage of job (MB)
	349940  -  ResidentSetSize of job (KB)
...
006 (2118553.031.000) 06/08 07:41:25 Image size of job updated: 968560
	343  -  MemoryUsage of job (MB)
	350248  -  ResidentSetSize of job (KB)
...
006 (2118553.031.000) 06/08 07:46:26 Image size of job updated: 968560
	343  -  MemoryUsage of job (MB)
	350252  -  ResidentSetSize of job (KB)
...
006 (2118553.031.000) 06/08 07:56:26 Image size of job updated: 968560
	343  -  MemoryUsage of job (MB)
	350260  -  ResidentSetSize of job (KB)
...
006 (2118553.031.000) 06/08 08:21:28 Image size of job updated: 968560
	344  -  MemoryUsage of job (MB)
	352176  -  ResidentSetSize of job (KB)
...
006 (2118553.031.000) 06/08 08:26:28 Image size of job updated: 968560
	345  -  MemoryUsage of job (MB)
	352588  -  ResidentSetSize of job (KB)
...
006 (2118553.031.000) 06/08 08:31:29 Image size of job updated: 968560
	345  -  MemoryUsage of job (MB)
	352688  -  ResidentSetSize of job (KB)
...
006 (2118553.031.000) 06/08 08:36:29 Image size of job updated: 968560
	345  -  MemoryUsage of job (MB)
	352992  -  ResidentSetSize of job (KB)
...
004 (2118553.031.000) 06/08 08:36:45 Job was evicted.
	(0) Job was not checkpointed.
		Usr 0 08:35:40, Sys 0 00:00:09  -  Run Remote Usage
		Usr 0 00:00:00, Sys 0 00:00:00  -  Run Local Usage
	338065  -  Run Bytes Sent By Job
	229  -  Run Bytes Received By Job
	Partitionable Resources :    Usage  Request Allocated
	   Cpus                 :                 1         1
	   Disk (KB)            :      341  2048000   2474724
	   Memory (MB)          :      345     2000      2000
...
009 (2118553.031.000) 06/08 08:36:45 Job was aborted by the user.
	via condor_rm (by user choij)
...
