000 (2118553.016.000) 06/08 00:00:13 Job submitted from host: <172.30.1.200:9618?addrs=172.30.1.200-9618+[--1]-9618&noUDP&sock=203143_c79e_3>
...
001 (2118553.016.000) 06/08 00:00:33 Job executing on host: <172.30.1.208:9618?addrs=172.30.1.208-9618+[--1]-9618&noUDP&sock=6803_dee1_3>
...
006 (2118553.016.000) 06/08 00:00:42 Image size of job updated: 556536
	76  -  MemoryUsage of job (MB)
	76952  -  ResidentSetSize of job (KB)
...
006 (2118553.016.000) 06/08 00:05:43 Image size of job updated: 967632
	228  -  MemoryUsage of job (MB)
	233124  -  ResidentSetSize of job (KB)
...
006 (2118553.016.000) 06/08 00:40:47 Image size of job updated: 967632
	280  -  MemoryUsage of job (MB)
	286072  -  ResidentSetSize of job (KB)
...
006 (2118553.016.000) 06/08 01:15:51 Image size of job updated: 967632
	295  -  MemoryUsage of job (MB)
	301140  -  ResidentSetSize of job (KB)
...
006 (2118553.016.000) 06/08 02:00:56 Image size of job updated: 967632
	301  -  MemoryUsage of job (MB)
	307820  -  ResidentSetSize of job (KB)
...
006 (2118553.016.000) 06/08 02:41:00 Image size of job updated: 967632
	319  -  MemoryUsage of job (MB)
	326508  -  ResidentSetSize of job (KB)
...
006 (2118553.016.000) 06/08 02:46:00 Image size of job updated: 967632
	319  -  MemoryUsage of job (MB)
	326536  -  ResidentSetSize of job (KB)
...
006 (2118553.016.000) 06/08 02:51:01 Image size of job updated: 967632
	320  -  MemoryUsage of job (MB)
	326740  -  ResidentSetSize of job (KB)
...
006 (2118553.016.000) 06/08 03:26:05 Image size of job updated: 967632
	325  -  MemoryUsage of job (MB)
	332800  -  ResidentSetSize of job (KB)
...
006 (2118553.016.000) 06/08 03:31:05 Image size of job updated: 967632
	326  -  MemoryUsage of job (MB)
	332936  -  ResidentSetSize of job (KB)
...
006 (2118553.016.000) 06/08 04:06:09 Image size of job updated: 967632
	332  -  MemoryUsage of job (MB)
	339508  -  ResidentSetSize of job (KB)
...
006 (2118553.016.000) 06/08 04:46:13 Image size of job updated: 967632
	340  -  MemoryUsage of job (MB)
	347724  -  ResidentSetSize of job (KB)
...
006 (2118553.016.000) 06/08 04:56:14 Image size of job updated: 967632
	340  -  MemoryUsage of job (MB)
	347840  -  ResidentSetSize of job (KB)
...
006 (2118553.016.000) 06/08 05:36:20 Image size of job updated: 967632
	347  -  MemoryUsage of job (MB)
	354372  -  ResidentSetSize of job (KB)
...
006 (2118553.016.000) 06/08 06:31:27 Image size of job updated: 967632
	351  -  MemoryUsage of job (MB)
	358628  -  ResidentSetSize of job (KB)
...
006 (2118553.016.000) 06/08 07:26:33 Image size of job updated: 967632
	357  -  MemoryUsage of job (MB)
	365236  -  ResidentSetSize of job (KB)
...
006 (2118553.016.000) 06/08 07:36:34 Image size of job updated: 967632
	357  -  MemoryUsage of job (MB)
	365396  -  ResidentSetSize of job (KB)
...
004 (2118553.016.000) 06/08 08:36:45 Job was evicted.
	(0) Job was not checkpointed.
		Usr 0 08:35:47, Sys 0 00:00:10  -  Run Remote Usage
		Usr 0 00:00:00, Sys 0 00:00:00  -  Run Local Usage
	340990  -  Run Bytes Sent By Job
	229  -  Run Bytes Received By Job
	Partitionable Resources :    Usage  Request Allocated
	   Cpus                 :                 1         1
	   Disk (KB)            :      344  2048000   2474724
	   Memory (MB)          :      357     2000      2000
...
009 (2118553.016.000) 06/08 08:36:45 Job was aborted by the user.
	via condor_rm (by user choij)
...
