000 (2118553.041.000) 06/08 00:00:13 Job submitted from host: <172.30.1.200:9618?addrs=172.30.1.200-9618+[--1]-9618&noUDP&sock=203143_c79e_3>
...
001 (2118553.041.000) 06/08 00:00:35 Job executing on host: <172.30.1.208:9618?addrs=172.30.1.208-9618+[--1]-9618&noUDP&sock=6803_dee1_3>
...
006 (2118553.041.000) 06/08 00:00:44 Image size of job updated: 355636
	34  -  MemoryUsage of job (MB)
	34272  -  ResidentSetSize of job (KB)
...
006 (2118553.041.000) 06/08 00:05:45 Image size of job updated: 968160
	271  -  MemoryUsage of job (MB)
	276744  -  ResidentSetSize of job (KB)
...
006 (2118553.041.000) 06/08 00:10:46 Image size of job updated: 968556
	271  -  MemoryUsage of job (MB)
	277036  -  ResidentSetSize of job (KB)
...
006 (2118553.041.000) 06/08 00:15:46 Image size of job updated: 968844
	278  -  MemoryUsage of job (MB)
	283748  -  ResidentSetSize of job (KB)
...
006 (2118553.041.000) 06/08 00:25:48 Image size of job updated: 968844
	278  -  MemoryUsage of job (MB)
	283760  -  ResidentSetSize of job (KB)
...
006 (2118553.041.000) 06/08 00:45:49 Image size of job updated: 968844
	279  -  MemoryUsage of job (MB)
	285684  -  ResidentSetSize of job (KB)
...
006 (2118553.041.000) 06/08 00:50:49 Image size of job updated: 968844
	280  -  MemoryUsage of job (MB)
	285988  -  ResidentSetSize of job (KB)
...
006 (2118553.041.000) 06/08 00:55:50 Image size of job updated: 968844
	286  -  MemoryUsage of job (MB)
	292116  -  ResidentSetSize of job (KB)
...
006 (2118553.041.000) 06/08 01:00:51 Image size of job updated: 968844
	286  -  MemoryUsage of job (MB)
	292536  -  ResidentSetSize of job (KB)
...
006 (2118553.041.000) 06/08 01:05:51 Image size of job updated: 968844
	286  -  MemoryUsage of job (MB)
	292728  -  ResidentSetSize of job (KB)
...
006 (2118553.041.000) 06/08 01:10:52 Image size of job updated: 968844
	286  -  MemoryUsage of job (MB)
	292832  -  ResidentSetSize of job (KB)
...
006 (2118553.041.000) 06/08 01:15:53 Image size of job updated: 968844
	290  -  MemoryUsage of job (MB)
	296524  -  ResidentSetSize of job (KB)
...
006 (2118553.041.000) 06/08 01:20:53 Image size of job updated: 968844
	292  -  MemoryUsage of job (MB)
	298772  -  ResidentSetSize of job (KB)
...
006 (2118553.041.000) 06/08 01:25:53 Image size of job updated: 968844
	293  -  MemoryUsage of job (MB)
	299228  -  ResidentSetSize of job (KB)
...
006 (2118553.041.000) 06/08 01:30:54 Image size of job updated: 968844
	293  -  MemoryUsage of job (MB)
	299428  -  ResidentSetSize of job (KB)
...
006 (2118553.041.000) 06/08 01:35:54 Image size of job updated: 968844
	293  -  MemoryUsage of job (MB)
	299444  -  ResidentSetSize of job (KB)
...
006 (2118553.041.000) 06/08 01:40:54 Image size of job updated: 968844
	293  -  MemoryUsage of job (MB)
	299524  -  ResidentSetSize of job (KB)
...
006 (2118553.041.000) 06/08 02:00:57 Image size of job updated: 968844
	293  -  MemoryUsage of job (MB)
	299644  -  ResidentSetSize of job (KB)
...
006 (2118553.041.000) 06/08 02:05:58 Image size of job updated: 968844
	299  -  MemoryUsage of job (MB)
	305252  -  ResidentSetSize of job (KB)
...
006 (2118553.041.000) 06/08 02:10:58 Image size of job updated: 968844
	299  -  MemoryUsage of job (MB)
	305628  -  ResidentSetSize of job (KB)
...
006 (2118553.041.000) 06/08 02:15:58 Image size of job updated: 968844
	299  -  MemoryUsage of job (MB)
	305844  -  ResidentSetSize of job (KB)
...
006 (2118553.041.000) 06/08 02:20:59 Image size of job updated: 968844
	299  -  MemoryUsage of job (MB)
	306108  -  ResidentSetSize of job (KB)
...
006 (2118553.041.000) 06/08 02:25:59 Image size of job updated: 968844
	299  -  MemoryUsage of job (MB)
	306176  -  ResidentSetSize of job (KB)
...
006 (2118553.041.000) 06/08 02:30:59 Image size of job updated: 968844
	300  -  MemoryUsage of job (MB)
	306192  -  ResidentSetSize of job (KB)
...
006 (2118553.041.000) 06/08 02:36:00 Image size of job updated: 968844
	300  -  MemoryUsage of job (MB)
	306212  -  ResidentSetSize of job (KB)
...
006 (2118553.041.000) 06/08 02:41:01 Image size of job updated: 968844
	300  -  MemoryUsage of job (MB)
	306236  -  ResidentSetSize of job (KB)
...
006 (2118553.041.000) 06/08 02:46:01 Image size of job updated: 968844
	305  -  MemoryUsage of job (MB)
	311480  -  ResidentSetSize of job (KB)
...
006 (2118553.041.000) 06/08 02:51:02 Image size of job updated: 968844
	306  -  MemoryUsage of job (MB)
	312420  -  ResidentSetSize of job (KB)
...
006 (2118553.041.000) 06/08 02:56:03 Image size of job updated: 968844
	306  -  MemoryUsage of job (MB)
	312656  -  ResidentSetSize of job (KB)
...
006 (2118553.041.000) 06/08 03:01:03 Image size of job updated: 968844
	306  -  MemoryUsage of job (MB)
	312676  -  ResidentSetSize of job (KB)
...
006 (2118553.041.000) 06/08 03:06:03 Image size of job updated: 968844
	306  -  MemoryUsage of job (MB)
	312776  -  ResidentSetSize of job (KB)
...
006 (2118553.041.000) 06/08 03:11:04 Image size of job updated: 968844
	306  -  MemoryUsage of job (MB)
	312788  -  ResidentSetSize of job (KB)
...
006 (2118553.041.000) 06/08 03:16:04 Image size of job updated: 968844
	306  -  MemoryUsage of job (MB)
	312796  -  ResidentSetSize of job (KB)
...
006 (2118553.041.000) 06/08 03:21:04 Image size of job updated: 968844
	306  -  MemoryUsage of job (MB)
	312808  -  ResidentSetSize of job (KB)
...
006 (2118553.041.000) 06/08 03:26:05 Image size of job updated: 968844
	311  -  MemoryUsage of job (MB)
	317948  -  ResidentSetSize of job (KB)
...
006 (2118553.041.000) 06/08 03:31:06 Image size of job updated: 968844
	312  -  MemoryUsage of job (MB)
	318676  -  ResidentSetSize of job (KB)
...
006 (2118553.041.000) 06/08 03:36:06 Image size of job updated: 968844
	312  -  MemoryUsage of job (MB)
	318696  -  ResidentSetSize of job (KB)
...
006 (2118553.041.000) 06/08 03:41:07 Image size of job updated: 968844
	312  -  MemoryUsage of job (MB)
	318724  -  ResidentSetSize of job (KB)
...
006 (2118553.041.000) 06/08 03:46:08 Image size of job updated: 968844
	312  -  MemoryUsage of job (MB)
	318840  -  ResidentSetSize of job (KB)
...
006 (2118553.041.000) 06/08 03:56:08 Image size of job updated: 968844
	312  -  MemoryUsage of job (MB)
	318940  -  ResidentSetSize of job (KB)
...
006 (2118553.041.000) 06/08 04:01:09 Image size of job updated: 968844
	312  -  MemoryUsage of job (MB)
	318996  -  ResidentSetSize of job (KB)
...
006 (2118553.041.000) 06/08 04:06:09 Image size of job updated: 968844
	320  -  MemoryUsage of job (MB)
	326968  -  ResidentSetSize of job (KB)
...
006 (2118553.041.000) 06/08 04:11:09 Image size of job updated: 968844
	321  -  MemoryUsage of job (MB)
	328004  -  ResidentSetSize of job (KB)
...
006 (2118553.041.000) 06/08 04:16:10 Image size of job updated: 968844
	321  -  MemoryUsage of job (MB)
	328428  -  ResidentSetSize of job (KB)
...
006 (2118553.041.000) 06/08 04:21:11 Image size of job updated: 968844
	321  -  MemoryUsage of job (MB)
	328456  -  ResidentSetSize of job (KB)
...
006 (2118553.041.000) 06/08 04:26:11 Image size of job updated: 968844
	321  -  MemoryUsage of job (MB)
	328660  -  ResidentSetSize of job (KB)
...
006 (2118553.041.000) 06/08 04:31:12 Image size of job updated: 968844
	321  -  MemoryUsage of job (MB)
	328676  -  ResidentSetSize of job (KB)
...
006 (2118553.041.000) 06/08 04:36:13 Image size of job updated: 968844
	322  -  MemoryUsage of job (MB)
	328788  -  ResidentSetSize of job (KB)
...
006 (2118553.041.000) 06/08 04:41:13 Image size of job updated: 968844
	322  -  MemoryUsage of job (MB)
	328808  -  ResidentSetSize of job (KB)
...
006 (2118553.041.000) 06/08 04:46:14 Image size of job updated: 968844
	327  -  MemoryUsage of job (MB)
	333852  -  ResidentSetSize of job (KB)
...
006 (2118553.041.000) 06/08 04:51:15 Image size of job updated: 968844
	327  -  MemoryUsage of job (MB)
	334472  -  ResidentSetSize of job (KB)
...
006 (2118553.041.000) 06/08 04:56:15 Image size of job updated: 968844
	327  -  MemoryUsage of job (MB)
	334780  -  ResidentSetSize of job (KB)
...
006 (2118553.041.000) 06/08 05:01:15 Image size of job updated: 968844
	328  -  MemoryUsage of job (MB)
	335008  -  ResidentSetSize of job (KB)
...
006 (2118553.041.000) 06/08 05:06:17 Image size of job updated: 968844
	328  -  MemoryUsage of job (MB)
	335100  -  ResidentSetSize of job (KB)
...
006 (2118553.041.000) 06/08 05:16:17 Image size of job updated: 968844
	328  -  MemoryUsage of job (MB)
	335108  -  ResidentSetSize of job (KB)
...
006 (2118553.041.000) 06/08 05:21:18 Image size of job updated: 968844
	328  -  MemoryUsage of job (MB)
	335112  -  ResidentSetSize of job (KB)
...
006 (2118553.041.000) 06/08 05:26:19 Image size of job updated: 968844
	328  -  MemoryUsage of job (MB)
	335116  -  ResidentSetSize of job (KB)
...
006 (2118553.041.000) 06/08 05:31:19 Image size of job updated: 968844
	332  -  MemoryUsage of job (MB)
	339732  -  ResidentSetSize of job (KB)
...
006 (2118553.041.000) 06/08 05:36:20 Image size of job updated: 968844
	333  -  MemoryUsage of job (MB)
	340860  -  ResidentSetSize of job (KB)
...
006 (2118553.041.000) 06/08 05:41:21 Image size of job updated: 968844
	334  -  MemoryUsage of job (MB)
	341168  -  ResidentSetSize of job (KB)
...
006 (2118553.041.000) 06/08 05:46:21 Image size of job updated: 968844
	334  -  MemoryUsage of job (MB)
	341372  -  ResidentSetSize of job (KB)
...
006 (2118553.041.000) 06/08 05:51:22 Image size of job updated: 968844
	334  -  MemoryUsage of job (MB)
	341392  -  ResidentSetSize of job (KB)
...
006 (2118553.041.000) 06/08 06:01:23 Image size of job updated: 968844
	334  -  MemoryUsage of job (MB)
	341488  -  ResidentSetSize of job (KB)
...
006 (2118553.041.000) 06/08 06:26:25 Image size of job updated: 968844
	338  -  MemoryUsage of job (MB)
	346032  -  ResidentSetSize of job (KB)
...
006 (2118553.041.000) 06/08 06:31:25 Image size of job updated: 968844
	340  -  MemoryUsage of job (MB)
	347268  -  ResidentSetSize of job (KB)
...
006 (2118553.041.000) 06/08 06:36:26 Image size of job updated: 968844
	340  -  MemoryUsage of job (MB)
	347576  -  ResidentSetSize of job (KB)
...
006 (2118553.041.000) 06/08 06:41:26 Image size of job updated: 968844
	340  -  MemoryUsage of job (MB)
	347784  -  ResidentSetSize of job (KB)
...
006 (2118553.041.000) 06/08 06:46:26 Image size of job updated: 968844
	340  -  MemoryUsage of job (MB)
	347800  -  ResidentSetSize of job (KB)
...
006 (2118553.041.000) 06/08 06:51:27 Image size of job updated: 968844
	340  -  MemoryUsage of job (MB)
	347804  -  ResidentSetSize of job (KB)
...
006 (2118553.041.000) 06/08 06:56:27 Image size of job updated: 968844
	340  -  MemoryUsage of job (MB)
	347888  -  ResidentSetSize of job (KB)
...
006 (2118553.041.000) 06/08 07:06:28 Image size of job updated: 968844
	340  -  MemoryUsage of job (MB)
	347892  -  ResidentSetSize of job (KB)
...
006 (2118553.041.000) 06/08 07:11:28 Image size of job updated: 968844
	340  -  MemoryUsage of job (MB)
	347896  -  ResidentSetSize of job (KB)
...
006 (2118553.041.000) 06/08 07:21:29 Image size of job updated: 968844
	340  -  MemoryUsage of job (MB)
	348000  -  ResidentSetSize of job (KB)
...
006 (2118553.041.000) 06/08 07:26:29 Image size of job updated: 968844
	345  -  MemoryUsage of job (MB)
	353040  -  ResidentSetSize of job (KB)
...
006 (2118553.041.000) 06/08 07:31:30 Image size of job updated: 968844
	346  -  MemoryUsage of job (MB)
	353652  -  ResidentSetSize of job (KB)
...
006 (2118553.041.000) 06/08 07:36:31 Image size of job updated: 968844
	346  -  MemoryUsage of job (MB)
	353960  -  ResidentSetSize of job (KB)
...
006 (2118553.041.000) 06/08 07:41:31 Image size of job updated: 968844
	346  -  MemoryUsage of job (MB)
	353964  -  ResidentSetSize of job (KB)
...
006 (2118553.041.000) 06/08 07:46:32 Image size of job updated: 968844
	346  -  MemoryUsage of job (MB)
	354184  -  ResidentSetSize of job (KB)
...
006 (2118553.041.000) 06/08 07:56:33 Image size of job updated: 968844
	346  -  MemoryUsage of job (MB)
	354264  -  ResidentSetSize of job (KB)
...
006 (2118553.041.000) 06/08 08:01:34 Image size of job updated: 968844
	346  -  MemoryUsage of job (MB)
	354272  -  ResidentSetSize of job (KB)
...
006 (2118553.041.000) 06/08 08:31:38 Image size of job updated: 968844
	349  -  MemoryUsage of job (MB)
	356696  -  ResidentSetSize of job (KB)
...
006 (2118553.041.000) 06/08 08:36:39 Image size of job updated: 968844
	349  -  MemoryUsage of job (MB)
	357004  -  ResidentSetSize of job (KB)
...
004 (2118553.041.000) 06/08 08:36:44 Job was evicted.
	(0) Job was not checkpointed.
		Usr 0 08:35:13, Sys 0 00:00:40  -  Run Remote Usage
		Usr 0 00:00:00, Sys 0 00:00:00  -  Run Local Usage
	340080  -  Run Bytes Sent By Job
	229  -  Run Bytes Received By Job
	Partitionable Resources :    Usage  Request Allocated
	   Cpus                 :                 1         1
	   Disk (KB)            :      343  2048000   2474724
	   Memory (MB)          :      349     2000      2000
...
009 (2118553.041.000) 06/08 08:36:44 Job was aborted by the user.
	via condor_rm (by user choij)
...
