000 (2118553.035.000) 06/08 00:00:13 Job submitted from host: <172.30.1.200:9618?addrs=172.30.1.200-9618+[--1]-9618&noUDP&sock=203143_c79e_3>
...
001 (2118553.035.000) 06/08 00:00:35 Job executing on host: <172.30.1.208:9618?addrs=172.30.1.208-9618+[--1]-9618&noUDP&sock=6803_dee1_3>
...
006 (2118553.035.000) 06/08 00:00:43 Image size of job updated: 375504
	63  -  MemoryUsage of job (MB)
	64380  -  ResidentSetSize of job (KB)
...
006 (2118553.035.000) 06/08 00:05:43 Image size of job updated: 968028
	271  -  MemoryUsage of job (MB)
	276508  -  ResidentSetSize of job (KB)
...
006 (2118553.035.000) 06/08 00:10:43 Image size of job updated: 968556
	271  -  MemoryUsage of job (MB)
	277144  -  ResidentSetSize of job (KB)
...
006 (2118553.035.000) 06/08 00:15:44 Image size of job updated: 968688
	271  -  MemoryUsage of job (MB)
	277192  -  ResidentSetSize of job (KB)
...
006 (2118553.035.000) 06/08 00:20:45 Image size of job updated: 968688
	278  -  MemoryUsage of job (MB)
	283772  -  ResidentSetSize of job (KB)
...
006 (2118553.035.000) 06/08 00:45:47 Image size of job updated: 968688
	280  -  MemoryUsage of job (MB)
	286040  -  ResidentSetSize of job (KB)
...
006 (2118553.035.000) 06/08 00:50:48 Image size of job updated: 968688
	280  -  MemoryUsage of job (MB)
	286056  -  ResidentSetSize of job (KB)
...
006 (2118553.035.000) 06/08 00:55:48 Image size of job updated: 968688
	285  -  MemoryUsage of job (MB)
	291764  -  ResidentSetSize of job (KB)
...
006 (2118553.035.000) 06/08 01:00:48 Image size of job updated: 968688
	286  -  MemoryUsage of job (MB)
	292320  -  ResidentSetSize of job (KB)
...
006 (2118553.035.000) 06/08 01:05:49 Image size of job updated: 968688
	286  -  MemoryUsage of job (MB)
	292372  -  ResidentSetSize of job (KB)
...
006 (2118553.035.000) 06/08 01:15:50 Image size of job updated: 968688
	290  -  MemoryUsage of job (MB)
	296784  -  ResidentSetSize of job (KB)
...
006 (2118553.035.000) 06/08 01:20:51 Image size of job updated: 968688
	291  -  MemoryUsage of job (MB)
	297800  -  ResidentSetSize of job (KB)
...
006 (2118553.035.000) 06/08 01:25:52 Image size of job updated: 968688
	292  -  MemoryUsage of job (MB)
	298412  -  ResidentSetSize of job (KB)
...
006 (2118553.035.000) 06/08 01:30:52 Image size of job updated: 968688
	292  -  MemoryUsage of job (MB)
	298464  -  ResidentSetSize of job (KB)
...
006 (2118553.035.000) 06/08 01:35:52 Image size of job updated: 968688
	292  -  MemoryUsage of job (MB)
	298720  -  ResidentSetSize of job (KB)
...
006 (2118553.035.000) 06/08 02:05:56 Image size of job updated: 968688
	298  -  MemoryUsage of job (MB)
	304284  -  ResidentSetSize of job (KB)
...
006 (2118553.035.000) 06/08 02:10:56 Image size of job updated: 968688
	298  -  MemoryUsage of job (MB)
	304976  -  ResidentSetSize of job (KB)
...
006 (2118553.035.000) 06/08 02:15:57 Image size of job updated: 968688
	298  -  MemoryUsage of job (MB)
	305040  -  ResidentSetSize of job (KB)
...
006 (2118553.035.000) 06/08 02:20:58 Image size of job updated: 968688
	299  -  MemoryUsage of job (MB)
	305440  -  ResidentSetSize of job (KB)
...
006 (2118553.035.000) 06/08 02:25:58 Image size of job updated: 968688
	299  -  MemoryUsage of job (MB)
	305588  -  ResidentSetSize of job (KB)
...
006 (2118553.035.000) 06/08 02:30:59 Image size of job updated: 968688
	299  -  MemoryUsage of job (MB)
	305592  -  ResidentSetSize of job (KB)
...
006 (2118553.035.000) 06/08 02:36:00 Image size of job updated: 968688
	299  -  MemoryUsage of job (MB)
	305604  -  ResidentSetSize of job (KB)
...
006 (2118553.035.000) 06/08 02:41:00 Image size of job updated: 968688
	299  -  MemoryUsage of job (MB)
	305616  -  ResidentSetSize of job (KB)
...
006 (2118553.035.000) 06/08 02:46:00 Image size of job updated: 968688
	304  -  MemoryUsage of job (MB)
	311128  -  ResidentSetSize of job (KB)
...
006 (2118553.035.000) 06/08 02:51:01 Image size of job updated: 968688
	305  -  MemoryUsage of job (MB)
	311772  -  ResidentSetSize of job (KB)
...
006 (2118553.035.000) 06/08 02:56:01 Image size of job updated: 968688
	305  -  MemoryUsage of job (MB)
	311832  -  ResidentSetSize of job (KB)
...
006 (2118553.035.000) 06/08 03:01:01 Image size of job updated: 968688
	305  -  MemoryUsage of job (MB)
	312088  -  ResidentSetSize of job (KB)
...
006 (2118553.035.000) 06/08 03:06:02 Image size of job updated: 968688
	305  -  MemoryUsage of job (MB)
	312100  -  ResidentSetSize of job (KB)
...
006 (2118553.035.000) 06/08 03:11:03 Image size of job updated: 968688
	305  -  MemoryUsage of job (MB)
	312112  -  ResidentSetSize of job (KB)
...
006 (2118553.035.000) 06/08 03:16:03 Image size of job updated: 968688
	305  -  MemoryUsage of job (MB)
	312128  -  ResidentSetSize of job (KB)
...
006 (2118553.035.000) 06/08 03:21:04 Image size of job updated: 968688
	310  -  MemoryUsage of job (MB)
	316564  -  ResidentSetSize of job (KB)
...
006 (2118553.035.000) 06/08 03:26:05 Image size of job updated: 968688
	311  -  MemoryUsage of job (MB)
	317608  -  ResidentSetSize of job (KB)
...
006 (2118553.035.000) 06/08 03:31:05 Image size of job updated: 968688
	311  -  MemoryUsage of job (MB)
	318236  -  ResidentSetSize of job (KB)
...
006 (2118553.035.000) 06/08 03:36:05 Image size of job updated: 968688
	311  -  MemoryUsage of job (MB)
	318464  -  ResidentSetSize of job (KB)
...
006 (2118553.035.000) 06/08 03:41:06 Image size of job updated: 968688
	312  -  MemoryUsage of job (MB)
	318472  -  ResidentSetSize of job (KB)
...
006 (2118553.035.000) 06/08 03:46:06 Image size of job updated: 968688
	312  -  MemoryUsage of job (MB)
	318480  -  ResidentSetSize of job (KB)
...
006 (2118553.035.000) 06/08 03:51:06 Image size of job updated: 968688
	312  -  MemoryUsage of job (MB)
	318488  -  ResidentSetSize of job (KB)
...
006 (2118553.035.000) 06/08 03:56:07 Image size of job updated: 968688
	312  -  MemoryUsage of job (MB)
	318500  -  ResidentSetSize of job (KB)
...
006 (2118553.035.000) 06/08 04:01:08 Image size of job updated: 968688
	319  -  MemoryUsage of job (MB)
	326288  -  ResidentSetSize of job (KB)
...
006 (2118553.035.000) 06/08 04:06:08 Image size of job updated: 968688
	321  -  MemoryUsage of job (MB)
	327816  -  ResidentSetSize of job (KB)
...
006 (2118553.035.000) 06/08 04:11:09 Image size of job updated: 968688
	321  -  MemoryUsage of job (MB)
	327984  -  ResidentSetSize of job (KB)
...
006 (2118553.035.000) 06/08 04:16:10 Image size of job updated: 968688
	321  -  MemoryUsage of job (MB)
	328308  -  ResidentSetSize of job (KB)
...
006 (2118553.035.000) 06/08 04:21:10 Image size of job updated: 968688
	321  -  MemoryUsage of job (MB)
	328328  -  ResidentSetSize of job (KB)
...
006 (2118553.035.000) 06/08 04:26:10 Image size of job updated: 968688
	321  -  MemoryUsage of job (MB)
	328332  -  ResidentSetSize of job (KB)
...
006 (2118553.035.000) 06/08 04:41:11 Image size of job updated: 968688
	326  -  MemoryUsage of job (MB)
	333152  -  ResidentSetSize of job (KB)
...
006 (2118553.035.000) 06/08 04:46:12 Image size of job updated: 968688
	327  -  MemoryUsage of job (MB)
	334172  -  ResidentSetSize of job (KB)
...
006 (2118553.035.000) 06/08 04:51:13 Image size of job updated: 968688
	327  -  MemoryUsage of job (MB)
	334328  -  ResidentSetSize of job (KB)
...
006 (2118553.035.000) 06/08 04:56:13 Image size of job updated: 968688
	327  -  MemoryUsage of job (MB)
	334592  -  ResidentSetSize of job (KB)
...
006 (2118553.035.000) 06/08 05:06:15 Image size of job updated: 968688
	327  -  MemoryUsage of job (MB)
	334596  -  ResidentSetSize of job (KB)
...
006 (2118553.035.000) 06/08 05:11:15 Image size of job updated: 968688
	327  -  MemoryUsage of job (MB)
	334604  -  ResidentSetSize of job (KB)
...
006 (2118553.035.000) 06/08 05:16:15 Image size of job updated: 968688
	327  -  MemoryUsage of job (MB)
	334608  -  ResidentSetSize of job (KB)
...
006 (2118553.035.000) 06/08 05:21:16 Image size of job updated: 968688
	332  -  MemoryUsage of job (MB)
	339028  -  ResidentSetSize of job (KB)
...
006 (2118553.035.000) 06/08 05:26:16 Image size of job updated: 968688
	333  -  MemoryUsage of job (MB)
	340044  -  ResidentSetSize of job (KB)
...
006 (2118553.035.000) 06/08 05:31:16 Image size of job updated: 968688
	333  -  MemoryUsage of job (MB)
	340660  -  ResidentSetSize of job (KB)
...
006 (2118553.035.000) 06/08 05:36:17 Image size of job updated: 968688
	333  -  MemoryUsage of job (MB)
	340716  -  ResidentSetSize of job (KB)
...
006 (2118553.035.000) 06/08 05:41:17 Image size of job updated: 968688
	333  -  MemoryUsage of job (MB)
	340968  -  ResidentSetSize of job (KB)
...
006 (2118553.035.000) 06/08 05:46:17 Image size of job updated: 968688
	333  -  MemoryUsage of job (MB)
	340972  -  ResidentSetSize of job (KB)
...
006 (2118553.035.000) 06/08 06:16:21 Image size of job updated: 968688
	338  -  MemoryUsage of job (MB)
	345944  -  ResidentSetSize of job (KB)
...
006 (2118553.035.000) 06/08 06:21:22 Image size of job updated: 968688
	339  -  MemoryUsage of job (MB)
	346456  -  ResidentSetSize of job (KB)
...
006 (2118553.035.000) 06/08 06:26:22 Image size of job updated: 968688
	339  -  MemoryUsage of job (MB)
	347068  -  ResidentSetSize of job (KB)
...
006 (2118553.035.000) 06/08 06:31:23 Image size of job updated: 968688
	339  -  MemoryUsage of job (MB)
	347124  -  ResidentSetSize of job (KB)
...
006 (2118553.035.000) 06/08 06:36:24 Image size of job updated: 968688
	340  -  MemoryUsage of job (MB)
	347380  -  ResidentSetSize of job (KB)
...
006 (2118553.035.000) 06/08 06:46:25 Image size of job updated: 968688
	340  -  MemoryUsage of job (MB)
	347384  -  ResidentSetSize of job (KB)
...
006 (2118553.035.000) 06/08 06:56:26 Image size of job updated: 968688
	340  -  MemoryUsage of job (MB)
	347396  -  ResidentSetSize of job (KB)
...
006 (2118553.035.000) 06/08 07:06:28 Image size of job updated: 968688
	340  -  MemoryUsage of job (MB)
	347404  -  ResidentSetSize of job (KB)
...
006 (2118553.035.000) 06/08 07:11:28 Image size of job updated: 968688
	345  -  MemoryUsage of job (MB)
	352532  -  ResidentSetSize of job (KB)
...
006 (2118553.035.000) 06/08 07:16:29 Image size of job updated: 968688
	346  -  MemoryUsage of job (MB)
	353352  -  ResidentSetSize of job (KB)
...
006 (2118553.035.000) 06/08 07:21:30 Image size of job updated: 968688
	346  -  MemoryUsage of job (MB)
	353456  -  ResidentSetSize of job (KB)
...
006 (2118553.035.000) 06/08 07:26:30 Image size of job updated: 968688
	346  -  MemoryUsage of job (MB)
	353524  -  ResidentSetSize of job (KB)
...
006 (2118553.035.000) 06/08 07:31:31 Image size of job updated: 968688
	346  -  MemoryUsage of job (MB)
	353772  -  ResidentSetSize of job (KB)
...
006 (2118553.035.000) 06/08 07:36:32 Image size of job updated: 968688
	346  -  MemoryUsage of job (MB)
	353776  -  ResidentSetSize of job (KB)
...
006 (2118553.035.000) 06/08 07:41:32 Image size of job updated: 968688
	346  -  MemoryUsage of job (MB)
	353780  -  ResidentSetSize of job (KB)
...
006 (2118553.035.000) 06/08 07:46:34 Image size of job updated: 968688
	346  -  MemoryUsage of job (MB)
	353784  -  ResidentSetSize of job (KB)
...
006 (2118553.035.000) 06/08 08:01:36 Image size of job updated: 968688
	350  -  MemoryUsage of job (MB)
	358264  -  ResidentSetSize of job (KB)
...
004 (2118553.035.000) 06/08 08:36:45 Job was evicted.
	(0) Job was not checkpointed.
		Usr 0 08:35:40, Sys 0 00:00:09  -  Run Remote Usage
		Usr 0 00:00:00, Sys 0 00:00:00  -  Run Local Usage
	332475  -  Run Bytes Sent By Job
	229  -  Run Bytes Received By Job
	Partitionable Resources :    Usage  Request Allocated
	   Cpus                 :                 1         1
	   Disk (KB)            :      336  2048000   2474724
	   Memory (MB)          :      350     2000      2000
...
009 (2118553.035.000) 06/08 08:36:45 Job was aborted by the user.
	via condor_rm (by user choij)
...
