000 (2118553.024.000) 06/08 00:00:13 Job submitted from host: <172.30.1.200:9618?addrs=172.30.1.200-9618+[--1]-9618&noUDP&sock=203143_c79e_3>
...
001 (2118553.024.000) 06/08 00:00:34 Job executing on host: <172.30.1.208:9618?addrs=172.30.1.208-9618+[--1]-9618&noUDP&sock=6803_dee1_3>
...
006 (2118553.024.000) 06/08 00:00:42 Image size of job updated: 557304
	80  -  MemoryUsage of job (MB)
	81420  -  ResidentSetSize of job (KB)
...
006 (2118553.024.000) 06/08 00:05:42 Image size of job updated: 968028
	277  -  MemoryUsage of job (MB)
	283632  -  ResidentSetSize of job (KB)
...
006 (2118553.024.000) 06/08 00:10:43 Image size of job updated: 968028
	278  -  MemoryUsage of job (MB)
	283816  -  ResidentSetSize of job (KB)
...
006 (2118553.024.000) 06/08 00:15:44 Image size of job updated: 968028
	278  -  MemoryUsage of job (MB)
	284036  -  ResidentSetSize of job (KB)
...
006 (2118553.024.000) 06/08 00:45:47 Image size of job updated: 968028
	281  -  MemoryUsage of job (MB)
	286996  -  ResidentSetSize of job (KB)
...
006 (2118553.024.000) 06/08 00:50:47 Image size of job updated: 968028
	282  -  MemoryUsage of job (MB)
	288304  -  ResidentSetSize of job (KB)
...
006 (2118553.024.000) 06/08 00:55:47 Image size of job updated: 968028
	287  -  MemoryUsage of job (MB)
	293388  -  ResidentSetSize of job (KB)
...
006 (2118553.024.000) 06/08 01:00:48 Image size of job updated: 968028
	288  -  MemoryUsage of job (MB)
	294140  -  ResidentSetSize of job (KB)
...
006 (2118553.024.000) 06/08 01:05:49 Image size of job updated: 968028
	288  -  MemoryUsage of job (MB)
	294756  -  ResidentSetSize of job (KB)
...
006 (2118553.024.000) 06/08 01:10:49 Image size of job updated: 968028
	288  -  MemoryUsage of job (MB)
	294776  -  ResidentSetSize of job (KB)
...
006 (2118553.024.000) 06/08 01:20:51 Image size of job updated: 968028
	294  -  MemoryUsage of job (MB)
	300140  -  ResidentSetSize of job (KB)
...
006 (2118553.024.000) 06/08 01:30:51 Image size of job updated: 968028
	294  -  MemoryUsage of job (MB)
	300336  -  ResidentSetSize of job (KB)
...
006 (2118553.024.000) 06/08 01:35:52 Image size of job updated: 968028
	295  -  MemoryUsage of job (MB)
	301216  -  ResidentSetSize of job (KB)
...
006 (2118553.024.000) 06/08 01:45:52 Image size of job updated: 968028
	295  -  MemoryUsage of job (MB)
	301312  -  ResidentSetSize of job (KB)
...
006 (2118553.024.000) 06/08 01:50:53 Image size of job updated: 968028
	295  -  MemoryUsage of job (MB)
	301328  -  ResidentSetSize of job (KB)
...
006 (2118553.024.000) 06/08 02:10:56 Image size of job updated: 968028
	311  -  MemoryUsage of job (MB)
	318024  -  ResidentSetSize of job (KB)
...
006 (2118553.024.000) 06/08 02:15:56 Image size of job updated: 968028
	311  -  MemoryUsage of job (MB)
	318256  -  ResidentSetSize of job (KB)
...
006 (2118553.024.000) 06/08 02:20:57 Image size of job updated: 968028
	312  -  MemoryUsage of job (MB)
	319180  -  ResidentSetSize of job (KB)
...
006 (2118553.024.000) 06/08 02:25:58 Image size of job updated: 968028
	312  -  MemoryUsage of job (MB)
	319200  -  ResidentSetSize of job (KB)
...
006 (2118553.024.000) 06/08 02:30:58 Image size of job updated: 968028
	312  -  MemoryUsage of job (MB)
	319320  -  ResidentSetSize of job (KB)
...
006 (2118553.024.000) 06/08 02:35:58 Image size of job updated: 968028
	312  -  MemoryUsage of job (MB)
	319348  -  ResidentSetSize of job (KB)
...
006 (2118553.024.000) 06/08 02:40:59 Image size of job updated: 968028
	312  -  MemoryUsage of job (MB)
	319360  -  ResidentSetSize of job (KB)
...
006 (2118553.024.000) 06/08 02:45:59 Image size of job updated: 968028
	312  -  MemoryUsage of job (MB)
	319372  -  ResidentSetSize of job (KB)
...
006 (2118553.024.000) 06/08 02:50:59 Image size of job updated: 968028
	318  -  MemoryUsage of job (MB)
	324720  -  ResidentSetSize of job (KB)
...
006 (2118553.024.000) 06/08 02:56:00 Image size of job updated: 968028
	318  -  MemoryUsage of job (MB)
	324940  -  ResidentSetSize of job (KB)
...
006 (2118553.024.000) 06/08 03:01:01 Image size of job updated: 968028
	319  -  MemoryUsage of job (MB)
	325944  -  ResidentSetSize of job (KB)
...
006 (2118553.024.000) 06/08 03:06:01 Image size of job updated: 968028
	319  -  MemoryUsage of job (MB)
	325952  -  ResidentSetSize of job (KB)
...
006 (2118553.024.000) 06/08 03:11:02 Image size of job updated: 968028
	319  -  MemoryUsage of job (MB)
	326060  -  ResidentSetSize of job (KB)
...
006 (2118553.024.000) 06/08 03:16:03 Image size of job updated: 968028
	319  -  MemoryUsage of job (MB)
	326088  -  ResidentSetSize of job (KB)
...
006 (2118553.024.000) 06/08 03:21:03 Image size of job updated: 968028
	319  -  MemoryUsage of job (MB)
	326096  -  ResidentSetSize of job (KB)
...
006 (2118553.024.000) 06/08 03:26:03 Image size of job updated: 968028
	319  -  MemoryUsage of job (MB)
	326108  -  ResidentSetSize of job (KB)
...
006 (2118553.024.000) 06/08 03:31:04 Image size of job updated: 968028
	324  -  MemoryUsage of job (MB)
	331348  -  ResidentSetSize of job (KB)
...
006 (2118553.024.000) 06/08 03:36:04 Image size of job updated: 968028
	324  -  MemoryUsage of job (MB)
	331368  -  ResidentSetSize of job (KB)
...
006 (2118553.024.000) 06/08 03:41:04 Image size of job updated: 968028
	325  -  MemoryUsage of job (MB)
	332196  -  ResidentSetSize of job (KB)
...
006 (2118553.024.000) 06/08 03:46:05 Image size of job updated: 968028
	325  -  MemoryUsage of job (MB)
	332728  -  ResidentSetSize of job (KB)
...
006 (2118553.024.000) 06/08 03:51:06 Image size of job updated: 968028
	325  -  MemoryUsage of job (MB)
	332792  -  ResidentSetSize of job (KB)
...
006 (2118553.024.000) 06/08 03:56:06 Image size of job updated: 968028
	326  -  MemoryUsage of job (MB)
	332812  -  ResidentSetSize of job (KB)
...
006 (2118553.024.000) 06/08 04:11:08 Image size of job updated: 968028
	333  -  MemoryUsage of job (MB)
	340068  -  ResidentSetSize of job (KB)
...
006 (2118553.024.000) 06/08 04:16:08 Image size of job updated: 968028
	333  -  MemoryUsage of job (MB)
	340092  -  ResidentSetSize of job (KB)
...
006 (2118553.024.000) 06/08 04:21:09 Image size of job updated: 968028
	333  -  MemoryUsage of job (MB)
	340308  -  ResidentSetSize of job (KB)
...
006 (2118553.024.000) 06/08 04:26:09 Image size of job updated: 968028
	334  -  MemoryUsage of job (MB)
	341456  -  ResidentSetSize of job (KB)
...
006 (2118553.024.000) 06/08 04:31:09 Image size of job updated: 968028
	334  -  MemoryUsage of job (MB)
	341580  -  ResidentSetSize of job (KB)
...
006 (2118553.024.000) 06/08 04:36:10 Image size of job updated: 968028
	334  -  MemoryUsage of job (MB)
	341608  -  ResidentSetSize of job (KB)
...
006 (2118553.024.000) 06/08 04:41:11 Image size of job updated: 968028
	334  -  MemoryUsage of job (MB)
	341616  -  ResidentSetSize of job (KB)
...
006 (2118553.024.000) 06/08 04:51:12 Image size of job updated: 968028
	339  -  MemoryUsage of job (MB)
	346872  -  ResidentSetSize of job (KB)
...
006 (2118553.024.000) 06/08 04:56:13 Image size of job updated: 968028
	339  -  MemoryUsage of job (MB)
	346888  -  ResidentSetSize of job (KB)
...
006 (2118553.024.000) 06/08 05:01:13 Image size of job updated: 968028
	339  -  MemoryUsage of job (MB)
	347092  -  ResidentSetSize of job (KB)
...
006 (2118553.024.000) 06/08 05:06:13 Image size of job updated: 968028
	340  -  MemoryUsage of job (MB)
	348016  -  ResidentSetSize of job (KB)
...
006 (2118553.024.000) 06/08 05:11:14 Image size of job updated: 968028
	340  -  MemoryUsage of job (MB)
	348116  -  ResidentSetSize of job (KB)
...
006 (2118553.024.000) 06/08 05:16:14 Image size of job updated: 968028
	340  -  MemoryUsage of job (MB)
	348120  -  ResidentSetSize of job (KB)
...
006 (2118553.024.000) 06/08 05:21:14 Image size of job updated: 968028
	340  -  MemoryUsage of job (MB)
	348144  -  ResidentSetSize of job (KB)
...
006 (2118553.024.000) 06/08 05:41:16 Image size of job updated: 968028
	346  -  MemoryUsage of job (MB)
	353800  -  ResidentSetSize of job (KB)
...
006 (2118553.024.000) 06/08 05:46:16 Image size of job updated: 968028
	346  -  MemoryUsage of job (MB)
	353804  -  ResidentSetSize of job (KB)
...
006 (2118553.024.000) 06/08 05:51:16 Image size of job updated: 968028
	346  -  MemoryUsage of job (MB)
	353904  -  ResidentSetSize of job (KB)
...
006 (2118553.024.000) 06/08 05:56:17 Image size of job updated: 968028
	347  -  MemoryUsage of job (MB)
	354824  -  ResidentSetSize of job (KB)
...
006 (2118553.024.000) 06/08 06:01:17 Image size of job updated: 968028
	347  -  MemoryUsage of job (MB)
	354828  -  ResidentSetSize of job (KB)
...
006 (2118553.024.000) 06/08 06:06:17 Image size of job updated: 968028
	347  -  MemoryUsage of job (MB)
	354932  -  ResidentSetSize of job (KB)
...
006 (2118553.024.000) 06/08 06:31:19 Image size of job updated: 968028
	352  -  MemoryUsage of job (MB)
	360080  -  ResidentSetSize of job (KB)
...
006 (2118553.024.000) 06/08 06:36:19 Image size of job updated: 968028
	352  -  MemoryUsage of job (MB)
	360288  -  ResidentSetSize of job (KB)
...
006 (2118553.024.000) 06/08 06:41:20 Image size of job updated: 968028
	353  -  MemoryUsage of job (MB)
	360496  -  ResidentSetSize of job (KB)
...
006 (2118553.024.000) 06/08 06:46:20 Image size of job updated: 968028
	353  -  MemoryUsage of job (MB)
	361108  -  ResidentSetSize of job (KB)
...
006 (2118553.024.000) 06/08 06:51:20 Image size of job updated: 968028
	353  -  MemoryUsage of job (MB)
	361420  -  ResidentSetSize of job (KB)
...
006 (2118553.024.000) 06/08 07:01:21 Image size of job updated: 968028
	354  -  MemoryUsage of job (MB)
	361524  -  ResidentSetSize of job (KB)
...
006 (2118553.024.000) 06/08 07:06:22 Image size of job updated: 968028
	354  -  MemoryUsage of job (MB)
	361528  -  ResidentSetSize of job (KB)
...
006 (2118553.024.000) 06/08 07:11:23 Image size of job updated: 968028
	354  -  MemoryUsage of job (MB)
	361548  -  ResidentSetSize of job (KB)
...
006 (2118553.024.000) 06/08 07:26:24 Image size of job updated: 968028
	358  -  MemoryUsage of job (MB)
	366092  -  ResidentSetSize of job (KB)
...
006 (2118553.024.000) 06/08 07:31:24 Image size of job updated: 968028
	359  -  MemoryUsage of job (MB)
	366984  -  ResidentSetSize of job (KB)
...
006 (2118553.024.000) 06/08 07:36:24 Image size of job updated: 968028
	359  -  MemoryUsage of job (MB)
	367184  -  ResidentSetSize of job (KB)
...
006 (2118553.024.000) 06/08 07:41:25 Image size of job updated: 968028
	360  -  MemoryUsage of job (MB)
	367772  -  ResidentSetSize of job (KB)
...
006 (2118553.024.000) 06/08 07:46:25 Image size of job updated: 968028
	360  -  MemoryUsage of job (MB)
	368108  -  ResidentSetSize of job (KB)
...
006 (2118553.024.000) 06/08 07:56:26 Image size of job updated: 968028
	360  -  MemoryUsage of job (MB)
	368216  -  ResidentSetSize of job (KB)
...
006 (2118553.024.000) 06/08 08:01:26 Image size of job updated: 968028
	360  -  MemoryUsage of job (MB)
	368220  -  ResidentSetSize of job (KB)
...
006 (2118553.024.000) 06/08 08:21:27 Image size of job updated: 969008
	360  -  MemoryUsage of job (MB)
	368220  -  ResidentSetSize of job (KB)
...
006 (2118553.024.000) 06/08 08:31:28 Image size of job updated: 969272
	360  -  MemoryUsage of job (MB)
	368220  -  ResidentSetSize of job (KB)
...
006 (2118553.024.000) 06/08 08:36:28 Image size of job updated: 970064
	360  -  MemoryUsage of job (MB)
	368220  -  ResidentSetSize of job (KB)
...
004 (2118553.024.000) 06/08 08:36:45 Job was evicted.
	(0) Job was not checkpointed.
		Usr 0 08:35:49, Sys 0 00:00:08  -  Run Remote Usage
		Usr 0 00:00:00, Sys 0 00:00:00  -  Run Local Usage
	339430  -  Run Bytes Sent By Job
	229  -  Run Bytes Received By Job
	Partitionable Resources :    Usage  Request Allocated
	   Cpus                 :                 1         1
	   Disk (KB)            :      343  2048000   2474724
	   Memory (MB)          :      360     2000      2000
...
009 (2118553.024.000) 06/08 08:36:45 Job was aborted by the user.
	via condor_rm (by user choij)
...
