000 (2118553.004.000) 06/08 00:00:13 Job submitted from host: <172.30.1.200:9618?addrs=172.30.1.200-9618+[--1]-9618&noUDP&sock=203143_c79e_3>
...
001 (2118553.004.000) 06/08 00:00:35 Job executing on host: <172.30.1.202:9618?addrs=172.30.1.202-9618+[--1]-9618&noUDP&sock=13704_61f3_3>
...
006 (2118553.004.000) 06/08 00:00:43 Image size of job updated: 275100
	34  -  MemoryUsage of job (MB)
	34016  -  ResidentSetSize of job (KB)
...
006 (2118553.004.000) 06/08 00:05:43 Image size of job updated: 968172
	271  -  MemoryUsage of job (MB)
	276836  -  ResidentSetSize of job (KB)
...
006 (2118553.004.000) 06/08 00:10:44 Image size of job updated: 968436
	271  -  MemoryUsage of job (MB)
	277032  -  ResidentSetSize of job (KB)
...
006 (2118553.004.000) 06/08 00:20:44 Image size of job updated: 968568
	271  -  MemoryUsage of job (MB)
	277228  -  ResidentSetSize of job (KB)
...
006 (2118553.004.000) 06/08 00:25:45 Image size of job updated: 968568
	278  -  MemoryUsage of job (MB)
	283764  -  ResidentSetSize of job (KB)
...
006 (2118553.004.000) 06/08 00:40:46 Image size of job updated: 968568
	280  -  MemoryUsage of job (MB)
	285824  -  ResidentSetSize of job (KB)
...
006 (2118553.004.000) 06/08 00:45:47 Image size of job updated: 968568
	284  -  MemoryUsage of job (MB)
	290768  -  ResidentSetSize of job (KB)
...
006 (2118553.004.000) 06/08 00:50:47 Image size of job updated: 968568
	286  -  MemoryUsage of job (MB)
	291956  -  ResidentSetSize of job (KB)
...
006 (2118553.004.000) 06/08 00:55:47 Image size of job updated: 968568
	286  -  MemoryUsage of job (MB)
	292176  -  ResidentSetSize of job (KB)
...
006 (2118553.004.000) 06/08 01:00:49 Image size of job updated: 968568
	290  -  MemoryUsage of job (MB)
	296532  -  ResidentSetSize of job (KB)
...
006 (2118553.004.000) 06/08 01:05:49 Image size of job updated: 968568
	291  -  MemoryUsage of job (MB)
	297792  -  ResidentSetSize of job (KB)
...
006 (2118553.004.000) 06/08 01:10:49 Image size of job updated: 968568
	292  -  MemoryUsage of job (MB)
	297996  -  ResidentSetSize of job (KB)
...
006 (2118553.004.000) 06/08 01:15:50 Image size of job updated: 968568
	292  -  MemoryUsage of job (MB)
	298220  -  ResidentSetSize of job (KB)
...
006 (2118553.004.000) 06/08 01:30:51 Image size of job updated: 968568
	309  -  MemoryUsage of job (MB)
	315404  -  ResidentSetSize of job (KB)
...
006 (2118553.004.000) 06/08 01:35:52 Image size of job updated: 968568
	309  -  MemoryUsage of job (MB)
	315648  -  ResidentSetSize of job (KB)
...
006 (2118553.004.000) 06/08 01:40:52 Image size of job updated: 968568
	309  -  MemoryUsage of job (MB)
	315892  -  ResidentSetSize of job (KB)
...
006 (2118553.004.000) 06/08 01:45:52 Image size of job updated: 968568
	309  -  MemoryUsage of job (MB)
	315908  -  ResidentSetSize of job (KB)
...
006 (2118553.004.000) 06/08 01:50:53 Image size of job updated: 968568
	309  -  MemoryUsage of job (MB)
	315960  -  ResidentSetSize of job (KB)
...
006 (2118553.004.000) 06/08 01:55:54 Image size of job updated: 968568
	315  -  MemoryUsage of job (MB)
	321864  -  ResidentSetSize of job (KB)
...
006 (2118553.004.000) 06/08 02:00:54 Image size of job updated: 968568
	315  -  MemoryUsage of job (MB)
	322076  -  ResidentSetSize of job (KB)
...
006 (2118553.004.000) 06/08 02:40:58 Image size of job updated: 968568
	319  -  MemoryUsage of job (MB)
	325712  -  ResidentSetSize of job (KB)
...
006 (2118553.004.000) 06/08 02:45:59 Image size of job updated: 968568
	319  -  MemoryUsage of job (MB)
	326160  -  ResidentSetSize of job (KB)
...
006 (2118553.004.000) 06/08 02:50:59 Image size of job updated: 968568
	319  -  MemoryUsage of job (MB)
	326184  -  ResidentSetSize of job (KB)
...
006 (2118553.004.000) 06/08 03:01:01 Image size of job updated: 968568
	325  -  MemoryUsage of job (MB)
	332104  -  ResidentSetSize of job (KB)
...
006 (2118553.004.000) 06/08 03:06:01 Image size of job updated: 968568
	325  -  MemoryUsage of job (MB)
	332308  -  ResidentSetSize of job (KB)
...
006 (2118553.004.000) 06/08 03:11:01 Image size of job updated: 968568
	325  -  MemoryUsage of job (MB)
	332544  -  ResidentSetSize of job (KB)
...
006 (2118553.004.000) 06/08 03:16:02 Image size of job updated: 968568
	325  -  MemoryUsage of job (MB)
	332548  -  ResidentSetSize of job (KB)
...
006 (2118553.004.000) 06/08 03:21:02 Image size of job updated: 968568
	330  -  MemoryUsage of job (MB)
	337364  -  ResidentSetSize of job (KB)
...
006 (2118553.004.000) 06/08 03:26:02 Image size of job updated: 968568
	331  -  MemoryUsage of job (MB)
	338388  -  ResidentSetSize of job (KB)
...
006 (2118553.004.000) 06/08 03:31:03 Image size of job updated: 968568
	331  -  MemoryUsage of job (MB)
	338600  -  ResidentSetSize of job (KB)
...
006 (2118553.004.000) 06/08 03:46:05 Image size of job updated: 968568
	337  -  MemoryUsage of job (MB)
	344152  -  ResidentSetSize of job (KB)
...
006 (2118553.004.000) 06/08 03:51:06 Image size of job updated: 968568
	337  -  MemoryUsage of job (MB)
	344368  -  ResidentSetSize of job (KB)
...
006 (2118553.004.000) 06/08 03:56:06 Image size of job updated: 968568
	337  -  MemoryUsage of job (MB)
	344824  -  ResidentSetSize of job (KB)
...
006 (2118553.004.000) 06/08 04:01:06 Image size of job updated: 968568
	337  -  MemoryUsage of job (MB)
	344828  -  ResidentSetSize of job (KB)
...
006 (2118553.004.000) 06/08 04:06:08 Image size of job updated: 968568
	337  -  MemoryUsage of job (MB)
	344832  -  ResidentSetSize of job (KB)
...
006 (2118553.004.000) 06/08 04:11:08 Image size of job updated: 968568
	343  -  MemoryUsage of job (MB)
	350368  -  ResidentSetSize of job (KB)
...
006 (2118553.004.000) 06/08 04:16:08 Image size of job updated: 968568
	343  -  MemoryUsage of job (MB)
	350580  -  ResidentSetSize of job (KB)
...
006 (2118553.004.000) 06/08 04:21:09 Image size of job updated: 968568
	343  -  MemoryUsage of job (MB)
	350808  -  ResidentSetSize of job (KB)
...
006 (2118553.004.000) 06/08 04:26:10 Image size of job updated: 968568
	343  -  MemoryUsage of job (MB)
	350812  -  ResidentSetSize of job (KB)
...
006 (2118553.004.000) 06/08 04:36:10 Image size of job updated: 968568
	349  -  MemoryUsage of job (MB)
	356460  -  ResidentSetSize of job (KB)
...
006 (2118553.004.000) 06/08 04:41:11 Image size of job updated: 968568
	349  -  MemoryUsage of job (MB)
	356664  -  ResidentSetSize of job (KB)
...
006 (2118553.004.000) 06/08 04:46:11 Image size of job updated: 968568
	349  -  MemoryUsage of job (MB)
	356684  -  ResidentSetSize of job (KB)
...
006 (2118553.004.000) 06/08 04:56:12 Image size of job updated: 968568
	354  -  MemoryUsage of job (MB)
	362088  -  ResidentSetSize of job (KB)
...
006 (2118553.004.000) 06/08 05:01:13 Image size of job updated: 968568
	354  -  MemoryUsage of job (MB)
	362496  -  ResidentSetSize of job (KB)
...
006 (2118553.004.000) 06/08 05:06:13 Image size of job updated: 968568
	355  -  MemoryUsage of job (MB)
	362720  -  ResidentSetSize of job (KB)
...
006 (2118553.004.000) 06/08 05:15:25 Image size of job updated: 977924
	355  -  MemoryUsage of job (MB)
	362720  -  ResidentSetSize of job (KB)
...
005 (2118553.004.000) 06/08 05:15:28 Job terminated.
	(1) Normal termination (return value 0)
		Usr 0 05:14:36, Sys 0 00:00:09  -  Run Remote Usage
		Usr 0 00:00:00, Sys 0 00:00:00  -  Run Local Usage
		Usr 0 05:14:36, Sys 0 00:00:09  -  Total Remote Usage
		Usr 0 00:00:00, Sys 0 00:00:00  -  Total Local Usage
	335198  -  Run Bytes Sent By Job
	229  -  Run Bytes Received By Job
	335198  -  Total Bytes Sent By Job
	229  -  Total Bytes Received By Job
	Partitionable Resources :    Usage  Request Allocated
	   Cpus                 :                 1         1
	   Disk (KB)            :      339  2048000   2376642
	   Memory (MB)          :      355     2000      2000
...
