000 (2118553.013.000) 06/08 00:00:13 Job submitted from host: <172.30.1.200:9618?addrs=172.30.1.200-9618+[--1]-9618&noUDP&sock=203143_c79e_3>
...
001 (2118553.013.000) 06/08 00:00:33 Job executing on host: <172.30.1.208:9618?addrs=172.30.1.208-9618+[--1]-9618&noUDP&sock=6803_dee1_3>
...
006 (2118553.013.000) 06/08 00:00:42 Image size of job updated: 556536
	76  -  MemoryUsage of job (MB)
	76892  -  ResidentSetSize of job (KB)
...
006 (2118553.013.000) 06/08 00:05:43 Image size of job updated: 912276
	159  -  MemoryUsage of job (MB)
	162296  -  ResidentSetSize of job (KB)
...
006 (2118553.013.000) 06/08 00:15:44 Image size of job updated: 912276
	159  -  MemoryUsage of job (MB)
	162388  -  ResidentSetSize of job (KB)
...
006 (2118553.013.000) 06/08 00:20:44 Image size of job updated: 912276
	159  -  MemoryUsage of job (MB)
	162452  -  ResidentSetSize of job (KB)
...
006 (2118553.013.000) 06/08 00:25:45 Image size of job updated: 912276
	276  -  MemoryUsage of job (MB)
	281920  -  ResidentSetSize of job (KB)
...
006 (2118553.013.000) 06/08 00:30:45 Image size of job updated: 912276
	276  -  MemoryUsage of job (MB)
	281924  -  ResidentSetSize of job (KB)
...
006 (2118553.013.000) 06/08 00:50:47 Image size of job updated: 912276
	283  -  MemoryUsage of job (MB)
	289424  -  ResidentSetSize of job (KB)
...
006 (2118553.013.000) 06/08 01:05:49 Image size of job updated: 912276
	291  -  MemoryUsage of job (MB)
	297568  -  ResidentSetSize of job (KB)
...
006 (2118553.013.000) 06/08 01:10:50 Image size of job updated: 912276
	291  -  MemoryUsage of job (MB)
	297576  -  ResidentSetSize of job (KB)
...
006 (2118553.013.000) 06/08 01:35:52 Image size of job updated: 913876
	299  -  MemoryUsage of job (MB)
	305168  -  ResidentSetSize of job (KB)
...
006 (2118553.013.000) 06/08 01:40:52 Image size of job updated: 913876
	299  -  MemoryUsage of job (MB)
	305432  -  ResidentSetSize of job (KB)
...
006 (2118553.013.000) 06/08 01:45:53 Image size of job updated: 913876
	299  -  MemoryUsage of job (MB)
	305444  -  ResidentSetSize of job (KB)
...
006 (2118553.013.000) 06/08 02:20:58 Image size of job updated: 921364
	306  -  MemoryUsage of job (MB)
	312700  -  ResidentSetSize of job (KB)
...
006 (2118553.013.000) 06/08 02:25:58 Image size of job updated: 921364
	306  -  MemoryUsage of job (MB)
	312724  -  ResidentSetSize of job (KB)
...
006 (2118553.013.000) 06/08 02:30:58 Image size of job updated: 921364
	306  -  MemoryUsage of job (MB)
	312732  -  ResidentSetSize of job (KB)
...
006 (2118553.013.000) 06/08 02:35:59 Image size of job updated: 921364
	306  -  MemoryUsage of job (MB)
	312752  -  ResidentSetSize of job (KB)
...
006 (2118553.013.000) 06/08 03:01:01 Image size of job updated: 928436
	313  -  MemoryUsage of job (MB)
	319928  -  ResidentSetSize of job (KB)
...
006 (2118553.013.000) 06/08 03:41:05 Image size of job updated: 933872
	318  -  MemoryUsage of job (MB)
	325364  -  ResidentSetSize of job (KB)
...
006 (2118553.013.000) 06/08 04:21:09 Image size of job updated: 940044
	327  -  MemoryUsage of job (MB)
	334632  -  ResidentSetSize of job (KB)
...
006 (2118553.013.000) 06/08 04:26:09 Image size of job updated: 940044
	327  -  MemoryUsage of job (MB)
	334648  -  ResidentSetSize of job (KB)
...
006 (2118553.013.000) 06/08 04:56:13 Image size of job updated: 945472
	333  -  MemoryUsage of job (MB)
	340240  -  ResidentSetSize of job (KB)
...
006 (2118553.013.000) 06/08 05:01:13 Image size of job updated: 945472
	333  -  MemoryUsage of job (MB)
	340244  -  ResidentSetSize of job (KB)
...
006 (2118553.013.000) 06/08 05:06:14 Image size of job updated: 945472
	333  -  MemoryUsage of job (MB)
	340256  -  ResidentSetSize of job (KB)
...
006 (2118553.013.000) 06/08 05:11:14 Image size of job updated: 945472
	333  -  MemoryUsage of job (MB)
	340260  -  ResidentSetSize of job (KB)
...
006 (2118553.013.000) 06/08 05:41:16 Image size of job updated: 952440
	340  -  MemoryUsage of job (MB)
	347204  -  ResidentSetSize of job (KB)
...
006 (2118553.013.000) 06/08 05:46:16 Image size of job updated: 952440
	340  -  MemoryUsage of job (MB)
	347208  -  ResidentSetSize of job (KB)
...
006 (2118553.013.000) 06/08 06:41:21 Image size of job updated: 959380
	346  -  MemoryUsage of job (MB)
	354088  -  ResidentSetSize of job (KB)
...
006 (2118553.013.000) 06/08 06:46:22 Image size of job updated: 959380
	346  -  MemoryUsage of job (MB)
	354092  -  ResidentSetSize of job (KB)
...
006 (2118553.013.000) 06/08 06:51:23 Image size of job updated: 959380
	346  -  MemoryUsage of job (MB)
	354104  -  ResidentSetSize of job (KB)
...
006 (2118553.013.000) 06/08 07:01:24 Image size of job updated: 959380
	346  -  MemoryUsage of job (MB)
	354112  -  ResidentSetSize of job (KB)
...
006 (2118553.013.000) 06/08 07:36:29 Image size of job updated: 964852
	352  -  MemoryUsage of job (MB)
	359556  -  ResidentSetSize of job (KB)
...
006 (2118553.013.000) 06/08 07:41:29 Image size of job updated: 964852
	352  -  MemoryUsage of job (MB)
	359560  -  ResidentSetSize of job (KB)
...
006 (2118553.013.000) 06/08 07:46:30 Image size of job updated: 964852
	352  -  MemoryUsage of job (MB)
	359568  -  ResidentSetSize of job (KB)
...
006 (2118553.013.000) 06/08 07:51:31 Image size of job updated: 964852
	352  -  MemoryUsage of job (MB)
	359572  -  ResidentSetSize of job (KB)
...
006 (2118553.013.000) 06/08 08:31:36 Image size of job updated: 970984
	354  -  MemoryUsage of job (MB)
	362296  -  ResidentSetSize of job (KB)
...
004 (2118553.013.000) 06/08 08:36:45 Job was evicted.
	(0) Job was not checkpointed.
		Usr 0 08:35:40, Sys 0 00:00:11  -  Run Remote Usage
		Usr 0 00:00:00, Sys 0 00:00:00  -  Run Local Usage
	341835  -  Run Bytes Sent By Job
	229  -  Run Bytes Received By Job
	Partitionable Resources :    Usage  Request Allocated
	   Cpus                 :                 1         1
	   Disk (KB)            :      345  2048000   2474724
	   Memory (MB)          :      354     2000      2000
...
009 (2118553.013.000) 06/08 08:36:45 Job was aborted by the user.
	via condor_rm (by user choij)
...
