000 (2118553.008.000) 06/08 00:00:13 Job submitted from host: <172.30.1.200:9618?addrs=172.30.1.200-9618+[--1]-9618&noUDP&sock=203143_c79e_3>
...
001 (2118553.008.000) 06/08 00:00:33 Job executing on host: <172.30.1.208:9618?addrs=172.30.1.208-9618+[--1]-9618&noUDP&sock=6803_dee1_3>
...
006 (2118553.008.000) 06/08 00:00:41 Image size of job updated: 556536
	76  -  MemoryUsage of job (MB)
	77068  -  ResidentSetSize of job (KB)
...
006 (2118553.008.000) 06/08 00:05:41 Image size of job updated: 967764
	270  -  MemoryUsage of job (MB)
	276256  -  ResidentSetSize of job (KB)
...
006 (2118553.008.000) 06/08 00:10:42 Image size of job updated: 967764
	277  -  MemoryUsage of job (MB)
	282856  -  ResidentSetSize of job (KB)
...
006 (2118553.008.000) 06/08 00:20:43 Image size of job updated: 967764
	277  -  MemoryUsage of job (MB)
	283088  -  ResidentSetSize of job (KB)
...
006 (2118553.008.000) 06/08 00:25:44 Image size of job updated: 967764
	277  -  MemoryUsage of job (MB)
	283136  -  ResidentSetSize of job (KB)
...
006 (2118553.008.000) 06/08 00:30:45 Image size of job updated: 967764
	277  -  MemoryUsage of job (MB)
	283396  -  ResidentSetSize of job (KB)
...
006 (2118553.008.000) 06/08 00:45:46 Image size of job updated: 967764
	279  -  MemoryUsage of job (MB)
	285536  -  ResidentSetSize of job (KB)
...
006 (2118553.008.000) 06/08 00:50:46 Image size of job updated: 967764
	280  -  MemoryUsage of job (MB)
	286048  -  ResidentSetSize of job (KB)
...
006 (2118553.008.000) 06/08 00:55:46 Image size of job updated: 967764
	285  -  MemoryUsage of job (MB)
	291360  -  ResidentSetSize of job (KB)
...
006 (2118553.008.000) 06/08 01:00:47 Image size of job updated: 967764
	285  -  MemoryUsage of job (MB)
	291560  -  ResidentSetSize of job (KB)
...
006 (2118553.008.000) 06/08 01:05:48 Image size of job updated: 967764
	286  -  MemoryUsage of job (MB)
	291972  -  ResidentSetSize of job (KB)
...
006 (2118553.008.000) 06/08 01:10:48 Image size of job updated: 967764
	286  -  MemoryUsage of job (MB)
	292272  -  ResidentSetSize of job (KB)
...
006 (2118553.008.000) 06/08 01:15:49 Image size of job updated: 967764
	286  -  MemoryUsage of job (MB)
	292288  -  ResidentSetSize of job (KB)
...
006 (2118553.008.000) 06/08 01:20:50 Image size of job updated: 967764
	291  -  MemoryUsage of job (MB)
	297396  -  ResidentSetSize of job (KB)
...
006 (2118553.008.000) 06/08 01:25:50 Image size of job updated: 967764
	291  -  MemoryUsage of job (MB)
	297516  -  ResidentSetSize of job (KB)
...
006 (2118553.008.000) 06/08 01:30:51 Image size of job updated: 967764
	291  -  MemoryUsage of job (MB)
	297604  -  ResidentSetSize of job (KB)
...
006 (2118553.008.000) 06/08 01:35:52 Image size of job updated: 967764
	291  -  MemoryUsage of job (MB)
	297756  -  ResidentSetSize of job (KB)
...
006 (2118553.008.000) 06/08 01:40:52 Image size of job updated: 967764
	291  -  MemoryUsage of job (MB)
	297960  -  ResidentSetSize of job (KB)
...
006 (2118553.008.000) 06/08 01:45:52 Image size of job updated: 967764
	292  -  MemoryUsage of job (MB)
	298008  -  ResidentSetSize of job (KB)
...
006 (2118553.008.000) 06/08 01:50:53 Image size of job updated: 967764
	292  -  MemoryUsage of job (MB)
	298420  -  ResidentSetSize of job (KB)
...
006 (2118553.008.000) 06/08 01:55:53 Image size of job updated: 967764
	292  -  MemoryUsage of job (MB)
	298484  -  ResidentSetSize of job (KB)
...
006 (2118553.008.000) 06/08 02:05:54 Image size of job updated: 967764
	297  -  MemoryUsage of job (MB)
	303676  -  ResidentSetSize of job (KB)
...
006 (2118553.008.000) 06/08 02:10:55 Image size of job updated: 967764
	297  -  MemoryUsage of job (MB)
	304036  -  ResidentSetSize of job (KB)
...
006 (2118553.008.000) 06/08 02:15:55 Image size of job updated: 967764
	298  -  MemoryUsage of job (MB)
	304140  -  ResidentSetSize of job (KB)
...
006 (2118553.008.000) 06/08 02:20:56 Image size of job updated: 967764
	298  -  MemoryUsage of job (MB)
	304308  -  ResidentSetSize of job (KB)
...
006 (2118553.008.000) 06/08 02:25:57 Image size of job updated: 967764
	298  -  MemoryUsage of job (MB)
	304588  -  ResidentSetSize of job (KB)
...
006 (2118553.008.000) 06/08 02:30:57 Image size of job updated: 967764
	298  -  MemoryUsage of job (MB)
	304700  -  ResidentSetSize of job (KB)
...
006 (2118553.008.000) 06/08 02:35:58 Image size of job updated: 967764
	298  -  MemoryUsage of job (MB)
	305028  -  ResidentSetSize of job (KB)
...
006 (2118553.008.000) 06/08 02:40:59 Image size of job updated: 967764
	298  -  MemoryUsage of job (MB)
	305052  -  ResidentSetSize of job (KB)
...
006 (2118553.008.000) 06/08 02:45:59 Image size of job updated: 967764
	303  -  MemoryUsage of job (MB)
	309980  -  ResidentSetSize of job (KB)
...
006 (2118553.008.000) 06/08 02:50:59 Image size of job updated: 967764
	304  -  MemoryUsage of job (MB)
	310488  -  ResidentSetSize of job (KB)
...
006 (2118553.008.000) 06/08 02:56:00 Image size of job updated: 967764
	304  -  MemoryUsage of job (MB)
	310668  -  ResidentSetSize of job (KB)
...
006 (2118553.008.000) 06/08 03:01:00 Image size of job updated: 967764
	304  -  MemoryUsage of job (MB)
	310784  -  ResidentSetSize of job (KB)
...
006 (2118553.008.000) 06/08 03:06:00 Image size of job updated: 967764
	304  -  MemoryUsage of job (MB)
	310992  -  ResidentSetSize of job (KB)
...
006 (2118553.008.000) 06/08 03:11:01 Image size of job updated: 967764
	304  -  MemoryUsage of job (MB)
	311048  -  ResidentSetSize of job (KB)
...
006 (2118553.008.000) 06/08 03:16:02 Image size of job updated: 967764
	305  -  MemoryUsage of job (MB)
	311352  -  ResidentSetSize of job (KB)
...
006 (2118553.008.000) 06/08 03:21:02 Image size of job updated: 967764
	305  -  MemoryUsage of job (MB)
	311372  -  ResidentSetSize of job (KB)
...
006 (2118553.008.000) 06/08 03:26:03 Image size of job updated: 967764
	308  -  MemoryUsage of job (MB)
	315308  -  ResidentSetSize of job (KB)
...
006 (2118553.008.000) 06/08 03:31:04 Image size of job updated: 967764
	310  -  MemoryUsage of job (MB)
	316640  -  ResidentSetSize of job (KB)
...
006 (2118553.008.000) 06/08 03:36:04 Image size of job updated: 967764
	310  -  MemoryUsage of job (MB)
	316760  -  ResidentSetSize of job (KB)
...
006 (2118553.008.000) 06/08 03:41:04 Image size of job updated: 967764
	310  -  MemoryUsage of job (MB)
	316776  -  ResidentSetSize of job (KB)
...
006 (2118553.008.000) 06/08 03:46:05 Image size of job updated: 967764
	310  -  MemoryUsage of job (MB)
	317044  -  ResidentSetSize of job (KB)
...
006 (2118553.008.000) 06/08 03:51:05 Image size of job updated: 967764
	310  -  MemoryUsage of job (MB)
	317104  -  ResidentSetSize of job (KB)
...
006 (2118553.008.000) 06/08 03:56:05 Image size of job updated: 967764
	311  -  MemoryUsage of job (MB)
	317500  -  ResidentSetSize of job (KB)
...
006 (2118553.008.000) 06/08 04:01:06 Image size of job updated: 967764
	311  -  MemoryUsage of job (MB)
	317524  -  ResidentSetSize of job (KB)
...
006 (2118553.008.000) 06/08 04:11:07 Image size of job updated: 967764
	319  -  MemoryUsage of job (MB)
	325780  -  ResidentSetSize of job (KB)
...
006 (2118553.008.000) 06/08 04:16:08 Image size of job updated: 967764
	319  -  MemoryUsage of job (MB)
	325988  -  ResidentSetSize of job (KB)
...
006 (2118553.008.000) 06/08 04:21:09 Image size of job updated: 967764
	319  -  MemoryUsage of job (MB)
	326016  -  ResidentSetSize of job (KB)
...
006 (2118553.008.000) 06/08 04:26:09 Image size of job updated: 967764
	319  -  MemoryUsage of job (MB)
	326388  -  ResidentSetSize of job (KB)
...
006 (2118553.008.000) 06/08 04:31:09 Image size of job updated: 967764
	319  -  MemoryUsage of job (MB)
	326452  -  ResidentSetSize of job (KB)
...
006 (2118553.008.000) 06/08 04:36:10 Image size of job updated: 967764
	320  -  MemoryUsage of job (MB)
	326776  -  ResidentSetSize of job (KB)
...
006 (2118553.008.000) 06/08 04:41:10 Image size of job updated: 967764
	320  -  MemoryUsage of job (MB)
	326800  -  ResidentSetSize of job (KB)
...
006 (2118553.008.000) 06/08 04:51:12 Image size of job updated: 967764
	325  -  MemoryUsage of job (MB)
	332084  -  ResidentSetSize of job (KB)
...
006 (2118553.008.000) 06/08 04:56:12 Image size of job updated: 967764
	325  -  MemoryUsage of job (MB)
	332292  -  ResidentSetSize of job (KB)
...
006 (2118553.008.000) 06/08 05:01:12 Image size of job updated: 967764
	325  -  MemoryUsage of job (MB)
	332400  -  ResidentSetSize of job (KB)
...
006 (2118553.008.000) 06/08 05:06:13 Image size of job updated: 967764
	325  -  MemoryUsage of job (MB)
	332760  -  ResidentSetSize of job (KB)
...
006 (2118553.008.000) 06/08 05:11:14 Image size of job updated: 967764
	326  -  MemoryUsage of job (MB)
	332812  -  ResidentSetSize of job (KB)
...
006 (2118553.008.000) 06/08 05:16:14 Image size of job updated: 967764
	326  -  MemoryUsage of job (MB)
	333220  -  ResidentSetSize of job (KB)
...
006 (2118553.008.000) 06/08 05:21:15 Image size of job updated: 967764
	326  -  MemoryUsage of job (MB)
	333224  -  ResidentSetSize of job (KB)
...
006 (2118553.008.000) 06/08 05:26:16 Image size of job updated: 967764
	326  -  MemoryUsage of job (MB)
	333244  -  ResidentSetSize of job (KB)
...
006 (2118553.008.000) 06/08 05:36:17 Image size of job updated: 967764
	331  -  MemoryUsage of job (MB)
	338264  -  ResidentSetSize of job (KB)
...
006 (2118553.008.000) 06/08 05:41:18 Image size of job updated: 967764
	331  -  MemoryUsage of job (MB)
	338472  -  ResidentSetSize of job (KB)
...
006 (2118553.008.000) 06/08 05:46:18 Image size of job updated: 967764
	331  -  MemoryUsage of job (MB)
	338572  -  ResidentSetSize of job (KB)
...
006 (2118553.008.000) 06/08 05:51:19 Image size of job updated: 967764
	331  -  MemoryUsage of job (MB)
	338576  -  ResidentSetSize of job (KB)
...
006 (2118553.008.000) 06/08 05:56:20 Image size of job updated: 967764
	331  -  MemoryUsage of job (MB)
	338936  -  ResidentSetSize of job (KB)
...
006 (2118553.008.000) 06/08 06:01:20 Image size of job updated: 967764
	331  -  MemoryUsage of job (MB)
	338940  -  ResidentSetSize of job (KB)
...
006 (2118553.008.000) 06/08 06:11:22 Image size of job updated: 967764
	332  -  MemoryUsage of job (MB)
	339332  -  ResidentSetSize of job (KB)
...
006 (2118553.008.000) 06/08 06:16:22 Image size of job updated: 967764
	332  -  MemoryUsage of job (MB)
	339348  -  ResidentSetSize of job (KB)
...
006 (2118553.008.000) 06/08 06:31:24 Image size of job updated: 967764
	337  -  MemoryUsage of job (MB)
	344348  -  ResidentSetSize of job (KB)
...
006 (2118553.008.000) 06/08 06:36:25 Image size of job updated: 967764
	337  -  MemoryUsage of job (MB)
	344552  -  ResidentSetSize of job (KB)
...
006 (2118553.008.000) 06/08 06:41:26 Image size of job updated: 967764
	337  -  MemoryUsage of job (MB)
	344800  -  ResidentSetSize of job (KB)
...
006 (2118553.008.000) 06/08 06:51:28 Image size of job updated: 967764
	338  -  MemoryUsage of job (MB)
	345140  -  ResidentSetSize of job (KB)
...
006 (2118553.008.000) 06/08 06:56:28 Image size of job updated: 967764
	338  -  MemoryUsage of job (MB)
	345144  -  ResidentSetSize of job (KB)
...
006 (2118553.008.000) 06/08 07:01:28 Image size of job updated: 967764
	338  -  MemoryUsage of job (MB)
	345192  -  ResidentSetSize of job (KB)
...
006 (2118553.008.000) 06/08 07:06:30 Image size of job updated: 967764
	338  -  MemoryUsage of job (MB)
	345604  -  ResidentSetSize of job (KB)
...
006 (2118553.008.000) 06/08 07:11:30 Image size of job updated: 967764
	338  -  MemoryUsage of job (MB)
	345624  -  ResidentSetSize of job (KB)
...
006 (2118553.008.000) 06/08 07:16:30 Image size of job updated: 967764
	338  -  MemoryUsage of job (MB)
	345628  -  ResidentSetSize of job (KB)
...
006 (2118553.008.000) 06/08 07:21:32 Image size of job updated: 967764
	338  -  MemoryUsage of job (MB)
	345632  -  ResidentSetSize of job (KB)
...
006 (2118553.008.000) 06/08 07:26:32 Image size of job updated: 967764
	343  -  MemoryUsage of job (MB)
	350644  -  ResidentSetSize of job (KB)
...
006 (2118553.008.000) 06/08 07:31:32 Image size of job updated: 967764
	343  -  MemoryUsage of job (MB)
	350856  -  ResidentSetSize of job (KB)
...
006 (2118553.008.000) 06/08 07:36:34 Image size of job updated: 967764
	343  -  MemoryUsage of job (MB)
	350952  -  ResidentSetSize of job (KB)
...
006 (2118553.008.000) 06/08 07:41:34 Image size of job updated: 967764
	343  -  MemoryUsage of job (MB)
	350960  -  ResidentSetSize of job (KB)
...
006 (2118553.008.000) 06/08 07:46:34 Image size of job updated: 967764
	344  -  MemoryUsage of job (MB)
	351312  -  ResidentSetSize of job (KB)
...
006 (2118553.008.000) 06/08 07:51:36 Image size of job updated: 967764
	344  -  MemoryUsage of job (MB)
	351320  -  ResidentSetSize of job (KB)
...
006 (2118553.008.000) 06/08 07:56:36 Image size of job updated: 967764
	344  -  MemoryUsage of job (MB)
	351376  -  ResidentSetSize of job (KB)
...
006 (2118553.008.000) 06/08 08:01:36 Image size of job updated: 967764
	344  -  MemoryUsage of job (MB)
	351788  -  ResidentSetSize of job (KB)
...
006 (2118553.008.000) 06/08 08:21:40 Image size of job updated: 967764
	346  -  MemoryUsage of job (MB)
	353500  -  ResidentSetSize of job (KB)
...
006 (2118553.008.000) 06/08 08:26:40 Image size of job updated: 967764
	346  -  MemoryUsage of job (MB)
	353720  -  ResidentSetSize of job (KB)
...
006 (2118553.008.000) 06/08 08:31:40 Image size of job updated: 967764
	346  -  MemoryUsage of job (MB)
	353800  -  ResidentSetSize of job (KB)
...
004 (2118553.008.000) 06/08 08:36:45 Job was evicted.
	(0) Job was not checkpointed.
		Usr 0 08:35:48, Sys 0 00:00:09  -  Run Remote Usage
		Usr 0 00:00:00, Sys 0 00:00:00  -  Run Local Usage
	337350  -  Run Bytes Sent By Job
	229  -  Run Bytes Received By Job
	Partitionable Resources :    Usage  Request Allocated
	   Cpus                 :                 1         1
	   Disk (KB)            :      341  2048000   2474724
	   Memory (MB)          :      346     2000      2000
...
009 (2118553.008.000) 06/08 08:36:45 Job was aborted by the user.
	via condor_rm (by user choij)
...
