000 (126793.000.000) 2022-03-30 13:39:56 Job submitted from host: <172.30.1.200:9618?addrs=172.30.1.200-9618&alias=tamsa2.snu.ac.kr&noUDP&sock=schedd_3154_f5cb>
...
000 (126793.001.000) 2022-03-30 13:39:56 Job submitted from host: <172.30.1.200:9618?addrs=172.30.1.200-9618&alias=tamsa2.snu.ac.kr&noUDP&sock=schedd_3154_f5cb>
...
000 (126793.002.000) 2022-03-30 13:39:56 Job submitted from host: <172.30.1.200:9618?addrs=172.30.1.200-9618&alias=tamsa2.snu.ac.kr&noUDP&sock=schedd_3154_f5cb>
...
000 (126793.003.000) 2022-03-30 13:39:56 Job submitted from host: <172.30.1.200:9618?addrs=172.30.1.200-9618&alias=tamsa2.snu.ac.kr&noUDP&sock=schedd_3154_f5cb>
...
000 (126793.004.000) 2022-03-30 13:39:56 Job submitted from host: <172.30.1.200:9618?addrs=172.30.1.200-9618&alias=tamsa2.snu.ac.kr&noUDP&sock=schedd_3154_f5cb>
...
000 (126793.005.000) 2022-03-30 13:39:56 Job submitted from host: <172.30.1.200:9618?addrs=172.30.1.200-9618&alias=tamsa2.snu.ac.kr&noUDP&sock=schedd_3154_f5cb>
...
000 (126793.006.000) 2022-03-30 13:39:56 Job submitted from host: <172.30.1.200:9618?addrs=172.30.1.200-9618&alias=tamsa2.snu.ac.kr&noUDP&sock=schedd_3154_f5cb>
...
000 (126793.007.000) 2022-03-30 13:39:56 Job submitted from host: <172.30.1.200:9618?addrs=172.30.1.200-9618&alias=tamsa2.snu.ac.kr&noUDP&sock=schedd_3154_f5cb>
...
000 (126793.008.000) 2022-03-30 13:39:56 Job submitted from host: <172.30.1.200:9618?addrs=172.30.1.200-9618&alias=tamsa2.snu.ac.kr&noUDP&sock=schedd_3154_f5cb>
...
000 (126793.009.000) 2022-03-30 13:39:56 Job submitted from host: <172.30.1.200:9618?addrs=172.30.1.200-9618&alias=tamsa2.snu.ac.kr&noUDP&sock=schedd_3154_f5cb>
...
000 (126793.010.000) 2022-03-30 13:39:56 Job submitted from host: <172.30.1.200:9618?addrs=172.30.1.200-9618&alias=tamsa2.snu.ac.kr&noUDP&sock=schedd_3154_f5cb>
...
000 (126793.011.000) 2022-03-30 13:39:56 Job submitted from host: <172.30.1.200:9618?addrs=172.30.1.200-9618&alias=tamsa2.snu.ac.kr&noUDP&sock=schedd_3154_f5cb>
...
000 (126793.012.000) 2022-03-30 13:39:56 Job submitted from host: <172.30.1.200:9618?addrs=172.30.1.200-9618&alias=tamsa2.snu.ac.kr&noUDP&sock=schedd_3154_f5cb>
...
000 (126793.013.000) 2022-03-30 13:39:56 Job submitted from host: <172.30.1.200:9618?addrs=172.30.1.200-9618&alias=tamsa2.snu.ac.kr&noUDP&sock=schedd_3154_f5cb>
...
000 (126793.014.000) 2022-03-30 13:39:56 Job submitted from host: <172.30.1.200:9618?addrs=172.30.1.200-9618&alias=tamsa2.snu.ac.kr&noUDP&sock=schedd_3154_f5cb>
...
000 (126793.015.000) 2022-03-30 13:39:56 Job submitted from host: <172.30.1.200:9618?addrs=172.30.1.200-9618&alias=tamsa2.snu.ac.kr&noUDP&sock=schedd_3154_f5cb>
...
000 (126793.016.000) 2022-03-30 13:39:56 Job submitted from host: <172.30.1.200:9618?addrs=172.30.1.200-9618&alias=tamsa2.snu.ac.kr&noUDP&sock=schedd_3154_f5cb>
...
000 (126793.017.000) 2022-03-30 13:39:56 Job submitted from host: <172.30.1.200:9618?addrs=172.30.1.200-9618&alias=tamsa2.snu.ac.kr&noUDP&sock=schedd_3154_f5cb>
...
000 (126793.018.000) 2022-03-30 13:39:56 Job submitted from host: <172.30.1.200:9618?addrs=172.30.1.200-9618&alias=tamsa2.snu.ac.kr&noUDP&sock=schedd_3154_f5cb>
...
000 (126793.019.000) 2022-03-30 13:39:56 Job submitted from host: <172.30.1.200:9618?addrs=172.30.1.200-9618&alias=tamsa2.snu.ac.kr&noUDP&sock=schedd_3154_f5cb>
...
001 (126793.000.000) 2022-03-30 13:40:03 Job executing on host: <172.30.1.205:9618?addrs=172.30.1.205-9618&alias=node5&noUDP&sock=startd_3654_eb26>
...
001 (126793.001.000) 2022-03-30 13:40:03 Job executing on host: <172.30.1.205:9618?addrs=172.30.1.205-9618&alias=node5&noUDP&sock=startd_3654_eb26>
...
001 (126793.002.000) 2022-03-30 13:40:03 Job executing on host: <172.30.1.205:9618?addrs=172.30.1.205-9618&alias=node5&noUDP&sock=startd_3654_eb26>
...
001 (126793.003.000) 2022-03-30 13:40:03 Job executing on host: <172.30.1.205:9618?addrs=172.30.1.205-9618&alias=node5&noUDP&sock=startd_3654_eb26>
...
001 (126793.004.000) 2022-03-30 13:40:03 Job executing on host: <172.30.1.205:9618?addrs=172.30.1.205-9618&alias=node5&noUDP&sock=startd_3654_eb26>
...
001 (126793.005.000) 2022-03-30 13:40:03 Job executing on host: <172.30.1.205:9618?addrs=172.30.1.205-9618&alias=node5&noUDP&sock=startd_3654_eb26>
...
001 (126793.006.000) 2022-03-30 13:40:03 Job executing on host: <172.30.1.205:9618?addrs=172.30.1.205-9618&alias=node5&noUDP&sock=startd_3654_eb26>
...
001 (126793.007.000) 2022-03-30 13:40:03 Job executing on host: <172.30.1.205:9618?addrs=172.30.1.205-9618&alias=node5&noUDP&sock=startd_3654_eb26>
...
001 (126793.008.000) 2022-03-30 13:40:03 Job executing on host: <172.30.1.205:9618?addrs=172.30.1.205-9618&alias=node5&noUDP&sock=startd_3654_eb26>
...
001 (126793.009.000) 2022-03-30 13:40:03 Job executing on host: <172.30.1.205:9618?addrs=172.30.1.205-9618&alias=node5&noUDP&sock=startd_3654_eb26>
...
001 (126793.010.000) 2022-03-30 13:40:03 Job executing on host: <172.30.1.205:9618?addrs=172.30.1.205-9618&alias=node5&noUDP&sock=startd_3654_eb26>
...
001 (126793.011.000) 2022-03-30 13:40:03 Job executing on host: <172.30.1.205:9618?addrs=172.30.1.205-9618&alias=node5&noUDP&sock=startd_3654_eb26>
...
001 (126793.012.000) 2022-03-30 13:40:03 Job executing on host: <172.30.1.205:9618?addrs=172.30.1.205-9618&alias=node5&noUDP&sock=startd_3654_eb26>
...
001 (126793.013.000) 2022-03-30 13:40:03 Job executing on host: <172.30.1.205:9618?addrs=172.30.1.205-9618&alias=node5&noUDP&sock=startd_3654_eb26>
...
001 (126793.014.000) 2022-03-30 13:40:03 Job executing on host: <172.30.1.205:9618?addrs=172.30.1.205-9618&alias=node5&noUDP&sock=startd_3654_eb26>
...
001 (126793.015.000) 2022-03-30 13:40:04 Job executing on host: <172.30.1.205:9618?addrs=172.30.1.205-9618&alias=node5&noUDP&sock=startd_3654_eb26>
...
001 (126793.016.000) 2022-03-30 13:40:04 Job executing on host: <172.30.1.205:9618?addrs=172.30.1.205-9618&alias=node5&noUDP&sock=startd_3654_eb26>
...
001 (126793.017.000) 2022-03-30 13:40:04 Job executing on host: <172.30.1.205:9618?addrs=172.30.1.205-9618&alias=node5&noUDP&sock=startd_3654_eb26>
...
001 (126793.018.000) 2022-03-30 13:40:04 Job executing on host: <172.30.1.205:9618?addrs=172.30.1.205-9618&alias=node5&noUDP&sock=startd_3654_eb26>
...
001 (126793.019.000) 2022-03-30 13:40:04 Job executing on host: <172.30.1.205:9618?addrs=172.30.1.205-9618&alias=node5&noUDP&sock=startd_3654_eb26>
...
006 (126793.000.000) 2022-03-30 13:40:11 Image size of job updated: 618096
	156  -  MemoryUsage of job (MB)
	158816  -  ResidentSetSize of job (KB)
...
006 (126793.001.000) 2022-03-30 13:40:11 Image size of job updated: 618096
	159  -  MemoryUsage of job (MB)
	162168  -  ResidentSetSize of job (KB)
...
006 (126793.002.000) 2022-03-30 13:40:11 Image size of job updated: 618096
	161  -  MemoryUsage of job (MB)
	164048  -  ResidentSetSize of job (KB)
...
006 (126793.003.000) 2022-03-30 13:40:11 Image size of job updated: 618108
	158  -  MemoryUsage of job (MB)
	161252  -  ResidentSetSize of job (KB)
...
006 (126793.004.000) 2022-03-30 13:40:11 Image size of job updated: 609940
	156  -  MemoryUsage of job (MB)
	159648  -  ResidentSetSize of job (KB)
...
006 (126793.005.000) 2022-03-30 13:40:11 Image size of job updated: 618096
	161  -  MemoryUsage of job (MB)
	164168  -  ResidentSetSize of job (KB)
...
006 (126793.014.000) 2022-03-30 13:40:12 Image size of job updated: 618100
	173  -  MemoryUsage of job (MB)
	176316  -  ResidentSetSize of job (KB)
...
006 (126793.015.000) 2022-03-30 13:40:12 Image size of job updated: 618100
	175  -  MemoryUsage of job (MB)
	178700  -  ResidentSetSize of job (KB)
...
006 (126793.016.000) 2022-03-30 13:40:12 Image size of job updated: 618096
	175  -  MemoryUsage of job (MB)
	179168  -  ResidentSetSize of job (KB)
...
006 (126793.017.000) 2022-03-30 13:40:12 Image size of job updated: 618096
	177  -  MemoryUsage of job (MB)
	181028  -  ResidentSetSize of job (KB)
...
006 (126793.018.000) 2022-03-30 13:40:12 Image size of job updated: 618092
	177  -  MemoryUsage of job (MB)
	181024  -  ResidentSetSize of job (KB)
...
006 (126793.019.000) 2022-03-30 13:40:12 Image size of job updated: 618096
	177  -  MemoryUsage of job (MB)
	181040  -  ResidentSetSize of job (KB)
...
006 (126793.006.000) 2022-03-30 13:40:12 Image size of job updated: 618096
	178  -  MemoryUsage of job (MB)
	182248  -  ResidentSetSize of job (KB)
...
006 (126793.007.000) 2022-03-30 13:40:12 Image size of job updated: 618108
	178  -  MemoryUsage of job (MB)
	182252  -  ResidentSetSize of job (KB)
...
006 (126793.008.000) 2022-03-30 13:40:12 Image size of job updated: 618092
	178  -  MemoryUsage of job (MB)
	181700  -  ResidentSetSize of job (KB)
...
006 (126793.009.000) 2022-03-30 13:40:12 Image size of job updated: 618096
	180  -  MemoryUsage of job (MB)
	183396  -  ResidentSetSize of job (KB)
...
006 (126793.010.000) 2022-03-30 13:40:12 Image size of job updated: 618100
	181  -  MemoryUsage of job (MB)
	184380  -  ResidentSetSize of job (KB)
...
006 (126793.011.000) 2022-03-30 13:40:12 Image size of job updated: 618100
	182  -  MemoryUsage of job (MB)
	185348  -  ResidentSetSize of job (KB)
...
006 (126793.012.000) 2022-03-30 13:40:12 Image size of job updated: 618092
	182  -  MemoryUsage of job (MB)
	185408  -  ResidentSetSize of job (KB)
...
006 (126793.013.000) 2022-03-30 13:40:12 Image size of job updated: 618104
	182  -  MemoryUsage of job (MB)
	185380  -  ResidentSetSize of job (KB)
...
006 (126793.006.000) 2022-03-30 13:40:16 Image size of job updated: 618096
	178  -  MemoryUsage of job (MB)
	182260  -  ResidentSetSize of job (KB)
...
005 (126793.006.000) 2022-03-30 13:40:16 Job terminated.
	(1) Normal termination (return value 0)
		Usr 0 00:00:06, Sys 0 00:00:02  -  Run Remote Usage
		Usr 0 00:00:00, Sys 0 00:00:00  -  Run Local Usage
		Usr 0 00:00:06, Sys 0 00:00:02  -  Total Remote Usage
		Usr 0 00:00:00, Sys 0 00:00:00  -  Total Local Usage
	0  -  Run Bytes Sent By Job
	0  -  Run Bytes Received By Job
	0  -  Total Bytes Sent By Job
	0  -  Total Bytes Received By Job
	Partitionable Resources :    Usage  Request Allocated 
	   Cpus                 :                 1         1 
	   Disk (KB)            :        1        1    129249 
	   Memory (MB)          :      178     3900      3968 

	Job terminated of its own accord at 2022-03-30T04:40:16Z.
...
006 (126793.017.000) 2022-03-30 13:40:17 Image size of job updated: 686728
	177  -  MemoryUsage of job (MB)
	181028  -  ResidentSetSize of job (KB)
...
006 (126793.013.000) 2022-03-30 13:40:17 Image size of job updated: 664832
	182  -  MemoryUsage of job (MB)
	185388  -  ResidentSetSize of job (KB)
...
006 (126793.004.000) 2022-03-30 13:40:17 Image size of job updated: 684984
	156  -  MemoryUsage of job (MB)
	159664  -  ResidentSetSize of job (KB)
...
005 (126793.017.000) 2022-03-30 13:40:17 Job terminated.
	(1) Normal termination (return value 0)
		Usr 0 00:00:07, Sys 0 00:00:02  -  Run Remote Usage
		Usr 0 00:00:00, Sys 0 00:00:00  -  Run Local Usage
		Usr 0 00:00:07, Sys 0 00:00:02  -  Total Remote Usage
		Usr 0 00:00:00, Sys 0 00:00:00  -  Total Local Usage
	0  -  Run Bytes Sent By Job
	0  -  Run Bytes Received By Job
	0  -  Total Bytes Sent By Job
	0  -  Total Bytes Received By Job
	Partitionable Resources :    Usage  Request Allocated 
	   Cpus                 :                 1         1 
	   Disk (KB)            :        1        1    129249 
	   Memory (MB)          :      177     3900      3968 

	Job terminated of its own accord at 2022-03-30T04:40:17Z.
...
005 (126793.004.000) 2022-03-30 13:40:17 Job terminated.
	(1) Normal termination (return value 0)
		Usr 0 00:00:07, Sys 0 00:00:02  -  Run Remote Usage
		Usr 0 00:00:00, Sys 0 00:00:00  -  Run Local Usage
		Usr 0 00:00:07, Sys 0 00:00:02  -  Total Remote Usage
		Usr 0 00:00:00, Sys 0 00:00:00  -  Total Local Usage
	0  -  Run Bytes Sent By Job
	0  -  Run Bytes Received By Job
	0  -  Total Bytes Sent By Job
	0  -  Total Bytes Received By Job
	Partitionable Resources :    Usage  Request Allocated 
	   Cpus                 :                 1         1 
	   Disk (KB)            :        1        1    129249 
	   Memory (MB)          :      156     3900      3968 

	Job terminated of its own accord at 2022-03-30T04:40:17Z.
...
005 (126793.013.000) 2022-03-30 13:40:17 Job terminated.
	(1) Normal termination (return value 0)
		Usr 0 00:00:07, Sys 0 00:00:02  -  Run Remote Usage
		Usr 0 00:00:00, Sys 0 00:00:00  -  Run Local Usage
		Usr 0 00:00:07, Sys 0 00:00:02  -  Total Remote Usage
		Usr 0 00:00:00, Sys 0 00:00:00  -  Total Local Usage
	0  -  Run Bytes Sent By Job
	0  -  Run Bytes Received By Job
	0  -  Total Bytes Sent By Job
	0  -  Total Bytes Received By Job
	Partitionable Resources :    Usage  Request Allocated 
	   Cpus                 :                 1         1 
	   Disk (KB)            :        1        1    129249 
	   Memory (MB)          :      182     3900      3968 

	Job terminated of its own accord at 2022-03-30T04:40:17Z.
...
006 (126793.012.000) 2022-03-30 13:40:17 Image size of job updated: 681616
	182  -  MemoryUsage of job (MB)
	185408  -  ResidentSetSize of job (KB)
...
005 (126793.012.000) 2022-03-30 13:40:17 Job terminated.
	(1) Normal termination (return value 0)
		Usr 0 00:00:07, Sys 0 00:00:02  -  Run Remote Usage
		Usr 0 00:00:00, Sys 0 00:00:00  -  Run Local Usage
		Usr 0 00:00:07, Sys 0 00:00:02  -  Total Remote Usage
		Usr 0 00:00:00, Sys 0 00:00:00  -  Total Local Usage
	0  -  Run Bytes Sent By Job
	0  -  Run Bytes Received By Job
	0  -  Total Bytes Sent By Job
	0  -  Total Bytes Received By Job
	Partitionable Resources :    Usage  Request Allocated 
	   Cpus                 :                 1         1 
	   Disk (KB)            :        1        1    129249 
	   Memory (MB)          :      182     3900      3968 

	Job terminated of its own accord at 2022-03-30T04:40:17Z.
...
006 (126793.008.000) 2022-03-30 13:40:18 Image size of job updated: 686796
	178  -  MemoryUsage of job (MB)
	181700  -  ResidentSetSize of job (KB)
...
005 (126793.008.000) 2022-03-30 13:40:18 Job terminated.
	(1) Normal termination (return value 0)
		Usr 0 00:00:08, Sys 0 00:00:02  -  Run Remote Usage
		Usr 0 00:00:00, Sys 0 00:00:00  -  Run Local Usage
		Usr 0 00:00:08, Sys 0 00:00:02  -  Total Remote Usage
		Usr 0 00:00:00, Sys 0 00:00:00  -  Total Local Usage
	0  -  Run Bytes Sent By Job
	0  -  Run Bytes Received By Job
	0  -  Total Bytes Sent By Job
	0  -  Total Bytes Received By Job
	Partitionable Resources :    Usage  Request Allocated 
	   Cpus                 :                 1         1 
	   Disk (KB)            :        1        1    129249 
	   Memory (MB)          :      178     3900      3968 

	Job terminated of its own accord at 2022-03-30T04:40:18Z.
...
006 (126793.002.000) 2022-03-30 13:40:18 Image size of job updated: 688604
	161  -  MemoryUsage of job (MB)
	164048  -  ResidentSetSize of job (KB)
...
005 (126793.002.000) 2022-03-30 13:40:18 Job terminated.
	(1) Normal termination (return value 0)
		Usr 0 00:00:08, Sys 0 00:00:02  -  Run Remote Usage
		Usr 0 00:00:00, Sys 0 00:00:00  -  Run Local Usage
		Usr 0 00:00:08, Sys 0 00:00:02  -  Total Remote Usage
		Usr 0 00:00:00, Sys 0 00:00:00  -  Total Local Usage
	0  -  Run Bytes Sent By Job
	0  -  Run Bytes Received By Job
	0  -  Total Bytes Sent By Job
	0  -  Total Bytes Received By Job
	Partitionable Resources :    Usage  Request Allocated 
	   Cpus                 :                 1         1 
	   Disk (KB)            :        1        1    129249 
	   Memory (MB)          :      161     3900      3968 

	Job terminated of its own accord at 2022-03-30T04:40:18Z.
...
006 (126793.005.000) 2022-03-30 13:40:18 Image size of job updated: 689884
	161  -  MemoryUsage of job (MB)
	164172  -  ResidentSetSize of job (KB)
...
006 (126793.003.000) 2022-03-30 13:40:18 Image size of job updated: 689532
	158  -  MemoryUsage of job (MB)
	161252  -  ResidentSetSize of job (KB)
...
005 (126793.005.000) 2022-03-30 13:40:18 Job terminated.
	(1) Normal termination (return value 0)
		Usr 0 00:00:08, Sys 0 00:00:02  -  Run Remote Usage
		Usr 0 00:00:00, Sys 0 00:00:00  -  Run Local Usage
		Usr 0 00:00:08, Sys 0 00:00:02  -  Total Remote Usage
		Usr 0 00:00:00, Sys 0 00:00:00  -  Total Local Usage
	0  -  Run Bytes Sent By Job
	0  -  Run Bytes Received By Job
	0  -  Total Bytes Sent By Job
	0  -  Total Bytes Received By Job
	Partitionable Resources :    Usage  Request Allocated 
	   Cpus                 :                 1         1 
	   Disk (KB)            :        1        1    129249 
	   Memory (MB)          :      161     3900      3968 

	Job terminated of its own accord at 2022-03-30T04:40:18Z.
...
005 (126793.003.000) 2022-03-30 13:40:18 Job terminated.
	(1) Normal termination (return value 0)
		Usr 0 00:00:08, Sys 0 00:00:02  -  Run Remote Usage
		Usr 0 00:00:00, Sys 0 00:00:00  -  Run Local Usage
		Usr 0 00:00:08, Sys 0 00:00:02  -  Total Remote Usage
		Usr 0 00:00:00, Sys 0 00:00:00  -  Total Local Usage
	0  -  Run Bytes Sent By Job
	0  -  Run Bytes Received By Job
	0  -  Total Bytes Sent By Job
	0  -  Total Bytes Received By Job
	Partitionable Resources :    Usage  Request Allocated 
	   Cpus                 :                 1         1 
	   Disk (KB)            :        1        1    129249 
	   Memory (MB)          :      158     3900      3968 

	Job terminated of its own accord at 2022-03-30T04:40:18Z.
...
006 (126793.001.000) 2022-03-30 13:40:18 Image size of job updated: 689904
	159  -  MemoryUsage of job (MB)
	162168  -  ResidentSetSize of job (KB)
...
005 (126793.001.000) 2022-03-30 13:40:18 Job terminated.
	(1) Normal termination (return value 0)
		Usr 0 00:00:08, Sys 0 00:00:02  -  Run Remote Usage
		Usr 0 00:00:00, Sys 0 00:00:00  -  Run Local Usage
		Usr 0 00:00:08, Sys 0 00:00:02  -  Total Remote Usage
		Usr 0 00:00:00, Sys 0 00:00:00  -  Total Local Usage
	0  -  Run Bytes Sent By Job
	0  -  Run Bytes Received By Job
	0  -  Total Bytes Sent By Job
	0  -  Total Bytes Received By Job
	Partitionable Resources :    Usage  Request Allocated 
	   Cpus                 :                 1         1 
	   Disk (KB)            :        1        1    129249 
	   Memory (MB)          :      159     3900      3968 

	Job terminated of its own accord at 2022-03-30T04:40:18Z.
...
006 (126793.010.000) 2022-03-30 13:40:19 Image size of job updated: 670004
	181  -  MemoryUsage of job (MB)
	184508  -  ResidentSetSize of job (KB)
...
005 (126793.010.000) 2022-03-30 13:40:19 Job terminated.
	(1) Normal termination (return value 0)
		Usr 0 00:00:09, Sys 0 00:00:02  -  Run Remote Usage
		Usr 0 00:00:00, Sys 0 00:00:00  -  Run Local Usage
		Usr 0 00:00:09, Sys 0 00:00:02  -  Total Remote Usage
		Usr 0 00:00:00, Sys 0 00:00:00  -  Total Local Usage
	0  -  Run Bytes Sent By Job
	0  -  Run Bytes Received By Job
	0  -  Total Bytes Sent By Job
	0  -  Total Bytes Received By Job
	Partitionable Resources :    Usage  Request Allocated 
	   Cpus                 :                 1         1 
	   Disk (KB)            :        1        1    129249 
	   Memory (MB)          :      181     3900      3968 

	Job terminated of its own accord at 2022-03-30T04:40:19Z.
...
006 (126793.015.000) 2022-03-30 13:40:19 Image size of job updated: 683300
	175  -  MemoryUsage of job (MB)
	178700  -  ResidentSetSize of job (KB)
...
005 (126793.015.000) 2022-03-30 13:40:19 Job terminated.
	(1) Normal termination (return value 0)
		Usr 0 00:00:09, Sys 0 00:00:02  -  Run Remote Usage
		Usr 0 00:00:00, Sys 0 00:00:00  -  Run Local Usage
		Usr 0 00:00:09, Sys 0 00:00:02  -  Total Remote Usage
		Usr 0 00:00:00, Sys 0 00:00:00  -  Total Local Usage
	0  -  Run Bytes Sent By Job
	0  -  Run Bytes Received By Job
	0  -  Total Bytes Sent By Job
	0  -  Total Bytes Received By Job
	Partitionable Resources :    Usage  Request Allocated 
	   Cpus                 :                 1         1 
	   Disk (KB)            :        1        1    129249 
	   Memory (MB)          :      175     3900      3968 

	Job terminated of its own accord at 2022-03-30T04:40:19Z.
...
006 (126793.007.000) 2022-03-30 13:40:19 Image size of job updated: 689876
	178  -  MemoryUsage of job (MB)
	182268  -  ResidentSetSize of job (KB)
...
006 (126793.011.000) 2022-03-30 13:40:19 Image size of job updated: 690108
	182  -  MemoryUsage of job (MB)
	185352  -  ResidentSetSize of job (KB)
...
005 (126793.007.000) 2022-03-30 13:40:19 Job terminated.
	(1) Normal termination (return value 0)
		Usr 0 00:00:09, Sys 0 00:00:02  -  Run Remote Usage
		Usr 0 00:00:00, Sys 0 00:00:00  -  Run Local Usage
		Usr 0 00:00:09, Sys 0 00:00:02  -  Total Remote Usage
		Usr 0 00:00:00, Sys 0 00:00:00  -  Total Local Usage
	0  -  Run Bytes Sent By Job
	0  -  Run Bytes Received By Job
	0  -  Total Bytes Sent By Job
	0  -  Total Bytes Received By Job
	Partitionable Resources :    Usage  Request Allocated 
	   Cpus                 :                 1         1 
	   Disk (KB)            :        1        1    129249 
	   Memory (MB)          :      178     3900      3968 

	Job terminated of its own accord at 2022-03-30T04:40:19Z.
...
006 (126793.018.000) 2022-03-30 13:40:20 Image size of job updated: 690088
	177  -  MemoryUsage of job (MB)
	181024  -  ResidentSetSize of job (KB)
...
005 (126793.011.000) 2022-03-30 13:40:20 Job terminated.
	(1) Normal termination (return value 0)
		Usr 0 00:00:10, Sys 0 00:00:01  -  Run Remote Usage
		Usr 0 00:00:00, Sys 0 00:00:00  -  Run Local Usage
		Usr 0 00:00:10, Sys 0 00:00:01  -  Total Remote Usage
		Usr 0 00:00:00, Sys 0 00:00:00  -  Total Local Usage
	0  -  Run Bytes Sent By Job
	0  -  Run Bytes Received By Job
	0  -  Total Bytes Sent By Job
	0  -  Total Bytes Received By Job
	Partitionable Resources :    Usage  Request Allocated 
	   Cpus                 :                 1         1 
	   Disk (KB)            :        1        1    129249 
	   Memory (MB)          :      182     3900      3968 

	Job terminated of its own accord at 2022-03-30T04:40:19Z.
...
006 (126793.016.000) 2022-03-30 13:40:20 Image size of job updated: 690148
	175  -  MemoryUsage of job (MB)
	179168  -  ResidentSetSize of job (KB)
...
005 (126793.018.000) 2022-03-30 13:40:20 Job terminated.
	(1) Normal termination (return value 0)
		Usr 0 00:00:09, Sys 0 00:00:01  -  Run Remote Usage
		Usr 0 00:00:00, Sys 0 00:00:00  -  Run Local Usage
		Usr 0 00:00:09, Sys 0 00:00:01  -  Total Remote Usage
		Usr 0 00:00:00, Sys 0 00:00:00  -  Total Local Usage
	0  -  Run Bytes Sent By Job
	0  -  Run Bytes Received By Job
	0  -  Total Bytes Sent By Job
	0  -  Total Bytes Received By Job
	Partitionable Resources :    Usage  Request Allocated 
	   Cpus                 :                 1         1 
	   Disk (KB)            :        1        1    129249 
	   Memory (MB)          :      177     3900      3968 

	Job terminated of its own accord at 2022-03-30T04:40:20Z.
...
005 (126793.016.000) 2022-03-30 13:40:20 Job terminated.
	(1) Normal termination (return value 0)
		Usr 0 00:00:09, Sys 0 00:00:02  -  Run Remote Usage
		Usr 0 00:00:00, Sys 0 00:00:00  -  Run Local Usage
		Usr 0 00:00:09, Sys 0 00:00:02  -  Total Remote Usage
		Usr 0 00:00:00, Sys 0 00:00:00  -  Total Local Usage
	0  -  Run Bytes Sent By Job
	0  -  Run Bytes Received By Job
	0  -  Total Bytes Sent By Job
	0  -  Total Bytes Received By Job
	Partitionable Resources :    Usage  Request Allocated 
	   Cpus                 :                 1         1 
	   Disk (KB)            :        1        1    129249 
	   Memory (MB)          :      175     3900      3968 

	Job terminated of its own accord at 2022-03-30T04:40:20Z.
...
006 (126793.014.000) 2022-03-30 13:40:20 Image size of job updated: 688940
	173  -  MemoryUsage of job (MB)
	176316  -  ResidentSetSize of job (KB)
...
005 (126793.014.000) 2022-03-30 13:40:21 Job terminated.
	(1) Normal termination (return value 0)
		Usr 0 00:00:10, Sys 0 00:00:02  -  Run Remote Usage
		Usr 0 00:00:00, Sys 0 00:00:00  -  Run Local Usage
		Usr 0 00:00:10, Sys 0 00:00:02  -  Total Remote Usage
		Usr 0 00:00:00, Sys 0 00:00:00  -  Total Local Usage
	0  -  Run Bytes Sent By Job
	0  -  Run Bytes Received By Job
	0  -  Total Bytes Sent By Job
	0  -  Total Bytes Received By Job
	Partitionable Resources :    Usage  Request Allocated 
	   Cpus                 :                 1         1 
	   Disk (KB)            :        1        1    129249 
	   Memory (MB)          :      173     3900      3968 

	Job terminated of its own accord at 2022-03-30T04:40:20Z.
...
006 (126793.000.000) 2022-03-30 13:40:21 Image size of job updated: 688632
	156  -  MemoryUsage of job (MB)
	158816  -  ResidentSetSize of job (KB)
...
005 (126793.000.000) 2022-03-30 13:40:21 Job terminated.
	(1) Normal termination (return value 0)
		Usr 0 00:00:10, Sys 0 00:00:02  -  Run Remote Usage
		Usr 0 00:00:00, Sys 0 00:00:00  -  Run Local Usage
		Usr 0 00:00:10, Sys 0 00:00:02  -  Total Remote Usage
		Usr 0 00:00:00, Sys 0 00:00:00  -  Total Local Usage
	0  -  Run Bytes Sent By Job
	0  -  Run Bytes Received By Job
	0  -  Total Bytes Sent By Job
	0  -  Total Bytes Received By Job
	Partitionable Resources :    Usage  Request Allocated 
	   Cpus                 :                 1         1 
	   Disk (KB)            :        1        1    129249 
	   Memory (MB)          :      156     3900      3968 

	Job terminated of its own accord at 2022-03-30T04:40:21Z.
...
006 (126793.009.000) 2022-03-30 13:40:21 Image size of job updated: 689588
	180  -  MemoryUsage of job (MB)
	183512  -  ResidentSetSize of job (KB)
...
005 (126793.009.000) 2022-03-30 13:40:21 Job terminated.
	(1) Normal termination (return value 0)
		Usr 0 00:00:11, Sys 0 00:00:02  -  Run Remote Usage
		Usr 0 00:00:00, Sys 0 00:00:00  -  Run Local Usage
		Usr 0 00:00:11, Sys 0 00:00:02  -  Total Remote Usage
		Usr 0 00:00:00, Sys 0 00:00:00  -  Total Local Usage
	0  -  Run Bytes Sent By Job
	0  -  Run Bytes Received By Job
	0  -  Total Bytes Sent By Job
	0  -  Total Bytes Received By Job
	Partitionable Resources :    Usage  Request Allocated 
	   Cpus                 :                 1         1 
	   Disk (KB)            :        1        1    129249 
	   Memory (MB)          :      180     3900      3968 

	Job terminated of its own accord at 2022-03-30T04:40:21Z.
...
006 (126793.019.000) 2022-03-30 13:40:22 Image size of job updated: 687680
	177  -  MemoryUsage of job (MB)
	181040  -  ResidentSetSize of job (KB)
...
005 (126793.019.000) 2022-03-30 13:40:22 Job terminated.
	(1) Normal termination (return value 0)
		Usr 0 00:00:12, Sys 0 00:00:01  -  Run Remote Usage
		Usr 0 00:00:00, Sys 0 00:00:00  -  Run Local Usage
		Usr 0 00:00:12, Sys 0 00:00:01  -  Total Remote Usage
		Usr 0 00:00:00, Sys 0 00:00:00  -  Total Local Usage
	0  -  Run Bytes Sent By Job
	0  -  Run Bytes Received By Job
	0  -  Total Bytes Sent By Job
	0  -  Total Bytes Received By Job
	Partitionable Resources :    Usage  Request Allocated 
	   Cpus                 :                 1         1 
	   Disk (KB)            :        1        1    129249 
	   Memory (MB)          :      177     3900      3968 

	Job terminated of its own accord at 2022-03-30T04:40:22Z.
...
