000 (2117003.013.000) 06/02 02:18:34 Job submitted from host: <172.30.1.200:9618?addrs=172.30.1.200-9618+[--1]-9618&noUDP&sock=203143_c79e_3>
...
001 (2117003.013.000) 06/02 02:18:42 Job executing on host: <172.30.1.207:9618?addrs=172.30.1.207-9618+[--1]-9618&noUDP&sock=6818_28cd_3>
...
006 (2117003.013.000) 06/02 02:18:50 Image size of job updated: 180852
	8  -  MemoryUsage of job (MB)
	7440  -  ResidentSetSize of job (KB)
...
006 (2117003.013.000) 06/02 02:23:50 Image size of job updated: 1003400
	290  -  MemoryUsage of job (MB)
	295960  -  ResidentSetSize of job (KB)
...
006 (2117003.013.000) 06/02 02:28:51 Image size of job updated: 1003400
	345  -  MemoryUsage of job (MB)
	352512  -  ResidentSetSize of job (KB)
...
006 (2117003.013.000) 06/02 03:03:54 Image size of job updated: 1003400
	358  -  MemoryUsage of job (MB)
	365788  -  ResidentSetSize of job (KB)
...
006 (2117003.013.000) 06/02 03:18:55 Image size of job updated: 1003400
	362  -  MemoryUsage of job (MB)
	370308  -  ResidentSetSize of job (KB)
...
006 (2117003.013.000) 06/02 03:28:56 Image size of job updated: 1003400
	366  -  MemoryUsage of job (MB)
	374420  -  ResidentSetSize of job (KB)
...
005 (2117003.013.000) 06/02 04:58:57 Job terminated.
	(1) Normal termination (return value 0)
		Usr 0 02:39:51, Sys 0 00:00:04  -  Run Remote Usage
		Usr 0 00:00:00, Sys 0 00:00:00  -  Run Local Usage
		Usr 0 02:39:51, Sys 0 00:00:04  -  Total Remote Usage
		Usr 0 00:00:00, Sys 0 00:00:00  -  Total Local Usage
	1428030  -  Run Bytes Sent By Job
	224  -  Run Bytes Received By Job
	1428030  -  Total Bytes Sent By Job
	224  -  Total Bytes Received By Job
	Partitionable Resources :    Usage  Request Allocated
	   Cpus                 :                 1         1
	   Disk (KB)            :     1406  2048000   2391884
	   Memory (MB)          :      366     2000      2000
...
