000 (2117003.002.000) 06/02 02:18:34 Job submitted from host: <172.30.1.200:9618?addrs=172.30.1.200-9618+[--1]-9618&noUDP&sock=203143_c79e_3>
...
001 (2117003.002.000) 06/02 02:18:41 Job executing on host: <172.30.1.207:9618?addrs=172.30.1.207-9618+[--1]-9618&noUDP&sock=6818_28cd_3>
...
006 (2117003.002.000) 06/02 02:18:49 Image size of job updated: 180104
	8  -  MemoryUsage of job (MB)
	7368  -  ResidentSetSize of job (KB)
...
006 (2117003.002.000) 06/02 02:23:49 Image size of job updated: 1104252
	305  -  MemoryUsage of job (MB)
	312260  -  ResidentSetSize of job (KB)
...
006 (2117003.002.000) 06/02 02:33:51 Image size of job updated: 1104252
	328  -  MemoryUsage of job (MB)
	335596  -  ResidentSetSize of job (KB)
...
006 (2117003.002.000) 06/02 02:38:51 Image size of job updated: 1104252
	335  -  MemoryUsage of job (MB)
	342264  -  ResidentSetSize of job (KB)
...
006 (2117003.002.000) 06/02 02:48:53 Image size of job updated: 1104252
	335  -  MemoryUsage of job (MB)
	342704  -  ResidentSetSize of job (KB)
...
006 (2117003.002.000) 06/02 02:58:53 Image size of job updated: 1104252
	335  -  MemoryUsage of job (MB)
	342716  -  ResidentSetSize of job (KB)
...
006 (2117003.002.000) 06/02 03:03:54 Image size of job updated: 1104252
	335  -  MemoryUsage of job (MB)
	342720  -  ResidentSetSize of job (KB)
...
006 (2117003.002.000) 06/02 03:08:54 Image size of job updated: 1104252
	356  -  MemoryUsage of job (MB)
	364288  -  ResidentSetSize of job (KB)
...
005 (2117003.002.000) 06/02 05:01:58 Job terminated.
	(1) Normal termination (return value 0)
		Usr 0 02:42:46, Sys 0 00:00:09  -  Run Remote Usage
		Usr 0 00:00:00, Sys 0 00:00:00  -  Run Local Usage
		Usr 0 02:42:46, Sys 0 00:00:09  -  Total Remote Usage
		Usr 0 00:00:00, Sys 0 00:00:00  -  Total Local Usage
	1447333  -  Run Bytes Sent By Job
	224  -  Run Bytes Received By Job
	1447333  -  Total Bytes Sent By Job
	224  -  Total Bytes Received By Job
	Partitionable Resources :    Usage  Request Allocated
	   Cpus                 :                 1         1
	   Disk (KB)            :     1425  2048000   2391884
	   Memory (MB)          :      356     2000      2000
...
