000 (2117003.009.000) 06/02 02:18:34 Job submitted from host: <172.30.1.200:9618?addrs=172.30.1.200-9618+[--1]-9618&noUDP&sock=203143_c79e_3>
...
001 (2117003.009.000) 06/02 02:18:41 Job executing on host: <172.30.1.207:9618?addrs=172.30.1.207-9618+[--1]-9618&noUDP&sock=6818_28cd_3>
...
006 (2117003.009.000) 06/02 02:18:50 Image size of job updated: 180368
	8  -  MemoryUsage of job (MB)
	7384  -  ResidentSetSize of job (KB)
...
006 (2117003.009.000) 06/02 02:23:51 Image size of job updated: 1102740
	303  -  MemoryUsage of job (MB)
	309256  -  ResidentSetSize of job (KB)
...
006 (2117003.009.000) 06/02 02:28:51 Image size of job updated: 1102740
	337  -  MemoryUsage of job (MB)
	344280  -  ResidentSetSize of job (KB)
...
006 (2117003.009.000) 06/02 03:08:56 Image size of job updated: 1102740
	349  -  MemoryUsage of job (MB)
	356420  -  ResidentSetSize of job (KB)
...
005 (2117003.009.000) 06/02 05:01:18 Job terminated.
	(1) Normal termination (return value 0)
		Usr 0 02:42:16, Sys 0 00:00:09  -  Run Remote Usage
		Usr 0 00:00:00, Sys 0 00:00:00  -  Run Local Usage
		Usr 0 02:42:16, Sys 0 00:00:09  -  Total Remote Usage
		Usr 0 00:00:00, Sys 0 00:00:00  -  Total Local Usage
	1449024  -  Run Bytes Sent By Job
	224  -  Run Bytes Received By Job
	1449024  -  Total Bytes Sent By Job
	224  -  Total Bytes Received By Job
	Partitionable Resources :    Usage  Request Allocated
	   Cpus                 :                 1         1
	   Disk (KB)            :     1426  2048000   2391884
	   Memory (MB)          :      349     2000      2000
...
