000 (2117003.014.000) 06/02 02:18:34 Job submitted from host: <172.30.1.200:9618?addrs=172.30.1.200-9618+[--1]-9618&noUDP&sock=203143_c79e_3>
...
001 (2117003.014.000) 06/02 02:18:42 Job executing on host: <172.30.1.207:9618?addrs=172.30.1.207-9618+[--1]-9618&noUDP&sock=6818_28cd_3>
...
006 (2117003.014.000) 06/02 02:18:50 Image size of job updated: 180512
	8  -  MemoryUsage of job (MB)
	7376  -  ResidentSetSize of job (KB)
...
006 (2117003.014.000) 06/02 02:23:50 Image size of job updated: 891152
	318  -  MemoryUsage of job (MB)
	324880  -  ResidentSetSize of job (KB)
...
006 (2117003.014.000) 06/02 02:28:51 Image size of job updated: 900772
	327  -  MemoryUsage of job (MB)
	334500  -  ResidentSetSize of job (KB)
...
006 (2117003.014.000) 06/02 02:33:52 Image size of job updated: 901308
	328  -  MemoryUsage of job (MB)
	335164  -  ResidentSetSize of job (KB)
...
006 (2117003.014.000) 06/02 02:38:52 Image size of job updated: 904996
	331  -  MemoryUsage of job (MB)
	338824  -  ResidentSetSize of job (KB)
...
006 (2117003.014.000) 06/02 02:48:53 Image size of job updated: 933408
	331  -  MemoryUsage of job (MB)
	338824  -  ResidentSetSize of job (KB)
...
006 (2117003.014.000) 06/02 03:08:54 Image size of job updated: 933408
	341  -  MemoryUsage of job (MB)
	348244  -  ResidentSetSize of job (KB)
...
006 (2117003.014.000) 06/02 03:13:54 Image size of job updated: 933408
	341  -  MemoryUsage of job (MB)
	348268  -  ResidentSetSize of job (KB)
...
006 (2117003.014.000) 06/02 03:18:55 Image size of job updated: 933408
	342  -  MemoryUsage of job (MB)
	349740  -  ResidentSetSize of job (KB)
...
006 (2117003.014.000) 06/02 03:33:57 Image size of job updated: 933408
	347  -  MemoryUsage of job (MB)
	355176  -  ResidentSetSize of job (KB)
...
006 (2117003.014.000) 06/02 04:19:00 Image size of job updated: 935044
	347  -  MemoryUsage of job (MB)
	355176  -  ResidentSetSize of job (KB)
...
006 (2117003.014.000) 06/02 04:29:02 Image size of job updated: 939224
	347  -  MemoryUsage of job (MB)
	355176  -  ResidentSetSize of job (KB)
...
006 (2117003.014.000) 06/02 04:34:02 Image size of job updated: 939480
	347  -  MemoryUsage of job (MB)
	355176  -  ResidentSetSize of job (KB)
...
006 (2117003.014.000) 06/02 04:39:03 Image size of job updated: 942320
	347  -  MemoryUsage of job (MB)
	355176  -  ResidentSetSize of job (KB)
...
006 (2117003.014.000) 06/02 04:44:04 Image size of job updated: 943880
	347  -  MemoryUsage of job (MB)
	355176  -  ResidentSetSize of job (KB)
...
006 (2117003.014.000) 06/02 04:49:04 Image size of job updated: 945720
	347  -  MemoryUsage of job (MB)
	355176  -  ResidentSetSize of job (KB)
...
006 (2117003.014.000) 06/02 04:54:04 Image size of job updated: 948768
	347  -  MemoryUsage of job (MB)
	355176  -  ResidentSetSize of job (KB)
...
006 (2117003.014.000) 06/02 04:59:05 Image size of job updated: 949700
	347  -  MemoryUsage of job (MB)
	355176  -  ResidentSetSize of job (KB)
...
006 (2117003.014.000) 06/02 05:00:30 Image size of job updated: 954380
	347  -  MemoryUsage of job (MB)
	355176  -  ResidentSetSize of job (KB)
...
005 (2117003.014.000) 06/02 05:00:31 Job terminated.
	(1) Normal termination (return value 0)
		Usr 0 02:41:34, Sys 0 00:00:06  -  Run Remote Usage
		Usr 0 00:00:00, Sys 0 00:00:00  -  Run Local Usage
		Usr 0 02:41:34, Sys 0 00:00:06  -  Total Remote Usage
		Usr 0 00:00:00, Sys 0 00:00:00  -  Total Local Usage
	1453965  -  Run Bytes Sent By Job
	224  -  Run Bytes Received By Job
	1453965  -  Total Bytes Sent By Job
	224  -  Total Bytes Received By Job
	Partitionable Resources :    Usage  Request Allocated
	   Cpus                 :                 1         1
	   Disk (KB)            :     1431  2048000   2391884
	   Memory (MB)          :      347     2000      2000
...
