000 (2117003.004.000) 06/02 02:18:34 Job submitted from host: <172.30.1.200:9618?addrs=172.30.1.200-9618+[--1]-9618&noUDP&sock=203143_c79e_3>
...
001 (2117003.004.000) 06/02 02:18:41 Job executing on host: <172.30.1.207:9618?addrs=172.30.1.207-9618+[--1]-9618&noUDP&sock=6818_28cd_3>
...
006 (2117003.004.000) 06/02 02:18:49 Image size of job updated: 177684
	8  -  MemoryUsage of job (MB)
	7508  -  ResidentSetSize of job (KB)
...
006 (2117003.004.000) 06/02 02:23:49 Image size of job updated: 1103420
	301  -  MemoryUsage of job (MB)
	307404  -  ResidentSetSize of job (KB)
...
006 (2117003.004.000) 06/02 02:33:50 Image size of job updated: 1103420
	325  -  MemoryUsage of job (MB)
	332528  -  ResidentSetSize of job (KB)
...
006 (2117003.004.000) 06/02 02:38:50 Image size of job updated: 1103420
	329  -  MemoryUsage of job (MB)
	336788  -  ResidentSetSize of job (KB)
...
006 (2117003.004.000) 06/02 02:48:52 Image size of job updated: 1103420
	334  -  MemoryUsage of job (MB)
	341160  -  ResidentSetSize of job (KB)
...
006 (2117003.004.000) 06/02 02:53:52 Image size of job updated: 1103420
	334  -  MemoryUsage of job (MB)
	341180  -  ResidentSetSize of job (KB)
...
006 (2117003.004.000) 06/02 03:08:54 Image size of job updated: 1103420
	338  -  MemoryUsage of job (MB)
	345800  -  ResidentSetSize of job (KB)
...
006 (2117003.004.000) 06/02 03:13:54 Image size of job updated: 1103420
	338  -  MemoryUsage of job (MB)
	345824  -  ResidentSetSize of job (KB)
...
006 (2117003.004.000) 06/02 03:18:55 Image size of job updated: 1103420
	342  -  MemoryUsage of job (MB)
	349880  -  ResidentSetSize of job (KB)
...
006 (2117003.004.000) 06/02 03:23:55 Image size of job updated: 1103420
	342  -  MemoryUsage of job (MB)
	350028  -  ResidentSetSize of job (KB)
...
006 (2117003.004.000) 06/02 03:28:55 Image size of job updated: 1103420
	342  -  MemoryUsage of job (MB)
	350040  -  ResidentSetSize of job (KB)
...
006 (2117003.004.000) 06/02 03:33:56 Image size of job updated: 1103420
	346  -  MemoryUsage of job (MB)
	353564  -  ResidentSetSize of job (KB)
...
005 (2117003.004.000) 06/02 04:59:49 Job terminated.
	(1) Normal termination (return value 0)
		Usr 0 02:40:52, Sys 0 00:00:04  -  Run Remote Usage
		Usr 0 00:00:00, Sys 0 00:00:00  -  Run Local Usage
		Usr 0 02:40:52, Sys 0 00:00:04  -  Total Remote Usage
		Usr 0 00:00:00, Sys 0 00:00:00  -  Total Local Usage
	1444929  -  Run Bytes Sent By Job
	224  -  Run Bytes Received By Job
	1444929  -  Total Bytes Sent By Job
	224  -  Total Bytes Received By Job
	Partitionable Resources :    Usage  Request Allocated
	   Cpus                 :                 1         1
	   Disk (KB)            :     1422  2048000   2391884
	   Memory (MB)          :      346     2000      2000
...
