000 (126781.000.000) 2022-03-30 13:38:35 Job submitted from host: <172.30.1.200:9618?addrs=172.30.1.200-9618&alias=tamsa2.snu.ac.kr&noUDP&sock=schedd_3154_f5cb>
...
000 (126781.001.000) 2022-03-30 13:38:35 Job submitted from host: <172.30.1.200:9618?addrs=172.30.1.200-9618&alias=tamsa2.snu.ac.kr&noUDP&sock=schedd_3154_f5cb>
...
000 (126781.002.000) 2022-03-30 13:38:35 Job submitted from host: <172.30.1.200:9618?addrs=172.30.1.200-9618&alias=tamsa2.snu.ac.kr&noUDP&sock=schedd_3154_f5cb>
...
000 (126781.003.000) 2022-03-30 13:38:35 Job submitted from host: <172.30.1.200:9618?addrs=172.30.1.200-9618&alias=tamsa2.snu.ac.kr&noUDP&sock=schedd_3154_f5cb>
...
000 (126781.004.000) 2022-03-30 13:38:35 Job submitted from host: <172.30.1.200:9618?addrs=172.30.1.200-9618&alias=tamsa2.snu.ac.kr&noUDP&sock=schedd_3154_f5cb>
...
000 (126781.005.000) 2022-03-30 13:38:35 Job submitted from host: <172.30.1.200:9618?addrs=172.30.1.200-9618&alias=tamsa2.snu.ac.kr&noUDP&sock=schedd_3154_f5cb>
...
000 (126781.006.000) 2022-03-30 13:38:35 Job submitted from host: <172.30.1.200:9618?addrs=172.30.1.200-9618&alias=tamsa2.snu.ac.kr&noUDP&sock=schedd_3154_f5cb>
...
000 (126781.007.000) 2022-03-30 13:38:35 Job submitted from host: <172.30.1.200:9618?addrs=172.30.1.200-9618&alias=tamsa2.snu.ac.kr&noUDP&sock=schedd_3154_f5cb>
...
000 (126781.008.000) 2022-03-30 13:38:35 Job submitted from host: <172.30.1.200:9618?addrs=172.30.1.200-9618&alias=tamsa2.snu.ac.kr&noUDP&sock=schedd_3154_f5cb>
...
000 (126781.009.000) 2022-03-30 13:38:35 Job submitted from host: <172.30.1.200:9618?addrs=172.30.1.200-9618&alias=tamsa2.snu.ac.kr&noUDP&sock=schedd_3154_f5cb>
...
000 (126781.010.000) 2022-03-30 13:38:35 Job submitted from host: <172.30.1.200:9618?addrs=172.30.1.200-9618&alias=tamsa2.snu.ac.kr&noUDP&sock=schedd_3154_f5cb>
...
000 (126781.011.000) 2022-03-30 13:38:35 Job submitted from host: <172.30.1.200:9618?addrs=172.30.1.200-9618&alias=tamsa2.snu.ac.kr&noUDP&sock=schedd_3154_f5cb>
...
000 (126781.012.000) 2022-03-30 13:38:35 Job submitted from host: <172.30.1.200:9618?addrs=172.30.1.200-9618&alias=tamsa2.snu.ac.kr&noUDP&sock=schedd_3154_f5cb>
...
000 (126781.013.000) 2022-03-30 13:38:35 Job submitted from host: <172.30.1.200:9618?addrs=172.30.1.200-9618&alias=tamsa2.snu.ac.kr&noUDP&sock=schedd_3154_f5cb>
...
000 (126781.014.000) 2022-03-30 13:38:35 Job submitted from host: <172.30.1.200:9618?addrs=172.30.1.200-9618&alias=tamsa2.snu.ac.kr&noUDP&sock=schedd_3154_f5cb>
...
000 (126781.015.000) 2022-03-30 13:38:35 Job submitted from host: <172.30.1.200:9618?addrs=172.30.1.200-9618&alias=tamsa2.snu.ac.kr&noUDP&sock=schedd_3154_f5cb>
...
000 (126781.016.000) 2022-03-30 13:38:35 Job submitted from host: <172.30.1.200:9618?addrs=172.30.1.200-9618&alias=tamsa2.snu.ac.kr&noUDP&sock=schedd_3154_f5cb>
...
000 (126781.017.000) 2022-03-30 13:38:35 Job submitted from host: <172.30.1.200:9618?addrs=172.30.1.200-9618&alias=tamsa2.snu.ac.kr&noUDP&sock=schedd_3154_f5cb>
...
000 (126781.018.000) 2022-03-30 13:38:35 Job submitted from host: <172.30.1.200:9618?addrs=172.30.1.200-9618&alias=tamsa2.snu.ac.kr&noUDP&sock=schedd_3154_f5cb>
...
000 (126781.019.000) 2022-03-30 13:38:35 Job submitted from host: <172.30.1.200:9618?addrs=172.30.1.200-9618&alias=tamsa2.snu.ac.kr&noUDP&sock=schedd_3154_f5cb>
...
001 (126781.000.000) 2022-03-30 13:38:44 Job executing on host: <172.30.1.206:9618?addrs=172.30.1.206-9618&alias=node6&noUDP&sock=startd_38667_ec9e>
...
001 (126781.002.000) 2022-03-30 13:38:45 Job executing on host: <172.30.1.206:9618?addrs=172.30.1.206-9618&alias=node6&noUDP&sock=startd_38667_ec9e>
...
001 (126781.001.000) 2022-03-30 13:38:45 Job executing on host: <172.30.1.206:9618?addrs=172.30.1.206-9618&alias=node6&noUDP&sock=startd_38667_ec9e>
...
001 (126781.003.000) 2022-03-30 13:38:45 Job executing on host: <172.30.1.206:9618?addrs=172.30.1.206-9618&alias=node6&noUDP&sock=startd_38667_ec9e>
...
001 (126781.004.000) 2022-03-30 13:38:45 Job executing on host: <172.30.1.206:9618?addrs=172.30.1.206-9618&alias=node6&noUDP&sock=startd_38667_ec9e>
...
006 (126781.000.000) 2022-03-30 13:38:53 Image size of job updated: 689760
	208  -  MemoryUsage of job (MB)
	212820  -  ResidentSetSize of job (KB)
...
006 (126781.002.000) 2022-03-30 13:38:53 Image size of job updated: 689772
	208  -  MemoryUsage of job (MB)
	212824  -  ResidentSetSize of job (KB)
...
006 (126781.001.000) 2022-03-30 13:38:53 Image size of job updated: 689780
	208  -  MemoryUsage of job (MB)
	212796  -  ResidentSetSize of job (KB)
...
006 (126781.003.000) 2022-03-30 13:38:53 Image size of job updated: 649240
	184  -  MemoryUsage of job (MB)
	187712  -  ResidentSetSize of job (KB)
...
006 (126781.004.000) 2022-03-30 13:38:53 Image size of job updated: 689780
	208  -  MemoryUsage of job (MB)
	212820  -  ResidentSetSize of job (KB)
...
005 (126781.001.000) 2022-03-30 13:38:53 Job terminated.
	(1) Normal termination (return value 0)
		Usr 0 00:00:05, Sys 0 00:00:01  -  Run Remote Usage
		Usr 0 00:00:00, Sys 0 00:00:00  -  Run Local Usage
		Usr 0 00:00:05, Sys 0 00:00:01  -  Total Remote Usage
		Usr 0 00:00:00, Sys 0 00:00:00  -  Total Local Usage
	0  -  Run Bytes Sent By Job
	0  -  Run Bytes Received By Job
	0  -  Total Bytes Sent By Job
	0  -  Total Bytes Received By Job
	Partitionable Resources :    Usage  Request Allocated 
	   Cpus                 :                 1         1 
	   Disk (KB)            :        1        1     89980 
	   Memory (MB)          :      208     3900      3968 

	Job terminated of its own accord at 2022-03-30T04:38:53Z.
...
006 (126781.000.000) 2022-03-30 13:38:54 Image size of job updated: 689784
	208  -  MemoryUsage of job (MB)
	212820  -  ResidentSetSize of job (KB)
...
005 (126781.000.000) 2022-03-30 13:38:54 Job terminated.
	(1) Normal termination (return value 0)
		Usr 0 00:00:07, Sys 0 00:00:01  -  Run Remote Usage
		Usr 0 00:00:00, Sys 0 00:00:00  -  Run Local Usage
		Usr 0 00:00:07, Sys 0 00:00:01  -  Total Remote Usage
		Usr 0 00:00:00, Sys 0 00:00:00  -  Total Local Usage
	0  -  Run Bytes Sent By Job
	0  -  Run Bytes Received By Job
	0  -  Total Bytes Sent By Job
	0  -  Total Bytes Received By Job
	Partitionable Resources :    Usage  Request Allocated 
	   Cpus                 :                 1         1 
	   Disk (KB)            :        1        1     89980 
	   Memory (MB)          :      208     3900      3968 

	Job terminated of its own accord at 2022-03-30T04:38:54Z.
...
005 (126781.002.000) 2022-03-30 13:38:55 Job terminated.
	(1) Normal termination (return value 0)
		Usr 0 00:00:07, Sys 0 00:00:01  -  Run Remote Usage
		Usr 0 00:00:00, Sys 0 00:00:00  -  Run Local Usage
		Usr 0 00:00:07, Sys 0 00:00:01  -  Total Remote Usage
		Usr 0 00:00:00, Sys 0 00:00:00  -  Total Local Usage
	0  -  Run Bytes Sent By Job
	0  -  Run Bytes Received By Job
	0  -  Total Bytes Sent By Job
	0  -  Total Bytes Received By Job
	Partitionable Resources :    Usage  Request Allocated 
	   Cpus                 :                 1         1 
	   Disk (KB)            :        1        1     89980 
	   Memory (MB)          :      208     3900      3968 

	Job terminated of its own accord at 2022-03-30T04:38:55Z.
...
006 (126781.003.000) 2022-03-30 13:38:57 Image size of job updated: 690264
	184  -  MemoryUsage of job (MB)
	187712  -  ResidentSetSize of job (KB)
...
005 (126781.003.000) 2022-03-30 13:38:57 Job terminated.
	(1) Normal termination (return value 0)
		Usr 0 00:00:10, Sys 0 00:00:02  -  Run Remote Usage
		Usr 0 00:00:00, Sys 0 00:00:00  -  Run Local Usage
		Usr 0 00:00:10, Sys 0 00:00:02  -  Total Remote Usage
		Usr 0 00:00:00, Sys 0 00:00:00  -  Total Local Usage
	0  -  Run Bytes Sent By Job
	0  -  Run Bytes Received By Job
	0  -  Total Bytes Sent By Job
	0  -  Total Bytes Received By Job
	Partitionable Resources :    Usage  Request Allocated 
	   Cpus                 :                 1         1 
	   Disk (KB)            :        1        1     89980 
	   Memory (MB)          :      184     3900      3968 

	Job terminated of its own accord at 2022-03-30T04:38:57Z.
...
005 (126781.004.000) 2022-03-30 13:39:00 Job terminated.
	(1) Normal termination (return value 0)
		Usr 0 00:00:13, Sys 0 00:00:02  -  Run Remote Usage
		Usr 0 00:00:00, Sys 0 00:00:00  -  Run Local Usage
		Usr 0 00:00:13, Sys 0 00:00:02  -  Total Remote Usage
		Usr 0 00:00:00, Sys 0 00:00:00  -  Total Local Usage
	0  -  Run Bytes Sent By Job
	0  -  Run Bytes Received By Job
	0  -  Total Bytes Sent By Job
	0  -  Total Bytes Received By Job
	Partitionable Resources :    Usage  Request Allocated 
	   Cpus                 :                 1         1 
	   Disk (KB)            :        1        1     89980 
	   Memory (MB)          :      208     3900      3968 

	Job terminated of its own accord at 2022-03-30T04:39:00Z.
...
001 (126781.005.000) 2022-03-30 13:39:39 Job executing on host: <172.30.1.202:9618?addrs=172.30.1.202-9618&alias=node2&noUDP&sock=startd_3636_9271>
...
001 (126781.006.000) 2022-03-30 13:39:40 Job executing on host: <172.30.1.202:9618?addrs=172.30.1.202-9618&alias=node2&noUDP&sock=startd_3636_9271>
...
001 (126781.010.000) 2022-03-30 13:39:40 Job executing on host: <172.30.1.203:9618?addrs=172.30.1.203-9618&alias=node3&noUDP&sock=startd_3597_d240>
...
001 (126781.007.000) 2022-03-30 13:39:40 Job executing on host: <172.30.1.202:9618?addrs=172.30.1.202-9618&alias=node2&noUDP&sock=startd_3636_9271>
...
001 (126781.011.000) 2022-03-30 13:39:40 Job executing on host: <172.30.1.203:9618?addrs=172.30.1.203-9618&alias=node3&noUDP&sock=startd_3597_d240>
...
001 (126781.008.000) 2022-03-30 13:39:40 Job executing on host: <172.30.1.202:9618?addrs=172.30.1.202-9618&alias=node2&noUDP&sock=startd_3636_9271>
...
001 (126781.012.000) 2022-03-30 13:39:40 Job executing on host: <172.30.1.203:9618?addrs=172.30.1.203-9618&alias=node3&noUDP&sock=startd_3597_d240>
...
001 (126781.009.000) 2022-03-30 13:39:40 Job executing on host: <172.30.1.202:9618?addrs=172.30.1.202-9618&alias=node2&noUDP&sock=startd_3636_9271>
...
001 (126781.013.000) 2022-03-30 13:39:40 Job executing on host: <172.30.1.203:9618?addrs=172.30.1.203-9618&alias=node3&noUDP&sock=startd_3597_d240>
...
001 (126781.014.000) 2022-03-30 13:39:40 Job executing on host: <172.30.1.203:9618?addrs=172.30.1.203-9618&alias=node3&noUDP&sock=startd_3597_d240>
...
001 (126781.015.000) 2022-03-30 13:39:40 Job executing on host: <172.30.1.203:9618?addrs=172.30.1.203-9618&alias=node3&noUDP&sock=startd_3597_d240>
...
001 (126781.016.000) 2022-03-30 13:39:40 Job executing on host: <172.30.1.203:9618?addrs=172.30.1.203-9618&alias=node3&noUDP&sock=startd_3597_d240>
...
001 (126781.017.000) 2022-03-30 13:39:40 Job executing on host: <172.30.1.203:9618?addrs=172.30.1.203-9618&alias=node3&noUDP&sock=startd_3597_d240>
...
001 (126781.018.000) 2022-03-30 13:39:40 Job executing on host: <172.30.1.203:9618?addrs=172.30.1.203-9618&alias=node3&noUDP&sock=startd_3597_d240>
...
001 (126781.019.000) 2022-03-30 13:39:40 Job executing on host: <172.30.1.203:9618?addrs=172.30.1.203-9618&alias=node3&noUDP&sock=startd_3597_d240>
...
006 (126781.005.000) 2022-03-30 13:39:48 Image size of job updated: 392016
	183  -  MemoryUsage of job (MB)
	187324  -  ResidentSetSize of job (KB)
...
006 (126781.006.000) 2022-03-30 13:39:48 Image size of job updated: 392676
	208  -  MemoryUsage of job (MB)
	212776  -  ResidentSetSize of job (KB)
...
006 (126781.010.000) 2022-03-30 13:39:48 Image size of job updated: 519192
	152  -  MemoryUsage of job (MB)
	154692  -  ResidentSetSize of job (KB)
...
006 (126781.007.000) 2022-03-30 13:39:48 Image size of job updated: 387904
	208  -  MemoryUsage of job (MB)
	212784  -  ResidentSetSize of job (KB)
...
006 (126781.011.000) 2022-03-30 13:39:48 Image size of job updated: 515784
	176  -  MemoryUsage of job (MB)
	179256  -  ResidentSetSize of job (KB)
...
006 (126781.008.000) 2022-03-30 13:39:48 Image size of job updated: 386864
	204  -  MemoryUsage of job (MB)
	208028  -  ResidentSetSize of job (KB)
...
006 (126781.012.000) 2022-03-30 13:39:48 Image size of job updated: 525132
	176  -  MemoryUsage of job (MB)
	179468  -  ResidentSetSize of job (KB)
...
006 (126781.009.000) 2022-03-30 13:39:48 Image size of job updated: 385952
	183  -  MemoryUsage of job (MB)
	187332  -  ResidentSetSize of job (KB)
...
006 (126781.013.000) 2022-03-30 13:39:48 Image size of job updated: 644272
	178  -  MemoryUsage of job (MB)
	182216  -  ResidentSetSize of job (KB)
...
006 (126781.014.000) 2022-03-30 13:39:48 Image size of job updated: 638584
	176  -  MemoryUsage of job (MB)
	179460  -  ResidentSetSize of job (KB)
...
006 (126781.015.000) 2022-03-30 13:39:49 Image size of job updated: 643712
	183  -  MemoryUsage of job (MB)
	187284  -  ResidentSetSize of job (KB)
...
006 (126781.016.000) 2022-03-30 13:39:49 Image size of job updated: 643708
	183  -  MemoryUsage of job (MB)
	187284  -  ResidentSetSize of job (KB)
...
006 (126781.017.000) 2022-03-30 13:39:49 Image size of job updated: 628336
	183  -  MemoryUsage of job (MB)
	187284  -  ResidentSetSize of job (KB)
...
006 (126781.018.000) 2022-03-30 13:39:49 Image size of job updated: 643708
	183  -  MemoryUsage of job (MB)
	187328  -  ResidentSetSize of job (KB)
...
006 (126781.019.000) 2022-03-30 13:39:49 Image size of job updated: 633456
	183  -  MemoryUsage of job (MB)
	187288  -  ResidentSetSize of job (KB)
...
006 (126781.018.000) 2022-03-30 13:39:51 Image size of job updated: 651020
	183  -  MemoryUsage of job (MB)
	187328  -  ResidentSetSize of job (KB)
...
005 (126781.018.000) 2022-03-30 13:39:51 Job terminated.
	(1) Normal termination (return value 0)
		Usr 0 00:00:05, Sys 0 00:00:01  -  Run Remote Usage
		Usr 0 00:00:00, Sys 0 00:00:00  -  Run Local Usage
		Usr 0 00:00:05, Sys 0 00:00:01  -  Total Remote Usage
		Usr 0 00:00:00, Sys 0 00:00:00  -  Total Local Usage
	0  -  Run Bytes Sent By Job
	0  -  Run Bytes Received By Job
	0  -  Total Bytes Sent By Job
	0  -  Total Bytes Received By Job
	Partitionable Resources :    Usage  Request Allocated 
	   Cpus                 :                 1         1 
	   Disk (KB)            :        1        1    129249 
	   Memory (MB)          :      183     3900      3968 

	Job terminated of its own accord at 2022-03-30T04:39:51Z.
...
005 (126781.006.000) 2022-03-30 13:39:52 Job terminated.
	(1) Normal termination (return value 0)
		Usr 0 00:00:08, Sys 0 00:00:01  -  Run Remote Usage
		Usr 0 00:00:00, Sys 0 00:00:00  -  Run Local Usage
		Usr 0 00:00:08, Sys 0 00:00:01  -  Total Remote Usage
		Usr 0 00:00:00, Sys 0 00:00:00  -  Total Local Usage
	0  -  Run Bytes Sent By Job
	0  -  Run Bytes Received By Job
	0  -  Total Bytes Sent By Job
	0  -  Total Bytes Received By Job
	Partitionable Resources :    Usage  Request Allocated 
	   Cpus                 :                 1         1 
	   Disk (KB)            :        1        1    129249 
	   Memory (MB)          :      208     3900      3968 

	Job terminated of its own accord at 2022-03-30T04:39:52Z.
...
006 (126781.019.000) 2022-03-30 13:39:52 Image size of job updated: 670700
	183  -  MemoryUsage of job (MB)
	187288  -  ResidentSetSize of job (KB)
...
005 (126781.019.000) 2022-03-30 13:39:52 Job terminated.
	(1) Normal termination (return value 0)
		Usr 0 00:00:06, Sys 0 00:00:01  -  Run Remote Usage
		Usr 0 00:00:00, Sys 0 00:00:00  -  Run Local Usage
		Usr 0 00:00:06, Sys 0 00:00:01  -  Total Remote Usage
		Usr 0 00:00:00, Sys 0 00:00:00  -  Total Local Usage
	0  -  Run Bytes Sent By Job
	0  -  Run Bytes Received By Job
	0  -  Total Bytes Sent By Job
	0  -  Total Bytes Received By Job
	Partitionable Resources :    Usage  Request Allocated 
	   Cpus                 :                 1         1 
	   Disk (KB)            :        1        1    129249 
	   Memory (MB)          :      183     3900      3968 

	Job terminated of its own accord at 2022-03-30T04:39:52Z.
...
006 (126781.007.000) 2022-03-30 13:39:53 Image size of job updated: 689776
	208  -  MemoryUsage of job (MB)
	212784  -  ResidentSetSize of job (KB)
...
005 (126781.007.000) 2022-03-30 13:39:53 Job terminated.
	(1) Normal termination (return value 0)
		Usr 0 00:00:10, Sys 0 00:00:01  -  Run Remote Usage
		Usr 0 00:00:00, Sys 0 00:00:00  -  Run Local Usage
		Usr 0 00:00:10, Sys 0 00:00:01  -  Total Remote Usage
		Usr 0 00:00:00, Sys 0 00:00:00  -  Total Local Usage
	0  -  Run Bytes Sent By Job
	0  -  Run Bytes Received By Job
	0  -  Total Bytes Sent By Job
	0  -  Total Bytes Received By Job
	Partitionable Resources :    Usage  Request Allocated 
	   Cpus                 :                 1         1 
	   Disk (KB)            :        1        1    129249 
	   Memory (MB)          :      208     3900      3968 

	Job terminated of its own accord at 2022-03-30T04:39:53Z.
...
006 (126781.011.000) 2022-03-30 13:39:53 Image size of job updated: 689688
	176  -  MemoryUsage of job (MB)
	179256  -  ResidentSetSize of job (KB)
...
005 (126781.011.000) 2022-03-30 13:39:53 Job terminated.
	(1) Normal termination (return value 0)
		Usr 0 00:00:07, Sys 0 00:00:02  -  Run Remote Usage
		Usr 0 00:00:00, Sys 0 00:00:00  -  Run Local Usage
		Usr 0 00:00:07, Sys 0 00:00:02  -  Total Remote Usage
		Usr 0 00:00:00, Sys 0 00:00:00  -  Total Local Usage
	0  -  Run Bytes Sent By Job
	0  -  Run Bytes Received By Job
	0  -  Total Bytes Sent By Job
	0  -  Total Bytes Received By Job
	Partitionable Resources :    Usage  Request Allocated 
	   Cpus                 :                 1         1 
	   Disk (KB)            :        1        1    129249 
	   Memory (MB)          :      176     3900      3968 

	Job terminated of its own accord at 2022-03-30T04:39:53Z.
...
006 (126781.009.000) 2022-03-30 13:39:53 Image size of job updated: 689776
	183  -  MemoryUsage of job (MB)
	187332  -  ResidentSetSize of job (KB)
...
005 (126781.009.000) 2022-03-30 13:39:53 Job terminated.
	(1) Normal termination (return value 0)
		Usr 0 00:00:10, Sys 0 00:00:01  -  Run Remote Usage
		Usr 0 00:00:00, Sys 0 00:00:00  -  Run Local Usage
		Usr 0 00:00:10, Sys 0 00:00:01  -  Total Remote Usage
		Usr 0 00:00:00, Sys 0 00:00:00  -  Total Local Usage
	0  -  Run Bytes Sent By Job
	0  -  Run Bytes Received By Job
	0  -  Total Bytes Sent By Job
	0  -  Total Bytes Received By Job
	Partitionable Resources :    Usage  Request Allocated 
	   Cpus                 :                 1         1 
	   Disk (KB)            :        1        1    129249 
	   Memory (MB)          :      183     3900      3968 

	Job terminated of its own accord at 2022-03-30T04:39:53Z.
...
006 (126781.013.000) 2022-03-30 13:39:54 Image size of job updated: 682928
	179  -  MemoryUsage of job (MB)
	182520  -  ResidentSetSize of job (KB)
...
005 (126781.013.000) 2022-03-30 13:39:54 Job terminated.
	(1) Normal termination (return value 0)
		Usr 0 00:00:09, Sys 0 00:00:01  -  Run Remote Usage
		Usr 0 00:00:00, Sys 0 00:00:00  -  Run Local Usage
		Usr 0 00:00:09, Sys 0 00:00:01  -  Total Remote Usage
		Usr 0 00:00:00, Sys 0 00:00:00  -  Total Local Usage
	0  -  Run Bytes Sent By Job
	0  -  Run Bytes Received By Job
	0  -  Total Bytes Sent By Job
	0  -  Total Bytes Received By Job
	Partitionable Resources :    Usage  Request Allocated 
	   Cpus                 :                 1         1 
	   Disk (KB)            :        1        1    129249 
	   Memory (MB)          :      179     3900      3968 

	Job terminated of its own accord at 2022-03-30T04:39:54Z.
...
006 (126781.005.000) 2022-03-30 13:39:55 Image size of job updated: 689496
	183  -  MemoryUsage of job (MB)
	187324  -  ResidentSetSize of job (KB)
...
005 (126781.005.000) 2022-03-30 13:39:55 Job terminated.
	(1) Normal termination (return value 0)
		Usr 0 00:00:11, Sys 0 00:00:01  -  Run Remote Usage
		Usr 0 00:00:00, Sys 0 00:00:00  -  Run Local Usage
		Usr 0 00:00:11, Sys 0 00:00:01  -  Total Remote Usage
		Usr 0 00:00:00, Sys 0 00:00:00  -  Total Local Usage
	0  -  Run Bytes Sent By Job
	0  -  Run Bytes Received By Job
	0  -  Total Bytes Sent By Job
	0  -  Total Bytes Received By Job
	Partitionable Resources :    Usage  Request Allocated 
	   Cpus                 :                 1         1 
	   Disk (KB)            :        1        1    129249 
	   Memory (MB)          :      183     3900      3968 

	Job terminated of its own accord at 2022-03-30T04:39:55Z.
...
006 (126781.016.000) 2022-03-30 13:39:55 Image size of job updated: 669860
	183  -  MemoryUsage of job (MB)
	187284  -  ResidentSetSize of job (KB)
...
006 (126781.012.000) 2022-03-30 13:39:56 Image size of job updated: 689712
	176  -  MemoryUsage of job (MB)
	179468  -  ResidentSetSize of job (KB)
...
005 (126781.016.000) 2022-03-30 13:39:56 Job terminated.
	(1) Normal termination (return value 0)
		Usr 0 00:00:10, Sys 0 00:00:02  -  Run Remote Usage
		Usr 0 00:00:00, Sys 0 00:00:00  -  Run Local Usage
		Usr 0 00:00:10, Sys 0 00:00:02  -  Total Remote Usage
		Usr 0 00:00:00, Sys 0 00:00:00  -  Total Local Usage
	0  -  Run Bytes Sent By Job
	0  -  Run Bytes Received By Job
	0  -  Total Bytes Sent By Job
	0  -  Total Bytes Received By Job
	Partitionable Resources :    Usage  Request Allocated 
	   Cpus                 :                 1         1 
	   Disk (KB)            :        1        1    129249 
	   Memory (MB)          :      183     3900      3968 

	Job terminated of its own accord at 2022-03-30T04:39:55Z.
...
005 (126781.012.000) 2022-03-30 13:39:56 Job terminated.
	(1) Normal termination (return value 0)
		Usr 0 00:00:10, Sys 0 00:00:02  -  Run Remote Usage
		Usr 0 00:00:00, Sys 0 00:00:00  -  Run Local Usage
		Usr 0 00:00:10, Sys 0 00:00:02  -  Total Remote Usage
		Usr 0 00:00:00, Sys 0 00:00:00  -  Total Local Usage
	0  -  Run Bytes Sent By Job
	0  -  Run Bytes Received By Job
	0  -  Total Bytes Sent By Job
	0  -  Total Bytes Received By Job
	Partitionable Resources :    Usage  Request Allocated 
	   Cpus                 :                 1         1 
	   Disk (KB)            :        1        1    129249 
	   Memory (MB)          :      176     3900      3968 

	Job terminated of its own accord at 2022-03-30T04:39:56Z.
...
006 (126781.008.000) 2022-03-30 13:39:59 Image size of job updated: 689776
	204  -  MemoryUsage of job (MB)
	208068  -  ResidentSetSize of job (KB)
...
005 (126781.008.000) 2022-03-30 13:39:59 Job terminated.
	(1) Normal termination (return value 0)
		Usr 0 00:00:16, Sys 0 00:00:01  -  Run Remote Usage
		Usr 0 00:00:00, Sys 0 00:00:00  -  Run Local Usage
		Usr 0 00:00:16, Sys 0 00:00:01  -  Total Remote Usage
		Usr 0 00:00:00, Sys 0 00:00:00  -  Total Local Usage
	0  -  Run Bytes Sent By Job
	0  -  Run Bytes Received By Job
	0  -  Total Bytes Sent By Job
	0  -  Total Bytes Received By Job
	Partitionable Resources :    Usage  Request Allocated 
	   Cpus                 :                 1         1 
	   Disk (KB)            :        1        1    129249 
	   Memory (MB)          :      204     3900      3968 

	Job terminated of its own accord at 2022-03-30T04:39:59Z.
...
006 (126781.017.000) 2022-03-30 13:40:01 Image size of job updated: 689944
	183  -  MemoryUsage of job (MB)
	187284  -  ResidentSetSize of job (KB)
...
005 (126781.017.000) 2022-03-30 13:40:03 Job terminated.
	(1) Normal termination (return value 0)
		Usr 0 00:00:16, Sys 0 00:00:02  -  Run Remote Usage
		Usr 0 00:00:00, Sys 0 00:00:00  -  Run Local Usage
		Usr 0 00:00:16, Sys 0 00:00:02  -  Total Remote Usage
		Usr 0 00:00:00, Sys 0 00:00:00  -  Total Local Usage
	0  -  Run Bytes Sent By Job
	0  -  Run Bytes Received By Job
	0  -  Total Bytes Sent By Job
	0  -  Total Bytes Received By Job
	Partitionable Resources :    Usage  Request Allocated 
	   Cpus                 :                 1         1 
	   Disk (KB)            :        1        1    129249 
	   Memory (MB)          :      183     3900      3968 

	Job terminated of its own accord at 2022-03-30T04:40:01Z.
...
006 (126781.014.000) 2022-03-30 13:40:05 Image size of job updated: 670372
	176  -  MemoryUsage of job (MB)
	179460  -  ResidentSetSize of job (KB)
...
005 (126781.014.000) 2022-03-30 13:40:05 Job terminated.
	(1) Normal termination (return value 0)
		Usr 0 00:00:17, Sys 0 00:00:03  -  Run Remote Usage
		Usr 0 00:00:00, Sys 0 00:00:00  -  Run Local Usage
		Usr 0 00:00:17, Sys 0 00:00:03  -  Total Remote Usage
		Usr 0 00:00:00, Sys 0 00:00:00  -  Total Local Usage
	0  -  Run Bytes Sent By Job
	0  -  Run Bytes Received By Job
	0  -  Total Bytes Sent By Job
	0  -  Total Bytes Received By Job
	Partitionable Resources :    Usage  Request Allocated 
	   Cpus                 :                 1         1 
	   Disk (KB)            :        1        1    129249 
	   Memory (MB)          :      176     3900      3968 

	Job terminated of its own accord at 2022-03-30T04:40:05Z.
...
006 (126781.015.000) 2022-03-30 13:40:21 Image size of job updated: 648904
	183  -  MemoryUsage of job (MB)
	187284  -  ResidentSetSize of job (KB)
...
005 (126781.015.000) 2022-03-30 13:40:21 Job terminated.
	(1) Normal termination (return value 0)
		Usr 0 00:00:35, Sys 0 00:00:02  -  Run Remote Usage
		Usr 0 00:00:00, Sys 0 00:00:00  -  Run Local Usage
		Usr 0 00:00:35, Sys 0 00:00:02  -  Total Remote Usage
		Usr 0 00:00:00, Sys 0 00:00:00  -  Total Local Usage
	0  -  Run Bytes Sent By Job
	0  -  Run Bytes Received By Job
	0  -  Total Bytes Sent By Job
	0  -  Total Bytes Received By Job
	Partitionable Resources :    Usage  Request Allocated 
	   Cpus                 :                 1         1 
	   Disk (KB)            :        1        1    129249 
	   Memory (MB)          :      183     3900      3968 

	Job terminated of its own accord at 2022-03-30T04:40:21Z.
...
006 (126781.010.000) 2022-03-30 13:41:11 Image size of job updated: 649248
	152  -  MemoryUsage of job (MB)
	154692  -  ResidentSetSize of job (KB)
...
005 (126781.010.000) 2022-03-30 13:41:11 Job terminated.
	(1) Normal termination (return value 0)
		Usr 0 00:01:25, Sys 0 00:00:02  -  Run Remote Usage
		Usr 0 00:00:00, Sys 0 00:00:00  -  Run Local Usage
		Usr 0 00:01:25, Sys 0 00:00:02  -  Total Remote Usage
		Usr 0 00:00:00, Sys 0 00:00:00  -  Total Local Usage
	0  -  Run Bytes Sent By Job
	0  -  Run Bytes Received By Job
	0  -  Total Bytes Sent By Job
	0  -  Total Bytes Received By Job
	Partitionable Resources :    Usage  Request Allocated 
	   Cpus                 :                 1         1 
	   Disk (KB)            :        1        1    129249 
	   Memory (MB)          :      152     3900      3968 

	Job terminated of its own accord at 2022-03-30T04:41:11Z.
...
000 (127762.000.000) 2022-03-31 13:55:32 Job submitted from host: <172.30.1.200:9618?addrs=172.30.1.200-9618&alias=tamsa2.snu.ac.kr&noUDP&sock=schedd_3154_f5cb>
...
000 (127762.001.000) 2022-03-31 13:55:32 Job submitted from host: <172.30.1.200:9618?addrs=172.30.1.200-9618&alias=tamsa2.snu.ac.kr&noUDP&sock=schedd_3154_f5cb>
...
000 (127762.002.000) 2022-03-31 13:55:32 Job submitted from host: <172.30.1.200:9618?addrs=172.30.1.200-9618&alias=tamsa2.snu.ac.kr&noUDP&sock=schedd_3154_f5cb>
...
000 (127762.003.000) 2022-03-31 13:55:32 Job submitted from host: <172.30.1.200:9618?addrs=172.30.1.200-9618&alias=tamsa2.snu.ac.kr&noUDP&sock=schedd_3154_f5cb>
...
000 (127762.004.000) 2022-03-31 13:55:32 Job submitted from host: <172.30.1.200:9618?addrs=172.30.1.200-9618&alias=tamsa2.snu.ac.kr&noUDP&sock=schedd_3154_f5cb>
...
000 (127762.005.000) 2022-03-31 13:55:32 Job submitted from host: <172.30.1.200:9618?addrs=172.30.1.200-9618&alias=tamsa2.snu.ac.kr&noUDP&sock=schedd_3154_f5cb>
...
000 (127762.006.000) 2022-03-31 13:55:32 Job submitted from host: <172.30.1.200:9618?addrs=172.30.1.200-9618&alias=tamsa2.snu.ac.kr&noUDP&sock=schedd_3154_f5cb>
...
000 (127762.007.000) 2022-03-31 13:55:32 Job submitted from host: <172.30.1.200:9618?addrs=172.30.1.200-9618&alias=tamsa2.snu.ac.kr&noUDP&sock=schedd_3154_f5cb>
...
000 (127762.008.000) 2022-03-31 13:55:32 Job submitted from host: <172.30.1.200:9618?addrs=172.30.1.200-9618&alias=tamsa2.snu.ac.kr&noUDP&sock=schedd_3154_f5cb>
...
000 (127762.009.000) 2022-03-31 13:55:32 Job submitted from host: <172.30.1.200:9618?addrs=172.30.1.200-9618&alias=tamsa2.snu.ac.kr&noUDP&sock=schedd_3154_f5cb>
...
000 (127762.010.000) 2022-03-31 13:55:32 Job submitted from host: <172.30.1.200:9618?addrs=172.30.1.200-9618&alias=tamsa2.snu.ac.kr&noUDP&sock=schedd_3154_f5cb>
...
000 (127762.011.000) 2022-03-31 13:55:32 Job submitted from host: <172.30.1.200:9618?addrs=172.30.1.200-9618&alias=tamsa2.snu.ac.kr&noUDP&sock=schedd_3154_f5cb>
...
000 (127762.012.000) 2022-03-31 13:55:32 Job submitted from host: <172.30.1.200:9618?addrs=172.30.1.200-9618&alias=tamsa2.snu.ac.kr&noUDP&sock=schedd_3154_f5cb>
...
000 (127762.013.000) 2022-03-31 13:55:32 Job submitted from host: <172.30.1.200:9618?addrs=172.30.1.200-9618&alias=tamsa2.snu.ac.kr&noUDP&sock=schedd_3154_f5cb>
...
000 (127762.014.000) 2022-03-31 13:55:32 Job submitted from host: <172.30.1.200:9618?addrs=172.30.1.200-9618&alias=tamsa2.snu.ac.kr&noUDP&sock=schedd_3154_f5cb>
...
000 (127762.015.000) 2022-03-31 13:55:32 Job submitted from host: <172.30.1.200:9618?addrs=172.30.1.200-9618&alias=tamsa2.snu.ac.kr&noUDP&sock=schedd_3154_f5cb>
...
000 (127762.016.000) 2022-03-31 13:55:32 Job submitted from host: <172.30.1.200:9618?addrs=172.30.1.200-9618&alias=tamsa2.snu.ac.kr&noUDP&sock=schedd_3154_f5cb>
...
000 (127762.017.000) 2022-03-31 13:55:32 Job submitted from host: <172.30.1.200:9618?addrs=172.30.1.200-9618&alias=tamsa2.snu.ac.kr&noUDP&sock=schedd_3154_f5cb>
...
000 (127762.018.000) 2022-03-31 13:55:32 Job submitted from host: <172.30.1.200:9618?addrs=172.30.1.200-9618&alias=tamsa2.snu.ac.kr&noUDP&sock=schedd_3154_f5cb>
...
000 (127762.019.000) 2022-03-31 13:55:32 Job submitted from host: <172.30.1.200:9618?addrs=172.30.1.200-9618&alias=tamsa2.snu.ac.kr&noUDP&sock=schedd_3154_f5cb>
...
001 (127762.006.000) 2022-03-31 13:55:40 Job executing on host: <172.30.1.205:9618?addrs=172.30.1.205-9618&alias=node5&noUDP&sock=startd_3654_eb26>
...
001 (127762.001.000) 2022-03-31 13:55:40 Job executing on host: <172.30.1.208:9618?addrs=172.30.1.208-9618&alias=node8&noUDP&sock=startd_32564_c61f>
...
001 (127762.007.000) 2022-03-31 13:55:40 Job executing on host: <172.30.1.205:9618?addrs=172.30.1.205-9618&alias=node5&noUDP&sock=startd_3654_eb26>
...
001 (127762.008.000) 2022-03-31 13:55:40 Job executing on host: <172.30.1.205:9618?addrs=172.30.1.205-9618&alias=node5&noUDP&sock=startd_3654_eb26>
...
001 (127762.002.000) 2022-03-31 13:55:40 Job executing on host: <172.30.1.208:9618?addrs=172.30.1.208-9618&alias=node8&noUDP&sock=startd_32564_c61f>
...
001 (127762.003.000) 2022-03-31 13:55:40 Job executing on host: <172.30.1.208:9618?addrs=172.30.1.208-9618&alias=node8&noUDP&sock=startd_32564_c61f>
...
001 (127762.009.000) 2022-03-31 13:55:40 Job executing on host: <172.30.1.205:9618?addrs=172.30.1.205-9618&alias=node5&noUDP&sock=startd_3654_eb26>
...
001 (127762.010.000) 2022-03-31 13:55:40 Job executing on host: <172.30.1.205:9618?addrs=172.30.1.205-9618&alias=node5&noUDP&sock=startd_3654_eb26>
...
001 (127762.011.000) 2022-03-31 13:55:41 Job executing on host: <172.30.1.205:9618?addrs=172.30.1.205-9618&alias=node5&noUDP&sock=startd_3654_eb26>
...
001 (127762.004.000) 2022-03-31 13:55:41 Job executing on host: <172.30.1.208:9618?addrs=172.30.1.208-9618&alias=node8&noUDP&sock=startd_32564_c61f>
...
001 (127762.012.000) 2022-03-31 13:55:41 Job executing on host: <172.30.1.205:9618?addrs=172.30.1.205-9618&alias=node5&noUDP&sock=startd_3654_eb26>
...
001 (127762.005.000) 2022-03-31 13:55:41 Job executing on host: <172.30.1.208:9618?addrs=172.30.1.208-9618&alias=node8&noUDP&sock=startd_32564_c61f>
...
001 (127762.013.000) 2022-03-31 13:55:41 Job executing on host: <172.30.1.205:9618?addrs=172.30.1.205-9618&alias=node5&noUDP&sock=startd_3654_eb26>
...
001 (127762.014.000) 2022-03-31 13:55:41 Job executing on host: <172.30.1.205:9618?addrs=172.30.1.205-9618&alias=node5&noUDP&sock=startd_3654_eb26>
...
001 (127762.015.000) 2022-03-31 13:55:41 Job executing on host: <172.30.1.205:9618?addrs=172.30.1.205-9618&alias=node5&noUDP&sock=startd_3654_eb26>
...
001 (127762.016.000) 2022-03-31 13:55:41 Job executing on host: <172.30.1.205:9618?addrs=172.30.1.205-9618&alias=node5&noUDP&sock=startd_3654_eb26>
...
001 (127762.018.000) 2022-03-31 13:55:41 Job executing on host: <172.30.1.205:9618?addrs=172.30.1.205-9618&alias=node5&noUDP&sock=startd_3654_eb26>
...
001 (127762.017.000) 2022-03-31 13:55:41 Job executing on host: <172.30.1.205:9618?addrs=172.30.1.205-9618&alias=node5&noUDP&sock=startd_3654_eb26>
...
001 (127762.019.000) 2022-03-31 13:55:41 Job executing on host: <172.30.1.205:9618?addrs=172.30.1.205-9618&alias=node5&noUDP&sock=startd_3654_eb26>
...
001 (127762.000.000) 2022-03-31 13:55:42 Job executing on host: <172.30.1.207:9618?addrs=172.30.1.207-9618&alias=node7&noUDP&sock=startd_3626_b67f>
...
006 (127762.003.000) 2022-03-31 13:55:49 Image size of job updated: 649164
	202  -  MemoryUsage of job (MB)
	205968  -  ResidentSetSize of job (KB)
...
006 (127762.010.000) 2022-03-31 13:55:49 Image size of job updated: 409828
	183  -  MemoryUsage of job (MB)
	187380  -  ResidentSetSize of job (KB)
...
006 (127762.011.000) 2022-03-31 13:55:49 Image size of job updated: 415104
	184  -  MemoryUsage of job (MB)
	187416  -  ResidentSetSize of job (KB)
...
006 (127762.012.000) 2022-03-31 13:55:49 Image size of job updated: 415104
	184  -  MemoryUsage of job (MB)
	187416  -  ResidentSetSize of job (KB)
...
006 (127762.004.000) 2022-03-31 13:55:49 Image size of job updated: 639184
	184  -  MemoryUsage of job (MB)
	187712  -  ResidentSetSize of job (KB)
...
006 (127762.005.000) 2022-03-31 13:55:49 Image size of job updated: 670144
	208  -  MemoryUsage of job (MB)
	212924  -  ResidentSetSize of job (KB)
...
006 (127762.013.000) 2022-03-31 13:55:49 Image size of job updated: 415104
	183  -  MemoryUsage of job (MB)
	187376  -  ResidentSetSize of job (KB)
...
006 (127762.014.000) 2022-03-31 13:55:49 Image size of job updated: 409636
	183  -  MemoryUsage of job (MB)
	187380  -  ResidentSetSize of job (KB)
...
006 (127762.015.000) 2022-03-31 13:55:49 Image size of job updated: 415104
	184  -  MemoryUsage of job (MB)
	187424  -  ResidentSetSize of job (KB)
...
006 (127762.016.000) 2022-03-31 13:55:49 Image size of job updated: 415108
	183  -  MemoryUsage of job (MB)
	187388  -  ResidentSetSize of job (KB)
...
006 (127762.018.000) 2022-03-31 13:55:49 Image size of job updated: 409636
	184  -  MemoryUsage of job (MB)
	187540  -  ResidentSetSize of job (KB)
...
006 (127762.006.000) 2022-03-31 13:55:49 Image size of job updated: 415104
	184  -  MemoryUsage of job (MB)
	187580  -  ResidentSetSize of job (KB)
...
006 (127762.001.000) 2022-03-31 13:55:49 Image size of job updated: 664796
	208  -  MemoryUsage of job (MB)
	212952  -  ResidentSetSize of job (KB)
...
006 (127762.007.000) 2022-03-31 13:55:49 Image size of job updated: 409828
	208  -  MemoryUsage of job (MB)
	212912  -  ResidentSetSize of job (KB)
...
006 (127762.008.000) 2022-03-31 13:55:49 Image size of job updated: 415104
	184  -  MemoryUsage of job (MB)
	187496  -  ResidentSetSize of job (KB)
...
006 (127762.002.000) 2022-03-31 13:55:49 Image size of job updated: 649172
	194  -  MemoryUsage of job (MB)
	197692  -  ResidentSetSize of job (KB)
...
006 (127762.009.000) 2022-03-31 13:55:49 Image size of job updated: 415108
	196  -  MemoryUsage of job (MB)
	199912  -  ResidentSetSize of job (KB)
...
006 (127762.017.000) 2022-03-31 13:55:50 Image size of job updated: 415104
	0  -  MemoryUsage of job (MB)
	0  -  ResidentSetSize of job (KB)
...
005 (127762.017.000) 2022-03-31 13:55:50 Job terminated.
	(1) Normal termination (return value 0)
		Usr 0 00:00:04, Sys 0 00:00:01  -  Run Remote Usage
		Usr 0 00:00:00, Sys 0 00:00:00  -  Run Local Usage
		Usr 0 00:00:04, Sys 0 00:00:01  -  Total Remote Usage
		Usr 0 00:00:00, Sys 0 00:00:00  -  Total Local Usage
	0  -  Run Bytes Sent By Job
	0  -  Run Bytes Received By Job
	0  -  Total Bytes Sent By Job
	0  -  Total Bytes Received By Job
	Partitionable Resources :    Usage  Request Allocated 
	   Cpus                 :                 1         1 
	   Disk (KB)            :        1        1    129249 
	   Memory (MB)          :        0     3900      3968 

	Job terminated of its own accord at 2022-03-31T04:55:50Z.
...
006 (127762.019.000) 2022-03-31 13:55:50 Image size of job updated: 661724
	200  -  MemoryUsage of job (MB)
	204256  -  ResidentSetSize of job (KB)
...
005 (127762.001.000) 2022-03-31 13:55:50 Job terminated.
	(1) Normal termination (return value 0)
		Usr 0 00:00:06, Sys 0 00:00:01  -  Run Remote Usage
		Usr 0 00:00:00, Sys 0 00:00:00  -  Run Local Usage
		Usr 0 00:00:06, Sys 0 00:00:01  -  Total Remote Usage
		Usr 0 00:00:00, Sys 0 00:00:00  -  Total Local Usage
	0  -  Run Bytes Sent By Job
	0  -  Run Bytes Received By Job
	0  -  Total Bytes Sent By Job
	0  -  Total Bytes Received By Job
	Partitionable Resources :    Usage  Request Allocated 
	   Cpus                 :                 1         1 
	   Disk (KB)            :        1        1    121125 
	   Memory (MB)          :      208     3900      3968 

	Job terminated of its own accord at 2022-03-31T04:55:50Z.
...
006 (127762.018.000) 2022-03-31 13:55:50 Image size of job updated: 670184
	184  -  MemoryUsage of job (MB)
	187540  -  ResidentSetSize of job (KB)
...
005 (127762.018.000) 2022-03-31 13:55:50 Job terminated.
	(1) Normal termination (return value 0)
		Usr 0 00:00:05, Sys 0 00:00:01  -  Run Remote Usage
		Usr 0 00:00:00, Sys 0 00:00:00  -  Run Local Usage
		Usr 0 00:00:05, Sys 0 00:00:01  -  Total Remote Usage
		Usr 0 00:00:00, Sys 0 00:00:00  -  Total Local Usage
	0  -  Run Bytes Sent By Job
	0  -  Run Bytes Received By Job
	0  -  Total Bytes Sent By Job
	0  -  Total Bytes Received By Job
	Partitionable Resources :    Usage  Request Allocated 
	   Cpus                 :                 1         1 
	   Disk (KB)            :        1        1    129249 
	   Memory (MB)          :      184     3900      3968 

	Job terminated of its own accord at 2022-03-31T04:55:50Z.
...
006 (127762.011.000) 2022-03-31 13:55:51 Image size of job updated: 687588
	184  -  MemoryUsage of job (MB)
	187416  -  ResidentSetSize of job (KB)
...
006 (127762.019.000) 2022-03-31 13:55:51 Image size of job updated: 689728
	200  -  MemoryUsage of job (MB)
	204276  -  ResidentSetSize of job (KB)
...
005 (127762.011.000) 2022-03-31 13:55:51 Job terminated.
	(1) Normal termination (return value 0)
		Usr 0 00:00:05, Sys 0 00:00:01  -  Run Remote Usage
		Usr 0 00:00:00, Sys 0 00:00:00  -  Run Local Usage
		Usr 0 00:00:05, Sys 0 00:00:01  -  Total Remote Usage
		Usr 0 00:00:00, Sys 0 00:00:00  -  Total Local Usage
	0  -  Run Bytes Sent By Job
	0  -  Run Bytes Received By Job
	0  -  Total Bytes Sent By Job
	0  -  Total Bytes Received By Job
	Partitionable Resources :    Usage  Request Allocated 
	   Cpus                 :                 1         1 
	   Disk (KB)            :        1        1    129249 
	   Memory (MB)          :      184     3900      3968 

	Job terminated of its own accord at 2022-03-31T04:55:51Z.
...
005 (127762.019.000) 2022-03-31 13:55:51 Job terminated.
	(1) Normal termination (return value 0)
		Usr 0 00:00:05, Sys 0 00:00:01  -  Run Remote Usage
		Usr 0 00:00:00, Sys 0 00:00:00  -  Run Local Usage
		Usr 0 00:00:05, Sys 0 00:00:01  -  Total Remote Usage
		Usr 0 00:00:00, Sys 0 00:00:00  -  Total Local Usage
	0  -  Run Bytes Sent By Job
	0  -  Run Bytes Received By Job
	0  -  Total Bytes Sent By Job
	0  -  Total Bytes Received By Job
	Partitionable Resources :    Usage  Request Allocated 
	   Cpus                 :                 1         1 
	   Disk (KB)            :        1        1    129249 
	   Memory (MB)          :      200     3900      3968 

	Job terminated of its own accord at 2022-03-31T04:55:51Z.
...
006 (127762.005.000) 2022-03-31 13:55:51 Image size of job updated: 689780
	208  -  MemoryUsage of job (MB)
	212924  -  ResidentSetSize of job (KB)
...
005 (127762.005.000) 2022-03-31 13:55:51 Job terminated.
	(1) Normal termination (return value 0)
		Usr 0 00:00:07, Sys 0 00:00:01  -  Run Remote Usage
		Usr 0 00:00:00, Sys 0 00:00:00  -  Run Local Usage
		Usr 0 00:00:07, Sys 0 00:00:01  -  Total Remote Usage
		Usr 0 00:00:00, Sys 0 00:00:00  -  Total Local Usage
	0  -  Run Bytes Sent By Job
	0  -  Run Bytes Received By Job
	0  -  Total Bytes Sent By Job
	0  -  Total Bytes Received By Job
	Partitionable Resources :    Usage  Request Allocated 
	   Cpus                 :                 1         1 
	   Disk (KB)            :        1        1    121125 
	   Memory (MB)          :      208     3900      3968 

	Job terminated of its own accord at 2022-03-31T04:55:51Z.
...
006 (127762.000.000) 2022-03-31 13:55:51 Image size of job updated: 649168
	193  -  MemoryUsage of job (MB)
	197432  -  ResidentSetSize of job (KB)
...
006 (127762.007.000) 2022-03-31 13:55:52 Image size of job updated: 689792
	208  -  MemoryUsage of job (MB)
	212912  -  ResidentSetSize of job (KB)
...
005 (127762.007.000) 2022-03-31 13:55:52 Job terminated.
	(1) Normal termination (return value 0)
		Usr 0 00:00:07, Sys 0 00:00:01  -  Run Remote Usage
		Usr 0 00:00:00, Sys 0 00:00:00  -  Run Local Usage
		Usr 0 00:00:07, Sys 0 00:00:01  -  Total Remote Usage
		Usr 0 00:00:00, Sys 0 00:00:00  -  Total Local Usage
	0  -  Run Bytes Sent By Job
	0  -  Run Bytes Received By Job
	0  -  Total Bytes Sent By Job
	0  -  Total Bytes Received By Job
	Partitionable Resources :    Usage  Request Allocated 
	   Cpus                 :                 1         1 
	   Disk (KB)            :        1        1    129249 
	   Memory (MB)          :      208     3900      3968 

	Job terminated of its own accord at 2022-03-31T04:55:52Z.
...
006 (127762.009.000) 2022-03-31 13:55:52 Image size of job updated: 689800
	196  -  MemoryUsage of job (MB)
	199924  -  ResidentSetSize of job (KB)
...
005 (127762.009.000) 2022-03-31 13:55:52 Job terminated.
	(1) Normal termination (return value 0)
		Usr 0 00:00:07, Sys 0 00:00:01  -  Run Remote Usage
		Usr 0 00:00:00, Sys 0 00:00:00  -  Run Local Usage
		Usr 0 00:00:07, Sys 0 00:00:01  -  Total Remote Usage
		Usr 0 00:00:00, Sys 0 00:00:00  -  Total Local Usage
	0  -  Run Bytes Sent By Job
	0  -  Run Bytes Received By Job
	0  -  Total Bytes Sent By Job
	0  -  Total Bytes Received By Job
	Partitionable Resources :    Usage  Request Allocated 
	   Cpus                 :                 1         1 
	   Disk (KB)            :        1        1    129249 
	   Memory (MB)          :      196     3900      3968 

	Job terminated of its own accord at 2022-03-31T04:55:52Z.
...
006 (127762.016.000) 2022-03-31 13:55:52 Image size of job updated: 689740
	183  -  MemoryUsage of job (MB)
	187388  -  ResidentSetSize of job (KB)
...
005 (127762.016.000) 2022-03-31 13:55:52 Job terminated.
	(1) Normal termination (return value 0)
		Usr 0 00:00:07, Sys 0 00:00:01  -  Run Remote Usage
		Usr 0 00:00:00, Sys 0 00:00:00  -  Run Local Usage
		Usr 0 00:00:07, Sys 0 00:00:01  -  Total Remote Usage
		Usr 0 00:00:00, Sys 0 00:00:00  -  Total Local Usage
	0  -  Run Bytes Sent By Job
	0  -  Run Bytes Received By Job
	0  -  Total Bytes Sent By Job
	0  -  Total Bytes Received By Job
	Partitionable Resources :    Usage  Request Allocated 
	   Cpus                 :                 1         1 
	   Disk (KB)            :        1        1    129249 
	   Memory (MB)          :      183     3900      3968 

	Job terminated of its own accord at 2022-03-31T04:55:52Z.
...
006 (127762.006.000) 2022-03-31 13:55:52 Image size of job updated: 689776
	184  -  MemoryUsage of job (MB)
	187580  -  ResidentSetSize of job (KB)
...
005 (127762.006.000) 2022-03-31 13:55:53 Job terminated.
	(1) Normal termination (return value 0)
		Usr 0 00:00:08, Sys 0 00:00:01  -  Run Remote Usage
		Usr 0 00:00:00, Sys 0 00:00:00  -  Run Local Usage
		Usr 0 00:00:08, Sys 0 00:00:01  -  Total Remote Usage
		Usr 0 00:00:00, Sys 0 00:00:00  -  Total Local Usage
	0  -  Run Bytes Sent By Job
	0  -  Run Bytes Received By Job
	0  -  Total Bytes Sent By Job
	0  -  Total Bytes Received By Job
	Partitionable Resources :    Usage  Request Allocated 
	   Cpus                 :                 1         1 
	   Disk (KB)            :        1        1    129249 
	   Memory (MB)          :      184     3900      3968 

	Job terminated of its own accord at 2022-03-31T04:55:52Z.
...
006 (127762.008.000) 2022-03-31 13:55:53 Image size of job updated: 689776
	184  -  MemoryUsage of job (MB)
	187496  -  ResidentSetSize of job (KB)
...
005 (127762.008.000) 2022-03-31 13:55:53 Job terminated.
	(1) Normal termination (return value 0)
		Usr 0 00:00:08, Sys 0 00:00:01  -  Run Remote Usage
		Usr 0 00:00:00, Sys 0 00:00:00  -  Run Local Usage
		Usr 0 00:00:08, Sys 0 00:00:01  -  Total Remote Usage
		Usr 0 00:00:00, Sys 0 00:00:00  -  Total Local Usage
	0  -  Run Bytes Sent By Job
	0  -  Run Bytes Received By Job
	0  -  Total Bytes Sent By Job
	0  -  Total Bytes Received By Job
	Partitionable Resources :    Usage  Request Allocated 
	   Cpus                 :                 1         1 
	   Disk (KB)            :        1        1    129249 
	   Memory (MB)          :      184     3900      3968 

	Job terminated of its own accord at 2022-03-31T04:55:53Z.
...
006 (127762.012.000) 2022-03-31 13:55:53 Image size of job updated: 670128
	184  -  MemoryUsage of job (MB)
	187416  -  ResidentSetSize of job (KB)
...
005 (127762.012.000) 2022-03-31 13:55:53 Job terminated.
	(1) Normal termination (return value 0)
		Usr 0 00:00:09, Sys 0 00:00:01  -  Run Remote Usage
		Usr 0 00:00:00, Sys 0 00:00:00  -  Run Local Usage
		Usr 0 00:00:09, Sys 0 00:00:01  -  Total Remote Usage
		Usr 0 00:00:00, Sys 0 00:00:00  -  Total Local Usage
	0  -  Run Bytes Sent By Job
	0  -  Run Bytes Received By Job
	0  -  Total Bytes Sent By Job
	0  -  Total Bytes Received By Job
	Partitionable Resources :    Usage  Request Allocated 
	   Cpus                 :                 1         1 
	   Disk (KB)            :        1        1    129249 
	   Memory (MB)          :      184     3900      3968 

	Job terminated of its own accord at 2022-03-31T04:55:53Z.
...
006 (127762.002.000) 2022-03-31 13:55:56 Image size of job updated: 689968
	194  -  MemoryUsage of job (MB)
	197692  -  ResidentSetSize of job (KB)
...
005 (127762.002.000) 2022-03-31 13:55:56 Job terminated.
	(1) Normal termination (return value 0)
		Usr 0 00:00:13, Sys 0 00:00:01  -  Run Remote Usage
		Usr 0 00:00:00, Sys 0 00:00:00  -  Run Local Usage
		Usr 0 00:00:13, Sys 0 00:00:01  -  Total Remote Usage
		Usr 0 00:00:00, Sys 0 00:00:00  -  Total Local Usage
	0  -  Run Bytes Sent By Job
	0  -  Run Bytes Received By Job
	0  -  Total Bytes Sent By Job
	0  -  Total Bytes Received By Job
	Partitionable Resources :    Usage  Request Allocated 
	   Cpus                 :                 1         1 
	   Disk (KB)            :        1        1    121125 
	   Memory (MB)          :      194     3900      3968 

	Job terminated of its own accord at 2022-03-31T04:55:56Z.
...
006 (127762.004.000) 2022-03-31 13:55:57 Image size of job updated: 688356
	184  -  MemoryUsage of job (MB)
	187712  -  ResidentSetSize of job (KB)
...
005 (127762.004.000) 2022-03-31 13:55:57 Job terminated.
	(1) Normal termination (return value 0)
		Usr 0 00:00:13, Sys 0 00:00:01  -  Run Remote Usage
		Usr 0 00:00:00, Sys 0 00:00:00  -  Run Local Usage
		Usr 0 00:00:13, Sys 0 00:00:01  -  Total Remote Usage
		Usr 0 00:00:00, Sys 0 00:00:00  -  Total Local Usage
	0  -  Run Bytes Sent By Job
	0  -  Run Bytes Received By Job
	0  -  Total Bytes Sent By Job
	0  -  Total Bytes Received By Job
	Partitionable Resources :    Usage  Request Allocated 
	   Cpus                 :                 1         1 
	   Disk (KB)            :        1        1    121125 
	   Memory (MB)          :      184     3900      3968 

	Job terminated of its own accord at 2022-03-31T04:55:57Z.
...
006 (127762.000.000) 2022-03-31 13:55:57 Image size of job updated: 689788
	193  -  MemoryUsage of job (MB)
	197500  -  ResidentSetSize of job (KB)
...
005 (127762.000.000) 2022-03-31 13:55:57 Job terminated.
	(1) Normal termination (return value 0)
		Usr 0 00:00:11, Sys 0 00:00:02  -  Run Remote Usage
		Usr 0 00:00:00, Sys 0 00:00:00  -  Run Local Usage
		Usr 0 00:00:11, Sys 0 00:00:02  -  Total Remote Usage
		Usr 0 00:00:00, Sys 0 00:00:00  -  Total Local Usage
	0  -  Run Bytes Sent By Job
	0  -  Run Bytes Received By Job
	0  -  Total Bytes Sent By Job
	0  -  Total Bytes Received By Job
	Partitionable Resources :    Usage  Request Allocated 
	   Cpus                 :                 1         1 
	   Disk (KB)            :        1        1    129249 
	   Memory (MB)          :      193     3900      3968 

	Job terminated of its own accord at 2022-03-31T04:55:57Z.
...
006 (127762.013.000) 2022-03-31 13:55:59 Image size of job updated: 649168
	183  -  MemoryUsage of job (MB)
	187376  -  ResidentSetSize of job (KB)
...
005 (127762.013.000) 2022-03-31 13:55:59 Job terminated.
	(1) Normal termination (return value 0)
		Usr 0 00:00:14, Sys 0 00:00:01  -  Run Remote Usage
		Usr 0 00:00:00, Sys 0 00:00:00  -  Run Local Usage
		Usr 0 00:00:14, Sys 0 00:00:01  -  Total Remote Usage
		Usr 0 00:00:00, Sys 0 00:00:00  -  Total Local Usage
	0  -  Run Bytes Sent By Job
	0  -  Run Bytes Received By Job
	0  -  Total Bytes Sent By Job
	0  -  Total Bytes Received By Job
	Partitionable Resources :    Usage  Request Allocated 
	   Cpus                 :                 1         1 
	   Disk (KB)            :        1        1    129249 
	   Memory (MB)          :      183     3900      3968 

	Job terminated of its own accord at 2022-03-31T04:55:59Z.
...
006 (127762.014.000) 2022-03-31 13:56:00 Image size of job updated: 651300
	183  -  MemoryUsage of job (MB)
	187380  -  ResidentSetSize of job (KB)
...
005 (127762.014.000) 2022-03-31 13:56:00 Job terminated.
	(1) Normal termination (return value 0)
		Usr 0 00:00:15, Sys 0 00:00:01  -  Run Remote Usage
		Usr 0 00:00:00, Sys 0 00:00:00  -  Run Local Usage
		Usr 0 00:00:15, Sys 0 00:00:01  -  Total Remote Usage
		Usr 0 00:00:00, Sys 0 00:00:00  -  Total Local Usage
	0  -  Run Bytes Sent By Job
	0  -  Run Bytes Received By Job
	0  -  Total Bytes Sent By Job
	0  -  Total Bytes Received By Job
	Partitionable Resources :    Usage  Request Allocated 
	   Cpus                 :                 1         1 
	   Disk (KB)            :        1        1    129249 
	   Memory (MB)          :      183     3900      3968 

	Job terminated of its own accord at 2022-03-31T04:56:00Z.
...
006 (127762.003.000) 2022-03-31 13:56:00 Image size of job updated: 689776
	202  -  MemoryUsage of job (MB)
	205988  -  ResidentSetSize of job (KB)
...
005 (127762.003.000) 2022-03-31 13:56:00 Job terminated.
	(1) Normal termination (return value 0)
		Usr 0 00:00:17, Sys 0 00:00:01  -  Run Remote Usage
		Usr 0 00:00:00, Sys 0 00:00:00  -  Run Local Usage
		Usr 0 00:00:17, Sys 0 00:00:01  -  Total Remote Usage
		Usr 0 00:00:00, Sys 0 00:00:00  -  Total Local Usage
	0  -  Run Bytes Sent By Job
	0  -  Run Bytes Received By Job
	0  -  Total Bytes Sent By Job
	0  -  Total Bytes Received By Job
	Partitionable Resources :    Usage  Request Allocated 
	   Cpus                 :                 1         1 
	   Disk (KB)            :        1        1    121125 
	   Memory (MB)          :      202     3900      3968 

	Job terminated of its own accord at 2022-03-31T04:56:00Z.
...
006 (127762.010.000) 2022-03-31 13:56:17 Image size of job updated: 649168
	183  -  MemoryUsage of job (MB)
	187380  -  ResidentSetSize of job (KB)
...
005 (127762.010.000) 2022-03-31 13:56:17 Job terminated.
	(1) Normal termination (return value 0)
		Usr 0 00:00:32, Sys 0 00:00:01  -  Run Remote Usage
		Usr 0 00:00:00, Sys 0 00:00:00  -  Run Local Usage
		Usr 0 00:00:32, Sys 0 00:00:01  -  Total Remote Usage
		Usr 0 00:00:00, Sys 0 00:00:00  -  Total Local Usage
	0  -  Run Bytes Sent By Job
	0  -  Run Bytes Received By Job
	0  -  Total Bytes Sent By Job
	0  -  Total Bytes Received By Job
	Partitionable Resources :    Usage  Request Allocated 
	   Cpus                 :                 1         1 
	   Disk (KB)            :        1        1    129249 
	   Memory (MB)          :      183     3900      3968 

	Job terminated of its own accord at 2022-03-31T04:56:17Z.
...
006 (127762.015.000) 2022-03-31 13:56:45 Image size of job updated: 649160
	184  -  MemoryUsage of job (MB)
	187424  -  ResidentSetSize of job (KB)
...
005 (127762.015.000) 2022-03-31 13:56:45 Job terminated.
	(1) Normal termination (return value 0)
		Usr 0 00:01:00, Sys 0 00:00:01  -  Run Remote Usage
		Usr 0 00:00:00, Sys 0 00:00:00  -  Run Local Usage
		Usr 0 00:01:00, Sys 0 00:00:01  -  Total Remote Usage
		Usr 0 00:00:00, Sys 0 00:00:00  -  Total Local Usage
	0  -  Run Bytes Sent By Job
	0  -  Run Bytes Received By Job
	0  -  Total Bytes Sent By Job
	0  -  Total Bytes Received By Job
	Partitionable Resources :    Usage  Request Allocated 
	   Cpus                 :                 1         1 
	   Disk (KB)            :        1        1    129249 
	   Memory (MB)          :      184     3900      3968 

	Job terminated of its own accord at 2022-03-31T04:56:45Z.
...
000 (127822.000.000) 2022-03-31 15:11:26 Job submitted from host: <172.30.1.200:9618?addrs=172.30.1.200-9618&alias=tamsa2.snu.ac.kr&noUDP&sock=schedd_3154_f5cb>
...
000 (127822.001.000) 2022-03-31 15:11:26 Job submitted from host: <172.30.1.200:9618?addrs=172.30.1.200-9618&alias=tamsa2.snu.ac.kr&noUDP&sock=schedd_3154_f5cb>
...
000 (127822.002.000) 2022-03-31 15:11:26 Job submitted from host: <172.30.1.200:9618?addrs=172.30.1.200-9618&alias=tamsa2.snu.ac.kr&noUDP&sock=schedd_3154_f5cb>
...
000 (127822.003.000) 2022-03-31 15:11:26 Job submitted from host: <172.30.1.200:9618?addrs=172.30.1.200-9618&alias=tamsa2.snu.ac.kr&noUDP&sock=schedd_3154_f5cb>
...
000 (127822.004.000) 2022-03-31 15:11:26 Job submitted from host: <172.30.1.200:9618?addrs=172.30.1.200-9618&alias=tamsa2.snu.ac.kr&noUDP&sock=schedd_3154_f5cb>
...
000 (127822.005.000) 2022-03-31 15:11:26 Job submitted from host: <172.30.1.200:9618?addrs=172.30.1.200-9618&alias=tamsa2.snu.ac.kr&noUDP&sock=schedd_3154_f5cb>
...
000 (127822.006.000) 2022-03-31 15:11:26 Job submitted from host: <172.30.1.200:9618?addrs=172.30.1.200-9618&alias=tamsa2.snu.ac.kr&noUDP&sock=schedd_3154_f5cb>
...
000 (127822.007.000) 2022-03-31 15:11:26 Job submitted from host: <172.30.1.200:9618?addrs=172.30.1.200-9618&alias=tamsa2.snu.ac.kr&noUDP&sock=schedd_3154_f5cb>
...
000 (127822.008.000) 2022-03-31 15:11:26 Job submitted from host: <172.30.1.200:9618?addrs=172.30.1.200-9618&alias=tamsa2.snu.ac.kr&noUDP&sock=schedd_3154_f5cb>
...
000 (127822.009.000) 2022-03-31 15:11:26 Job submitted from host: <172.30.1.200:9618?addrs=172.30.1.200-9618&alias=tamsa2.snu.ac.kr&noUDP&sock=schedd_3154_f5cb>
...
000 (127822.010.000) 2022-03-31 15:11:26 Job submitted from host: <172.30.1.200:9618?addrs=172.30.1.200-9618&alias=tamsa2.snu.ac.kr&noUDP&sock=schedd_3154_f5cb>
...
000 (127822.011.000) 2022-03-31 15:11:26 Job submitted from host: <172.30.1.200:9618?addrs=172.30.1.200-9618&alias=tamsa2.snu.ac.kr&noUDP&sock=schedd_3154_f5cb>
...
000 (127822.012.000) 2022-03-31 15:11:26 Job submitted from host: <172.30.1.200:9618?addrs=172.30.1.200-9618&alias=tamsa2.snu.ac.kr&noUDP&sock=schedd_3154_f5cb>
...
000 (127822.013.000) 2022-03-31 15:11:26 Job submitted from host: <172.30.1.200:9618?addrs=172.30.1.200-9618&alias=tamsa2.snu.ac.kr&noUDP&sock=schedd_3154_f5cb>
...
000 (127822.014.000) 2022-03-31 15:11:26 Job submitted from host: <172.30.1.200:9618?addrs=172.30.1.200-9618&alias=tamsa2.snu.ac.kr&noUDP&sock=schedd_3154_f5cb>
...
000 (127822.015.000) 2022-03-31 15:11:26 Job submitted from host: <172.30.1.200:9618?addrs=172.30.1.200-9618&alias=tamsa2.snu.ac.kr&noUDP&sock=schedd_3154_f5cb>
...
000 (127822.016.000) 2022-03-31 15:11:26 Job submitted from host: <172.30.1.200:9618?addrs=172.30.1.200-9618&alias=tamsa2.snu.ac.kr&noUDP&sock=schedd_3154_f5cb>
...
000 (127822.017.000) 2022-03-31 15:11:26 Job submitted from host: <172.30.1.200:9618?addrs=172.30.1.200-9618&alias=tamsa2.snu.ac.kr&noUDP&sock=schedd_3154_f5cb>
...
000 (127822.018.000) 2022-03-31 15:11:26 Job submitted from host: <172.30.1.200:9618?addrs=172.30.1.200-9618&alias=tamsa2.snu.ac.kr&noUDP&sock=schedd_3154_f5cb>
...
000 (127822.019.000) 2022-03-31 15:11:26 Job submitted from host: <172.30.1.200:9618?addrs=172.30.1.200-9618&alias=tamsa2.snu.ac.kr&noUDP&sock=schedd_3154_f5cb>
...
001 (127822.000.000) 2022-03-31 15:11:35 Job executing on host: <172.30.1.205:9618?addrs=172.30.1.205-9618&alias=node5&noUDP&sock=startd_3654_eb26>
...
001 (127822.001.000) 2022-03-31 15:11:35 Job executing on host: <172.30.1.205:9618?addrs=172.30.1.205-9618&alias=node5&noUDP&sock=startd_3654_eb26>
...
001 (127822.002.000) 2022-03-31 15:11:35 Job executing on host: <172.30.1.205:9618?addrs=172.30.1.205-9618&alias=node5&noUDP&sock=startd_3654_eb26>
...
001 (127822.003.000) 2022-03-31 15:11:35 Job executing on host: <172.30.1.205:9618?addrs=172.30.1.205-9618&alias=node5&noUDP&sock=startd_3654_eb26>
...
001 (127822.004.000) 2022-03-31 15:11:35 Job executing on host: <172.30.1.205:9618?addrs=172.30.1.205-9618&alias=node5&noUDP&sock=startd_3654_eb26>
...
001 (127822.005.000) 2022-03-31 15:11:35 Job executing on host: <172.30.1.205:9618?addrs=172.30.1.205-9618&alias=node5&noUDP&sock=startd_3654_eb26>
...
001 (127822.007.000) 2022-03-31 15:11:36 Job executing on host: <172.30.1.205:9618?addrs=172.30.1.205-9618&alias=node5&noUDP&sock=startd_3654_eb26>
...
001 (127822.006.000) 2022-03-31 15:11:36 Job executing on host: <172.30.1.205:9618?addrs=172.30.1.205-9618&alias=node5&noUDP&sock=startd_3654_eb26>
...
001 (127822.008.000) 2022-03-31 15:11:36 Job executing on host: <172.30.1.205:9618?addrs=172.30.1.205-9618&alias=node5&noUDP&sock=startd_3654_eb26>
...
001 (127822.009.000) 2022-03-31 15:11:36 Job executing on host: <172.30.1.205:9618?addrs=172.30.1.205-9618&alias=node5&noUDP&sock=startd_3654_eb26>
...
001 (127822.010.000) 2022-03-31 15:11:36 Job executing on host: <172.30.1.205:9618?addrs=172.30.1.205-9618&alias=node5&noUDP&sock=startd_3654_eb26>
...
001 (127822.011.000) 2022-03-31 15:11:36 Job executing on host: <172.30.1.205:9618?addrs=172.30.1.205-9618&alias=node5&noUDP&sock=startd_3654_eb26>
...
001 (127822.012.000) 2022-03-31 15:11:36 Job executing on host: <172.30.1.205:9618?addrs=172.30.1.205-9618&alias=node5&noUDP&sock=startd_3654_eb26>
...
001 (127822.013.000) 2022-03-31 15:11:36 Job executing on host: <172.30.1.205:9618?addrs=172.30.1.205-9618&alias=node5&noUDP&sock=startd_3654_eb26>
...
001 (127822.014.000) 2022-03-31 15:11:36 Job executing on host: <172.30.1.205:9618?addrs=172.30.1.205-9618&alias=node5&noUDP&sock=startd_3654_eb26>
...
001 (127822.015.000) 2022-03-31 15:11:36 Job executing on host: <172.30.1.205:9618?addrs=172.30.1.205-9618&alias=node5&noUDP&sock=startd_3654_eb26>
...
001 (127822.016.000) 2022-03-31 15:11:36 Job executing on host: <172.30.1.205:9618?addrs=172.30.1.205-9618&alias=node5&noUDP&sock=startd_3654_eb26>
...
001 (127822.017.000) 2022-03-31 15:11:36 Job executing on host: <172.30.1.205:9618?addrs=172.30.1.205-9618&alias=node5&noUDP&sock=startd_3654_eb26>
...
001 (127822.018.000) 2022-03-31 15:11:36 Job executing on host: <172.30.1.205:9618?addrs=172.30.1.205-9618&alias=node5&noUDP&sock=startd_3654_eb26>
...
001 (127822.019.000) 2022-03-31 15:11:37 Job executing on host: <172.30.1.205:9618?addrs=172.30.1.205-9618&alias=node5&noUDP&sock=startd_3654_eb26>
...
006 (127822.005.000) 2022-03-31 15:11:44 Image size of job updated: 330516
	155  -  MemoryUsage of job (MB)
	157784  -  ResidentSetSize of job (KB)
...
006 (127822.007.000) 2022-03-31 15:11:44 Image size of job updated: 301784
	154  -  MemoryUsage of job (MB)
	156676  -  ResidentSetSize of job (KB)
...
006 (127822.006.000) 2022-03-31 15:11:44 Image size of job updated: 301784
	155  -  MemoryUsage of job (MB)
	157908  -  ResidentSetSize of job (KB)
...
006 (127822.008.000) 2022-03-31 15:11:44 Image size of job updated: 203196
	155  -  MemoryUsage of job (MB)
	158020  -  ResidentSetSize of job (KB)
...
006 (127822.009.000) 2022-03-31 15:11:44 Image size of job updated: 203196
	155  -  MemoryUsage of job (MB)
	158532  -  ResidentSetSize of job (KB)
...
006 (127822.010.000) 2022-03-31 15:11:44 Image size of job updated: 203196
	156  -  MemoryUsage of job (MB)
	158784  -  ResidentSetSize of job (KB)
...
006 (127822.011.000) 2022-03-31 15:11:44 Image size of job updated: 202996
	156  -  MemoryUsage of job (MB)
	159744  -  ResidentSetSize of job (KB)
...
006 (127822.000.000) 2022-03-31 15:11:44 Image size of job updated: 385624
	160  -  MemoryUsage of job (MB)
	163084  -  ResidentSetSize of job (KB)
...
006 (127822.001.000) 2022-03-31 15:11:44 Image size of job updated: 385620
	161  -  MemoryUsage of job (MB)
	164144  -  ResidentSetSize of job (KB)
...
006 (127822.002.000) 2022-03-31 15:11:44 Image size of job updated: 385620
	164  -  MemoryUsage of job (MB)
	167176  -  ResidentSetSize of job (KB)
...
006 (127822.003.000) 2022-03-31 15:11:44 Image size of job updated: 330516
	166  -  MemoryUsage of job (MB)
	168988  -  ResidentSetSize of job (KB)
...
006 (127822.004.000) 2022-03-31 15:11:44 Image size of job updated: 330516
	166  -  MemoryUsage of job (MB)
	169048  -  ResidentSetSize of job (KB)
...
006 (127822.018.000) 2022-03-31 15:11:45 Image size of job updated: 185540
	161  -  MemoryUsage of job (MB)
	164348  -  ResidentSetSize of job (KB)
...
006 (127822.019.000) 2022-03-31 15:11:45 Image size of job updated: 183176
	168  -  MemoryUsage of job (MB)
	171604  -  ResidentSetSize of job (KB)
...
006 (127822.012.000) 2022-03-31 15:11:45 Image size of job updated: 203196
	179  -  MemoryUsage of job (MB)
	183296  -  ResidentSetSize of job (KB)
...
006 (127822.013.000) 2022-03-31 15:11:45 Image size of job updated: 187940
	182  -  MemoryUsage of job (MB)
	185964  -  ResidentSetSize of job (KB)
...
006 (127822.014.000) 2022-03-31 15:11:45 Image size of job updated: 187008
	182  -  MemoryUsage of job (MB)
	185968  -  ResidentSetSize of job (KB)
...
006 (127822.015.000) 2022-03-31 15:11:45 Image size of job updated: 189604
	182  -  MemoryUsage of job (MB)
	186176  -  ResidentSetSize of job (KB)
...
006 (127822.016.000) 2022-03-31 15:11:45 Image size of job updated: 191408
	182  -  MemoryUsage of job (MB)
	185960  -  ResidentSetSize of job (KB)
...
006 (127822.017.000) 2022-03-31 15:11:45 Image size of job updated: 190260
	182  -  MemoryUsage of job (MB)
	185960  -  ResidentSetSize of job (KB)
...
006 (127822.012.000) 2022-03-31 15:11:57 Image size of job updated: 691924
	179  -  MemoryUsage of job (MB)
	183296  -  ResidentSetSize of job (KB)
...
005 (127822.012.000) 2022-03-31 15:11:57 Job terminated.
	(1) Normal termination (return value 0)
		Usr 0 00:00:14, Sys 0 00:00:02  -  Run Remote Usage
		Usr 0 00:00:00, Sys 0 00:00:00  -  Run Local Usage
		Usr 0 00:00:14, Sys 0 00:00:02  -  Total Remote Usage
		Usr 0 00:00:00, Sys 0 00:00:00  -  Total Local Usage
	0  -  Run Bytes Sent By Job
	0  -  Run Bytes Received By Job
	0  -  Total Bytes Sent By Job
	0  -  Total Bytes Received By Job
	Partitionable Resources :    Usage  Request Allocated 
	   Cpus                 :     0.78        1         1 
	   Disk (KB)            :     1           1    129249 
	   Memory (MB)          :   179        3900      3968 

	Job terminated of its own accord at 2022-03-31T06:11:57Z.
...
006 (127822.008.000) 2022-03-31 15:11:57 Image size of job updated: 691924
	155  -  MemoryUsage of job (MB)
	158020  -  ResidentSetSize of job (KB)
...
005 (127822.008.000) 2022-03-31 15:11:57 Job terminated.
	(1) Normal termination (return value 0)
		Usr 0 00:00:14, Sys 0 00:00:02  -  Run Remote Usage
		Usr 0 00:00:00, Sys 0 00:00:00  -  Run Local Usage
		Usr 0 00:00:14, Sys 0 00:00:02  -  Total Remote Usage
		Usr 0 00:00:00, Sys 0 00:00:00  -  Total Local Usage
	0  -  Run Bytes Sent By Job
	0  -  Run Bytes Received By Job
	0  -  Total Bytes Sent By Job
	0  -  Total Bytes Received By Job
	Partitionable Resources :    Usage  Request Allocated 
	   Cpus                 :     0.75        1         1 
	   Disk (KB)            :     1           1    129249 
	   Memory (MB)          :   155        3900      3968 

	Job terminated of its own accord at 2022-03-31T06:11:57Z.
...
006 (127822.011.000) 2022-03-31 15:11:59 Image size of job updated: 691924
	157  -  MemoryUsage of job (MB)
	159768  -  ResidentSetSize of job (KB)
...
005 (127822.011.000) 2022-03-31 15:11:59 Job terminated.
	(1) Normal termination (return value 0)
		Usr 0 00:00:15, Sys 0 00:00:02  -  Run Remote Usage
		Usr 0 00:00:00, Sys 0 00:00:00  -  Run Local Usage
		Usr 0 00:00:15, Sys 0 00:00:02  -  Total Remote Usage
		Usr 0 00:00:00, Sys 0 00:00:00  -  Total Local Usage
	0  -  Run Bytes Sent By Job
	0  -  Run Bytes Received By Job
	0  -  Total Bytes Sent By Job
	0  -  Total Bytes Received By Job
	Partitionable Resources :    Usage  Request Allocated 
	   Cpus                 :     0.77        1         1 
	   Disk (KB)            :     1           1    129249 
	   Memory (MB)          :   157        3900      3968 

	Job terminated of its own accord at 2022-03-31T06:11:59Z.
...
006 (127822.002.000) 2022-03-31 15:11:59 Image size of job updated: 691916
	164  -  MemoryUsage of job (MB)
	167176  -  ResidentSetSize of job (KB)
...
006 (127822.014.000) 2022-03-31 15:11:59 Image size of job updated: 691912
	182  -  MemoryUsage of job (MB)
	185968  -  ResidentSetSize of job (KB)
...
005 (127822.002.000) 2022-03-31 15:11:59 Job terminated.
	(1) Normal termination (return value 0)
		Usr 0 00:00:16, Sys 0 00:00:02  -  Run Remote Usage
		Usr 0 00:00:00, Sys 0 00:00:00  -  Run Local Usage
		Usr 0 00:00:16, Sys 0 00:00:02  -  Total Remote Usage
		Usr 0 00:00:00, Sys 0 00:00:00  -  Total Local Usage
	0  -  Run Bytes Sent By Job
	0  -  Run Bytes Received By Job
	0  -  Total Bytes Sent By Job
	0  -  Total Bytes Received By Job
	Partitionable Resources :    Usage  Request Allocated 
	   Cpus                 :     0.75        1         1 
	   Disk (KB)            :     1           1    129249 
	   Memory (MB)          :   164        3900      3968 

	Job terminated of its own accord at 2022-03-31T06:11:59Z.
...
006 (127822.010.000) 2022-03-31 15:11:59 Image size of job updated: 700912
	156  -  MemoryUsage of job (MB)
	159296  -  ResidentSetSize of job (KB)
...
005 (127822.014.000) 2022-03-31 15:11:59 Job terminated.
	(1) Normal termination (return value 0)
		Usr 0 00:00:16, Sys 0 00:00:02  -  Run Remote Usage
		Usr 0 00:00:00, Sys 0 00:00:00  -  Run Local Usage
		Usr 0 00:00:16, Sys 0 00:00:02  -  Total Remote Usage
		Usr 0 00:00:00, Sys 0 00:00:00  -  Total Local Usage
	0  -  Run Bytes Sent By Job
	0  -  Run Bytes Received By Job
	0  -  Total Bytes Sent By Job
	0  -  Total Bytes Received By Job
	Partitionable Resources :    Usage  Request Allocated 
	   Cpus                 :     0.74        1         1 
	   Disk (KB)            :     1           1    129249 
	   Memory (MB)          :   182        3900      3968 

	Job terminated of its own accord at 2022-03-31T06:11:59Z.
...
005 (127822.010.000) 2022-03-31 15:11:59 Job terminated.
	(1) Normal termination (return value 0)
		Usr 0 00:00:17, Sys 0 00:00:02  -  Run Remote Usage
		Usr 0 00:00:00, Sys 0 00:00:00  -  Run Local Usage
		Usr 0 00:00:17, Sys 0 00:00:02  -  Total Remote Usage
		Usr 0 00:00:00, Sys 0 00:00:00  -  Total Local Usage
	0  -  Run Bytes Sent By Job
	0  -  Run Bytes Received By Job
	0  -  Total Bytes Sent By Job
	0  -  Total Bytes Received By Job
	Partitionable Resources :    Usage  Request Allocated 
	   Cpus                 :     0.78        1         1 
	   Disk (KB)            :     1           1    129249 
	   Memory (MB)          :   156        3900      3968 

	Job terminated of its own accord at 2022-03-31T06:11:59Z.
...
006 (127822.003.000) 2022-03-31 15:12:00 Image size of job updated: 691916
	166  -  MemoryUsage of job (MB)
	168988  -  ResidentSetSize of job (KB)
...
005 (127822.003.000) 2022-03-31 15:12:00 Job terminated.
	(1) Normal termination (return value 0)
		Usr 0 00:00:18, Sys 0 00:00:02  -  Run Remote Usage
		Usr 0 00:00:00, Sys 0 00:00:00  -  Run Local Usage
		Usr 0 00:00:18, Sys 0 00:00:02  -  Total Remote Usage
		Usr 0 00:00:00, Sys 0 00:00:00  -  Total Local Usage
	0  -  Run Bytes Sent By Job
	0  -  Run Bytes Received By Job
	0  -  Total Bytes Sent By Job
	0  -  Total Bytes Received By Job
	Partitionable Resources :    Usage  Request Allocated 
	   Cpus                 :     0.75        1         1 
	   Disk (KB)            :     1           1    129249 
	   Memory (MB)          :   166        3900      3968 

	Job terminated of its own accord at 2022-03-31T06:12:00Z.
...
006 (127822.006.000) 2022-03-31 15:12:00 Image size of job updated: 701516
	155  -  MemoryUsage of job (MB)
	157908  -  ResidentSetSize of job (KB)
...
005 (127822.006.000) 2022-03-31 15:12:01 Job terminated.
	(1) Normal termination (return value 0)
		Usr 0 00:00:18, Sys 0 00:00:02  -  Run Remote Usage
		Usr 0 00:00:00, Sys 0 00:00:00  -  Run Local Usage
		Usr 0 00:00:18, Sys 0 00:00:02  -  Total Remote Usage
		Usr 0 00:00:00, Sys 0 00:00:00  -  Total Local Usage
	0  -  Run Bytes Sent By Job
	0  -  Run Bytes Received By Job
	0  -  Total Bytes Sent By Job
	0  -  Total Bytes Received By Job
	Partitionable Resources :    Usage  Request Allocated 
	   Cpus                 :     0.76        1         1 
	   Disk (KB)            :     1           1    129249 
	   Memory (MB)          :   155        3900      3968 

	Job terminated of its own accord at 2022-03-31T06:12:00Z.
...
006 (127822.016.000) 2022-03-31 15:12:01 Image size of job updated: 701592
	182  -  MemoryUsage of job (MB)
	185960  -  ResidentSetSize of job (KB)
...
005 (127822.016.000) 2022-03-31 15:12:01 Job terminated.
	(1) Normal termination (return value 0)
		Usr 0 00:00:18, Sys 0 00:00:02  -  Run Remote Usage
		Usr 0 00:00:00, Sys 0 00:00:00  -  Run Local Usage
		Usr 0 00:00:18, Sys 0 00:00:02  -  Total Remote Usage
		Usr 0 00:00:00, Sys 0 00:00:00  -  Total Local Usage
	0  -  Run Bytes Sent By Job
	0  -  Run Bytes Received By Job
	0  -  Total Bytes Sent By Job
	0  -  Total Bytes Received By Job
	Partitionable Resources :    Usage  Request Allocated 
	   Cpus                 :     0.74        1         1 
	   Disk (KB)            :     1           1    129249 
	   Memory (MB)          :   182        3900      3968 

	Job terminated of its own accord at 2022-03-31T06:12:01Z.
...
006 (127822.007.000) 2022-03-31 15:12:02 Image size of job updated: 692000
	154  -  MemoryUsage of job (MB)
	156676  -  ResidentSetSize of job (KB)
...
005 (127822.007.000) 2022-03-31 15:12:02 Job terminated.
	(1) Normal termination (return value 0)
		Usr 0 00:00:19, Sys 0 00:00:02  -  Run Remote Usage
		Usr 0 00:00:00, Sys 0 00:00:00  -  Run Local Usage
		Usr 0 00:00:19, Sys 0 00:00:02  -  Total Remote Usage
		Usr 0 00:00:00, Sys 0 00:00:00  -  Total Local Usage
	0  -  Run Bytes Sent By Job
	0  -  Run Bytes Received By Job
	0  -  Total Bytes Sent By Job
	0  -  Total Bytes Received By Job
	Partitionable Resources :    Usage  Request Allocated 
	   Cpus                 :     0.77        1         1 
	   Disk (KB)            :     1           1    129249 
	   Memory (MB)          :   154        3900      3968 

	Job terminated of its own accord at 2022-03-31T06:12:02Z.
...
006 (127822.018.000) 2022-03-31 15:12:03 Image size of job updated: 691988
	161  -  MemoryUsage of job (MB)
	164348  -  ResidentSetSize of job (KB)
...
006 (127822.019.000) 2022-03-31 15:12:03 Image size of job updated: 691916
	168  -  MemoryUsage of job (MB)
	171604  -  ResidentSetSize of job (KB)
...
005 (127822.018.000) 2022-03-31 15:12:03 Job terminated.
	(1) Normal termination (return value 0)
		Usr 0 00:00:20, Sys 0 00:00:02  -  Run Remote Usage
		Usr 0 00:00:00, Sys 0 00:00:00  -  Run Local Usage
		Usr 0 00:00:20, Sys 0 00:00:02  -  Total Remote Usage
		Usr 0 00:00:00, Sys 0 00:00:00  -  Total Local Usage
	0  -  Run Bytes Sent By Job
	0  -  Run Bytes Received By Job
	0  -  Total Bytes Sent By Job
	0  -  Total Bytes Received By Job
	Partitionable Resources :    Usage  Request Allocated 
	   Cpus                 :     0.78        1         1 
	   Disk (KB)            :     1           1    129249 
	   Memory (MB)          :   161        3900      3968 

	Job terminated of its own accord at 2022-03-31T06:12:03Z.
...
005 (127822.019.000) 2022-03-31 15:12:03 Job terminated.
	(1) Normal termination (return value 0)
		Usr 0 00:00:20, Sys 0 00:00:02  -  Run Remote Usage
		Usr 0 00:00:00, Sys 0 00:00:00  -  Run Local Usage
		Usr 0 00:00:20, Sys 0 00:00:02  -  Total Remote Usage
		Usr 0 00:00:00, Sys 0 00:00:00  -  Total Local Usage
	0  -  Run Bytes Sent By Job
	0  -  Run Bytes Received By Job
	0  -  Total Bytes Sent By Job
	0  -  Total Bytes Received By Job
	Partitionable Resources :    Usage  Request Allocated 
	   Cpus                 :     0.77        1         1 
	   Disk (KB)            :     1           1    129249 
	   Memory (MB)          :   168        3900      3968 

	Job terminated of its own accord at 2022-03-31T06:12:03Z.
...
006 (127822.017.000) 2022-03-31 15:12:08 Image size of job updated: 691916
	182  -  MemoryUsage of job (MB)
	185960  -  ResidentSetSize of job (KB)
...
005 (127822.017.000) 2022-03-31 15:12:08 Job terminated.
	(1) Normal termination (return value 0)
		Usr 0 00:00:26, Sys 0 00:00:02  -  Run Remote Usage
		Usr 0 00:00:00, Sys 0 00:00:00  -  Run Local Usage
		Usr 0 00:00:26, Sys 0 00:00:02  -  Total Remote Usage
		Usr 0 00:00:00, Sys 0 00:00:00  -  Total Local Usage
	0  -  Run Bytes Sent By Job
	0  -  Run Bytes Received By Job
	0  -  Total Bytes Sent By Job
	0  -  Total Bytes Received By Job
	Partitionable Resources :    Usage  Request Allocated 
	   Cpus                 :     0.77        1         1 
	   Disk (KB)            :     1           1    129249 
	   Memory (MB)          :   182        3900      3968 

	Job terminated of its own accord at 2022-03-31T06:12:08Z.
...
006 (127822.001.000) 2022-03-31 15:12:09 Image size of job updated: 691644
	161  -  MemoryUsage of job (MB)
	164284  -  ResidentSetSize of job (KB)
...
005 (127822.001.000) 2022-03-31 15:12:09 Job terminated.
	(1) Normal termination (return value 0)
		Usr 0 00:00:26, Sys 0 00:00:02  -  Run Remote Usage
		Usr 0 00:00:00, Sys 0 00:00:00  -  Run Local Usage
		Usr 0 00:00:26, Sys 0 00:00:02  -  Total Remote Usage
		Usr 0 00:00:00, Sys 0 00:00:00  -  Total Local Usage
	0  -  Run Bytes Sent By Job
	0  -  Run Bytes Received By Job
	0  -  Total Bytes Sent By Job
	0  -  Total Bytes Received By Job
	Partitionable Resources :    Usage  Request Allocated 
	   Cpus                 :     0.75        1         1 
	   Disk (KB)            :     1           1    129249 
	   Memory (MB)          :   161        3900      3968 

	Job terminated of its own accord at 2022-03-31T06:12:09Z.
...
006 (127822.013.000) 2022-03-31 15:12:17 Image size of job updated: 691916
	182  -  MemoryUsage of job (MB)
	185964  -  ResidentSetSize of job (KB)
...
005 (127822.013.000) 2022-03-31 15:12:17 Job terminated.
	(1) Normal termination (return value 0)
		Usr 0 00:00:35, Sys 0 00:00:02  -  Run Remote Usage
		Usr 0 00:00:00, Sys 0 00:00:00  -  Run Local Usage
		Usr 0 00:00:35, Sys 0 00:00:02  -  Total Remote Usage
		Usr 0 00:00:00, Sys 0 00:00:00  -  Total Local Usage
	0  -  Run Bytes Sent By Job
	0  -  Run Bytes Received By Job
	0  -  Total Bytes Sent By Job
	0  -  Total Bytes Received By Job
	Partitionable Resources :    Usage  Request Allocated 
	   Cpus                 :     0.75        1         1 
	   Disk (KB)            :     1           1    129249 
	   Memory (MB)          :   182        3900      3968 

	Job terminated of its own accord at 2022-03-31T06:12:17Z.
...
006 (127822.009.000) 2022-03-31 15:12:19 Image size of job updated: 691932
	155  -  MemoryUsage of job (MB)
	158532  -  ResidentSetSize of job (KB)
...
005 (127822.009.000) 2022-03-31 15:12:19 Job terminated.
	(1) Normal termination (return value 0)
		Usr 0 00:00:37, Sys 0 00:00:02  -  Run Remote Usage
		Usr 0 00:00:00, Sys 0 00:00:00  -  Run Local Usage
		Usr 0 00:00:37, Sys 0 00:00:02  -  Total Remote Usage
		Usr 0 00:00:00, Sys 0 00:00:00  -  Total Local Usage
	0  -  Run Bytes Sent By Job
	0  -  Run Bytes Received By Job
	0  -  Total Bytes Sent By Job
	0  -  Total Bytes Received By Job
	Partitionable Resources :    Usage  Request Allocated 
	   Cpus                 :     0.78        1         1 
	   Disk (KB)            :     1           1    129249 
	   Memory (MB)          :   155        3900      3968 

	Job terminated of its own accord at 2022-03-31T06:12:19Z.
...
006 (127822.004.000) 2022-03-31 15:12:22 Image size of job updated: 691956
	166  -  MemoryUsage of job (MB)
	169052  -  ResidentSetSize of job (KB)
...
005 (127822.004.000) 2022-03-31 15:12:22 Job terminated.
	(1) Normal termination (return value 0)
		Usr 0 00:00:39, Sys 0 00:00:02  -  Run Remote Usage
		Usr 0 00:00:00, Sys 0 00:00:00  -  Run Local Usage
		Usr 0 00:00:39, Sys 0 00:00:02  -  Total Remote Usage
		Usr 0 00:00:00, Sys 0 00:00:00  -  Total Local Usage
	0  -  Run Bytes Sent By Job
	0  -  Run Bytes Received By Job
	0  -  Total Bytes Sent By Job
	0  -  Total Bytes Received By Job
	Partitionable Resources :    Usage  Request Allocated 
	   Cpus                 :     0.76        1         1 
	   Disk (KB)            :     1           1    129249 
	   Memory (MB)          :   166        3900      3968 

	Job terminated of its own accord at 2022-03-31T06:12:22Z.
...
006 (127822.015.000) 2022-03-31 15:12:24 Image size of job updated: 691848
	182  -  MemoryUsage of job (MB)
	186176  -  ResidentSetSize of job (KB)
...
005 (127822.015.000) 2022-03-31 15:12:24 Job terminated.
	(1) Normal termination (return value 0)
		Usr 0 00:00:41, Sys 0 00:00:02  -  Run Remote Usage
		Usr 0 00:00:00, Sys 0 00:00:00  -  Run Local Usage
		Usr 0 00:00:41, Sys 0 00:00:02  -  Total Remote Usage
		Usr 0 00:00:00, Sys 0 00:00:00  -  Total Local Usage
	0  -  Run Bytes Sent By Job
	0  -  Run Bytes Received By Job
	0  -  Total Bytes Sent By Job
	0  -  Total Bytes Received By Job
	Partitionable Resources :    Usage  Request Allocated 
	   Cpus                 :     0.76        1         1 
	   Disk (KB)            :     1           1    129249 
	   Memory (MB)          :   182        3900      3968 

	Job terminated of its own accord at 2022-03-31T06:12:24Z.
...
006 (127822.000.000) 2022-03-31 15:12:30 Image size of job updated: 700912
	160  -  MemoryUsage of job (MB)
	163088  -  ResidentSetSize of job (KB)
...
005 (127822.000.000) 2022-03-31 15:12:30 Job terminated.
	(1) Normal termination (return value 0)
		Usr 0 00:00:47, Sys 0 00:00:02  -  Run Remote Usage
		Usr 0 00:00:00, Sys 0 00:00:00  -  Run Local Usage
		Usr 0 00:00:47, Sys 0 00:00:02  -  Total Remote Usage
		Usr 0 00:00:00, Sys 0 00:00:00  -  Total Local Usage
	0  -  Run Bytes Sent By Job
	0  -  Run Bytes Received By Job
	0  -  Total Bytes Sent By Job
	0  -  Total Bytes Received By Job
	Partitionable Resources :    Usage  Request Allocated 
	   Cpus                 :     0.74        1         1 
	   Disk (KB)            :     1           1    129249 
	   Memory (MB)          :   160        3900      3968 

	Job terminated of its own accord at 2022-03-31T06:12:29Z.
...
006 (127822.005.000) 2022-03-31 15:12:58 Image size of job updated: 691920
	155  -  MemoryUsage of job (MB)
	157784  -  ResidentSetSize of job (KB)
...
005 (127822.005.000) 2022-03-31 15:12:58 Job terminated.
	(1) Normal termination (return value 0)
		Usr 0 00:01:13, Sys 0 00:00:03  -  Run Remote Usage
		Usr 0 00:00:00, Sys 0 00:00:00  -  Run Local Usage
		Usr 0 00:01:13, Sys 0 00:00:03  -  Total Remote Usage
		Usr 0 00:00:00, Sys 0 00:00:00  -  Total Local Usage
	0  -  Run Bytes Sent By Job
	0  -  Run Bytes Received By Job
	0  -  Total Bytes Sent By Job
	0  -  Total Bytes Received By Job
	Partitionable Resources :    Usage  Request Allocated 
	   Cpus                 :     0.75        1         1 
	   Disk (KB)            :     1           1    129249 
	   Memory (MB)          :   155        3900      3968 

	Job terminated of its own accord at 2022-03-31T06:12:58Z.
...
