000 (126811.000.000) 2022-03-30 13:42:17 Job submitted from host: <172.30.1.200:9618?addrs=172.30.1.200-9618&alias=tamsa2.snu.ac.kr&noUDP&sock=schedd_3154_f5cb>
...
000 (126811.001.000) 2022-03-30 13:42:17 Job submitted from host: <172.30.1.200:9618?addrs=172.30.1.200-9618&alias=tamsa2.snu.ac.kr&noUDP&sock=schedd_3154_f5cb>
...
000 (126811.002.000) 2022-03-30 13:42:17 Job submitted from host: <172.30.1.200:9618?addrs=172.30.1.200-9618&alias=tamsa2.snu.ac.kr&noUDP&sock=schedd_3154_f5cb>
...
000 (126811.003.000) 2022-03-30 13:42:17 Job submitted from host: <172.30.1.200:9618?addrs=172.30.1.200-9618&alias=tamsa2.snu.ac.kr&noUDP&sock=schedd_3154_f5cb>
...
000 (126811.004.000) 2022-03-30 13:42:17 Job submitted from host: <172.30.1.200:9618?addrs=172.30.1.200-9618&alias=tamsa2.snu.ac.kr&noUDP&sock=schedd_3154_f5cb>
...
000 (126811.005.000) 2022-03-30 13:42:17 Job submitted from host: <172.30.1.200:9618?addrs=172.30.1.200-9618&alias=tamsa2.snu.ac.kr&noUDP&sock=schedd_3154_f5cb>
...
000 (126811.006.000) 2022-03-30 13:42:17 Job submitted from host: <172.30.1.200:9618?addrs=172.30.1.200-9618&alias=tamsa2.snu.ac.kr&noUDP&sock=schedd_3154_f5cb>
...
000 (126811.007.000) 2022-03-30 13:42:17 Job submitted from host: <172.30.1.200:9618?addrs=172.30.1.200-9618&alias=tamsa2.snu.ac.kr&noUDP&sock=schedd_3154_f5cb>
...
000 (126811.008.000) 2022-03-30 13:42:17 Job submitted from host: <172.30.1.200:9618?addrs=172.30.1.200-9618&alias=tamsa2.snu.ac.kr&noUDP&sock=schedd_3154_f5cb>
...
000 (126811.009.000) 2022-03-30 13:42:17 Job submitted from host: <172.30.1.200:9618?addrs=172.30.1.200-9618&alias=tamsa2.snu.ac.kr&noUDP&sock=schedd_3154_f5cb>
...
000 (126811.010.000) 2022-03-30 13:42:17 Job submitted from host: <172.30.1.200:9618?addrs=172.30.1.200-9618&alias=tamsa2.snu.ac.kr&noUDP&sock=schedd_3154_f5cb>
...
000 (126811.011.000) 2022-03-30 13:42:17 Job submitted from host: <172.30.1.200:9618?addrs=172.30.1.200-9618&alias=tamsa2.snu.ac.kr&noUDP&sock=schedd_3154_f5cb>
...
000 (126811.012.000) 2022-03-30 13:42:17 Job submitted from host: <172.30.1.200:9618?addrs=172.30.1.200-9618&alias=tamsa2.snu.ac.kr&noUDP&sock=schedd_3154_f5cb>
...
000 (126811.013.000) 2022-03-30 13:42:17 Job submitted from host: <172.30.1.200:9618?addrs=172.30.1.200-9618&alias=tamsa2.snu.ac.kr&noUDP&sock=schedd_3154_f5cb>
...
000 (126811.014.000) 2022-03-30 13:42:17 Job submitted from host: <172.30.1.200:9618?addrs=172.30.1.200-9618&alias=tamsa2.snu.ac.kr&noUDP&sock=schedd_3154_f5cb>
...
000 (126811.015.000) 2022-03-30 13:42:17 Job submitted from host: <172.30.1.200:9618?addrs=172.30.1.200-9618&alias=tamsa2.snu.ac.kr&noUDP&sock=schedd_3154_f5cb>
...
000 (126811.016.000) 2022-03-30 13:42:17 Job submitted from host: <172.30.1.200:9618?addrs=172.30.1.200-9618&alias=tamsa2.snu.ac.kr&noUDP&sock=schedd_3154_f5cb>
...
000 (126811.017.000) 2022-03-30 13:42:17 Job submitted from host: <172.30.1.200:9618?addrs=172.30.1.200-9618&alias=tamsa2.snu.ac.kr&noUDP&sock=schedd_3154_f5cb>
...
000 (126811.018.000) 2022-03-30 13:42:17 Job submitted from host: <172.30.1.200:9618?addrs=172.30.1.200-9618&alias=tamsa2.snu.ac.kr&noUDP&sock=schedd_3154_f5cb>
...
000 (126811.019.000) 2022-03-30 13:42:17 Job submitted from host: <172.30.1.200:9618?addrs=172.30.1.200-9618&alias=tamsa2.snu.ac.kr&noUDP&sock=schedd_3154_f5cb>
...
001 (126811.000.000) 2022-03-30 13:42:26 Job executing on host: <172.30.1.203:9618?addrs=172.30.1.203-9618&alias=node3&noUDP&sock=startd_3597_d240>
...
001 (126811.002.000) 2022-03-30 13:42:26 Job executing on host: <172.30.1.203:9618?addrs=172.30.1.203-9618&alias=node3&noUDP&sock=startd_3597_d240>
...
001 (126811.001.000) 2022-03-30 13:42:26 Job executing on host: <172.30.1.203:9618?addrs=172.30.1.203-9618&alias=node3&noUDP&sock=startd_3597_d240>
...
001 (126811.003.000) 2022-03-30 13:42:26 Job executing on host: <172.30.1.203:9618?addrs=172.30.1.203-9618&alias=node3&noUDP&sock=startd_3597_d240>
...
001 (126811.005.000) 2022-03-30 13:42:27 Job executing on host: <172.30.1.203:9618?addrs=172.30.1.203-9618&alias=node3&noUDP&sock=startd_3597_d240>
...
001 (126811.004.000) 2022-03-30 13:42:27 Job executing on host: <172.30.1.203:9618?addrs=172.30.1.203-9618&alias=node3&noUDP&sock=startd_3597_d240>
...
001 (126811.006.000) 2022-03-30 13:42:27 Job executing on host: <172.30.1.203:9618?addrs=172.30.1.203-9618&alias=node3&noUDP&sock=startd_3597_d240>
...
001 (126811.007.000) 2022-03-30 13:42:27 Job executing on host: <172.30.1.203:9618?addrs=172.30.1.203-9618&alias=node3&noUDP&sock=startd_3597_d240>
...
001 (126811.009.000) 2022-03-30 13:42:27 Job executing on host: <172.30.1.203:9618?addrs=172.30.1.203-9618&alias=node3&noUDP&sock=startd_3597_d240>
...
001 (126811.008.000) 2022-03-30 13:42:27 Job executing on host: <172.30.1.203:9618?addrs=172.30.1.203-9618&alias=node3&noUDP&sock=startd_3597_d240>
...
001 (126811.010.000) 2022-03-30 13:42:27 Job executing on host: <172.30.1.203:9618?addrs=172.30.1.203-9618&alias=node3&noUDP&sock=startd_3597_d240>
...
001 (126811.011.000) 2022-03-30 13:42:27 Job executing on host: <172.30.1.203:9618?addrs=172.30.1.203-9618&alias=node3&noUDP&sock=startd_3597_d240>
...
001 (126811.012.000) 2022-03-30 13:42:27 Job executing on host: <172.30.1.203:9618?addrs=172.30.1.203-9618&alias=node3&noUDP&sock=startd_3597_d240>
...
001 (126811.014.000) 2022-03-30 13:42:27 Job executing on host: <172.30.1.203:9618?addrs=172.30.1.203-9618&alias=node3&noUDP&sock=startd_3597_d240>
...
001 (126811.013.000) 2022-03-30 13:42:27 Job executing on host: <172.30.1.203:9618?addrs=172.30.1.203-9618&alias=node3&noUDP&sock=startd_3597_d240>
...
001 (126811.015.000) 2022-03-30 13:42:27 Job executing on host: <172.30.1.203:9618?addrs=172.30.1.203-9618&alias=node3&noUDP&sock=startd_3597_d240>
...
001 (126811.016.000) 2022-03-30 13:42:27 Job executing on host: <172.30.1.203:9618?addrs=172.30.1.203-9618&alias=node3&noUDP&sock=startd_3597_d240>
...
001 (126811.017.000) 2022-03-30 13:42:27 Job executing on host: <172.30.1.203:9618?addrs=172.30.1.203-9618&alias=node3&noUDP&sock=startd_3597_d240>
...
001 (126811.018.000) 2022-03-30 13:42:27 Job executing on host: <172.30.1.203:9618?addrs=172.30.1.203-9618&alias=node3&noUDP&sock=startd_3597_d240>
...
001 (126811.019.000) 2022-03-30 13:42:28 Job executing on host: <172.30.1.203:9618?addrs=172.30.1.203-9618&alias=node3&noUDP&sock=startd_3597_d240>
...
006 (126811.003.000) 2022-03-30 13:42:35 Image size of job updated: 394048
	151  -  MemoryUsage of job (MB)
	154192  -  ResidentSetSize of job (KB)
...
006 (126811.005.000) 2022-03-30 13:42:35 Image size of job updated: 394048
	151  -  MemoryUsage of job (MB)
	154352  -  ResidentSetSize of job (KB)
...
006 (126811.004.000) 2022-03-30 13:42:35 Image size of job updated: 393380
	152  -  MemoryUsage of job (MB)
	154876  -  ResidentSetSize of job (KB)
...
006 (126811.006.000) 2022-03-30 13:42:35 Image size of job updated: 447268
	152  -  MemoryUsage of job (MB)
	154888  -  ResidentSetSize of job (KB)
...
006 (126811.007.000) 2022-03-30 13:42:35 Image size of job updated: 390288
	152  -  MemoryUsage of job (MB)
	155360  -  ResidentSetSize of job (KB)
...
006 (126811.009.000) 2022-03-30 13:42:35 Image size of job updated: 390156
	152  -  MemoryUsage of job (MB)
	155368  -  ResidentSetSize of job (KB)
...
006 (126811.008.000) 2022-03-30 13:42:35 Image size of job updated: 389492
	152  -  MemoryUsage of job (MB)
	154904  -  ResidentSetSize of job (KB)
...
006 (126811.010.000) 2022-03-30 13:42:35 Image size of job updated: 390024
	152  -  MemoryUsage of job (MB)
	155368  -  ResidentSetSize of job (KB)
...
006 (126811.000.000) 2022-03-30 13:42:35 Image size of job updated: 394048
	154  -  MemoryUsage of job (MB)
	157572  -  ResidentSetSize of job (KB)
...
006 (126811.002.000) 2022-03-30 13:42:35 Image size of job updated: 394048
	161  -  MemoryUsage of job (MB)
	163920  -  ResidentSetSize of job (KB)
...
006 (126811.001.000) 2022-03-30 13:42:35 Image size of job updated: 394048
	153  -  MemoryUsage of job (MB)
	156424  -  ResidentSetSize of job (KB)
...
006 (126811.018.000) 2022-03-30 13:42:36 Image size of job updated: 230720
	152  -  MemoryUsage of job (MB)
	155392  -  ResidentSetSize of job (KB)
...
006 (126811.019.000) 2022-03-30 13:42:36 Image size of job updated: 230720
	166  -  MemoryUsage of job (MB)
	169044  -  ResidentSetSize of job (KB)
...
006 (126811.011.000) 2022-03-30 13:42:36 Image size of job updated: 389228
	174  -  MemoryUsage of job (MB)
	177256  -  ResidentSetSize of job (KB)
...
006 (126811.012.000) 2022-03-30 13:42:36 Image size of job updated: 365084
	176  -  MemoryUsage of job (MB)
	179820  -  ResidentSetSize of job (KB)
...
006 (126811.014.000) 2022-03-30 13:42:36 Image size of job updated: 365084
	176  -  MemoryUsage of job (MB)
	179408  -  ResidentSetSize of job (KB)
...
006 (126811.013.000) 2022-03-30 13:42:36 Image size of job updated: 365084
	173  -  MemoryUsage of job (MB)
	177116  -  ResidentSetSize of job (KB)
...
006 (126811.015.000) 2022-03-30 13:42:36 Image size of job updated: 365084
	152  -  MemoryUsage of job (MB)
	155496  -  ResidentSetSize of job (KB)
...
006 (126811.019.000) 2022-03-30 13:42:36 Image size of job updated: 230720
	166  -  MemoryUsage of job (MB)
	169068  -  ResidentSetSize of job (KB)
...
006 (126811.012.000) 2022-03-30 13:42:36 Image size of job updated: 365084
	176  -  MemoryUsage of job (MB)
	179832  -  ResidentSetSize of job (KB)
...
006 (126811.016.000) 2022-03-30 13:42:36 Image size of job updated: 575080
	167  -  MemoryUsage of job (MB)
	170736  -  ResidentSetSize of job (KB)
...
005 (126811.010.000) 2022-03-30 13:42:36 Job terminated.
	(1) Normal termination (return value 0)
		Usr 0 00:00:03, Sys 0 00:00:01  -  Run Remote Usage
		Usr 0 00:00:00, Sys 0 00:00:00  -  Run Local Usage
		Usr 0 00:00:03, Sys 0 00:00:01  -  Total Remote Usage
		Usr 0 00:00:00, Sys 0 00:00:00  -  Total Local Usage
	0  -  Run Bytes Sent By Job
	0  -  Run Bytes Received By Job
	0  -  Total Bytes Sent By Job
	0  -  Total Bytes Received By Job
	Partitionable Resources :    Usage  Request Allocated 
	   Cpus                 :                 1         1 
	   Disk (KB)            :        1        1    129249 
	   Memory (MB)          :      152     3900      3968 

	Job terminated of its own accord at 2022-03-30T04:42:36Z.
...
006 (126811.017.000) 2022-03-30 13:42:37 Image size of job updated: 601356
	1  -  MemoryUsage of job (MB)
	388  -  ResidentSetSize of job (KB)
...
006 (126811.014.000) 2022-03-30 13:42:37 Image size of job updated: 599192
	176  -  MemoryUsage of job (MB)
	179408  -  ResidentSetSize of job (KB)
...
005 (126811.019.000) 2022-03-30 13:42:37 Job terminated.
	(1) Normal termination (return value 0)
		Usr 0 00:00:03, Sys 0 00:00:01  -  Run Remote Usage
		Usr 0 00:00:00, Sys 0 00:00:00  -  Run Local Usage
		Usr 0 00:00:03, Sys 0 00:00:01  -  Total Remote Usage
		Usr 0 00:00:00, Sys 0 00:00:00  -  Total Local Usage
	0  -  Run Bytes Sent By Job
	0  -  Run Bytes Received By Job
	0  -  Total Bytes Sent By Job
	0  -  Total Bytes Received By Job
	Partitionable Resources :    Usage  Request Allocated 
	   Cpus                 :                 1         1 
	   Disk (KB)            :        1        1    129249 
	   Memory (MB)          :      166     3900      3968 

	Job terminated of its own accord at 2022-03-30T04:42:36Z.
...
006 (126811.013.000) 2022-03-30 13:42:37 Image size of job updated: 601360
	173  -  MemoryUsage of job (MB)
	177116  -  ResidentSetSize of job (KB)
...
005 (126811.011.000) 2022-03-30 13:42:37 Job terminated.
	(1) Normal termination (return value 0)
		Usr 0 00:00:03, Sys 0 00:00:01  -  Run Remote Usage
		Usr 0 00:00:00, Sys 0 00:00:00  -  Run Local Usage
		Usr 0 00:00:03, Sys 0 00:00:01  -  Total Remote Usage
		Usr 0 00:00:00, Sys 0 00:00:00  -  Total Local Usage
	0  -  Run Bytes Sent By Job
	0  -  Run Bytes Received By Job
	0  -  Total Bytes Sent By Job
	0  -  Total Bytes Received By Job
	Partitionable Resources :    Usage  Request Allocated 
	   Cpus                 :                 1         1 
	   Disk (KB)            :        1        1    129249 
	   Memory (MB)          :      174     3900      3968 

	Job terminated of its own accord at 2022-03-30T04:42:36Z.
...
005 (126811.012.000) 2022-03-30 13:42:37 Job terminated.
	(1) Normal termination (return value 0)
		Usr 0 00:00:03, Sys 0 00:00:01  -  Run Remote Usage
		Usr 0 00:00:00, Sys 0 00:00:00  -  Run Local Usage
		Usr 0 00:00:03, Sys 0 00:00:01  -  Total Remote Usage
		Usr 0 00:00:00, Sys 0 00:00:00  -  Total Local Usage
	0  -  Run Bytes Sent By Job
	0  -  Run Bytes Received By Job
	0  -  Total Bytes Sent By Job
	0  -  Total Bytes Received By Job
	Partitionable Resources :    Usage  Request Allocated 
	   Cpus                 :                 1         1 
	   Disk (KB)            :        1        1    129249 
	   Memory (MB)          :      176     3900      3968 

	Job terminated of its own accord at 2022-03-30T04:42:36Z.
...
005 (126811.014.000) 2022-03-30 13:42:37 Job terminated.
	(1) Normal termination (return value 0)
		Usr 0 00:00:03, Sys 0 00:00:01  -  Run Remote Usage
		Usr 0 00:00:00, Sys 0 00:00:00  -  Run Local Usage
		Usr 0 00:00:03, Sys 0 00:00:01  -  Total Remote Usage
		Usr 0 00:00:00, Sys 0 00:00:00  -  Total Local Usage
	0  -  Run Bytes Sent By Job
	0  -  Run Bytes Received By Job
	0  -  Total Bytes Sent By Job
	0  -  Total Bytes Received By Job
	Partitionable Resources :    Usage  Request Allocated 
	   Cpus                 :                 1         1 
	   Disk (KB)            :        1        1    129249 
	   Memory (MB)          :      176     3900      3968 

	Job terminated of its own accord at 2022-03-30T04:42:36Z.
...
005 (126811.013.000) 2022-03-30 13:42:37 Job terminated.
	(1) Normal termination (return value 0)
		Usr 0 00:00:04, Sys 0 00:00:01  -  Run Remote Usage
		Usr 0 00:00:00, Sys 0 00:00:00  -  Run Local Usage
		Usr 0 00:00:04, Sys 0 00:00:01  -  Total Remote Usage
		Usr 0 00:00:00, Sys 0 00:00:00  -  Total Local Usage
	0  -  Run Bytes Sent By Job
	0  -  Run Bytes Received By Job
	0  -  Total Bytes Sent By Job
	0  -  Total Bytes Received By Job
	Partitionable Resources :    Usage  Request Allocated 
	   Cpus                 :                 1         1 
	   Disk (KB)            :        1        1    129249 
	   Memory (MB)          :      173     3900      3968 

	Job terminated of its own accord at 2022-03-30T04:42:37Z.
...
005 (126811.017.000) 2022-03-30 13:42:37 Job terminated.
	(1) Normal termination (return value 0)
		Usr 0 00:00:03, Sys 0 00:00:01  -  Run Remote Usage
		Usr 0 00:00:00, Sys 0 00:00:00  -  Run Local Usage
		Usr 0 00:00:03, Sys 0 00:00:01  -  Total Remote Usage
		Usr 0 00:00:00, Sys 0 00:00:00  -  Total Local Usage
	0  -  Run Bytes Sent By Job
	0  -  Run Bytes Received By Job
	0  -  Total Bytes Sent By Job
	0  -  Total Bytes Received By Job
	Partitionable Resources :    Usage  Request Allocated 
	   Cpus                 :                 1         1 
	   Disk (KB)            :        1        1    129249 
	   Memory (MB)          :        1     3900      3968 

	Job terminated of its own accord at 2022-03-30T04:42:37Z.
...
006 (126811.018.000) 2022-03-30 13:42:37 Image size of job updated: 601364
	152  -  MemoryUsage of job (MB)
	155520  -  ResidentSetSize of job (KB)
...
005 (126811.018.000) 2022-03-30 13:42:37 Job terminated.
	(1) Normal termination (return value 0)
		Usr 0 00:00:04, Sys 0 00:00:01  -  Run Remote Usage
		Usr 0 00:00:00, Sys 0 00:00:00  -  Run Local Usage
		Usr 0 00:00:04, Sys 0 00:00:01  -  Total Remote Usage
		Usr 0 00:00:00, Sys 0 00:00:00  -  Total Local Usage
	0  -  Run Bytes Sent By Job
	0  -  Run Bytes Received By Job
	0  -  Total Bytes Sent By Job
	0  -  Total Bytes Received By Job
	Partitionable Resources :    Usage  Request Allocated 
	   Cpus                 :                 1         1 
	   Disk (KB)            :        1        1    129249 
	   Memory (MB)          :      152     3900      3968 

	Job terminated of its own accord at 2022-03-30T04:42:37Z.
...
006 (126811.016.000) 2022-03-30 13:42:37 Image size of job updated: 601380
	167  -  MemoryUsage of job (MB)
	170816  -  ResidentSetSize of job (KB)
...
005 (126811.016.000) 2022-03-30 13:42:37 Job terminated.
	(1) Normal termination (return value 0)
		Usr 0 00:00:04, Sys 0 00:00:01  -  Run Remote Usage
		Usr 0 00:00:00, Sys 0 00:00:00  -  Run Local Usage
		Usr 0 00:00:04, Sys 0 00:00:01  -  Total Remote Usage
		Usr 0 00:00:00, Sys 0 00:00:00  -  Total Local Usage
	0  -  Run Bytes Sent By Job
	0  -  Run Bytes Received By Job
	0  -  Total Bytes Sent By Job
	0  -  Total Bytes Received By Job
	Partitionable Resources :    Usage  Request Allocated 
	   Cpus                 :                 1         1 
	   Disk (KB)            :        1        1    129249 
	   Memory (MB)          :      167     3900      3968 

	Job terminated of its own accord at 2022-03-30T04:42:37Z.
...
006 (126811.002.000) 2022-03-30 13:42:37 Image size of job updated: 603224
	161  -  MemoryUsage of job (MB)
	163956  -  ResidentSetSize of job (KB)
...
006 (126811.009.000) 2022-03-30 13:42:37 Image size of job updated: 603204
	152  -  MemoryUsage of job (MB)
	155368  -  ResidentSetSize of job (KB)
...
005 (126811.009.000) 2022-03-30 13:42:37 Job terminated.
	(1) Normal termination (return value 0)
		Usr 0 00:00:04, Sys 0 00:00:01  -  Run Remote Usage
		Usr 0 00:00:00, Sys 0 00:00:00  -  Run Local Usage
		Usr 0 00:00:04, Sys 0 00:00:01  -  Total Remote Usage
		Usr 0 00:00:00, Sys 0 00:00:00  -  Total Local Usage
	0  -  Run Bytes Sent By Job
	0  -  Run Bytes Received By Job
	0  -  Total Bytes Sent By Job
	0  -  Total Bytes Received By Job
	Partitionable Resources :    Usage  Request Allocated 
	   Cpus                 :                 1         1 
	   Disk (KB)            :        1        1    129249 
	   Memory (MB)          :      152     3900      3968 

	Job terminated of its own accord at 2022-03-30T04:42:37Z.
...
006 (126811.000.000) 2022-03-30 13:42:37 Image size of job updated: 603224
	154  -  MemoryUsage of job (MB)
	157572  -  ResidentSetSize of job (KB)
...
005 (126811.002.000) 2022-03-30 13:42:37 Job terminated.
	(1) Normal termination (return value 0)
		Usr 0 00:00:04, Sys 0 00:00:01  -  Run Remote Usage
		Usr 0 00:00:00, Sys 0 00:00:00  -  Run Local Usage
		Usr 0 00:00:04, Sys 0 00:00:01  -  Total Remote Usage
		Usr 0 00:00:00, Sys 0 00:00:00  -  Total Local Usage
	0  -  Run Bytes Sent By Job
	0  -  Run Bytes Received By Job
	0  -  Total Bytes Sent By Job
	0  -  Total Bytes Received By Job
	Partitionable Resources :    Usage  Request Allocated 
	   Cpus                 :                 1         1 
	   Disk (KB)            :        1        1    129249 
	   Memory (MB)          :      161     3900      3968 

	Job terminated of its own accord at 2022-03-30T04:42:37Z.
...
005 (126811.000.000) 2022-03-30 13:42:37 Job terminated.
	(1) Normal termination (return value 0)
		Usr 0 00:00:04, Sys 0 00:00:02  -  Run Remote Usage
		Usr 0 00:00:00, Sys 0 00:00:00  -  Run Local Usage
		Usr 0 00:00:04, Sys 0 00:00:02  -  Total Remote Usage
		Usr 0 00:00:00, Sys 0 00:00:00  -  Total Local Usage
	0  -  Run Bytes Sent By Job
	0  -  Run Bytes Received By Job
	0  -  Total Bytes Sent By Job
	0  -  Total Bytes Received By Job
	Partitionable Resources :    Usage  Request Allocated 
	   Cpus                 :                 1         1 
	   Disk (KB)            :        1        1    129249 
	   Memory (MB)          :      154     3900      3968 

	Job terminated of its own accord at 2022-03-30T04:42:37Z.
...
006 (126811.001.000) 2022-03-30 13:42:37 Image size of job updated: 603196
	153  -  MemoryUsage of job (MB)
	156424  -  ResidentSetSize of job (KB)
...
006 (126811.007.000) 2022-03-30 13:42:37 Image size of job updated: 603196
	152  -  MemoryUsage of job (MB)
	155364  -  ResidentSetSize of job (KB)
...
005 (126811.007.000) 2022-03-30 13:42:37 Job terminated.
	(1) Normal termination (return value 0)
		Usr 0 00:00:04, Sys 0 00:00:01  -  Run Remote Usage
		Usr 0 00:00:00, Sys 0 00:00:00  -  Run Local Usage
		Usr 0 00:00:04, Sys 0 00:00:01  -  Total Remote Usage
		Usr 0 00:00:00, Sys 0 00:00:00  -  Total Local Usage
	0  -  Run Bytes Sent By Job
	0  -  Run Bytes Received By Job
	0  -  Total Bytes Sent By Job
	0  -  Total Bytes Received By Job
	Partitionable Resources :    Usage  Request Allocated 
	   Cpus                 :                 1         1 
	   Disk (KB)            :        1        1    129249 
	   Memory (MB)          :      152     3900      3968 

	Job terminated of its own accord at 2022-03-30T04:42:37Z.
...
006 (126811.004.000) 2022-03-30 13:42:37 Image size of job updated: 603240
	152  -  MemoryUsage of job (MB)
	154876  -  ResidentSetSize of job (KB)
...
006 (126811.003.000) 2022-03-30 13:42:37 Image size of job updated: 610412
	151  -  MemoryUsage of job (MB)
	154192  -  ResidentSetSize of job (KB)
...
005 (126811.001.000) 2022-03-30 13:42:38 Job terminated.
	(1) Normal termination (return value 0)
		Usr 0 00:00:04, Sys 0 00:00:02  -  Run Remote Usage
		Usr 0 00:00:00, Sys 0 00:00:00  -  Run Local Usage
		Usr 0 00:00:04, Sys 0 00:00:02  -  Total Remote Usage
		Usr 0 00:00:00, Sys 0 00:00:00  -  Total Local Usage
	0  -  Run Bytes Sent By Job
	0  -  Run Bytes Received By Job
	0  -  Total Bytes Sent By Job
	0  -  Total Bytes Received By Job
	Partitionable Resources :    Usage  Request Allocated 
	   Cpus                 :                 1         1 
	   Disk (KB)            :        1        1    129249 
	   Memory (MB)          :      153     3900      3968 

	Job terminated of its own accord at 2022-03-30T04:42:37Z.
...
005 (126811.003.000) 2022-03-30 13:42:38 Job terminated.
	(1) Normal termination (return value 0)
		Usr 0 00:00:04, Sys 0 00:00:02  -  Run Remote Usage
		Usr 0 00:00:00, Sys 0 00:00:00  -  Run Local Usage
		Usr 0 00:00:04, Sys 0 00:00:02  -  Total Remote Usage
		Usr 0 00:00:00, Sys 0 00:00:00  -  Total Local Usage
	0  -  Run Bytes Sent By Job
	0  -  Run Bytes Received By Job
	0  -  Total Bytes Sent By Job
	0  -  Total Bytes Received By Job
	Partitionable Resources :    Usage  Request Allocated 
	   Cpus                 :                 1         1 
	   Disk (KB)            :        1        1    129249 
	   Memory (MB)          :      151     3900      3968 

	Job terminated of its own accord at 2022-03-30T04:42:37Z.
...
005 (126811.004.000) 2022-03-30 13:42:38 Job terminated.
	(1) Normal termination (return value 0)
		Usr 0 00:00:04, Sys 0 00:00:02  -  Run Remote Usage
		Usr 0 00:00:00, Sys 0 00:00:00  -  Run Local Usage
		Usr 0 00:00:04, Sys 0 00:00:02  -  Total Remote Usage
		Usr 0 00:00:00, Sys 0 00:00:00  -  Total Local Usage
	0  -  Run Bytes Sent By Job
	0  -  Run Bytes Received By Job
	0  -  Total Bytes Sent By Job
	0  -  Total Bytes Received By Job
	Partitionable Resources :    Usage  Request Allocated 
	   Cpus                 :                 1         1 
	   Disk (KB)            :        1        1    129249 
	   Memory (MB)          :      152     3900      3968 

	Job terminated of its own accord at 2022-03-30T04:42:37Z.
...
006 (126811.005.000) 2022-03-30 13:42:38 Image size of job updated: 603272
	151  -  MemoryUsage of job (MB)
	154372  -  ResidentSetSize of job (KB)
...
006 (126811.006.000) 2022-03-30 13:42:38 Image size of job updated: 602536
	152  -  MemoryUsage of job (MB)
	154888  -  ResidentSetSize of job (KB)
...
006 (126811.008.000) 2022-03-30 13:42:38 Image size of job updated: 603280
	152  -  MemoryUsage of job (MB)
	154916  -  ResidentSetSize of job (KB)
...
005 (126811.006.000) 2022-03-30 13:42:38 Job terminated.
	(1) Normal termination (return value 0)
		Usr 0 00:00:05, Sys 0 00:00:02  -  Run Remote Usage
		Usr 0 00:00:00, Sys 0 00:00:00  -  Run Local Usage
		Usr 0 00:00:05, Sys 0 00:00:02  -  Total Remote Usage
		Usr 0 00:00:00, Sys 0 00:00:00  -  Total Local Usage
	0  -  Run Bytes Sent By Job
	0  -  Run Bytes Received By Job
	0  -  Total Bytes Sent By Job
	0  -  Total Bytes Received By Job
	Partitionable Resources :    Usage  Request Allocated 
	   Cpus                 :                 1         1 
	   Disk (KB)            :        1        1    129249 
	   Memory (MB)          :      152     3900      3968 

	Job terminated of its own accord at 2022-03-30T04:42:38Z.
...
005 (126811.005.000) 2022-03-30 13:42:38 Job terminated.
	(1) Normal termination (return value 0)
		Usr 0 00:00:05, Sys 0 00:00:02  -  Run Remote Usage
		Usr 0 00:00:00, Sys 0 00:00:00  -  Run Local Usage
		Usr 0 00:00:05, Sys 0 00:00:02  -  Total Remote Usage
		Usr 0 00:00:00, Sys 0 00:00:00  -  Total Local Usage
	0  -  Run Bytes Sent By Job
	0  -  Run Bytes Received By Job
	0  -  Total Bytes Sent By Job
	0  -  Total Bytes Received By Job
	Partitionable Resources :    Usage  Request Allocated 
	   Cpus                 :                 1         1 
	   Disk (KB)            :        1        1    129249 
	   Memory (MB)          :      151     3900      3968 

	Job terminated of its own accord at 2022-03-30T04:42:38Z.
...
005 (126811.008.000) 2022-03-30 13:42:38 Job terminated.
	(1) Normal termination (return value 0)
		Usr 0 00:00:05, Sys 0 00:00:01  -  Run Remote Usage
		Usr 0 00:00:00, Sys 0 00:00:00  -  Run Local Usage
		Usr 0 00:00:05, Sys 0 00:00:01  -  Total Remote Usage
		Usr 0 00:00:00, Sys 0 00:00:00  -  Total Local Usage
	0  -  Run Bytes Sent By Job
	0  -  Run Bytes Received By Job
	0  -  Total Bytes Sent By Job
	0  -  Total Bytes Received By Job
	Partitionable Resources :    Usage  Request Allocated 
	   Cpus                 :                 1         1 
	   Disk (KB)            :        1        1    129249 
	   Memory (MB)          :      152     3900      3968 

	Job terminated of its own accord at 2022-03-30T04:42:38Z.
...
006 (126811.015.000) 2022-03-30 13:42:39 Image size of job updated: 599668
	152  -  MemoryUsage of job (MB)
	155496  -  ResidentSetSize of job (KB)
...
005 (126811.015.000) 2022-03-30 13:42:39 Job terminated.
	(1) Normal termination (return value 0)
		Usr 0 00:00:06, Sys 0 00:00:01  -  Run Remote Usage
		Usr 0 00:00:00, Sys 0 00:00:00  -  Run Local Usage
		Usr 0 00:00:06, Sys 0 00:00:01  -  Total Remote Usage
		Usr 0 00:00:00, Sys 0 00:00:00  -  Total Local Usage
	0  -  Run Bytes Sent By Job
	0  -  Run Bytes Received By Job
	0  -  Total Bytes Sent By Job
	0  -  Total Bytes Received By Job
	Partitionable Resources :    Usage  Request Allocated 
	   Cpus                 :                 1         1 
	   Disk (KB)            :        1        1    129249 
	   Memory (MB)          :      152     3900      3968 

	Job terminated of its own accord at 2022-03-30T04:42:39Z.
...
000 (127789.000.000) 2022-03-31 14:00:39 Job submitted from host: <172.30.1.200:9618?addrs=172.30.1.200-9618&alias=tamsa2.snu.ac.kr&noUDP&sock=schedd_3154_f5cb>
...
000 (127789.001.000) 2022-03-31 14:00:39 Job submitted from host: <172.30.1.200:9618?addrs=172.30.1.200-9618&alias=tamsa2.snu.ac.kr&noUDP&sock=schedd_3154_f5cb>
...
000 (127789.002.000) 2022-03-31 14:00:39 Job submitted from host: <172.30.1.200:9618?addrs=172.30.1.200-9618&alias=tamsa2.snu.ac.kr&noUDP&sock=schedd_3154_f5cb>
...
000 (127789.003.000) 2022-03-31 14:00:39 Job submitted from host: <172.30.1.200:9618?addrs=172.30.1.200-9618&alias=tamsa2.snu.ac.kr&noUDP&sock=schedd_3154_f5cb>
...
000 (127789.004.000) 2022-03-31 14:00:39 Job submitted from host: <172.30.1.200:9618?addrs=172.30.1.200-9618&alias=tamsa2.snu.ac.kr&noUDP&sock=schedd_3154_f5cb>
...
000 (127789.005.000) 2022-03-31 14:00:39 Job submitted from host: <172.30.1.200:9618?addrs=172.30.1.200-9618&alias=tamsa2.snu.ac.kr&noUDP&sock=schedd_3154_f5cb>
...
000 (127789.006.000) 2022-03-31 14:00:39 Job submitted from host: <172.30.1.200:9618?addrs=172.30.1.200-9618&alias=tamsa2.snu.ac.kr&noUDP&sock=schedd_3154_f5cb>
...
000 (127789.007.000) 2022-03-31 14:00:39 Job submitted from host: <172.30.1.200:9618?addrs=172.30.1.200-9618&alias=tamsa2.snu.ac.kr&noUDP&sock=schedd_3154_f5cb>
...
000 (127789.008.000) 2022-03-31 14:00:39 Job submitted from host: <172.30.1.200:9618?addrs=172.30.1.200-9618&alias=tamsa2.snu.ac.kr&noUDP&sock=schedd_3154_f5cb>
...
000 (127789.009.000) 2022-03-31 14:00:39 Job submitted from host: <172.30.1.200:9618?addrs=172.30.1.200-9618&alias=tamsa2.snu.ac.kr&noUDP&sock=schedd_3154_f5cb>
...
000 (127789.010.000) 2022-03-31 14:00:39 Job submitted from host: <172.30.1.200:9618?addrs=172.30.1.200-9618&alias=tamsa2.snu.ac.kr&noUDP&sock=schedd_3154_f5cb>
...
000 (127789.011.000) 2022-03-31 14:00:39 Job submitted from host: <172.30.1.200:9618?addrs=172.30.1.200-9618&alias=tamsa2.snu.ac.kr&noUDP&sock=schedd_3154_f5cb>
...
000 (127789.012.000) 2022-03-31 14:00:39 Job submitted from host: <172.30.1.200:9618?addrs=172.30.1.200-9618&alias=tamsa2.snu.ac.kr&noUDP&sock=schedd_3154_f5cb>
...
000 (127789.013.000) 2022-03-31 14:00:39 Job submitted from host: <172.30.1.200:9618?addrs=172.30.1.200-9618&alias=tamsa2.snu.ac.kr&noUDP&sock=schedd_3154_f5cb>
...
000 (127789.014.000) 2022-03-31 14:00:39 Job submitted from host: <172.30.1.200:9618?addrs=172.30.1.200-9618&alias=tamsa2.snu.ac.kr&noUDP&sock=schedd_3154_f5cb>
...
000 (127789.015.000) 2022-03-31 14:00:39 Job submitted from host: <172.30.1.200:9618?addrs=172.30.1.200-9618&alias=tamsa2.snu.ac.kr&noUDP&sock=schedd_3154_f5cb>
...
000 (127789.016.000) 2022-03-31 14:00:39 Job submitted from host: <172.30.1.200:9618?addrs=172.30.1.200-9618&alias=tamsa2.snu.ac.kr&noUDP&sock=schedd_3154_f5cb>
...
000 (127789.017.000) 2022-03-31 14:00:39 Job submitted from host: <172.30.1.200:9618?addrs=172.30.1.200-9618&alias=tamsa2.snu.ac.kr&noUDP&sock=schedd_3154_f5cb>
...
000 (127789.018.000) 2022-03-31 14:00:39 Job submitted from host: <172.30.1.200:9618?addrs=172.30.1.200-9618&alias=tamsa2.snu.ac.kr&noUDP&sock=schedd_3154_f5cb>
...
000 (127789.019.000) 2022-03-31 14:00:39 Job submitted from host: <172.30.1.200:9618?addrs=172.30.1.200-9618&alias=tamsa2.snu.ac.kr&noUDP&sock=schedd_3154_f5cb>
...
001 (127789.002.000) 2022-03-31 14:00:46 Job executing on host: <172.30.1.203:9618?addrs=172.30.1.203-9618&alias=node3&noUDP&sock=startd_3597_d240>
...
001 (127789.001.000) 2022-03-31 14:00:46 Job executing on host: <172.30.1.203:9618?addrs=172.30.1.203-9618&alias=node3&noUDP&sock=startd_3597_d240>
...
001 (127789.000.000) 2022-03-31 14:00:46 Job executing on host: <172.30.1.203:9618?addrs=172.30.1.203-9618&alias=node3&noUDP&sock=startd_3597_d240>
...
001 (127789.004.000) 2022-03-31 14:00:46 Job executing on host: <172.30.1.203:9618?addrs=172.30.1.203-9618&alias=node3&noUDP&sock=startd_3597_d240>
...
001 (127789.003.000) 2022-03-31 14:00:46 Job executing on host: <172.30.1.203:9618?addrs=172.30.1.203-9618&alias=node3&noUDP&sock=startd_3597_d240>
...
001 (127789.007.000) 2022-03-31 14:00:47 Job executing on host: <172.30.1.203:9618?addrs=172.30.1.203-9618&alias=node3&noUDP&sock=startd_3597_d240>
...
001 (127789.005.000) 2022-03-31 14:00:47 Job executing on host: <172.30.1.203:9618?addrs=172.30.1.203-9618&alias=node3&noUDP&sock=startd_3597_d240>
...
001 (127789.006.000) 2022-03-31 14:00:47 Job executing on host: <172.30.1.203:9618?addrs=172.30.1.203-9618&alias=node3&noUDP&sock=startd_3597_d240>
...
001 (127789.008.000) 2022-03-31 14:00:47 Job executing on host: <172.30.1.203:9618?addrs=172.30.1.203-9618&alias=node3&noUDP&sock=startd_3597_d240>
...
001 (127789.009.000) 2022-03-31 14:00:47 Job executing on host: <172.30.1.203:9618?addrs=172.30.1.203-9618&alias=node3&noUDP&sock=startd_3597_d240>
...
001 (127789.010.000) 2022-03-31 14:00:47 Job executing on host: <172.30.1.203:9618?addrs=172.30.1.203-9618&alias=node3&noUDP&sock=startd_3597_d240>
...
001 (127789.011.000) 2022-03-31 14:00:47 Job executing on host: <172.30.1.203:9618?addrs=172.30.1.203-9618&alias=node3&noUDP&sock=startd_3597_d240>
...
001 (127789.012.000) 2022-03-31 14:00:47 Job executing on host: <172.30.1.203:9618?addrs=172.30.1.203-9618&alias=node3&noUDP&sock=startd_3597_d240>
...
001 (127789.013.000) 2022-03-31 14:00:47 Job executing on host: <172.30.1.203:9618?addrs=172.30.1.203-9618&alias=node3&noUDP&sock=startd_3597_d240>
...
001 (127789.015.000) 2022-03-31 14:00:47 Job executing on host: <172.30.1.203:9618?addrs=172.30.1.203-9618&alias=node3&noUDP&sock=startd_3597_d240>
...
001 (127789.014.000) 2022-03-31 14:00:47 Job executing on host: <172.30.1.203:9618?addrs=172.30.1.203-9618&alias=node3&noUDP&sock=startd_3597_d240>
...
001 (127789.016.000) 2022-03-31 14:00:47 Job executing on host: <172.30.1.203:9618?addrs=172.30.1.203-9618&alias=node3&noUDP&sock=startd_3597_d240>
...
001 (127789.017.000) 2022-03-31 14:00:47 Job executing on host: <172.30.1.203:9618?addrs=172.30.1.203-9618&alias=node3&noUDP&sock=startd_3597_d240>
...
001 (127789.018.000) 2022-03-31 14:00:47 Job executing on host: <172.30.1.203:9618?addrs=172.30.1.203-9618&alias=node3&noUDP&sock=startd_3597_d240>
...
001 (127789.019.000) 2022-03-31 14:00:48 Job executing on host: <172.30.1.203:9618?addrs=172.30.1.203-9618&alias=node3&noUDP&sock=startd_3597_d240>
...
006 (127789.004.000) 2022-03-31 14:00:55 Image size of job updated: 401624
	151  -  MemoryUsage of job (MB)
	154272  -  ResidentSetSize of job (KB)
...
006 (127789.003.000) 2022-03-31 14:00:55 Image size of job updated: 401624
	151  -  MemoryUsage of job (MB)
	154048  -  ResidentSetSize of job (KB)
...
006 (127789.007.000) 2022-03-31 14:00:55 Image size of job updated: 401624
	151  -  MemoryUsage of job (MB)
	154224  -  ResidentSetSize of job (KB)
...
006 (127789.005.000) 2022-03-31 14:00:55 Image size of job updated: 401572
	152  -  MemoryUsage of job (MB)
	154992  -  ResidentSetSize of job (KB)
...
006 (127789.006.000) 2022-03-31 14:00:55 Image size of job updated: 401624
	152  -  MemoryUsage of job (MB)
	154984  -  ResidentSetSize of job (KB)
...
006 (127789.008.000) 2022-03-31 14:00:55 Image size of job updated: 401620
	152  -  MemoryUsage of job (MB)
	154992  -  ResidentSetSize of job (KB)
...
006 (127789.009.000) 2022-03-31 14:00:55 Image size of job updated: 401620
	152  -  MemoryUsage of job (MB)
	154984  -  ResidentSetSize of job (KB)
...
006 (127789.010.000) 2022-03-31 14:00:55 Image size of job updated: 401624
	152  -  MemoryUsage of job (MB)
	155456  -  ResidentSetSize of job (KB)
...
006 (127789.002.000) 2022-03-31 14:00:55 Image size of job updated: 401572
	158  -  MemoryUsage of job (MB)
	161308  -  ResidentSetSize of job (KB)
...
006 (127789.001.000) 2022-03-31 14:00:55 Image size of job updated: 401572
	152  -  MemoryUsage of job (MB)
	155576  -  ResidentSetSize of job (KB)
...
006 (127789.000.000) 2022-03-31 14:00:55 Image size of job updated: 401572
	160  -  MemoryUsage of job (MB)
	163188  -  ResidentSetSize of job (KB)
...
006 (127789.018.000) 2022-03-31 14:00:56 Image size of job updated: 401624
	152  -  MemoryUsage of job (MB)
	155472  -  ResidentSetSize of job (KB)
...
006 (127789.019.000) 2022-03-31 14:00:56 Image size of job updated: 401440
	152  -  MemoryUsage of job (MB)
	155500  -  ResidentSetSize of job (KB)
...
006 (127789.011.000) 2022-03-31 14:00:56 Image size of job updated: 401624
	174  -  MemoryUsage of job (MB)
	177176  -  ResidentSetSize of job (KB)
...
006 (127789.012.000) 2022-03-31 14:00:56 Image size of job updated: 401624
	177  -  MemoryUsage of job (MB)
	181196  -  ResidentSetSize of job (KB)
...
006 (127789.013.000) 2022-03-31 14:00:56 Image size of job updated: 401624
	171  -  MemoryUsage of job (MB)
	174900  -  ResidentSetSize of job (KB)
...
006 (127789.017.000) 2022-03-31 14:00:56 Image size of job updated: 401572
	0  -  MemoryUsage of job (MB)
	0  -  ResidentSetSize of job (KB)
...
005 (127789.017.000) 2022-03-31 14:00:56 Job terminated.
	(1) Normal termination (return value 0)
		Usr 0 00:00:03, Sys 0 00:00:01  -  Run Remote Usage
		Usr 0 00:00:00, Sys 0 00:00:00  -  Run Local Usage
		Usr 0 00:00:03, Sys 0 00:00:01  -  Total Remote Usage
		Usr 0 00:00:00, Sys 0 00:00:00  -  Total Local Usage
	0  -  Run Bytes Sent By Job
	0  -  Run Bytes Received By Job
	0  -  Total Bytes Sent By Job
	0  -  Total Bytes Received By Job
	Partitionable Resources :    Usage  Request Allocated 
	   Cpus                 :                 1         1 
	   Disk (KB)            :        1        1    129249 
	   Memory (MB)          :        0     3900      3968 

	Job terminated of its own accord at 2022-03-31T05:00:56Z.
...
006 (127789.015.000) 2022-03-31 14:00:56 Image size of job updated: 579920
	172  -  MemoryUsage of job (MB)
	175512  -  ResidentSetSize of job (KB)
...
006 (127789.014.000) 2022-03-31 14:00:56 Image size of job updated: 601368
	177  -  MemoryUsage of job (MB)
	181208  -  ResidentSetSize of job (KB)
...
005 (127789.010.000) 2022-03-31 14:00:56 Job terminated.
	(1) Normal termination (return value 0)
		Usr 0 00:00:03, Sys 0 00:00:01  -  Run Remote Usage
		Usr 0 00:00:00, Sys 0 00:00:00  -  Run Local Usage
		Usr 0 00:00:03, Sys 0 00:00:01  -  Total Remote Usage
		Usr 0 00:00:00, Sys 0 00:00:00  -  Total Local Usage
	0  -  Run Bytes Sent By Job
	0  -  Run Bytes Received By Job
	0  -  Total Bytes Sent By Job
	0  -  Total Bytes Received By Job
	Partitionable Resources :    Usage  Request Allocated 
	   Cpus                 :                 1         1 
	   Disk (KB)            :        1        1    129249 
	   Memory (MB)          :      152     3900      3968 

	Job terminated of its own accord at 2022-03-31T05:00:56Z.
...
005 (127789.012.000) 2022-03-31 14:00:56 Job terminated.
	(1) Normal termination (return value 0)
		Usr 0 00:00:03, Sys 0 00:00:01  -  Run Remote Usage
		Usr 0 00:00:00, Sys 0 00:00:00  -  Run Local Usage
		Usr 0 00:00:03, Sys 0 00:00:01  -  Total Remote Usage
		Usr 0 00:00:00, Sys 0 00:00:00  -  Total Local Usage
	0  -  Run Bytes Sent By Job
	0  -  Run Bytes Received By Job
	0  -  Total Bytes Sent By Job
	0  -  Total Bytes Received By Job
	Partitionable Resources :    Usage  Request Allocated 
	   Cpus                 :                 1         1 
	   Disk (KB)            :        1        1    129249 
	   Memory (MB)          :      177     3900      3968 

	Job terminated of its own accord at 2022-03-31T05:00:56Z.
...
006 (127789.016.000) 2022-03-31 14:00:56 Image size of job updated: 600612
	0  -  MemoryUsage of job (MB)
	0  -  ResidentSetSize of job (KB)
...
006 (127789.011.000) 2022-03-31 14:00:56 Image size of job updated: 601368
	174  -  MemoryUsage of job (MB)
	177176  -  ResidentSetSize of job (KB)
...
005 (127789.011.000) 2022-03-31 14:00:57 Job terminated.
	(1) Normal termination (return value 0)
		Usr 0 00:00:03, Sys 0 00:00:01  -  Run Remote Usage
		Usr 0 00:00:00, Sys 0 00:00:00  -  Run Local Usage
		Usr 0 00:00:03, Sys 0 00:00:01  -  Total Remote Usage
		Usr 0 00:00:00, Sys 0 00:00:00  -  Total Local Usage
	0  -  Run Bytes Sent By Job
	0  -  Run Bytes Received By Job
	0  -  Total Bytes Sent By Job
	0  -  Total Bytes Received By Job
	Partitionable Resources :    Usage  Request Allocated 
	   Cpus                 :                 1         1 
	   Disk (KB)            :        1        1    129249 
	   Memory (MB)          :      174     3900      3968 

	Job terminated of its own accord at 2022-03-31T05:00:56Z.
...
005 (127789.014.000) 2022-03-31 14:00:57 Job terminated.
	(1) Normal termination (return value 0)
		Usr 0 00:00:03, Sys 0 00:00:01  -  Run Remote Usage
		Usr 0 00:00:00, Sys 0 00:00:00  -  Run Local Usage
		Usr 0 00:00:03, Sys 0 00:00:01  -  Total Remote Usage
		Usr 0 00:00:00, Sys 0 00:00:00  -  Total Local Usage
	0  -  Run Bytes Sent By Job
	0  -  Run Bytes Received By Job
	0  -  Total Bytes Sent By Job
	0  -  Total Bytes Received By Job
	Partitionable Resources :    Usage  Request Allocated 
	   Cpus                 :                 1         1 
	   Disk (KB)            :        1        1    129249 
	   Memory (MB)          :      177     3900      3968 

	Job terminated of its own accord at 2022-03-31T05:00:56Z.
...
006 (127789.013.000) 2022-03-31 14:00:57 Image size of job updated: 601348
	171  -  MemoryUsage of job (MB)
	174912  -  ResidentSetSize of job (KB)
...
006 (127789.015.000) 2022-03-31 14:00:57 Image size of job updated: 601344
	172  -  MemoryUsage of job (MB)
	175540  -  ResidentSetSize of job (KB)
...
005 (127789.016.000) 2022-03-31 14:00:57 Job terminated.
	(1) Normal termination (return value 0)
		Usr 0 00:00:03, Sys 0 00:00:01  -  Run Remote Usage
		Usr 0 00:00:00, Sys 0 00:00:00  -  Run Local Usage
		Usr 0 00:00:03, Sys 0 00:00:01  -  Total Remote Usage
		Usr 0 00:00:00, Sys 0 00:00:00  -  Total Local Usage
	0  -  Run Bytes Sent By Job
	0  -  Run Bytes Received By Job
	0  -  Total Bytes Sent By Job
	0  -  Total Bytes Received By Job
	Partitionable Resources :    Usage  Request Allocated 
	   Cpus                 :                 1         1 
	   Disk (KB)            :        1        1    129249 
	   Memory (MB)          :        0     3900      3968 

	Job terminated of its own accord at 2022-03-31T05:00:56Z.
...
005 (127789.013.000) 2022-03-31 14:00:57 Job terminated.
	(1) Normal termination (return value 0)
		Usr 0 00:00:03, Sys 0 00:00:01  -  Run Remote Usage
		Usr 0 00:00:00, Sys 0 00:00:00  -  Run Local Usage
		Usr 0 00:00:03, Sys 0 00:00:01  -  Total Remote Usage
		Usr 0 00:00:00, Sys 0 00:00:00  -  Total Local Usage
	0  -  Run Bytes Sent By Job
	0  -  Run Bytes Received By Job
	0  -  Total Bytes Sent By Job
	0  -  Total Bytes Received By Job
	Partitionable Resources :    Usage  Request Allocated 
	   Cpus                 :                 1         1 
	   Disk (KB)            :        1        1    129249 
	   Memory (MB)          :      171     3900      3968 

	Job terminated of its own accord at 2022-03-31T05:00:57Z.
...
006 (127789.018.000) 2022-03-31 14:00:57 Image size of job updated: 601380
	152  -  MemoryUsage of job (MB)
	155472  -  ResidentSetSize of job (KB)
...
006 (127789.019.000) 2022-03-31 14:00:57 Image size of job updated: 601408
	152  -  MemoryUsage of job (MB)
	155500  -  ResidentSetSize of job (KB)
...
005 (127789.015.000) 2022-03-31 14:00:57 Job terminated.
	(1) Normal termination (return value 0)
		Usr 0 00:00:04, Sys 0 00:00:01  -  Run Remote Usage
		Usr 0 00:00:00, Sys 0 00:00:00  -  Run Local Usage
		Usr 0 00:00:04, Sys 0 00:00:01  -  Total Remote Usage
		Usr 0 00:00:00, Sys 0 00:00:00  -  Total Local Usage
	0  -  Run Bytes Sent By Job
	0  -  Run Bytes Received By Job
	0  -  Total Bytes Sent By Job
	0  -  Total Bytes Received By Job
	Partitionable Resources :    Usage  Request Allocated 
	   Cpus                 :                 1         1 
	   Disk (KB)            :        1        1    129249 
	   Memory (MB)          :      172     3900      3968 

	Job terminated of its own accord at 2022-03-31T05:00:57Z.
...
005 (127789.018.000) 2022-03-31 14:00:57 Job terminated.
	(1) Normal termination (return value 0)
		Usr 0 00:00:04, Sys 0 00:00:01  -  Run Remote Usage
		Usr 0 00:00:00, Sys 0 00:00:00  -  Run Local Usage
		Usr 0 00:00:04, Sys 0 00:00:01  -  Total Remote Usage
		Usr 0 00:00:00, Sys 0 00:00:00  -  Total Local Usage
	0  -  Run Bytes Sent By Job
	0  -  Run Bytes Received By Job
	0  -  Total Bytes Sent By Job
	0  -  Total Bytes Received By Job
	Partitionable Resources :    Usage  Request Allocated 
	   Cpus                 :                 1         1 
	   Disk (KB)            :        1        1    129249 
	   Memory (MB)          :      152     3900      3968 

	Job terminated of its own accord at 2022-03-31T05:00:57Z.
...
005 (127789.019.000) 2022-03-31 14:00:57 Job terminated.
	(1) Normal termination (return value 0)
		Usr 0 00:00:04, Sys 0 00:00:01  -  Run Remote Usage
		Usr 0 00:00:00, Sys 0 00:00:00  -  Run Local Usage
		Usr 0 00:00:04, Sys 0 00:00:01  -  Total Remote Usage
		Usr 0 00:00:00, Sys 0 00:00:00  -  Total Local Usage
	0  -  Run Bytes Sent By Job
	0  -  Run Bytes Received By Job
	0  -  Total Bytes Sent By Job
	0  -  Total Bytes Received By Job
	Partitionable Resources :    Usage  Request Allocated 
	   Cpus                 :                 1         1 
	   Disk (KB)            :        1        1    129249 
	   Memory (MB)          :      152     3900      3968 

	Job terminated of its own accord at 2022-03-31T05:00:57Z.
...
006 (127789.000.000) 2022-03-31 14:00:57 Image size of job updated: 603212
	160  -  MemoryUsage of job (MB)
	163192  -  ResidentSetSize of job (KB)
...
005 (127789.000.000) 2022-03-31 14:00:57 Job terminated.
	(1) Normal termination (return value 0)
		Usr 0 00:00:04, Sys 0 00:00:01  -  Run Remote Usage
		Usr 0 00:00:00, Sys 0 00:00:00  -  Run Local Usage
		Usr 0 00:00:04, Sys 0 00:00:01  -  Total Remote Usage
		Usr 0 00:00:00, Sys 0 00:00:00  -  Total Local Usage
	0  -  Run Bytes Sent By Job
	0  -  Run Bytes Received By Job
	0  -  Total Bytes Sent By Job
	0  -  Total Bytes Received By Job
	Partitionable Resources :    Usage  Request Allocated 
	   Cpus                 :                 1         1 
	   Disk (KB)            :        1        1    129249 
	   Memory (MB)          :      160     3900      3968 

	Job terminated of its own accord at 2022-03-31T05:00:57Z.
...
006 (127789.006.000) 2022-03-31 14:00:57 Image size of job updated: 603228
	152  -  MemoryUsage of job (MB)
	154984  -  ResidentSetSize of job (KB)
...
006 (127789.003.000) 2022-03-31 14:00:57 Image size of job updated: 603216
	151  -  MemoryUsage of job (MB)
	154048  -  ResidentSetSize of job (KB)
...
006 (127789.001.000) 2022-03-31 14:00:57 Image size of job updated: 603244
	152  -  MemoryUsage of job (MB)
	155576  -  ResidentSetSize of job (KB)
...
006 (127789.008.000) 2022-03-31 14:00:57 Image size of job updated: 603228
	152  -  MemoryUsage of job (MB)
	154992  -  ResidentSetSize of job (KB)
...
006 (127789.002.000) 2022-03-31 14:00:57 Image size of job updated: 601400
	158  -  MemoryUsage of job (MB)
	161332  -  ResidentSetSize of job (KB)
...
006 (127789.009.000) 2022-03-31 14:00:57 Image size of job updated: 603224
	152  -  MemoryUsage of job (MB)
	154984  -  ResidentSetSize of job (KB)
...
006 (127789.005.000) 2022-03-31 14:00:57 Image size of job updated: 603260
	152  -  MemoryUsage of job (MB)
	154992  -  ResidentSetSize of job (KB)
...
005 (127789.003.000) 2022-03-31 14:00:58 Job terminated.
	(1) Normal termination (return value 0)
		Usr 0 00:00:04, Sys 0 00:00:01  -  Run Remote Usage
		Usr 0 00:00:00, Sys 0 00:00:00  -  Run Local Usage
		Usr 0 00:00:04, Sys 0 00:00:01  -  Total Remote Usage
		Usr 0 00:00:00, Sys 0 00:00:00  -  Total Local Usage
	0  -  Run Bytes Sent By Job
	0  -  Run Bytes Received By Job
	0  -  Total Bytes Sent By Job
	0  -  Total Bytes Received By Job
	Partitionable Resources :    Usage  Request Allocated 
	   Cpus                 :                 1         1 
	   Disk (KB)            :        1        1    129249 
	   Memory (MB)          :      151     3900      3968 

	Job terminated of its own accord at 2022-03-31T05:00:57Z.
...
005 (127789.008.000) 2022-03-31 14:00:58 Job terminated.
	(1) Normal termination (return value 0)
		Usr 0 00:00:04, Sys 0 00:00:01  -  Run Remote Usage
		Usr 0 00:00:00, Sys 0 00:00:00  -  Run Local Usage
		Usr 0 00:00:04, Sys 0 00:00:01  -  Total Remote Usage
		Usr 0 00:00:00, Sys 0 00:00:00  -  Total Local Usage
	0  -  Run Bytes Sent By Job
	0  -  Run Bytes Received By Job
	0  -  Total Bytes Sent By Job
	0  -  Total Bytes Received By Job
	Partitionable Resources :    Usage  Request Allocated 
	   Cpus                 :                 1         1 
	   Disk (KB)            :        1        1    129249 
	   Memory (MB)          :      152     3900      3968 

	Job terminated of its own accord at 2022-03-31T05:00:57Z.
...
005 (127789.009.000) 2022-03-31 14:00:58 Job terminated.
	(1) Normal termination (return value 0)
		Usr 0 00:00:04, Sys 0 00:00:01  -  Run Remote Usage
		Usr 0 00:00:00, Sys 0 00:00:00  -  Run Local Usage
		Usr 0 00:00:04, Sys 0 00:00:01  -  Total Remote Usage
		Usr 0 00:00:00, Sys 0 00:00:00  -  Total Local Usage
	0  -  Run Bytes Sent By Job
	0  -  Run Bytes Received By Job
	0  -  Total Bytes Sent By Job
	0  -  Total Bytes Received By Job
	Partitionable Resources :    Usage  Request Allocated 
	   Cpus                 :                 1         1 
	   Disk (KB)            :        1        1    129249 
	   Memory (MB)          :      152     3900      3968 

	Job terminated of its own accord at 2022-03-31T05:00:57Z.
...
005 (127789.002.000) 2022-03-31 14:00:58 Job terminated.
	(1) Normal termination (return value 0)
		Usr 0 00:00:04, Sys 0 00:00:01  -  Run Remote Usage
		Usr 0 00:00:00, Sys 0 00:00:00  -  Run Local Usage
		Usr 0 00:00:04, Sys 0 00:00:01  -  Total Remote Usage
		Usr 0 00:00:00, Sys 0 00:00:00  -  Total Local Usage
	0  -  Run Bytes Sent By Job
	0  -  Run Bytes Received By Job
	0  -  Total Bytes Sent By Job
	0  -  Total Bytes Received By Job
	Partitionable Resources :    Usage  Request Allocated 
	   Cpus                 :                 1         1 
	   Disk (KB)            :        1        1    129249 
	   Memory (MB)          :      158     3900      3968 

	Job terminated of its own accord at 2022-03-31T05:00:57Z.
...
005 (127789.001.000) 2022-03-31 14:00:58 Job terminated.
	(1) Normal termination (return value 0)
		Usr 0 00:00:04, Sys 0 00:00:01  -  Run Remote Usage
		Usr 0 00:00:00, Sys 0 00:00:00  -  Run Local Usage
		Usr 0 00:00:04, Sys 0 00:00:01  -  Total Remote Usage
		Usr 0 00:00:00, Sys 0 00:00:00  -  Total Local Usage
	0  -  Run Bytes Sent By Job
	0  -  Run Bytes Received By Job
	0  -  Total Bytes Sent By Job
	0  -  Total Bytes Received By Job
	Partitionable Resources :    Usage  Request Allocated 
	   Cpus                 :                 1         1 
	   Disk (KB)            :        1        1    129249 
	   Memory (MB)          :      152     3900      3968 

	Job terminated of its own accord at 2022-03-31T05:00:57Z.
...
005 (127789.006.000) 2022-03-31 14:00:58 Job terminated.
	(1) Normal termination (return value 0)
		Usr 0 00:00:04, Sys 0 00:00:01  -  Run Remote Usage
		Usr 0 00:00:00, Sys 0 00:00:00  -  Run Local Usage
		Usr 0 00:00:04, Sys 0 00:00:01  -  Total Remote Usage
		Usr 0 00:00:00, Sys 0 00:00:00  -  Total Local Usage
	0  -  Run Bytes Sent By Job
	0  -  Run Bytes Received By Job
	0  -  Total Bytes Sent By Job
	0  -  Total Bytes Received By Job
	Partitionable Resources :    Usage  Request Allocated 
	   Cpus                 :                 1         1 
	   Disk (KB)            :        1        1    129249 
	   Memory (MB)          :      152     3900      3968 

	Job terminated of its own accord at 2022-03-31T05:00:57Z.
...
005 (127789.005.000) 2022-03-31 14:00:58 Job terminated.
	(1) Normal termination (return value 0)
		Usr 0 00:00:04, Sys 0 00:00:01  -  Run Remote Usage
		Usr 0 00:00:00, Sys 0 00:00:00  -  Run Local Usage
		Usr 0 00:00:04, Sys 0 00:00:01  -  Total Remote Usage
		Usr 0 00:00:00, Sys 0 00:00:00  -  Total Local Usage
	0  -  Run Bytes Sent By Job
	0  -  Run Bytes Received By Job
	0  -  Total Bytes Sent By Job
	0  -  Total Bytes Received By Job
	Partitionable Resources :    Usage  Request Allocated 
	   Cpus                 :                 1         1 
	   Disk (KB)            :        1        1    129249 
	   Memory (MB)          :      152     3900      3968 

	Job terminated of its own accord at 2022-03-31T05:00:57Z.
...
006 (127789.007.000) 2022-03-31 14:00:59 Image size of job updated: 603640
	151  -  MemoryUsage of job (MB)
	154264  -  ResidentSetSize of job (KB)
...
006 (127789.004.000) 2022-03-31 14:00:59 Image size of job updated: 603632
	151  -  MemoryUsage of job (MB)
	154272  -  ResidentSetSize of job (KB)
...
005 (127789.007.000) 2022-03-31 14:00:59 Job terminated.
	(1) Normal termination (return value 0)
		Usr 0 00:00:06, Sys 0 00:00:01  -  Run Remote Usage
		Usr 0 00:00:00, Sys 0 00:00:00  -  Run Local Usage
		Usr 0 00:00:06, Sys 0 00:00:01  -  Total Remote Usage
		Usr 0 00:00:00, Sys 0 00:00:00  -  Total Local Usage
	0  -  Run Bytes Sent By Job
	0  -  Run Bytes Received By Job
	0  -  Total Bytes Sent By Job
	0  -  Total Bytes Received By Job
	Partitionable Resources :    Usage  Request Allocated 
	   Cpus                 :                 1         1 
	   Disk (KB)            :        1        1    129249 
	   Memory (MB)          :      151     3900      3968 

	Job terminated of its own accord at 2022-03-31T05:00:59Z.
...
005 (127789.004.000) 2022-03-31 14:00:59 Job terminated.
	(1) Normal termination (return value 0)
		Usr 0 00:00:06, Sys 0 00:00:01  -  Run Remote Usage
		Usr 0 00:00:00, Sys 0 00:00:00  -  Run Local Usage
		Usr 0 00:00:06, Sys 0 00:00:01  -  Total Remote Usage
		Usr 0 00:00:00, Sys 0 00:00:00  -  Total Local Usage
	0  -  Run Bytes Sent By Job
	0  -  Run Bytes Received By Job
	0  -  Total Bytes Sent By Job
	0  -  Total Bytes Received By Job
	Partitionable Resources :    Usage  Request Allocated 
	   Cpus                 :                 1         1 
	   Disk (KB)            :        1        1    129249 
	   Memory (MB)          :      151     3900      3968 

	Job terminated of its own accord at 2022-03-31T05:00:59Z.
...
000 (127885.000.000) 2022-03-31 15:17:43 Job submitted from host: <172.30.1.200:9618?addrs=172.30.1.200-9618&alias=tamsa2.snu.ac.kr&noUDP&sock=schedd_3154_f5cb>
...
000 (127885.001.000) 2022-03-31 15:17:43 Job submitted from host: <172.30.1.200:9618?addrs=172.30.1.200-9618&alias=tamsa2.snu.ac.kr&noUDP&sock=schedd_3154_f5cb>
...
000 (127885.002.000) 2022-03-31 15:17:43 Job submitted from host: <172.30.1.200:9618?addrs=172.30.1.200-9618&alias=tamsa2.snu.ac.kr&noUDP&sock=schedd_3154_f5cb>
...
000 (127885.003.000) 2022-03-31 15:17:43 Job submitted from host: <172.30.1.200:9618?addrs=172.30.1.200-9618&alias=tamsa2.snu.ac.kr&noUDP&sock=schedd_3154_f5cb>
...
000 (127885.004.000) 2022-03-31 15:17:43 Job submitted from host: <172.30.1.200:9618?addrs=172.30.1.200-9618&alias=tamsa2.snu.ac.kr&noUDP&sock=schedd_3154_f5cb>
...
000 (127885.005.000) 2022-03-31 15:17:43 Job submitted from host: <172.30.1.200:9618?addrs=172.30.1.200-9618&alias=tamsa2.snu.ac.kr&noUDP&sock=schedd_3154_f5cb>
...
000 (127885.006.000) 2022-03-31 15:17:43 Job submitted from host: <172.30.1.200:9618?addrs=172.30.1.200-9618&alias=tamsa2.snu.ac.kr&noUDP&sock=schedd_3154_f5cb>
...
000 (127885.007.000) 2022-03-31 15:17:43 Job submitted from host: <172.30.1.200:9618?addrs=172.30.1.200-9618&alias=tamsa2.snu.ac.kr&noUDP&sock=schedd_3154_f5cb>
...
000 (127885.008.000) 2022-03-31 15:17:43 Job submitted from host: <172.30.1.200:9618?addrs=172.30.1.200-9618&alias=tamsa2.snu.ac.kr&noUDP&sock=schedd_3154_f5cb>
...
000 (127885.009.000) 2022-03-31 15:17:43 Job submitted from host: <172.30.1.200:9618?addrs=172.30.1.200-9618&alias=tamsa2.snu.ac.kr&noUDP&sock=schedd_3154_f5cb>
...
000 (127885.010.000) 2022-03-31 15:17:43 Job submitted from host: <172.30.1.200:9618?addrs=172.30.1.200-9618&alias=tamsa2.snu.ac.kr&noUDP&sock=schedd_3154_f5cb>
...
000 (127885.011.000) 2022-03-31 15:17:43 Job submitted from host: <172.30.1.200:9618?addrs=172.30.1.200-9618&alias=tamsa2.snu.ac.kr&noUDP&sock=schedd_3154_f5cb>
...
000 (127885.012.000) 2022-03-31 15:17:43 Job submitted from host: <172.30.1.200:9618?addrs=172.30.1.200-9618&alias=tamsa2.snu.ac.kr&noUDP&sock=schedd_3154_f5cb>
...
000 (127885.013.000) 2022-03-31 15:17:43 Job submitted from host: <172.30.1.200:9618?addrs=172.30.1.200-9618&alias=tamsa2.snu.ac.kr&noUDP&sock=schedd_3154_f5cb>
...
000 (127885.014.000) 2022-03-31 15:17:43 Job submitted from host: <172.30.1.200:9618?addrs=172.30.1.200-9618&alias=tamsa2.snu.ac.kr&noUDP&sock=schedd_3154_f5cb>
...
000 (127885.015.000) 2022-03-31 15:17:43 Job submitted from host: <172.30.1.200:9618?addrs=172.30.1.200-9618&alias=tamsa2.snu.ac.kr&noUDP&sock=schedd_3154_f5cb>
...
000 (127885.016.000) 2022-03-31 15:17:43 Job submitted from host: <172.30.1.200:9618?addrs=172.30.1.200-9618&alias=tamsa2.snu.ac.kr&noUDP&sock=schedd_3154_f5cb>
...
000 (127885.017.000) 2022-03-31 15:17:43 Job submitted from host: <172.30.1.200:9618?addrs=172.30.1.200-9618&alias=tamsa2.snu.ac.kr&noUDP&sock=schedd_3154_f5cb>
...
000 (127885.018.000) 2022-03-31 15:17:43 Job submitted from host: <172.30.1.200:9618?addrs=172.30.1.200-9618&alias=tamsa2.snu.ac.kr&noUDP&sock=schedd_3154_f5cb>
...
000 (127885.019.000) 2022-03-31 15:17:43 Job submitted from host: <172.30.1.200:9618?addrs=172.30.1.200-9618&alias=tamsa2.snu.ac.kr&noUDP&sock=schedd_3154_f5cb>
...
001 (127885.000.000) 2022-03-31 15:18:06 Job executing on host: <172.30.1.208:9618?addrs=172.30.1.208-9618&alias=node8&noUDP&sock=startd_32564_c61f>
...
001 (127885.001.000) 2022-03-31 15:18:06 Job executing on host: <172.30.1.208:9618?addrs=172.30.1.208-9618&alias=node8&noUDP&sock=startd_32564_c61f>
...
001 (127885.002.000) 2022-03-31 15:18:06 Job executing on host: <172.30.1.208:9618?addrs=172.30.1.208-9618&alias=node8&noUDP&sock=startd_32564_c61f>
...
001 (127885.003.000) 2022-03-31 15:18:06 Job executing on host: <172.30.1.208:9618?addrs=172.30.1.208-9618&alias=node8&noUDP&sock=startd_32564_c61f>
...
001 (127885.004.000) 2022-03-31 15:18:06 Job executing on host: <172.30.1.208:9618?addrs=172.30.1.208-9618&alias=node8&noUDP&sock=startd_32564_c61f>
...
001 (127885.005.000) 2022-03-31 15:18:06 Job executing on host: <172.30.1.208:9618?addrs=172.30.1.208-9618&alias=node8&noUDP&sock=startd_32564_c61f>
...
001 (127885.006.000) 2022-03-31 15:18:06 Job executing on host: <172.30.1.208:9618?addrs=172.30.1.208-9618&alias=node8&noUDP&sock=startd_32564_c61f>
...
001 (127885.007.000) 2022-03-31 15:18:06 Job executing on host: <172.30.1.208:9618?addrs=172.30.1.208-9618&alias=node8&noUDP&sock=startd_32564_c61f>
...
001 (127885.008.000) 2022-03-31 15:18:06 Job executing on host: <172.30.1.208:9618?addrs=172.30.1.208-9618&alias=node8&noUDP&sock=startd_32564_c61f>
...
001 (127885.009.000) 2022-03-31 15:18:06 Job executing on host: <172.30.1.208:9618?addrs=172.30.1.208-9618&alias=node8&noUDP&sock=startd_32564_c61f>
...
001 (127885.010.000) 2022-03-31 15:18:06 Job executing on host: <172.30.1.208:9618?addrs=172.30.1.208-9618&alias=node8&noUDP&sock=startd_32564_c61f>
...
001 (127885.011.000) 2022-03-31 15:18:06 Job executing on host: <172.30.1.208:9618?addrs=172.30.1.208-9618&alias=node8&noUDP&sock=startd_32564_c61f>
...
001 (127885.012.000) 2022-03-31 15:18:06 Job executing on host: <172.30.1.208:9618?addrs=172.30.1.208-9618&alias=node8&noUDP&sock=startd_32564_c61f>
...
001 (127885.013.000) 2022-03-31 15:18:06 Job executing on host: <172.30.1.208:9618?addrs=172.30.1.208-9618&alias=node8&noUDP&sock=startd_32564_c61f>
...
001 (127885.014.000) 2022-03-31 15:18:07 Job executing on host: <172.30.1.208:9618?addrs=172.30.1.208-9618&alias=node8&noUDP&sock=startd_32564_c61f>
...
001 (127885.015.000) 2022-03-31 15:18:07 Job executing on host: <172.30.1.208:9618?addrs=172.30.1.208-9618&alias=node8&noUDP&sock=startd_32564_c61f>
...
001 (127885.016.000) 2022-03-31 15:18:07 Job executing on host: <172.30.1.208:9618?addrs=172.30.1.208-9618&alias=node8&noUDP&sock=startd_32564_c61f>
...
001 (127885.017.000) 2022-03-31 15:18:07 Job executing on host: <172.30.1.208:9618?addrs=172.30.1.208-9618&alias=node8&noUDP&sock=startd_32564_c61f>
...
001 (127885.018.000) 2022-03-31 15:18:07 Job executing on host: <172.30.1.208:9618?addrs=172.30.1.208-9618&alias=node8&noUDP&sock=startd_32564_c61f>
...
001 (127885.019.000) 2022-03-31 15:18:07 Job executing on host: <172.30.1.208:9618?addrs=172.30.1.208-9618&alias=node8&noUDP&sock=startd_32564_c61f>
...
006 (127885.000.000) 2022-03-31 15:18:14 Image size of job updated: 498672
	141  -  MemoryUsage of job (MB)
	143748  -  ResidentSetSize of job (KB)
...
006 (127885.001.000) 2022-03-31 15:18:14 Image size of job updated: 499772
	142  -  MemoryUsage of job (MB)
	144792  -  ResidentSetSize of job (KB)
...
006 (127885.002.000) 2022-03-31 15:18:14 Image size of job updated: 498404
	141  -  MemoryUsage of job (MB)
	143852  -  ResidentSetSize of job (KB)
...
006 (127885.003.000) 2022-03-31 15:18:14 Image size of job updated: 499772
	143  -  MemoryUsage of job (MB)
	145968  -  ResidentSetSize of job (KB)
...
006 (127885.004.000) 2022-03-31 15:18:14 Image size of job updated: 498676
	146  -  MemoryUsage of job (MB)
	148688  -  ResidentSetSize of job (KB)
...
006 (127885.005.000) 2022-03-31 15:18:14 Image size of job updated: 499772
	146  -  MemoryUsage of job (MB)
	148732  -  ResidentSetSize of job (KB)
...
006 (127885.013.000) 2022-03-31 15:18:15 Image size of job updated: 498404
	151  -  MemoryUsage of job (MB)
	154008  -  ResidentSetSize of job (KB)
...
006 (127885.014.000) 2022-03-31 15:18:15 Image size of job updated: 499772
	152  -  MemoryUsage of job (MB)
	154984  -  ResidentSetSize of job (KB)
...
006 (127885.015.000) 2022-03-31 15:18:15 Image size of job updated: 498404
	152  -  MemoryUsage of job (MB)
	155472  -  ResidentSetSize of job (KB)
...
006 (127885.016.000) 2022-03-31 15:18:15 Image size of job updated: 498808
	153  -  MemoryUsage of job (MB)
	155696  -  ResidentSetSize of job (KB)
...
006 (127885.017.000) 2022-03-31 15:18:15 Image size of job updated: 499772
	153  -  MemoryUsage of job (MB)
	155940  -  ResidentSetSize of job (KB)
...
006 (127885.018.000) 2022-03-31 15:18:15 Image size of job updated: 499772
	153  -  MemoryUsage of job (MB)
	156344  -  ResidentSetSize of job (KB)
...
006 (127885.006.000) 2022-03-31 15:18:15 Image size of job updated: 498676
	154  -  MemoryUsage of job (MB)
	156912  -  ResidentSetSize of job (KB)
...
006 (127885.007.000) 2022-03-31 15:18:15 Image size of job updated: 499772
	154  -  MemoryUsage of job (MB)
	156920  -  ResidentSetSize of job (KB)
...
006 (127885.008.000) 2022-03-31 15:18:15 Image size of job updated: 498672
	154  -  MemoryUsage of job (MB)
	156900  -  ResidentSetSize of job (KB)
...
006 (127885.009.000) 2022-03-31 15:18:15 Image size of job updated: 498540
	154  -  MemoryUsage of job (MB)
	156912  -  ResidentSetSize of job (KB)
...
006 (127885.010.000) 2022-03-31 15:18:15 Image size of job updated: 499772
	154  -  MemoryUsage of job (MB)
	156936  -  ResidentSetSize of job (KB)
...
006 (127885.011.000) 2022-03-31 15:18:15 Image size of job updated: 499772
	154  -  MemoryUsage of job (MB)
	157008  -  ResidentSetSize of job (KB)
...
006 (127885.012.000) 2022-03-31 15:18:15 Image size of job updated: 498404
	154  -  MemoryUsage of job (MB)
	157376  -  ResidentSetSize of job (KB)
...
006 (127885.019.000) 2022-03-31 15:18:16 Image size of job updated: 499772
	162  -  MemoryUsage of job (MB)
	165164  -  ResidentSetSize of job (KB)
...
005 (127885.019.000) 2022-03-31 15:18:19 Job terminated.
	(1) Normal termination (return value 0)
		Usr 0 00:00:05, Sys 0 00:00:02  -  Run Remote Usage
		Usr 0 00:00:00, Sys 0 00:00:00  -  Run Local Usage
		Usr 0 00:00:05, Sys 0 00:00:02  -  Total Remote Usage
		Usr 0 00:00:00, Sys 0 00:00:00  -  Total Local Usage
	0  -  Run Bytes Sent By Job
	0  -  Run Bytes Received By Job
	0  -  Total Bytes Sent By Job
	0  -  Total Bytes Received By Job
	Partitionable Resources :    Usage  Request Allocated 
	   Cpus                 :     0.55        1         1 
	   Disk (KB)            :     1           1    121125 
	   Memory (MB)          :   162        3900      3968 

	Job terminated of its own accord at 2022-03-31T06:18:19Z.
...
005 (127885.006.000) 2022-03-31 15:18:20 Job terminated.
	(1) Normal termination (return value 0)
		Usr 0 00:00:05, Sys 0 00:00:02  -  Run Remote Usage
		Usr 0 00:00:00, Sys 0 00:00:00  -  Run Local Usage
		Usr 0 00:00:05, Sys 0 00:00:02  -  Total Remote Usage
		Usr 0 00:00:00, Sys 0 00:00:00  -  Total Local Usage
	0  -  Run Bytes Sent By Job
	0  -  Run Bytes Received By Job
	0  -  Total Bytes Sent By Job
	0  -  Total Bytes Received By Job
	Partitionable Resources :    Usage  Request Allocated 
	   Cpus                 :     0.53        1         1 
	   Disk (KB)            :     1           1    121125 
	   Memory (MB)          :   154        3900      3968 

	Job terminated of its own accord at 2022-03-31T06:18:19Z.
...
005 (127885.002.000) 2022-03-31 15:18:20 Job terminated.
	(1) Normal termination (return value 0)
		Usr 0 00:00:05, Sys 0 00:00:02  -  Run Remote Usage
		Usr 0 00:00:00, Sys 0 00:00:00  -  Run Local Usage
		Usr 0 00:00:05, Sys 0 00:00:02  -  Total Remote Usage
		Usr 0 00:00:00, Sys 0 00:00:00  -  Total Local Usage
	0  -  Run Bytes Sent By Job
	0  -  Run Bytes Received By Job
	0  -  Total Bytes Sent By Job
	0  -  Total Bytes Received By Job
	Partitionable Resources :    Usage  Request Allocated 
	   Cpus                 :     0.51        1         1 
	   Disk (KB)            :     1           1    121125 
	   Memory (MB)          :   141        3900      3968 

	Job terminated of its own accord at 2022-03-31T06:18:19Z.
...
006 (127885.008.000) 2022-03-31 15:18:20 Image size of job updated: 605348
	154  -  MemoryUsage of job (MB)
	156900  -  ResidentSetSize of job (KB)
...
005 (127885.008.000) 2022-03-31 15:18:20 Job terminated.
	(1) Normal termination (return value 0)
		Usr 0 00:00:05, Sys 0 00:00:02  -  Run Remote Usage
		Usr 0 00:00:00, Sys 0 00:00:00  -  Run Local Usage
		Usr 0 00:00:05, Sys 0 00:00:02  -  Total Remote Usage
		Usr 0 00:00:00, Sys 0 00:00:00  -  Total Local Usage
	0  -  Run Bytes Sent By Job
	0  -  Run Bytes Received By Job
	0  -  Total Bytes Sent By Job
	0  -  Total Bytes Received By Job
	Partitionable Resources :    Usage  Request Allocated 
	   Cpus                 :     0.54        1         1 
	   Disk (KB)            :     1           1    121125 
	   Memory (MB)          :   154        3900      3968 

	Job terminated of its own accord at 2022-03-31T06:18:20Z.
...
006 (127885.000.000) 2022-03-31 15:18:20 Image size of job updated: 605368
	141  -  MemoryUsage of job (MB)
	143784  -  ResidentSetSize of job (KB)
...
006 (127885.011.000) 2022-03-31 15:18:20 Image size of job updated: 605400
	154  -  MemoryUsage of job (MB)
	157008  -  ResidentSetSize of job (KB)
...
006 (127885.005.000) 2022-03-31 15:18:20 Image size of job updated: 605364
	146  -  MemoryUsage of job (MB)
	148732  -  ResidentSetSize of job (KB)
...
006 (127885.007.000) 2022-03-31 15:18:20 Image size of job updated: 605344
	154  -  MemoryUsage of job (MB)
	156920  -  ResidentSetSize of job (KB)
...
006 (127885.001.000) 2022-03-31 15:18:20 Image size of job updated: 605344
	142  -  MemoryUsage of job (MB)
	144792  -  ResidentSetSize of job (KB)
...
006 (127885.004.000) 2022-03-31 15:18:20 Image size of job updated: 605356
	146  -  MemoryUsage of job (MB)
	148696  -  ResidentSetSize of job (KB)
...
006 (127885.014.000) 2022-03-31 15:18:20 Image size of job updated: 605504
	152  -  MemoryUsage of job (MB)
	154988  -  ResidentSetSize of job (KB)
...
006 (127885.003.000) 2022-03-31 15:18:20 Image size of job updated: 605352
	143  -  MemoryUsage of job (MB)
	146156  -  ResidentSetSize of job (KB)
...
005 (127885.000.000) 2022-03-31 15:18:20 Job terminated.
	(1) Normal termination (return value 0)
		Usr 0 00:00:05, Sys 0 00:00:02  -  Run Remote Usage
		Usr 0 00:00:00, Sys 0 00:00:00  -  Run Local Usage
		Usr 0 00:00:05, Sys 0 00:00:02  -  Total Remote Usage
		Usr 0 00:00:00, Sys 0 00:00:00  -  Total Local Usage
	0  -  Run Bytes Sent By Job
	0  -  Run Bytes Received By Job
	0  -  Total Bytes Sent By Job
	0  -  Total Bytes Received By Job
	Partitionable Resources :    Usage  Request Allocated 
	   Cpus                 :     0.50        1         1 
	   Disk (KB)            :     1           1    121125 
	   Memory (MB)          :   141        3900      3968 

	Job terminated of its own accord at 2022-03-31T06:18:20Z.
...
006 (127885.016.000) 2022-03-31 15:18:20 Image size of job updated: 605528
	153  -  MemoryUsage of job (MB)
	155704  -  ResidentSetSize of job (KB)
...
006 (127885.012.000) 2022-03-31 15:18:20 Image size of job updated: 614336
	154  -  MemoryUsage of job (MB)
	157376  -  ResidentSetSize of job (KB)
...
006 (127885.015.000) 2022-03-31 15:18:20 Image size of job updated: 605384
	152  -  MemoryUsage of job (MB)
	155472  -  ResidentSetSize of job (KB)
...
006 (127885.010.000) 2022-03-31 15:18:20 Image size of job updated: 605504
	154  -  MemoryUsage of job (MB)
	156936  -  ResidentSetSize of job (KB)
...
006 (127885.017.000) 2022-03-31 15:18:20 Image size of job updated: 605368
	153  -  MemoryUsage of job (MB)
	155948  -  ResidentSetSize of job (KB)
...
005 (127885.011.000) 2022-03-31 15:18:20 Job terminated.
	(1) Normal termination (return value 0)
		Usr 0 00:00:06, Sys 0 00:00:02  -  Run Remote Usage
		Usr 0 00:00:00, Sys 0 00:00:00  -  Run Local Usage
		Usr 0 00:00:06, Sys 0 00:00:02  -  Total Remote Usage
		Usr 0 00:00:00, Sys 0 00:00:00  -  Total Local Usage
	0  -  Run Bytes Sent By Job
	0  -  Run Bytes Received By Job
	0  -  Total Bytes Sent By Job
	0  -  Total Bytes Received By Job
	Partitionable Resources :    Usage  Request Allocated 
	   Cpus                 :     0.53        1         1 
	   Disk (KB)            :     1           1    121125 
	   Memory (MB)          :   154        3900      3968 

	Job terminated of its own accord at 2022-03-31T06:18:20Z.
...
005 (127885.005.000) 2022-03-31 15:18:20 Job terminated.
	(1) Normal termination (return value 0)
		Usr 0 00:00:05, Sys 0 00:00:02  -  Run Remote Usage
		Usr 0 00:00:00, Sys 0 00:00:00  -  Run Local Usage
		Usr 0 00:00:05, Sys 0 00:00:02  -  Total Remote Usage
		Usr 0 00:00:00, Sys 0 00:00:00  -  Total Local Usage
	0  -  Run Bytes Sent By Job
	0  -  Run Bytes Received By Job
	0  -  Total Bytes Sent By Job
	0  -  Total Bytes Received By Job
	Partitionable Resources :    Usage  Request Allocated 
	   Cpus                 :     0.52        1         1 
	   Disk (KB)            :     1           1    121125 
	   Memory (MB)          :   146        3900      3968 

	Job terminated of its own accord at 2022-03-31T06:18:20Z.
...
006 (127885.009.000) 2022-03-31 15:18:20 Image size of job updated: 605340
	154  -  MemoryUsage of job (MB)
	156912  -  ResidentSetSize of job (KB)
...
005 (127885.007.000) 2022-03-31 15:18:20 Job terminated.
	(1) Normal termination (return value 0)
		Usr 0 00:00:05, Sys 0 00:00:02  -  Run Remote Usage
		Usr 0 00:00:00, Sys 0 00:00:00  -  Run Local Usage
		Usr 0 00:00:05, Sys 0 00:00:02  -  Total Remote Usage
		Usr 0 00:00:00, Sys 0 00:00:00  -  Total Local Usage
	0  -  Run Bytes Sent By Job
	0  -  Run Bytes Received By Job
	0  -  Total Bytes Sent By Job
	0  -  Total Bytes Received By Job
	Partitionable Resources :    Usage  Request Allocated 
	   Cpus                 :     0.53        1         1 
	   Disk (KB)            :     1           1    121125 
	   Memory (MB)          :   154        3900      3968 

	Job terminated of its own accord at 2022-03-31T06:18:20Z.
...
005 (127885.004.000) 2022-03-31 15:18:20 Job terminated.
	(1) Normal termination (return value 0)
		Usr 0 00:00:05, Sys 0 00:00:02  -  Run Remote Usage
		Usr 0 00:00:00, Sys 0 00:00:00  -  Run Local Usage
		Usr 0 00:00:05, Sys 0 00:00:02  -  Total Remote Usage
		Usr 0 00:00:00, Sys 0 00:00:00  -  Total Local Usage
	0  -  Run Bytes Sent By Job
	0  -  Run Bytes Received By Job
	0  -  Total Bytes Sent By Job
	0  -  Total Bytes Received By Job
	Partitionable Resources :    Usage  Request Allocated 
	   Cpus                 :     0.51        1         1 
	   Disk (KB)            :     1           1    121125 
	   Memory (MB)          :   146        3900      3968 

	Job terminated of its own accord at 2022-03-31T06:18:20Z.
...
005 (127885.003.000) 2022-03-31 15:18:20 Job terminated.
	(1) Normal termination (return value 0)
		Usr 0 00:00:05, Sys 0 00:00:02  -  Run Remote Usage
		Usr 0 00:00:00, Sys 0 00:00:00  -  Run Local Usage
		Usr 0 00:00:05, Sys 0 00:00:02  -  Total Remote Usage
		Usr 0 00:00:00, Sys 0 00:00:00  -  Total Local Usage
	0  -  Run Bytes Sent By Job
	0  -  Run Bytes Received By Job
	0  -  Total Bytes Sent By Job
	0  -  Total Bytes Received By Job
	Partitionable Resources :    Usage  Request Allocated 
	   Cpus                 :     0.50        1         1 
	   Disk (KB)            :     1           1    121125 
	   Memory (MB)          :   143        3900      3968 

	Job terminated of its own accord at 2022-03-31T06:18:20Z.
...
005 (127885.014.000) 2022-03-31 15:18:20 Job terminated.
	(1) Normal termination (return value 0)
		Usr 0 00:00:06, Sys 0 00:00:02  -  Run Remote Usage
		Usr 0 00:00:00, Sys 0 00:00:00  -  Run Local Usage
		Usr 0 00:00:06, Sys 0 00:00:02  -  Total Remote Usage
		Usr 0 00:00:00, Sys 0 00:00:00  -  Total Local Usage
	0  -  Run Bytes Sent By Job
	0  -  Run Bytes Received By Job
	0  -  Total Bytes Sent By Job
	0  -  Total Bytes Received By Job
	Partitionable Resources :    Usage  Request Allocated 
	   Cpus                 :     0.54        1         1 
	   Disk (KB)            :     1           1    121125 
	   Memory (MB)          :   152        3900      3968 

	Job terminated of its own accord at 2022-03-31T06:18:20Z.
...
005 (127885.015.000) 2022-03-31 15:18:20 Job terminated.
	(1) Normal termination (return value 0)
		Usr 0 00:00:06, Sys 0 00:00:02  -  Run Remote Usage
		Usr 0 00:00:00, Sys 0 00:00:00  -  Run Local Usage
		Usr 0 00:00:06, Sys 0 00:00:02  -  Total Remote Usage
		Usr 0 00:00:00, Sys 0 00:00:00  -  Total Local Usage
	0  -  Run Bytes Sent By Job
	0  -  Run Bytes Received By Job
	0  -  Total Bytes Sent By Job
	0  -  Total Bytes Received By Job
	Partitionable Resources :    Usage  Request Allocated 
	   Cpus                 :     0.54        1         1 
	   Disk (KB)            :     1           1    121125 
	   Memory (MB)          :   152        3900      3968 

	Job terminated of its own accord at 2022-03-31T06:18:20Z.
...
005 (127885.001.000) 2022-03-31 15:18:20 Job terminated.
	(1) Normal termination (return value 0)
		Usr 0 00:00:05, Sys 0 00:00:02  -  Run Remote Usage
		Usr 0 00:00:00, Sys 0 00:00:00  -  Run Local Usage
		Usr 0 00:00:05, Sys 0 00:00:02  -  Total Remote Usage
		Usr 0 00:00:00, Sys 0 00:00:00  -  Total Local Usage
	0  -  Run Bytes Sent By Job
	0  -  Run Bytes Received By Job
	0  -  Total Bytes Sent By Job
	0  -  Total Bytes Received By Job
	Partitionable Resources :    Usage  Request Allocated 
	   Cpus                 :     0.49        1         1 
	   Disk (KB)            :     1           1    121125 
	   Memory (MB)          :   142        3900      3968 

	Job terminated of its own accord at 2022-03-31T06:18:20Z.
...
005 (127885.012.000) 2022-03-31 15:18:20 Job terminated.
	(1) Normal termination (return value 0)
		Usr 0 00:00:05, Sys 0 00:00:02  -  Run Remote Usage
		Usr 0 00:00:00, Sys 0 00:00:00  -  Run Local Usage
		Usr 0 00:00:05, Sys 0 00:00:02  -  Total Remote Usage
		Usr 0 00:00:00, Sys 0 00:00:00  -  Total Local Usage
	0  -  Run Bytes Sent By Job
	0  -  Run Bytes Received By Job
	0  -  Total Bytes Sent By Job
	0  -  Total Bytes Received By Job
	Partitionable Resources :    Usage  Request Allocated 
	   Cpus                 :     0.51        1         1 
	   Disk (KB)            :     1           1    121125 
	   Memory (MB)          :   154        3900      3968 

	Job terminated of its own accord at 2022-03-31T06:18:20Z.
...
005 (127885.010.000) 2022-03-31 15:18:20 Job terminated.
	(1) Normal termination (return value 0)
		Usr 0 00:00:06, Sys 0 00:00:02  -  Run Remote Usage
		Usr 0 00:00:00, Sys 0 00:00:00  -  Run Local Usage
		Usr 0 00:00:06, Sys 0 00:00:02  -  Total Remote Usage
		Usr 0 00:00:00, Sys 0 00:00:00  -  Total Local Usage
	0  -  Run Bytes Sent By Job
	0  -  Run Bytes Received By Job
	0  -  Total Bytes Sent By Job
	0  -  Total Bytes Received By Job
	Partitionable Resources :    Usage  Request Allocated 
	   Cpus                 :     0.54        1         1 
	   Disk (KB)            :     1           1    121125 
	   Memory (MB)          :   154        3900      3968 

	Job terminated of its own accord at 2022-03-31T06:18:20Z.
...
005 (127885.017.000) 2022-03-31 15:18:20 Job terminated.
	(1) Normal termination (return value 0)
		Usr 0 00:00:06, Sys 0 00:00:02  -  Run Remote Usage
		Usr 0 00:00:00, Sys 0 00:00:00  -  Run Local Usage
		Usr 0 00:00:06, Sys 0 00:00:02  -  Total Remote Usage
		Usr 0 00:00:00, Sys 0 00:00:00  -  Total Local Usage
	0  -  Run Bytes Sent By Job
	0  -  Run Bytes Received By Job
	0  -  Total Bytes Sent By Job
	0  -  Total Bytes Received By Job
	Partitionable Resources :    Usage  Request Allocated 
	   Cpus                 :     0.53        1         1 
	   Disk (KB)            :     1           1    121125 
	   Memory (MB)          :   153        3900      3968 

	Job terminated of its own accord at 2022-03-31T06:18:20Z.
...
005 (127885.016.000) 2022-03-31 15:18:21 Job terminated.
	(1) Normal termination (return value 0)
		Usr 0 00:00:06, Sys 0 00:00:02  -  Run Remote Usage
		Usr 0 00:00:00, Sys 0 00:00:00  -  Run Local Usage
		Usr 0 00:00:06, Sys 0 00:00:02  -  Total Remote Usage
		Usr 0 00:00:00, Sys 0 00:00:00  -  Total Local Usage
	0  -  Run Bytes Sent By Job
	0  -  Run Bytes Received By Job
	0  -  Total Bytes Sent By Job
	0  -  Total Bytes Received By Job
	Partitionable Resources :    Usage  Request Allocated 
	   Cpus                 :     0.54        1         1 
	   Disk (KB)            :     1           1    121125 
	   Memory (MB)          :   153        3900      3968 

	Job terminated of its own accord at 2022-03-31T06:18:20Z.
...
005 (127885.009.000) 2022-03-31 15:18:21 Job terminated.
	(1) Normal termination (return value 0)
		Usr 0 00:00:06, Sys 0 00:00:02  -  Run Remote Usage
		Usr 0 00:00:00, Sys 0 00:00:00  -  Run Local Usage
		Usr 0 00:00:06, Sys 0 00:00:02  -  Total Remote Usage
		Usr 0 00:00:00, Sys 0 00:00:00  -  Total Local Usage
	0  -  Run Bytes Sent By Job
	0  -  Run Bytes Received By Job
	0  -  Total Bytes Sent By Job
	0  -  Total Bytes Received By Job
	Partitionable Resources :    Usage  Request Allocated 
	   Cpus                 :     0.55        1         1 
	   Disk (KB)            :     1           1    121125 
	   Memory (MB)          :   154        3900      3968 

	Job terminated of its own accord at 2022-03-31T06:18:20Z.
...
006 (127885.013.000) 2022-03-31 15:18:21 Image size of job updated: 605600
	151  -  MemoryUsage of job (MB)
	154008  -  ResidentSetSize of job (KB)
...
005 (127885.013.000) 2022-03-31 15:18:21 Job terminated.
	(1) Normal termination (return value 0)
		Usr 0 00:00:08, Sys 0 00:00:02  -  Run Remote Usage
		Usr 0 00:00:00, Sys 0 00:00:00  -  Run Local Usage
		Usr 0 00:00:08, Sys 0 00:00:02  -  Total Remote Usage
		Usr 0 00:00:00, Sys 0 00:00:00  -  Total Local Usage
	0  -  Run Bytes Sent By Job
	0  -  Run Bytes Received By Job
	0  -  Total Bytes Sent By Job
	0  -  Total Bytes Received By Job
	Partitionable Resources :    Usage  Request Allocated 
	   Cpus                 :     0.53        1         1 
	   Disk (KB)            :     1           1    121125 
	   Memory (MB)          :   151        3900      3968 

	Job terminated of its own accord at 2022-03-31T06:18:21Z.
...
006 (127885.018.000) 2022-03-31 15:18:22 Image size of job updated: 605760
	153  -  MemoryUsage of job (MB)
	156360  -  ResidentSetSize of job (KB)
...
005 (127885.018.000) 2022-03-31 15:18:22 Job terminated.
	(1) Normal termination (return value 0)
		Usr 0 00:00:09, Sys 0 00:00:02  -  Run Remote Usage
		Usr 0 00:00:00, Sys 0 00:00:00  -  Run Local Usage
		Usr 0 00:00:09, Sys 0 00:00:02  -  Total Remote Usage
		Usr 0 00:00:00, Sys 0 00:00:00  -  Total Local Usage
	0  -  Run Bytes Sent By Job
	0  -  Run Bytes Received By Job
	0  -  Total Bytes Sent By Job
	0  -  Total Bytes Received By Job
	Partitionable Resources :    Usage  Request Allocated 
	   Cpus                 :     0.53        1         1 
	   Disk (KB)            :     1           1    121125 
	   Memory (MB)          :   153        3900      3968 

	Job terminated of its own accord at 2022-03-31T06:18:22Z.
...
