000 (126672.000.000) 2022-03-30 12:43:55 Job submitted from host: <172.30.1.200:9618?addrs=172.30.1.200-9618&alias=tamsa2.snu.ac.kr&noUDP&sock=schedd_3154_f5cb>
...
000 (126672.001.000) 2022-03-30 12:43:55 Job submitted from host: <172.30.1.200:9618?addrs=172.30.1.200-9618&alias=tamsa2.snu.ac.kr&noUDP&sock=schedd_3154_f5cb>
...
000 (126672.002.000) 2022-03-30 12:43:55 Job submitted from host: <172.30.1.200:9618?addrs=172.30.1.200-9618&alias=tamsa2.snu.ac.kr&noUDP&sock=schedd_3154_f5cb>
...
000 (126672.003.000) 2022-03-30 12:43:55 Job submitted from host: <172.30.1.200:9618?addrs=172.30.1.200-9618&alias=tamsa2.snu.ac.kr&noUDP&sock=schedd_3154_f5cb>
...
000 (126672.004.000) 2022-03-30 12:43:55 Job submitted from host: <172.30.1.200:9618?addrs=172.30.1.200-9618&alias=tamsa2.snu.ac.kr&noUDP&sock=schedd_3154_f5cb>
...
000 (126672.005.000) 2022-03-30 12:43:55 Job submitted from host: <172.30.1.200:9618?addrs=172.30.1.200-9618&alias=tamsa2.snu.ac.kr&noUDP&sock=schedd_3154_f5cb>
...
000 (126672.006.000) 2022-03-30 12:43:55 Job submitted from host: <172.30.1.200:9618?addrs=172.30.1.200-9618&alias=tamsa2.snu.ac.kr&noUDP&sock=schedd_3154_f5cb>
...
000 (126672.007.000) 2022-03-30 12:43:55 Job submitted from host: <172.30.1.200:9618?addrs=172.30.1.200-9618&alias=tamsa2.snu.ac.kr&noUDP&sock=schedd_3154_f5cb>
...
000 (126672.008.000) 2022-03-30 12:43:55 Job submitted from host: <172.30.1.200:9618?addrs=172.30.1.200-9618&alias=tamsa2.snu.ac.kr&noUDP&sock=schedd_3154_f5cb>
...
000 (126672.009.000) 2022-03-30 12:43:55 Job submitted from host: <172.30.1.200:9618?addrs=172.30.1.200-9618&alias=tamsa2.snu.ac.kr&noUDP&sock=schedd_3154_f5cb>
...
000 (126672.010.000) 2022-03-30 12:43:55 Job submitted from host: <172.30.1.200:9618?addrs=172.30.1.200-9618&alias=tamsa2.snu.ac.kr&noUDP&sock=schedd_3154_f5cb>
...
000 (126672.011.000) 2022-03-30 12:43:55 Job submitted from host: <172.30.1.200:9618?addrs=172.30.1.200-9618&alias=tamsa2.snu.ac.kr&noUDP&sock=schedd_3154_f5cb>
...
000 (126672.012.000) 2022-03-30 12:43:55 Job submitted from host: <172.30.1.200:9618?addrs=172.30.1.200-9618&alias=tamsa2.snu.ac.kr&noUDP&sock=schedd_3154_f5cb>
...
000 (126672.013.000) 2022-03-30 12:43:55 Job submitted from host: <172.30.1.200:9618?addrs=172.30.1.200-9618&alias=tamsa2.snu.ac.kr&noUDP&sock=schedd_3154_f5cb>
...
000 (126672.014.000) 2022-03-30 12:43:55 Job submitted from host: <172.30.1.200:9618?addrs=172.30.1.200-9618&alias=tamsa2.snu.ac.kr&noUDP&sock=schedd_3154_f5cb>
...
000 (126672.015.000) 2022-03-30 12:43:55 Job submitted from host: <172.30.1.200:9618?addrs=172.30.1.200-9618&alias=tamsa2.snu.ac.kr&noUDP&sock=schedd_3154_f5cb>
...
000 (126672.016.000) 2022-03-30 12:43:55 Job submitted from host: <172.30.1.200:9618?addrs=172.30.1.200-9618&alias=tamsa2.snu.ac.kr&noUDP&sock=schedd_3154_f5cb>
...
000 (126672.017.000) 2022-03-30 12:43:55 Job submitted from host: <172.30.1.200:9618?addrs=172.30.1.200-9618&alias=tamsa2.snu.ac.kr&noUDP&sock=schedd_3154_f5cb>
...
000 (126672.018.000) 2022-03-30 12:43:55 Job submitted from host: <172.30.1.200:9618?addrs=172.30.1.200-9618&alias=tamsa2.snu.ac.kr&noUDP&sock=schedd_3154_f5cb>
...
000 (126672.019.000) 2022-03-30 12:43:55 Job submitted from host: <172.30.1.200:9618?addrs=172.30.1.200-9618&alias=tamsa2.snu.ac.kr&noUDP&sock=schedd_3154_f5cb>
...
001 (126672.000.000) 2022-03-30 12:44:12 Job executing on host: <172.30.1.202:9618?addrs=172.30.1.202-9618&alias=node2&noUDP&sock=startd_3636_9271>
...
001 (126672.001.000) 2022-03-30 12:44:12 Job executing on host: <172.30.1.202:9618?addrs=172.30.1.202-9618&alias=node2&noUDP&sock=startd_3636_9271>
...
001 (126672.002.000) 2022-03-30 12:44:12 Job executing on host: <172.30.1.202:9618?addrs=172.30.1.202-9618&alias=node2&noUDP&sock=startd_3636_9271>
...
001 (126672.003.000) 2022-03-30 12:44:12 Job executing on host: <172.30.1.202:9618?addrs=172.30.1.202-9618&alias=node2&noUDP&sock=startd_3636_9271>
...
001 (126672.004.000) 2022-03-30 12:44:12 Job executing on host: <172.30.1.202:9618?addrs=172.30.1.202-9618&alias=node2&noUDP&sock=startd_3636_9271>
...
001 (126672.005.000) 2022-03-30 12:44:12 Job executing on host: <172.30.1.202:9618?addrs=172.30.1.202-9618&alias=node2&noUDP&sock=startd_3636_9271>
...
001 (126672.006.000) 2022-03-30 12:44:12 Job executing on host: <172.30.1.202:9618?addrs=172.30.1.202-9618&alias=node2&noUDP&sock=startd_3636_9271>
...
001 (126672.007.000) 2022-03-30 12:44:12 Job executing on host: <172.30.1.202:9618?addrs=172.30.1.202-9618&alias=node2&noUDP&sock=startd_3636_9271>
...
001 (126672.008.000) 2022-03-30 12:44:12 Job executing on host: <172.30.1.202:9618?addrs=172.30.1.202-9618&alias=node2&noUDP&sock=startd_3636_9271>
...
001 (126672.009.000) 2022-03-30 12:44:12 Job executing on host: <172.30.1.202:9618?addrs=172.30.1.202-9618&alias=node2&noUDP&sock=startd_3636_9271>
...
001 (126672.010.000) 2022-03-30 12:44:13 Job executing on host: <172.30.1.202:9618?addrs=172.30.1.202-9618&alias=node2&noUDP&sock=startd_3636_9271>
...
001 (126672.011.000) 2022-03-30 12:44:13 Job executing on host: <172.30.1.202:9618?addrs=172.30.1.202-9618&alias=node2&noUDP&sock=startd_3636_9271>
...
001 (126672.012.000) 2022-03-30 12:44:13 Job executing on host: <172.30.1.202:9618?addrs=172.30.1.202-9618&alias=node2&noUDP&sock=startd_3636_9271>
...
001 (126672.013.000) 2022-03-30 12:44:13 Job executing on host: <172.30.1.202:9618?addrs=172.30.1.202-9618&alias=node2&noUDP&sock=startd_3636_9271>
...
001 (126672.014.000) 2022-03-30 12:44:13 Job executing on host: <172.30.1.202:9618?addrs=172.30.1.202-9618&alias=node2&noUDP&sock=startd_3636_9271>
...
001 (126672.015.000) 2022-03-30 12:44:13 Job executing on host: <172.30.1.202:9618?addrs=172.30.1.202-9618&alias=node2&noUDP&sock=startd_3636_9271>
...
001 (126672.016.000) 2022-03-30 12:44:13 Job executing on host: <172.30.1.202:9618?addrs=172.30.1.202-9618&alias=node2&noUDP&sock=startd_3636_9271>
...
001 (126672.017.000) 2022-03-30 12:44:13 Job executing on host: <172.30.1.202:9618?addrs=172.30.1.202-9618&alias=node2&noUDP&sock=startd_3636_9271>
...
001 (126672.018.000) 2022-03-30 12:44:13 Job executing on host: <172.30.1.202:9618?addrs=172.30.1.202-9618&alias=node2&noUDP&sock=startd_3636_9271>
...
001 (126672.019.000) 2022-03-30 12:44:13 Job executing on host: <172.30.1.202:9618?addrs=172.30.1.202-9618&alias=node2&noUDP&sock=startd_3636_9271>
...
006 (126672.000.000) 2022-03-30 12:44:20 Image size of job updated: 609132
	151  -  MemoryUsage of job (MB)
	153668  -  ResidentSetSize of job (KB)
...
006 (126672.001.000) 2022-03-30 12:44:20 Image size of job updated: 567768
	149  -  MemoryUsage of job (MB)
	152304  -  ResidentSetSize of job (KB)
...
006 (126672.009.000) 2022-03-30 12:44:21 Image size of job updated: 568040
	158  -  MemoryUsage of job (MB)
	160964  -  ResidentSetSize of job (KB)
...
006 (126672.010.000) 2022-03-30 12:44:21 Image size of job updated: 609132
	161  -  MemoryUsage of job (MB)
	163920  -  ResidentSetSize of job (KB)
...
006 (126672.011.000) 2022-03-30 12:44:21 Image size of job updated: 609136
	159  -  MemoryUsage of job (MB)
	162596  -  ResidentSetSize of job (KB)
...
006 (126672.012.000) 2022-03-30 12:44:21 Image size of job updated: 609124
	161  -  MemoryUsage of job (MB)
	164684  -  ResidentSetSize of job (KB)
...
006 (126672.013.000) 2022-03-30 12:44:21 Image size of job updated: 609120
	162  -  MemoryUsage of job (MB)
	165444  -  ResidentSetSize of job (KB)
...
006 (126672.014.000) 2022-03-30 12:44:21 Image size of job updated: 609168
	166  -  MemoryUsage of job (MB)
	169428  -  ResidentSetSize of job (KB)
...
006 (126672.015.000) 2022-03-30 12:44:21 Image size of job updated: 609172
	166  -  MemoryUsage of job (MB)
	169860  -  ResidentSetSize of job (KB)
...
006 (126672.002.000) 2022-03-30 12:44:21 Image size of job updated: 567776
	169  -  MemoryUsage of job (MB)
	172692  -  ResidentSetSize of job (KB)
...
006 (126672.003.000) 2022-03-30 12:44:21 Image size of job updated: 609128
	168  -  MemoryUsage of job (MB)
	171368  -  ResidentSetSize of job (KB)
...
006 (126672.004.000) 2022-03-30 12:44:21 Image size of job updated: 609120
	169  -  MemoryUsage of job (MB)
	172708  -  ResidentSetSize of job (KB)
...
006 (126672.005.000) 2022-03-30 12:44:21 Image size of job updated: 609116
	169  -  MemoryUsage of job (MB)
	172696  -  ResidentSetSize of job (KB)
...
006 (126672.006.000) 2022-03-30 12:44:21 Image size of job updated: 567944
	174  -  MemoryUsage of job (MB)
	177920  -  ResidentSetSize of job (KB)
...
006 (126672.007.000) 2022-03-30 12:44:21 Image size of job updated: 609120
	174  -  MemoryUsage of job (MB)
	178124  -  ResidentSetSize of job (KB)
...
006 (126672.008.000) 2022-03-30 12:44:21 Image size of job updated: 609132
	177  -  MemoryUsage of job (MB)
	180808  -  ResidentSetSize of job (KB)
...
006 (126672.016.000) 2022-03-30 12:44:22 Image size of job updated: 609112
	181  -  MemoryUsage of job (MB)
	185336  -  ResidentSetSize of job (KB)
...
006 (126672.017.000) 2022-03-30 12:44:22 Image size of job updated: 609140
	179  -  MemoryUsage of job (MB)
	183276  -  ResidentSetSize of job (KB)
...
006 (126672.018.000) 2022-03-30 12:44:22 Image size of job updated: 609124
	181  -  MemoryUsage of job (MB)
	184344  -  ResidentSetSize of job (KB)
...
006 (126672.019.000) 2022-03-30 12:44:22 Image size of job updated: 570972
	182  -  MemoryUsage of job (MB)
	185420  -  ResidentSetSize of job (KB)
...
006 (126672.015.000) 2022-03-30 12:44:26 Image size of job updated: 609172
	167  -  MemoryUsage of job (MB)
	170252  -  ResidentSetSize of job (KB)
...
005 (126672.015.000) 2022-03-30 12:44:26 Job terminated.
	(1) Normal termination (return value 0)
		Usr 0 00:00:06, Sys 0 00:00:02  -  Run Remote Usage
		Usr 0 00:00:00, Sys 0 00:00:00  -  Run Local Usage
		Usr 0 00:00:06, Sys 0 00:00:02  -  Total Remote Usage
		Usr 0 00:00:00, Sys 0 00:00:00  -  Total Local Usage
	0  -  Run Bytes Sent By Job
	0  -  Run Bytes Received By Job
	0  -  Total Bytes Sent By Job
	0  -  Total Bytes Received By Job
	Partitionable Resources :    Usage  Request Allocated 
	   Cpus                 :                 1         1 
	   Disk (KB)            :        1        1    129249 
	   Memory (MB)          :      167     3900      3968 

	Job terminated of its own accord at 2022-03-30T03:44:26Z.
...
005 (126672.012.000) 2022-03-30 12:44:26 Job terminated.
	(1) Normal termination (return value 0)
		Usr 0 00:00:06, Sys 0 00:00:02  -  Run Remote Usage
		Usr 0 00:00:00, Sys 0 00:00:00  -  Run Local Usage
		Usr 0 00:00:06, Sys 0 00:00:02  -  Total Remote Usage
		Usr 0 00:00:00, Sys 0 00:00:00  -  Total Local Usage
	0  -  Run Bytes Sent By Job
	0  -  Run Bytes Received By Job
	0  -  Total Bytes Sent By Job
	0  -  Total Bytes Received By Job
	Partitionable Resources :    Usage  Request Allocated 
	   Cpus                 :                 1         1 
	   Disk (KB)            :        1        1    129249 
	   Memory (MB)          :      161     3900      3968 

	Job terminated of its own accord at 2022-03-30T03:44:26Z.
...
006 (126672.018.000) 2022-03-30 12:44:26 Image size of job updated: 686452
	181  -  MemoryUsage of job (MB)
	184496  -  ResidentSetSize of job (KB)
...
005 (126672.018.000) 2022-03-30 12:44:26 Job terminated.
	(1) Normal termination (return value 0)
		Usr 0 00:00:06, Sys 0 00:00:02  -  Run Remote Usage
		Usr 0 00:00:00, Sys 0 00:00:00  -  Run Local Usage
		Usr 0 00:00:06, Sys 0 00:00:02  -  Total Remote Usage
		Usr 0 00:00:00, Sys 0 00:00:00  -  Total Local Usage
	0  -  Run Bytes Sent By Job
	0  -  Run Bytes Received By Job
	0  -  Total Bytes Sent By Job
	0  -  Total Bytes Received By Job
	Partitionable Resources :    Usage  Request Allocated 
	   Cpus                 :                 1         1 
	   Disk (KB)            :        1        1    129249 
	   Memory (MB)          :      181     3900      3968 

	Job terminated of its own accord at 2022-03-30T03:44:26Z.
...
006 (126672.014.000) 2022-03-30 12:44:26 Image size of job updated: 689592
	166  -  MemoryUsage of job (MB)
	169428  -  ResidentSetSize of job (KB)
...
005 (126672.014.000) 2022-03-30 12:44:26 Job terminated.
	(1) Normal termination (return value 0)
		Usr 0 00:00:07, Sys 0 00:00:02  -  Run Remote Usage
		Usr 0 00:00:00, Sys 0 00:00:00  -  Run Local Usage
		Usr 0 00:00:07, Sys 0 00:00:02  -  Total Remote Usage
		Usr 0 00:00:00, Sys 0 00:00:00  -  Total Local Usage
	0  -  Run Bytes Sent By Job
	0  -  Run Bytes Received By Job
	0  -  Total Bytes Sent By Job
	0  -  Total Bytes Received By Job
	Partitionable Resources :    Usage  Request Allocated 
	   Cpus                 :                 1         1 
	   Disk (KB)            :        1        1    129249 
	   Memory (MB)          :      166     3900      3968 

	Job terminated of its own accord at 2022-03-30T03:44:26Z.
...
006 (126672.017.000) 2022-03-30 12:44:26 Image size of job updated: 686440
	180  -  MemoryUsage of job (MB)
	183352  -  ResidentSetSize of job (KB)
...
006 (126672.005.000) 2022-03-30 12:44:26 Image size of job updated: 689596
	169  -  MemoryUsage of job (MB)
	172788  -  ResidentSetSize of job (KB)
...
005 (126672.017.000) 2022-03-30 12:44:27 Job terminated.
	(1) Normal termination (return value 0)
		Usr 0 00:00:06, Sys 0 00:00:02  -  Run Remote Usage
		Usr 0 00:00:00, Sys 0 00:00:00  -  Run Local Usage
		Usr 0 00:00:06, Sys 0 00:00:02  -  Total Remote Usage
		Usr 0 00:00:00, Sys 0 00:00:00  -  Total Local Usage
	0  -  Run Bytes Sent By Job
	0  -  Run Bytes Received By Job
	0  -  Total Bytes Sent By Job
	0  -  Total Bytes Received By Job
	Partitionable Resources :    Usage  Request Allocated 
	   Cpus                 :                 1         1 
	   Disk (KB)            :        1        1    129249 
	   Memory (MB)          :      180     3900      3968 

	Job terminated of its own accord at 2022-03-30T03:44:26Z.
...
006 (126672.010.000) 2022-03-30 12:44:27 Image size of job updated: 689808
	161  -  MemoryUsage of job (MB)
	163920  -  ResidentSetSize of job (KB)
...
005 (126672.005.000) 2022-03-30 12:44:27 Job terminated.
	(1) Normal termination (return value 0)
		Usr 0 00:00:06, Sys 0 00:00:02  -  Run Remote Usage
		Usr 0 00:00:00, Sys 0 00:00:00  -  Run Local Usage
		Usr 0 00:00:06, Sys 0 00:00:02  -  Total Remote Usage
		Usr 0 00:00:00, Sys 0 00:00:00  -  Total Local Usage
	0  -  Run Bytes Sent By Job
	0  -  Run Bytes Received By Job
	0  -  Total Bytes Sent By Job
	0  -  Total Bytes Received By Job
	Partitionable Resources :    Usage  Request Allocated 
	   Cpus                 :                 1         1 
	   Disk (KB)            :        1        1    129249 
	   Memory (MB)          :      169     3900      3968 

	Job terminated of its own accord at 2022-03-30T03:44:26Z.
...
005 (126672.010.000) 2022-03-30 12:44:27 Job terminated.
	(1) Normal termination (return value 0)
		Usr 0 00:00:07, Sys 0 00:00:02  -  Run Remote Usage
		Usr 0 00:00:00, Sys 0 00:00:00  -  Run Local Usage
		Usr 0 00:00:07, Sys 0 00:00:02  -  Total Remote Usage
		Usr 0 00:00:00, Sys 0 00:00:00  -  Total Local Usage
	0  -  Run Bytes Sent By Job
	0  -  Run Bytes Received By Job
	0  -  Total Bytes Sent By Job
	0  -  Total Bytes Received By Job
	Partitionable Resources :    Usage  Request Allocated 
	   Cpus                 :                 1         1 
	   Disk (KB)            :        1        1    129249 
	   Memory (MB)          :      161     3900      3968 

	Job terminated of its own accord at 2022-03-30T03:44:27Z.
...
006 (126672.002.000) 2022-03-30 12:44:27 Image size of job updated: 689584
	169  -  MemoryUsage of job (MB)
	172692  -  ResidentSetSize of job (KB)
...
005 (126672.002.000) 2022-03-30 12:44:27 Job terminated.
	(1) Normal termination (return value 0)
		Usr 0 00:00:07, Sys 0 00:00:02  -  Run Remote Usage
		Usr 0 00:00:00, Sys 0 00:00:00  -  Run Local Usage
		Usr 0 00:00:07, Sys 0 00:00:02  -  Total Remote Usage
		Usr 0 00:00:00, Sys 0 00:00:00  -  Total Local Usage
	0  -  Run Bytes Sent By Job
	0  -  Run Bytes Received By Job
	0  -  Total Bytes Sent By Job
	0  -  Total Bytes Received By Job
	Partitionable Resources :    Usage  Request Allocated 
	   Cpus                 :                 1         1 
	   Disk (KB)            :        1        1    129249 
	   Memory (MB)          :      169     3900      3968 

	Job terminated of its own accord at 2022-03-30T03:44:27Z.
...
006 (126672.016.000) 2022-03-30 12:44:28 Image size of job updated: 688932
	181  -  MemoryUsage of job (MB)
	185336  -  ResidentSetSize of job (KB)
...
006 (126672.019.000) 2022-03-30 12:44:28 Image size of job updated: 688996
	182  -  MemoryUsage of job (MB)
	185576  -  ResidentSetSize of job (KB)
...
005 (126672.016.000) 2022-03-30 12:44:28 Job terminated.
	(1) Normal termination (return value 0)
		Usr 0 00:00:08, Sys 0 00:00:02  -  Run Remote Usage
		Usr 0 00:00:00, Sys 0 00:00:00  -  Run Local Usage
		Usr 0 00:00:08, Sys 0 00:00:02  -  Total Remote Usage
		Usr 0 00:00:00, Sys 0 00:00:00  -  Total Local Usage
	0  -  Run Bytes Sent By Job
	0  -  Run Bytes Received By Job
	0  -  Total Bytes Sent By Job
	0  -  Total Bytes Received By Job
	Partitionable Resources :    Usage  Request Allocated 
	   Cpus                 :                 1         1 
	   Disk (KB)            :        1        1    129249 
	   Memory (MB)          :      181     3900      3968 

	Job terminated of its own accord at 2022-03-30T03:44:28Z.
...
006 (126672.004.000) 2022-03-30 12:44:28 Image size of job updated: 689368
	169  -  MemoryUsage of job (MB)
	172708  -  ResidentSetSize of job (KB)
...
005 (126672.019.000) 2022-03-30 12:44:28 Job terminated.
	(1) Normal termination (return value 0)
		Usr 0 00:00:08, Sys 0 00:00:02  -  Run Remote Usage
		Usr 0 00:00:00, Sys 0 00:00:00  -  Run Local Usage
		Usr 0 00:00:08, Sys 0 00:00:02  -  Total Remote Usage
		Usr 0 00:00:00, Sys 0 00:00:00  -  Total Local Usage
	0  -  Run Bytes Sent By Job
	0  -  Run Bytes Received By Job
	0  -  Total Bytes Sent By Job
	0  -  Total Bytes Received By Job
	Partitionable Resources :    Usage  Request Allocated 
	   Cpus                 :                 1         1 
	   Disk (KB)            :        1        1    129249 
	   Memory (MB)          :      182     3900      3968 

	Job terminated of its own accord at 2022-03-30T03:44:28Z.
...
005 (126672.004.000) 2022-03-30 12:44:28 Job terminated.
	(1) Normal termination (return value 0)
		Usr 0 00:00:08, Sys 0 00:00:02  -  Run Remote Usage
		Usr 0 00:00:00, Sys 0 00:00:00  -  Run Local Usage
		Usr 0 00:00:08, Sys 0 00:00:02  -  Total Remote Usage
		Usr 0 00:00:00, Sys 0 00:00:00  -  Total Local Usage
	0  -  Run Bytes Sent By Job
	0  -  Run Bytes Received By Job
	0  -  Total Bytes Sent By Job
	0  -  Total Bytes Received By Job
	Partitionable Resources :    Usage  Request Allocated 
	   Cpus                 :                 1         1 
	   Disk (KB)            :        1        1    129249 
	   Memory (MB)          :      169     3900      3968 

	Job terminated of its own accord at 2022-03-30T03:44:28Z.
...
006 (126672.011.000) 2022-03-30 12:44:28 Image size of job updated: 690020
	159  -  MemoryUsage of job (MB)
	162596  -  ResidentSetSize of job (KB)
...
005 (126672.011.000) 2022-03-30 12:44:28 Job terminated.
	(1) Normal termination (return value 0)
		Usr 0 00:00:08, Sys 0 00:00:02  -  Run Remote Usage
		Usr 0 00:00:00, Sys 0 00:00:00  -  Run Local Usage
		Usr 0 00:00:08, Sys 0 00:00:02  -  Total Remote Usage
		Usr 0 00:00:00, Sys 0 00:00:00  -  Total Local Usage
	0  -  Run Bytes Sent By Job
	0  -  Run Bytes Received By Job
	0  -  Total Bytes Sent By Job
	0  -  Total Bytes Received By Job
	Partitionable Resources :    Usage  Request Allocated 
	   Cpus                 :                 1         1 
	   Disk (KB)            :        1        1    129249 
	   Memory (MB)          :      159     3900      3968 

	Job terminated of its own accord at 2022-03-30T03:44:28Z.
...
006 (126672.006.000) 2022-03-30 12:44:28 Image size of job updated: 689616
	174  -  MemoryUsage of job (MB)
	177920  -  ResidentSetSize of job (KB)
...
005 (126672.006.000) 2022-03-30 12:44:28 Job terminated.
	(1) Normal termination (return value 0)
		Usr 0 00:00:08, Sys 0 00:00:02  -  Run Remote Usage
		Usr 0 00:00:00, Sys 0 00:00:00  -  Run Local Usage
		Usr 0 00:00:08, Sys 0 00:00:02  -  Total Remote Usage
		Usr 0 00:00:00, Sys 0 00:00:00  -  Total Local Usage
	0  -  Run Bytes Sent By Job
	0  -  Run Bytes Received By Job
	0  -  Total Bytes Sent By Job
	0  -  Total Bytes Received By Job
	Partitionable Resources :    Usage  Request Allocated 
	   Cpus                 :                 1         1 
	   Disk (KB)            :        1        1    129249 
	   Memory (MB)          :      174     3900      3968 

	Job terminated of its own accord at 2022-03-30T03:44:28Z.
...
006 (126672.008.000) 2022-03-30 12:44:28 Image size of job updated: 689584
	177  -  MemoryUsage of job (MB)
	180808  -  ResidentSetSize of job (KB)
...
005 (126672.008.000) 2022-03-30 12:44:28 Job terminated.
	(1) Normal termination (return value 0)
		Usr 0 00:00:08, Sys 0 00:00:02  -  Run Remote Usage
		Usr 0 00:00:00, Sys 0 00:00:00  -  Run Local Usage
		Usr 0 00:00:08, Sys 0 00:00:02  -  Total Remote Usage
		Usr 0 00:00:00, Sys 0 00:00:00  -  Total Local Usage
	0  -  Run Bytes Sent By Job
	0  -  Run Bytes Received By Job
	0  -  Total Bytes Sent By Job
	0  -  Total Bytes Received By Job
	Partitionable Resources :    Usage  Request Allocated 
	   Cpus                 :                 1         1 
	   Disk (KB)            :        1        1    129249 
	   Memory (MB)          :      177     3900      3968 

	Job terminated of its own accord at 2022-03-30T03:44:28Z.
...
006 (126672.000.000) 2022-03-30 12:44:29 Image size of job updated: 698740
	151  -  MemoryUsage of job (MB)
	153668  -  ResidentSetSize of job (KB)
...
005 (126672.000.000) 2022-03-30 12:44:29 Job terminated.
	(1) Normal termination (return value 0)
		Usr 0 00:00:09, Sys 0 00:00:02  -  Run Remote Usage
		Usr 0 00:00:00, Sys 0 00:00:00  -  Run Local Usage
		Usr 0 00:00:09, Sys 0 00:00:02  -  Total Remote Usage
		Usr 0 00:00:00, Sys 0 00:00:00  -  Total Local Usage
	0  -  Run Bytes Sent By Job
	0  -  Run Bytes Received By Job
	0  -  Total Bytes Sent By Job
	0  -  Total Bytes Received By Job
	Partitionable Resources :    Usage  Request Allocated 
	   Cpus                 :                 1         1 
	   Disk (KB)            :        1        1    129249 
	   Memory (MB)          :      151     3900      3968 

	Job terminated of its own accord at 2022-03-30T03:44:29Z.
...
006 (126672.009.000) 2022-03-30 12:44:29 Image size of job updated: 689748
	158  -  MemoryUsage of job (MB)
	160964  -  ResidentSetSize of job (KB)
...
005 (126672.009.000) 2022-03-30 12:44:29 Job terminated.
	(1) Normal termination (return value 0)
		Usr 0 00:00:10, Sys 0 00:00:02  -  Run Remote Usage
		Usr 0 00:00:00, Sys 0 00:00:00  -  Run Local Usage
		Usr 0 00:00:10, Sys 0 00:00:02  -  Total Remote Usage
		Usr 0 00:00:00, Sys 0 00:00:00  -  Total Local Usage
	0  -  Run Bytes Sent By Job
	0  -  Run Bytes Received By Job
	0  -  Total Bytes Sent By Job
	0  -  Total Bytes Received By Job
	Partitionable Resources :    Usage  Request Allocated 
	   Cpus                 :                 1         1 
	   Disk (KB)            :        1        1    129249 
	   Memory (MB)          :      158     3900      3968 

	Job terminated of its own accord at 2022-03-30T03:44:29Z.
...
006 (126672.001.000) 2022-03-30 12:44:30 Image size of job updated: 689968
	149  -  MemoryUsage of job (MB)
	152308  -  ResidentSetSize of job (KB)
...
005 (126672.001.000) 2022-03-30 12:44:30 Job terminated.
	(1) Normal termination (return value 0)
		Usr 0 00:00:10, Sys 0 00:00:02  -  Run Remote Usage
		Usr 0 00:00:00, Sys 0 00:00:00  -  Run Local Usage
		Usr 0 00:00:10, Sys 0 00:00:02  -  Total Remote Usage
		Usr 0 00:00:00, Sys 0 00:00:00  -  Total Local Usage
	0  -  Run Bytes Sent By Job
	0  -  Run Bytes Received By Job
	0  -  Total Bytes Sent By Job
	0  -  Total Bytes Received By Job
	Partitionable Resources :    Usage  Request Allocated 
	   Cpus                 :                 1         1 
	   Disk (KB)            :        1        1    129249 
	   Memory (MB)          :      149     3900      3968 

	Job terminated of its own accord at 2022-03-30T03:44:30Z.
...
006 (126672.013.000) 2022-03-30 12:44:30 Image size of job updated: 689540
	162  -  MemoryUsage of job (MB)
	165444  -  ResidentSetSize of job (KB)
...
005 (126672.013.000) 2022-03-30 12:44:30 Job terminated.
	(1) Normal termination (return value 0)
		Usr 0 00:00:10, Sys 0 00:00:02  -  Run Remote Usage
		Usr 0 00:00:00, Sys 0 00:00:00  -  Run Local Usage
		Usr 0 00:00:10, Sys 0 00:00:02  -  Total Remote Usage
		Usr 0 00:00:00, Sys 0 00:00:00  -  Total Local Usage
	0  -  Run Bytes Sent By Job
	0  -  Run Bytes Received By Job
	0  -  Total Bytes Sent By Job
	0  -  Total Bytes Received By Job
	Partitionable Resources :    Usage  Request Allocated 
	   Cpus                 :                 1         1 
	   Disk (KB)            :        1        1    129249 
	   Memory (MB)          :      162     3900      3968 

	Job terminated of its own accord at 2022-03-30T03:44:30Z.
...
006 (126672.007.000) 2022-03-30 12:44:30 Image size of job updated: 690196
	174  -  MemoryUsage of job (MB)
	178124  -  ResidentSetSize of job (KB)
...
005 (126672.007.000) 2022-03-30 12:44:30 Job terminated.
	(1) Normal termination (return value 0)
		Usr 0 00:00:11, Sys 0 00:00:02  -  Run Remote Usage
		Usr 0 00:00:00, Sys 0 00:00:00  -  Run Local Usage
		Usr 0 00:00:11, Sys 0 00:00:02  -  Total Remote Usage
		Usr 0 00:00:00, Sys 0 00:00:00  -  Total Local Usage
	0  -  Run Bytes Sent By Job
	0  -  Run Bytes Received By Job
	0  -  Total Bytes Sent By Job
	0  -  Total Bytes Received By Job
	Partitionable Resources :    Usage  Request Allocated 
	   Cpus                 :                 1         1 
	   Disk (KB)            :        1        1    129249 
	   Memory (MB)          :      174     3900      3968 

	Job terminated of its own accord at 2022-03-30T03:44:30Z.
...
006 (126672.003.000) 2022-03-30 12:44:32 Image size of job updated: 691524
	168  -  MemoryUsage of job (MB)
	171368  -  ResidentSetSize of job (KB)
...
005 (126672.003.000) 2022-03-30 12:44:32 Job terminated.
	(1) Normal termination (return value 0)
		Usr 0 00:00:12, Sys 0 00:00:02  -  Run Remote Usage
		Usr 0 00:00:00, Sys 0 00:00:00  -  Run Local Usage
		Usr 0 00:00:12, Sys 0 00:00:02  -  Total Remote Usage
		Usr 0 00:00:00, Sys 0 00:00:00  -  Total Local Usage
	0  -  Run Bytes Sent By Job
	0  -  Run Bytes Received By Job
	0  -  Total Bytes Sent By Job
	0  -  Total Bytes Received By Job
	Partitionable Resources :    Usage  Request Allocated 
	   Cpus                 :                 1         1 
	   Disk (KB)            :        1        1    129249 
	   Memory (MB)          :      168     3900      3968 

	Job terminated of its own accord at 2022-03-30T03:44:32Z.
...
