000 (126791.000.000) 2022-03-30 13:39:54 Job submitted from host: <172.30.1.200:9618?addrs=172.30.1.200-9618&alias=tamsa2.snu.ac.kr&noUDP&sock=schedd_3154_f5cb>
...
000 (126791.001.000) 2022-03-30 13:39:54 Job submitted from host: <172.30.1.200:9618?addrs=172.30.1.200-9618&alias=tamsa2.snu.ac.kr&noUDP&sock=schedd_3154_f5cb>
...
000 (126791.002.000) 2022-03-30 13:39:54 Job submitted from host: <172.30.1.200:9618?addrs=172.30.1.200-9618&alias=tamsa2.snu.ac.kr&noUDP&sock=schedd_3154_f5cb>
...
000 (126791.003.000) 2022-03-30 13:39:54 Job submitted from host: <172.30.1.200:9618?addrs=172.30.1.200-9618&alias=tamsa2.snu.ac.kr&noUDP&sock=schedd_3154_f5cb>
...
000 (126791.004.000) 2022-03-30 13:39:54 Job submitted from host: <172.30.1.200:9618?addrs=172.30.1.200-9618&alias=tamsa2.snu.ac.kr&noUDP&sock=schedd_3154_f5cb>
...
000 (126791.005.000) 2022-03-30 13:39:54 Job submitted from host: <172.30.1.200:9618?addrs=172.30.1.200-9618&alias=tamsa2.snu.ac.kr&noUDP&sock=schedd_3154_f5cb>
...
000 (126791.006.000) 2022-03-30 13:39:54 Job submitted from host: <172.30.1.200:9618?addrs=172.30.1.200-9618&alias=tamsa2.snu.ac.kr&noUDP&sock=schedd_3154_f5cb>
...
000 (126791.007.000) 2022-03-30 13:39:54 Job submitted from host: <172.30.1.200:9618?addrs=172.30.1.200-9618&alias=tamsa2.snu.ac.kr&noUDP&sock=schedd_3154_f5cb>
...
000 (126791.008.000) 2022-03-30 13:39:54 Job submitted from host: <172.30.1.200:9618?addrs=172.30.1.200-9618&alias=tamsa2.snu.ac.kr&noUDP&sock=schedd_3154_f5cb>
...
000 (126791.009.000) 2022-03-30 13:39:54 Job submitted from host: <172.30.1.200:9618?addrs=172.30.1.200-9618&alias=tamsa2.snu.ac.kr&noUDP&sock=schedd_3154_f5cb>
...
000 (126791.010.000) 2022-03-30 13:39:54 Job submitted from host: <172.30.1.200:9618?addrs=172.30.1.200-9618&alias=tamsa2.snu.ac.kr&noUDP&sock=schedd_3154_f5cb>
...
000 (126791.011.000) 2022-03-30 13:39:54 Job submitted from host: <172.30.1.200:9618?addrs=172.30.1.200-9618&alias=tamsa2.snu.ac.kr&noUDP&sock=schedd_3154_f5cb>
...
000 (126791.012.000) 2022-03-30 13:39:54 Job submitted from host: <172.30.1.200:9618?addrs=172.30.1.200-9618&alias=tamsa2.snu.ac.kr&noUDP&sock=schedd_3154_f5cb>
...
000 (126791.013.000) 2022-03-30 13:39:54 Job submitted from host: <172.30.1.200:9618?addrs=172.30.1.200-9618&alias=tamsa2.snu.ac.kr&noUDP&sock=schedd_3154_f5cb>
...
000 (126791.014.000) 2022-03-30 13:39:54 Job submitted from host: <172.30.1.200:9618?addrs=172.30.1.200-9618&alias=tamsa2.snu.ac.kr&noUDP&sock=schedd_3154_f5cb>
...
000 (126791.015.000) 2022-03-30 13:39:54 Job submitted from host: <172.30.1.200:9618?addrs=172.30.1.200-9618&alias=tamsa2.snu.ac.kr&noUDP&sock=schedd_3154_f5cb>
...
000 (126791.016.000) 2022-03-30 13:39:54 Job submitted from host: <172.30.1.200:9618?addrs=172.30.1.200-9618&alias=tamsa2.snu.ac.kr&noUDP&sock=schedd_3154_f5cb>
...
000 (126791.017.000) 2022-03-30 13:39:54 Job submitted from host: <172.30.1.200:9618?addrs=172.30.1.200-9618&alias=tamsa2.snu.ac.kr&noUDP&sock=schedd_3154_f5cb>
...
000 (126791.018.000) 2022-03-30 13:39:54 Job submitted from host: <172.30.1.200:9618?addrs=172.30.1.200-9618&alias=tamsa2.snu.ac.kr&noUDP&sock=schedd_3154_f5cb>
...
000 (126791.019.000) 2022-03-30 13:39:54 Job submitted from host: <172.30.1.200:9618?addrs=172.30.1.200-9618&alias=tamsa2.snu.ac.kr&noUDP&sock=schedd_3154_f5cb>
...
001 (126791.002.000) 2022-03-30 13:40:02 Job executing on host: <172.30.1.201:9618?addrs=172.30.1.201-9618&alias=node1&noUDP&sock=startd_3603_efd1>
...
001 (126791.003.000) 2022-03-30 13:40:02 Job executing on host: <172.30.1.201:9618?addrs=172.30.1.201-9618&alias=node1&noUDP&sock=startd_3603_efd1>
...
001 (126791.004.000) 2022-03-30 13:40:02 Job executing on host: <172.30.1.201:9618?addrs=172.30.1.201-9618&alias=node1&noUDP&sock=startd_3603_efd1>
...
001 (126791.005.000) 2022-03-30 13:40:02 Job executing on host: <172.30.1.201:9618?addrs=172.30.1.201-9618&alias=node1&noUDP&sock=startd_3603_efd1>
...
001 (126791.006.000) 2022-03-30 13:40:02 Job executing on host: <172.30.1.201:9618?addrs=172.30.1.201-9618&alias=node1&noUDP&sock=startd_3603_efd1>
...
001 (126791.007.000) 2022-03-30 13:40:02 Job executing on host: <172.30.1.201:9618?addrs=172.30.1.201-9618&alias=node1&noUDP&sock=startd_3603_efd1>
...
001 (126791.008.000) 2022-03-30 13:40:02 Job executing on host: <172.30.1.201:9618?addrs=172.30.1.201-9618&alias=node1&noUDP&sock=startd_3603_efd1>
...
001 (126791.009.000) 2022-03-30 13:40:02 Job executing on host: <172.30.1.201:9618?addrs=172.30.1.201-9618&alias=node1&noUDP&sock=startd_3603_efd1>
...
001 (126791.010.000) 2022-03-30 13:40:02 Job executing on host: <172.30.1.201:9618?addrs=172.30.1.201-9618&alias=node1&noUDP&sock=startd_3603_efd1>
...
001 (126791.011.000) 2022-03-30 13:40:03 Job executing on host: <172.30.1.201:9618?addrs=172.30.1.201-9618&alias=node1&noUDP&sock=startd_3603_efd1>
...
001 (126791.012.000) 2022-03-30 13:40:03 Job executing on host: <172.30.1.201:9618?addrs=172.30.1.201-9618&alias=node1&noUDP&sock=startd_3603_efd1>
...
001 (126791.013.000) 2022-03-30 13:40:03 Job executing on host: <172.30.1.201:9618?addrs=172.30.1.201-9618&alias=node1&noUDP&sock=startd_3603_efd1>
...
001 (126791.014.000) 2022-03-30 13:40:03 Job executing on host: <172.30.1.201:9618?addrs=172.30.1.201-9618&alias=node1&noUDP&sock=startd_3603_efd1>
...
001 (126791.015.000) 2022-03-30 13:40:03 Job executing on host: <172.30.1.201:9618?addrs=172.30.1.201-9618&alias=node1&noUDP&sock=startd_3603_efd1>
...
001 (126791.016.000) 2022-03-30 13:40:03 Job executing on host: <172.30.1.201:9618?addrs=172.30.1.201-9618&alias=node1&noUDP&sock=startd_3603_efd1>
...
001 (126791.017.000) 2022-03-30 13:40:03 Job executing on host: <172.30.1.201:9618?addrs=172.30.1.201-9618&alias=node1&noUDP&sock=startd_3603_efd1>
...
001 (126791.018.000) 2022-03-30 13:40:04 Job executing on host: <172.30.1.201:9618?addrs=172.30.1.201-9618&alias=node1&noUDP&sock=startd_3603_efd1>
...
001 (126791.019.000) 2022-03-30 13:40:04 Job executing on host: <172.30.1.201:9618?addrs=172.30.1.201-9618&alias=node1&noUDP&sock=startd_3603_efd1>
...
001 (126791.000.000) 2022-03-30 13:40:04 Job executing on host: <172.30.1.208:9618?addrs=172.30.1.208-9618&alias=node8&noUDP&sock=startd_32564_c61f>
...
001 (126791.001.000) 2022-03-30 13:40:04 Job executing on host: <172.30.1.208:9618?addrs=172.30.1.208-9618&alias=node8&noUDP&sock=startd_32564_c61f>
...
006 (126791.010.000) 2022-03-30 13:40:11 Image size of job updated: 396528
	152  -  MemoryUsage of job (MB)
	154756  -  ResidentSetSize of job (KB)
...
006 (126791.011.000) 2022-03-30 13:40:11 Image size of job updated: 394048
	153  -  MemoryUsage of job (MB)
	155760  -  ResidentSetSize of job (KB)
...
006 (126791.012.000) 2022-03-30 13:40:11 Image size of job updated: 396528
	152  -  MemoryUsage of job (MB)
	154672  -  ResidentSetSize of job (KB)
...
006 (126791.013.000) 2022-03-30 13:40:11 Image size of job updated: 396524
	152  -  MemoryUsage of job (MB)
	155648  -  ResidentSetSize of job (KB)
...
006 (126791.014.000) 2022-03-30 13:40:11 Image size of job updated: 447268
	153  -  MemoryUsage of job (MB)
	155804  -  ResidentSetSize of job (KB)
...
006 (126791.002.000) 2022-03-30 13:40:11 Image size of job updated: 396004
	153  -  MemoryUsage of job (MB)
	156192  -  ResidentSetSize of job (KB)
...
006 (126791.003.000) 2022-03-30 13:40:11 Image size of job updated: 396528
	153  -  MemoryUsage of job (MB)
	156236  -  ResidentSetSize of job (KB)
...
006 (126791.004.000) 2022-03-30 13:40:11 Image size of job updated: 395872
	153  -  MemoryUsage of job (MB)
	156252  -  ResidentSetSize of job (KB)
...
006 (126791.005.000) 2022-03-30 13:40:11 Image size of job updated: 394048
	155  -  MemoryUsage of job (MB)
	157948  -  ResidentSetSize of job (KB)
...
006 (126791.006.000) 2022-03-30 13:40:11 Image size of job updated: 396524
	155  -  MemoryUsage of job (MB)
	157812  -  ResidentSetSize of job (KB)
...
006 (126791.007.000) 2022-03-30 13:40:11 Image size of job updated: 394184
	155  -  MemoryUsage of job (MB)
	157980  -  ResidentSetSize of job (KB)
...
006 (126791.008.000) 2022-03-30 13:40:11 Image size of job updated: 396524
	156  -  MemoryUsage of job (MB)
	159476  -  ResidentSetSize of job (KB)
...
006 (126791.009.000) 2022-03-30 13:40:11 Image size of job updated: 396528
	159  -  MemoryUsage of job (MB)
	161888  -  ResidentSetSize of job (KB)
...
006 (126791.016.000) 2022-03-30 13:40:12 Image size of job updated: 385836
	157  -  MemoryUsage of job (MB)
	160200  -  ResidentSetSize of job (KB)
...
006 (126791.017.000) 2022-03-30 13:40:12 Image size of job updated: 385952
	151  -  MemoryUsage of job (MB)
	154608  -  ResidentSetSize of job (KB)
...
006 (126791.018.000) 2022-03-30 13:40:12 Image size of job updated: 381552
	159  -  MemoryUsage of job (MB)
	162540  -  ResidentSetSize of job (KB)
...
006 (126791.019.000) 2022-03-30 13:40:12 Image size of job updated: 371488
	159  -  MemoryUsage of job (MB)
	161868  -  ResidentSetSize of job (KB)
...
006 (126791.000.000) 2022-03-30 13:40:12 Image size of job updated: 648904
	183  -  MemoryUsage of job (MB)
	187336  -  ResidentSetSize of job (KB)
...
006 (126791.001.000) 2022-03-30 13:40:12 Image size of job updated: 648908
	183  -  MemoryUsage of job (MB)
	187288  -  ResidentSetSize of job (KB)
...
006 (126791.015.000) 2022-03-30 13:40:12 Image size of job updated: 385952
	180  -  MemoryUsage of job (MB)
	183972  -  ResidentSetSize of job (KB)
...
006 (126791.015.000) 2022-03-30 13:40:16 Image size of job updated: 689732
	180  -  MemoryUsage of job (MB)
	183972  -  ResidentSetSize of job (KB)
...
005 (126791.015.000) 2022-03-30 13:40:16 Job terminated.
	(1) Normal termination (return value 0)
		Usr 0 00:00:06, Sys 0 00:00:02  -  Run Remote Usage
		Usr 0 00:00:00, Sys 0 00:00:00  -  Run Local Usage
		Usr 0 00:00:06, Sys 0 00:00:02  -  Total Remote Usage
		Usr 0 00:00:00, Sys 0 00:00:00  -  Total Local Usage
	0  -  Run Bytes Sent By Job
	0  -  Run Bytes Received By Job
	0  -  Total Bytes Sent By Job
	0  -  Total Bytes Received By Job
	Partitionable Resources :    Usage  Request Allocated 
	   Cpus                 :                 1         1 
	   Disk (KB)            :        1        1    121641 
	   Memory (MB)          :      180     3900      3968 

	Job terminated of its own accord at 2022-03-30T04:40:16Z.
...
006 (126791.000.000) 2022-03-30 13:40:17 Image size of job updated: 689812
	183  -  MemoryUsage of job (MB)
	187336  -  ResidentSetSize of job (KB)
...
005 (126791.000.000) 2022-03-30 13:40:17 Job terminated.
	(1) Normal termination (return value 0)
		Usr 0 00:00:08, Sys 0 00:00:02  -  Run Remote Usage
		Usr 0 00:00:00, Sys 0 00:00:00  -  Run Local Usage
		Usr 0 00:00:08, Sys 0 00:00:02  -  Total Remote Usage
		Usr 0 00:00:00, Sys 0 00:00:00  -  Total Local Usage
	0  -  Run Bytes Sent By Job
	0  -  Run Bytes Received By Job
	0  -  Total Bytes Sent By Job
	0  -  Total Bytes Received By Job
	Partitionable Resources :    Usage  Request Allocated 
	   Cpus                 :                 1         1 
	   Disk (KB)            :        1        1    121125 
	   Memory (MB)          :      183     3900      3968 

	Job terminated of its own accord at 2022-03-30T04:40:17Z.
...
006 (126791.004.000) 2022-03-30 13:40:17 Image size of job updated: 689776
	153  -  MemoryUsage of job (MB)
	156256  -  ResidentSetSize of job (KB)
...
005 (126791.004.000) 2022-03-30 13:40:17 Job terminated.
	(1) Normal termination (return value 0)
		Usr 0 00:00:07, Sys 0 00:00:02  -  Run Remote Usage
		Usr 0 00:00:00, Sys 0 00:00:00  -  Run Local Usage
		Usr 0 00:00:07, Sys 0 00:00:02  -  Total Remote Usage
		Usr 0 00:00:00, Sys 0 00:00:00  -  Total Local Usage
	0  -  Run Bytes Sent By Job
	0  -  Run Bytes Received By Job
	0  -  Total Bytes Sent By Job
	0  -  Total Bytes Received By Job
	Partitionable Resources :    Usage  Request Allocated 
	   Cpus                 :                 1         1 
	   Disk (KB)            :        1        1    121641 
	   Memory (MB)          :      153     3900      3968 

	Job terminated of its own accord at 2022-03-30T04:40:17Z.
...
006 (126791.006.000) 2022-03-30 13:40:17 Image size of job updated: 689812
	155  -  MemoryUsage of job (MB)
	157812  -  ResidentSetSize of job (KB)
...
005 (126791.006.000) 2022-03-30 13:40:18 Job terminated.
	(1) Normal termination (return value 0)
		Usr 0 00:00:07, Sys 0 00:00:02  -  Run Remote Usage
		Usr 0 00:00:00, Sys 0 00:00:00  -  Run Local Usage
		Usr 0 00:00:07, Sys 0 00:00:02  -  Total Remote Usage
		Usr 0 00:00:00, Sys 0 00:00:00  -  Total Local Usage
	0  -  Run Bytes Sent By Job
	0  -  Run Bytes Received By Job
	0  -  Total Bytes Sent By Job
	0  -  Total Bytes Received By Job
	Partitionable Resources :    Usage  Request Allocated 
	   Cpus                 :                 1         1 
	   Disk (KB)            :        1        1    121641 
	   Memory (MB)          :      155     3900      3968 

	Job terminated of its own accord at 2022-03-30T04:40:17Z.
...
006 (126791.017.000) 2022-03-30 13:40:18 Image size of job updated: 690060
	151  -  MemoryUsage of job (MB)
	154608  -  ResidentSetSize of job (KB)
...
005 (126791.017.000) 2022-03-30 13:40:18 Job terminated.
	(1) Normal termination (return value 0)
		Usr 0 00:00:09, Sys 0 00:00:01  -  Run Remote Usage
		Usr 0 00:00:00, Sys 0 00:00:00  -  Run Local Usage
		Usr 0 00:00:09, Sys 0 00:00:01  -  Total Remote Usage
		Usr 0 00:00:00, Sys 0 00:00:00  -  Total Local Usage
	0  -  Run Bytes Sent By Job
	0  -  Run Bytes Received By Job
	0  -  Total Bytes Sent By Job
	0  -  Total Bytes Received By Job
	Partitionable Resources :    Usage  Request Allocated 
	   Cpus                 :                 1         1 
	   Disk (KB)            :        1        1    121641 
	   Memory (MB)          :      151     3900      3968 

	Job terminated of its own accord at 2022-03-30T04:40:18Z.
...
006 (126791.003.000) 2022-03-30 13:40:18 Image size of job updated: 689776
	153  -  MemoryUsage of job (MB)
	156244  -  ResidentSetSize of job (KB)
...
005 (126791.003.000) 2022-03-30 13:40:18 Job terminated.
	(1) Normal termination (return value 0)
		Usr 0 00:00:08, Sys 0 00:00:02  -  Run Remote Usage
		Usr 0 00:00:00, Sys 0 00:00:00  -  Run Local Usage
		Usr 0 00:00:08, Sys 0 00:00:02  -  Total Remote Usage
		Usr 0 00:00:00, Sys 0 00:00:00  -  Total Local Usage
	0  -  Run Bytes Sent By Job
	0  -  Run Bytes Received By Job
	0  -  Total Bytes Sent By Job
	0  -  Total Bytes Received By Job
	Partitionable Resources :    Usage  Request Allocated 
	   Cpus                 :                 1         1 
	   Disk (KB)            :        1        1    121641 
	   Memory (MB)          :      153     3900      3968 

	Job terminated of its own accord at 2022-03-30T04:40:18Z.
...
006 (126791.005.000) 2022-03-30 13:40:18 Image size of job updated: 689776
	155  -  MemoryUsage of job (MB)
	157948  -  ResidentSetSize of job (KB)
...
005 (126791.005.000) 2022-03-30 13:40:18 Job terminated.
	(1) Normal termination (return value 0)
		Usr 0 00:00:08, Sys 0 00:00:02  -  Run Remote Usage
		Usr 0 00:00:00, Sys 0 00:00:00  -  Run Local Usage
		Usr 0 00:00:08, Sys 0 00:00:02  -  Total Remote Usage
		Usr 0 00:00:00, Sys 0 00:00:00  -  Total Local Usage
	0  -  Run Bytes Sent By Job
	0  -  Run Bytes Received By Job
	0  -  Total Bytes Sent By Job
	0  -  Total Bytes Received By Job
	Partitionable Resources :    Usage  Request Allocated 
	   Cpus                 :                 1         1 
	   Disk (KB)            :        1        1    121641 
	   Memory (MB)          :      155     3900      3968 

	Job terminated of its own accord at 2022-03-30T04:40:18Z.
...
006 (126791.002.000) 2022-03-30 13:40:18 Image size of job updated: 689812
	153  -  MemoryUsage of job (MB)
	156192  -  ResidentSetSize of job (KB)
...
005 (126791.002.000) 2022-03-30 13:40:18 Job terminated.
	(1) Normal termination (return value 0)
		Usr 0 00:00:08, Sys 0 00:00:02  -  Run Remote Usage
		Usr 0 00:00:00, Sys 0 00:00:00  -  Run Local Usage
		Usr 0 00:00:08, Sys 0 00:00:02  -  Total Remote Usage
		Usr 0 00:00:00, Sys 0 00:00:00  -  Total Local Usage
	0  -  Run Bytes Sent By Job
	0  -  Run Bytes Received By Job
	0  -  Total Bytes Sent By Job
	0  -  Total Bytes Received By Job
	Partitionable Resources :    Usage  Request Allocated 
	   Cpus                 :                 1         1 
	   Disk (KB)            :        1        1    121641 
	   Memory (MB)          :      153     3900      3968 

	Job terminated of its own accord at 2022-03-30T04:40:18Z.
...
006 (126791.018.000) 2022-03-30 13:40:19 Image size of job updated: 689152
	159  -  MemoryUsage of job (MB)
	162544  -  ResidentSetSize of job (KB)
...
005 (126791.018.000) 2022-03-30 13:40:19 Job terminated.
	(1) Normal termination (return value 0)
		Usr 0 00:00:09, Sys 0 00:00:02  -  Run Remote Usage
		Usr 0 00:00:00, Sys 0 00:00:00  -  Run Local Usage
		Usr 0 00:00:09, Sys 0 00:00:02  -  Total Remote Usage
		Usr 0 00:00:00, Sys 0 00:00:00  -  Total Local Usage
	0  -  Run Bytes Sent By Job
	0  -  Run Bytes Received By Job
	0  -  Total Bytes Sent By Job
	0  -  Total Bytes Received By Job
	Partitionable Resources :    Usage  Request Allocated 
	   Cpus                 :                 1         1 
	   Disk (KB)            :        1        1    121641 
	   Memory (MB)          :      159     3900      3968 

	Job terminated of its own accord at 2022-03-30T04:40:19Z.
...
006 (126791.009.000) 2022-03-30 13:40:19 Image size of job updated: 689940
	159  -  MemoryUsage of job (MB)
	161888  -  ResidentSetSize of job (KB)
...
006 (126791.012.000) 2022-03-30 13:40:19 Image size of job updated: 686372
	152  -  MemoryUsage of job (MB)
	154684  -  ResidentSetSize of job (KB)
...
005 (126791.009.000) 2022-03-30 13:40:19 Job terminated.
	(1) Normal termination (return value 0)
		Usr 0 00:00:09, Sys 0 00:00:02  -  Run Remote Usage
		Usr 0 00:00:00, Sys 0 00:00:00  -  Run Local Usage
		Usr 0 00:00:09, Sys 0 00:00:02  -  Total Remote Usage
		Usr 0 00:00:00, Sys 0 00:00:00  -  Total Local Usage
	0  -  Run Bytes Sent By Job
	0  -  Run Bytes Received By Job
	0  -  Total Bytes Sent By Job
	0  -  Total Bytes Received By Job
	Partitionable Resources :    Usage  Request Allocated 
	   Cpus                 :                 1         1 
	   Disk (KB)            :        1        1    121641 
	   Memory (MB)          :      159     3900      3968 

	Job terminated of its own accord at 2022-03-30T04:40:19Z.
...
005 (126791.012.000) 2022-03-30 13:40:19 Job terminated.
	(1) Normal termination (return value 0)
		Usr 0 00:00:09, Sys 0 00:00:02  -  Run Remote Usage
		Usr 0 00:00:00, Sys 0 00:00:00  -  Run Local Usage
		Usr 0 00:00:09, Sys 0 00:00:02  -  Total Remote Usage
		Usr 0 00:00:00, Sys 0 00:00:00  -  Total Local Usage
	0  -  Run Bytes Sent By Job
	0  -  Run Bytes Received By Job
	0  -  Total Bytes Sent By Job
	0  -  Total Bytes Received By Job
	Partitionable Resources :    Usage  Request Allocated 
	   Cpus                 :                 1         1 
	   Disk (KB)            :        1        1    121641 
	   Memory (MB)          :      152     3900      3968 

	Job terminated of its own accord at 2022-03-30T04:40:19Z.
...
006 (126791.001.000) 2022-03-30 13:40:19 Image size of job updated: 689812
	183  -  MemoryUsage of job (MB)
	187288  -  ResidentSetSize of job (KB)
...
005 (126791.001.000) 2022-03-30 13:40:20 Job terminated.
	(1) Normal termination (return value 0)
		Usr 0 00:00:11, Sys 0 00:00:02  -  Run Remote Usage
		Usr 0 00:00:00, Sys 0 00:00:00  -  Run Local Usage
		Usr 0 00:00:11, Sys 0 00:00:02  -  Total Remote Usage
		Usr 0 00:00:00, Sys 0 00:00:00  -  Total Local Usage
	0  -  Run Bytes Sent By Job
	0  -  Run Bytes Received By Job
	0  -  Total Bytes Sent By Job
	0  -  Total Bytes Received By Job
	Partitionable Resources :    Usage  Request Allocated 
	   Cpus                 :                 1         1 
	   Disk (KB)            :        1        1    121125 
	   Memory (MB)          :      183     3900      3968 

	Job terminated of its own accord at 2022-03-30T04:40:19Z.
...
006 (126791.008.000) 2022-03-30 13:40:20 Image size of job updated: 689808
	156  -  MemoryUsage of job (MB)
	159476  -  ResidentSetSize of job (KB)
...
005 (126791.008.000) 2022-03-30 13:40:20 Job terminated.
	(1) Normal termination (return value 0)
		Usr 0 00:00:10, Sys 0 00:00:02  -  Run Remote Usage
		Usr 0 00:00:00, Sys 0 00:00:00  -  Run Local Usage
		Usr 0 00:00:10, Sys 0 00:00:02  -  Total Remote Usage
		Usr 0 00:00:00, Sys 0 00:00:00  -  Total Local Usage
	0  -  Run Bytes Sent By Job
	0  -  Run Bytes Received By Job
	0  -  Total Bytes Sent By Job
	0  -  Total Bytes Received By Job
	Partitionable Resources :    Usage  Request Allocated 
	   Cpus                 :                 1         1 
	   Disk (KB)            :        1        1    121641 
	   Memory (MB)          :      156     3900      3968 

	Job terminated of its own accord at 2022-03-30T04:40:20Z.
...
006 (126791.013.000) 2022-03-30 13:40:21 Image size of job updated: 661748
	152  -  MemoryUsage of job (MB)
	155648  -  ResidentSetSize of job (KB)
...
006 (126791.007.000) 2022-03-30 13:40:21 Image size of job updated: 690520
	155  -  MemoryUsage of job (MB)
	157980  -  ResidentSetSize of job (KB)
...
005 (126791.007.000) 2022-03-30 13:40:21 Job terminated.
	(1) Normal termination (return value 0)
		Usr 0 00:00:11, Sys 0 00:00:02  -  Run Remote Usage
		Usr 0 00:00:00, Sys 0 00:00:00  -  Run Local Usage
		Usr 0 00:00:11, Sys 0 00:00:02  -  Total Remote Usage
		Usr 0 00:00:00, Sys 0 00:00:00  -  Total Local Usage
	0  -  Run Bytes Sent By Job
	0  -  Run Bytes Received By Job
	0  -  Total Bytes Sent By Job
	0  -  Total Bytes Received By Job
	Partitionable Resources :    Usage  Request Allocated 
	   Cpus                 :                 1         1 
	   Disk (KB)            :        1        1    121641 
	   Memory (MB)          :      155     3900      3968 

	Job terminated of its own accord at 2022-03-30T04:40:21Z.
...
005 (126791.013.000) 2022-03-30 13:40:21 Job terminated.
	(1) Normal termination (return value 0)
		Usr 0 00:00:11, Sys 0 00:00:02  -  Run Remote Usage
		Usr 0 00:00:00, Sys 0 00:00:00  -  Run Local Usage
		Usr 0 00:00:11, Sys 0 00:00:02  -  Total Remote Usage
		Usr 0 00:00:00, Sys 0 00:00:00  -  Total Local Usage
	0  -  Run Bytes Sent By Job
	0  -  Run Bytes Received By Job
	0  -  Total Bytes Sent By Job
	0  -  Total Bytes Received By Job
	Partitionable Resources :    Usage  Request Allocated 
	   Cpus                 :                 1         1 
	   Disk (KB)            :        1        1    121641 
	   Memory (MB)          :      152     3900      3968 

	Job terminated of its own accord at 2022-03-30T04:40:21Z.
...
006 (126791.016.000) 2022-03-30 13:40:22 Image size of job updated: 661764
	157  -  MemoryUsage of job (MB)
	160236  -  ResidentSetSize of job (KB)
...
005 (126791.016.000) 2022-03-30 13:40:22 Job terminated.
	(1) Normal termination (return value 0)
		Usr 0 00:00:12, Sys 0 00:00:02  -  Run Remote Usage
		Usr 0 00:00:00, Sys 0 00:00:00  -  Run Local Usage
		Usr 0 00:00:12, Sys 0 00:00:02  -  Total Remote Usage
		Usr 0 00:00:00, Sys 0 00:00:00  -  Total Local Usage
	0  -  Run Bytes Sent By Job
	0  -  Run Bytes Received By Job
	0  -  Total Bytes Sent By Job
	0  -  Total Bytes Received By Job
	Partitionable Resources :    Usage  Request Allocated 
	   Cpus                 :                 1         1 
	   Disk (KB)            :        1        1    121641 
	   Memory (MB)          :      157     3900      3968 

	Job terminated of its own accord at 2022-03-30T04:40:22Z.
...
006 (126791.019.000) 2022-03-30 13:40:25 Image size of job updated: 648904
	159  -  MemoryUsage of job (MB)
	161868  -  ResidentSetSize of job (KB)
...
005 (126791.019.000) 2022-03-30 13:40:25 Job terminated.
	(1) Normal termination (return value 0)
		Usr 0 00:00:15, Sys 0 00:00:02  -  Run Remote Usage
		Usr 0 00:00:00, Sys 0 00:00:00  -  Run Local Usage
		Usr 0 00:00:15, Sys 0 00:00:02  -  Total Remote Usage
		Usr 0 00:00:00, Sys 0 00:00:00  -  Total Local Usage
	0  -  Run Bytes Sent By Job
	0  -  Run Bytes Received By Job
	0  -  Total Bytes Sent By Job
	0  -  Total Bytes Received By Job
	Partitionable Resources :    Usage  Request Allocated 
	   Cpus                 :                 1         1 
	   Disk (KB)            :        1        1    121641 
	   Memory (MB)          :      159     3900      3968 

	Job terminated of its own accord at 2022-03-30T04:40:25Z.
...
006 (126791.011.000) 2022-03-30 13:40:32 Image size of job updated: 648900
	153  -  MemoryUsage of job (MB)
	155760  -  ResidentSetSize of job (KB)
...
005 (126791.011.000) 2022-03-30 13:40:32 Job terminated.
	(1) Normal termination (return value 0)
		Usr 0 00:00:22, Sys 0 00:00:02  -  Run Remote Usage
		Usr 0 00:00:00, Sys 0 00:00:00  -  Run Local Usage
		Usr 0 00:00:22, Sys 0 00:00:02  -  Total Remote Usage
		Usr 0 00:00:00, Sys 0 00:00:00  -  Total Local Usage
	0  -  Run Bytes Sent By Job
	0  -  Run Bytes Received By Job
	0  -  Total Bytes Sent By Job
	0  -  Total Bytes Received By Job
	Partitionable Resources :    Usage  Request Allocated 
	   Cpus                 :                 1         1 
	   Disk (KB)            :        1        1    121641 
	   Memory (MB)          :      153     3900      3968 

	Job terminated of its own accord at 2022-03-30T04:40:32Z.
...
006 (126791.010.000) 2022-03-30 13:40:35 Image size of job updated: 648908
	152  -  MemoryUsage of job (MB)
	154780  -  ResidentSetSize of job (KB)
...
005 (126791.010.000) 2022-03-30 13:40:35 Job terminated.
	(1) Normal termination (return value 0)
		Usr 0 00:00:25, Sys 0 00:00:02  -  Run Remote Usage
		Usr 0 00:00:00, Sys 0 00:00:00  -  Run Local Usage
		Usr 0 00:00:25, Sys 0 00:00:02  -  Total Remote Usage
		Usr 0 00:00:00, Sys 0 00:00:00  -  Total Local Usage
	0  -  Run Bytes Sent By Job
	0  -  Run Bytes Received By Job
	0  -  Total Bytes Sent By Job
	0  -  Total Bytes Received By Job
	Partitionable Resources :    Usage  Request Allocated 
	   Cpus                 :                 1         1 
	   Disk (KB)            :        1        1    121641 
	   Memory (MB)          :      152     3900      3968 

	Job terminated of its own accord at 2022-03-30T04:40:35Z.
...
006 (126791.014.000) 2022-03-30 13:40:36 Image size of job updated: 648904
	153  -  MemoryUsage of job (MB)
	155804  -  ResidentSetSize of job (KB)
...
005 (126791.014.000) 2022-03-30 13:40:36 Job terminated.
	(1) Normal termination (return value 0)
		Usr 0 00:00:26, Sys 0 00:00:02  -  Run Remote Usage
		Usr 0 00:00:00, Sys 0 00:00:00  -  Run Local Usage
		Usr 0 00:00:26, Sys 0 00:00:02  -  Total Remote Usage
		Usr 0 00:00:00, Sys 0 00:00:00  -  Total Local Usage
	0  -  Run Bytes Sent By Job
	0  -  Run Bytes Received By Job
	0  -  Total Bytes Sent By Job
	0  -  Total Bytes Received By Job
	Partitionable Resources :    Usage  Request Allocated 
	   Cpus                 :                 1         1 
	   Disk (KB)            :        1        1    121641 
	   Memory (MB)          :      153     3900      3968 

	Job terminated of its own accord at 2022-03-30T04:40:36Z.
...
000 (127736.000.000) 2022-03-31 12:11:46 Job submitted from host: <172.30.1.200:9618?addrs=172.30.1.200-9618&alias=tamsa2.snu.ac.kr&noUDP&sock=schedd_3154_f5cb>
...
000 (127736.001.000) 2022-03-31 12:11:46 Job submitted from host: <172.30.1.200:9618?addrs=172.30.1.200-9618&alias=tamsa2.snu.ac.kr&noUDP&sock=schedd_3154_f5cb>
...
000 (127736.002.000) 2022-03-31 12:11:46 Job submitted from host: <172.30.1.200:9618?addrs=172.30.1.200-9618&alias=tamsa2.snu.ac.kr&noUDP&sock=schedd_3154_f5cb>
...
000 (127736.003.000) 2022-03-31 12:11:46 Job submitted from host: <172.30.1.200:9618?addrs=172.30.1.200-9618&alias=tamsa2.snu.ac.kr&noUDP&sock=schedd_3154_f5cb>
...
000 (127736.004.000) 2022-03-31 12:11:46 Job submitted from host: <172.30.1.200:9618?addrs=172.30.1.200-9618&alias=tamsa2.snu.ac.kr&noUDP&sock=schedd_3154_f5cb>
...
000 (127736.005.000) 2022-03-31 12:11:46 Job submitted from host: <172.30.1.200:9618?addrs=172.30.1.200-9618&alias=tamsa2.snu.ac.kr&noUDP&sock=schedd_3154_f5cb>
...
000 (127736.006.000) 2022-03-31 12:11:46 Job submitted from host: <172.30.1.200:9618?addrs=172.30.1.200-9618&alias=tamsa2.snu.ac.kr&noUDP&sock=schedd_3154_f5cb>
...
000 (127736.007.000) 2022-03-31 12:11:46 Job submitted from host: <172.30.1.200:9618?addrs=172.30.1.200-9618&alias=tamsa2.snu.ac.kr&noUDP&sock=schedd_3154_f5cb>
...
000 (127736.008.000) 2022-03-31 12:11:46 Job submitted from host: <172.30.1.200:9618?addrs=172.30.1.200-9618&alias=tamsa2.snu.ac.kr&noUDP&sock=schedd_3154_f5cb>
...
000 (127736.009.000) 2022-03-31 12:11:46 Job submitted from host: <172.30.1.200:9618?addrs=172.30.1.200-9618&alias=tamsa2.snu.ac.kr&noUDP&sock=schedd_3154_f5cb>
...
000 (127736.010.000) 2022-03-31 12:11:46 Job submitted from host: <172.30.1.200:9618?addrs=172.30.1.200-9618&alias=tamsa2.snu.ac.kr&noUDP&sock=schedd_3154_f5cb>
...
000 (127736.011.000) 2022-03-31 12:11:46 Job submitted from host: <172.30.1.200:9618?addrs=172.30.1.200-9618&alias=tamsa2.snu.ac.kr&noUDP&sock=schedd_3154_f5cb>
...
000 (127736.012.000) 2022-03-31 12:11:46 Job submitted from host: <172.30.1.200:9618?addrs=172.30.1.200-9618&alias=tamsa2.snu.ac.kr&noUDP&sock=schedd_3154_f5cb>
...
000 (127736.013.000) 2022-03-31 12:11:46 Job submitted from host: <172.30.1.200:9618?addrs=172.30.1.200-9618&alias=tamsa2.snu.ac.kr&noUDP&sock=schedd_3154_f5cb>
...
000 (127736.014.000) 2022-03-31 12:11:46 Job submitted from host: <172.30.1.200:9618?addrs=172.30.1.200-9618&alias=tamsa2.snu.ac.kr&noUDP&sock=schedd_3154_f5cb>
...
000 (127736.015.000) 2022-03-31 12:11:46 Job submitted from host: <172.30.1.200:9618?addrs=172.30.1.200-9618&alias=tamsa2.snu.ac.kr&noUDP&sock=schedd_3154_f5cb>
...
000 (127736.016.000) 2022-03-31 12:11:46 Job submitted from host: <172.30.1.200:9618?addrs=172.30.1.200-9618&alias=tamsa2.snu.ac.kr&noUDP&sock=schedd_3154_f5cb>
...
000 (127736.017.000) 2022-03-31 12:11:46 Job submitted from host: <172.30.1.200:9618?addrs=172.30.1.200-9618&alias=tamsa2.snu.ac.kr&noUDP&sock=schedd_3154_f5cb>
...
000 (127736.018.000) 2022-03-31 12:11:46 Job submitted from host: <172.30.1.200:9618?addrs=172.30.1.200-9618&alias=tamsa2.snu.ac.kr&noUDP&sock=schedd_3154_f5cb>
...
000 (127736.019.000) 2022-03-31 12:11:46 Job submitted from host: <172.30.1.200:9618?addrs=172.30.1.200-9618&alias=tamsa2.snu.ac.kr&noUDP&sock=schedd_3154_f5cb>
...
001 (127736.000.000) 2022-03-31 12:11:55 Job executing on host: <172.30.1.204:9618?addrs=172.30.1.204-9618&alias=node4&noUDP&sock=startd_3623_a7b6>
...
001 (127736.001.000) 2022-03-31 12:11:55 Job executing on host: <172.30.1.204:9618?addrs=172.30.1.204-9618&alias=node4&noUDP&sock=startd_3623_a7b6>
...
001 (127736.002.000) 2022-03-31 12:11:55 Job executing on host: <172.30.1.204:9618?addrs=172.30.1.204-9618&alias=node4&noUDP&sock=startd_3623_a7b6>
...
001 (127736.003.000) 2022-03-31 12:11:55 Job executing on host: <172.30.1.204:9618?addrs=172.30.1.204-9618&alias=node4&noUDP&sock=startd_3623_a7b6>
...
001 (127736.004.000) 2022-03-31 12:11:55 Job executing on host: <172.30.1.204:9618?addrs=172.30.1.204-9618&alias=node4&noUDP&sock=startd_3623_a7b6>
...
001 (127736.005.000) 2022-03-31 12:11:55 Job executing on host: <172.30.1.204:9618?addrs=172.30.1.204-9618&alias=node4&noUDP&sock=startd_3623_a7b6>
...
001 (127736.006.000) 2022-03-31 12:11:55 Job executing on host: <172.30.1.204:9618?addrs=172.30.1.204-9618&alias=node4&noUDP&sock=startd_3623_a7b6>
...
001 (127736.007.000) 2022-03-31 12:11:55 Job executing on host: <172.30.1.204:9618?addrs=172.30.1.204-9618&alias=node4&noUDP&sock=startd_3623_a7b6>
...
001 (127736.008.000) 2022-03-31 12:11:55 Job executing on host: <172.30.1.204:9618?addrs=172.30.1.204-9618&alias=node4&noUDP&sock=startd_3623_a7b6>
...
001 (127736.009.000) 2022-03-31 12:11:55 Job executing on host: <172.30.1.204:9618?addrs=172.30.1.204-9618&alias=node4&noUDP&sock=startd_3623_a7b6>
...
001 (127736.010.000) 2022-03-31 12:11:55 Job executing on host: <172.30.1.204:9618?addrs=172.30.1.204-9618&alias=node4&noUDP&sock=startd_3623_a7b6>
...
001 (127736.011.000) 2022-03-31 12:11:55 Job executing on host: <172.30.1.204:9618?addrs=172.30.1.204-9618&alias=node4&noUDP&sock=startd_3623_a7b6>
...
001 (127736.012.000) 2022-03-31 12:11:55 Job executing on host: <172.30.1.204:9618?addrs=172.30.1.204-9618&alias=node4&noUDP&sock=startd_3623_a7b6>
...
001 (127736.013.000) 2022-03-31 12:11:55 Job executing on host: <172.30.1.204:9618?addrs=172.30.1.204-9618&alias=node4&noUDP&sock=startd_3623_a7b6>
...
001 (127736.014.000) 2022-03-31 12:11:56 Job executing on host: <172.30.1.204:9618?addrs=172.30.1.204-9618&alias=node4&noUDP&sock=startd_3623_a7b6>
...
001 (127736.015.000) 2022-03-31 12:11:56 Job executing on host: <172.30.1.204:9618?addrs=172.30.1.204-9618&alias=node4&noUDP&sock=startd_3623_a7b6>
...
001 (127736.016.000) 2022-03-31 12:11:56 Job executing on host: <172.30.1.204:9618?addrs=172.30.1.204-9618&alias=node4&noUDP&sock=startd_3623_a7b6>
...
001 (127736.017.000) 2022-03-31 12:11:56 Job executing on host: <172.30.1.204:9618?addrs=172.30.1.204-9618&alias=node4&noUDP&sock=startd_3623_a7b6>
...
001 (127736.018.000) 2022-03-31 12:11:56 Job executing on host: <172.30.1.204:9618?addrs=172.30.1.204-9618&alias=node4&noUDP&sock=startd_3623_a7b6>
...
001 (127736.019.000) 2022-03-31 12:11:56 Job executing on host: <172.30.1.204:9618?addrs=172.30.1.204-9618&alias=node4&noUDP&sock=startd_3623_a7b6>
...
006 (127736.000.000) 2022-03-31 12:12:03 Image size of job updated: 386980
	151  -  MemoryUsage of job (MB)
	154192  -  ResidentSetSize of job (KB)
...
006 (127736.001.000) 2022-03-31 12:12:03 Image size of job updated: 386980
	151  -  MemoryUsage of job (MB)
	154188  -  ResidentSetSize of job (KB)
...
006 (127736.002.000) 2022-03-31 12:12:03 Image size of job updated: 386980
	152  -  MemoryUsage of job (MB)
	154720  -  ResidentSetSize of job (KB)
...
006 (127736.003.000) 2022-03-31 12:12:03 Image size of job updated: 388304
	151  -  MemoryUsage of job (MB)
	154600  -  ResidentSetSize of job (KB)
...
006 (127736.013.000) 2022-03-31 12:12:04 Image size of job updated: 388168
	153  -  MemoryUsage of job (MB)
	155844  -  ResidentSetSize of job (KB)
...
006 (127736.014.000) 2022-03-31 12:12:04 Image size of job updated: 386984
	153  -  MemoryUsage of job (MB)
	155848  -  ResidentSetSize of job (KB)
...
006 (127736.015.000) 2022-03-31 12:12:04 Image size of job updated: 386984
	153  -  MemoryUsage of job (MB)
	155928  -  ResidentSetSize of job (KB)
...
006 (127736.016.000) 2022-03-31 12:12:04 Image size of job updated: 385952
	154  -  MemoryUsage of job (MB)
	156836  -  ResidentSetSize of job (KB)
...
006 (127736.017.000) 2022-03-31 12:12:04 Image size of job updated: 385952
	153  -  MemoryUsage of job (MB)
	156288  -  ResidentSetSize of job (KB)
...
006 (127736.018.000) 2022-03-31 12:12:04 Image size of job updated: 324252
	157  -  MemoryUsage of job (MB)
	160536  -  ResidentSetSize of job (KB)
...
006 (127736.019.000) 2022-03-31 12:12:04 Image size of job updated: 301784
	156  -  MemoryUsage of job (MB)
	158852  -  ResidentSetSize of job (KB)
...
006 (127736.004.000) 2022-03-31 12:12:04 Image size of job updated: 390024
	159  -  MemoryUsage of job (MB)
	162620  -  ResidentSetSize of job (KB)
...
006 (127736.005.000) 2022-03-31 12:12:04 Image size of job updated: 388580
	157  -  MemoryUsage of job (MB)
	160436  -  ResidentSetSize of job (KB)
...
006 (127736.006.000) 2022-03-31 12:12:04 Image size of job updated: 390024
	157  -  MemoryUsage of job (MB)
	159860  -  ResidentSetSize of job (KB)
...
006 (127736.007.000) 2022-03-31 12:12:04 Image size of job updated: 389624
	152  -  MemoryUsage of job (MB)
	154744  -  ResidentSetSize of job (KB)
...
006 (127736.008.000) 2022-03-31 12:12:04 Image size of job updated: 386976
	161  -  MemoryUsage of job (MB)
	164208  -  ResidentSetSize of job (KB)
...
006 (127736.009.000) 2022-03-31 12:12:04 Image size of job updated: 389624
	159  -  MemoryUsage of job (MB)
	162664  -  ResidentSetSize of job (KB)
...
006 (127736.010.000) 2022-03-31 12:12:04 Image size of job updated: 389492
	163  -  MemoryUsage of job (MB)
	165900  -  ResidentSetSize of job (KB)
...
006 (127736.011.000) 2022-03-31 12:12:04 Image size of job updated: 386868
	162  -  MemoryUsage of job (MB)
	165840  -  ResidentSetSize of job (KB)
...
006 (127736.012.000) 2022-03-31 12:12:04 Image size of job updated: 387508
	164  -  MemoryUsage of job (MB)
	167172  -  ResidentSetSize of job (KB)
...
006 (127736.015.000) 2022-03-31 12:12:09 Image size of job updated: 386984
	153  -  MemoryUsage of job (MB)
	155964  -  ResidentSetSize of job (KB)
...
006 (127736.017.000) 2022-03-31 12:12:09 Image size of job updated: 385952
	153  -  MemoryUsage of job (MB)
	156332  -  ResidentSetSize of job (KB)
...
005 (127736.015.000) 2022-03-31 12:12:09 Job terminated.
	(1) Normal termination (return value 0)
		Usr 0 00:00:06, Sys 0 00:00:02  -  Run Remote Usage
		Usr 0 00:00:00, Sys 0 00:00:00  -  Run Local Usage
		Usr 0 00:00:06, Sys 0 00:00:02  -  Total Remote Usage
		Usr 0 00:00:00, Sys 0 00:00:00  -  Total Local Usage
	0  -  Run Bytes Sent By Job
	0  -  Run Bytes Received By Job
	0  -  Total Bytes Sent By Job
	0  -  Total Bytes Received By Job
	Partitionable Resources :    Usage  Request Allocated 
	   Cpus                 :                 1         1 
	   Disk (KB)            :        1        1    129249 
	   Memory (MB)          :      153     3900      3968 

	Job terminated of its own accord at 2022-03-31T03:12:09Z.
...
005 (127736.017.000) 2022-03-31 12:12:09 Job terminated.
	(1) Normal termination (return value 0)
		Usr 0 00:00:06, Sys 0 00:00:02  -  Run Remote Usage
		Usr 0 00:00:00, Sys 0 00:00:00  -  Run Local Usage
		Usr 0 00:00:06, Sys 0 00:00:02  -  Total Remote Usage
		Usr 0 00:00:00, Sys 0 00:00:00  -  Total Local Usage
	0  -  Run Bytes Sent By Job
	0  -  Run Bytes Received By Job
	0  -  Total Bytes Sent By Job
	0  -  Total Bytes Received By Job
	Partitionable Resources :    Usage  Request Allocated 
	   Cpus                 :                 1         1 
	   Disk (KB)            :        1        1    129249 
	   Memory (MB)          :      153     3900      3968 

	Job terminated of its own accord at 2022-03-31T03:12:09Z.
...
006 (127736.014.000) 2022-03-31 12:12:10 Image size of job updated: 689696
	153  -  MemoryUsage of job (MB)
	155848  -  ResidentSetSize of job (KB)
...
005 (127736.014.000) 2022-03-31 12:12:10 Job terminated.
	(1) Normal termination (return value 0)
		Usr 0 00:00:07, Sys 0 00:00:02  -  Run Remote Usage
		Usr 0 00:00:00, Sys 0 00:00:00  -  Run Local Usage
		Usr 0 00:00:07, Sys 0 00:00:02  -  Total Remote Usage
		Usr 0 00:00:00, Sys 0 00:00:00  -  Total Local Usage
	0  -  Run Bytes Sent By Job
	0  -  Run Bytes Received By Job
	0  -  Total Bytes Sent By Job
	0  -  Total Bytes Received By Job
	Partitionable Resources :    Usage  Request Allocated 
	   Cpus                 :                 1         1 
	   Disk (KB)            :        1        1    129249 
	   Memory (MB)          :      153     3900      3968 

	Job terminated of its own accord at 2022-03-31T03:12:10Z.
...
006 (127736.004.000) 2022-03-31 12:12:10 Image size of job updated: 689824
	159  -  MemoryUsage of job (MB)
	162620  -  ResidentSetSize of job (KB)
...
005 (127736.004.000) 2022-03-31 12:12:10 Job terminated.
	(1) Normal termination (return value 0)
		Usr 0 00:00:08, Sys 0 00:00:02  -  Run Remote Usage
		Usr 0 00:00:00, Sys 0 00:00:00  -  Run Local Usage
		Usr 0 00:00:08, Sys 0 00:00:02  -  Total Remote Usage
		Usr 0 00:00:00, Sys 0 00:00:00  -  Total Local Usage
	0  -  Run Bytes Sent By Job
	0  -  Run Bytes Received By Job
	0  -  Total Bytes Sent By Job
	0  -  Total Bytes Received By Job
	Partitionable Resources :    Usage  Request Allocated 
	   Cpus                 :                 1         1 
	   Disk (KB)            :        1        1    129249 
	   Memory (MB)          :      159     3900      3968 

	Job terminated of its own accord at 2022-03-31T03:12:10Z.
...
006 (127736.013.000) 2022-03-31 12:12:11 Image size of job updated: 670116
	153  -  MemoryUsage of job (MB)
	155844  -  ResidentSetSize of job (KB)
...
005 (127736.013.000) 2022-03-31 12:12:11 Job terminated.
	(1) Normal termination (return value 0)
		Usr 0 00:00:08, Sys 0 00:00:02  -  Run Remote Usage
		Usr 0 00:00:00, Sys 0 00:00:00  -  Run Local Usage
		Usr 0 00:00:08, Sys 0 00:00:02  -  Total Remote Usage
		Usr 0 00:00:00, Sys 0 00:00:00  -  Total Local Usage
	0  -  Run Bytes Sent By Job
	0  -  Run Bytes Received By Job
	0  -  Total Bytes Sent By Job
	0  -  Total Bytes Received By Job
	Partitionable Resources :    Usage  Request Allocated 
	   Cpus                 :                 1         1 
	   Disk (KB)            :        1        1    129249 
	   Memory (MB)          :      153     3900      3968 

	Job terminated of its own accord at 2022-03-31T03:12:11Z.
...
006 (127736.010.000) 2022-03-31 12:12:11 Image size of job updated: 687556
	163  -  MemoryUsage of job (MB)
	165900  -  ResidentSetSize of job (KB)
...
005 (127736.010.000) 2022-03-31 12:12:11 Job terminated.
	(1) Normal termination (return value 0)
		Usr 0 00:00:08, Sys 0 00:00:02  -  Run Remote Usage
		Usr 0 00:00:00, Sys 0 00:00:00  -  Run Local Usage
		Usr 0 00:00:08, Sys 0 00:00:02  -  Total Remote Usage
		Usr 0 00:00:00, Sys 0 00:00:00  -  Total Local Usage
	0  -  Run Bytes Sent By Job
	0  -  Run Bytes Received By Job
	0  -  Total Bytes Sent By Job
	0  -  Total Bytes Received By Job
	Partitionable Resources :    Usage  Request Allocated 
	   Cpus                 :                 1         1 
	   Disk (KB)            :        1        1    129249 
	   Memory (MB)          :      163     3900      3968 

	Job terminated of its own accord at 2022-03-31T03:12:11Z.
...
006 (127736.003.000) 2022-03-31 12:12:11 Image size of job updated: 689796
	151  -  MemoryUsage of job (MB)
	154600  -  ResidentSetSize of job (KB)
...
005 (127736.003.000) 2022-03-31 12:12:11 Job terminated.
	(1) Normal termination (return value 0)
		Usr 0 00:00:09, Sys 0 00:00:02  -  Run Remote Usage
		Usr 0 00:00:00, Sys 0 00:00:00  -  Run Local Usage
		Usr 0 00:00:09, Sys 0 00:00:02  -  Total Remote Usage
		Usr 0 00:00:00, Sys 0 00:00:00  -  Total Local Usage
	0  -  Run Bytes Sent By Job
	0  -  Run Bytes Received By Job
	0  -  Total Bytes Sent By Job
	0  -  Total Bytes Received By Job
	Partitionable Resources :    Usage  Request Allocated 
	   Cpus                 :                 1         1 
	   Disk (KB)            :        1        1    129249 
	   Memory (MB)          :      151     3900      3968 

	Job terminated of its own accord at 2022-03-31T03:12:11Z.
...
006 (127736.000.000) 2022-03-31 12:12:11 Image size of job updated: 689820
	151  -  MemoryUsage of job (MB)
	154192  -  ResidentSetSize of job (KB)
...
005 (127736.000.000) 2022-03-31 12:12:11 Job terminated.
	(1) Normal termination (return value 0)
		Usr 0 00:00:09, Sys 0 00:00:02  -  Run Remote Usage
		Usr 0 00:00:00, Sys 0 00:00:00  -  Run Local Usage
		Usr 0 00:00:09, Sys 0 00:00:02  -  Total Remote Usage
		Usr 0 00:00:00, Sys 0 00:00:00  -  Total Local Usage
	0  -  Run Bytes Sent By Job
	0  -  Run Bytes Received By Job
	0  -  Total Bytes Sent By Job
	0  -  Total Bytes Received By Job
	Partitionable Resources :    Usage  Request Allocated 
	   Cpus                 :                 1         1 
	   Disk (KB)            :        1        1    129249 
	   Memory (MB)          :      151     3900      3968 

	Job terminated of its own accord at 2022-03-31T03:12:11Z.
...
006 (127736.006.000) 2022-03-31 12:12:11 Image size of job updated: 689784
	157  -  MemoryUsage of job (MB)
	159860  -  ResidentSetSize of job (KB)
...
005 (127736.006.000) 2022-03-31 12:12:11 Job terminated.
	(1) Normal termination (return value 0)
		Usr 0 00:00:09, Sys 0 00:00:02  -  Run Remote Usage
		Usr 0 00:00:00, Sys 0 00:00:00  -  Run Local Usage
		Usr 0 00:00:09, Sys 0 00:00:02  -  Total Remote Usage
		Usr 0 00:00:00, Sys 0 00:00:00  -  Total Local Usage
	0  -  Run Bytes Sent By Job
	0  -  Run Bytes Received By Job
	0  -  Total Bytes Sent By Job
	0  -  Total Bytes Received By Job
	Partitionable Resources :    Usage  Request Allocated 
	   Cpus                 :                 1         1 
	   Disk (KB)            :        1        1    129249 
	   Memory (MB)          :      157     3900      3968 

	Job terminated of its own accord at 2022-03-31T03:12:11Z.
...
006 (127736.019.000) 2022-03-31 12:12:12 Image size of job updated: 689708
	156  -  MemoryUsage of job (MB)
	158872  -  ResidentSetSize of job (KB)
...
005 (127736.019.000) 2022-03-31 12:12:12 Job terminated.
	(1) Normal termination (return value 0)
		Usr 0 00:00:09, Sys 0 00:00:02  -  Run Remote Usage
		Usr 0 00:00:00, Sys 0 00:00:00  -  Run Local Usage
		Usr 0 00:00:09, Sys 0 00:00:02  -  Total Remote Usage
		Usr 0 00:00:00, Sys 0 00:00:00  -  Total Local Usage
	0  -  Run Bytes Sent By Job
	0  -  Run Bytes Received By Job
	0  -  Total Bytes Sent By Job
	0  -  Total Bytes Received By Job
	Partitionable Resources :    Usage  Request Allocated 
	   Cpus                 :                 1         1 
	   Disk (KB)            :        1        1    129249 
	   Memory (MB)          :      156     3900      3968 

	Job terminated of its own accord at 2022-03-31T03:12:12Z.
...
006 (127736.002.000) 2022-03-31 12:12:12 Image size of job updated: 689952
	152  -  MemoryUsage of job (MB)
	154720  -  ResidentSetSize of job (KB)
...
005 (127736.002.000) 2022-03-31 12:12:12 Job terminated.
	(1) Normal termination (return value 0)
		Usr 0 00:00:09, Sys 0 00:00:02  -  Run Remote Usage
		Usr 0 00:00:00, Sys 0 00:00:00  -  Run Local Usage
		Usr 0 00:00:09, Sys 0 00:00:02  -  Total Remote Usage
		Usr 0 00:00:00, Sys 0 00:00:00  -  Total Local Usage
	0  -  Run Bytes Sent By Job
	0  -  Run Bytes Received By Job
	0  -  Total Bytes Sent By Job
	0  -  Total Bytes Received By Job
	Partitionable Resources :    Usage  Request Allocated 
	   Cpus                 :                 1         1 
	   Disk (KB)            :        1        1    129249 
	   Memory (MB)          :      152     3900      3968 

	Job terminated of its own accord at 2022-03-31T03:12:12Z.
...
006 (127736.005.000) 2022-03-31 12:12:12 Image size of job updated: 689784
	157  -  MemoryUsage of job (MB)
	160436  -  ResidentSetSize of job (KB)
...
005 (127736.005.000) 2022-03-31 12:12:12 Job terminated.
	(1) Normal termination (return value 0)
		Usr 0 00:00:10, Sys 0 00:00:02  -  Run Remote Usage
		Usr 0 00:00:00, Sys 0 00:00:00  -  Run Local Usage
		Usr 0 00:00:10, Sys 0 00:00:02  -  Total Remote Usage
		Usr 0 00:00:00, Sys 0 00:00:00  -  Total Local Usage
	0  -  Run Bytes Sent By Job
	0  -  Run Bytes Received By Job
	0  -  Total Bytes Sent By Job
	0  -  Total Bytes Received By Job
	Partitionable Resources :    Usage  Request Allocated 
	   Cpus                 :                 1         1 
	   Disk (KB)            :        1        1    129249 
	   Memory (MB)          :      157     3900      3968 

	Job terminated of its own accord at 2022-03-31T03:12:12Z.
...
006 (127736.018.000) 2022-03-31 12:12:14 Image size of job updated: 689904
	157  -  MemoryUsage of job (MB)
	160540  -  ResidentSetSize of job (KB)
...
005 (127736.018.000) 2022-03-31 12:12:14 Job terminated.
	(1) Normal termination (return value 0)
		Usr 0 00:00:11, Sys 0 00:00:02  -  Run Remote Usage
		Usr 0 00:00:00, Sys 0 00:00:00  -  Run Local Usage
		Usr 0 00:00:11, Sys 0 00:00:02  -  Total Remote Usage
		Usr 0 00:00:00, Sys 0 00:00:00  -  Total Local Usage
	0  -  Run Bytes Sent By Job
	0  -  Run Bytes Received By Job
	0  -  Total Bytes Sent By Job
	0  -  Total Bytes Received By Job
	Partitionable Resources :    Usage  Request Allocated 
	   Cpus                 :                 1         1 
	   Disk (KB)            :        1        1    129249 
	   Memory (MB)          :      157     3900      3968 

	Job terminated of its own accord at 2022-03-31T03:12:14Z.
...
006 (127736.016.000) 2022-03-31 12:12:15 Image size of job updated: 670420
	154  -  MemoryUsage of job (MB)
	156836  -  ResidentSetSize of job (KB)
...
005 (127736.016.000) 2022-03-31 12:12:15 Job terminated.
	(1) Normal termination (return value 0)
		Usr 0 00:00:12, Sys 0 00:00:02  -  Run Remote Usage
		Usr 0 00:00:00, Sys 0 00:00:00  -  Run Local Usage
		Usr 0 00:00:12, Sys 0 00:00:02  -  Total Remote Usage
		Usr 0 00:00:00, Sys 0 00:00:00  -  Total Local Usage
	0  -  Run Bytes Sent By Job
	0  -  Run Bytes Received By Job
	0  -  Total Bytes Sent By Job
	0  -  Total Bytes Received By Job
	Partitionable Resources :    Usage  Request Allocated 
	   Cpus                 :                 1         1 
	   Disk (KB)            :        1        1    129249 
	   Memory (MB)          :      154     3900      3968 

	Job terminated of its own accord at 2022-03-31T03:12:15Z.
...
006 (127736.008.000) 2022-03-31 12:12:15 Image size of job updated: 690096
	161  -  MemoryUsage of job (MB)
	164212  -  ResidentSetSize of job (KB)
...
005 (127736.008.000) 2022-03-31 12:12:15 Job terminated.
	(1) Normal termination (return value 0)
		Usr 0 00:00:12, Sys 0 00:00:02  -  Run Remote Usage
		Usr 0 00:00:00, Sys 0 00:00:00  -  Run Local Usage
		Usr 0 00:00:12, Sys 0 00:00:02  -  Total Remote Usage
		Usr 0 00:00:00, Sys 0 00:00:00  -  Total Local Usage
	0  -  Run Bytes Sent By Job
	0  -  Run Bytes Received By Job
	0  -  Total Bytes Sent By Job
	0  -  Total Bytes Received By Job
	Partitionable Resources :    Usage  Request Allocated 
	   Cpus                 :                 1         1 
	   Disk (KB)            :        1        1    129249 
	   Memory (MB)          :      161     3900      3968 

	Job terminated of its own accord at 2022-03-31T03:12:15Z.
...
006 (127736.001.000) 2022-03-31 12:12:16 Image size of job updated: 689168
	151  -  MemoryUsage of job (MB)
	154188  -  ResidentSetSize of job (KB)
...
005 (127736.001.000) 2022-03-31 12:12:16 Job terminated.
	(1) Normal termination (return value 0)
		Usr 0 00:00:14, Sys 0 00:00:02  -  Run Remote Usage
		Usr 0 00:00:00, Sys 0 00:00:00  -  Run Local Usage
		Usr 0 00:00:14, Sys 0 00:00:02  -  Total Remote Usage
		Usr 0 00:00:00, Sys 0 00:00:00  -  Total Local Usage
	0  -  Run Bytes Sent By Job
	0  -  Run Bytes Received By Job
	0  -  Total Bytes Sent By Job
	0  -  Total Bytes Received By Job
	Partitionable Resources :    Usage  Request Allocated 
	   Cpus                 :                 1         1 
	   Disk (KB)            :        1        1    129249 
	   Memory (MB)          :      151     3900      3968 

	Job terminated of its own accord at 2022-03-31T03:12:16Z.
...
006 (127736.009.000) 2022-03-31 12:12:16 Image size of job updated: 690020
	159  -  MemoryUsage of job (MB)
	162704  -  ResidentSetSize of job (KB)
...
006 (127736.007.000) 2022-03-31 12:12:16 Image size of job updated: 691980
	152  -  MemoryUsage of job (MB)
	154744  -  ResidentSetSize of job (KB)
...
005 (127736.007.000) 2022-03-31 12:12:16 Job terminated.
	(1) Normal termination (return value 0)
		Usr 0 00:00:15, Sys 0 00:00:02  -  Run Remote Usage
		Usr 0 00:00:00, Sys 0 00:00:00  -  Run Local Usage
		Usr 0 00:00:15, Sys 0 00:00:02  -  Total Remote Usage
		Usr 0 00:00:00, Sys 0 00:00:00  -  Total Local Usage
	0  -  Run Bytes Sent By Job
	0  -  Run Bytes Received By Job
	0  -  Total Bytes Sent By Job
	0  -  Total Bytes Received By Job
	Partitionable Resources :    Usage  Request Allocated 
	   Cpus                 :                 1         1 
	   Disk (KB)            :        1        1    129249 
	   Memory (MB)          :      152     3900      3968 

	Job terminated of its own accord at 2022-03-31T03:12:16Z.
...
005 (127736.009.000) 2022-03-31 12:12:16 Job terminated.
	(1) Normal termination (return value 0)
		Usr 0 00:00:14, Sys 0 00:00:02  -  Run Remote Usage
		Usr 0 00:00:00, Sys 0 00:00:00  -  Run Local Usage
		Usr 0 00:00:14, Sys 0 00:00:02  -  Total Remote Usage
		Usr 0 00:00:00, Sys 0 00:00:00  -  Total Local Usage
	0  -  Run Bytes Sent By Job
	0  -  Run Bytes Received By Job
	0  -  Total Bytes Sent By Job
	0  -  Total Bytes Received By Job
	Partitionable Resources :    Usage  Request Allocated 
	   Cpus                 :                 1         1 
	   Disk (KB)            :        1        1    129249 
	   Memory (MB)          :      159     3900      3968 

	Job terminated of its own accord at 2022-03-31T03:12:16Z.
...
006 (127736.012.000) 2022-03-31 12:12:38 Image size of job updated: 649172
	164  -  MemoryUsage of job (MB)
	167176  -  ResidentSetSize of job (KB)
...
005 (127736.012.000) 2022-03-31 12:12:38 Job terminated.
	(1) Normal termination (return value 0)
		Usr 0 00:00:35, Sys 0 00:00:02  -  Run Remote Usage
		Usr 0 00:00:00, Sys 0 00:00:00  -  Run Local Usage
		Usr 0 00:00:35, Sys 0 00:00:02  -  Total Remote Usage
		Usr 0 00:00:00, Sys 0 00:00:00  -  Total Local Usage
	0  -  Run Bytes Sent By Job
	0  -  Run Bytes Received By Job
	0  -  Total Bytes Sent By Job
	0  -  Total Bytes Received By Job
	Partitionable Resources :    Usage  Request Allocated 
	   Cpus                 :                 1         1 
	   Disk (KB)            :        1        1    129249 
	   Memory (MB)          :      164     3900      3968 

	Job terminated of its own accord at 2022-03-31T03:12:38Z.
...
006 (127736.011.000) 2022-03-31 12:12:48 Image size of job updated: 649164
	162  -  MemoryUsage of job (MB)
	165840  -  ResidentSetSize of job (KB)
...
005 (127736.011.000) 2022-03-31 12:12:48 Job terminated.
	(1) Normal termination (return value 0)
		Usr 0 00:00:46, Sys 0 00:00:02  -  Run Remote Usage
		Usr 0 00:00:00, Sys 0 00:00:00  -  Run Local Usage
		Usr 0 00:00:46, Sys 0 00:00:02  -  Total Remote Usage
		Usr 0 00:00:00, Sys 0 00:00:00  -  Total Local Usage
	0  -  Run Bytes Sent By Job
	0  -  Run Bytes Received By Job
	0  -  Total Bytes Sent By Job
	0  -  Total Bytes Received By Job
	Partitionable Resources :    Usage  Request Allocated 
	   Cpus                 :                 1         1 
	   Disk (KB)            :        1        1    129249 
	   Memory (MB)          :      162     3900      3968 

	Job terminated of its own accord at 2022-03-31T03:12:48Z.
...
000 (127835.000.000) 2022-03-31 15:11:46 Job submitted from host: <172.30.1.200:9618?addrs=172.30.1.200-9618&alias=tamsa2.snu.ac.kr&noUDP&sock=schedd_3154_f5cb>
...
000 (127835.001.000) 2022-03-31 15:11:46 Job submitted from host: <172.30.1.200:9618?addrs=172.30.1.200-9618&alias=tamsa2.snu.ac.kr&noUDP&sock=schedd_3154_f5cb>
...
000 (127835.002.000) 2022-03-31 15:11:46 Job submitted from host: <172.30.1.200:9618?addrs=172.30.1.200-9618&alias=tamsa2.snu.ac.kr&noUDP&sock=schedd_3154_f5cb>
...
000 (127835.003.000) 2022-03-31 15:11:46 Job submitted from host: <172.30.1.200:9618?addrs=172.30.1.200-9618&alias=tamsa2.snu.ac.kr&noUDP&sock=schedd_3154_f5cb>
...
000 (127835.004.000) 2022-03-31 15:11:46 Job submitted from host: <172.30.1.200:9618?addrs=172.30.1.200-9618&alias=tamsa2.snu.ac.kr&noUDP&sock=schedd_3154_f5cb>
...
000 (127835.005.000) 2022-03-31 15:11:46 Job submitted from host: <172.30.1.200:9618?addrs=172.30.1.200-9618&alias=tamsa2.snu.ac.kr&noUDP&sock=schedd_3154_f5cb>
...
000 (127835.006.000) 2022-03-31 15:11:46 Job submitted from host: <172.30.1.200:9618?addrs=172.30.1.200-9618&alias=tamsa2.snu.ac.kr&noUDP&sock=schedd_3154_f5cb>
...
000 (127835.007.000) 2022-03-31 15:11:46 Job submitted from host: <172.30.1.200:9618?addrs=172.30.1.200-9618&alias=tamsa2.snu.ac.kr&noUDP&sock=schedd_3154_f5cb>
...
000 (127835.008.000) 2022-03-31 15:11:46 Job submitted from host: <172.30.1.200:9618?addrs=172.30.1.200-9618&alias=tamsa2.snu.ac.kr&noUDP&sock=schedd_3154_f5cb>
...
000 (127835.009.000) 2022-03-31 15:11:46 Job submitted from host: <172.30.1.200:9618?addrs=172.30.1.200-9618&alias=tamsa2.snu.ac.kr&noUDP&sock=schedd_3154_f5cb>
...
000 (127835.010.000) 2022-03-31 15:11:46 Job submitted from host: <172.30.1.200:9618?addrs=172.30.1.200-9618&alias=tamsa2.snu.ac.kr&noUDP&sock=schedd_3154_f5cb>
...
000 (127835.011.000) 2022-03-31 15:11:46 Job submitted from host: <172.30.1.200:9618?addrs=172.30.1.200-9618&alias=tamsa2.snu.ac.kr&noUDP&sock=schedd_3154_f5cb>
...
000 (127835.012.000) 2022-03-31 15:11:46 Job submitted from host: <172.30.1.200:9618?addrs=172.30.1.200-9618&alias=tamsa2.snu.ac.kr&noUDP&sock=schedd_3154_f5cb>
...
000 (127835.013.000) 2022-03-31 15:11:46 Job submitted from host: <172.30.1.200:9618?addrs=172.30.1.200-9618&alias=tamsa2.snu.ac.kr&noUDP&sock=schedd_3154_f5cb>
...
000 (127835.014.000) 2022-03-31 15:11:46 Job submitted from host: <172.30.1.200:9618?addrs=172.30.1.200-9618&alias=tamsa2.snu.ac.kr&noUDP&sock=schedd_3154_f5cb>
...
000 (127835.015.000) 2022-03-31 15:11:46 Job submitted from host: <172.30.1.200:9618?addrs=172.30.1.200-9618&alias=tamsa2.snu.ac.kr&noUDP&sock=schedd_3154_f5cb>
...
000 (127835.016.000) 2022-03-31 15:11:46 Job submitted from host: <172.30.1.200:9618?addrs=172.30.1.200-9618&alias=tamsa2.snu.ac.kr&noUDP&sock=schedd_3154_f5cb>
...
000 (127835.017.000) 2022-03-31 15:11:46 Job submitted from host: <172.30.1.200:9618?addrs=172.30.1.200-9618&alias=tamsa2.snu.ac.kr&noUDP&sock=schedd_3154_f5cb>
...
000 (127835.018.000) 2022-03-31 15:11:46 Job submitted from host: <172.30.1.200:9618?addrs=172.30.1.200-9618&alias=tamsa2.snu.ac.kr&noUDP&sock=schedd_3154_f5cb>
...
000 (127835.019.000) 2022-03-31 15:11:46 Job submitted from host: <172.30.1.200:9618?addrs=172.30.1.200-9618&alias=tamsa2.snu.ac.kr&noUDP&sock=schedd_3154_f5cb>
...
001 (127835.006.000) 2022-03-31 15:12:28 Job executing on host: <172.30.1.206:9618?addrs=172.30.1.206-9618&alias=node6&noUDP&sock=startd_38667_ec9e>
...
001 (127835.007.000) 2022-03-31 15:12:28 Job executing on host: <172.30.1.206:9618?addrs=172.30.1.206-9618&alias=node6&noUDP&sock=startd_38667_ec9e>
...
001 (127835.005.000) 2022-03-31 15:12:28 Job executing on host: <172.30.1.206:9618?addrs=172.30.1.206-9618&alias=node6&noUDP&sock=startd_38667_ec9e>
...
001 (127835.008.000) 2022-03-31 15:12:28 Job executing on host: <172.30.1.206:9618?addrs=172.30.1.206-9618&alias=node6&noUDP&sock=startd_38667_ec9e>
...
001 (127835.009.000) 2022-03-31 15:12:28 Job executing on host: <172.30.1.206:9618?addrs=172.30.1.206-9618&alias=node6&noUDP&sock=startd_38667_ec9e>
...
001 (127835.010.000) 2022-03-31 15:12:28 Job executing on host: <172.30.1.206:9618?addrs=172.30.1.206-9618&alias=node6&noUDP&sock=startd_38667_ec9e>
...
001 (127835.011.000) 2022-03-31 15:12:28 Job executing on host: <172.30.1.206:9618?addrs=172.30.1.206-9618&alias=node6&noUDP&sock=startd_38667_ec9e>
...
001 (127835.012.000) 2022-03-31 15:12:28 Job executing on host: <172.30.1.206:9618?addrs=172.30.1.206-9618&alias=node6&noUDP&sock=startd_38667_ec9e>
...
001 (127835.013.000) 2022-03-31 15:12:28 Job executing on host: <172.30.1.206:9618?addrs=172.30.1.206-9618&alias=node6&noUDP&sock=startd_38667_ec9e>
...
001 (127835.014.000) 2022-03-31 15:12:28 Job executing on host: <172.30.1.206:9618?addrs=172.30.1.206-9618&alias=node6&noUDP&sock=startd_38667_ec9e>
...
001 (127835.015.000) 2022-03-31 15:12:29 Job executing on host: <172.30.1.206:9618?addrs=172.30.1.206-9618&alias=node6&noUDP&sock=startd_38667_ec9e>
...
001 (127835.016.000) 2022-03-31 15:12:29 Job executing on host: <172.30.1.206:9618?addrs=172.30.1.206-9618&alias=node6&noUDP&sock=startd_38667_ec9e>
...
001 (127835.017.000) 2022-03-31 15:12:29 Job executing on host: <172.30.1.206:9618?addrs=172.30.1.206-9618&alias=node6&noUDP&sock=startd_38667_ec9e>
...
001 (127835.019.000) 2022-03-31 15:12:29 Job executing on host: <172.30.1.206:9618?addrs=172.30.1.206-9618&alias=node6&noUDP&sock=startd_38667_ec9e>
...
001 (127835.018.000) 2022-03-31 15:12:29 Job executing on host: <172.30.1.206:9618?addrs=172.30.1.206-9618&alias=node6&noUDP&sock=startd_38667_ec9e>
...
001 (127835.000.000) 2022-03-31 15:12:29 Job executing on host: <172.30.1.205:9618?addrs=172.30.1.205-9618&alias=node5&noUDP&sock=startd_3654_eb26>
...
001 (127835.001.000) 2022-03-31 15:12:29 Job executing on host: <172.30.1.205:9618?addrs=172.30.1.205-9618&alias=node5&noUDP&sock=startd_3654_eb26>
...
001 (127835.002.000) 2022-03-31 15:12:29 Job executing on host: <172.30.1.205:9618?addrs=172.30.1.205-9618&alias=node5&noUDP&sock=startd_3654_eb26>
...
001 (127835.003.000) 2022-03-31 15:12:29 Job executing on host: <172.30.1.205:9618?addrs=172.30.1.205-9618&alias=node5&noUDP&sock=startd_3654_eb26>
...
001 (127835.004.000) 2022-03-31 15:12:29 Job executing on host: <172.30.1.205:9618?addrs=172.30.1.205-9618&alias=node5&noUDP&sock=startd_3654_eb26>
...
006 (127835.007.000) 2022-03-31 15:12:36 Image size of job updated: 501504
	134  -  MemoryUsage of job (MB)
	136380  -  ResidentSetSize of job (KB)
...
006 (127835.005.000) 2022-03-31 15:12:36 Image size of job updated: 501972
	144  -  MemoryUsage of job (MB)
	146712  -  ResidentSetSize of job (KB)
...
006 (127835.006.000) 2022-03-31 15:12:36 Image size of job updated: 501972
	144  -  MemoryUsage of job (MB)
	146720  -  ResidentSetSize of job (KB)
...
006 (127835.015.000) 2022-03-31 15:12:37 Image size of job updated: 479308
	134  -  MemoryUsage of job (MB)
	136288  -  ResidentSetSize of job (KB)
...
006 (127835.016.000) 2022-03-31 15:12:37 Image size of job updated: 472092
	127  -  MemoryUsage of job (MB)
	129944  -  ResidentSetSize of job (KB)
...
006 (127835.019.000) 2022-03-31 15:12:37 Image size of job updated: 480076
	134  -  MemoryUsage of job (MB)
	136496  -  ResidentSetSize of job (KB)
...
006 (127835.018.000) 2022-03-31 15:12:37 Image size of job updated: 479308
	134  -  MemoryUsage of job (MB)
	136308  -  ResidentSetSize of job (KB)
...
006 (127835.017.000) 2022-03-31 15:12:37 Image size of job updated: 440104
	127  -  MemoryUsage of job (MB)
	129340  -  ResidentSetSize of job (KB)
...
006 (127835.008.000) 2022-03-31 15:12:37 Image size of job updated: 502124
	148  -  MemoryUsage of job (MB)
	150808  -  ResidentSetSize of job (KB)
...
006 (127835.010.000) 2022-03-31 15:12:37 Image size of job updated: 502124
	149  -  MemoryUsage of job (MB)
	151684  -  ResidentSetSize of job (KB)
...
006 (127835.009.000) 2022-03-31 15:12:37 Image size of job updated: 502124
	149  -  MemoryUsage of job (MB)
	151692  -  ResidentSetSize of job (KB)
...
006 (127835.011.000) 2022-03-31 15:12:37 Image size of job updated: 501972
	146  -  MemoryUsage of job (MB)
	149184  -  ResidentSetSize of job (KB)
...
006 (127835.012.000) 2022-03-31 15:12:37 Image size of job updated: 502128
	148  -  MemoryUsage of job (MB)
	150656  -  ResidentSetSize of job (KB)
...
006 (127835.013.000) 2022-03-31 15:12:37 Image size of job updated: 502128
	147  -  MemoryUsage of job (MB)
	150036  -  ResidentSetSize of job (KB)
...
006 (127835.014.000) 2022-03-31 15:12:37 Image size of job updated: 501972
	149  -  MemoryUsage of job (MB)
	152004  -  ResidentSetSize of job (KB)
...
006 (127835.004.000) 2022-03-31 15:12:38 Image size of job updated: 650980
	185  -  MemoryUsage of job (MB)
	189304  -  ResidentSetSize of job (KB)
...
006 (127835.000.000) 2022-03-31 15:12:38 Image size of job updated: 650980
	185  -  MemoryUsage of job (MB)
	189392  -  ResidentSetSize of job (KB)
...
006 (127835.002.000) 2022-03-31 15:12:38 Image size of job updated: 650980
	185  -  MemoryUsage of job (MB)
	189348  -  ResidentSetSize of job (KB)
...
006 (127835.001.000) 2022-03-31 15:12:38 Image size of job updated: 650980
	185  -  MemoryUsage of job (MB)
	189312  -  ResidentSetSize of job (KB)
...
006 (127835.003.000) 2022-03-31 15:12:38 Image size of job updated: 650976
	185  -  MemoryUsage of job (MB)
	189348  -  ResidentSetSize of job (KB)
...
006 (127835.000.000) 2022-03-31 15:12:44 Image size of job updated: 691916
	185  -  MemoryUsage of job (MB)
	189392  -  ResidentSetSize of job (KB)
...
005 (127835.000.000) 2022-03-31 15:12:44 Job terminated.
	(1) Normal termination (return value 0)
		Usr 0 00:00:10, Sys 0 00:00:02  -  Run Remote Usage
		Usr 0 00:00:00, Sys 0 00:00:00  -  Run Local Usage
		Usr 0 00:00:10, Sys 0 00:00:02  -  Total Remote Usage
		Usr 0 00:00:00, Sys 0 00:00:00  -  Total Local Usage
	0  -  Run Bytes Sent By Job
	0  -  Run Bytes Received By Job
	0  -  Total Bytes Sent By Job
	0  -  Total Bytes Received By Job
	Partitionable Resources :    Usage  Request Allocated 
	   Cpus                 :                 1         1 
	   Disk (KB)            :        1        1    129249 
	   Memory (MB)          :      185     3900      3968 

	Job terminated of its own accord at 2022-03-31T06:12:44Z.
...
006 (127835.002.000) 2022-03-31 15:12:46 Image size of job updated: 691920
	185  -  MemoryUsage of job (MB)
	189348  -  ResidentSetSize of job (KB)
...
006 (127835.004.000) 2022-03-31 15:12:47 Image size of job updated: 700952
	185  -  MemoryUsage of job (MB)
	189304  -  ResidentSetSize of job (KB)
...
005 (127835.002.000) 2022-03-31 15:12:47 Job terminated.
	(1) Normal termination (return value 0)
		Usr 0 00:00:11, Sys 0 00:00:02  -  Run Remote Usage
		Usr 0 00:00:00, Sys 0 00:00:00  -  Run Local Usage
		Usr 0 00:00:11, Sys 0 00:00:02  -  Total Remote Usage
		Usr 0 00:00:00, Sys 0 00:00:00  -  Total Local Usage
	0  -  Run Bytes Sent By Job
	0  -  Run Bytes Received By Job
	0  -  Total Bytes Sent By Job
	0  -  Total Bytes Received By Job
	Partitionable Resources :    Usage  Request Allocated 
	   Cpus                 :                 1         1 
	   Disk (KB)            :        1        1    129249 
	   Memory (MB)          :      185     3900      3968 

	Job terminated of its own accord at 2022-03-31T06:12:46Z.
...
005 (127835.004.000) 2022-03-31 15:12:47 Job terminated.
	(1) Normal termination (return value 0)
		Usr 0 00:00:11, Sys 0 00:00:01  -  Run Remote Usage
		Usr 0 00:00:00, Sys 0 00:00:00  -  Run Local Usage
		Usr 0 00:00:11, Sys 0 00:00:01  -  Total Remote Usage
		Usr 0 00:00:00, Sys 0 00:00:00  -  Total Local Usage
	0  -  Run Bytes Sent By Job
	0  -  Run Bytes Received By Job
	0  -  Total Bytes Sent By Job
	0  -  Total Bytes Received By Job
	Partitionable Resources :    Usage  Request Allocated 
	   Cpus                 :                 1         1 
	   Disk (KB)            :        1        1    129249 
	   Memory (MB)          :      185     3900      3968 

	Job terminated of its own accord at 2022-03-31T06:12:46Z.
...
006 (127835.001.000) 2022-03-31 15:12:49 Image size of job updated: 700844
	185  -  MemoryUsage of job (MB)
	189312  -  ResidentSetSize of job (KB)
...
005 (127835.001.000) 2022-03-31 15:12:49 Job terminated.
	(1) Normal termination (return value 0)
		Usr 0 00:00:14, Sys 0 00:00:02  -  Run Remote Usage
		Usr 0 00:00:00, Sys 0 00:00:00  -  Run Local Usage
		Usr 0 00:00:14, Sys 0 00:00:02  -  Total Remote Usage
		Usr 0 00:00:00, Sys 0 00:00:00  -  Total Local Usage
	0  -  Run Bytes Sent By Job
	0  -  Run Bytes Received By Job
	0  -  Total Bytes Sent By Job
	0  -  Total Bytes Received By Job
	Partitionable Resources :    Usage  Request Allocated 
	   Cpus                 :                 1         1 
	   Disk (KB)            :        1        1    129249 
	   Memory (MB)          :      185     3900      3968 

	Job terminated of its own accord at 2022-03-31T06:12:49Z.
...
006 (127835.016.000) 2022-03-31 15:12:53 Image size of job updated: 650976
	127  -  MemoryUsage of job (MB)
	129944  -  ResidentSetSize of job (KB)
...
005 (127835.016.000) 2022-03-31 15:12:54 Job terminated.
	(1) Normal termination (return value 0)
		Usr 0 00:00:11, Sys 0 00:00:04  -  Run Remote Usage
		Usr 0 00:00:00, Sys 0 00:00:00  -  Run Local Usage
		Usr 0 00:00:11, Sys 0 00:00:04  -  Total Remote Usage
		Usr 0 00:00:00, Sys 0 00:00:00  -  Total Local Usage
	0  -  Run Bytes Sent By Job
	0  -  Run Bytes Received By Job
	0  -  Total Bytes Sent By Job
	0  -  Total Bytes Received By Job
	Partitionable Resources :    Usage  Request Allocated 
	   Cpus                 :                 1         1 
	   Disk (KB)            :        1        1     89980 
	   Memory (MB)          :      127     3900      3968 

	Job terminated of its own accord at 2022-03-31T06:12:53Z.
...
006 (127835.019.000) 2022-03-31 15:12:54 Image size of job updated: 691936
	134  -  MemoryUsage of job (MB)
	136496  -  ResidentSetSize of job (KB)
...
005 (127835.019.000) 2022-03-31 15:12:54 Job terminated.
	(1) Normal termination (return value 0)
		Usr 0 00:00:11, Sys 0 00:00:04  -  Run Remote Usage
		Usr 0 00:00:00, Sys 0 00:00:00  -  Run Local Usage
		Usr 0 00:00:11, Sys 0 00:00:04  -  Total Remote Usage
		Usr 0 00:00:00, Sys 0 00:00:00  -  Total Local Usage
	0  -  Run Bytes Sent By Job
	0  -  Run Bytes Received By Job
	0  -  Total Bytes Sent By Job
	0  -  Total Bytes Received By Job
	Partitionable Resources :    Usage  Request Allocated 
	   Cpus                 :                 1         1 
	   Disk (KB)            :        1        1     89980 
	   Memory (MB)          :      134     3900      3968 

	Job terminated of its own accord at 2022-03-31T06:12:54Z.
...
006 (127835.008.000) 2022-03-31 15:12:56 Image size of job updated: 692064
	148  -  MemoryUsage of job (MB)
	150808  -  ResidentSetSize of job (KB)
...
005 (127835.008.000) 2022-03-31 15:12:56 Job terminated.
	(1) Normal termination (return value 0)
		Usr 0 00:00:13, Sys 0 00:00:04  -  Run Remote Usage
		Usr 0 00:00:00, Sys 0 00:00:00  -  Run Local Usage
		Usr 0 00:00:13, Sys 0 00:00:04  -  Total Remote Usage
		Usr 0 00:00:00, Sys 0 00:00:00  -  Total Local Usage
	0  -  Run Bytes Sent By Job
	0  -  Run Bytes Received By Job
	0  -  Total Bytes Sent By Job
	0  -  Total Bytes Received By Job
	Partitionable Resources :    Usage  Request Allocated 
	   Cpus                 :                 1         1 
	   Disk (KB)            :        1        1     89980 
	   Memory (MB)          :      148     3900      3968 

	Job terminated of its own accord at 2022-03-31T06:12:56Z.
...
006 (127835.018.000) 2022-03-31 15:12:57 Image size of job updated: 692216
	134  -  MemoryUsage of job (MB)
	136308  -  ResidentSetSize of job (KB)
...
005 (127835.018.000) 2022-03-31 15:12:57 Job terminated.
	(1) Normal termination (return value 0)
		Usr 0 00:00:14, Sys 0 00:00:04  -  Run Remote Usage
		Usr 0 00:00:00, Sys 0 00:00:00  -  Run Local Usage
		Usr 0 00:00:14, Sys 0 00:00:04  -  Total Remote Usage
		Usr 0 00:00:00, Sys 0 00:00:00  -  Total Local Usage
	0  -  Run Bytes Sent By Job
	0  -  Run Bytes Received By Job
	0  -  Total Bytes Sent By Job
	0  -  Total Bytes Received By Job
	Partitionable Resources :    Usage  Request Allocated 
	   Cpus                 :                 1         1 
	   Disk (KB)            :        1        1     89980 
	   Memory (MB)          :      134     3900      3968 

	Job terminated of its own accord at 2022-03-31T06:12:57Z.
...
006 (127835.014.000) 2022-03-31 15:12:58 Image size of job updated: 691916
	149  -  MemoryUsage of job (MB)
	152004  -  ResidentSetSize of job (KB)
...
005 (127835.014.000) 2022-03-31 15:12:58 Job terminated.
	(1) Normal termination (return value 0)
		Usr 0 00:00:15, Sys 0 00:00:03  -  Run Remote Usage
		Usr 0 00:00:00, Sys 0 00:00:00  -  Run Local Usage
		Usr 0 00:00:15, Sys 0 00:00:03  -  Total Remote Usage
		Usr 0 00:00:00, Sys 0 00:00:00  -  Total Local Usage
	0  -  Run Bytes Sent By Job
	0  -  Run Bytes Received By Job
	0  -  Total Bytes Sent By Job
	0  -  Total Bytes Received By Job
	Partitionable Resources :    Usage  Request Allocated 
	   Cpus                 :                 1         1 
	   Disk (KB)            :        1        1     89980 
	   Memory (MB)          :      149     3900      3968 

	Job terminated of its own accord at 2022-03-31T06:12:58Z.
...
006 (127835.010.000) 2022-03-31 15:12:58 Image size of job updated: 691912
	149  -  MemoryUsage of job (MB)
	151684  -  ResidentSetSize of job (KB)
...
005 (127835.010.000) 2022-03-31 15:12:58 Job terminated.
	(1) Normal termination (return value 0)
		Usr 0 00:00:16, Sys 0 00:00:03  -  Run Remote Usage
		Usr 0 00:00:00, Sys 0 00:00:00  -  Run Local Usage
		Usr 0 00:00:16, Sys 0 00:00:03  -  Total Remote Usage
		Usr 0 00:00:00, Sys 0 00:00:00  -  Total Local Usage
	0  -  Run Bytes Sent By Job
	0  -  Run Bytes Received By Job
	0  -  Total Bytes Sent By Job
	0  -  Total Bytes Received By Job
	Partitionable Resources :    Usage  Request Allocated 
	   Cpus                 :                 1         1 
	   Disk (KB)            :        1        1     89980 
	   Memory (MB)          :      149     3900      3968 

	Job terminated of its own accord at 2022-03-31T06:12:58Z.
...
006 (127835.013.000) 2022-03-31 15:12:59 Image size of job updated: 691912
	147  -  MemoryUsage of job (MB)
	150036  -  ResidentSetSize of job (KB)
...
005 (127835.013.000) 2022-03-31 15:12:59 Job terminated.
	(1) Normal termination (return value 0)
		Usr 0 00:00:17, Sys 0 00:00:04  -  Run Remote Usage
		Usr 0 00:00:00, Sys 0 00:00:00  -  Run Local Usage
		Usr 0 00:00:17, Sys 0 00:00:04  -  Total Remote Usage
		Usr 0 00:00:00, Sys 0 00:00:00  -  Total Local Usage
	0  -  Run Bytes Sent By Job
	0  -  Run Bytes Received By Job
	0  -  Total Bytes Sent By Job
	0  -  Total Bytes Received By Job
	Partitionable Resources :    Usage  Request Allocated 
	   Cpus                 :                 1         1 
	   Disk (KB)            :        1        1     89980 
	   Memory (MB)          :      147     3900      3968 

	Job terminated of its own accord at 2022-03-31T06:12:59Z.
...
006 (127835.012.000) 2022-03-31 15:13:03 Image size of job updated: 692188
	148  -  MemoryUsage of job (MB)
	150688  -  ResidentSetSize of job (KB)
...
005 (127835.012.000) 2022-03-31 15:13:03 Job terminated.
	(1) Normal termination (return value 0)
		Usr 0 00:00:20, Sys 0 00:00:05  -  Run Remote Usage
		Usr 0 00:00:00, Sys 0 00:00:00  -  Run Local Usage
		Usr 0 00:00:20, Sys 0 00:00:05  -  Total Remote Usage
		Usr 0 00:00:00, Sys 0 00:00:00  -  Total Local Usage
	0  -  Run Bytes Sent By Job
	0  -  Run Bytes Received By Job
	0  -  Total Bytes Sent By Job
	0  -  Total Bytes Received By Job
	Partitionable Resources :    Usage  Request Allocated 
	   Cpus                 :                 1         1 
	   Disk (KB)            :        1        1     89980 
	   Memory (MB)          :      148     3900      3968 

	Job terminated of its own accord at 2022-03-31T06:13:03Z.
...
006 (127835.007.000) 2022-03-31 15:13:03 Image size of job updated: 692620
	134  -  MemoryUsage of job (MB)
	136380  -  ResidentSetSize of job (KB)
...
005 (127835.007.000) 2022-03-31 15:13:03 Job terminated.
	(1) Normal termination (return value 0)
		Usr 0 00:00:21, Sys 0 00:00:05  -  Run Remote Usage
		Usr 0 00:00:00, Sys 0 00:00:00  -  Run Local Usage
		Usr 0 00:00:21, Sys 0 00:00:05  -  Total Remote Usage
		Usr 0 00:00:00, Sys 0 00:00:00  -  Total Local Usage
	0  -  Run Bytes Sent By Job
	0  -  Run Bytes Received By Job
	0  -  Total Bytes Sent By Job
	0  -  Total Bytes Received By Job
	Partitionable Resources :    Usage  Request Allocated 
	   Cpus                 :                 1         1 
	   Disk (KB)            :        1        1     89980 
	   Memory (MB)          :      134     3900      3968 

	Job terminated of its own accord at 2022-03-31T06:13:03Z.
...
006 (127835.009.000) 2022-03-31 15:13:04 Image size of job updated: 691916
	149  -  MemoryUsage of job (MB)
	151692  -  ResidentSetSize of job (KB)
...
005 (127835.009.000) 2022-03-31 15:13:04 Job terminated.
	(1) Normal termination (return value 0)
		Usr 0 00:00:22, Sys 0 00:00:03  -  Run Remote Usage
		Usr 0 00:00:00, Sys 0 00:00:00  -  Run Local Usage
		Usr 0 00:00:22, Sys 0 00:00:03  -  Total Remote Usage
		Usr 0 00:00:00, Sys 0 00:00:00  -  Total Local Usage
	0  -  Run Bytes Sent By Job
	0  -  Run Bytes Received By Job
	0  -  Total Bytes Sent By Job
	0  -  Total Bytes Received By Job
	Partitionable Resources :    Usage  Request Allocated 
	   Cpus                 :                 1         1 
	   Disk (KB)            :        1        1     89980 
	   Memory (MB)          :      149     3900      3968 

	Job terminated of its own accord at 2022-03-31T06:13:04Z.
...
006 (127835.017.000) 2022-03-31 15:13:05 Image size of job updated: 694468
	127  -  MemoryUsage of job (MB)
	129340  -  ResidentSetSize of job (KB)
...
005 (127835.017.000) 2022-03-31 15:13:05 Job terminated.
	(1) Normal termination (return value 0)
		Usr 0 00:00:22, Sys 0 00:00:04  -  Run Remote Usage
		Usr 0 00:00:00, Sys 0 00:00:00  -  Run Local Usage
		Usr 0 00:00:22, Sys 0 00:00:04  -  Total Remote Usage
		Usr 0 00:00:00, Sys 0 00:00:00  -  Total Local Usage
	0  -  Run Bytes Sent By Job
	0  -  Run Bytes Received By Job
	0  -  Total Bytes Sent By Job
	0  -  Total Bytes Received By Job
	Partitionable Resources :    Usage  Request Allocated 
	   Cpus                 :                 1         1 
	   Disk (KB)            :        1        1     89980 
	   Memory (MB)          :      127     3900      3968 

	Job terminated of its own accord at 2022-03-31T06:13:05Z.
...
006 (127835.015.000) 2022-03-31 15:13:07 Image size of job updated: 691912
	134  -  MemoryUsage of job (MB)
	136288  -  ResidentSetSize of job (KB)
...
005 (127835.015.000) 2022-03-31 15:13:07 Job terminated.
	(1) Normal termination (return value 0)
		Usr 0 00:00:24, Sys 0 00:00:03  -  Run Remote Usage
		Usr 0 00:00:00, Sys 0 00:00:00  -  Run Local Usage
		Usr 0 00:00:24, Sys 0 00:00:03  -  Total Remote Usage
		Usr 0 00:00:00, Sys 0 00:00:00  -  Total Local Usage
	0  -  Run Bytes Sent By Job
	0  -  Run Bytes Received By Job
	0  -  Total Bytes Sent By Job
	0  -  Total Bytes Received By Job
	Partitionable Resources :    Usage  Request Allocated 
	   Cpus                 :                 1         1 
	   Disk (KB)            :        1        1     89980 
	   Memory (MB)          :      134     3900      3968 

	Job terminated of its own accord at 2022-03-31T06:13:07Z.
...
006 (127835.011.000) 2022-03-31 15:13:10 Image size of job updated: 689820
	146  -  MemoryUsage of job (MB)
	149200  -  ResidentSetSize of job (KB)
...
005 (127835.011.000) 2022-03-31 15:13:10 Job terminated.
	(1) Normal termination (return value 0)
		Usr 0 00:00:26, Sys 0 00:00:04  -  Run Remote Usage
		Usr 0 00:00:00, Sys 0 00:00:00  -  Run Local Usage
		Usr 0 00:00:26, Sys 0 00:00:04  -  Total Remote Usage
		Usr 0 00:00:00, Sys 0 00:00:00  -  Total Local Usage
	0  -  Run Bytes Sent By Job
	0  -  Run Bytes Received By Job
	0  -  Total Bytes Sent By Job
	0  -  Total Bytes Received By Job
	Partitionable Resources :    Usage  Request Allocated 
	   Cpus                 :                 1         1 
	   Disk (KB)            :        1        1     89980 
	   Memory (MB)          :      146     3900      3968 

	Job terminated of its own accord at 2022-03-31T06:13:10Z.
...
006 (127835.005.000) 2022-03-31 15:13:18 Image size of job updated: 692220
	144  -  MemoryUsage of job (MB)
	146712  -  ResidentSetSize of job (KB)
...
005 (127835.005.000) 2022-03-31 15:13:18 Job terminated.
	(1) Normal termination (return value 0)
		Usr 0 00:00:35, Sys 0 00:00:04  -  Run Remote Usage
		Usr 0 00:00:00, Sys 0 00:00:00  -  Run Local Usage
		Usr 0 00:00:35, Sys 0 00:00:04  -  Total Remote Usage
		Usr 0 00:00:00, Sys 0 00:00:00  -  Total Local Usage
	0  -  Run Bytes Sent By Job
	0  -  Run Bytes Received By Job
	0  -  Total Bytes Sent By Job
	0  -  Total Bytes Received By Job
	Partitionable Resources :    Usage  Request Allocated 
	   Cpus                 :                 1         1 
	   Disk (KB)            :        1        1     89980 
	   Memory (MB)          :      144     3900      3968 

	Job terminated of its own accord at 2022-03-31T06:13:18Z.
...
006 (127835.003.000) 2022-03-31 15:13:21 Image size of job updated: 691912
	185  -  MemoryUsage of job (MB)
	189348  -  ResidentSetSize of job (KB)
...
005 (127835.003.000) 2022-03-31 15:13:21 Job terminated.
	(1) Normal termination (return value 0)
		Usr 0 00:00:46, Sys 0 00:00:02  -  Run Remote Usage
		Usr 0 00:00:00, Sys 0 00:00:00  -  Run Local Usage
		Usr 0 00:00:46, Sys 0 00:00:02  -  Total Remote Usage
		Usr 0 00:00:00, Sys 0 00:00:00  -  Total Local Usage
	0  -  Run Bytes Sent By Job
	0  -  Run Bytes Received By Job
	0  -  Total Bytes Sent By Job
	0  -  Total Bytes Received By Job
	Partitionable Resources :    Usage  Request Allocated 
	   Cpus                 :                 1         1 
	   Disk (KB)            :        1        1    129249 
	   Memory (MB)          :      185     3900      3968 

	Job terminated of its own accord at 2022-03-31T06:13:21Z.
...
006 (127835.006.000) 2022-03-31 15:13:58 Image size of job updated: 692104
	144  -  MemoryUsage of job (MB)
	146720  -  ResidentSetSize of job (KB)
...
005 (127835.006.000) 2022-03-31 15:13:58 Job terminated.
	(1) Normal termination (return value 0)
		Usr 0 00:01:13, Sys 0 00:00:05  -  Run Remote Usage
		Usr 0 00:00:00, Sys 0 00:00:00  -  Run Local Usage
		Usr 0 00:01:13, Sys 0 00:00:05  -  Total Remote Usage
		Usr 0 00:00:00, Sys 0 00:00:00  -  Total Local Usage
	0  -  Run Bytes Sent By Job
	0  -  Run Bytes Received By Job
	0  -  Total Bytes Sent By Job
	0  -  Total Bytes Received By Job
	Partitionable Resources :    Usage  Request Allocated 
	   Cpus                 :                 1         1 
	   Disk (KB)            :        1        1     89980 
	   Memory (MB)          :      144     3900      3968 

	Job terminated of its own accord at 2022-03-31T06:13:58Z.
...
