000 (126221.000.000) 2022-03-28 19:46:14 Job submitted from host: <172.30.1.200:9618?addrs=172.30.1.200-9618&alias=tamsa2.snu.ac.kr&noUDP&sock=schedd_3154_f5cb>
...
000 (126221.001.000) 2022-03-28 19:46:14 Job submitted from host: <172.30.1.200:9618?addrs=172.30.1.200-9618&alias=tamsa2.snu.ac.kr&noUDP&sock=schedd_3154_f5cb>
...
000 (126221.002.000) 2022-03-28 19:46:14 Job submitted from host: <172.30.1.200:9618?addrs=172.30.1.200-9618&alias=tamsa2.snu.ac.kr&noUDP&sock=schedd_3154_f5cb>
...
000 (126221.003.000) 2022-03-28 19:46:14 Job submitted from host: <172.30.1.200:9618?addrs=172.30.1.200-9618&alias=tamsa2.snu.ac.kr&noUDP&sock=schedd_3154_f5cb>
...
000 (126221.004.000) 2022-03-28 19:46:14 Job submitted from host: <172.30.1.200:9618?addrs=172.30.1.200-9618&alias=tamsa2.snu.ac.kr&noUDP&sock=schedd_3154_f5cb>
...
000 (126221.005.000) 2022-03-28 19:46:14 Job submitted from host: <172.30.1.200:9618?addrs=172.30.1.200-9618&alias=tamsa2.snu.ac.kr&noUDP&sock=schedd_3154_f5cb>
...
000 (126221.006.000) 2022-03-28 19:46:14 Job submitted from host: <172.30.1.200:9618?addrs=172.30.1.200-9618&alias=tamsa2.snu.ac.kr&noUDP&sock=schedd_3154_f5cb>
...
000 (126221.007.000) 2022-03-28 19:46:14 Job submitted from host: <172.30.1.200:9618?addrs=172.30.1.200-9618&alias=tamsa2.snu.ac.kr&noUDP&sock=schedd_3154_f5cb>
...
000 (126221.008.000) 2022-03-28 19:46:14 Job submitted from host: <172.30.1.200:9618?addrs=172.30.1.200-9618&alias=tamsa2.snu.ac.kr&noUDP&sock=schedd_3154_f5cb>
...
000 (126221.009.000) 2022-03-28 19:46:14 Job submitted from host: <172.30.1.200:9618?addrs=172.30.1.200-9618&alias=tamsa2.snu.ac.kr&noUDP&sock=schedd_3154_f5cb>
...
000 (126221.010.000) 2022-03-28 19:46:14 Job submitted from host: <172.30.1.200:9618?addrs=172.30.1.200-9618&alias=tamsa2.snu.ac.kr&noUDP&sock=schedd_3154_f5cb>
...
000 (126221.011.000) 2022-03-28 19:46:14 Job submitted from host: <172.30.1.200:9618?addrs=172.30.1.200-9618&alias=tamsa2.snu.ac.kr&noUDP&sock=schedd_3154_f5cb>
...
000 (126221.012.000) 2022-03-28 19:46:14 Job submitted from host: <172.30.1.200:9618?addrs=172.30.1.200-9618&alias=tamsa2.snu.ac.kr&noUDP&sock=schedd_3154_f5cb>
...
000 (126221.013.000) 2022-03-28 19:46:14 Job submitted from host: <172.30.1.200:9618?addrs=172.30.1.200-9618&alias=tamsa2.snu.ac.kr&noUDP&sock=schedd_3154_f5cb>
...
000 (126221.014.000) 2022-03-28 19:46:14 Job submitted from host: <172.30.1.200:9618?addrs=172.30.1.200-9618&alias=tamsa2.snu.ac.kr&noUDP&sock=schedd_3154_f5cb>
...
000 (126221.015.000) 2022-03-28 19:46:14 Job submitted from host: <172.30.1.200:9618?addrs=172.30.1.200-9618&alias=tamsa2.snu.ac.kr&noUDP&sock=schedd_3154_f5cb>
...
000 (126221.016.000) 2022-03-28 19:46:14 Job submitted from host: <172.30.1.200:9618?addrs=172.30.1.200-9618&alias=tamsa2.snu.ac.kr&noUDP&sock=schedd_3154_f5cb>
...
000 (126221.017.000) 2022-03-28 19:46:14 Job submitted from host: <172.30.1.200:9618?addrs=172.30.1.200-9618&alias=tamsa2.snu.ac.kr&noUDP&sock=schedd_3154_f5cb>
...
000 (126221.018.000) 2022-03-28 19:46:14 Job submitted from host: <172.30.1.200:9618?addrs=172.30.1.200-9618&alias=tamsa2.snu.ac.kr&noUDP&sock=schedd_3154_f5cb>
...
000 (126221.019.000) 2022-03-28 19:46:14 Job submitted from host: <172.30.1.200:9618?addrs=172.30.1.200-9618&alias=tamsa2.snu.ac.kr&noUDP&sock=schedd_3154_f5cb>
...
001 (126221.000.000) 2022-03-28 19:46:30 Job executing on host: <172.30.1.202:9618?addrs=172.30.1.202-9618&alias=node2&noUDP&sock=startd_3636_9271>
...
001 (126221.001.000) 2022-03-28 19:46:31 Job executing on host: <172.30.1.202:9618?addrs=172.30.1.202-9618&alias=node2&noUDP&sock=startd_3636_9271>
...
001 (126221.002.000) 2022-03-28 19:46:31 Job executing on host: <172.30.1.202:9618?addrs=172.30.1.202-9618&alias=node2&noUDP&sock=startd_3636_9271>
...
001 (126221.009.000) 2022-03-28 19:46:31 Job executing on host: <172.30.1.202:9618?addrs=172.30.1.202-9618&alias=node2&noUDP&sock=startd_3636_9271>
...
001 (126221.008.000) 2022-03-28 19:46:31 Job executing on host: <172.30.1.202:9618?addrs=172.30.1.202-9618&alias=node2&noUDP&sock=startd_3636_9271>
...
001 (126221.003.000) 2022-03-28 19:46:31 Job executing on host: <172.30.1.202:9618?addrs=172.30.1.202-9618&alias=node2&noUDP&sock=startd_3636_9271>
...
001 (126221.004.000) 2022-03-28 19:46:31 Job executing on host: <172.30.1.202:9618?addrs=172.30.1.202-9618&alias=node2&noUDP&sock=startd_3636_9271>
...
001 (126221.005.000) 2022-03-28 19:46:32 Job executing on host: <172.30.1.202:9618?addrs=172.30.1.202-9618&alias=node2&noUDP&sock=startd_3636_9271>
...
001 (126221.006.000) 2022-03-28 19:46:32 Job executing on host: <172.30.1.202:9618?addrs=172.30.1.202-9618&alias=node2&noUDP&sock=startd_3636_9271>
...
001 (126221.007.000) 2022-03-28 19:46:32 Job executing on host: <172.30.1.202:9618?addrs=172.30.1.202-9618&alias=node2&noUDP&sock=startd_3636_9271>
...
001 (126221.011.000) 2022-03-28 19:46:32 Job executing on host: <172.30.1.202:9618?addrs=172.30.1.202-9618&alias=node2&noUDP&sock=startd_3636_9271>
...
001 (126221.010.000) 2022-03-28 19:46:32 Job executing on host: <172.30.1.202:9618?addrs=172.30.1.202-9618&alias=node2&noUDP&sock=startd_3636_9271>
...
001 (126221.012.000) 2022-03-28 19:46:32 Job executing on host: <172.30.1.202:9618?addrs=172.30.1.202-9618&alias=node2&noUDP&sock=startd_3636_9271>
...
001 (126221.013.000) 2022-03-28 19:46:32 Job executing on host: <172.30.1.202:9618?addrs=172.30.1.202-9618&alias=node2&noUDP&sock=startd_3636_9271>
...
001 (126221.014.000) 2022-03-28 19:46:32 Job executing on host: <172.30.1.202:9618?addrs=172.30.1.202-9618&alias=node2&noUDP&sock=startd_3636_9271>
...
001 (126221.015.000) 2022-03-28 19:46:32 Job executing on host: <172.30.1.202:9618?addrs=172.30.1.202-9618&alias=node2&noUDP&sock=startd_3636_9271>
...
001 (126221.016.000) 2022-03-28 19:46:32 Job executing on host: <172.30.1.202:9618?addrs=172.30.1.202-9618&alias=node2&noUDP&sock=startd_3636_9271>
...
001 (126221.017.000) 2022-03-28 19:46:32 Job executing on host: <172.30.1.202:9618?addrs=172.30.1.202-9618&alias=node2&noUDP&sock=startd_3636_9271>
...
001 (126221.018.000) 2022-03-28 19:46:32 Job executing on host: <172.30.1.202:9618?addrs=172.30.1.202-9618&alias=node2&noUDP&sock=startd_3636_9271>
...
001 (126221.019.000) 2022-03-28 19:46:32 Job executing on host: <172.30.1.202:9618?addrs=172.30.1.202-9618&alias=node2&noUDP&sock=startd_3636_9271>
...
006 (126221.000.000) 2022-03-28 19:46:39 Image size of job updated: 398372
	151  -  MemoryUsage of job (MB)
	153888  -  ResidentSetSize of job (KB)
...
006 (126221.005.000) 2022-03-28 19:46:40 Image size of job updated: 392696
	155  -  MemoryUsage of job (MB)
	158240  -  ResidentSetSize of job (KB)
...
006 (126221.006.000) 2022-03-28 19:46:40 Image size of job updated: 392676
	153  -  MemoryUsage of job (MB)
	156000  -  ResidentSetSize of job (KB)
...
006 (126221.007.000) 2022-03-28 19:46:40 Image size of job updated: 392148
	154  -  MemoryUsage of job (MB)
	157296  -  ResidentSetSize of job (KB)
...
006 (126221.011.000) 2022-03-28 19:46:40 Image size of job updated: 385952
	155  -  MemoryUsage of job (MB)
	158524  -  ResidentSetSize of job (KB)
...
006 (126221.010.000) 2022-03-28 19:46:40 Image size of job updated: 385952
	155  -  MemoryUsage of job (MB)
	158388  -  ResidentSetSize of job (KB)
...
006 (126221.001.000) 2022-03-28 19:46:40 Image size of job updated: 398372
	159  -  MemoryUsage of job (MB)
	162768  -  ResidentSetSize of job (KB)
...
006 (126221.002.000) 2022-03-28 19:46:40 Image size of job updated: 398372
	161  -  MemoryUsage of job (MB)
	164340  -  ResidentSetSize of job (KB)
...
006 (126221.009.000) 2022-03-28 19:46:40 Image size of job updated: 398376
	162  -  MemoryUsage of job (MB)
	165708  -  ResidentSetSize of job (KB)
...
006 (126221.008.000) 2022-03-28 19:46:40 Image size of job updated: 398376
	163  -  MemoryUsage of job (MB)
	165936  -  ResidentSetSize of job (KB)
...
006 (126221.003.000) 2022-03-28 19:46:40 Image size of job updated: 394332
	165  -  MemoryUsage of job (MB)
	168272  -  ResidentSetSize of job (KB)
...
006 (126221.004.000) 2022-03-28 19:46:40 Image size of job updated: 393916
	165  -  MemoryUsage of job (MB)
	168572  -  ResidentSetSize of job (KB)
...
006 (126221.019.000) 2022-03-28 19:46:41 Image size of job updated: 216176
	166  -  MemoryUsage of job (MB)
	169740  -  ResidentSetSize of job (KB)
...
006 (126221.012.000) 2022-03-28 19:46:41 Image size of job updated: 385952
	176  -  MemoryUsage of job (MB)
	180220  -  ResidentSetSize of job (KB)
...
006 (126221.013.000) 2022-03-28 19:46:41 Image size of job updated: 385952
	179  -  MemoryUsage of job (MB)
	182544  -  ResidentSetSize of job (KB)
...
006 (126221.014.000) 2022-03-28 19:46:41 Image size of job updated: 319980
	179  -  MemoryUsage of job (MB)
	182548  -  ResidentSetSize of job (KB)
...
006 (126221.015.000) 2022-03-28 19:46:41 Image size of job updated: 319980
	179  -  MemoryUsage of job (MB)
	182556  -  ResidentSetSize of job (KB)
...
006 (126221.016.000) 2022-03-28 19:46:41 Image size of job updated: 319980
	179  -  MemoryUsage of job (MB)
	182552  -  ResidentSetSize of job (KB)
...
006 (126221.017.000) 2022-03-28 19:46:41 Image size of job updated: 319980
	179  -  MemoryUsage of job (MB)
	183240  -  ResidentSetSize of job (KB)
...
006 (126221.018.000) 2022-03-28 19:46:41 Image size of job updated: 216176
	179  -  MemoryUsage of job (MB)
	182900  -  ResidentSetSize of job (KB)
...
006 (126221.019.000) 2022-03-28 19:46:48 Image size of job updated: 216304
	166  -  MemoryUsage of job (MB)
	169900  -  ResidentSetSize of job (KB)
...
005 (126221.019.000) 2022-03-28 19:46:48 Job terminated.
	(1) Normal termination (return value 0)
		Usr 0 00:00:09, Sys 0 00:00:02  -  Run Remote Usage
		Usr 0 00:00:00, Sys 0 00:00:00  -  Run Local Usage
		Usr 0 00:00:09, Sys 0 00:00:02  -  Total Remote Usage
		Usr 0 00:00:00, Sys 0 00:00:00  -  Total Local Usage
	0  -  Run Bytes Sent By Job
	0  -  Run Bytes Received By Job
	0  -  Total Bytes Sent By Job
	0  -  Total Bytes Received By Job
	Partitionable Resources :    Usage  Request Allocated 
	   Cpus                 :                 1         1 
	   Disk (KB)            :        1        1    129249 
	   Memory (MB)          :      166     3900      3968 

	Job terminated of its own accord at 2022-03-28T10:46:48Z.
...
006 (126221.018.000) 2022-03-28 19:46:50 Image size of job updated: 691452
	179  -  MemoryUsage of job (MB)
	182916  -  ResidentSetSize of job (KB)
...
005 (126221.018.000) 2022-03-28 19:46:50 Job terminated.
	(1) Normal termination (return value 0)
		Usr 0 00:00:10, Sys 0 00:00:02  -  Run Remote Usage
		Usr 0 00:00:00, Sys 0 00:00:00  -  Run Local Usage
		Usr 0 00:00:10, Sys 0 00:00:02  -  Total Remote Usage
		Usr 0 00:00:00, Sys 0 00:00:00  -  Total Local Usage
	0  -  Run Bytes Sent By Job
	0  -  Run Bytes Received By Job
	0  -  Total Bytes Sent By Job
	0  -  Total Bytes Received By Job
	Partitionable Resources :    Usage  Request Allocated 
	   Cpus                 :                 1         1 
	   Disk (KB)            :        1        1    129249 
	   Memory (MB)          :      179     3900      3968 

	Job terminated of its own accord at 2022-03-28T10:46:50Z.
...
006 (126221.001.000) 2022-03-28 19:46:50 Image size of job updated: 691468
	159  -  MemoryUsage of job (MB)
	162768  -  ResidentSetSize of job (KB)
...
005 (126221.001.000) 2022-03-28 19:46:50 Job terminated.
	(1) Normal termination (return value 0)
		Usr 0 00:00:10, Sys 0 00:00:02  -  Run Remote Usage
		Usr 0 00:00:00, Sys 0 00:00:00  -  Run Local Usage
		Usr 0 00:00:10, Sys 0 00:00:02  -  Total Remote Usage
		Usr 0 00:00:00, Sys 0 00:00:00  -  Total Local Usage
	0  -  Run Bytes Sent By Job
	0  -  Run Bytes Received By Job
	0  -  Total Bytes Sent By Job
	0  -  Total Bytes Received By Job
	Partitionable Resources :    Usage  Request Allocated 
	   Cpus                 :                 1         1 
	   Disk (KB)            :        1        1    129249 
	   Memory (MB)          :      159     3900      3968 

	Job terminated of its own accord at 2022-03-28T10:46:50Z.
...
006 (126221.010.000) 2022-03-28 19:46:50 Image size of job updated: 691484
	155  -  MemoryUsage of job (MB)
	158388  -  ResidentSetSize of job (KB)
...
005 (126221.010.000) 2022-03-28 19:46:50 Job terminated.
	(1) Normal termination (return value 0)
		Usr 0 00:00:10, Sys 0 00:00:02  -  Run Remote Usage
		Usr 0 00:00:00, Sys 0 00:00:00  -  Run Local Usage
		Usr 0 00:00:10, Sys 0 00:00:02  -  Total Remote Usage
		Usr 0 00:00:00, Sys 0 00:00:00  -  Total Local Usage
	0  -  Run Bytes Sent By Job
	0  -  Run Bytes Received By Job
	0  -  Total Bytes Sent By Job
	0  -  Total Bytes Received By Job
	Partitionable Resources :    Usage  Request Allocated 
	   Cpus                 :                 1         1 
	   Disk (KB)            :        1        1    129249 
	   Memory (MB)          :      155     3900      3968 

	Job terminated of its own accord at 2022-03-28T10:46:50Z.
...
006 (126221.000.000) 2022-03-28 19:46:50 Image size of job updated: 691704
	151  -  MemoryUsage of job (MB)
	153888  -  ResidentSetSize of job (KB)
...
005 (126221.000.000) 2022-03-28 19:46:50 Job terminated.
	(1) Normal termination (return value 0)
		Usr 0 00:00:11, Sys 0 00:00:02  -  Run Remote Usage
		Usr 0 00:00:00, Sys 0 00:00:00  -  Run Local Usage
		Usr 0 00:00:11, Sys 0 00:00:02  -  Total Remote Usage
		Usr 0 00:00:00, Sys 0 00:00:00  -  Total Local Usage
	0  -  Run Bytes Sent By Job
	0  -  Run Bytes Received By Job
	0  -  Total Bytes Sent By Job
	0  -  Total Bytes Received By Job
	Partitionable Resources :    Usage  Request Allocated 
	   Cpus                 :                 1         1 
	   Disk (KB)            :        1        1    129249 
	   Memory (MB)          :      151     3900      3968 

	Job terminated of its own accord at 2022-03-28T10:46:50Z.
...
006 (126221.008.000) 2022-03-28 19:46:51 Image size of job updated: 691624
	163  -  MemoryUsage of job (MB)
	165968  -  ResidentSetSize of job (KB)
...
006 (126221.006.000) 2022-03-28 19:46:51 Image size of job updated: 691460
	153  -  MemoryUsage of job (MB)
	156000  -  ResidentSetSize of job (KB)
...
006 (126221.014.000) 2022-03-28 19:46:51 Image size of job updated: 691692
	179  -  MemoryUsage of job (MB)
	182548  -  ResidentSetSize of job (KB)
...
006 (126221.007.000) 2022-03-28 19:46:51 Image size of job updated: 688796
	154  -  MemoryUsage of job (MB)
	157296  -  ResidentSetSize of job (KB)
...
005 (126221.008.000) 2022-03-28 19:46:51 Job terminated.
	(1) Normal termination (return value 0)
		Usr 0 00:00:11, Sys 0 00:00:02  -  Run Remote Usage
		Usr 0 00:00:00, Sys 0 00:00:00  -  Run Local Usage
		Usr 0 00:00:11, Sys 0 00:00:02  -  Total Remote Usage
		Usr 0 00:00:00, Sys 0 00:00:00  -  Total Local Usage
	0  -  Run Bytes Sent By Job
	0  -  Run Bytes Received By Job
	0  -  Total Bytes Sent By Job
	0  -  Total Bytes Received By Job
	Partitionable Resources :    Usage  Request Allocated 
	   Cpus                 :                 1         1 
	   Disk (KB)            :        1        1    129249 
	   Memory (MB)          :      163     3900      3968 

	Job terminated of its own accord at 2022-03-28T10:46:51Z.
...
005 (126221.006.000) 2022-03-28 19:46:51 Job terminated.
	(1) Normal termination (return value 0)
		Usr 0 00:00:11, Sys 0 00:00:02  -  Run Remote Usage
		Usr 0 00:00:00, Sys 0 00:00:00  -  Run Local Usage
		Usr 0 00:00:11, Sys 0 00:00:02  -  Total Remote Usage
		Usr 0 00:00:00, Sys 0 00:00:00  -  Total Local Usage
	0  -  Run Bytes Sent By Job
	0  -  Run Bytes Received By Job
	0  -  Total Bytes Sent By Job
	0  -  Total Bytes Received By Job
	Partitionable Resources :    Usage  Request Allocated 
	   Cpus                 :                 1         1 
	   Disk (KB)            :        1        1    129249 
	   Memory (MB)          :      153     3900      3968 

	Job terminated of its own accord at 2022-03-28T10:46:51Z.
...
005 (126221.014.000) 2022-03-28 19:46:51 Job terminated.
	(1) Normal termination (return value 0)
		Usr 0 00:00:11, Sys 0 00:00:02  -  Run Remote Usage
		Usr 0 00:00:00, Sys 0 00:00:00  -  Run Local Usage
		Usr 0 00:00:11, Sys 0 00:00:02  -  Total Remote Usage
		Usr 0 00:00:00, Sys 0 00:00:00  -  Total Local Usage
	0  -  Run Bytes Sent By Job
	0  -  Run Bytes Received By Job
	0  -  Total Bytes Sent By Job
	0  -  Total Bytes Received By Job
	Partitionable Resources :    Usage  Request Allocated 
	   Cpus                 :                 1         1 
	   Disk (KB)            :        1        1    129249 
	   Memory (MB)          :      179     3900      3968 

	Job terminated of its own accord at 2022-03-28T10:46:51Z.
...
005 (126221.007.000) 2022-03-28 19:46:51 Job terminated.
	(1) Normal termination (return value 0)
		Usr 0 00:00:11, Sys 0 00:00:02  -  Run Remote Usage
		Usr 0 00:00:00, Sys 0 00:00:00  -  Run Local Usage
		Usr 0 00:00:11, Sys 0 00:00:02  -  Total Remote Usage
		Usr 0 00:00:00, Sys 0 00:00:00  -  Total Local Usage
	0  -  Run Bytes Sent By Job
	0  -  Run Bytes Received By Job
	0  -  Total Bytes Sent By Job
	0  -  Total Bytes Received By Job
	Partitionable Resources :    Usage  Request Allocated 
	   Cpus                 :                 1         1 
	   Disk (KB)            :        1        1    129249 
	   Memory (MB)          :      154     3900      3968 

	Job terminated of its own accord at 2022-03-28T10:46:51Z.
...
006 (126221.017.000) 2022-03-28 19:46:51 Image size of job updated: 691460
	179  -  MemoryUsage of job (MB)
	183240  -  ResidentSetSize of job (KB)
...
005 (126221.017.000) 2022-03-28 19:46:51 Job terminated.
	(1) Normal termination (return value 0)
		Usr 0 00:00:11, Sys 0 00:00:02  -  Run Remote Usage
		Usr 0 00:00:00, Sys 0 00:00:00  -  Run Local Usage
		Usr 0 00:00:11, Sys 0 00:00:02  -  Total Remote Usage
		Usr 0 00:00:00, Sys 0 00:00:00  -  Total Local Usage
	0  -  Run Bytes Sent By Job
	0  -  Run Bytes Received By Job
	0  -  Total Bytes Sent By Job
	0  -  Total Bytes Received By Job
	Partitionable Resources :    Usage  Request Allocated 
	   Cpus                 :                 1         1 
	   Disk (KB)            :        1        1    129249 
	   Memory (MB)          :      179     3900      3968 

	Job terminated of its own accord at 2022-03-28T10:46:51Z.
...
006 (126221.015.000) 2022-03-28 19:46:52 Image size of job updated: 691728
	179  -  MemoryUsage of job (MB)
	182556  -  ResidentSetSize of job (KB)
...
005 (126221.015.000) 2022-03-28 19:46:52 Job terminated.
	(1) Normal termination (return value 0)
		Usr 0 00:00:12, Sys 0 00:00:02  -  Run Remote Usage
		Usr 0 00:00:00, Sys 0 00:00:00  -  Run Local Usage
		Usr 0 00:00:12, Sys 0 00:00:02  -  Total Remote Usage
		Usr 0 00:00:00, Sys 0 00:00:00  -  Total Local Usage
	0  -  Run Bytes Sent By Job
	0  -  Run Bytes Received By Job
	0  -  Total Bytes Sent By Job
	0  -  Total Bytes Received By Job
	Partitionable Resources :    Usage  Request Allocated 
	   Cpus                 :                 1         1 
	   Disk (KB)            :        1        1    129249 
	   Memory (MB)          :      179     3900      3968 

	Job terminated of its own accord at 2022-03-28T10:46:52Z.
...
006 (126221.002.000) 2022-03-28 19:46:52 Image size of job updated: 691484
	161  -  MemoryUsage of job (MB)
	164340  -  ResidentSetSize of job (KB)
...
005 (126221.002.000) 2022-03-28 19:46:52 Job terminated.
	(1) Normal termination (return value 0)
		Usr 0 00:00:12, Sys 0 00:00:02  -  Run Remote Usage
		Usr 0 00:00:00, Sys 0 00:00:00  -  Run Local Usage
		Usr 0 00:00:12, Sys 0 00:00:02  -  Total Remote Usage
		Usr 0 00:00:00, Sys 0 00:00:00  -  Total Local Usage
	0  -  Run Bytes Sent By Job
	0  -  Run Bytes Received By Job
	0  -  Total Bytes Sent By Job
	0  -  Total Bytes Received By Job
	Partitionable Resources :    Usage  Request Allocated 
	   Cpus                 :                 1         1 
	   Disk (KB)            :        1        1    129249 
	   Memory (MB)          :      161     3900      3968 

	Job terminated of its own accord at 2022-03-28T10:46:52Z.
...
006 (126221.004.000) 2022-03-28 19:46:53 Image size of job updated: 691232
	165  -  MemoryUsage of job (MB)
	168572  -  ResidentSetSize of job (KB)
...
005 (126221.004.000) 2022-03-28 19:46:53 Job terminated.
	(1) Normal termination (return value 0)
		Usr 0 00:00:13, Sys 0 00:00:02  -  Run Remote Usage
		Usr 0 00:00:00, Sys 0 00:00:00  -  Run Local Usage
		Usr 0 00:00:13, Sys 0 00:00:02  -  Total Remote Usage
		Usr 0 00:00:00, Sys 0 00:00:00  -  Total Local Usage
	0  -  Run Bytes Sent By Job
	0  -  Run Bytes Received By Job
	0  -  Total Bytes Sent By Job
	0  -  Total Bytes Received By Job
	Partitionable Resources :    Usage  Request Allocated 
	   Cpus                 :                 1         1 
	   Disk (KB)            :        1        1    129249 
	   Memory (MB)          :      165     3900      3968 

	Job terminated of its own accord at 2022-03-28T10:46:53Z.
...
006 (126221.011.000) 2022-03-28 19:46:53 Image size of job updated: 692000
	155  -  MemoryUsage of job (MB)
	158524  -  ResidentSetSize of job (KB)
...
005 (126221.011.000) 2022-03-28 19:46:53 Job terminated.
	(1) Normal termination (return value 0)
		Usr 0 00:00:14, Sys 0 00:00:02  -  Run Remote Usage
		Usr 0 00:00:00, Sys 0 00:00:00  -  Run Local Usage
		Usr 0 00:00:14, Sys 0 00:00:02  -  Total Remote Usage
		Usr 0 00:00:00, Sys 0 00:00:00  -  Total Local Usage
	0  -  Run Bytes Sent By Job
	0  -  Run Bytes Received By Job
	0  -  Total Bytes Sent By Job
	0  -  Total Bytes Received By Job
	Partitionable Resources :    Usage  Request Allocated 
	   Cpus                 :                 1         1 
	   Disk (KB)            :        1        1    129249 
	   Memory (MB)          :      155     3900      3968 

	Job terminated of its own accord at 2022-03-28T10:46:53Z.
...
006 (126221.012.000) 2022-03-28 19:46:54 Image size of job updated: 691532
	176  -  MemoryUsage of job (MB)
	180220  -  ResidentSetSize of job (KB)
...
005 (126221.012.000) 2022-03-28 19:46:54 Job terminated.
	(1) Normal termination (return value 0)
		Usr 0 00:00:14, Sys 0 00:00:02  -  Run Remote Usage
		Usr 0 00:00:00, Sys 0 00:00:00  -  Run Local Usage
		Usr 0 00:00:14, Sys 0 00:00:02  -  Total Remote Usage
		Usr 0 00:00:00, Sys 0 00:00:00  -  Total Local Usage
	0  -  Run Bytes Sent By Job
	0  -  Run Bytes Received By Job
	0  -  Total Bytes Sent By Job
	0  -  Total Bytes Received By Job
	Partitionable Resources :    Usage  Request Allocated 
	   Cpus                 :                 1         1 
	   Disk (KB)            :        1        1    129249 
	   Memory (MB)          :      176     3900      3968 

	Job terminated of its own accord at 2022-03-28T10:46:54Z.
...
006 (126221.013.000) 2022-03-28 19:46:54 Image size of job updated: 691452
	179  -  MemoryUsage of job (MB)
	182544  -  ResidentSetSize of job (KB)
...
006 (126221.005.000) 2022-03-28 19:46:54 Image size of job updated: 692024
	155  -  MemoryUsage of job (MB)
	158240  -  ResidentSetSize of job (KB)
...
005 (126221.005.000) 2022-03-28 19:46:54 Job terminated.
	(1) Normal termination (return value 0)
		Usr 0 00:00:14, Sys 0 00:00:02  -  Run Remote Usage
		Usr 0 00:00:00, Sys 0 00:00:00  -  Run Local Usage
		Usr 0 00:00:14, Sys 0 00:00:02  -  Total Remote Usage
		Usr 0 00:00:00, Sys 0 00:00:00  -  Total Local Usage
	0  -  Run Bytes Sent By Job
	0  -  Run Bytes Received By Job
	0  -  Total Bytes Sent By Job
	0  -  Total Bytes Received By Job
	Partitionable Resources :    Usage  Request Allocated 
	   Cpus                 :                 1         1 
	   Disk (KB)            :        1        1    129249 
	   Memory (MB)          :      155     3900      3968 

	Job terminated of its own accord at 2022-03-28T10:46:54Z.
...
005 (126221.013.000) 2022-03-28 19:46:54 Job terminated.
	(1) Normal termination (return value 0)
		Usr 0 00:00:14, Sys 0 00:00:02  -  Run Remote Usage
		Usr 0 00:00:00, Sys 0 00:00:00  -  Run Local Usage
		Usr 0 00:00:14, Sys 0 00:00:02  -  Total Remote Usage
		Usr 0 00:00:00, Sys 0 00:00:00  -  Total Local Usage
	0  -  Run Bytes Sent By Job
	0  -  Run Bytes Received By Job
	0  -  Total Bytes Sent By Job
	0  -  Total Bytes Received By Job
	Partitionable Resources :    Usage  Request Allocated 
	   Cpus                 :                 1         1 
	   Disk (KB)            :        1        1    129249 
	   Memory (MB)          :      179     3900      3968 

	Job terminated of its own accord at 2022-03-28T10:46:54Z.
...
006 (126221.003.000) 2022-03-28 19:46:54 Image size of job updated: 691448
	165  -  MemoryUsage of job (MB)
	168272  -  ResidentSetSize of job (KB)
...
006 (126221.009.000) 2022-03-28 19:46:54 Image size of job updated: 692012
	162  -  MemoryUsage of job (MB)
	165708  -  ResidentSetSize of job (KB)
...
005 (126221.003.000) 2022-03-28 19:46:54 Job terminated.
	(1) Normal termination (return value 0)
		Usr 0 00:00:15, Sys 0 00:00:02  -  Run Remote Usage
		Usr 0 00:00:00, Sys 0 00:00:00  -  Run Local Usage
		Usr 0 00:00:15, Sys 0 00:00:02  -  Total Remote Usage
		Usr 0 00:00:00, Sys 0 00:00:00  -  Total Local Usage
	0  -  Run Bytes Sent By Job
	0  -  Run Bytes Received By Job
	0  -  Total Bytes Sent By Job
	0  -  Total Bytes Received By Job
	Partitionable Resources :    Usage  Request Allocated 
	   Cpus                 :                 1         1 
	   Disk (KB)            :        1        1    129249 
	   Memory (MB)          :      165     3900      3968 

	Job terminated of its own accord at 2022-03-28T10:46:54Z.
...
005 (126221.009.000) 2022-03-28 19:46:54 Job terminated.
	(1) Normal termination (return value 0)
		Usr 0 00:00:15, Sys 0 00:00:02  -  Run Remote Usage
		Usr 0 00:00:00, Sys 0 00:00:00  -  Run Local Usage
		Usr 0 00:00:15, Sys 0 00:00:02  -  Total Remote Usage
		Usr 0 00:00:00, Sys 0 00:00:00  -  Total Local Usage
	0  -  Run Bytes Sent By Job
	0  -  Run Bytes Received By Job
	0  -  Total Bytes Sent By Job
	0  -  Total Bytes Received By Job
	Partitionable Resources :    Usage  Request Allocated 
	   Cpus                 :                 1         1 
	   Disk (KB)            :        1        1    129249 
	   Memory (MB)          :      162     3900      3968 

	Job terminated of its own accord at 2022-03-28T10:46:54Z.
...
006 (126221.016.000) 2022-03-28 19:46:55 Image size of job updated: 691652
	179  -  MemoryUsage of job (MB)
	182552  -  ResidentSetSize of job (KB)
...
005 (126221.016.000) 2022-03-28 19:46:55 Job terminated.
	(1) Normal termination (return value 0)
		Usr 0 00:00:15, Sys 0 00:00:02  -  Run Remote Usage
		Usr 0 00:00:00, Sys 0 00:00:00  -  Run Local Usage
		Usr 0 00:00:15, Sys 0 00:00:02  -  Total Remote Usage
		Usr 0 00:00:00, Sys 0 00:00:00  -  Total Local Usage
	0  -  Run Bytes Sent By Job
	0  -  Run Bytes Received By Job
	0  -  Total Bytes Sent By Job
	0  -  Total Bytes Received By Job
	Partitionable Resources :    Usage  Request Allocated 
	   Cpus                 :                 1         1 
	   Disk (KB)            :        1        1    129249 
	   Memory (MB)          :      179     3900      3968 

	Job terminated of its own accord at 2022-03-28T10:46:55Z.
...
