000 (126643.000.000) 2022-03-30 12:37:23 Job submitted from host: <172.30.1.200:9618?addrs=172.30.1.200-9618&alias=tamsa2.snu.ac.kr&noUDP&sock=schedd_3154_f5cb>
...
000 (126643.001.000) 2022-03-30 12:37:23 Job submitted from host: <172.30.1.200:9618?addrs=172.30.1.200-9618&alias=tamsa2.snu.ac.kr&noUDP&sock=schedd_3154_f5cb>
...
000 (126643.002.000) 2022-03-30 12:37:23 Job submitted from host: <172.30.1.200:9618?addrs=172.30.1.200-9618&alias=tamsa2.snu.ac.kr&noUDP&sock=schedd_3154_f5cb>
...
000 (126643.003.000) 2022-03-30 12:37:23 Job submitted from host: <172.30.1.200:9618?addrs=172.30.1.200-9618&alias=tamsa2.snu.ac.kr&noUDP&sock=schedd_3154_f5cb>
...
000 (126643.004.000) 2022-03-30 12:37:23 Job submitted from host: <172.30.1.200:9618?addrs=172.30.1.200-9618&alias=tamsa2.snu.ac.kr&noUDP&sock=schedd_3154_f5cb>
...
000 (126643.005.000) 2022-03-30 12:37:23 Job submitted from host: <172.30.1.200:9618?addrs=172.30.1.200-9618&alias=tamsa2.snu.ac.kr&noUDP&sock=schedd_3154_f5cb>
...
000 (126643.006.000) 2022-03-30 12:37:23 Job submitted from host: <172.30.1.200:9618?addrs=172.30.1.200-9618&alias=tamsa2.snu.ac.kr&noUDP&sock=schedd_3154_f5cb>
...
000 (126643.007.000) 2022-03-30 12:37:23 Job submitted from host: <172.30.1.200:9618?addrs=172.30.1.200-9618&alias=tamsa2.snu.ac.kr&noUDP&sock=schedd_3154_f5cb>
...
000 (126643.008.000) 2022-03-30 12:37:23 Job submitted from host: <172.30.1.200:9618?addrs=172.30.1.200-9618&alias=tamsa2.snu.ac.kr&noUDP&sock=schedd_3154_f5cb>
...
000 (126643.009.000) 2022-03-30 12:37:23 Job submitted from host: <172.30.1.200:9618?addrs=172.30.1.200-9618&alias=tamsa2.snu.ac.kr&noUDP&sock=schedd_3154_f5cb>
...
000 (126643.010.000) 2022-03-30 12:37:23 Job submitted from host: <172.30.1.200:9618?addrs=172.30.1.200-9618&alias=tamsa2.snu.ac.kr&noUDP&sock=schedd_3154_f5cb>
...
000 (126643.011.000) 2022-03-30 12:37:23 Job submitted from host: <172.30.1.200:9618?addrs=172.30.1.200-9618&alias=tamsa2.snu.ac.kr&noUDP&sock=schedd_3154_f5cb>
...
000 (126643.012.000) 2022-03-30 12:37:23 Job submitted from host: <172.30.1.200:9618?addrs=172.30.1.200-9618&alias=tamsa2.snu.ac.kr&noUDP&sock=schedd_3154_f5cb>
...
000 (126643.013.000) 2022-03-30 12:37:23 Job submitted from host: <172.30.1.200:9618?addrs=172.30.1.200-9618&alias=tamsa2.snu.ac.kr&noUDP&sock=schedd_3154_f5cb>
...
000 (126643.014.000) 2022-03-30 12:37:23 Job submitted from host: <172.30.1.200:9618?addrs=172.30.1.200-9618&alias=tamsa2.snu.ac.kr&noUDP&sock=schedd_3154_f5cb>
...
000 (126643.015.000) 2022-03-30 12:37:23 Job submitted from host: <172.30.1.200:9618?addrs=172.30.1.200-9618&alias=tamsa2.snu.ac.kr&noUDP&sock=schedd_3154_f5cb>
...
000 (126643.016.000) 2022-03-30 12:37:23 Job submitted from host: <172.30.1.200:9618?addrs=172.30.1.200-9618&alias=tamsa2.snu.ac.kr&noUDP&sock=schedd_3154_f5cb>
...
000 (126643.017.000) 2022-03-30 12:37:23 Job submitted from host: <172.30.1.200:9618?addrs=172.30.1.200-9618&alias=tamsa2.snu.ac.kr&noUDP&sock=schedd_3154_f5cb>
...
000 (126643.018.000) 2022-03-30 12:37:23 Job submitted from host: <172.30.1.200:9618?addrs=172.30.1.200-9618&alias=tamsa2.snu.ac.kr&noUDP&sock=schedd_3154_f5cb>
...
000 (126643.019.000) 2022-03-30 12:37:23 Job submitted from host: <172.30.1.200:9618?addrs=172.30.1.200-9618&alias=tamsa2.snu.ac.kr&noUDP&sock=schedd_3154_f5cb>
...
001 (126643.000.000) 2022-03-30 12:37:35 Job executing on host: <172.30.1.203:9618?addrs=172.30.1.203-9618&alias=node3&noUDP&sock=startd_3597_d240>
...
001 (126643.014.000) 2022-03-30 12:37:35 Job executing on host: <172.30.1.204:9618?addrs=172.30.1.204-9618&alias=node4&noUDP&sock=startd_3623_a7b6>
...
001 (126643.002.000) 2022-03-30 12:37:35 Job executing on host: <172.30.1.203:9618?addrs=172.30.1.203-9618&alias=node3&noUDP&sock=startd_3597_d240>
...
001 (126643.015.000) 2022-03-30 12:37:36 Job executing on host: <172.30.1.204:9618?addrs=172.30.1.204-9618&alias=node4&noUDP&sock=startd_3623_a7b6>
...
001 (126643.001.000) 2022-03-30 12:37:36 Job executing on host: <172.30.1.203:9618?addrs=172.30.1.203-9618&alias=node3&noUDP&sock=startd_3597_d240>
...
001 (126643.017.000) 2022-03-30 12:37:36 Job executing on host: <172.30.1.204:9618?addrs=172.30.1.204-9618&alias=node4&noUDP&sock=startd_3623_a7b6>
...
001 (126643.003.000) 2022-03-30 12:37:36 Job executing on host: <172.30.1.203:9618?addrs=172.30.1.203-9618&alias=node3&noUDP&sock=startd_3597_d240>
...
001 (126643.016.000) 2022-03-30 12:37:36 Job executing on host: <172.30.1.204:9618?addrs=172.30.1.204-9618&alias=node4&noUDP&sock=startd_3623_a7b6>
...
001 (126643.004.000) 2022-03-30 12:37:36 Job executing on host: <172.30.1.203:9618?addrs=172.30.1.203-9618&alias=node3&noUDP&sock=startd_3597_d240>
...
001 (126643.018.000) 2022-03-30 12:37:36 Job executing on host: <172.30.1.204:9618?addrs=172.30.1.204-9618&alias=node4&noUDP&sock=startd_3623_a7b6>
...
001 (126643.019.000) 2022-03-30 12:37:36 Job executing on host: <172.30.1.204:9618?addrs=172.30.1.204-9618&alias=node4&noUDP&sock=startd_3623_a7b6>
...
001 (126643.005.000) 2022-03-30 12:37:36 Job executing on host: <172.30.1.203:9618?addrs=172.30.1.203-9618&alias=node3&noUDP&sock=startd_3597_d240>
...
001 (126643.006.000) 2022-03-30 12:37:36 Job executing on host: <172.30.1.203:9618?addrs=172.30.1.203-9618&alias=node3&noUDP&sock=startd_3597_d240>
...
001 (126643.007.000) 2022-03-30 12:37:36 Job executing on host: <172.30.1.203:9618?addrs=172.30.1.203-9618&alias=node3&noUDP&sock=startd_3597_d240>
...
001 (126643.008.000) 2022-03-30 12:37:36 Job executing on host: <172.30.1.203:9618?addrs=172.30.1.203-9618&alias=node3&noUDP&sock=startd_3597_d240>
...
001 (126643.009.000) 2022-03-30 12:37:36 Job executing on host: <172.30.1.203:9618?addrs=172.30.1.203-9618&alias=node3&noUDP&sock=startd_3597_d240>
...
001 (126643.011.000) 2022-03-30 12:37:36 Job executing on host: <172.30.1.203:9618?addrs=172.30.1.203-9618&alias=node3&noUDP&sock=startd_3597_d240>
...
001 (126643.010.000) 2022-03-30 12:37:37 Job executing on host: <172.30.1.203:9618?addrs=172.30.1.203-9618&alias=node3&noUDP&sock=startd_3597_d240>
...
001 (126643.012.000) 2022-03-30 12:37:37 Job executing on host: <172.30.1.203:9618?addrs=172.30.1.203-9618&alias=node3&noUDP&sock=startd_3597_d240>
...
001 (126643.013.000) 2022-03-30 12:37:37 Job executing on host: <172.30.1.203:9618?addrs=172.30.1.203-9618&alias=node3&noUDP&sock=startd_3597_d240>
...
006 (126643.014.000) 2022-03-30 12:37:44 Image size of job updated: 646192
	183  -  MemoryUsage of job (MB)
	186852  -  ResidentSetSize of job (KB)
...
006 (126643.000.000) 2022-03-30 12:37:44 Image size of job updated: 646200
	199  -  MemoryUsage of job (MB)
	203772  -  ResidentSetSize of job (KB)
...
006 (126643.002.000) 2022-03-30 12:37:44 Image size of job updated: 646168
	183  -  MemoryUsage of job (MB)
	186820  -  ResidentSetSize of job (KB)
...
006 (126643.015.000) 2022-03-30 12:37:44 Image size of job updated: 646200
	183  -  MemoryUsage of job (MB)
	186852  -  ResidentSetSize of job (KB)
...
006 (126643.001.000) 2022-03-30 12:37:44 Image size of job updated: 646196
	183  -  MemoryUsage of job (MB)
	186868  -  ResidentSetSize of job (KB)
...
006 (126643.017.000) 2022-03-30 12:37:44 Image size of job updated: 686484
	206  -  MemoryUsage of job (MB)
	210544  -  ResidentSetSize of job (KB)
...
006 (126643.003.000) 2022-03-30 12:37:44 Image size of job updated: 646200
	200  -  MemoryUsage of job (MB)
	204144  -  ResidentSetSize of job (KB)
...
006 (126643.016.000) 2022-03-30 12:37:44 Image size of job updated: 646196
	183  -  MemoryUsage of job (MB)
	187056  -  ResidentSetSize of job (KB)
...
006 (126643.004.000) 2022-03-30 12:37:44 Image size of job updated: 658624
	206  -  MemoryUsage of job (MB)
	210684  -  ResidentSetSize of job (KB)
...
006 (126643.018.000) 2022-03-30 12:37:44 Image size of job updated: 658760
	194  -  MemoryUsage of job (MB)
	197880  -  ResidentSetSize of job (KB)
...
006 (126643.019.000) 2022-03-30 12:37:44 Image size of job updated: 646196
	183  -  MemoryUsage of job (MB)
	186844  -  ResidentSetSize of job (KB)
...
006 (126643.005.000) 2022-03-30 12:37:44 Image size of job updated: 646192
	183  -  MemoryUsage of job (MB)
	186992  -  ResidentSetSize of job (KB)
...
006 (126643.017.000) 2022-03-30 12:37:44 Image size of job updated: 689552
	206  -  MemoryUsage of job (MB)
	210544  -  ResidentSetSize of job (KB)
...
005 (126643.017.000) 2022-03-30 12:37:44 Job terminated.
	(1) Normal termination (return value 0)
		Usr 0 00:00:05, Sys 0 00:00:01  -  Run Remote Usage
		Usr 0 00:00:00, Sys 0 00:00:00  -  Run Local Usage
		Usr 0 00:00:05, Sys 0 00:00:01  -  Total Remote Usage
		Usr 0 00:00:00, Sys 0 00:00:00  -  Total Local Usage
	0  -  Run Bytes Sent By Job
	0  -  Run Bytes Received By Job
	0  -  Total Bytes Sent By Job
	0  -  Total Bytes Received By Job
	Partitionable Resources :    Usage  Request Allocated 
	   Cpus                 :                 1         1 
	   Disk (KB)            :        1        1    129249 
	   Memory (MB)          :      206     3900      3968 

	Job terminated of its own accord at 2022-03-30T03:37:44Z.
...
006 (126643.010.000) 2022-03-30 12:37:45 Image size of job updated: 646172
	183  -  MemoryUsage of job (MB)
	186400  -  ResidentSetSize of job (KB)
...
006 (126643.012.000) 2022-03-30 12:37:45 Image size of job updated: 646196
	183  -  MemoryUsage of job (MB)
	186816  -  ResidentSetSize of job (KB)
...
006 (126643.013.000) 2022-03-30 12:37:45 Image size of job updated: 951204
	183  -  MemoryUsage of job (MB)
	186876  -  ResidentSetSize of job (KB)
...
006 (126643.018.000) 2022-03-30 12:37:45 Image size of job updated: 684676
	194  -  MemoryUsage of job (MB)
	197884  -  ResidentSetSize of job (KB)
...
005 (126643.018.000) 2022-03-30 12:37:45 Job terminated.
	(1) Normal termination (return value 0)
		Usr 0 00:00:07, Sys 0 00:00:01  -  Run Remote Usage
		Usr 0 00:00:00, Sys 0 00:00:00  -  Run Local Usage
		Usr 0 00:00:07, Sys 0 00:00:01  -  Total Remote Usage
		Usr 0 00:00:00, Sys 0 00:00:00  -  Total Local Usage
	0  -  Run Bytes Sent By Job
	0  -  Run Bytes Received By Job
	0  -  Total Bytes Sent By Job
	0  -  Total Bytes Received By Job
	Partitionable Resources :    Usage  Request Allocated 
	   Cpus                 :                 1         1 
	   Disk (KB)            :        1        1    129249 
	   Memory (MB)          :      194     3900      3968 

	Job terminated of its own accord at 2022-03-30T03:37:45Z.
...
006 (126643.006.000) 2022-03-30 12:37:45 Image size of job updated: 686448
	206  -  MemoryUsage of job (MB)
	210676  -  ResidentSetSize of job (KB)
...
006 (126643.007.000) 2022-03-30 12:37:45 Image size of job updated: 646200
	183  -  MemoryUsage of job (MB)
	186916  -  ResidentSetSize of job (KB)
...
006 (126643.008.000) 2022-03-30 12:37:45 Image size of job updated: 646208
	183  -  MemoryUsage of job (MB)
	187380  -  ResidentSetSize of job (KB)
...
006 (126643.009.000) 2022-03-30 12:37:45 Image size of job updated: 689624
	206  -  MemoryUsage of job (MB)
	210864  -  ResidentSetSize of job (KB)
...
006 (126643.011.000) 2022-03-30 12:37:45 Image size of job updated: 646208
	183  -  MemoryUsage of job (MB)
	187312  -  ResidentSetSize of job (KB)
...
006 (126643.003.000) 2022-03-30 12:37:46 Image size of job updated: 689616
	200  -  MemoryUsage of job (MB)
	204160  -  ResidentSetSize of job (KB)
...
005 (126643.003.000) 2022-03-30 12:37:46 Job terminated.
	(1) Normal termination (return value 0)
		Usr 0 00:00:06, Sys 0 00:00:01  -  Run Remote Usage
		Usr 0 00:00:00, Sys 0 00:00:00  -  Run Local Usage
		Usr 0 00:00:06, Sys 0 00:00:01  -  Total Remote Usage
		Usr 0 00:00:00, Sys 0 00:00:00  -  Total Local Usage
	0  -  Run Bytes Sent By Job
	0  -  Run Bytes Received By Job
	0  -  Total Bytes Sent By Job
	0  -  Total Bytes Received By Job
	Partitionable Resources :    Usage  Request Allocated 
	   Cpus                 :                 1         1 
	   Disk (KB)            :        1        1    129249 
	   Memory (MB)          :      200     3900      3968 

	Job terminated of its own accord at 2022-03-30T03:37:46Z.
...
006 (126643.011.000) 2022-03-30 12:37:46 Image size of job updated: 687660
	183  -  MemoryUsage of job (MB)
	187312  -  ResidentSetSize of job (KB)
...
005 (126643.011.000) 2022-03-30 12:37:46 Job terminated.
	(1) Normal termination (return value 0)
		Usr 0 00:00:07, Sys 0 00:00:01  -  Run Remote Usage
		Usr 0 00:00:00, Sys 0 00:00:00  -  Run Local Usage
		Usr 0 00:00:07, Sys 0 00:00:01  -  Total Remote Usage
		Usr 0 00:00:00, Sys 0 00:00:00  -  Total Local Usage
	0  -  Run Bytes Sent By Job
	0  -  Run Bytes Received By Job
	0  -  Total Bytes Sent By Job
	0  -  Total Bytes Received By Job
	Partitionable Resources :    Usage  Request Allocated 
	   Cpus                 :                 1         1 
	   Disk (KB)            :        1        1    129249 
	   Memory (MB)          :      183     3900      3968 

	Job terminated of its own accord at 2022-03-30T03:37:46Z.
...
005 (126643.013.000) 2022-03-30 12:37:48 Job terminated.
	(1) Normal termination (return value 0)
		Usr 0 00:00:08, Sys 0 00:00:01  -  Run Remote Usage
		Usr 0 00:00:00, Sys 0 00:00:00  -  Run Local Usage
		Usr 0 00:00:08, Sys 0 00:00:01  -  Total Remote Usage
		Usr 0 00:00:00, Sys 0 00:00:00  -  Total Local Usage
	0  -  Run Bytes Sent By Job
	0  -  Run Bytes Received By Job
	0  -  Total Bytes Sent By Job
	0  -  Total Bytes Received By Job
	Partitionable Resources :    Usage  Request Allocated 
	   Cpus                 :                 1         1 
	   Disk (KB)            :        1        1    129249 
	   Memory (MB)          :      183     3900      3968 

	Job terminated of its own accord at 2022-03-30T03:37:48Z.
...
006 (126643.012.000) 2022-03-30 12:37:48 Image size of job updated: 686476
	183  -  MemoryUsage of job (MB)
	186816  -  ResidentSetSize of job (KB)
...
005 (126643.012.000) 2022-03-30 12:37:48 Job terminated.
	(1) Normal termination (return value 0)
		Usr 0 00:00:08, Sys 0 00:00:01  -  Run Remote Usage
		Usr 0 00:00:00, Sys 0 00:00:00  -  Run Local Usage
		Usr 0 00:00:08, Sys 0 00:00:01  -  Total Remote Usage
		Usr 0 00:00:00, Sys 0 00:00:00  -  Total Local Usage
	0  -  Run Bytes Sent By Job
	0  -  Run Bytes Received By Job
	0  -  Total Bytes Sent By Job
	0  -  Total Bytes Received By Job
	Partitionable Resources :    Usage  Request Allocated 
	   Cpus                 :                 1         1 
	   Disk (KB)            :        1        1    129249 
	   Memory (MB)          :      183     3900      3968 

	Job terminated of its own accord at 2022-03-30T03:37:48Z.
...
006 (126643.016.000) 2022-03-30 12:37:49 Image size of job updated: 666352
	183  -  MemoryUsage of job (MB)
	187056  -  ResidentSetSize of job (KB)
...
005 (126643.016.000) 2022-03-30 12:37:49 Job terminated.
	(1) Normal termination (return value 0)
		Usr 0 00:00:11, Sys 0 00:00:01  -  Run Remote Usage
		Usr 0 00:00:00, Sys 0 00:00:00  -  Run Local Usage
		Usr 0 00:00:11, Sys 0 00:00:01  -  Total Remote Usage
		Usr 0 00:00:00, Sys 0 00:00:00  -  Total Local Usage
	0  -  Run Bytes Sent By Job
	0  -  Run Bytes Received By Job
	0  -  Total Bytes Sent By Job
	0  -  Total Bytes Received By Job
	Partitionable Resources :    Usage  Request Allocated 
	   Cpus                 :                 1         1 
	   Disk (KB)            :        1        1    129249 
	   Memory (MB)          :      183     3900      3968 

	Job terminated of its own accord at 2022-03-30T03:37:49Z.
...
005 (126643.009.000) 2022-03-30 12:37:49 Job terminated.
	(1) Normal termination (return value 0)
		Usr 0 00:00:09, Sys 0 00:00:01  -  Run Remote Usage
		Usr 0 00:00:00, Sys 0 00:00:00  -  Run Local Usage
		Usr 0 00:00:09, Sys 0 00:00:01  -  Total Remote Usage
		Usr 0 00:00:00, Sys 0 00:00:00  -  Total Local Usage
	0  -  Run Bytes Sent By Job
	0  -  Run Bytes Received By Job
	0  -  Total Bytes Sent By Job
	0  -  Total Bytes Received By Job
	Partitionable Resources :    Usage  Request Allocated 
	   Cpus                 :                 1         1 
	   Disk (KB)            :        1        1    129249 
	   Memory (MB)          :      206     3900      3968 

	Job terminated of its own accord at 2022-03-30T03:37:49Z.
...
006 (126643.002.000) 2022-03-30 12:37:50 Image size of job updated: 689608
	183  -  MemoryUsage of job (MB)
	186820  -  ResidentSetSize of job (KB)
...
005 (126643.002.000) 2022-03-30 12:37:50 Job terminated.
	(1) Normal termination (return value 0)
		Usr 0 00:00:10, Sys 0 00:00:01  -  Run Remote Usage
		Usr 0 00:00:00, Sys 0 00:00:00  -  Run Local Usage
		Usr 0 00:00:10, Sys 0 00:00:01  -  Total Remote Usage
		Usr 0 00:00:00, Sys 0 00:00:00  -  Total Local Usage
	0  -  Run Bytes Sent By Job
	0  -  Run Bytes Received By Job
	0  -  Total Bytes Sent By Job
	0  -  Total Bytes Received By Job
	Partitionable Resources :    Usage  Request Allocated 
	   Cpus                 :                 1         1 
	   Disk (KB)            :        1        1    129249 
	   Memory (MB)          :      183     3900      3968 

	Job terminated of its own accord at 2022-03-30T03:37:50Z.
...
006 (126643.008.000) 2022-03-30 12:37:50 Image size of job updated: 690132
	183  -  MemoryUsage of job (MB)
	187380  -  ResidentSetSize of job (KB)
...
005 (126643.008.000) 2022-03-30 12:37:50 Job terminated.
	(1) Normal termination (return value 0)
		Usr 0 00:00:10, Sys 0 00:00:01  -  Run Remote Usage
		Usr 0 00:00:00, Sys 0 00:00:00  -  Run Local Usage
		Usr 0 00:00:10, Sys 0 00:00:01  -  Total Remote Usage
		Usr 0 00:00:00, Sys 0 00:00:00  -  Total Local Usage
	0  -  Run Bytes Sent By Job
	0  -  Run Bytes Received By Job
	0  -  Total Bytes Sent By Job
	0  -  Total Bytes Received By Job
	Partitionable Resources :    Usage  Request Allocated 
	   Cpus                 :                 1         1 
	   Disk (KB)            :        1        1    129249 
	   Memory (MB)          :      183     3900      3968 

	Job terminated of its own accord at 2022-03-30T03:37:50Z.
...
006 (126643.005.000) 2022-03-30 12:37:50 Image size of job updated: 688616
	183  -  MemoryUsage of job (MB)
	186992  -  ResidentSetSize of job (KB)
...
005 (126643.005.000) 2022-03-30 12:37:50 Job terminated.
	(1) Normal termination (return value 0)
		Usr 0 00:00:10, Sys 0 00:00:01  -  Run Remote Usage
		Usr 0 00:00:00, Sys 0 00:00:00  -  Run Local Usage
		Usr 0 00:00:10, Sys 0 00:00:01  -  Total Remote Usage
		Usr 0 00:00:00, Sys 0 00:00:00  -  Total Local Usage
	0  -  Run Bytes Sent By Job
	0  -  Run Bytes Received By Job
	0  -  Total Bytes Sent By Job
	0  -  Total Bytes Received By Job
	Partitionable Resources :    Usage  Request Allocated 
	   Cpus                 :                 1         1 
	   Disk (KB)            :        1        1    129249 
	   Memory (MB)          :      183     3900      3968 

	Job terminated of its own accord at 2022-03-30T03:37:50Z.
...
006 (126643.006.000) 2022-03-30 12:37:50 Image size of job updated: 689580
	206  -  MemoryUsage of job (MB)
	210676  -  ResidentSetSize of job (KB)
...
005 (126643.006.000) 2022-03-30 12:37:50 Job terminated.
	(1) Normal termination (return value 0)
		Usr 0 00:00:10, Sys 0 00:00:01  -  Run Remote Usage
		Usr 0 00:00:00, Sys 0 00:00:00  -  Run Local Usage
		Usr 0 00:00:10, Sys 0 00:00:01  -  Total Remote Usage
		Usr 0 00:00:00, Sys 0 00:00:00  -  Total Local Usage
	0  -  Run Bytes Sent By Job
	0  -  Run Bytes Received By Job
	0  -  Total Bytes Sent By Job
	0  -  Total Bytes Received By Job
	Partitionable Resources :    Usage  Request Allocated 
	   Cpus                 :                 1         1 
	   Disk (KB)            :        1        1    129249 
	   Memory (MB)          :      206     3900      3968 

	Job terminated of its own accord at 2022-03-30T03:37:50Z.
...
006 (126643.014.000) 2022-03-30 12:37:50 Image size of job updated: 688964
	183  -  MemoryUsage of job (MB)
	186852  -  ResidentSetSize of job (KB)
...
005 (126643.014.000) 2022-03-30 12:37:50 Job terminated.
	(1) Normal termination (return value 0)
		Usr 0 00:00:12, Sys 0 00:00:01  -  Run Remote Usage
		Usr 0 00:00:00, Sys 0 00:00:00  -  Run Local Usage
		Usr 0 00:00:12, Sys 0 00:00:01  -  Total Remote Usage
		Usr 0 00:00:00, Sys 0 00:00:00  -  Total Local Usage
	0  -  Run Bytes Sent By Job
	0  -  Run Bytes Received By Job
	0  -  Total Bytes Sent By Job
	0  -  Total Bytes Received By Job
	Partitionable Resources :    Usage  Request Allocated 
	   Cpus                 :                 1         1 
	   Disk (KB)            :        1        1    129249 
	   Memory (MB)          :      183     3900      3968 

	Job terminated of its own accord at 2022-03-30T03:37:50Z.
...
005 (126643.019.000) 2022-03-30 12:37:52 Job terminated.
	(1) Normal termination (return value 0)
		Usr 0 00:00:14, Sys 0 00:00:00  -  Run Remote Usage
		Usr 0 00:00:00, Sys 0 00:00:00  -  Run Local Usage
		Usr 0 00:00:14, Sys 0 00:00:00  -  Total Remote Usage
		Usr 0 00:00:00, Sys 0 00:00:00  -  Total Local Usage
	0  -  Run Bytes Sent By Job
	0  -  Run Bytes Received By Job
	0  -  Total Bytes Sent By Job
	0  -  Total Bytes Received By Job
	Partitionable Resources :    Usage  Request Allocated 
	   Cpus                 :                 1         1 
	   Disk (KB)            :        1        1    129249 
	   Memory (MB)          :      183     3900      3968 

	Job terminated of its own accord at 2022-03-30T03:37:52Z.
...
006 (126643.007.000) 2022-03-30 12:37:53 Image size of job updated: 689896
	183  -  MemoryUsage of job (MB)
	186916  -  ResidentSetSize of job (KB)
...
005 (126643.007.000) 2022-03-30 12:37:53 Job terminated.
	(1) Normal termination (return value 0)
		Usr 0 00:00:13, Sys 0 00:00:01  -  Run Remote Usage
		Usr 0 00:00:00, Sys 0 00:00:00  -  Run Local Usage
		Usr 0 00:00:13, Sys 0 00:00:01  -  Total Remote Usage
		Usr 0 00:00:00, Sys 0 00:00:00  -  Total Local Usage
	0  -  Run Bytes Sent By Job
	0  -  Run Bytes Received By Job
	0  -  Total Bytes Sent By Job
	0  -  Total Bytes Received By Job
	Partitionable Resources :    Usage  Request Allocated 
	   Cpus                 :                 1         1 
	   Disk (KB)            :        1        1    129249 
	   Memory (MB)          :      183     3900      3968 

	Job terminated of its own accord at 2022-03-30T03:37:53Z.
...
006 (126643.004.000) 2022-03-30 12:37:54 Image size of job updated: 689576
	206  -  MemoryUsage of job (MB)
	210684  -  ResidentSetSize of job (KB)
...
005 (126643.004.000) 2022-03-30 12:37:54 Job terminated.
	(1) Normal termination (return value 0)
		Usr 0 00:00:15, Sys 0 00:00:01  -  Run Remote Usage
		Usr 0 00:00:00, Sys 0 00:00:00  -  Run Local Usage
		Usr 0 00:00:15, Sys 0 00:00:01  -  Total Remote Usage
		Usr 0 00:00:00, Sys 0 00:00:00  -  Total Local Usage
	0  -  Run Bytes Sent By Job
	0  -  Run Bytes Received By Job
	0  -  Total Bytes Sent By Job
	0  -  Total Bytes Received By Job
	Partitionable Resources :    Usage  Request Allocated 
	   Cpus                 :                 1         1 
	   Disk (KB)            :        1        1    129249 
	   Memory (MB)          :      206     3900      3968 

	Job terminated of its own accord at 2022-03-30T03:37:54Z.
...
006 (126643.000.000) 2022-03-30 12:37:55 Image size of job updated: 689612
	200  -  MemoryUsage of job (MB)
	203796  -  ResidentSetSize of job (KB)
...
005 (126643.000.000) 2022-03-30 12:37:55 Job terminated.
	(1) Normal termination (return value 0)
		Usr 0 00:00:15, Sys 0 00:00:01  -  Run Remote Usage
		Usr 0 00:00:00, Sys 0 00:00:00  -  Run Local Usage
		Usr 0 00:00:15, Sys 0 00:00:01  -  Total Remote Usage
		Usr 0 00:00:00, Sys 0 00:00:00  -  Total Local Usage
	0  -  Run Bytes Sent By Job
	0  -  Run Bytes Received By Job
	0  -  Total Bytes Sent By Job
	0  -  Total Bytes Received By Job
	Partitionable Resources :    Usage  Request Allocated 
	   Cpus                 :                 1         1 
	   Disk (KB)            :        1        1    129249 
	   Memory (MB)          :      200     3900      3968 

	Job terminated of its own accord at 2022-03-30T03:37:55Z.
...
006 (126643.001.000) 2022-03-30 12:37:55 Image size of job updated: 689876
	183  -  MemoryUsage of job (MB)
	186868  -  ResidentSetSize of job (KB)
...
005 (126643.001.000) 2022-03-30 12:37:56 Job terminated.
	(1) Normal termination (return value 0)
		Usr 0 00:00:16, Sys 0 00:00:01  -  Run Remote Usage
		Usr 0 00:00:00, Sys 0 00:00:00  -  Run Local Usage
		Usr 0 00:00:16, Sys 0 00:00:01  -  Total Remote Usage
		Usr 0 00:00:00, Sys 0 00:00:00  -  Total Local Usage
	0  -  Run Bytes Sent By Job
	0  -  Run Bytes Received By Job
	0  -  Total Bytes Sent By Job
	0  -  Total Bytes Received By Job
	Partitionable Resources :    Usage  Request Allocated 
	   Cpus                 :                 1         1 
	   Disk (KB)            :        1        1    129249 
	   Memory (MB)          :      183     3900      3968 

	Job terminated of its own accord at 2022-03-30T03:37:55Z.
...
006 (126643.010.000) 2022-03-30 12:37:57 Image size of job updated: 683936
	183  -  MemoryUsage of job (MB)
	186400  -  ResidentSetSize of job (KB)
...
005 (126643.010.000) 2022-03-30 12:37:57 Job terminated.
	(1) Normal termination (return value 0)
		Usr 0 00:00:17, Sys 0 00:00:01  -  Run Remote Usage
		Usr 0 00:00:00, Sys 0 00:00:00  -  Run Local Usage
		Usr 0 00:00:17, Sys 0 00:00:01  -  Total Remote Usage
		Usr 0 00:00:00, Sys 0 00:00:00  -  Total Local Usage
	0  -  Run Bytes Sent By Job
	0  -  Run Bytes Received By Job
	0  -  Total Bytes Sent By Job
	0  -  Total Bytes Received By Job
	Partitionable Resources :    Usage  Request Allocated 
	   Cpus                 :                 1         1 
	   Disk (KB)            :        1        1    129249 
	   Memory (MB)          :      183     3900      3968 

	Job terminated of its own accord at 2022-03-30T03:37:57Z.
...
005 (126643.015.000) 2022-03-30 12:38:02 Job terminated.
	(1) Normal termination (return value 0)
		Usr 0 00:00:24, Sys 0 00:00:01  -  Run Remote Usage
		Usr 0 00:00:00, Sys 0 00:00:00  -  Run Local Usage
		Usr 0 00:00:24, Sys 0 00:00:01  -  Total Remote Usage
		Usr 0 00:00:00, Sys 0 00:00:00  -  Total Local Usage
	0  -  Run Bytes Sent By Job
	0  -  Run Bytes Received By Job
	0  -  Total Bytes Sent By Job
	0  -  Total Bytes Received By Job
	Partitionable Resources :    Usage  Request Allocated 
	   Cpus                 :                 1         1 
	   Disk (KB)            :        1        1    129249 
	   Memory (MB)          :      183     3900      3968 

	Job terminated of its own accord at 2022-03-30T03:38:02Z.
...
