000 (2117001.002.000) 06/02 02:18:32 Job submitted from host: <172.30.1.200:9618?addrs=172.30.1.200-9618+[--1]-9618&noUDP&sock=203143_c79e_3>
...
001 (2117001.002.000) 06/02 02:18:42 Job executing on host: <172.30.1.205:9618?addrs=172.30.1.205-9618+[--1]-9618&noUDP&sock=31577_c625_3>
...
006 (2117001.002.000) 06/02 02:18:51 Image size of job updated: 180540
	34  -  MemoryUsage of job (MB)
	34040  -  ResidentSetSize of job (KB)
...
006 (2117001.002.000) 06/02 02:23:52 Image size of job updated: 651836
	288  -  MemoryUsage of job (MB)
	294228  -  ResidentSetSize of job (KB)
...
006 (2117001.002.000) 06/02 02:28:53 Image size of job updated: 653688
	290  -  MemoryUsage of job (MB)
	296056  -  ResidentSetSize of job (KB)
...
006 (2117001.002.000) 06/02 02:33:53 Image size of job updated: 654364
	290  -  MemoryUsage of job (MB)
	296788  -  ResidentSetSize of job (KB)
...
006 (2117001.002.000) 06/02 02:38:54 Image size of job updated: 656756
	293  -  MemoryUsage of job (MB)
	299208  -  ResidentSetSize of job (KB)
...
006 (2117001.002.000) 06/02 02:43:55 Image size of job updated: 659292
	295  -  MemoryUsage of job (MB)
	301548  -  ResidentSetSize of job (KB)
...
006 (2117001.002.000) 06/02 02:48:55 Image size of job updated: 659696
	295  -  MemoryUsage of job (MB)
	302040  -  ResidentSetSize of job (KB)
...
006 (2117001.002.000) 06/02 02:53:56 Image size of job updated: 659828
	296  -  MemoryUsage of job (MB)
	302136  -  ResidentSetSize of job (KB)
...
006 (2117001.002.000) 06/02 02:58:57 Image size of job updated: 661948
	298  -  MemoryUsage of job (MB)
	304656  -  ResidentSetSize of job (KB)
...
006 (2117001.002.000) 06/02 03:03:57 Image size of job updated: 662604
	299  -  MemoryUsage of job (MB)
	305272  -  ResidentSetSize of job (KB)
...
006 (2117001.002.000) 06/02 03:08:57 Image size of job updated: 664720
	301  -  MemoryUsage of job (MB)
	307488  -  ResidentSetSize of job (KB)
...
006 (2117001.002.000) 06/02 03:13:58 Image size of job updated: 665124
	301  -  MemoryUsage of job (MB)
	307944  -  ResidentSetSize of job (KB)
...
006 (2117001.002.000) 06/02 03:18:58 Image size of job updated: 667256
	303  -  MemoryUsage of job (MB)
	310176  -  ResidentSetSize of job (KB)
...
006 (2117001.002.000) 06/02 03:23:58 Image size of job updated: 667656
	304  -  MemoryUsage of job (MB)
	310508  -  ResidentSetSize of job (KB)
...
006 (2117001.002.000) 06/02 03:28:59 Image size of job updated: 670308
	306  -  MemoryUsage of job (MB)
	313036  -  ResidentSetSize of job (KB)
...
006 (2117001.002.000) 06/02 03:34:00 Image size of job updated: 670584
	307  -  MemoryUsage of job (MB)
	313364  -  ResidentSetSize of job (KB)
...
006 (2117001.002.000) 06/02 03:39:00 Image size of job updated: 672724
	307  -  MemoryUsage of job (MB)
	313364  -  ResidentSetSize of job (KB)
...
006 (2117001.002.000) 06/02 03:44:01 Image size of job updated: 672992
	307  -  MemoryUsage of job (MB)
	313364  -  ResidentSetSize of job (KB)
...
006 (2117001.002.000) 06/02 03:49:02 Image size of job updated: 675504
	307  -  MemoryUsage of job (MB)
	313364  -  ResidentSetSize of job (KB)
...
006 (2117001.002.000) 06/02 03:54:02 Image size of job updated: 675776
	307  -  MemoryUsage of job (MB)
	313364  -  ResidentSetSize of job (KB)
...
006 (2117001.002.000) 06/02 03:59:02 Image size of job updated: 678040
	307  -  MemoryUsage of job (MB)
	313364  -  ResidentSetSize of job (KB)
...
006 (2117001.002.000) 06/02 04:04:03 Image size of job updated: 678444
	307  -  MemoryUsage of job (MB)
	313364  -  ResidentSetSize of job (KB)
...
006 (2117001.002.000) 06/02 04:09:03 Image size of job updated: 680824
	307  -  MemoryUsage of job (MB)
	313364  -  ResidentSetSize of job (KB)
...
006 (2117001.002.000) 06/02 04:14:03 Image size of job updated: 681100
	307  -  MemoryUsage of job (MB)
	313364  -  ResidentSetSize of job (KB)
...
006 (2117001.002.000) 06/02 04:19:04 Image size of job updated: 683496
	307  -  MemoryUsage of job (MB)
	313364  -  ResidentSetSize of job (KB)
...
006 (2117001.002.000) 06/02 04:24:04 Image size of job updated: 683632
	307  -  MemoryUsage of job (MB)
	313364  -  ResidentSetSize of job (KB)
...
006 (2117001.002.000) 06/02 04:29:04 Image size of job updated: 686272
	307  -  MemoryUsage of job (MB)
	313364  -  ResidentSetSize of job (KB)
...
006 (2117001.002.000) 06/02 04:34:05 Image size of job updated: 686412
	307  -  MemoryUsage of job (MB)
	313364  -  ResidentSetSize of job (KB)
...
006 (2117001.002.000) 06/02 04:35:28 Image size of job updated: 691088
	307  -  MemoryUsage of job (MB)
	313364  -  ResidentSetSize of job (KB)
...
005 (2117001.002.000) 06/02 04:35:28 Job terminated.
	(1) Normal termination (return value 0)
		Usr 0 02:16:29, Sys 0 00:00:05  -  Run Remote Usage
		Usr 0 00:00:00, Sys 0 00:00:00  -  Run Local Usage
		Usr 0 02:16:29, Sys 0 00:00:05  -  Total Remote Usage
		Usr 0 00:00:00, Sys 0 00:00:00  -  Total Local Usage
	200  -  Run Bytes Sent By Job
	233  -  Run Bytes Received By Job
	200  -  Total Bytes Sent By Job
	233  -  Total Bytes Received By Job
	Partitionable Resources :    Usage  Request Allocated
	   Cpus                 :                 1         1
	   Disk (KB)            :       12  2048000   2434712
	   Memory (MB)          :      307     2000      2000
...
