000 (2117001.000.000) 06/02 02:18:32 Job submitted from host: <172.30.1.200:9618?addrs=172.30.1.200-9618+[--1]-9618&noUDP&sock=203143_c79e_3>
...
001 (2117001.000.000) 06/02 02:18:42 Job executing on host: <172.30.1.205:9618?addrs=172.30.1.205-9618+[--1]-9618&noUDP&sock=31577_c625_3>
...
006 (2117001.000.000) 06/02 02:18:51 Image size of job updated: 179576
	32  -  MemoryUsage of job (MB)
	32416  -  ResidentSetSize of job (KB)
...
006 (2117001.000.000) 06/02 02:23:52 Image size of job updated: 651844
	289  -  MemoryUsage of job (MB)
	295176  -  ResidentSetSize of job (KB)
...
006 (2117001.000.000) 06/02 02:28:53 Image size of job updated: 653580
	291  -  MemoryUsage of job (MB)
	296976  -  ResidentSetSize of job (KB)
...
006 (2117001.000.000) 06/02 02:33:53 Image size of job updated: 654392
	291  -  MemoryUsage of job (MB)
	297740  -  ResidentSetSize of job (KB)
...
006 (2117001.000.000) 06/02 02:38:53 Image size of job updated: 656792
	294  -  MemoryUsage of job (MB)
	300144  -  ResidentSetSize of job (KB)
...
006 (2117001.000.000) 06/02 02:43:54 Image size of job updated: 659336
	296  -  MemoryUsage of job (MB)
	302488  -  ResidentSetSize of job (KB)
...
006 (2117001.000.000) 06/02 02:48:55 Image size of job updated: 659748
	296  -  MemoryUsage of job (MB)
	302904  -  ResidentSetSize of job (KB)
...
006 (2117001.000.000) 06/02 02:53:55 Image size of job updated: 659884
	296  -  MemoryUsage of job (MB)
	303032  -  ResidentSetSize of job (KB)
...
006 (2117001.000.000) 06/02 02:58:56 Image size of job updated: 662140
	299  -  MemoryUsage of job (MB)
	305892  -  ResidentSetSize of job (KB)
...
006 (2117001.000.000) 06/02 03:03:57 Image size of job updated: 662820
	300  -  MemoryUsage of job (MB)
	306352  -  ResidentSetSize of job (KB)
...
006 (2117001.000.000) 06/02 03:08:57 Image size of job updated: 665072
	302  -  MemoryUsage of job (MB)
	308672  -  ResidentSetSize of job (KB)
...
006 (2117001.000.000) 06/02 03:13:58 Image size of job updated: 665364
	302  -  MemoryUsage of job (MB)
	309080  -  ResidentSetSize of job (KB)
...
006 (2117001.000.000) 06/02 03:18:59 Image size of job updated: 667888
	305  -  MemoryUsage of job (MB)
	311404  -  ResidentSetSize of job (KB)
...
006 (2117001.000.000) 06/02 03:23:59 Image size of job updated: 668180
	305  -  MemoryUsage of job (MB)
	311708  -  ResidentSetSize of job (KB)
...
006 (2117001.000.000) 06/02 03:28:59 Image size of job updated: 670664
	307  -  MemoryUsage of job (MB)
	314300  -  ResidentSetSize of job (KB)
...
006 (2117001.000.000) 06/02 03:34:00 Image size of job updated: 670928
	308  -  MemoryUsage of job (MB)
	314620  -  ResidentSetSize of job (KB)
...
006 (2117001.000.000) 06/02 03:39:00 Image size of job updated: 673440
	308  -  MemoryUsage of job (MB)
	314620  -  ResidentSetSize of job (KB)
...
006 (2117001.000.000) 06/02 03:44:00 Image size of job updated: 673712
	308  -  MemoryUsage of job (MB)
	314620  -  ResidentSetSize of job (KB)
...
006 (2117001.000.000) 06/02 03:49:01 Image size of job updated: 676116
	308  -  MemoryUsage of job (MB)
	314620  -  ResidentSetSize of job (KB)
...
006 (2117001.000.000) 06/02 03:54:02 Image size of job updated: 676248
	308  -  MemoryUsage of job (MB)
	314620  -  ResidentSetSize of job (KB)
...
006 (2117001.000.000) 06/02 03:59:02 Image size of job updated: 679184
	308  -  MemoryUsage of job (MB)
	314620  -  ResidentSetSize of job (KB)
...
006 (2117001.000.000) 06/02 04:04:03 Image size of job updated: 681176
	308  -  MemoryUsage of job (MB)
	314620  -  ResidentSetSize of job (KB)
...
006 (2117001.000.000) 06/02 04:09:04 Image size of job updated: 681604
	308  -  MemoryUsage of job (MB)
	314620  -  ResidentSetSize of job (KB)
...
006 (2117001.000.000) 06/02 04:14:04 Image size of job updated: 683856
	308  -  MemoryUsage of job (MB)
	314620  -  ResidentSetSize of job (KB)
...
006 (2117001.000.000) 06/02 04:19:04 Image size of job updated: 684392
	308  -  MemoryUsage of job (MB)
	314620  -  ResidentSetSize of job (KB)
...
006 (2117001.000.000) 06/02 04:24:05 Image size of job updated: 686776
	308  -  MemoryUsage of job (MB)
	314620  -  ResidentSetSize of job (KB)
...
006 (2117001.000.000) 06/02 04:29:05 Image size of job updated: 687044
	308  -  MemoryUsage of job (MB)
	314620  -  ResidentSetSize of job (KB)
...
006 (2117001.000.000) 06/02 04:31:56 Image size of job updated: 692968
	308  -  MemoryUsage of job (MB)
	314620  -  ResidentSetSize of job (KB)
...
005 (2117001.000.000) 06/02 04:31:57 Job terminated.
	(1) Normal termination (return value 0)
		Usr 0 02:12:55, Sys 0 00:00:09  -  Run Remote Usage
		Usr 0 00:00:00, Sys 0 00:00:00  -  Run Local Usage
		Usr 0 02:12:55, Sys 0 00:00:09  -  Total Remote Usage
		Usr 0 00:00:00, Sys 0 00:00:00  -  Total Local Usage
	194  -  Run Bytes Sent By Job
	233  -  Run Bytes Received By Job
	194  -  Total Bytes Sent By Job
	233  -  Total Bytes Received By Job
	Partitionable Resources :    Usage  Request Allocated
	   Cpus                 :                 1         1
	   Disk (KB)            :       12  2048000   2434712
	   Memory (MB)          :      308     2000      2000
...
