000 (2117001.004.000) 06/02 02:18:32 Job submitted from host: <172.30.1.200:9618?addrs=172.30.1.200-9618+[--1]-9618&noUDP&sock=203143_c79e_3>
...
001 (2117001.004.000) 06/02 02:18:42 Job executing on host: <172.30.1.205:9618?addrs=172.30.1.205-9618+[--1]-9618&noUDP&sock=31577_c625_3>
...
006 (2117001.004.000) 06/02 02:18:51 Image size of job updated: 71812
	15  -  MemoryUsage of job (MB)
	14428  -  ResidentSetSize of job (KB)
...
006 (2117001.004.000) 06/02 02:23:52 Image size of job updated: 651836
	288  -  MemoryUsage of job (MB)
	294332  -  ResidentSetSize of job (KB)
...
006 (2117001.004.000) 06/02 02:28:52 Image size of job updated: 653964
	290  -  MemoryUsage of job (MB)
	296404  -  ResidentSetSize of job (KB)
...
006 (2117001.004.000) 06/02 02:33:52 Image size of job updated: 654400
	290  -  MemoryUsage of job (MB)
	296936  -  ResidentSetSize of job (KB)
...
006 (2117001.004.000) 06/02 02:38:53 Image size of job updated: 656952
	293  -  MemoryUsage of job (MB)
	299448  -  ResidentSetSize of job (KB)
...
006 (2117001.004.000) 06/02 02:43:53 Image size of job updated: 659432
	295  -  MemoryUsage of job (MB)
	301692  -  ResidentSetSize of job (KB)
...
006 (2117001.004.000) 06/02 02:48:53 Image size of job updated: 659972
	296  -  MemoryUsage of job (MB)
	302224  -  ResidentSetSize of job (KB)
...
006 (2117001.004.000) 06/02 02:53:54 Image size of job updated: 660108
	296  -  MemoryUsage of job (MB)
	302404  -  ResidentSetSize of job (KB)
...
006 (2117001.004.000) 06/02 02:58:55 Image size of job updated: 662360
	299  -  MemoryUsage of job (MB)
	305280  -  ResidentSetSize of job (KB)
...
006 (2117001.004.000) 06/02 03:03:55 Image size of job updated: 663016
	299  -  MemoryUsage of job (MB)
	305728  -  ResidentSetSize of job (KB)
...
006 (2117001.004.000) 06/02 03:08:56 Image size of job updated: 665272
	301  -  MemoryUsage of job (MB)
	308112  -  ResidentSetSize of job (KB)
...
006 (2117001.004.000) 06/02 03:13:57 Image size of job updated: 665812
	302  -  MemoryUsage of job (MB)
	308636  -  ResidentSetSize of job (KB)
...
006 (2117001.004.000) 06/02 03:18:57 Image size of job updated: 668204
	304  -  MemoryUsage of job (MB)
	310900  -  ResidentSetSize of job (KB)
...
006 (2117001.004.000) 06/02 03:23:58 Image size of job updated: 668620
	305  -  MemoryUsage of job (MB)
	311352  -  ResidentSetSize of job (KB)
...
006 (2117001.004.000) 06/02 03:28:59 Image size of job updated: 671160
	307  -  MemoryUsage of job (MB)
	313924  -  ResidentSetSize of job (KB)
...
006 (2117001.004.000) 06/02 03:33:59 Image size of job updated: 671432
	307  -  MemoryUsage of job (MB)
	314344  -  ResidentSetSize of job (KB)
...
006 (2117001.004.000) 06/02 03:38:59 Image size of job updated: 674096
	307  -  MemoryUsage of job (MB)
	314344  -  ResidentSetSize of job (KB)
...
006 (2117001.004.000) 06/02 03:44:00 Image size of job updated: 674364
	307  -  MemoryUsage of job (MB)
	314344  -  ResidentSetSize of job (KB)
...
006 (2117001.004.000) 06/02 03:49:00 Image size of job updated: 676852
	307  -  MemoryUsage of job (MB)
	314344  -  ResidentSetSize of job (KB)
...
006 (2117001.004.000) 06/02 03:54:00 Image size of job updated: 676984
	307  -  MemoryUsage of job (MB)
	314344  -  ResidentSetSize of job (KB)
...
006 (2117001.004.000) 06/02 03:59:01 Image size of job updated: 679912
	307  -  MemoryUsage of job (MB)
	314344  -  ResidentSetSize of job (KB)
...
006 (2117001.004.000) 06/02 04:04:02 Image size of job updated: 681640
	307  -  MemoryUsage of job (MB)
	314344  -  ResidentSetSize of job (KB)
...
006 (2117001.004.000) 06/02 04:09:02 Image size of job updated: 682328
	307  -  MemoryUsage of job (MB)
	314344  -  ResidentSetSize of job (KB)
...
006 (2117001.004.000) 06/02 04:14:03 Image size of job updated: 684852
	307  -  MemoryUsage of job (MB)
	314344  -  ResidentSetSize of job (KB)
...
006 (2117001.004.000) 06/02 04:19:04 Image size of job updated: 685392
	307  -  MemoryUsage of job (MB)
	314344  -  ResidentSetSize of job (KB)
...
006 (2117001.004.000) 06/02 04:24:04 Image size of job updated: 687644
	307  -  MemoryUsage of job (MB)
	314344  -  ResidentSetSize of job (KB)
...
006 (2117001.004.000) 06/02 04:29:05 Image size of job updated: 688176
	307  -  MemoryUsage of job (MB)
	314344  -  ResidentSetSize of job (KB)
...
005 (2117001.004.000) 06/02 04:31:53 Job terminated.
	(1) Normal termination (return value 0)
		Usr 0 02:12:45, Sys 0 00:00:04  -  Run Remote Usage
		Usr 0 00:00:00, Sys 0 00:00:00  -  Run Local Usage
		Usr 0 02:12:45, Sys 0 00:00:04  -  Total Remote Usage
		Usr 0 00:00:00, Sys 0 00:00:00  -  Total Local Usage
	201  -  Run Bytes Sent By Job
	233  -  Run Bytes Received By Job
	201  -  Total Bytes Sent By Job
	233  -  Total Bytes Received By Job
	Partitionable Resources :    Usage  Request Allocated
	   Cpus                 :                 1         1
	   Disk (KB)            :       12  2048000   2434712
	   Memory (MB)          :      307     2000      2000
...
