000 (2117001.009.000) 06/02 02:18:32 Job submitted from host: <172.30.1.200:9618?addrs=172.30.1.200-9618+[--1]-9618&noUDP&sock=203143_c79e_3>
...
001 (2117001.009.000) 06/02 02:18:42 Job executing on host: <172.30.1.205:9618?addrs=172.30.1.205-9618+[--1]-9618&noUDP&sock=31577_c625_3>
...
006 (2117001.009.000) 06/02 02:18:50 Image size of job updated: 179580
	8  -  MemoryUsage of job (MB)
	7400  -  ResidentSetSize of job (KB)
...
006 (2117001.009.000) 06/02 02:23:50 Image size of job updated: 652208
	288  -  MemoryUsage of job (MB)
	294816  -  ResidentSetSize of job (KB)
...
006 (2117001.009.000) 06/02 02:28:51 Image size of job updated: 652208
	288  -  MemoryUsage of job (MB)
	294888  -  ResidentSetSize of job (KB)
...
006 (2117001.009.000) 06/02 02:33:52 Image size of job updated: 654604
	291  -  MemoryUsage of job (MB)
	297300  -  ResidentSetSize of job (KB)
...
006 (2117001.009.000) 06/02 02:38:52 Image size of job updated: 657264
	293  -  MemoryUsage of job (MB)
	299920  -  ResidentSetSize of job (KB)
...
006 (2117001.009.000) 06/02 02:43:52 Image size of job updated: 657396
	294  -  MemoryUsage of job (MB)
	300060  -  ResidentSetSize of job (KB)
...
006 (2117001.009.000) 06/02 02:48:53 Image size of job updated: 660388
	296  -  MemoryUsage of job (MB)
	302952  -  ResidentSetSize of job (KB)
...
006 (2117001.009.000) 06/02 02:53:53 Image size of job updated: 660524
	296  -  MemoryUsage of job (MB)
	303068  -  ResidentSetSize of job (KB)
...
006 (2117001.009.000) 06/02 02:58:53 Image size of job updated: 660656
	297  -  MemoryUsage of job (MB)
	303112  -  ResidentSetSize of job (KB)
...
006 (2117001.009.000) 06/02 03:03:54 Image size of job updated: 663576
	300  -  MemoryUsage of job (MB)
	306496  -  ResidentSetSize of job (KB)
...
006 (2117001.009.000) 06/02 03:08:54 Image size of job updated: 663840
	300  -  MemoryUsage of job (MB)
	306708  -  ResidentSetSize of job (KB)
...
006 (2117001.009.000) 06/02 03:13:54 Image size of job updated: 666364
	303  -  MemoryUsage of job (MB)
	309468  -  ResidentSetSize of job (KB)
...
006 (2117001.009.000) 06/02 03:18:55 Image size of job updated: 666500
	303  -  MemoryUsage of job (MB)
	309588  -  ResidentSetSize of job (KB)
...
006 (2117001.009.000) 06/02 03:23:56 Image size of job updated: 669560
	306  -  MemoryUsage of job (MB)
	312488  -  ResidentSetSize of job (KB)
...
006 (2117001.009.000) 06/02 03:28:56 Image size of job updated: 669700
	306  -  MemoryUsage of job (MB)
	312636  -  ResidentSetSize of job (KB)
...
006 (2117001.009.000) 06/02 03:33:56 Image size of job updated: 672628
	309  -  MemoryUsage of job (MB)
	315448  -  ResidentSetSize of job (KB)
...
006 (2117001.009.000) 06/02 03:43:57 Image size of job updated: 675292
	309  -  MemoryUsage of job (MB)
	315448  -  ResidentSetSize of job (KB)
...
006 (2117001.009.000) 06/02 03:48:57 Image size of job updated: 677072
	309  -  MemoryUsage of job (MB)
	315448  -  ResidentSetSize of job (KB)
...
006 (2117001.009.000) 06/02 03:53:58 Image size of job updated: 678152
	309  -  MemoryUsage of job (MB)
	315448  -  ResidentSetSize of job (KB)
...
006 (2117001.009.000) 06/02 03:58:58 Image size of job updated: 680260
	309  -  MemoryUsage of job (MB)
	315448  -  ResidentSetSize of job (KB)
...
006 (2117001.009.000) 06/02 04:03:58 Image size of job updated: 681068
	309  -  MemoryUsage of job (MB)
	315448  -  ResidentSetSize of job (KB)
...
006 (2117001.009.000) 06/02 04:08:59 Image size of job updated: 683312
	309  -  MemoryUsage of job (MB)
	315448  -  ResidentSetSize of job (KB)
...
006 (2117001.009.000) 06/02 04:14:00 Image size of job updated: 683852
	309  -  MemoryUsage of job (MB)
	315448  -  ResidentSetSize of job (KB)
...
006 (2117001.009.000) 06/02 04:19:00 Image size of job updated: 686488
	309  -  MemoryUsage of job (MB)
	315448  -  ResidentSetSize of job (KB)
...
006 (2117001.009.000) 06/02 04:24:00 Image size of job updated: 686896
	309  -  MemoryUsage of job (MB)
	315448  -  ResidentSetSize of job (KB)
...
006 (2117001.009.000) 06/02 04:29:01 Image size of job updated: 689440
	309  -  MemoryUsage of job (MB)
	315448  -  ResidentSetSize of job (KB)
...
006 (2117001.009.000) 06/02 04:34:01 Image size of job updated: 690236
	309  -  MemoryUsage of job (MB)
	315448  -  ResidentSetSize of job (KB)
...
006 (2117001.009.000) 06/02 04:37:18 Image size of job updated: 690372
	309  -  MemoryUsage of job (MB)
	315448  -  ResidentSetSize of job (KB)
...
005 (2117001.009.000) 06/02 04:37:19 Job terminated.
	(1) Normal termination (return value 0)
		Usr 0 02:18:16, Sys 0 00:00:04  -  Run Remote Usage
		Usr 0 00:00:00, Sys 0 00:00:00  -  Run Local Usage
		Usr 0 02:18:16, Sys 0 00:00:04  -  Total Remote Usage
		Usr 0 00:00:00, Sys 0 00:00:00  -  Total Local Usage
	201  -  Run Bytes Sent By Job
	233  -  Run Bytes Received By Job
	201  -  Total Bytes Sent By Job
	233  -  Total Bytes Received By Job
	Partitionable Resources :    Usage  Request Allocated
	   Cpus                 :                 1         1
	   Disk (KB)            :       12  2048000   2434712
	   Memory (MB)          :      309     2000      2000
...
