000 (2117001.006.000) 06/02 02:18:32 Job submitted from host: <172.30.1.200:9618?addrs=172.30.1.200-9618+[--1]-9618&noUDP&sock=203143_c79e_3>
...
001 (2117001.006.000) 06/02 02:18:42 Job executing on host: <172.30.1.205:9618?addrs=172.30.1.205-9618+[--1]-9618&noUDP&sock=31577_c625_3>
...
006 (2117001.006.000) 06/02 02:18:51 Image size of job updated: 11688
	2  -  MemoryUsage of job (MB)
	1556  -  ResidentSetSize of job (KB)
...
006 (2117001.006.000) 06/02 02:23:51 Image size of job updated: 651872
	289  -  MemoryUsage of job (MB)
	295188  -  ResidentSetSize of job (KB)
...
006 (2117001.006.000) 06/02 02:28:51 Image size of job updated: 653868
	291  -  MemoryUsage of job (MB)
	297208  -  ResidentSetSize of job (KB)
...
006 (2117001.006.000) 06/02 02:33:52 Image size of job updated: 654544
	291  -  MemoryUsage of job (MB)
	297888  -  ResidentSetSize of job (KB)
...
006 (2117001.006.000) 06/02 02:38:53 Image size of job updated: 656940
	294  -  MemoryUsage of job (MB)
	300312  -  ResidentSetSize of job (KB)
...
006 (2117001.006.000) 06/02 02:43:53 Image size of job updated: 659596
	296  -  MemoryUsage of job (MB)
	302772  -  ResidentSetSize of job (KB)
...
006 (2117001.006.000) 06/02 02:48:54 Image size of job updated: 660012
	297  -  MemoryUsage of job (MB)
	303168  -  ResidentSetSize of job (KB)
...
006 (2117001.006.000) 06/02 02:53:55 Image size of job updated: 660152
	297  -  MemoryUsage of job (MB)
	303260  -  ResidentSetSize of job (KB)
...
006 (2117001.006.000) 06/02 02:58:55 Image size of job updated: 660288
	297  -  MemoryUsage of job (MB)
	303428  -  ResidentSetSize of job (KB)
...
006 (2117001.006.000) 06/02 03:03:55 Image size of job updated: 663096
	300  -  MemoryUsage of job (MB)
	306552  -  ResidentSetSize of job (KB)
...
006 (2117001.006.000) 06/02 03:08:56 Image size of job updated: 663372
	300  -  MemoryUsage of job (MB)
	306820  -  ResidentSetSize of job (KB)
...
006 (2117001.006.000) 06/02 03:13:56 Image size of job updated: 665772
	303  -  MemoryUsage of job (MB)
	309356  -  ResidentSetSize of job (KB)
...
006 (2117001.006.000) 06/02 03:18:56 Image size of job updated: 667900
	305  -  MemoryUsage of job (MB)
	311536  -  ResidentSetSize of job (KB)
...
006 (2117001.006.000) 06/02 03:23:57 Image size of job updated: 668564
	305  -  MemoryUsage of job (MB)
	312068  -  ResidentSetSize of job (KB)
...
006 (2117001.006.000) 06/02 03:28:58 Image size of job updated: 670976
	308  -  MemoryUsage of job (MB)
	314512  -  ResidentSetSize of job (KB)
...
006 (2117001.006.000) 06/02 03:33:58 Image size of job updated: 671388
	308  -  MemoryUsage of job (MB)
	315028  -  ResidentSetSize of job (KB)
...
006 (2117001.006.000) 06/02 03:38:59 Image size of job updated: 673524
	308  -  MemoryUsage of job (MB)
	315028  -  ResidentSetSize of job (KB)
...
006 (2117001.006.000) 06/02 03:44:00 Image size of job updated: 673928
	308  -  MemoryUsage of job (MB)
	315028  -  ResidentSetSize of job (KB)
...
006 (2117001.006.000) 06/02 03:49:00 Image size of job updated: 676384
	308  -  MemoryUsage of job (MB)
	315028  -  ResidentSetSize of job (KB)
...
006 (2117001.006.000) 06/02 03:54:01 Image size of job updated: 676788
	308  -  MemoryUsage of job (MB)
	315028  -  ResidentSetSize of job (KB)
...
006 (2117001.006.000) 06/02 03:59:02 Image size of job updated: 679180
	308  -  MemoryUsage of job (MB)
	315028  -  ResidentSetSize of job (KB)
...
006 (2117001.006.000) 06/02 04:04:02 Image size of job updated: 679460
	308  -  MemoryUsage of job (MB)
	315028  -  ResidentSetSize of job (KB)
...
006 (2117001.006.000) 06/02 04:09:02 Image size of job updated: 681976
	308  -  MemoryUsage of job (MB)
	315028  -  ResidentSetSize of job (KB)
...
006 (2117001.006.000) 06/02 04:14:03 Image size of job updated: 682396
	308  -  MemoryUsage of job (MB)
	315028  -  ResidentSetSize of job (KB)
...
006 (2117001.006.000) 06/02 04:19:04 Image size of job updated: 684908
	308  -  MemoryUsage of job (MB)
	315028  -  ResidentSetSize of job (KB)
...
006 (2117001.006.000) 06/02 04:24:04 Image size of job updated: 685312
	308  -  MemoryUsage of job (MB)
	315028  -  ResidentSetSize of job (KB)
...
006 (2117001.006.000) 06/02 04:29:05 Image size of job updated: 687568
	308  -  MemoryUsage of job (MB)
	315028  -  ResidentSetSize of job (KB)
...
006 (2117001.006.000) 06/02 04:34:06 Image size of job updated: 687832
	308  -  MemoryUsage of job (MB)
	315028  -  ResidentSetSize of job (KB)
...
006 (2117001.006.000) 06/02 04:36:19 Image size of job updated: 687968
	308  -  MemoryUsage of job (MB)
	315028  -  ResidentSetSize of job (KB)
...
005 (2117001.006.000) 06/02 04:36:19 Job terminated.
	(1) Normal termination (return value 0)
		Usr 0 02:17:14, Sys 0 00:00:04  -  Run Remote Usage
		Usr 0 00:00:00, Sys 0 00:00:00  -  Run Local Usage
		Usr 0 02:17:14, Sys 0 00:00:04  -  Total Remote Usage
		Usr 0 00:00:00, Sys 0 00:00:00  -  Total Local Usage
	201  -  Run Bytes Sent By Job
	233  -  Run Bytes Received By Job
	201  -  Total Bytes Sent By Job
	233  -  Total Bytes Received By Job
	Partitionable Resources :    Usage  Request Allocated
	   Cpus                 :                 1         1
	   Disk (KB)            :       12  2048000   2434712
	   Memory (MB)          :      308     2000      2000
...
