000 (126812.000.000) 2022-03-30 13:42:17 Job submitted from host: <172.30.1.200:9618?addrs=172.30.1.200-9618&alias=tamsa2.snu.ac.kr&noUDP&sock=schedd_3154_f5cb>
...
000 (126812.001.000) 2022-03-30 13:42:17 Job submitted from host: <172.30.1.200:9618?addrs=172.30.1.200-9618&alias=tamsa2.snu.ac.kr&noUDP&sock=schedd_3154_f5cb>
...
000 (126812.002.000) 2022-03-30 13:42:17 Job submitted from host: <172.30.1.200:9618?addrs=172.30.1.200-9618&alias=tamsa2.snu.ac.kr&noUDP&sock=schedd_3154_f5cb>
...
000 (126812.003.000) 2022-03-30 13:42:17 Job submitted from host: <172.30.1.200:9618?addrs=172.30.1.200-9618&alias=tamsa2.snu.ac.kr&noUDP&sock=schedd_3154_f5cb>
...
000 (126812.004.000) 2022-03-30 13:42:17 Job submitted from host: <172.30.1.200:9618?addrs=172.30.1.200-9618&alias=tamsa2.snu.ac.kr&noUDP&sock=schedd_3154_f5cb>
...
000 (126812.005.000) 2022-03-30 13:42:17 Job submitted from host: <172.30.1.200:9618?addrs=172.30.1.200-9618&alias=tamsa2.snu.ac.kr&noUDP&sock=schedd_3154_f5cb>
...
000 (126812.006.000) 2022-03-30 13:42:17 Job submitted from host: <172.30.1.200:9618?addrs=172.30.1.200-9618&alias=tamsa2.snu.ac.kr&noUDP&sock=schedd_3154_f5cb>
...
000 (126812.007.000) 2022-03-30 13:42:17 Job submitted from host: <172.30.1.200:9618?addrs=172.30.1.200-9618&alias=tamsa2.snu.ac.kr&noUDP&sock=schedd_3154_f5cb>
...
000 (126812.008.000) 2022-03-30 13:42:17 Job submitted from host: <172.30.1.200:9618?addrs=172.30.1.200-9618&alias=tamsa2.snu.ac.kr&noUDP&sock=schedd_3154_f5cb>
...
000 (126812.009.000) 2022-03-30 13:42:17 Job submitted from host: <172.30.1.200:9618?addrs=172.30.1.200-9618&alias=tamsa2.snu.ac.kr&noUDP&sock=schedd_3154_f5cb>
...
000 (126812.010.000) 2022-03-30 13:42:17 Job submitted from host: <172.30.1.200:9618?addrs=172.30.1.200-9618&alias=tamsa2.snu.ac.kr&noUDP&sock=schedd_3154_f5cb>
...
000 (126812.011.000) 2022-03-30 13:42:17 Job submitted from host: <172.30.1.200:9618?addrs=172.30.1.200-9618&alias=tamsa2.snu.ac.kr&noUDP&sock=schedd_3154_f5cb>
...
000 (126812.012.000) 2022-03-30 13:42:17 Job submitted from host: <172.30.1.200:9618?addrs=172.30.1.200-9618&alias=tamsa2.snu.ac.kr&noUDP&sock=schedd_3154_f5cb>
...
000 (126812.013.000) 2022-03-30 13:42:17 Job submitted from host: <172.30.1.200:9618?addrs=172.30.1.200-9618&alias=tamsa2.snu.ac.kr&noUDP&sock=schedd_3154_f5cb>
...
000 (126812.014.000) 2022-03-30 13:42:17 Job submitted from host: <172.30.1.200:9618?addrs=172.30.1.200-9618&alias=tamsa2.snu.ac.kr&noUDP&sock=schedd_3154_f5cb>
...
000 (126812.015.000) 2022-03-30 13:42:17 Job submitted from host: <172.30.1.200:9618?addrs=172.30.1.200-9618&alias=tamsa2.snu.ac.kr&noUDP&sock=schedd_3154_f5cb>
...
000 (126812.016.000) 2022-03-30 13:42:17 Job submitted from host: <172.30.1.200:9618?addrs=172.30.1.200-9618&alias=tamsa2.snu.ac.kr&noUDP&sock=schedd_3154_f5cb>
...
000 (126812.017.000) 2022-03-30 13:42:17 Job submitted from host: <172.30.1.200:9618?addrs=172.30.1.200-9618&alias=tamsa2.snu.ac.kr&noUDP&sock=schedd_3154_f5cb>
...
000 (126812.018.000) 2022-03-30 13:42:17 Job submitted from host: <172.30.1.200:9618?addrs=172.30.1.200-9618&alias=tamsa2.snu.ac.kr&noUDP&sock=schedd_3154_f5cb>
...
000 (126812.019.000) 2022-03-30 13:42:17 Job submitted from host: <172.30.1.200:9618?addrs=172.30.1.200-9618&alias=tamsa2.snu.ac.kr&noUDP&sock=schedd_3154_f5cb>
...
001 (126812.000.000) 2022-03-30 13:42:28 Job executing on host: <172.30.1.203:9618?addrs=172.30.1.203-9618&alias=node3&noUDP&sock=startd_3597_d240>
...
001 (126812.001.000) 2022-03-30 13:42:28 Job executing on host: <172.30.1.203:9618?addrs=172.30.1.203-9618&alias=node3&noUDP&sock=startd_3597_d240>
...
001 (126812.002.000) 2022-03-30 13:42:28 Job executing on host: <172.30.1.203:9618?addrs=172.30.1.203-9618&alias=node3&noUDP&sock=startd_3597_d240>
...
001 (126812.003.000) 2022-03-30 13:42:28 Job executing on host: <172.30.1.203:9618?addrs=172.30.1.203-9618&alias=node3&noUDP&sock=startd_3597_d240>
...
001 (126812.004.000) 2022-03-30 13:42:28 Job executing on host: <172.30.1.203:9618?addrs=172.30.1.203-9618&alias=node3&noUDP&sock=startd_3597_d240>
...
001 (126812.006.000) 2022-03-30 13:42:28 Job executing on host: <172.30.1.203:9618?addrs=172.30.1.203-9618&alias=node3&noUDP&sock=startd_3597_d240>
...
001 (126812.005.000) 2022-03-30 13:42:28 Job executing on host: <172.30.1.203:9618?addrs=172.30.1.203-9618&alias=node3&noUDP&sock=startd_3597_d240>
...
001 (126812.007.000) 2022-03-30 13:42:28 Job executing on host: <172.30.1.203:9618?addrs=172.30.1.203-9618&alias=node3&noUDP&sock=startd_3597_d240>
...
001 (126812.008.000) 2022-03-30 13:42:28 Job executing on host: <172.30.1.203:9618?addrs=172.30.1.203-9618&alias=node3&noUDP&sock=startd_3597_d240>
...
001 (126812.009.000) 2022-03-30 13:42:28 Job executing on host: <172.30.1.203:9618?addrs=172.30.1.203-9618&alias=node3&noUDP&sock=startd_3597_d240>
...
001 (126812.010.000) 2022-03-30 13:42:28 Job executing on host: <172.30.1.203:9618?addrs=172.30.1.203-9618&alias=node3&noUDP&sock=startd_3597_d240>
...
001 (126812.011.000) 2022-03-30 13:42:29 Job executing on host: <172.30.1.203:9618?addrs=172.30.1.203-9618&alias=node3&noUDP&sock=startd_3597_d240>
...
001 (126812.013.000) 2022-03-30 13:42:29 Job executing on host: <172.30.1.203:9618?addrs=172.30.1.203-9618&alias=node3&noUDP&sock=startd_3597_d240>
...
001 (126812.012.000) 2022-03-30 13:42:29 Job executing on host: <172.30.1.203:9618?addrs=172.30.1.203-9618&alias=node3&noUDP&sock=startd_3597_d240>
...
001 (126812.014.000) 2022-03-30 13:42:29 Job executing on host: <172.30.1.203:9618?addrs=172.30.1.203-9618&alias=node3&noUDP&sock=startd_3597_d240>
...
001 (126812.015.000) 2022-03-30 13:42:29 Job executing on host: <172.30.1.203:9618?addrs=172.30.1.203-9618&alias=node3&noUDP&sock=startd_3597_d240>
...
001 (126812.016.000) 2022-03-30 13:42:29 Job executing on host: <172.30.1.203:9618?addrs=172.30.1.203-9618&alias=node3&noUDP&sock=startd_3597_d240>
...
001 (126812.017.000) 2022-03-30 13:42:29 Job executing on host: <172.30.1.203:9618?addrs=172.30.1.203-9618&alias=node3&noUDP&sock=startd_3597_d240>
...
001 (126812.018.000) 2022-03-30 13:42:29 Job executing on host: <172.30.1.203:9618?addrs=172.30.1.203-9618&alias=node3&noUDP&sock=startd_3597_d240>
...
001 (126812.019.000) 2022-03-30 13:42:29 Job executing on host: <172.30.1.203:9618?addrs=172.30.1.203-9618&alias=node3&noUDP&sock=startd_3597_d240>
...
006 (126812.000.000) 2022-03-30 13:42:36 Image size of job updated: 233296
	152  -  MemoryUsage of job (MB)
	155384  -  ResidentSetSize of job (KB)
...
006 (126812.001.000) 2022-03-30 13:42:36 Image size of job updated: 233296
	152  -  MemoryUsage of job (MB)
	155496  -  ResidentSetSize of job (KB)
...
006 (126812.002.000) 2022-03-30 13:42:36 Image size of job updated: 190916
	152  -  MemoryUsage of job (MB)
	155360  -  ResidentSetSize of job (KB)
...
006 (126812.003.000) 2022-03-30 13:42:36 Image size of job updated: 190916
	152  -  MemoryUsage of job (MB)
	155496  -  ResidentSetSize of job (KB)
...
006 (126812.010.000) 2022-03-30 13:42:37 Image size of job updated: 551608
	152  -  MemoryUsage of job (MB)
	155376  -  ResidentSetSize of job (KB)
...
006 (126812.011.000) 2022-03-30 13:42:37 Image size of job updated: 551772
	152  -  MemoryUsage of job (MB)
	155428  -  ResidentSetSize of job (KB)
...
006 (126812.013.000) 2022-03-30 13:42:37 Image size of job updated: 551740
	152  -  MemoryUsage of job (MB)
	155444  -  ResidentSetSize of job (KB)
...
006 (126812.012.000) 2022-03-30 13:42:37 Image size of job updated: 551748
	152  -  MemoryUsage of job (MB)
	155520  -  ResidentSetSize of job (KB)
...
006 (126812.014.000) 2022-03-30 13:42:37 Image size of job updated: 561364
	164  -  MemoryUsage of job (MB)
	167488  -  ResidentSetSize of job (KB)
...
006 (126812.015.000) 2022-03-30 13:42:37 Image size of job updated: 551636
	152  -  MemoryUsage of job (MB)
	155356  -  ResidentSetSize of job (KB)
...
006 (126812.004.000) 2022-03-30 13:42:37 Image size of job updated: 601332
	178  -  MemoryUsage of job (MB)
	181836  -  ResidentSetSize of job (KB)
...
006 (126812.006.000) 2022-03-30 13:42:37 Image size of job updated: 551864
	152  -  MemoryUsage of job (MB)
	155508  -  ResidentSetSize of job (KB)
...
006 (126812.005.000) 2022-03-30 13:42:37 Image size of job updated: 552984
	154  -  MemoryUsage of job (MB)
	157668  -  ResidentSetSize of job (KB)
...
006 (126812.018.000) 2022-03-30 13:42:37 Image size of job updated: 601348
	0  -  MemoryUsage of job (MB)
	0  -  ResidentSetSize of job (KB)
...
006 (126812.007.000) 2022-03-30 13:42:37 Image size of job updated: 601392
	178  -  MemoryUsage of job (MB)
	181956  -  ResidentSetSize of job (KB)
...
006 (126812.008.000) 2022-03-30 13:42:37 Image size of job updated: 564504
	164  -  MemoryUsage of job (MB)
	167808  -  ResidentSetSize of job (KB)
...
005 (126812.018.000) 2022-03-30 13:42:37 Job terminated.
	(1) Normal termination (return value 0)
		Usr 0 00:00:03, Sys 0 00:00:01  -  Run Remote Usage
		Usr 0 00:00:00, Sys 0 00:00:00  -  Run Local Usage
		Usr 0 00:00:03, Sys 0 00:00:01  -  Total Remote Usage
		Usr 0 00:00:00, Sys 0 00:00:00  -  Total Local Usage
	0  -  Run Bytes Sent By Job
	0  -  Run Bytes Received By Job
	0  -  Total Bytes Sent By Job
	0  -  Total Bytes Received By Job
	Partitionable Resources :    Usage  Request Allocated 
	   Cpus                 :                 1         1 
	   Disk (KB)            :        1        1    129249 
	   Memory (MB)          :        0     3900      3968 

	Job terminated of its own accord at 2022-03-30T04:42:37Z.
...
006 (126812.009.000) 2022-03-30 13:42:37 Image size of job updated: 551900
	152  -  MemoryUsage of job (MB)
	155632  -  ResidentSetSize of job (KB)
...
006 (126812.014.000) 2022-03-30 13:42:38 Image size of job updated: 601368
	164  -  MemoryUsage of job (MB)
	167504  -  ResidentSetSize of job (KB)
...
005 (126812.014.000) 2022-03-30 13:42:38 Job terminated.
	(1) Normal termination (return value 0)
		Usr 0 00:00:04, Sys 0 00:00:01  -  Run Remote Usage
		Usr 0 00:00:00, Sys 0 00:00:00  -  Run Local Usage
		Usr 0 00:00:04, Sys 0 00:00:01  -  Total Remote Usage
		Usr 0 00:00:00, Sys 0 00:00:00  -  Total Local Usage
	0  -  Run Bytes Sent By Job
	0  -  Run Bytes Received By Job
	0  -  Total Bytes Sent By Job
	0  -  Total Bytes Received By Job
	Partitionable Resources :    Usage  Request Allocated 
	   Cpus                 :                 1         1 
	   Disk (KB)            :        1        1    129249 
	   Memory (MB)          :      164     3900      3968 

	Job terminated of its own accord at 2022-03-30T04:42:38Z.
...
006 (126812.000.000) 2022-03-30 13:42:38 Image size of job updated: 603228
	152  -  MemoryUsage of job (MB)
	155384  -  ResidentSetSize of job (KB)
...
005 (126812.000.000) 2022-03-30 13:42:38 Job terminated.
	(1) Normal termination (return value 0)
		Usr 0 00:00:05, Sys 0 00:00:01  -  Run Remote Usage
		Usr 0 00:00:00, Sys 0 00:00:00  -  Run Local Usage
		Usr 0 00:00:05, Sys 0 00:00:01  -  Total Remote Usage
		Usr 0 00:00:00, Sys 0 00:00:00  -  Total Local Usage
	0  -  Run Bytes Sent By Job
	0  -  Run Bytes Received By Job
	0  -  Total Bytes Sent By Job
	0  -  Total Bytes Received By Job
	Partitionable Resources :    Usage  Request Allocated 
	   Cpus                 :                 1         1 
	   Disk (KB)            :        1        1    129249 
	   Memory (MB)          :      152     3900      3968 

	Job terminated of its own accord at 2022-03-30T04:42:38Z.
...
006 (126812.016.000) 2022-03-30 13:42:38 Image size of job updated: 571920
	166  -  MemoryUsage of job (MB)
	169684  -  ResidentSetSize of job (KB)
...
006 (126812.017.000) 2022-03-30 13:42:38 Image size of job updated: 551900
	153  -  MemoryUsage of job (MB)
	155660  -  ResidentSetSize of job (KB)
...
006 (126812.012.000) 2022-03-30 13:42:38 Image size of job updated: 597448
	152  -  MemoryUsage of job (MB)
	155520  -  ResidentSetSize of job (KB)
...
006 (126812.019.000) 2022-03-30 13:42:38 Image size of job updated: 552008
	153  -  MemoryUsage of job (MB)
	155776  -  ResidentSetSize of job (KB)
...
005 (126812.012.000) 2022-03-30 13:42:38 Job terminated.
	(1) Normal termination (return value 0)
		Usr 0 00:00:04, Sys 0 00:00:01  -  Run Remote Usage
		Usr 0 00:00:00, Sys 0 00:00:00  -  Run Local Usage
		Usr 0 00:00:04, Sys 0 00:00:01  -  Total Remote Usage
		Usr 0 00:00:00, Sys 0 00:00:00  -  Total Local Usage
	0  -  Run Bytes Sent By Job
	0  -  Run Bytes Received By Job
	0  -  Total Bytes Sent By Job
	0  -  Total Bytes Received By Job
	Partitionable Resources :    Usage  Request Allocated 
	   Cpus                 :                 1         1 
	   Disk (KB)            :        1        1    129249 
	   Memory (MB)          :      152     3900      3968 

	Job terminated of its own accord at 2022-03-30T04:42:38Z.
...
005 (126812.007.000) 2022-03-30 13:42:38 Job terminated.
	(1) Normal termination (return value 0)
		Usr 0 00:00:05, Sys 0 00:00:01  -  Run Remote Usage
		Usr 0 00:00:00, Sys 0 00:00:00  -  Run Local Usage
		Usr 0 00:00:05, Sys 0 00:00:01  -  Total Remote Usage
		Usr 0 00:00:00, Sys 0 00:00:00  -  Total Local Usage
	0  -  Run Bytes Sent By Job
	0  -  Run Bytes Received By Job
	0  -  Total Bytes Sent By Job
	0  -  Total Bytes Received By Job
	Partitionable Resources :    Usage  Request Allocated 
	   Cpus                 :                 1         1 
	   Disk (KB)            :        1        1    129249 
	   Memory (MB)          :      178     3900      3968 

	Job terminated of its own accord at 2022-03-30T04:42:38Z.
...
006 (126812.004.000) 2022-03-30 13:42:39 Image size of job updated: 603200
	178  -  MemoryUsage of job (MB)
	181836  -  ResidentSetSize of job (KB)
...
005 (126812.004.000) 2022-03-30 13:42:39 Job terminated.
	(1) Normal termination (return value 0)
		Usr 0 00:00:05, Sys 0 00:00:01  -  Run Remote Usage
		Usr 0 00:00:00, Sys 0 00:00:00  -  Run Local Usage
		Usr 0 00:00:05, Sys 0 00:00:01  -  Total Remote Usage
		Usr 0 00:00:00, Sys 0 00:00:00  -  Total Local Usage
	0  -  Run Bytes Sent By Job
	0  -  Run Bytes Received By Job
	0  -  Total Bytes Sent By Job
	0  -  Total Bytes Received By Job
	Partitionable Resources :    Usage  Request Allocated 
	   Cpus                 :                 1         1 
	   Disk (KB)            :        1        1    129249 
	   Memory (MB)          :      178     3900      3968 

	Job terminated of its own accord at 2022-03-30T04:42:39Z.
...
006 (126812.016.000) 2022-03-30 13:42:39 Image size of job updated: 601428
	166  -  MemoryUsage of job (MB)
	169736  -  ResidentSetSize of job (KB)
...
005 (126812.016.000) 2022-03-30 13:42:39 Job terminated.
	(1) Normal termination (return value 0)
		Usr 0 00:00:05, Sys 0 00:00:01  -  Run Remote Usage
		Usr 0 00:00:00, Sys 0 00:00:00  -  Run Local Usage
		Usr 0 00:00:05, Sys 0 00:00:01  -  Total Remote Usage
		Usr 0 00:00:00, Sys 0 00:00:00  -  Total Local Usage
	0  -  Run Bytes Sent By Job
	0  -  Run Bytes Received By Job
	0  -  Total Bytes Sent By Job
	0  -  Total Bytes Received By Job
	Partitionable Resources :    Usage  Request Allocated 
	   Cpus                 :                 1         1 
	   Disk (KB)            :        1        1    129249 
	   Memory (MB)          :      166     3900      3968 

	Job terminated of its own accord at 2022-03-30T04:42:39Z.
...
006 (126812.008.000) 2022-03-30 13:42:39 Image size of job updated: 603312
	164  -  MemoryUsage of job (MB)
	167808  -  ResidentSetSize of job (KB)
...
006 (126812.005.000) 2022-03-30 13:42:39 Image size of job updated: 603388
	155  -  MemoryUsage of job (MB)
	157700  -  ResidentSetSize of job (KB)
...
005 (126812.008.000) 2022-03-30 13:42:39 Job terminated.
	(1) Normal termination (return value 0)
		Usr 0 00:00:06, Sys 0 00:00:01  -  Run Remote Usage
		Usr 0 00:00:00, Sys 0 00:00:00  -  Run Local Usage
		Usr 0 00:00:06, Sys 0 00:00:01  -  Total Remote Usage
		Usr 0 00:00:00, Sys 0 00:00:00  -  Total Local Usage
	0  -  Run Bytes Sent By Job
	0  -  Run Bytes Received By Job
	0  -  Total Bytes Sent By Job
	0  -  Total Bytes Received By Job
	Partitionable Resources :    Usage  Request Allocated 
	   Cpus                 :                 1         1 
	   Disk (KB)            :        1        1    129249 
	   Memory (MB)          :      164     3900      3968 

	Job terminated of its own accord at 2022-03-30T04:42:39Z.
...
005 (126812.005.000) 2022-03-30 13:42:39 Job terminated.
	(1) Normal termination (return value 0)
		Usr 0 00:00:06, Sys 0 00:00:01  -  Run Remote Usage
		Usr 0 00:00:00, Sys 0 00:00:00  -  Run Local Usage
		Usr 0 00:00:06, Sys 0 00:00:01  -  Total Remote Usage
		Usr 0 00:00:00, Sys 0 00:00:00  -  Total Local Usage
	0  -  Run Bytes Sent By Job
	0  -  Run Bytes Received By Job
	0  -  Total Bytes Sent By Job
	0  -  Total Bytes Received By Job
	Partitionable Resources :    Usage  Request Allocated 
	   Cpus                 :                 1         1 
	   Disk (KB)            :        1        1    129249 
	   Memory (MB)          :      155     3900      3968 

	Job terminated of its own accord at 2022-03-30T04:42:39Z.
...
006 (126812.011.000) 2022-03-30 13:42:39 Image size of job updated: 601760
	152  -  MemoryUsage of job (MB)
	155428  -  ResidentSetSize of job (KB)
...
005 (126812.011.000) 2022-03-30 13:42:39 Job terminated.
	(1) Normal termination (return value 0)
		Usr 0 00:00:06, Sys 0 00:00:01  -  Run Remote Usage
		Usr 0 00:00:00, Sys 0 00:00:00  -  Run Local Usage
		Usr 0 00:00:06, Sys 0 00:00:01  -  Total Remote Usage
		Usr 0 00:00:00, Sys 0 00:00:00  -  Total Local Usage
	0  -  Run Bytes Sent By Job
	0  -  Run Bytes Received By Job
	0  -  Total Bytes Sent By Job
	0  -  Total Bytes Received By Job
	Partitionable Resources :    Usage  Request Allocated 
	   Cpus                 :                 1         1 
	   Disk (KB)            :        1        1    129249 
	   Memory (MB)          :      152     3900      3968 

	Job terminated of its own accord at 2022-03-30T04:42:39Z.
...
006 (126812.019.000) 2022-03-30 13:42:39 Image size of job updated: 601752
	153  -  MemoryUsage of job (MB)
	155776  -  ResidentSetSize of job (KB)
...
006 (126812.013.000) 2022-03-30 13:42:39 Image size of job updated: 601768
	152  -  MemoryUsage of job (MB)
	155444  -  ResidentSetSize of job (KB)
...
005 (126812.013.000) 2022-03-30 13:42:39 Job terminated.
	(1) Normal termination (return value 0)
		Usr 0 00:00:06, Sys 0 00:00:01  -  Run Remote Usage
		Usr 0 00:00:00, Sys 0 00:00:00  -  Run Local Usage
		Usr 0 00:00:06, Sys 0 00:00:01  -  Total Remote Usage
		Usr 0 00:00:00, Sys 0 00:00:00  -  Total Local Usage
	0  -  Run Bytes Sent By Job
	0  -  Run Bytes Received By Job
	0  -  Total Bytes Sent By Job
	0  -  Total Bytes Received By Job
	Partitionable Resources :    Usage  Request Allocated 
	   Cpus                 :                 1         1 
	   Disk (KB)            :        1        1    129249 
	   Memory (MB)          :      152     3900      3968 

	Job terminated of its own accord at 2022-03-30T04:42:39Z.
...
006 (126812.001.000) 2022-03-30 13:42:39 Image size of job updated: 601812
	152  -  MemoryUsage of job (MB)
	155496  -  ResidentSetSize of job (KB)
...
006 (126812.002.000) 2022-03-30 13:42:40 Image size of job updated: 601816
	152  -  MemoryUsage of job (MB)
	155360  -  ResidentSetSize of job (KB)
...
006 (126812.017.000) 2022-03-30 13:42:40 Image size of job updated: 599672
	153  -  MemoryUsage of job (MB)
	155660  -  ResidentSetSize of job (KB)
...
005 (126812.019.000) 2022-03-30 13:42:40 Job terminated.
	(1) Normal termination (return value 0)
		Usr 0 00:00:06, Sys 0 00:00:01  -  Run Remote Usage
		Usr 0 00:00:00, Sys 0 00:00:00  -  Run Local Usage
		Usr 0 00:00:06, Sys 0 00:00:01  -  Total Remote Usage
		Usr 0 00:00:00, Sys 0 00:00:00  -  Total Local Usage
	0  -  Run Bytes Sent By Job
	0  -  Run Bytes Received By Job
	0  -  Total Bytes Sent By Job
	0  -  Total Bytes Received By Job
	Partitionable Resources :    Usage  Request Allocated 
	   Cpus                 :                 1         1 
	   Disk (KB)            :        1        1    129249 
	   Memory (MB)          :      153     3900      3968 

	Job terminated of its own accord at 2022-03-30T04:42:39Z.
...
005 (126812.001.000) 2022-03-30 13:42:40 Job terminated.
	(1) Normal termination (return value 0)
		Usr 0 00:00:06, Sys 0 00:00:01  -  Run Remote Usage
		Usr 0 00:00:00, Sys 0 00:00:00  -  Run Local Usage
		Usr 0 00:00:06, Sys 0 00:00:01  -  Total Remote Usage
		Usr 0 00:00:00, Sys 0 00:00:00  -  Total Local Usage
	0  -  Run Bytes Sent By Job
	0  -  Run Bytes Received By Job
	0  -  Total Bytes Sent By Job
	0  -  Total Bytes Received By Job
	Partitionable Resources :    Usage  Request Allocated 
	   Cpus                 :                 1         1 
	   Disk (KB)            :        1        1    129249 
	   Memory (MB)          :      152     3900      3968 

	Job terminated of its own accord at 2022-03-30T04:42:39Z.
...
005 (126812.002.000) 2022-03-30 13:42:40 Job terminated.
	(1) Normal termination (return value 0)
		Usr 0 00:00:06, Sys 0 00:00:01  -  Run Remote Usage
		Usr 0 00:00:00, Sys 0 00:00:00  -  Run Local Usage
		Usr 0 00:00:06, Sys 0 00:00:01  -  Total Remote Usage
		Usr 0 00:00:00, Sys 0 00:00:00  -  Total Local Usage
	0  -  Run Bytes Sent By Job
	0  -  Run Bytes Received By Job
	0  -  Total Bytes Sent By Job
	0  -  Total Bytes Received By Job
	Partitionable Resources :    Usage  Request Allocated 
	   Cpus                 :                 1         1 
	   Disk (KB)            :        1        1    129249 
	   Memory (MB)          :      152     3900      3968 

	Job terminated of its own accord at 2022-03-30T04:42:39Z.
...
005 (126812.017.000) 2022-03-30 13:42:40 Job terminated.
	(1) Normal termination (return value 0)
		Usr 0 00:00:06, Sys 0 00:00:01  -  Run Remote Usage
		Usr 0 00:00:00, Sys 0 00:00:00  -  Run Local Usage
		Usr 0 00:00:06, Sys 0 00:00:01  -  Total Remote Usage
		Usr 0 00:00:00, Sys 0 00:00:00  -  Total Local Usage
	0  -  Run Bytes Sent By Job
	0  -  Run Bytes Received By Job
	0  -  Total Bytes Sent By Job
	0  -  Total Bytes Received By Job
	Partitionable Resources :    Usage  Request Allocated 
	   Cpus                 :                 1         1 
	   Disk (KB)            :        1        1    129249 
	   Memory (MB)          :      153     3900      3968 

	Job terminated of its own accord at 2022-03-30T04:42:39Z.
...
006 (126812.009.000) 2022-03-30 13:42:40 Image size of job updated: 603636
	152  -  MemoryUsage of job (MB)
	155632  -  ResidentSetSize of job (KB)
...
005 (126812.009.000) 2022-03-30 13:42:40 Job terminated.
	(1) Normal termination (return value 0)
		Usr 0 00:00:07, Sys 0 00:00:01  -  Run Remote Usage
		Usr 0 00:00:00, Sys 0 00:00:00  -  Run Local Usage
		Usr 0 00:00:07, Sys 0 00:00:01  -  Total Remote Usage
		Usr 0 00:00:00, Sys 0 00:00:00  -  Total Local Usage
	0  -  Run Bytes Sent By Job
	0  -  Run Bytes Received By Job
	0  -  Total Bytes Sent By Job
	0  -  Total Bytes Received By Job
	Partitionable Resources :    Usage  Request Allocated 
	   Cpus                 :                 1         1 
	   Disk (KB)            :        1        1    129249 
	   Memory (MB)          :      152     3900      3968 

	Job terminated of its own accord at 2022-03-30T04:42:40Z.
...
006 (126812.006.000) 2022-03-30 13:42:40 Image size of job updated: 601548
	152  -  MemoryUsage of job (MB)
	155508  -  ResidentSetSize of job (KB)
...
005 (126812.006.000) 2022-03-30 13:42:40 Job terminated.
	(1) Normal termination (return value 0)
		Usr 0 00:00:07, Sys 0 00:00:01  -  Run Remote Usage
		Usr 0 00:00:00, Sys 0 00:00:00  -  Run Local Usage
		Usr 0 00:00:07, Sys 0 00:00:01  -  Total Remote Usage
		Usr 0 00:00:00, Sys 0 00:00:00  -  Total Local Usage
	0  -  Run Bytes Sent By Job
	0  -  Run Bytes Received By Job
	0  -  Total Bytes Sent By Job
	0  -  Total Bytes Received By Job
	Partitionable Resources :    Usage  Request Allocated 
	   Cpus                 :                 1         1 
	   Disk (KB)            :        1        1    129249 
	   Memory (MB)          :      152     3900      3968 

	Job terminated of its own accord at 2022-03-30T04:42:40Z.
...
006 (126812.015.000) 2022-03-30 13:42:40 Image size of job updated: 599648
	152  -  MemoryUsage of job (MB)
	155356  -  ResidentSetSize of job (KB)
...
005 (126812.015.000) 2022-03-30 13:42:40 Job terminated.
	(1) Normal termination (return value 0)
		Usr 0 00:00:06, Sys 0 00:00:01  -  Run Remote Usage
		Usr 0 00:00:00, Sys 0 00:00:00  -  Run Local Usage
		Usr 0 00:00:06, Sys 0 00:00:01  -  Total Remote Usage
		Usr 0 00:00:00, Sys 0 00:00:00  -  Total Local Usage
	0  -  Run Bytes Sent By Job
	0  -  Run Bytes Received By Job
	0  -  Total Bytes Sent By Job
	0  -  Total Bytes Received By Job
	Partitionable Resources :    Usage  Request Allocated 
	   Cpus                 :                 1         1 
	   Disk (KB)            :        1        1    129249 
	   Memory (MB)          :      152     3900      3968 

	Job terminated of its own accord at 2022-03-30T04:42:40Z.
...
006 (126812.010.000) 2022-03-30 13:42:40 Image size of job updated: 601884
	152  -  MemoryUsage of job (MB)
	155376  -  ResidentSetSize of job (KB)
...
005 (126812.010.000) 2022-03-30 13:42:40 Job terminated.
	(1) Normal termination (return value 0)
		Usr 0 00:00:07, Sys 0 00:00:01  -  Run Remote Usage
		Usr 0 00:00:00, Sys 0 00:00:00  -  Run Local Usage
		Usr 0 00:00:07, Sys 0 00:00:01  -  Total Remote Usage
		Usr 0 00:00:00, Sys 0 00:00:00  -  Total Local Usage
	0  -  Run Bytes Sent By Job
	0  -  Run Bytes Received By Job
	0  -  Total Bytes Sent By Job
	0  -  Total Bytes Received By Job
	Partitionable Resources :    Usage  Request Allocated 
	   Cpus                 :                 1         1 
	   Disk (KB)            :        1        1    129249 
	   Memory (MB)          :      152     3900      3968 

	Job terminated of its own accord at 2022-03-30T04:42:40Z.
...
006 (126812.003.000) 2022-03-30 13:42:42 Image size of job updated: 601824
	152  -  MemoryUsage of job (MB)
	155496  -  ResidentSetSize of job (KB)
...
005 (126812.003.000) 2022-03-30 13:42:42 Job terminated.
	(1) Normal termination (return value 0)
		Usr 0 00:00:09, Sys 0 00:00:01  -  Run Remote Usage
		Usr 0 00:00:00, Sys 0 00:00:00  -  Run Local Usage
		Usr 0 00:00:09, Sys 0 00:00:01  -  Total Remote Usage
		Usr 0 00:00:00, Sys 0 00:00:00  -  Total Local Usage
	0  -  Run Bytes Sent By Job
	0  -  Run Bytes Received By Job
	0  -  Total Bytes Sent By Job
	0  -  Total Bytes Received By Job
	Partitionable Resources :    Usage  Request Allocated 
	   Cpus                 :                 1         1 
	   Disk (KB)            :        1        1    129249 
	   Memory (MB)          :      152     3900      3968 

	Job terminated of its own accord at 2022-03-30T04:42:42Z.
...
