000 (126226.000.000) 2022-03-28 19:46:35 Job submitted from host: <172.30.1.200:9618?addrs=172.30.1.200-9618&alias=tamsa2.snu.ac.kr&noUDP&sock=schedd_3154_f5cb>
...
000 (126226.001.000) 2022-03-28 19:46:35 Job submitted from host: <172.30.1.200:9618?addrs=172.30.1.200-9618&alias=tamsa2.snu.ac.kr&noUDP&sock=schedd_3154_f5cb>
...
000 (126226.002.000) 2022-03-28 19:46:35 Job submitted from host: <172.30.1.200:9618?addrs=172.30.1.200-9618&alias=tamsa2.snu.ac.kr&noUDP&sock=schedd_3154_f5cb>
...
000 (126226.003.000) 2022-03-28 19:46:35 Job submitted from host: <172.30.1.200:9618?addrs=172.30.1.200-9618&alias=tamsa2.snu.ac.kr&noUDP&sock=schedd_3154_f5cb>
...
000 (126226.004.000) 2022-03-28 19:46:35 Job submitted from host: <172.30.1.200:9618?addrs=172.30.1.200-9618&alias=tamsa2.snu.ac.kr&noUDP&sock=schedd_3154_f5cb>
...
000 (126226.005.000) 2022-03-28 19:46:35 Job submitted from host: <172.30.1.200:9618?addrs=172.30.1.200-9618&alias=tamsa2.snu.ac.kr&noUDP&sock=schedd_3154_f5cb>
...
000 (126226.006.000) 2022-03-28 19:46:35 Job submitted from host: <172.30.1.200:9618?addrs=172.30.1.200-9618&alias=tamsa2.snu.ac.kr&noUDP&sock=schedd_3154_f5cb>
...
000 (126226.007.000) 2022-03-28 19:46:35 Job submitted from host: <172.30.1.200:9618?addrs=172.30.1.200-9618&alias=tamsa2.snu.ac.kr&noUDP&sock=schedd_3154_f5cb>
...
000 (126226.008.000) 2022-03-28 19:46:35 Job submitted from host: <172.30.1.200:9618?addrs=172.30.1.200-9618&alias=tamsa2.snu.ac.kr&noUDP&sock=schedd_3154_f5cb>
...
000 (126226.009.000) 2022-03-28 19:46:35 Job submitted from host: <172.30.1.200:9618?addrs=172.30.1.200-9618&alias=tamsa2.snu.ac.kr&noUDP&sock=schedd_3154_f5cb>
...
000 (126226.010.000) 2022-03-28 19:46:35 Job submitted from host: <172.30.1.200:9618?addrs=172.30.1.200-9618&alias=tamsa2.snu.ac.kr&noUDP&sock=schedd_3154_f5cb>
...
000 (126226.011.000) 2022-03-28 19:46:35 Job submitted from host: <172.30.1.200:9618?addrs=172.30.1.200-9618&alias=tamsa2.snu.ac.kr&noUDP&sock=schedd_3154_f5cb>
...
000 (126226.012.000) 2022-03-28 19:46:35 Job submitted from host: <172.30.1.200:9618?addrs=172.30.1.200-9618&alias=tamsa2.snu.ac.kr&noUDP&sock=schedd_3154_f5cb>
...
000 (126226.013.000) 2022-03-28 19:46:35 Job submitted from host: <172.30.1.200:9618?addrs=172.30.1.200-9618&alias=tamsa2.snu.ac.kr&noUDP&sock=schedd_3154_f5cb>
...
000 (126226.014.000) 2022-03-28 19:46:35 Job submitted from host: <172.30.1.200:9618?addrs=172.30.1.200-9618&alias=tamsa2.snu.ac.kr&noUDP&sock=schedd_3154_f5cb>
...
000 (126226.015.000) 2022-03-28 19:46:35 Job submitted from host: <172.30.1.200:9618?addrs=172.30.1.200-9618&alias=tamsa2.snu.ac.kr&noUDP&sock=schedd_3154_f5cb>
...
000 (126226.016.000) 2022-03-28 19:46:35 Job submitted from host: <172.30.1.200:9618?addrs=172.30.1.200-9618&alias=tamsa2.snu.ac.kr&noUDP&sock=schedd_3154_f5cb>
...
000 (126226.017.000) 2022-03-28 19:46:35 Job submitted from host: <172.30.1.200:9618?addrs=172.30.1.200-9618&alias=tamsa2.snu.ac.kr&noUDP&sock=schedd_3154_f5cb>
...
000 (126226.018.000) 2022-03-28 19:46:35 Job submitted from host: <172.30.1.200:9618?addrs=172.30.1.200-9618&alias=tamsa2.snu.ac.kr&noUDP&sock=schedd_3154_f5cb>
...
000 (126226.019.000) 2022-03-28 19:46:35 Job submitted from host: <172.30.1.200:9618?addrs=172.30.1.200-9618&alias=tamsa2.snu.ac.kr&noUDP&sock=schedd_3154_f5cb>
...
001 (126226.000.000) 2022-03-28 19:46:52 Job executing on host: <172.30.1.203:9618?addrs=172.30.1.203-9618&alias=node3&noUDP&sock=startd_3597_d240>
...
001 (126226.001.000) 2022-03-28 19:46:52 Job executing on host: <172.30.1.203:9618?addrs=172.30.1.203-9618&alias=node3&noUDP&sock=startd_3597_d240>
...
001 (126226.002.000) 2022-03-28 19:46:53 Job executing on host: <172.30.1.203:9618?addrs=172.30.1.203-9618&alias=node3&noUDP&sock=startd_3597_d240>
...
001 (126226.003.000) 2022-03-28 19:46:53 Job executing on host: <172.30.1.203:9618?addrs=172.30.1.203-9618&alias=node3&noUDP&sock=startd_3597_d240>
...
001 (126226.004.000) 2022-03-28 19:46:53 Job executing on host: <172.30.1.203:9618?addrs=172.30.1.203-9618&alias=node3&noUDP&sock=startd_3597_d240>
...
001 (126226.005.000) 2022-03-28 19:46:53 Job executing on host: <172.30.1.203:9618?addrs=172.30.1.203-9618&alias=node3&noUDP&sock=startd_3597_d240>
...
001 (126226.006.000) 2022-03-28 19:46:53 Job executing on host: <172.30.1.203:9618?addrs=172.30.1.203-9618&alias=node3&noUDP&sock=startd_3597_d240>
...
001 (126226.007.000) 2022-03-28 19:46:53 Job executing on host: <172.30.1.203:9618?addrs=172.30.1.203-9618&alias=node3&noUDP&sock=startd_3597_d240>
...
001 (126226.008.000) 2022-03-28 19:46:53 Job executing on host: <172.30.1.203:9618?addrs=172.30.1.203-9618&alias=node3&noUDP&sock=startd_3597_d240>
...
001 (126226.009.000) 2022-03-28 19:46:53 Job executing on host: <172.30.1.203:9618?addrs=172.30.1.203-9618&alias=node3&noUDP&sock=startd_3597_d240>
...
001 (126226.010.000) 2022-03-28 19:46:53 Job executing on host: <172.30.1.203:9618?addrs=172.30.1.203-9618&alias=node3&noUDP&sock=startd_3597_d240>
...
001 (126226.011.000) 2022-03-28 19:46:53 Job executing on host: <172.30.1.203:9618?addrs=172.30.1.203-9618&alias=node3&noUDP&sock=startd_3597_d240>
...
001 (126226.012.000) 2022-03-28 19:46:53 Job executing on host: <172.30.1.203:9618?addrs=172.30.1.203-9618&alias=node3&noUDP&sock=startd_3597_d240>
...
001 (126226.013.000) 2022-03-28 19:46:54 Job executing on host: <172.30.1.203:9618?addrs=172.30.1.203-9618&alias=node3&noUDP&sock=startd_3597_d240>
...
001 (126226.014.000) 2022-03-28 19:46:54 Job executing on host: <172.30.1.203:9618?addrs=172.30.1.203-9618&alias=node3&noUDP&sock=startd_3597_d240>
...
001 (126226.015.000) 2022-03-28 19:46:54 Job executing on host: <172.30.1.203:9618?addrs=172.30.1.203-9618&alias=node3&noUDP&sock=startd_3597_d240>
...
001 (126226.016.000) 2022-03-28 19:46:54 Job executing on host: <172.30.1.203:9618?addrs=172.30.1.203-9618&alias=node3&noUDP&sock=startd_3597_d240>
...
001 (126226.017.000) 2022-03-28 19:46:54 Job executing on host: <172.30.1.203:9618?addrs=172.30.1.203-9618&alias=node3&noUDP&sock=startd_3597_d240>
...
001 (126226.018.000) 2022-03-28 19:46:54 Job executing on host: <172.30.1.203:9618?addrs=172.30.1.203-9618&alias=node3&noUDP&sock=startd_3597_d240>
...
001 (126226.019.000) 2022-03-28 19:46:54 Job executing on host: <172.30.1.203:9618?addrs=172.30.1.203-9618&alias=node3&noUDP&sock=startd_3597_d240>
...
006 (126226.000.000) 2022-03-28 19:47:01 Image size of job updated: 209388
	176  -  MemoryUsage of job (MB)
	180076  -  ResidentSetSize of job (KB)
...
006 (126226.001.000) 2022-03-28 19:47:01 Image size of job updated: 209388
	174  -  MemoryUsage of job (MB)
	177852  -  ResidentSetSize of job (KB)
...
006 (126226.002.000) 2022-03-28 19:47:01 Image size of job updated: 209388
	176  -  MemoryUsage of job (MB)
	179868  -  ResidentSetSize of job (KB)
...
006 (126226.003.000) 2022-03-28 19:47:01 Image size of job updated: 209388
	177  -  MemoryUsage of job (MB)
	180700  -  ResidentSetSize of job (KB)
...
006 (126226.004.000) 2022-03-28 19:47:01 Image size of job updated: 209388
	179  -  MemoryUsage of job (MB)
	182548  -  ResidentSetSize of job (KB)
...
006 (126226.005.000) 2022-03-28 19:47:01 Image size of job updated: 209388
	179  -  MemoryUsage of job (MB)
	182544  -  ResidentSetSize of job (KB)
...
006 (126226.006.000) 2022-03-28 19:47:01 Image size of job updated: 208276
	179  -  MemoryUsage of job (MB)
	182560  -  ResidentSetSize of job (KB)
...
006 (126226.012.000) 2022-03-28 19:47:02 Image size of job updated: 187976
	183  -  MemoryUsage of job (MB)
	186996  -  ResidentSetSize of job (KB)
...
006 (126226.013.000) 2022-03-28 19:47:02 Image size of job updated: 191340
	183  -  MemoryUsage of job (MB)
	187392  -  ResidentSetSize of job (KB)
...
006 (126226.014.000) 2022-03-28 19:47:02 Image size of job updated: 188480
	184  -  MemoryUsage of job (MB)
	187520  -  ResidentSetSize of job (KB)
...
006 (126226.015.000) 2022-03-28 19:47:02 Image size of job updated: 188776
	184  -  MemoryUsage of job (MB)
	188128  -  ResidentSetSize of job (KB)
...
006 (126226.016.000) 2022-03-28 19:47:02 Image size of job updated: 188504
	184  -  MemoryUsage of job (MB)
	188136  -  ResidentSetSize of job (KB)
...
006 (126226.017.000) 2022-03-28 19:47:02 Image size of job updated: 189036
	184  -  MemoryUsage of job (MB)
	188136  -  ResidentSetSize of job (KB)
...
006 (126226.007.000) 2022-03-28 19:47:02 Image size of job updated: 188624
	184  -  MemoryUsage of job (MB)
	188128  -  ResidentSetSize of job (KB)
...
006 (126226.008.000) 2022-03-28 19:47:02 Image size of job updated: 188820
	184  -  MemoryUsage of job (MB)
	188136  -  ResidentSetSize of job (KB)
...
006 (126226.009.000) 2022-03-28 19:47:02 Image size of job updated: 192888
	188  -  MemoryUsage of job (MB)
	192056  -  ResidentSetSize of job (KB)
...
006 (126226.010.000) 2022-03-28 19:47:02 Image size of job updated: 189260
	184  -  MemoryUsage of job (MB)
	188116  -  ResidentSetSize of job (KB)
...
006 (126226.011.000) 2022-03-28 19:47:02 Image size of job updated: 188796
	184  -  MemoryUsage of job (MB)
	188128  -  ResidentSetSize of job (KB)
...
006 (126226.018.000) 2022-03-28 19:47:03 Image size of job updated: 199816
	185  -  MemoryUsage of job (MB)
	188584  -  ResidentSetSize of job (KB)
...
006 (126226.019.000) 2022-03-28 19:47:03 Image size of job updated: 201104
	184  -  MemoryUsage of job (MB)
	188132  -  ResidentSetSize of job (KB)
...
006 (126226.006.000) 2022-03-28 19:47:15 Image size of job updated: 691472
	179  -  MemoryUsage of job (MB)
	182560  -  ResidentSetSize of job (KB)
...
006 (126226.017.000) 2022-03-28 19:47:15 Image size of job updated: 691484
	184  -  MemoryUsage of job (MB)
	188136  -  ResidentSetSize of job (KB)
...
005 (126226.006.000) 2022-03-28 19:47:15 Job terminated.
	(1) Normal termination (return value 0)
		Usr 0 00:00:15, Sys 0 00:00:02  -  Run Remote Usage
		Usr 0 00:00:00, Sys 0 00:00:00  -  Run Local Usage
		Usr 0 00:00:15, Sys 0 00:00:02  -  Total Remote Usage
		Usr 0 00:00:00, Sys 0 00:00:00  -  Total Local Usage
	0  -  Run Bytes Sent By Job
	0  -  Run Bytes Received By Job
	0  -  Total Bytes Sent By Job
	0  -  Total Bytes Received By Job
	Partitionable Resources :    Usage  Request Allocated 
	   Cpus                 :     1.00        1         1 
	   Disk (KB)            :     1           1    129249 
	   Memory (MB)          :   179        3900      3968 

	Job terminated of its own accord at 2022-03-28T10:47:15Z.
...
005 (126226.017.000) 2022-03-28 19:47:15 Job terminated.
	(1) Normal termination (return value 0)
		Usr 0 00:00:15, Sys 0 00:00:01  -  Run Remote Usage
		Usr 0 00:00:00, Sys 0 00:00:00  -  Run Local Usage
		Usr 0 00:00:15, Sys 0 00:00:01  -  Total Remote Usage
		Usr 0 00:00:00, Sys 0 00:00:00  -  Total Local Usage
	0  -  Run Bytes Sent By Job
	0  -  Run Bytes Received By Job
	0  -  Total Bytes Sent By Job
	0  -  Total Bytes Received By Job
	Partitionable Resources :    Usage  Request Allocated 
	   Cpus                 :     1.00        1         1 
	   Disk (KB)            :     1           1    129249 
	   Memory (MB)          :   184        3900      3968 

	Job terminated of its own accord at 2022-03-28T10:47:15Z.
...
006 (126226.001.000) 2022-03-28 19:47:15 Image size of job updated: 691500
	174  -  MemoryUsage of job (MB)
	177852  -  ResidentSetSize of job (KB)
...
005 (126226.001.000) 2022-03-28 19:47:15 Job terminated.
	(1) Normal termination (return value 0)
		Usr 0 00:00:16, Sys 0 00:00:02  -  Run Remote Usage
		Usr 0 00:00:00, Sys 0 00:00:00  -  Run Local Usage
		Usr 0 00:00:16, Sys 0 00:00:02  -  Total Remote Usage
		Usr 0 00:00:00, Sys 0 00:00:00  -  Total Local Usage
	0  -  Run Bytes Sent By Job
	0  -  Run Bytes Received By Job
	0  -  Total Bytes Sent By Job
	0  -  Total Bytes Received By Job
	Partitionable Resources :    Usage  Request Allocated 
	   Cpus                 :     1.00        1         1 
	   Disk (KB)            :     1           1    129249 
	   Memory (MB)          :   174        3900      3968 

	Job terminated of its own accord at 2022-03-28T10:47:15Z.
...
006 (126226.011.000) 2022-03-28 19:47:15 Image size of job updated: 691860
	184  -  MemoryUsage of job (MB)
	188128  -  ResidentSetSize of job (KB)
...
005 (126226.011.000) 2022-03-28 19:47:15 Job terminated.
	(1) Normal termination (return value 0)
		Usr 0 00:00:16, Sys 0 00:00:02  -  Run Remote Usage
		Usr 0 00:00:00, Sys 0 00:00:00  -  Run Local Usage
		Usr 0 00:00:16, Sys 0 00:00:02  -  Total Remote Usage
		Usr 0 00:00:00, Sys 0 00:00:00  -  Total Local Usage
	0  -  Run Bytes Sent By Job
	0  -  Run Bytes Received By Job
	0  -  Total Bytes Sent By Job
	0  -  Total Bytes Received By Job
	Partitionable Resources :    Usage  Request Allocated 
	   Cpus                 :     1.00        1         1 
	   Disk (KB)            :     1           1    129249 
	   Memory (MB)          :   184        3900      3968 

	Job terminated of its own accord at 2022-03-28T10:47:15Z.
...
006 (126226.003.000) 2022-03-28 19:47:16 Image size of job updated: 691456
	177  -  MemoryUsage of job (MB)
	180700  -  ResidentSetSize of job (KB)
...
005 (126226.003.000) 2022-03-28 19:47:16 Job terminated.
	(1) Normal termination (return value 0)
		Usr 0 00:00:16, Sys 0 00:00:02  -  Run Remote Usage
		Usr 0 00:00:00, Sys 0 00:00:00  -  Run Local Usage
		Usr 0 00:00:16, Sys 0 00:00:02  -  Total Remote Usage
		Usr 0 00:00:00, Sys 0 00:00:00  -  Total Local Usage
	0  -  Run Bytes Sent By Job
	0  -  Run Bytes Received By Job
	0  -  Total Bytes Sent By Job
	0  -  Total Bytes Received By Job
	Partitionable Resources :    Usage  Request Allocated 
	   Cpus                 :     1.00        1         1 
	   Disk (KB)            :     1           1    129249 
	   Memory (MB)          :   177        3900      3968 

	Job terminated of its own accord at 2022-03-28T10:47:16Z.
...
006 (126226.019.000) 2022-03-28 19:47:19 Image size of job updated: 691776
	184  -  MemoryUsage of job (MB)
	188132  -  ResidentSetSize of job (KB)
...
005 (126226.019.000) 2022-03-28 19:47:19 Job terminated.
	(1) Normal termination (return value 0)
		Usr 0 00:00:19, Sys 0 00:00:02  -  Run Remote Usage
		Usr 0 00:00:00, Sys 0 00:00:00  -  Run Local Usage
		Usr 0 00:00:19, Sys 0 00:00:02  -  Total Remote Usage
		Usr 0 00:00:00, Sys 0 00:00:00  -  Total Local Usage
	0  -  Run Bytes Sent By Job
	0  -  Run Bytes Received By Job
	0  -  Total Bytes Sent By Job
	0  -  Total Bytes Received By Job
	Partitionable Resources :    Usage  Request Allocated 
	   Cpus                 :     1.00        1         1 
	   Disk (KB)            :     1           1    129249 
	   Memory (MB)          :   184        3900      3968 

	Job terminated of its own accord at 2022-03-28T10:47:19Z.
...
006 (126226.000.000) 2022-03-28 19:47:19 Image size of job updated: 693552
	176  -  MemoryUsage of job (MB)
	180076  -  ResidentSetSize of job (KB)
...
005 (126226.000.000) 2022-03-28 19:47:20 Job terminated.
	(1) Normal termination (return value 0)
		Usr 0 00:00:20, Sys 0 00:00:02  -  Run Remote Usage
		Usr 0 00:00:00, Sys 0 00:00:00  -  Run Local Usage
		Usr 0 00:00:20, Sys 0 00:00:02  -  Total Remote Usage
		Usr 0 00:00:00, Sys 0 00:00:00  -  Total Local Usage
	0  -  Run Bytes Sent By Job
	0  -  Run Bytes Received By Job
	0  -  Total Bytes Sent By Job
	0  -  Total Bytes Received By Job
	Partitionable Resources :    Usage  Request Allocated 
	   Cpus                 :     0.94        1         1 
	   Disk (KB)            :     1           1    129249 
	   Memory (MB)          :   176        3900      3968 

	Job terminated of its own accord at 2022-03-28T10:47:19Z.
...
006 (126226.008.000) 2022-03-28 19:47:20 Image size of job updated: 691520
	184  -  MemoryUsage of job (MB)
	188136  -  ResidentSetSize of job (KB)
...
005 (126226.008.000) 2022-03-28 19:47:20 Job terminated.
	(1) Normal termination (return value 0)
		Usr 0 00:00:20, Sys 0 00:00:02  -  Run Remote Usage
		Usr 0 00:00:00, Sys 0 00:00:00  -  Run Local Usage
		Usr 0 00:00:20, Sys 0 00:00:02  -  Total Remote Usage
		Usr 0 00:00:00, Sys 0 00:00:00  -  Total Local Usage
	0  -  Run Bytes Sent By Job
	0  -  Run Bytes Received By Job
	0  -  Total Bytes Sent By Job
	0  -  Total Bytes Received By Job
	Partitionable Resources :    Usage  Request Allocated 
	   Cpus                 :     1.00        1         1 
	   Disk (KB)            :     1           1    129249 
	   Memory (MB)          :   184        3900      3968 

	Job terminated of its own accord at 2022-03-28T10:47:20Z.
...
006 (126226.016.000) 2022-03-28 19:47:21 Image size of job updated: 691704
	184  -  MemoryUsage of job (MB)
	188136  -  ResidentSetSize of job (KB)
...
005 (126226.016.000) 2022-03-28 19:47:21 Job terminated.
	(1) Normal termination (return value 0)
		Usr 0 00:00:22, Sys 0 00:00:01  -  Run Remote Usage
		Usr 0 00:00:00, Sys 0 00:00:00  -  Run Local Usage
		Usr 0 00:00:22, Sys 0 00:00:01  -  Total Remote Usage
		Usr 0 00:00:00, Sys 0 00:00:00  -  Total Local Usage
	0  -  Run Bytes Sent By Job
	0  -  Run Bytes Received By Job
	0  -  Total Bytes Sent By Job
	0  -  Total Bytes Received By Job
	Partitionable Resources :    Usage  Request Allocated 
	   Cpus                 :     1.00        1         1 
	   Disk (KB)            :     1           1    129249 
	   Memory (MB)          :   184        3900      3968 

	Job terminated of its own accord at 2022-03-28T10:47:21Z.
...
006 (126226.018.000) 2022-03-28 19:47:21 Image size of job updated: 692964
	185  -  MemoryUsage of job (MB)
	188584  -  ResidentSetSize of job (KB)
...
005 (126226.018.000) 2022-03-28 19:47:21 Job terminated.
	(1) Normal termination (return value 0)
		Usr 0 00:00:22, Sys 0 00:00:01  -  Run Remote Usage
		Usr 0 00:00:00, Sys 0 00:00:00  -  Run Local Usage
		Usr 0 00:00:22, Sys 0 00:00:01  -  Total Remote Usage
		Usr 0 00:00:00, Sys 0 00:00:00  -  Total Local Usage
	0  -  Run Bytes Sent By Job
	0  -  Run Bytes Received By Job
	0  -  Total Bytes Sent By Job
	0  -  Total Bytes Received By Job
	Partitionable Resources :    Usage  Request Allocated 
	   Cpus                 :     1.00        1         1 
	   Disk (KB)            :     1           1    129249 
	   Memory (MB)          :   185        3900      3968 

	Job terminated of its own accord at 2022-03-28T10:47:21Z.
...
006 (126226.012.000) 2022-03-28 19:47:21 Image size of job updated: 691756
	183  -  MemoryUsage of job (MB)
	187008  -  ResidentSetSize of job (KB)
...
005 (126226.012.000) 2022-03-28 19:47:21 Job terminated.
	(1) Normal termination (return value 0)
		Usr 0 00:00:22, Sys 0 00:00:01  -  Run Remote Usage
		Usr 0 00:00:00, Sys 0 00:00:00  -  Run Local Usage
		Usr 0 00:00:22, Sys 0 00:00:01  -  Total Remote Usage
		Usr 0 00:00:00, Sys 0 00:00:00  -  Total Local Usage
	0  -  Run Bytes Sent By Job
	0  -  Run Bytes Received By Job
	0  -  Total Bytes Sent By Job
	0  -  Total Bytes Received By Job
	Partitionable Resources :    Usage  Request Allocated 
	   Cpus                 :     1.00        1         1 
	   Disk (KB)            :     1           1    129249 
	   Memory (MB)          :   183        3900      3968 

	Job terminated of its own accord at 2022-03-28T10:47:21Z.
...
006 (126226.013.000) 2022-03-28 19:47:21 Image size of job updated: 692068
	183  -  MemoryUsage of job (MB)
	187392  -  ResidentSetSize of job (KB)
...
005 (126226.013.000) 2022-03-28 19:47:22 Job terminated.
	(1) Normal termination (return value 0)
		Usr 0 00:00:22, Sys 0 00:00:02  -  Run Remote Usage
		Usr 0 00:00:00, Sys 0 00:00:00  -  Run Local Usage
		Usr 0 00:00:22, Sys 0 00:00:02  -  Total Remote Usage
		Usr 0 00:00:00, Sys 0 00:00:00  -  Total Local Usage
	0  -  Run Bytes Sent By Job
	0  -  Run Bytes Received By Job
	0  -  Total Bytes Sent By Job
	0  -  Total Bytes Received By Job
	Partitionable Resources :    Usage  Request Allocated 
	   Cpus                 :     1.00        1         1 
	   Disk (KB)            :     1           1    129249 
	   Memory (MB)          :   183        3900      3968 

	Job terminated of its own accord at 2022-03-28T10:47:21Z.
...
006 (126226.014.000) 2022-03-28 19:47:22 Image size of job updated: 692696
	184  -  MemoryUsage of job (MB)
	187536  -  ResidentSetSize of job (KB)
...
005 (126226.014.000) 2022-03-28 19:47:22 Job terminated.
	(1) Normal termination (return value 0)
		Usr 0 00:00:22, Sys 0 00:00:01  -  Run Remote Usage
		Usr 0 00:00:00, Sys 0 00:00:00  -  Run Local Usage
		Usr 0 00:00:22, Sys 0 00:00:01  -  Total Remote Usage
		Usr 0 00:00:00, Sys 0 00:00:00  -  Total Local Usage
	0  -  Run Bytes Sent By Job
	0  -  Run Bytes Received By Job
	0  -  Total Bytes Sent By Job
	0  -  Total Bytes Received By Job
	Partitionable Resources :    Usage  Request Allocated 
	   Cpus                 :     1.00        1         1 
	   Disk (KB)            :     1           1    129249 
	   Memory (MB)          :   184        3900      3968 

	Job terminated of its own accord at 2022-03-28T10:47:22Z.
...
006 (126226.004.000) 2022-03-28 19:47:22 Image size of job updated: 691504
	179  -  MemoryUsage of job (MB)
	182548  -  ResidentSetSize of job (KB)
...
005 (126226.004.000) 2022-03-28 19:47:22 Job terminated.
	(1) Normal termination (return value 0)
		Usr 0 00:00:23, Sys 0 00:00:02  -  Run Remote Usage
		Usr 0 00:00:00, Sys 0 00:00:00  -  Run Local Usage
		Usr 0 00:00:23, Sys 0 00:00:02  -  Total Remote Usage
		Usr 0 00:00:00, Sys 0 00:00:00  -  Total Local Usage
	0  -  Run Bytes Sent By Job
	0  -  Run Bytes Received By Job
	0  -  Total Bytes Sent By Job
	0  -  Total Bytes Received By Job
	Partitionable Resources :    Usage  Request Allocated 
	   Cpus                 :     1.00        1         1 
	   Disk (KB)            :     1           1    129249 
	   Memory (MB)          :   179        3900      3968 

	Job terminated of its own accord at 2022-03-28T10:47:22Z.
...
006 (126226.015.000) 2022-03-28 19:47:22 Image size of job updated: 691732
	184  -  MemoryUsage of job (MB)
	188128  -  ResidentSetSize of job (KB)
...
005 (126226.015.000) 2022-03-28 19:47:22 Job terminated.
	(1) Normal termination (return value 0)
		Usr 0 00:00:23, Sys 0 00:00:01  -  Run Remote Usage
		Usr 0 00:00:00, Sys 0 00:00:00  -  Run Local Usage
		Usr 0 00:00:23, Sys 0 00:00:01  -  Total Remote Usage
		Usr 0 00:00:00, Sys 0 00:00:00  -  Total Local Usage
	0  -  Run Bytes Sent By Job
	0  -  Run Bytes Received By Job
	0  -  Total Bytes Sent By Job
	0  -  Total Bytes Received By Job
	Partitionable Resources :    Usage  Request Allocated 
	   Cpus                 :     1.00        1         1 
	   Disk (KB)            :     1           1    129249 
	   Memory (MB)          :   184        3900      3968 

	Job terminated of its own accord at 2022-03-28T10:47:22Z.
...
006 (126226.002.000) 2022-03-28 19:47:23 Image size of job updated: 691716
	176  -  MemoryUsage of job (MB)
	179868  -  ResidentSetSize of job (KB)
...
005 (126226.002.000) 2022-03-28 19:47:23 Job terminated.
	(1) Normal termination (return value 0)
		Usr 0 00:00:24, Sys 0 00:00:02  -  Run Remote Usage
		Usr 0 00:00:00, Sys 0 00:00:00  -  Run Local Usage
		Usr 0 00:00:24, Sys 0 00:00:02  -  Total Remote Usage
		Usr 0 00:00:00, Sys 0 00:00:00  -  Total Local Usage
	0  -  Run Bytes Sent By Job
	0  -  Run Bytes Received By Job
	0  -  Total Bytes Sent By Job
	0  -  Total Bytes Received By Job
	Partitionable Resources :    Usage  Request Allocated 
	   Cpus                 :     1.00        1         1 
	   Disk (KB)            :     1           1    129249 
	   Memory (MB)          :   176        3900      3968 

	Job terminated of its own accord at 2022-03-28T10:47:23Z.
...
006 (126226.005.000) 2022-03-28 19:47:28 Image size of job updated: 691744
	179  -  MemoryUsage of job (MB)
	182544  -  ResidentSetSize of job (KB)
...
005 (126226.005.000) 2022-03-28 19:47:28 Job terminated.
	(1) Normal termination (return value 0)
		Usr 0 00:00:28, Sys 0 00:00:02  -  Run Remote Usage
		Usr 0 00:00:00, Sys 0 00:00:00  -  Run Local Usage
		Usr 0 00:00:28, Sys 0 00:00:02  -  Total Remote Usage
		Usr 0 00:00:00, Sys 0 00:00:00  -  Total Local Usage
	0  -  Run Bytes Sent By Job
	0  -  Run Bytes Received By Job
	0  -  Total Bytes Sent By Job
	0  -  Total Bytes Received By Job
	Partitionable Resources :    Usage  Request Allocated 
	   Cpus                 :     0.98        1         1 
	   Disk (KB)            :     1           1    129249 
	   Memory (MB)          :   179        3900      3968 

	Job terminated of its own accord at 2022-03-28T10:47:28Z.
...
006 (126226.007.000) 2022-03-28 19:47:31 Image size of job updated: 691452
	184  -  MemoryUsage of job (MB)
	188128  -  ResidentSetSize of job (KB)
...
005 (126226.007.000) 2022-03-28 19:47:31 Job terminated.
	(1) Normal termination (return value 0)
		Usr 0 00:00:31, Sys 0 00:00:02  -  Run Remote Usage
		Usr 0 00:00:00, Sys 0 00:00:00  -  Run Local Usage
		Usr 0 00:00:31, Sys 0 00:00:02  -  Total Remote Usage
		Usr 0 00:00:00, Sys 0 00:00:00  -  Total Local Usage
	0  -  Run Bytes Sent By Job
	0  -  Run Bytes Received By Job
	0  -  Total Bytes Sent By Job
	0  -  Total Bytes Received By Job
	Partitionable Resources :    Usage  Request Allocated 
	   Cpus                 :     1.00        1         1 
	   Disk (KB)            :     1           1    129249 
	   Memory (MB)          :   184        3900      3968 

	Job terminated of its own accord at 2022-03-28T10:47:31Z.
...
006 (126226.010.000) 2022-03-28 19:47:41 Image size of job updated: 691508
	184  -  MemoryUsage of job (MB)
	188116  -  ResidentSetSize of job (KB)
...
005 (126226.010.000) 2022-03-28 19:47:41 Job terminated.
	(1) Normal termination (return value 0)
		Usr 0 00:00:40, Sys 0 00:00:02  -  Run Remote Usage
		Usr 0 00:00:00, Sys 0 00:00:00  -  Run Local Usage
		Usr 0 00:00:40, Sys 0 00:00:02  -  Total Remote Usage
		Usr 0 00:00:00, Sys 0 00:00:00  -  Total Local Usage
	0  -  Run Bytes Sent By Job
	0  -  Run Bytes Received By Job
	0  -  Total Bytes Sent By Job
	0  -  Total Bytes Received By Job
	Partitionable Resources :    Usage  Request Allocated 
	   Cpus                 :     1.00        1         1 
	   Disk (KB)            :     1           1    129249 
	   Memory (MB)          :   184        3900      3968 

	Job terminated of its own accord at 2022-03-28T10:47:41Z.
...
006 (126226.009.000) 2022-03-28 19:47:58 Image size of job updated: 691452
	188  -  MemoryUsage of job (MB)
	192056  -  ResidentSetSize of job (KB)
...
005 (126226.009.000) 2022-03-28 19:47:58 Job terminated.
	(1) Normal termination (return value 0)
		Usr 0 00:00:57, Sys 0 00:00:02  -  Run Remote Usage
		Usr 0 00:00:00, Sys 0 00:00:00  -  Run Local Usage
		Usr 0 00:00:57, Sys 0 00:00:02  -  Total Remote Usage
		Usr 0 00:00:00, Sys 0 00:00:00  -  Total Local Usage
	0  -  Run Bytes Sent By Job
	0  -  Run Bytes Received By Job
	0  -  Total Bytes Sent By Job
	0  -  Total Bytes Received By Job
	Partitionable Resources :    Usage  Request Allocated 
	   Cpus                 :     1.00        1         1 
	   Disk (KB)            :     1           1    129249 
	   Memory (MB)          :   188        3900      3968 

	Job terminated of its own accord at 2022-03-28T10:47:58Z.
...
