000 (126799.000.000) 2022-03-30 13:41:28 Job submitted from host: <172.30.1.200:9618?addrs=172.30.1.200-9618&alias=tamsa2.snu.ac.kr&noUDP&sock=schedd_3154_f5cb>
...
000 (126799.001.000) 2022-03-30 13:41:28 Job submitted from host: <172.30.1.200:9618?addrs=172.30.1.200-9618&alias=tamsa2.snu.ac.kr&noUDP&sock=schedd_3154_f5cb>
...
000 (126799.002.000) 2022-03-30 13:41:28 Job submitted from host: <172.30.1.200:9618?addrs=172.30.1.200-9618&alias=tamsa2.snu.ac.kr&noUDP&sock=schedd_3154_f5cb>
...
000 (126799.003.000) 2022-03-30 13:41:28 Job submitted from host: <172.30.1.200:9618?addrs=172.30.1.200-9618&alias=tamsa2.snu.ac.kr&noUDP&sock=schedd_3154_f5cb>
...
000 (126799.004.000) 2022-03-30 13:41:28 Job submitted from host: <172.30.1.200:9618?addrs=172.30.1.200-9618&alias=tamsa2.snu.ac.kr&noUDP&sock=schedd_3154_f5cb>
...
000 (126799.005.000) 2022-03-30 13:41:28 Job submitted from host: <172.30.1.200:9618?addrs=172.30.1.200-9618&alias=tamsa2.snu.ac.kr&noUDP&sock=schedd_3154_f5cb>
...
000 (126799.006.000) 2022-03-30 13:41:28 Job submitted from host: <172.30.1.200:9618?addrs=172.30.1.200-9618&alias=tamsa2.snu.ac.kr&noUDP&sock=schedd_3154_f5cb>
...
000 (126799.007.000) 2022-03-30 13:41:28 Job submitted from host: <172.30.1.200:9618?addrs=172.30.1.200-9618&alias=tamsa2.snu.ac.kr&noUDP&sock=schedd_3154_f5cb>
...
000 (126799.008.000) 2022-03-30 13:41:28 Job submitted from host: <172.30.1.200:9618?addrs=172.30.1.200-9618&alias=tamsa2.snu.ac.kr&noUDP&sock=schedd_3154_f5cb>
...
000 (126799.009.000) 2022-03-30 13:41:28 Job submitted from host: <172.30.1.200:9618?addrs=172.30.1.200-9618&alias=tamsa2.snu.ac.kr&noUDP&sock=schedd_3154_f5cb>
...
000 (126799.010.000) 2022-03-30 13:41:28 Job submitted from host: <172.30.1.200:9618?addrs=172.30.1.200-9618&alias=tamsa2.snu.ac.kr&noUDP&sock=schedd_3154_f5cb>
...
000 (126799.011.000) 2022-03-30 13:41:28 Job submitted from host: <172.30.1.200:9618?addrs=172.30.1.200-9618&alias=tamsa2.snu.ac.kr&noUDP&sock=schedd_3154_f5cb>
...
000 (126799.012.000) 2022-03-30 13:41:28 Job submitted from host: <172.30.1.200:9618?addrs=172.30.1.200-9618&alias=tamsa2.snu.ac.kr&noUDP&sock=schedd_3154_f5cb>
...
000 (126799.013.000) 2022-03-30 13:41:28 Job submitted from host: <172.30.1.200:9618?addrs=172.30.1.200-9618&alias=tamsa2.snu.ac.kr&noUDP&sock=schedd_3154_f5cb>
...
000 (126799.014.000) 2022-03-30 13:41:28 Job submitted from host: <172.30.1.200:9618?addrs=172.30.1.200-9618&alias=tamsa2.snu.ac.kr&noUDP&sock=schedd_3154_f5cb>
...
000 (126799.015.000) 2022-03-30 13:41:28 Job submitted from host: <172.30.1.200:9618?addrs=172.30.1.200-9618&alias=tamsa2.snu.ac.kr&noUDP&sock=schedd_3154_f5cb>
...
000 (126799.016.000) 2022-03-30 13:41:28 Job submitted from host: <172.30.1.200:9618?addrs=172.30.1.200-9618&alias=tamsa2.snu.ac.kr&noUDP&sock=schedd_3154_f5cb>
...
000 (126799.017.000) 2022-03-30 13:41:28 Job submitted from host: <172.30.1.200:9618?addrs=172.30.1.200-9618&alias=tamsa2.snu.ac.kr&noUDP&sock=schedd_3154_f5cb>
...
000 (126799.018.000) 2022-03-30 13:41:28 Job submitted from host: <172.30.1.200:9618?addrs=172.30.1.200-9618&alias=tamsa2.snu.ac.kr&noUDP&sock=schedd_3154_f5cb>
...
000 (126799.019.000) 2022-03-30 13:41:28 Job submitted from host: <172.30.1.200:9618?addrs=172.30.1.200-9618&alias=tamsa2.snu.ac.kr&noUDP&sock=schedd_3154_f5cb>
...
001 (126799.000.000) 2022-03-30 13:41:44 Job executing on host: <172.30.1.202:9618?addrs=172.30.1.202-9618&alias=node2&noUDP&sock=startd_3636_9271>
...
001 (126799.001.000) 2022-03-30 13:41:44 Job executing on host: <172.30.1.202:9618?addrs=172.30.1.202-9618&alias=node2&noUDP&sock=startd_3636_9271>
...
001 (126799.002.000) 2022-03-30 13:41:44 Job executing on host: <172.30.1.202:9618?addrs=172.30.1.202-9618&alias=node2&noUDP&sock=startd_3636_9271>
...
001 (126799.003.000) 2022-03-30 13:41:44 Job executing on host: <172.30.1.202:9618?addrs=172.30.1.202-9618&alias=node2&noUDP&sock=startd_3636_9271>
...
001 (126799.004.000) 2022-03-30 13:41:44 Job executing on host: <172.30.1.202:9618?addrs=172.30.1.202-9618&alias=node2&noUDP&sock=startd_3636_9271>
...
001 (126799.005.000) 2022-03-30 13:41:44 Job executing on host: <172.30.1.202:9618?addrs=172.30.1.202-9618&alias=node2&noUDP&sock=startd_3636_9271>
...
001 (126799.006.000) 2022-03-30 13:41:44 Job executing on host: <172.30.1.202:9618?addrs=172.30.1.202-9618&alias=node2&noUDP&sock=startd_3636_9271>
...
001 (126799.007.000) 2022-03-30 13:41:44 Job executing on host: <172.30.1.202:9618?addrs=172.30.1.202-9618&alias=node2&noUDP&sock=startd_3636_9271>
...
001 (126799.008.000) 2022-03-30 13:41:44 Job executing on host: <172.30.1.202:9618?addrs=172.30.1.202-9618&alias=node2&noUDP&sock=startd_3636_9271>
...
001 (126799.009.000) 2022-03-30 13:41:44 Job executing on host: <172.30.1.202:9618?addrs=172.30.1.202-9618&alias=node2&noUDP&sock=startd_3636_9271>
...
001 (126799.010.000) 2022-03-30 13:41:44 Job executing on host: <172.30.1.202:9618?addrs=172.30.1.202-9618&alias=node2&noUDP&sock=startd_3636_9271>
...
001 (126799.011.000) 2022-03-30 13:41:45 Job executing on host: <172.30.1.202:9618?addrs=172.30.1.202-9618&alias=node2&noUDP&sock=startd_3636_9271>
...
001 (126799.012.000) 2022-03-30 13:41:45 Job executing on host: <172.30.1.202:9618?addrs=172.30.1.202-9618&alias=node2&noUDP&sock=startd_3636_9271>
...
001 (126799.013.000) 2022-03-30 13:41:45 Job executing on host: <172.30.1.202:9618?addrs=172.30.1.202-9618&alias=node2&noUDP&sock=startd_3636_9271>
...
001 (126799.014.000) 2022-03-30 13:41:45 Job executing on host: <172.30.1.202:9618?addrs=172.30.1.202-9618&alias=node2&noUDP&sock=startd_3636_9271>
...
001 (126799.015.000) 2022-03-30 13:41:45 Job executing on host: <172.30.1.202:9618?addrs=172.30.1.202-9618&alias=node2&noUDP&sock=startd_3636_9271>
...
001 (126799.016.000) 2022-03-30 13:41:45 Job executing on host: <172.30.1.202:9618?addrs=172.30.1.202-9618&alias=node2&noUDP&sock=startd_3636_9271>
...
001 (126799.017.000) 2022-03-30 13:41:45 Job executing on host: <172.30.1.202:9618?addrs=172.30.1.202-9618&alias=node2&noUDP&sock=startd_3636_9271>
...
001 (126799.018.000) 2022-03-30 13:41:45 Job executing on host: <172.30.1.202:9618?addrs=172.30.1.202-9618&alias=node2&noUDP&sock=startd_3636_9271>
...
001 (126799.019.000) 2022-03-30 13:41:45 Job executing on host: <172.30.1.202:9618?addrs=172.30.1.202-9618&alias=node2&noUDP&sock=startd_3636_9271>
...
006 (126799.000.000) 2022-03-30 13:41:52 Image size of job updated: 283512
	169  -  MemoryUsage of job (MB)
	172484  -  ResidentSetSize of job (KB)
...
006 (126799.001.000) 2022-03-30 13:41:52 Image size of job updated: 283512
	171  -  MemoryUsage of job (MB)
	174272  -  ResidentSetSize of job (KB)
...
006 (126799.002.000) 2022-03-30 13:41:52 Image size of job updated: 283516
	172  -  MemoryUsage of job (MB)
	175424  -  ResidentSetSize of job (KB)
...
006 (126799.003.000) 2022-03-30 13:41:52 Image size of job updated: 217472
	175  -  MemoryUsage of job (MB)
	179164  -  ResidentSetSize of job (KB)
...
006 (126799.010.000) 2022-03-30 13:41:53 Image size of job updated: 191516
	177  -  MemoryUsage of job (MB)
	180968  -  ResidentSetSize of job (KB)
...
006 (126799.011.000) 2022-03-30 13:41:53 Image size of job updated: 183448
	173  -  MemoryUsage of job (MB)
	176484  -  ResidentSetSize of job (KB)
...
006 (126799.012.000) 2022-03-30 13:41:53 Image size of job updated: 186008
	181  -  MemoryUsage of job (MB)
	185052  -  ResidentSetSize of job (KB)
...
006 (126799.013.000) 2022-03-30 13:41:53 Image size of job updated: 187204
	183  -  MemoryUsage of job (MB)
	186544  -  ResidentSetSize of job (KB)
...
006 (126799.014.000) 2022-03-30 13:41:53 Image size of job updated: 188060
	183  -  MemoryUsage of job (MB)
	186540  -  ResidentSetSize of job (KB)
...
006 (126799.004.000) 2022-03-30 13:41:53 Image size of job updated: 217472
	182  -  MemoryUsage of job (MB)
	185740  -  ResidentSetSize of job (KB)
...
006 (126799.005.000) 2022-03-30 13:41:53 Image size of job updated: 217472
	183  -  MemoryUsage of job (MB)
	186540  -  ResidentSetSize of job (KB)
...
006 (126799.006.000) 2022-03-30 13:41:53 Image size of job updated: 217472
	183  -  MemoryUsage of job (MB)
	186532  -  ResidentSetSize of job (KB)
...
006 (126799.007.000) 2022-03-30 13:41:53 Image size of job updated: 217472
	183  -  MemoryUsage of job (MB)
	186548  -  ResidentSetSize of job (KB)
...
006 (126799.008.000) 2022-03-30 13:41:53 Image size of job updated: 187528
	183  -  MemoryUsage of job (MB)
	186540  -  ResidentSetSize of job (KB)
...
006 (126799.009.000) 2022-03-30 13:41:53 Image size of job updated: 190872
	183  -  MemoryUsage of job (MB)
	186544  -  ResidentSetSize of job (KB)
...
006 (126799.015.000) 2022-03-30 13:41:54 Image size of job updated: 186952
	183  -  MemoryUsage of job (MB)
	186540  -  ResidentSetSize of job (KB)
...
006 (126799.016.000) 2022-03-30 13:41:54 Image size of job updated: 188368
	183  -  MemoryUsage of job (MB)
	186548  -  ResidentSetSize of job (KB)
...
006 (126799.017.000) 2022-03-30 13:41:54 Image size of job updated: 187944
	183  -  MemoryUsage of job (MB)
	186548  -  ResidentSetSize of job (KB)
...
006 (126799.018.000) 2022-03-30 13:41:54 Image size of job updated: 202204
	183  -  MemoryUsage of job (MB)
	186540  -  ResidentSetSize of job (KB)
...
006 (126799.019.000) 2022-03-30 13:41:54 Image size of job updated: 201164
	183  -  MemoryUsage of job (MB)
	186524  -  ResidentSetSize of job (KB)
...
006 (126799.013.000) 2022-03-30 13:41:57 Image size of job updated: 689812
	183  -  MemoryUsage of job (MB)
	186544  -  ResidentSetSize of job (KB)
...
005 (126799.013.000) 2022-03-30 13:41:57 Job terminated.
	(1) Normal termination (return value 0)
		Usr 0 00:00:07, Sys 0 00:00:01  -  Run Remote Usage
		Usr 0 00:00:00, Sys 0 00:00:00  -  Run Local Usage
		Usr 0 00:00:07, Sys 0 00:00:01  -  Total Remote Usage
		Usr 0 00:00:00, Sys 0 00:00:00  -  Total Local Usage
	0  -  Run Bytes Sent By Job
	0  -  Run Bytes Received By Job
	0  -  Total Bytes Sent By Job
	0  -  Total Bytes Received By Job
	Partitionable Resources :    Usage  Request Allocated 
	   Cpus                 :                 1         1 
	   Disk (KB)            :        1        1    129249 
	   Memory (MB)          :      183     3900      3968 

	Job terminated of its own accord at 2022-03-30T04:41:57Z.
...
006 (126799.017.000) 2022-03-30 13:41:59 Image size of job updated: 689036
	183  -  MemoryUsage of job (MB)
	186548  -  ResidentSetSize of job (KB)
...
005 (126799.017.000) 2022-03-30 13:41:59 Job terminated.
	(1) Normal termination (return value 0)
		Usr 0 00:00:08, Sys 0 00:00:01  -  Run Remote Usage
		Usr 0 00:00:00, Sys 0 00:00:00  -  Run Local Usage
		Usr 0 00:00:08, Sys 0 00:00:01  -  Total Remote Usage
		Usr 0 00:00:00, Sys 0 00:00:00  -  Total Local Usage
	0  -  Run Bytes Sent By Job
	0  -  Run Bytes Received By Job
	0  -  Total Bytes Sent By Job
	0  -  Total Bytes Received By Job
	Partitionable Resources :    Usage  Request Allocated 
	   Cpus                 :                 1         1 
	   Disk (KB)            :        1        1    129249 
	   Memory (MB)          :      183     3900      3968 

	Job terminated of its own accord at 2022-03-30T04:41:59Z.
...
006 (126799.000.000) 2022-03-30 13:42:00 Image size of job updated: 690100
	169  -  MemoryUsage of job (MB)
	172508  -  ResidentSetSize of job (KB)
...
005 (126799.000.000) 2022-03-30 13:42:00 Job terminated.
	(1) Normal termination (return value 0)
		Usr 0 00:00:09, Sys 0 00:00:02  -  Run Remote Usage
		Usr 0 00:00:00, Sys 0 00:00:00  -  Run Local Usage
		Usr 0 00:00:09, Sys 0 00:00:02  -  Total Remote Usage
		Usr 0 00:00:00, Sys 0 00:00:00  -  Total Local Usage
	0  -  Run Bytes Sent By Job
	0  -  Run Bytes Received By Job
	0  -  Total Bytes Sent By Job
	0  -  Total Bytes Received By Job
	Partitionable Resources :    Usage  Request Allocated 
	   Cpus                 :                 1         1 
	   Disk (KB)            :        1        1    129249 
	   Memory (MB)          :      169     3900      3968 

	Job terminated of its own accord at 2022-03-30T04:42:00Z.
...
006 (126799.014.000) 2022-03-30 13:42:00 Image size of job updated: 690336
	183  -  MemoryUsage of job (MB)
	186540  -  ResidentSetSize of job (KB)
...
005 (126799.014.000) 2022-03-30 13:42:00 Job terminated.
	(1) Normal termination (return value 0)
		Usr 0 00:00:10, Sys 0 00:00:01  -  Run Remote Usage
		Usr 0 00:00:00, Sys 0 00:00:00  -  Run Local Usage
		Usr 0 00:00:10, Sys 0 00:00:01  -  Total Remote Usage
		Usr 0 00:00:00, Sys 0 00:00:00  -  Total Local Usage
	0  -  Run Bytes Sent By Job
	0  -  Run Bytes Received By Job
	0  -  Total Bytes Sent By Job
	0  -  Total Bytes Received By Job
	Partitionable Resources :    Usage  Request Allocated 
	   Cpus                 :                 1         1 
	   Disk (KB)            :        1        1    129249 
	   Memory (MB)          :      183     3900      3968 

	Job terminated of its own accord at 2022-03-30T04:42:00Z.
...
006 (126799.010.000) 2022-03-30 13:42:01 Image size of job updated: 690344
	177  -  MemoryUsage of job (MB)
	180968  -  ResidentSetSize of job (KB)
...
005 (126799.010.000) 2022-03-30 13:42:01 Job terminated.
	(1) Normal termination (return value 0)
		Usr 0 00:00:11, Sys 0 00:00:01  -  Run Remote Usage
		Usr 0 00:00:00, Sys 0 00:00:00  -  Run Local Usage
		Usr 0 00:00:11, Sys 0 00:00:01  -  Total Remote Usage
		Usr 0 00:00:00, Sys 0 00:00:00  -  Total Local Usage
	0  -  Run Bytes Sent By Job
	0  -  Run Bytes Received By Job
	0  -  Total Bytes Sent By Job
	0  -  Total Bytes Received By Job
	Partitionable Resources :    Usage  Request Allocated 
	   Cpus                 :                 1         1 
	   Disk (KB)            :        1        1    129249 
	   Memory (MB)          :      177     3900      3968 

	Job terminated of its own accord at 2022-03-30T04:42:01Z.
...
006 (126799.001.000) 2022-03-30 13:42:01 Image size of job updated: 689844
	171  -  MemoryUsage of job (MB)
	174296  -  ResidentSetSize of job (KB)
...
005 (126799.001.000) 2022-03-30 13:42:02 Job terminated.
	(1) Normal termination (return value 0)
		Usr 0 00:00:11, Sys 0 00:00:02  -  Run Remote Usage
		Usr 0 00:00:00, Sys 0 00:00:00  -  Run Local Usage
		Usr 0 00:00:11, Sys 0 00:00:02  -  Total Remote Usage
		Usr 0 00:00:00, Sys 0 00:00:00  -  Total Local Usage
	0  -  Run Bytes Sent By Job
	0  -  Run Bytes Received By Job
	0  -  Total Bytes Sent By Job
	0  -  Total Bytes Received By Job
	Partitionable Resources :    Usage  Request Allocated 
	   Cpus                 :                 1         1 
	   Disk (KB)            :        1        1    129249 
	   Memory (MB)          :      171     3900      3968 

	Job terminated of its own accord at 2022-03-30T04:42:01Z.
...
006 (126799.019.000) 2022-03-30 13:42:02 Image size of job updated: 670184
	183  -  MemoryUsage of job (MB)
	186524  -  ResidentSetSize of job (KB)
...
005 (126799.019.000) 2022-03-30 13:42:02 Job terminated.
	(1) Normal termination (return value 0)
		Usr 0 00:00:10, Sys 0 00:00:02  -  Run Remote Usage
		Usr 0 00:00:00, Sys 0 00:00:00  -  Run Local Usage
		Usr 0 00:00:10, Sys 0 00:00:02  -  Total Remote Usage
		Usr 0 00:00:00, Sys 0 00:00:00  -  Total Local Usage
	0  -  Run Bytes Sent By Job
	0  -  Run Bytes Received By Job
	0  -  Total Bytes Sent By Job
	0  -  Total Bytes Received By Job
	Partitionable Resources :    Usage  Request Allocated 
	   Cpus                 :                 1         1 
	   Disk (KB)            :        1        1    129249 
	   Memory (MB)          :      183     3900      3968 

	Job terminated of its own accord at 2022-03-30T04:42:02Z.
...
006 (126799.003.000) 2022-03-30 13:42:03 Image size of job updated: 689844
	176  -  MemoryUsage of job (MB)
	179220  -  ResidentSetSize of job (KB)
...
006 (126799.009.000) 2022-03-30 13:42:03 Image size of job updated: 690436
	183  -  MemoryUsage of job (MB)
	186544  -  ResidentSetSize of job (KB)
...
005 (126799.003.000) 2022-03-30 13:42:03 Job terminated.
	(1) Normal termination (return value 0)
		Usr 0 00:00:12, Sys 0 00:00:02  -  Run Remote Usage
		Usr 0 00:00:00, Sys 0 00:00:00  -  Run Local Usage
		Usr 0 00:00:12, Sys 0 00:00:02  -  Total Remote Usage
		Usr 0 00:00:00, Sys 0 00:00:00  -  Total Local Usage
	0  -  Run Bytes Sent By Job
	0  -  Run Bytes Received By Job
	0  -  Total Bytes Sent By Job
	0  -  Total Bytes Received By Job
	Partitionable Resources :    Usage  Request Allocated 
	   Cpus                 :                 1         1 
	   Disk (KB)            :        1        1    129249 
	   Memory (MB)          :      176     3900      3968 

	Job terminated of its own accord at 2022-03-30T04:42:03Z.
...
005 (126799.009.000) 2022-03-30 13:42:03 Job terminated.
	(1) Normal termination (return value 0)
		Usr 0 00:00:12, Sys 0 00:00:02  -  Run Remote Usage
		Usr 0 00:00:00, Sys 0 00:00:00  -  Run Local Usage
		Usr 0 00:00:12, Sys 0 00:00:02  -  Total Remote Usage
		Usr 0 00:00:00, Sys 0 00:00:00  -  Total Local Usage
	0  -  Run Bytes Sent By Job
	0  -  Run Bytes Received By Job
	0  -  Total Bytes Sent By Job
	0  -  Total Bytes Received By Job
	Partitionable Resources :    Usage  Request Allocated 
	   Cpus                 :                 1         1 
	   Disk (KB)            :        1        1    129249 
	   Memory (MB)          :      183     3900      3968 

	Job terminated of its own accord at 2022-03-30T04:42:03Z.
...
006 (126799.011.000) 2022-03-30 13:42:03 Image size of job updated: 689316
	173  -  MemoryUsage of job (MB)
	176484  -  ResidentSetSize of job (KB)
...
005 (126799.011.000) 2022-03-30 13:42:03 Job terminated.
	(1) Normal termination (return value 0)
		Usr 0 00:00:12, Sys 0 00:00:02  -  Run Remote Usage
		Usr 0 00:00:00, Sys 0 00:00:00  -  Run Local Usage
		Usr 0 00:00:12, Sys 0 00:00:02  -  Total Remote Usage
		Usr 0 00:00:00, Sys 0 00:00:00  -  Total Local Usage
	0  -  Run Bytes Sent By Job
	0  -  Run Bytes Received By Job
	0  -  Total Bytes Sent By Job
	0  -  Total Bytes Received By Job
	Partitionable Resources :    Usage  Request Allocated 
	   Cpus                 :                 1         1 
	   Disk (KB)            :        1        1    129249 
	   Memory (MB)          :      173     3900      3968 

	Job terminated of its own accord at 2022-03-30T04:42:03Z.
...
006 (126799.007.000) 2022-03-30 13:42:03 Image size of job updated: 690132
	183  -  MemoryUsage of job (MB)
	186548  -  ResidentSetSize of job (KB)
...
005 (126799.007.000) 2022-03-30 13:42:03 Job terminated.
	(1) Normal termination (return value 0)
		Usr 0 00:00:13, Sys 0 00:00:01  -  Run Remote Usage
		Usr 0 00:00:00, Sys 0 00:00:00  -  Run Local Usage
		Usr 0 00:00:13, Sys 0 00:00:01  -  Total Remote Usage
		Usr 0 00:00:00, Sys 0 00:00:00  -  Total Local Usage
	0  -  Run Bytes Sent By Job
	0  -  Run Bytes Received By Job
	0  -  Total Bytes Sent By Job
	0  -  Total Bytes Received By Job
	Partitionable Resources :    Usage  Request Allocated 
	   Cpus                 :                 1         1 
	   Disk (KB)            :        1        1    129249 
	   Memory (MB)          :      183     3900      3968 

	Job terminated of its own accord at 2022-03-30T04:42:03Z.
...
006 (126799.015.000) 2022-03-30 13:42:03 Image size of job updated: 690080
	183  -  MemoryUsage of job (MB)
	186540  -  ResidentSetSize of job (KB)
...
005 (126799.015.000) 2022-03-30 13:42:03 Job terminated.
	(1) Normal termination (return value 0)
		Usr 0 00:00:13, Sys 0 00:00:01  -  Run Remote Usage
		Usr 0 00:00:00, Sys 0 00:00:00  -  Run Local Usage
		Usr 0 00:00:13, Sys 0 00:00:01  -  Total Remote Usage
		Usr 0 00:00:00, Sys 0 00:00:00  -  Total Local Usage
	0  -  Run Bytes Sent By Job
	0  -  Run Bytes Received By Job
	0  -  Total Bytes Sent By Job
	0  -  Total Bytes Received By Job
	Partitionable Resources :    Usage  Request Allocated 
	   Cpus                 :                 1         1 
	   Disk (KB)            :        1        1    129249 
	   Memory (MB)          :      183     3900      3968 

	Job terminated of its own accord at 2022-03-30T04:42:03Z.
...
006 (126799.012.000) 2022-03-30 13:42:04 Image size of job updated: 690108
	181  -  MemoryUsage of job (MB)
	185060  -  ResidentSetSize of job (KB)
...
005 (126799.012.000) 2022-03-30 13:42:04 Job terminated.
	(1) Normal termination (return value 0)
		Usr 0 00:00:13, Sys 0 00:00:01  -  Run Remote Usage
		Usr 0 00:00:00, Sys 0 00:00:00  -  Run Local Usage
		Usr 0 00:00:13, Sys 0 00:00:01  -  Total Remote Usage
		Usr 0 00:00:00, Sys 0 00:00:00  -  Total Local Usage
	0  -  Run Bytes Sent By Job
	0  -  Run Bytes Received By Job
	0  -  Total Bytes Sent By Job
	0  -  Total Bytes Received By Job
	Partitionable Resources :    Usage  Request Allocated 
	   Cpus                 :                 1         1 
	   Disk (KB)            :        1        1    129249 
	   Memory (MB)          :      181     3900      3968 

	Job terminated of its own accord at 2022-03-30T04:42:04Z.
...
006 (126799.005.000) 2022-03-30 13:42:04 Image size of job updated: 690348
	183  -  MemoryUsage of job (MB)
	186540  -  ResidentSetSize of job (KB)
...
005 (126799.005.000) 2022-03-30 13:42:04 Job terminated.
	(1) Normal termination (return value 0)
		Usr 0 00:00:14, Sys 0 00:00:02  -  Run Remote Usage
		Usr 0 00:00:00, Sys 0 00:00:00  -  Run Local Usage
		Usr 0 00:00:14, Sys 0 00:00:02  -  Total Remote Usage
		Usr 0 00:00:00, Sys 0 00:00:00  -  Total Local Usage
	0  -  Run Bytes Sent By Job
	0  -  Run Bytes Received By Job
	0  -  Total Bytes Sent By Job
	0  -  Total Bytes Received By Job
	Partitionable Resources :    Usage  Request Allocated 
	   Cpus                 :                 1         1 
	   Disk (KB)            :        1        1    129249 
	   Memory (MB)          :      183     3900      3968 

	Job terminated of its own accord at 2022-03-30T04:42:04Z.
...
006 (126799.016.000) 2022-03-30 13:42:04 Image size of job updated: 689320
	183  -  MemoryUsage of job (MB)
	186548  -  ResidentSetSize of job (KB)
...
005 (126799.016.000) 2022-03-30 13:42:04 Job terminated.
	(1) Normal termination (return value 0)
		Usr 0 00:00:14, Sys 0 00:00:01  -  Run Remote Usage
		Usr 0 00:00:00, Sys 0 00:00:00  -  Run Local Usage
		Usr 0 00:00:14, Sys 0 00:00:01  -  Total Remote Usage
		Usr 0 00:00:00, Sys 0 00:00:00  -  Total Local Usage
	0  -  Run Bytes Sent By Job
	0  -  Run Bytes Received By Job
	0  -  Total Bytes Sent By Job
	0  -  Total Bytes Received By Job
	Partitionable Resources :    Usage  Request Allocated 
	   Cpus                 :                 1         1 
	   Disk (KB)            :        1        1    129249 
	   Memory (MB)          :      183     3900      3968 

	Job terminated of its own accord at 2022-03-30T04:42:04Z.
...
006 (126799.018.000) 2022-03-30 13:42:04 Image size of job updated: 690136
	183  -  MemoryUsage of job (MB)
	186540  -  ResidentSetSize of job (KB)
...
005 (126799.018.000) 2022-03-30 13:42:04 Job terminated.
	(1) Normal termination (return value 0)
		Usr 0 00:00:13, Sys 0 00:00:02  -  Run Remote Usage
		Usr 0 00:00:00, Sys 0 00:00:00  -  Run Local Usage
		Usr 0 00:00:13, Sys 0 00:00:02  -  Total Remote Usage
		Usr 0 00:00:00, Sys 0 00:00:00  -  Total Local Usage
	0  -  Run Bytes Sent By Job
	0  -  Run Bytes Received By Job
	0  -  Total Bytes Sent By Job
	0  -  Total Bytes Received By Job
	Partitionable Resources :    Usage  Request Allocated 
	   Cpus                 :                 1         1 
	   Disk (KB)            :        1        1    129249 
	   Memory (MB)          :      183     3900      3968 

	Job terminated of its own accord at 2022-03-30T04:42:04Z.
...
006 (126799.004.000) 2022-03-30 13:42:05 Image size of job updated: 690080
	182  -  MemoryUsage of job (MB)
	185744  -  ResidentSetSize of job (KB)
...
005 (126799.004.000) 2022-03-30 13:42:05 Job terminated.
	(1) Normal termination (return value 0)
		Usr 0 00:00:15, Sys 0 00:00:02  -  Run Remote Usage
		Usr 0 00:00:00, Sys 0 00:00:00  -  Run Local Usage
		Usr 0 00:00:15, Sys 0 00:00:02  -  Total Remote Usage
		Usr 0 00:00:00, Sys 0 00:00:00  -  Total Local Usage
	0  -  Run Bytes Sent By Job
	0  -  Run Bytes Received By Job
	0  -  Total Bytes Sent By Job
	0  -  Total Bytes Received By Job
	Partitionable Resources :    Usage  Request Allocated 
	   Cpus                 :                 1         1 
	   Disk (KB)            :        1        1    129249 
	   Memory (MB)          :      182     3900      3968 

	Job terminated of its own accord at 2022-03-30T04:42:05Z.
...
006 (126799.008.000) 2022-03-30 13:42:05 Image size of job updated: 691796
	183  -  MemoryUsage of job (MB)
	186540  -  ResidentSetSize of job (KB)
...
005 (126799.008.000) 2022-03-30 13:42:06 Job terminated.
	(1) Normal termination (return value 0)
		Usr 0 00:00:15, Sys 0 00:00:02  -  Run Remote Usage
		Usr 0 00:00:00, Sys 0 00:00:00  -  Run Local Usage
		Usr 0 00:00:15, Sys 0 00:00:02  -  Total Remote Usage
		Usr 0 00:00:00, Sys 0 00:00:00  -  Total Local Usage
	0  -  Run Bytes Sent By Job
	0  -  Run Bytes Received By Job
	0  -  Total Bytes Sent By Job
	0  -  Total Bytes Received By Job
	Partitionable Resources :    Usage  Request Allocated 
	   Cpus                 :                 1         1 
	   Disk (KB)            :        1        1    129249 
	   Memory (MB)          :      183     3900      3968 

	Job terminated of its own accord at 2022-03-30T04:42:05Z.
...
006 (126799.002.000) 2022-03-30 13:42:06 Image size of job updated: 690172
	172  -  MemoryUsage of job (MB)
	175424  -  ResidentSetSize of job (KB)
...
005 (126799.002.000) 2022-03-30 13:42:06 Job terminated.
	(1) Normal termination (return value 0)
		Usr 0 00:00:16, Sys 0 00:00:02  -  Run Remote Usage
		Usr 0 00:00:00, Sys 0 00:00:00  -  Run Local Usage
		Usr 0 00:00:16, Sys 0 00:00:02  -  Total Remote Usage
		Usr 0 00:00:00, Sys 0 00:00:00  -  Total Local Usage
	0  -  Run Bytes Sent By Job
	0  -  Run Bytes Received By Job
	0  -  Total Bytes Sent By Job
	0  -  Total Bytes Received By Job
	Partitionable Resources :    Usage  Request Allocated 
	   Cpus                 :                 1         1 
	   Disk (KB)            :        1        1    129249 
	   Memory (MB)          :      172     3900      3968 

	Job terminated of its own accord at 2022-03-30T04:42:06Z.
...
006 (126799.006.000) 2022-03-30 13:42:09 Image size of job updated: 691124
	183  -  MemoryUsage of job (MB)
	186532  -  ResidentSetSize of job (KB)
...
005 (126799.006.000) 2022-03-30 13:42:09 Job terminated.
	(1) Normal termination (return value 0)
		Usr 0 00:00:19, Sys 0 00:00:02  -  Run Remote Usage
		Usr 0 00:00:00, Sys 0 00:00:00  -  Run Local Usage
		Usr 0 00:00:19, Sys 0 00:00:02  -  Total Remote Usage
		Usr 0 00:00:00, Sys 0 00:00:00  -  Total Local Usage
	0  -  Run Bytes Sent By Job
	0  -  Run Bytes Received By Job
	0  -  Total Bytes Sent By Job
	0  -  Total Bytes Received By Job
	Partitionable Resources :    Usage  Request Allocated 
	   Cpus                 :                 1         1 
	   Disk (KB)            :        1        1    129249 
	   Memory (MB)          :      183     3900      3968 

	Job terminated of its own accord at 2022-03-30T04:42:09Z.
...
