000 (126814.000.000) 2022-03-30 13:42:17 Job submitted from host: <172.30.1.200:9618?addrs=172.30.1.200-9618&alias=tamsa2.snu.ac.kr&noUDP&sock=schedd_3154_f5cb>
...
000 (126814.001.000) 2022-03-30 13:42:17 Job submitted from host: <172.30.1.200:9618?addrs=172.30.1.200-9618&alias=tamsa2.snu.ac.kr&noUDP&sock=schedd_3154_f5cb>
...
000 (126814.002.000) 2022-03-30 13:42:17 Job submitted from host: <172.30.1.200:9618?addrs=172.30.1.200-9618&alias=tamsa2.snu.ac.kr&noUDP&sock=schedd_3154_f5cb>
...
000 (126814.003.000) 2022-03-30 13:42:17 Job submitted from host: <172.30.1.200:9618?addrs=172.30.1.200-9618&alias=tamsa2.snu.ac.kr&noUDP&sock=schedd_3154_f5cb>
...
000 (126814.004.000) 2022-03-30 13:42:17 Job submitted from host: <172.30.1.200:9618?addrs=172.30.1.200-9618&alias=tamsa2.snu.ac.kr&noUDP&sock=schedd_3154_f5cb>
...
000 (126814.005.000) 2022-03-30 13:42:17 Job submitted from host: <172.30.1.200:9618?addrs=172.30.1.200-9618&alias=tamsa2.snu.ac.kr&noUDP&sock=schedd_3154_f5cb>
...
000 (126814.006.000) 2022-03-30 13:42:17 Job submitted from host: <172.30.1.200:9618?addrs=172.30.1.200-9618&alias=tamsa2.snu.ac.kr&noUDP&sock=schedd_3154_f5cb>
...
000 (126814.007.000) 2022-03-30 13:42:17 Job submitted from host: <172.30.1.200:9618?addrs=172.30.1.200-9618&alias=tamsa2.snu.ac.kr&noUDP&sock=schedd_3154_f5cb>
...
000 (126814.008.000) 2022-03-30 13:42:17 Job submitted from host: <172.30.1.200:9618?addrs=172.30.1.200-9618&alias=tamsa2.snu.ac.kr&noUDP&sock=schedd_3154_f5cb>
...
000 (126814.009.000) 2022-03-30 13:42:17 Job submitted from host: <172.30.1.200:9618?addrs=172.30.1.200-9618&alias=tamsa2.snu.ac.kr&noUDP&sock=schedd_3154_f5cb>
...
000 (126814.010.000) 2022-03-30 13:42:17 Job submitted from host: <172.30.1.200:9618?addrs=172.30.1.200-9618&alias=tamsa2.snu.ac.kr&noUDP&sock=schedd_3154_f5cb>
...
000 (126814.011.000) 2022-03-30 13:42:17 Job submitted from host: <172.30.1.200:9618?addrs=172.30.1.200-9618&alias=tamsa2.snu.ac.kr&noUDP&sock=schedd_3154_f5cb>
...
000 (126814.012.000) 2022-03-30 13:42:17 Job submitted from host: <172.30.1.200:9618?addrs=172.30.1.200-9618&alias=tamsa2.snu.ac.kr&noUDP&sock=schedd_3154_f5cb>
...
000 (126814.013.000) 2022-03-30 13:42:17 Job submitted from host: <172.30.1.200:9618?addrs=172.30.1.200-9618&alias=tamsa2.snu.ac.kr&noUDP&sock=schedd_3154_f5cb>
...
000 (126814.014.000) 2022-03-30 13:42:17 Job submitted from host: <172.30.1.200:9618?addrs=172.30.1.200-9618&alias=tamsa2.snu.ac.kr&noUDP&sock=schedd_3154_f5cb>
...
000 (126814.015.000) 2022-03-30 13:42:17 Job submitted from host: <172.30.1.200:9618?addrs=172.30.1.200-9618&alias=tamsa2.snu.ac.kr&noUDP&sock=schedd_3154_f5cb>
...
000 (126814.016.000) 2022-03-30 13:42:17 Job submitted from host: <172.30.1.200:9618?addrs=172.30.1.200-9618&alias=tamsa2.snu.ac.kr&noUDP&sock=schedd_3154_f5cb>
...
000 (126814.017.000) 2022-03-30 13:42:17 Job submitted from host: <172.30.1.200:9618?addrs=172.30.1.200-9618&alias=tamsa2.snu.ac.kr&noUDP&sock=schedd_3154_f5cb>
...
000 (126814.018.000) 2022-03-30 13:42:17 Job submitted from host: <172.30.1.200:9618?addrs=172.30.1.200-9618&alias=tamsa2.snu.ac.kr&noUDP&sock=schedd_3154_f5cb>
...
000 (126814.019.000) 2022-03-30 13:42:17 Job submitted from host: <172.30.1.200:9618?addrs=172.30.1.200-9618&alias=tamsa2.snu.ac.kr&noUDP&sock=schedd_3154_f5cb>
...
001 (126814.019.000) 2022-03-30 13:42:27 Job executing on host: <172.30.1.207:9618?addrs=172.30.1.207-9618&alias=node7&noUDP&sock=startd_3626_b67f>
...
001 (126814.000.000) 2022-03-30 13:42:28 Job executing on host: <172.30.1.204:9618?addrs=172.30.1.204-9618&alias=node4&noUDP&sock=startd_3623_a7b6>
...
001 (126814.001.000) 2022-03-30 13:42:28 Job executing on host: <172.30.1.204:9618?addrs=172.30.1.204-9618&alias=node4&noUDP&sock=startd_3623_a7b6>
...
001 (126814.002.000) 2022-03-30 13:42:28 Job executing on host: <172.30.1.204:9618?addrs=172.30.1.204-9618&alias=node4&noUDP&sock=startd_3623_a7b6>
...
001 (126814.003.000) 2022-03-30 13:42:28 Job executing on host: <172.30.1.204:9618?addrs=172.30.1.204-9618&alias=node4&noUDP&sock=startd_3623_a7b6>
...
001 (126814.004.000) 2022-03-30 13:42:28 Job executing on host: <172.30.1.204:9618?addrs=172.30.1.204-9618&alias=node4&noUDP&sock=startd_3623_a7b6>
...
001 (126814.005.000) 2022-03-30 13:42:29 Job executing on host: <172.30.1.204:9618?addrs=172.30.1.204-9618&alias=node4&noUDP&sock=startd_3623_a7b6>
...
001 (126814.006.000) 2022-03-30 13:42:29 Job executing on host: <172.30.1.204:9618?addrs=172.30.1.204-9618&alias=node4&noUDP&sock=startd_3623_a7b6>
...
001 (126814.007.000) 2022-03-30 13:42:29 Job executing on host: <172.30.1.204:9618?addrs=172.30.1.204-9618&alias=node4&noUDP&sock=startd_3623_a7b6>
...
001 (126814.008.000) 2022-03-30 13:42:29 Job executing on host: <172.30.1.204:9618?addrs=172.30.1.204-9618&alias=node4&noUDP&sock=startd_3623_a7b6>
...
001 (126814.009.000) 2022-03-30 13:42:29 Job executing on host: <172.30.1.204:9618?addrs=172.30.1.204-9618&alias=node4&noUDP&sock=startd_3623_a7b6>
...
001 (126814.010.000) 2022-03-30 13:42:29 Job executing on host: <172.30.1.204:9618?addrs=172.30.1.204-9618&alias=node4&noUDP&sock=startd_3623_a7b6>
...
001 (126814.011.000) 2022-03-30 13:42:29 Job executing on host: <172.30.1.204:9618?addrs=172.30.1.204-9618&alias=node4&noUDP&sock=startd_3623_a7b6>
...
001 (126814.012.000) 2022-03-30 13:42:29 Job executing on host: <172.30.1.204:9618?addrs=172.30.1.204-9618&alias=node4&noUDP&sock=startd_3623_a7b6>
...
001 (126814.013.000) 2022-03-30 13:42:29 Job executing on host: <172.30.1.204:9618?addrs=172.30.1.204-9618&alias=node4&noUDP&sock=startd_3623_a7b6>
...
001 (126814.014.000) 2022-03-30 13:42:29 Job executing on host: <172.30.1.204:9618?addrs=172.30.1.204-9618&alias=node4&noUDP&sock=startd_3623_a7b6>
...
001 (126814.015.000) 2022-03-30 13:42:29 Job executing on host: <172.30.1.204:9618?addrs=172.30.1.204-9618&alias=node4&noUDP&sock=startd_3623_a7b6>
...
001 (126814.016.000) 2022-03-30 13:42:29 Job executing on host: <172.30.1.204:9618?addrs=172.30.1.204-9618&alias=node4&noUDP&sock=startd_3623_a7b6>
...
001 (126814.017.000) 2022-03-30 13:42:30 Job executing on host: <172.30.1.204:9618?addrs=172.30.1.204-9618&alias=node4&noUDP&sock=startd_3623_a7b6>
...
001 (126814.018.000) 2022-03-30 13:42:30 Job executing on host: <172.30.1.204:9618?addrs=172.30.1.204-9618&alias=node4&noUDP&sock=startd_3623_a7b6>
...
006 (126814.019.000) 2022-03-30 13:42:36 Image size of job updated: 394048
	152  -  MemoryUsage of job (MB)
	155404  -  ResidentSetSize of job (KB)
...
006 (126814.004.000) 2022-03-30 13:42:37 Image size of job updated: 581740
	152  -  MemoryUsage of job (MB)
	155156  -  ResidentSetSize of job (KB)
...
006 (126814.005.000) 2022-03-30 13:42:37 Image size of job updated: 623208
	161  -  MemoryUsage of job (MB)
	164116  -  ResidentSetSize of job (KB)
...
006 (126814.006.000) 2022-03-30 13:42:37 Image size of job updated: 623216
	161  -  MemoryUsage of job (MB)
	164136  -  ResidentSetSize of job (KB)
...
006 (126814.007.000) 2022-03-30 13:42:37 Image size of job updated: 623208
	162  -  MemoryUsage of job (MB)
	165744  -  ResidentSetSize of job (KB)
...
006 (126814.008.000) 2022-03-30 13:42:37 Image size of job updated: 628336
	164  -  MemoryUsage of job (MB)
	167824  -  ResidentSetSize of job (KB)
...
006 (126814.009.000) 2022-03-30 13:42:37 Image size of job updated: 623208
	166  -  MemoryUsage of job (MB)
	169500  -  ResidentSetSize of job (KB)
...
006 (126814.000.000) 2022-03-30 13:42:37 Image size of job updated: 615400
	169  -  MemoryUsage of job (MB)
	172748  -  ResidentSetSize of job (KB)
...
006 (126814.001.000) 2022-03-30 13:42:37 Image size of job updated: 623212
	173  -  MemoryUsage of job (MB)
	176732  -  ResidentSetSize of job (KB)
...
006 (126814.002.000) 2022-03-30 13:42:37 Image size of job updated: 623216
	175  -  MemoryUsage of job (MB)
	178412  -  ResidentSetSize of job (KB)
...
006 (126814.003.000) 2022-03-30 13:42:37 Image size of job updated: 623216
	176  -  MemoryUsage of job (MB)
	179500  -  ResidentSetSize of job (KB)
...
006 (126814.016.000) 2022-03-30 13:42:38 Image size of job updated: 623228
	180  -  MemoryUsage of job (MB)
	183960  -  ResidentSetSize of job (KB)
...
006 (126814.017.000) 2022-03-30 13:42:38 Image size of job updated: 565544
	154  -  MemoryUsage of job (MB)
	157432  -  ResidentSetSize of job (KB)
...
006 (126814.018.000) 2022-03-30 13:42:38 Image size of job updated: 615460
	178  -  MemoryUsage of job (MB)
	181500  -  ResidentSetSize of job (KB)
...
006 (126814.010.000) 2022-03-30 13:42:38 Image size of job updated: 614640
	155  -  MemoryUsage of job (MB)
	157988  -  ResidentSetSize of job (KB)
...
006 (126814.011.000) 2022-03-30 13:42:38 Image size of job updated: 614608
	156  -  MemoryUsage of job (MB)
	159596  -  ResidentSetSize of job (KB)
...
006 (126814.012.000) 2022-03-30 13:42:38 Image size of job updated: 614608
	161  -  MemoryUsage of job (MB)
	164124  -  ResidentSetSize of job (KB)
...
006 (126814.013.000) 2022-03-30 13:42:38 Image size of job updated: 623212
	183  -  MemoryUsage of job (MB)
	187280  -  ResidentSetSize of job (KB)
...
006 (126814.014.000) 2022-03-30 13:42:38 Image size of job updated: 623212
	183  -  MemoryUsage of job (MB)
	187292  -  ResidentSetSize of job (KB)
...
006 (126814.015.000) 2022-03-30 13:42:38 Image size of job updated: 615456
	183  -  MemoryUsage of job (MB)
	187284  -  ResidentSetSize of job (KB)
...
006 (126814.015.000) 2022-03-30 13:42:42 Image size of job updated: 648904
	183  -  MemoryUsage of job (MB)
	187284  -  ResidentSetSize of job (KB)
...
006 (126814.019.000) 2022-03-30 13:42:42 Image size of job updated: 689716
	152  -  MemoryUsage of job (MB)
	155412  -  ResidentSetSize of job (KB)
...
005 (126814.015.000) 2022-03-30 13:42:42 Job terminated.
	(1) Normal termination (return value 0)
		Usr 0 00:00:07, Sys 0 00:00:02  -  Run Remote Usage
		Usr 0 00:00:00, Sys 0 00:00:00  -  Run Local Usage
		Usr 0 00:00:07, Sys 0 00:00:02  -  Total Remote Usage
		Usr 0 00:00:00, Sys 0 00:00:00  -  Total Local Usage
	0  -  Run Bytes Sent By Job
	0  -  Run Bytes Received By Job
	0  -  Total Bytes Sent By Job
	0  -  Total Bytes Received By Job
	Partitionable Resources :    Usage  Request Allocated 
	   Cpus                 :                 1         1 
	   Disk (KB)            :        1        1    129249 
	   Memory (MB)          :      183     3900      3968 

	Job terminated of its own accord at 2022-03-30T04:42:42Z.
...
005 (126814.019.000) 2022-03-30 13:42:42 Job terminated.
	(1) Normal termination (return value 0)
		Usr 0 00:00:07, Sys 0 00:00:02  -  Run Remote Usage
		Usr 0 00:00:00, Sys 0 00:00:00  -  Run Local Usage
		Usr 0 00:00:07, Sys 0 00:00:02  -  Total Remote Usage
		Usr 0 00:00:00, Sys 0 00:00:00  -  Total Local Usage
	0  -  Run Bytes Sent By Job
	0  -  Run Bytes Received By Job
	0  -  Total Bytes Sent By Job
	0  -  Total Bytes Received By Job
	Partitionable Resources :    Usage  Request Allocated 
	   Cpus                 :                 1         1 
	   Disk (KB)            :        1        1    129249 
	   Memory (MB)          :      152     3900      3968 

	Job terminated of its own accord at 2022-03-30T04:42:42Z.
...
006 (126814.018.000) 2022-03-30 13:42:43 Image size of job updated: 689732
	178  -  MemoryUsage of job (MB)
	181500  -  ResidentSetSize of job (KB)
...
005 (126814.018.000) 2022-03-30 13:42:44 Job terminated.
	(1) Normal termination (return value 0)
		Usr 0 00:00:08, Sys 0 00:00:02  -  Run Remote Usage
		Usr 0 00:00:00, Sys 0 00:00:00  -  Run Local Usage
		Usr 0 00:00:08, Sys 0 00:00:02  -  Total Remote Usage
		Usr 0 00:00:00, Sys 0 00:00:00  -  Total Local Usage
	0  -  Run Bytes Sent By Job
	0  -  Run Bytes Received By Job
	0  -  Total Bytes Sent By Job
	0  -  Total Bytes Received By Job
	Partitionable Resources :    Usage  Request Allocated 
	   Cpus                 :                 1         1 
	   Disk (KB)            :        1        1    129249 
	   Memory (MB)          :      178     3900      3968 

	Job terminated of its own accord at 2022-03-30T04:42:43Z.
...
006 (126814.005.000) 2022-03-30 13:42:44 Image size of job updated: 689772
	161  -  MemoryUsage of job (MB)
	164116  -  ResidentSetSize of job (KB)
...
005 (126814.005.000) 2022-03-30 13:42:44 Job terminated.
	(1) Normal termination (return value 0)
		Usr 0 00:00:09, Sys 0 00:00:02  -  Run Remote Usage
		Usr 0 00:00:00, Sys 0 00:00:00  -  Run Local Usage
		Usr 0 00:00:09, Sys 0 00:00:02  -  Total Remote Usage
		Usr 0 00:00:00, Sys 0 00:00:00  -  Total Local Usage
	0  -  Run Bytes Sent By Job
	0  -  Run Bytes Received By Job
	0  -  Total Bytes Sent By Job
	0  -  Total Bytes Received By Job
	Partitionable Resources :    Usage  Request Allocated 
	   Cpus                 :                 1         1 
	   Disk (KB)            :        1        1    129249 
	   Memory (MB)          :      161     3900      3968 

	Job terminated of its own accord at 2022-03-30T04:42:44Z.
...
006 (126814.008.000) 2022-03-30 13:42:44 Image size of job updated: 689780
	164  -  MemoryUsage of job (MB)
	167824  -  ResidentSetSize of job (KB)
...
005 (126814.008.000) 2022-03-30 13:42:44 Job terminated.
	(1) Normal termination (return value 0)
		Usr 0 00:00:09, Sys 0 00:00:02  -  Run Remote Usage
		Usr 0 00:00:00, Sys 0 00:00:00  -  Run Local Usage
		Usr 0 00:00:09, Sys 0 00:00:02  -  Total Remote Usage
		Usr 0 00:00:00, Sys 0 00:00:00  -  Total Local Usage
	0  -  Run Bytes Sent By Job
	0  -  Run Bytes Received By Job
	0  -  Total Bytes Sent By Job
	0  -  Total Bytes Received By Job
	Partitionable Resources :    Usage  Request Allocated 
	   Cpus                 :                 1         1 
	   Disk (KB)            :        1        1    129249 
	   Memory (MB)          :      164     3900      3968 

	Job terminated of its own accord at 2022-03-30T04:42:44Z.
...
006 (126814.004.000) 2022-03-30 13:42:44 Image size of job updated: 689792
	152  -  MemoryUsage of job (MB)
	155160  -  ResidentSetSize of job (KB)
...
005 (126814.004.000) 2022-03-30 13:42:44 Job terminated.
	(1) Normal termination (return value 0)
		Usr 0 00:00:09, Sys 0 00:00:02  -  Run Remote Usage
		Usr 0 00:00:00, Sys 0 00:00:00  -  Run Local Usage
		Usr 0 00:00:09, Sys 0 00:00:02  -  Total Remote Usage
		Usr 0 00:00:00, Sys 0 00:00:00  -  Total Local Usage
	0  -  Run Bytes Sent By Job
	0  -  Run Bytes Received By Job
	0  -  Total Bytes Sent By Job
	0  -  Total Bytes Received By Job
	Partitionable Resources :    Usage  Request Allocated 
	   Cpus                 :                 1         1 
	   Disk (KB)            :        1        1    129249 
	   Memory (MB)          :      152     3900      3968 

	Job terminated of its own accord at 2022-03-30T04:42:44Z.
...
006 (126814.013.000) 2022-03-30 13:42:45 Image size of job updated: 689724
	183  -  MemoryUsage of job (MB)
	187280  -  ResidentSetSize of job (KB)
...
005 (126814.013.000) 2022-03-30 13:42:45 Job terminated.
	(1) Normal termination (return value 0)
		Usr 0 00:00:09, Sys 0 00:00:01  -  Run Remote Usage
		Usr 0 00:00:00, Sys 0 00:00:00  -  Run Local Usage
		Usr 0 00:00:09, Sys 0 00:00:01  -  Total Remote Usage
		Usr 0 00:00:00, Sys 0 00:00:00  -  Total Local Usage
	0  -  Run Bytes Sent By Job
	0  -  Run Bytes Received By Job
	0  -  Total Bytes Sent By Job
	0  -  Total Bytes Received By Job
	Partitionable Resources :    Usage  Request Allocated 
	   Cpus                 :                 1         1 
	   Disk (KB)            :        1        1    129249 
	   Memory (MB)          :      183     3900      3968 

	Job terminated of its own accord at 2022-03-30T04:42:45Z.
...
006 (126814.002.000) 2022-03-30 13:42:45 Image size of job updated: 689792
	175  -  MemoryUsage of job (MB)
	178412  -  ResidentSetSize of job (KB)
...
006 (126814.010.000) 2022-03-30 13:42:45 Image size of job updated: 689712
	155  -  MemoryUsage of job (MB)
	157988  -  ResidentSetSize of job (KB)
...
005 (126814.002.000) 2022-03-30 13:42:45 Job terminated.
	(1) Normal termination (return value 0)
		Usr 0 00:00:09, Sys 0 00:00:02  -  Run Remote Usage
		Usr 0 00:00:00, Sys 0 00:00:00  -  Run Local Usage
		Usr 0 00:00:09, Sys 0 00:00:02  -  Total Remote Usage
		Usr 0 00:00:00, Sys 0 00:00:00  -  Total Local Usage
	0  -  Run Bytes Sent By Job
	0  -  Run Bytes Received By Job
	0  -  Total Bytes Sent By Job
	0  -  Total Bytes Received By Job
	Partitionable Resources :    Usage  Request Allocated 
	   Cpus                 :                 1         1 
	   Disk (KB)            :        1        1    129249 
	   Memory (MB)          :      175     3900      3968 

	Job terminated of its own accord at 2022-03-30T04:42:45Z.
...
006 (126814.016.000) 2022-03-30 13:42:45 Image size of job updated: 689968
	180  -  MemoryUsage of job (MB)
	183960  -  ResidentSetSize of job (KB)
...
005 (126814.010.000) 2022-03-30 13:42:45 Job terminated.
	(1) Normal termination (return value 0)
		Usr 0 00:00:09, Sys 0 00:00:02  -  Run Remote Usage
		Usr 0 00:00:00, Sys 0 00:00:00  -  Run Local Usage
		Usr 0 00:00:09, Sys 0 00:00:02  -  Total Remote Usage
		Usr 0 00:00:00, Sys 0 00:00:00  -  Total Local Usage
	0  -  Run Bytes Sent By Job
	0  -  Run Bytes Received By Job
	0  -  Total Bytes Sent By Job
	0  -  Total Bytes Received By Job
	Partitionable Resources :    Usage  Request Allocated 
	   Cpus                 :                 1         1 
	   Disk (KB)            :        1        1    129249 
	   Memory (MB)          :      155     3900      3968 

	Job terminated of its own accord at 2022-03-30T04:42:45Z.
...
005 (126814.016.000) 2022-03-30 13:42:45 Job terminated.
	(1) Normal termination (return value 0)
		Usr 0 00:00:09, Sys 0 00:00:02  -  Run Remote Usage
		Usr 0 00:00:00, Sys 0 00:00:00  -  Run Local Usage
		Usr 0 00:00:09, Sys 0 00:00:02  -  Total Remote Usage
		Usr 0 00:00:00, Sys 0 00:00:00  -  Total Local Usage
	0  -  Run Bytes Sent By Job
	0  -  Run Bytes Received By Job
	0  -  Total Bytes Sent By Job
	0  -  Total Bytes Received By Job
	Partitionable Resources :    Usage  Request Allocated 
	   Cpus                 :                 1         1 
	   Disk (KB)            :        1        1    129249 
	   Memory (MB)          :      180     3900      3968 

	Job terminated of its own accord at 2022-03-30T04:42:45Z.
...
006 (126814.006.000) 2022-03-30 13:42:45 Image size of job updated: 698808
	161  -  MemoryUsage of job (MB)
	164140  -  ResidentSetSize of job (KB)
...
006 (126814.000.000) 2022-03-30 13:42:45 Image size of job updated: 689780
	169  -  MemoryUsage of job (MB)
	172748  -  ResidentSetSize of job (KB)
...
005 (126814.000.000) 2022-03-30 13:42:45 Job terminated.
	(1) Normal termination (return value 0)
		Usr 0 00:00:10, Sys 0 00:00:02  -  Run Remote Usage
		Usr 0 00:00:00, Sys 0 00:00:00  -  Run Local Usage
		Usr 0 00:00:10, Sys 0 00:00:02  -  Total Remote Usage
		Usr 0 00:00:00, Sys 0 00:00:00  -  Total Local Usage
	0  -  Run Bytes Sent By Job
	0  -  Run Bytes Received By Job
	0  -  Total Bytes Sent By Job
	0  -  Total Bytes Received By Job
	Partitionable Resources :    Usage  Request Allocated 
	   Cpus                 :                 1         1 
	   Disk (KB)            :        1        1    129249 
	   Memory (MB)          :      169     3900      3968 

	Job terminated of its own accord at 2022-03-30T04:42:45Z.
...
005 (126814.006.000) 2022-03-30 13:42:45 Job terminated.
	(1) Normal termination (return value 0)
		Usr 0 00:00:10, Sys 0 00:00:02  -  Run Remote Usage
		Usr 0 00:00:00, Sys 0 00:00:00  -  Run Local Usage
		Usr 0 00:00:10, Sys 0 00:00:02  -  Total Remote Usage
		Usr 0 00:00:00, Sys 0 00:00:00  -  Total Local Usage
	0  -  Run Bytes Sent By Job
	0  -  Run Bytes Received By Job
	0  -  Total Bytes Sent By Job
	0  -  Total Bytes Received By Job
	Partitionable Resources :    Usage  Request Allocated 
	   Cpus                 :                 1         1 
	   Disk (KB)            :        1        1    129249 
	   Memory (MB)          :      161     3900      3968 

	Job terminated of its own accord at 2022-03-30T04:42:45Z.
...
006 (126814.007.000) 2022-03-30 13:42:45 Image size of job updated: 689788
	162  -  MemoryUsage of job (MB)
	165744  -  ResidentSetSize of job (KB)
...
005 (126814.007.000) 2022-03-30 13:42:45 Job terminated.
	(1) Normal termination (return value 0)
		Usr 0 00:00:10, Sys 0 00:00:02  -  Run Remote Usage
		Usr 0 00:00:00, Sys 0 00:00:00  -  Run Local Usage
		Usr 0 00:00:10, Sys 0 00:00:02  -  Total Remote Usage
		Usr 0 00:00:00, Sys 0 00:00:00  -  Total Local Usage
	0  -  Run Bytes Sent By Job
	0  -  Run Bytes Received By Job
	0  -  Total Bytes Sent By Job
	0  -  Total Bytes Received By Job
	Partitionable Resources :    Usage  Request Allocated 
	   Cpus                 :                 1         1 
	   Disk (KB)            :        1        1    129249 
	   Memory (MB)          :      162     3900      3968 

	Job terminated of its own accord at 2022-03-30T04:42:45Z.
...
006 (126814.003.000) 2022-03-30 13:42:46 Image size of job updated: 689772
	176  -  MemoryUsage of job (MB)
	179544  -  ResidentSetSize of job (KB)
...
006 (126814.009.000) 2022-03-30 13:42:46 Image size of job updated: 689756
	166  -  MemoryUsage of job (MB)
	169500  -  ResidentSetSize of job (KB)
...
005 (126814.003.000) 2022-03-30 13:42:46 Job terminated.
	(1) Normal termination (return value 0)
		Usr 0 00:00:11, Sys 0 00:00:02  -  Run Remote Usage
		Usr 0 00:00:00, Sys 0 00:00:00  -  Run Local Usage
		Usr 0 00:00:11, Sys 0 00:00:02  -  Total Remote Usage
		Usr 0 00:00:00, Sys 0 00:00:00  -  Total Local Usage
	0  -  Run Bytes Sent By Job
	0  -  Run Bytes Received By Job
	0  -  Total Bytes Sent By Job
	0  -  Total Bytes Received By Job
	Partitionable Resources :    Usage  Request Allocated 
	   Cpus                 :                 1         1 
	   Disk (KB)            :        1        1    129249 
	   Memory (MB)          :      176     3900      3968 

	Job terminated of its own accord at 2022-03-30T04:42:46Z.
...
005 (126814.009.000) 2022-03-30 13:42:46 Job terminated.
	(1) Normal termination (return value 0)
		Usr 0 00:00:11, Sys 0 00:00:01  -  Run Remote Usage
		Usr 0 00:00:00, Sys 0 00:00:00  -  Run Local Usage
		Usr 0 00:00:11, Sys 0 00:00:01  -  Total Remote Usage
		Usr 0 00:00:00, Sys 0 00:00:00  -  Total Local Usage
	0  -  Run Bytes Sent By Job
	0  -  Run Bytes Received By Job
	0  -  Total Bytes Sent By Job
	0  -  Total Bytes Received By Job
	Partitionable Resources :    Usage  Request Allocated 
	   Cpus                 :                 1         1 
	   Disk (KB)            :        1        1    129249 
	   Memory (MB)          :      166     3900      3968 

	Job terminated of its own accord at 2022-03-30T04:42:46Z.
...
006 (126814.012.000) 2022-03-30 13:42:46 Image size of job updated: 689724
	161  -  MemoryUsage of job (MB)
	164124  -  ResidentSetSize of job (KB)
...
005 (126814.012.000) 2022-03-30 13:42:46 Job terminated.
	(1) Normal termination (return value 0)
		Usr 0 00:00:10, Sys 0 00:00:02  -  Run Remote Usage
		Usr 0 00:00:00, Sys 0 00:00:00  -  Run Local Usage
		Usr 0 00:00:10, Sys 0 00:00:02  -  Total Remote Usage
		Usr 0 00:00:00, Sys 0 00:00:00  -  Total Local Usage
	0  -  Run Bytes Sent By Job
	0  -  Run Bytes Received By Job
	0  -  Total Bytes Sent By Job
	0  -  Total Bytes Received By Job
	Partitionable Resources :    Usage  Request Allocated 
	   Cpus                 :                 1         1 
	   Disk (KB)            :        1        1    129249 
	   Memory (MB)          :      161     3900      3968 

	Job terminated of its own accord at 2022-03-30T04:42:46Z.
...
006 (126814.011.000) 2022-03-30 13:42:47 Image size of job updated: 689732
	156  -  MemoryUsage of job (MB)
	159604  -  ResidentSetSize of job (KB)
...
005 (126814.011.000) 2022-03-30 13:42:47 Job terminated.
	(1) Normal termination (return value 0)
		Usr 0 00:00:11, Sys 0 00:00:02  -  Run Remote Usage
		Usr 0 00:00:00, Sys 0 00:00:00  -  Run Local Usage
		Usr 0 00:00:11, Sys 0 00:00:02  -  Total Remote Usage
		Usr 0 00:00:00, Sys 0 00:00:00  -  Total Local Usage
	0  -  Run Bytes Sent By Job
	0  -  Run Bytes Received By Job
	0  -  Total Bytes Sent By Job
	0  -  Total Bytes Received By Job
	Partitionable Resources :    Usage  Request Allocated 
	   Cpus                 :                 1         1 
	   Disk (KB)            :        1        1    129249 
	   Memory (MB)          :      156     3900      3968 

	Job terminated of its own accord at 2022-03-30T04:42:47Z.
...
006 (126814.017.000) 2022-03-30 13:43:03 Image size of job updated: 648908
	154  -  MemoryUsage of job (MB)
	157432  -  ResidentSetSize of job (KB)
...
005 (126814.017.000) 2022-03-30 13:43:03 Job terminated.
	(1) Normal termination (return value 0)
		Usr 0 00:00:27, Sys 0 00:00:02  -  Run Remote Usage
		Usr 0 00:00:00, Sys 0 00:00:00  -  Run Local Usage
		Usr 0 00:00:27, Sys 0 00:00:02  -  Total Remote Usage
		Usr 0 00:00:00, Sys 0 00:00:00  -  Total Local Usage
	0  -  Run Bytes Sent By Job
	0  -  Run Bytes Received By Job
	0  -  Total Bytes Sent By Job
	0  -  Total Bytes Received By Job
	Partitionable Resources :    Usage  Request Allocated 
	   Cpus                 :                 1         1 
	   Disk (KB)            :        1        1    129249 
	   Memory (MB)          :      154     3900      3968 

	Job terminated of its own accord at 2022-03-30T04:43:03Z.
...
006 (126814.014.000) 2022-03-30 13:43:21 Image size of job updated: 648912
	183  -  MemoryUsage of job (MB)
	187292  -  ResidentSetSize of job (KB)
...
005 (126814.014.000) 2022-03-30 13:43:21 Job terminated.
	(1) Normal termination (return value 0)
		Usr 0 00:00:46, Sys 0 00:00:02  -  Run Remote Usage
		Usr 0 00:00:00, Sys 0 00:00:00  -  Run Local Usage
		Usr 0 00:00:46, Sys 0 00:00:02  -  Total Remote Usage
		Usr 0 00:00:00, Sys 0 00:00:00  -  Total Local Usage
	0  -  Run Bytes Sent By Job
	0  -  Run Bytes Received By Job
	0  -  Total Bytes Sent By Job
	0  -  Total Bytes Received By Job
	Partitionable Resources :    Usage  Request Allocated 
	   Cpus                 :                 1         1 
	   Disk (KB)            :        1        1    129249 
	   Memory (MB)          :      183     3900      3968 

	Job terminated of its own accord at 2022-03-30T04:43:21Z.
...
006 (126814.001.000) 2022-03-30 13:43:23 Image size of job updated: 689928
	173  -  MemoryUsage of job (MB)
	176736  -  ResidentSetSize of job (KB)
...
005 (126814.001.000) 2022-03-30 13:43:24 Job terminated.
	(1) Normal termination (return value 0)
		Usr 0 00:00:48, Sys 0 00:00:02  -  Run Remote Usage
		Usr 0 00:00:00, Sys 0 00:00:00  -  Run Local Usage
		Usr 0 00:00:48, Sys 0 00:00:02  -  Total Remote Usage
		Usr 0 00:00:00, Sys 0 00:00:00  -  Total Local Usage
	0  -  Run Bytes Sent By Job
	0  -  Run Bytes Received By Job
	0  -  Total Bytes Sent By Job
	0  -  Total Bytes Received By Job
	Partitionable Resources :    Usage  Request Allocated 
	   Cpus                 :                 1         1 
	   Disk (KB)            :        1        1    129249 
	   Memory (MB)          :      173     3900      3968 

	Job terminated of its own accord at 2022-03-30T04:43:23Z.
...
000 (127792.000.000) 2022-03-31 14:00:40 Job submitted from host: <172.30.1.200:9618?addrs=172.30.1.200-9618&alias=tamsa2.snu.ac.kr&noUDP&sock=schedd_3154_f5cb>
...
000 (127792.001.000) 2022-03-31 14:00:40 Job submitted from host: <172.30.1.200:9618?addrs=172.30.1.200-9618&alias=tamsa2.snu.ac.kr&noUDP&sock=schedd_3154_f5cb>
...
000 (127792.002.000) 2022-03-31 14:00:40 Job submitted from host: <172.30.1.200:9618?addrs=172.30.1.200-9618&alias=tamsa2.snu.ac.kr&noUDP&sock=schedd_3154_f5cb>
...
000 (127792.003.000) 2022-03-31 14:00:40 Job submitted from host: <172.30.1.200:9618?addrs=172.30.1.200-9618&alias=tamsa2.snu.ac.kr&noUDP&sock=schedd_3154_f5cb>
...
000 (127792.004.000) 2022-03-31 14:00:40 Job submitted from host: <172.30.1.200:9618?addrs=172.30.1.200-9618&alias=tamsa2.snu.ac.kr&noUDP&sock=schedd_3154_f5cb>
...
000 (127792.005.000) 2022-03-31 14:00:40 Job submitted from host: <172.30.1.200:9618?addrs=172.30.1.200-9618&alias=tamsa2.snu.ac.kr&noUDP&sock=schedd_3154_f5cb>
...
000 (127792.006.000) 2022-03-31 14:00:40 Job submitted from host: <172.30.1.200:9618?addrs=172.30.1.200-9618&alias=tamsa2.snu.ac.kr&noUDP&sock=schedd_3154_f5cb>
...
000 (127792.007.000) 2022-03-31 14:00:40 Job submitted from host: <172.30.1.200:9618?addrs=172.30.1.200-9618&alias=tamsa2.snu.ac.kr&noUDP&sock=schedd_3154_f5cb>
...
000 (127792.008.000) 2022-03-31 14:00:40 Job submitted from host: <172.30.1.200:9618?addrs=172.30.1.200-9618&alias=tamsa2.snu.ac.kr&noUDP&sock=schedd_3154_f5cb>
...
000 (127792.009.000) 2022-03-31 14:00:40 Job submitted from host: <172.30.1.200:9618?addrs=172.30.1.200-9618&alias=tamsa2.snu.ac.kr&noUDP&sock=schedd_3154_f5cb>
...
000 (127792.010.000) 2022-03-31 14:00:40 Job submitted from host: <172.30.1.200:9618?addrs=172.30.1.200-9618&alias=tamsa2.snu.ac.kr&noUDP&sock=schedd_3154_f5cb>
...
000 (127792.011.000) 2022-03-31 14:00:40 Job submitted from host: <172.30.1.200:9618?addrs=172.30.1.200-9618&alias=tamsa2.snu.ac.kr&noUDP&sock=schedd_3154_f5cb>
...
000 (127792.012.000) 2022-03-31 14:00:40 Job submitted from host: <172.30.1.200:9618?addrs=172.30.1.200-9618&alias=tamsa2.snu.ac.kr&noUDP&sock=schedd_3154_f5cb>
...
000 (127792.013.000) 2022-03-31 14:00:40 Job submitted from host: <172.30.1.200:9618?addrs=172.30.1.200-9618&alias=tamsa2.snu.ac.kr&noUDP&sock=schedd_3154_f5cb>
...
000 (127792.014.000) 2022-03-31 14:00:40 Job submitted from host: <172.30.1.200:9618?addrs=172.30.1.200-9618&alias=tamsa2.snu.ac.kr&noUDP&sock=schedd_3154_f5cb>
...
000 (127792.015.000) 2022-03-31 14:00:40 Job submitted from host: <172.30.1.200:9618?addrs=172.30.1.200-9618&alias=tamsa2.snu.ac.kr&noUDP&sock=schedd_3154_f5cb>
...
000 (127792.016.000) 2022-03-31 14:00:40 Job submitted from host: <172.30.1.200:9618?addrs=172.30.1.200-9618&alias=tamsa2.snu.ac.kr&noUDP&sock=schedd_3154_f5cb>
...
000 (127792.017.000) 2022-03-31 14:00:40 Job submitted from host: <172.30.1.200:9618?addrs=172.30.1.200-9618&alias=tamsa2.snu.ac.kr&noUDP&sock=schedd_3154_f5cb>
...
000 (127792.018.000) 2022-03-31 14:00:40 Job submitted from host: <172.30.1.200:9618?addrs=172.30.1.200-9618&alias=tamsa2.snu.ac.kr&noUDP&sock=schedd_3154_f5cb>
...
000 (127792.019.000) 2022-03-31 14:00:40 Job submitted from host: <172.30.1.200:9618?addrs=172.30.1.200-9618&alias=tamsa2.snu.ac.kr&noUDP&sock=schedd_3154_f5cb>
...
001 (127792.000.000) 2022-03-31 14:00:47 Job executing on host: <172.30.1.207:9618?addrs=172.30.1.207-9618&alias=node7&noUDP&sock=startd_3626_b67f>
...
001 (127792.001.000) 2022-03-31 14:00:47 Job executing on host: <172.30.1.207:9618?addrs=172.30.1.207-9618&alias=node7&noUDP&sock=startd_3626_b67f>
...
001 (127792.002.000) 2022-03-31 14:00:47 Job executing on host: <172.30.1.207:9618?addrs=172.30.1.207-9618&alias=node7&noUDP&sock=startd_3626_b67f>
...
001 (127792.004.000) 2022-03-31 14:00:47 Job executing on host: <172.30.1.207:9618?addrs=172.30.1.207-9618&alias=node7&noUDP&sock=startd_3626_b67f>
...
001 (127792.003.000) 2022-03-31 14:00:47 Job executing on host: <172.30.1.207:9618?addrs=172.30.1.207-9618&alias=node7&noUDP&sock=startd_3626_b67f>
...
001 (127792.005.000) 2022-03-31 14:00:47 Job executing on host: <172.30.1.207:9618?addrs=172.30.1.207-9618&alias=node7&noUDP&sock=startd_3626_b67f>
...
001 (127792.006.000) 2022-03-31 14:00:47 Job executing on host: <172.30.1.207:9618?addrs=172.30.1.207-9618&alias=node7&noUDP&sock=startd_3626_b67f>
...
001 (127792.007.000) 2022-03-31 14:00:47 Job executing on host: <172.30.1.207:9618?addrs=172.30.1.207-9618&alias=node7&noUDP&sock=startd_3626_b67f>
...
001 (127792.008.000) 2022-03-31 14:00:48 Job executing on host: <172.30.1.207:9618?addrs=172.30.1.207-9618&alias=node7&noUDP&sock=startd_3626_b67f>
...
001 (127792.009.000) 2022-03-31 14:00:48 Job executing on host: <172.30.1.207:9618?addrs=172.30.1.207-9618&alias=node7&noUDP&sock=startd_3626_b67f>
...
001 (127792.010.000) 2022-03-31 14:00:48 Job executing on host: <172.30.1.207:9618?addrs=172.30.1.207-9618&alias=node7&noUDP&sock=startd_3626_b67f>
...
001 (127792.012.000) 2022-03-31 14:00:48 Job executing on host: <172.30.1.207:9618?addrs=172.30.1.207-9618&alias=node7&noUDP&sock=startd_3626_b67f>
...
001 (127792.011.000) 2022-03-31 14:00:48 Job executing on host: <172.30.1.207:9618?addrs=172.30.1.207-9618&alias=node7&noUDP&sock=startd_3626_b67f>
...
001 (127792.013.000) 2022-03-31 14:00:48 Job executing on host: <172.30.1.207:9618?addrs=172.30.1.207-9618&alias=node7&noUDP&sock=startd_3626_b67f>
...
001 (127792.014.000) 2022-03-31 14:00:48 Job executing on host: <172.30.1.207:9618?addrs=172.30.1.207-9618&alias=node7&noUDP&sock=startd_3626_b67f>
...
001 (127792.015.000) 2022-03-31 14:00:48 Job executing on host: <172.30.1.207:9618?addrs=172.30.1.207-9618&alias=node7&noUDP&sock=startd_3626_b67f>
...
001 (127792.016.000) 2022-03-31 14:00:48 Job executing on host: <172.30.1.207:9618?addrs=172.30.1.207-9618&alias=node7&noUDP&sock=startd_3626_b67f>
...
001 (127792.017.000) 2022-03-31 14:00:48 Job executing on host: <172.30.1.207:9618?addrs=172.30.1.207-9618&alias=node7&noUDP&sock=startd_3626_b67f>
...
001 (127792.018.000) 2022-03-31 14:00:48 Job executing on host: <172.30.1.207:9618?addrs=172.30.1.207-9618&alias=node7&noUDP&sock=startd_3626_b67f>
...
001 (127792.019.000) 2022-03-31 14:00:48 Job executing on host: <172.30.1.207:9618?addrs=172.30.1.207-9618&alias=node7&noUDP&sock=startd_3626_b67f>
...
006 (127792.007.000) 2022-03-31 14:00:56 Image size of job updated: 387772
	152  -  MemoryUsage of job (MB)
	154732  -  ResidentSetSize of job (KB)
...
006 (127792.008.000) 2022-03-31 14:00:56 Image size of job updated: 392016
	151  -  MemoryUsage of job (MB)
	154600  -  ResidentSetSize of job (KB)
...
006 (127792.009.000) 2022-03-31 14:00:56 Image size of job updated: 389376
	152  -  MemoryUsage of job (MB)
	154880  -  ResidentSetSize of job (KB)
...
006 (127792.010.000) 2022-03-31 14:00:56 Image size of job updated: 389756
	153  -  MemoryUsage of job (MB)
	155848  -  ResidentSetSize of job (KB)
...
006 (127792.012.000) 2022-03-31 14:00:56 Image size of job updated: 390024
	153  -  MemoryUsage of job (MB)
	155776  -  ResidentSetSize of job (KB)
...
006 (127792.011.000) 2022-03-31 14:00:56 Image size of job updated: 391088
	153  -  MemoryUsage of job (MB)
	155840  -  ResidentSetSize of job (KB)
...
006 (127792.013.000) 2022-03-31 14:00:56 Image size of job updated: 390956
	153  -  MemoryUsage of job (MB)
	155896  -  ResidentSetSize of job (KB)
...
006 (127792.014.000) 2022-03-31 14:00:56 Image size of job updated: 388580
	153  -  MemoryUsage of job (MB)
	156040  -  ResidentSetSize of job (KB)
...
006 (127792.000.000) 2022-03-31 14:00:56 Image size of job updated: 391616
	154  -  MemoryUsage of job (MB)
	157676  -  ResidentSetSize of job (KB)
...
006 (127792.001.000) 2022-03-31 14:00:56 Image size of job updated: 390156
	154  -  MemoryUsage of job (MB)
	157668  -  ResidentSetSize of job (KB)
...
006 (127792.002.000) 2022-03-31 14:00:56 Image size of job updated: 390288
	155  -  MemoryUsage of job (MB)
	157828  -  ResidentSetSize of job (KB)
...
006 (127792.004.000) 2022-03-31 14:00:56 Image size of job updated: 388304
	153  -  MemoryUsage of job (MB)
	155892  -  ResidentSetSize of job (KB)
...
006 (127792.003.000) 2022-03-31 14:00:56 Image size of job updated: 392296
	155  -  MemoryUsage of job (MB)
	158012  -  ResidentSetSize of job (KB)
...
006 (127792.005.000) 2022-03-31 14:00:56 Image size of job updated: 392280
	153  -  MemoryUsage of job (MB)
	156060  -  ResidentSetSize of job (KB)
...
006 (127792.006.000) 2022-03-31 14:00:56 Image size of job updated: 392280
	155  -  MemoryUsage of job (MB)
	157844  -  ResidentSetSize of job (KB)
...
006 (127792.015.000) 2022-03-31 14:00:57 Image size of job updated: 387376
	164  -  MemoryUsage of job (MB)
	167416  -  ResidentSetSize of job (KB)
...
006 (127792.016.000) 2022-03-31 14:00:57 Image size of job updated: 385488
	165  -  MemoryUsage of job (MB)
	168656  -  ResidentSetSize of job (KB)
...
006 (127792.017.000) 2022-03-31 14:00:57 Image size of job updated: 383452
	158  -  MemoryUsage of job (MB)
	161580  -  ResidentSetSize of job (KB)
...
006 (127792.018.000) 2022-03-31 14:00:57 Image size of job updated: 369548
	152  -  MemoryUsage of job (MB)
	154984  -  ResidentSetSize of job (KB)
...
006 (127792.019.000) 2022-03-31 14:00:57 Image size of job updated: 316908
	172  -  MemoryUsage of job (MB)
	175376  -  ResidentSetSize of job (KB)
...
006 (127792.016.000) 2022-03-31 14:01:01 Image size of job updated: 686376
	165  -  MemoryUsage of job (MB)
	168656  -  ResidentSetSize of job (KB)
...
005 (127792.016.000) 2022-03-31 14:01:01 Job terminated.
	(1) Normal termination (return value 0)
		Usr 0 00:00:06, Sys 0 00:00:02  -  Run Remote Usage
		Usr 0 00:00:00, Sys 0 00:00:00  -  Run Local Usage
		Usr 0 00:00:06, Sys 0 00:00:02  -  Total Remote Usage
		Usr 0 00:00:00, Sys 0 00:00:00  -  Total Local Usage
	0  -  Run Bytes Sent By Job
	0  -  Run Bytes Received By Job
	0  -  Total Bytes Sent By Job
	0  -  Total Bytes Received By Job
	Partitionable Resources :    Usage  Request Allocated 
	   Cpus                 :                 1         1 
	   Disk (KB)            :        1        1    129249 
	   Memory (MB)          :      165     3900      3968 

	Job terminated of its own accord at 2022-03-31T05:01:01Z.
...
006 (127792.015.000) 2022-03-31 14:01:02 Image size of job updated: 689732
	164  -  MemoryUsage of job (MB)
	167416  -  ResidentSetSize of job (KB)
...
005 (127792.015.000) 2022-03-31 14:01:02 Job terminated.
	(1) Normal termination (return value 0)
		Usr 0 00:00:07, Sys 0 00:00:02  -  Run Remote Usage
		Usr 0 00:00:00, Sys 0 00:00:00  -  Run Local Usage
		Usr 0 00:00:07, Sys 0 00:00:02  -  Total Remote Usage
		Usr 0 00:00:00, Sys 0 00:00:00  -  Total Local Usage
	0  -  Run Bytes Sent By Job
	0  -  Run Bytes Received By Job
	0  -  Total Bytes Sent By Job
	0  -  Total Bytes Received By Job
	Partitionable Resources :    Usage  Request Allocated 
	   Cpus                 :                 1         1 
	   Disk (KB)            :        1        1    129249 
	   Memory (MB)          :      164     3900      3968 

	Job terminated of its own accord at 2022-03-31T05:01:02Z.
...
006 (127792.014.000) 2022-03-31 14:01:03 Image size of job updated: 688964
	153  -  MemoryUsage of job (MB)
	156040  -  ResidentSetSize of job (KB)
...
005 (127792.014.000) 2022-03-31 14:01:04 Job terminated.
	(1) Normal termination (return value 0)
		Usr 0 00:00:08, Sys 0 00:00:02  -  Run Remote Usage
		Usr 0 00:00:00, Sys 0 00:00:00  -  Run Local Usage
		Usr 0 00:00:08, Sys 0 00:00:02  -  Total Remote Usage
		Usr 0 00:00:00, Sys 0 00:00:00  -  Total Local Usage
	0  -  Run Bytes Sent By Job
	0  -  Run Bytes Received By Job
	0  -  Total Bytes Sent By Job
	0  -  Total Bytes Received By Job
	Partitionable Resources :    Usage  Request Allocated 
	   Cpus                 :                 1         1 
	   Disk (KB)            :        1        1    129249 
	   Memory (MB)          :      153     3900      3968 

	Job terminated of its own accord at 2022-03-31T05:01:03Z.
...
006 (127792.005.000) 2022-03-31 14:01:04 Image size of job updated: 689800
	153  -  MemoryUsage of job (MB)
	156060  -  ResidentSetSize of job (KB)
...
005 (127792.005.000) 2022-03-31 14:01:04 Job terminated.
	(1) Normal termination (return value 0)
		Usr 0 00:00:09, Sys 0 00:00:02  -  Run Remote Usage
		Usr 0 00:00:00, Sys 0 00:00:00  -  Run Local Usage
		Usr 0 00:00:09, Sys 0 00:00:02  -  Total Remote Usage
		Usr 0 00:00:00, Sys 0 00:00:00  -  Total Local Usage
	0  -  Run Bytes Sent By Job
	0  -  Run Bytes Received By Job
	0  -  Total Bytes Sent By Job
	0  -  Total Bytes Received By Job
	Partitionable Resources :    Usage  Request Allocated 
	   Cpus                 :                 1         1 
	   Disk (KB)            :        1        1    129249 
	   Memory (MB)          :      153     3900      3968 

	Job terminated of its own accord at 2022-03-31T05:01:04Z.
...
006 (127792.007.000) 2022-03-31 14:01:05 Image size of job updated: 690116
	152  -  MemoryUsage of job (MB)
	154732  -  ResidentSetSize of job (KB)
...
005 (127792.007.000) 2022-03-31 14:01:05 Job terminated.
	(1) Normal termination (return value 0)
		Usr 0 00:00:11, Sys 0 00:00:02  -  Run Remote Usage
		Usr 0 00:00:00, Sys 0 00:00:00  -  Run Local Usage
		Usr 0 00:00:11, Sys 0 00:00:02  -  Total Remote Usage
		Usr 0 00:00:00, Sys 0 00:00:00  -  Total Local Usage
	0  -  Run Bytes Sent By Job
	0  -  Run Bytes Received By Job
	0  -  Total Bytes Sent By Job
	0  -  Total Bytes Received By Job
	Partitionable Resources :    Usage  Request Allocated 
	   Cpus                 :                 1         1 
	   Disk (KB)            :        1        1    129249 
	   Memory (MB)          :      152     3900      3968 

	Job terminated of its own accord at 2022-03-31T05:01:05Z.
...
006 (127792.000.000) 2022-03-31 14:01:05 Image size of job updated: 689780
	154  -  MemoryUsage of job (MB)
	157676  -  ResidentSetSize of job (KB)
...
005 (127792.000.000) 2022-03-31 14:01:05 Job terminated.
	(1) Normal termination (return value 0)
		Usr 0 00:00:10, Sys 0 00:00:02  -  Run Remote Usage
		Usr 0 00:00:00, Sys 0 00:00:00  -  Run Local Usage
		Usr 0 00:00:10, Sys 0 00:00:02  -  Total Remote Usage
		Usr 0 00:00:00, Sys 0 00:00:00  -  Total Local Usage
	0  -  Run Bytes Sent By Job
	0  -  Run Bytes Received By Job
	0  -  Total Bytes Sent By Job
	0  -  Total Bytes Received By Job
	Partitionable Resources :    Usage  Request Allocated 
	   Cpus                 :                 1         1 
	   Disk (KB)            :        1        1    129249 
	   Memory (MB)          :      154     3900      3968 

	Job terminated of its own accord at 2022-03-31T05:01:05Z.
...
006 (127792.002.000) 2022-03-31 14:01:05 Image size of job updated: 689800
	155  -  MemoryUsage of job (MB)
	157828  -  ResidentSetSize of job (KB)
...
006 (127792.012.000) 2022-03-31 14:01:05 Image size of job updated: 689716
	153  -  MemoryUsage of job (MB)
	155776  -  ResidentSetSize of job (KB)
...
005 (127792.002.000) 2022-03-31 14:01:05 Job terminated.
	(1) Normal termination (return value 0)
		Usr 0 00:00:10, Sys 0 00:00:02  -  Run Remote Usage
		Usr 0 00:00:00, Sys 0 00:00:00  -  Run Local Usage
		Usr 0 00:00:10, Sys 0 00:00:02  -  Total Remote Usage
		Usr 0 00:00:00, Sys 0 00:00:00  -  Total Local Usage
	0  -  Run Bytes Sent By Job
	0  -  Run Bytes Received By Job
	0  -  Total Bytes Sent By Job
	0  -  Total Bytes Received By Job
	Partitionable Resources :    Usage  Request Allocated 
	   Cpus                 :                 1         1 
	   Disk (KB)            :        1        1    129249 
	   Memory (MB)          :      155     3900      3968 

	Job terminated of its own accord at 2022-03-31T05:01:05Z.
...
005 (127792.012.000) 2022-03-31 14:01:05 Job terminated.
	(1) Normal termination (return value 0)
		Usr 0 00:00:10, Sys 0 00:00:02  -  Run Remote Usage
		Usr 0 00:00:00, Sys 0 00:00:00  -  Run Local Usage
		Usr 0 00:00:10, Sys 0 00:00:02  -  Total Remote Usage
		Usr 0 00:00:00, Sys 0 00:00:00  -  Total Local Usage
	0  -  Run Bytes Sent By Job
	0  -  Run Bytes Received By Job
	0  -  Total Bytes Sent By Job
	0  -  Total Bytes Received By Job
	Partitionable Resources :    Usage  Request Allocated 
	   Cpus                 :                 1         1 
	   Disk (KB)            :        1        1    129249 
	   Memory (MB)          :      153     3900      3968 

	Job terminated of its own accord at 2022-03-31T05:01:05Z.
...
006 (127792.004.000) 2022-03-31 14:01:05 Image size of job updated: 689800
	153  -  MemoryUsage of job (MB)
	155892  -  ResidentSetSize of job (KB)
...
005 (127792.004.000) 2022-03-31 14:01:05 Job terminated.
	(1) Normal termination (return value 0)
		Usr 0 00:00:10, Sys 0 00:00:02  -  Run Remote Usage
		Usr 0 00:00:00, Sys 0 00:00:00  -  Run Local Usage
		Usr 0 00:00:10, Sys 0 00:00:02  -  Total Remote Usage
		Usr 0 00:00:00, Sys 0 00:00:00  -  Total Local Usage
	0  -  Run Bytes Sent By Job
	0  -  Run Bytes Received By Job
	0  -  Total Bytes Sent By Job
	0  -  Total Bytes Received By Job
	Partitionable Resources :    Usage  Request Allocated 
	   Cpus                 :                 1         1 
	   Disk (KB)            :        1        1    129249 
	   Memory (MB)          :      153     3900      3968 

	Job terminated of its own accord at 2022-03-31T05:01:05Z.
...
006 (127792.009.000) 2022-03-31 14:01:05 Image size of job updated: 689788
	152  -  MemoryUsage of job (MB)
	154892  -  ResidentSetSize of job (KB)
...
005 (127792.009.000) 2022-03-31 14:01:05 Job terminated.
	(1) Normal termination (return value 0)
		Usr 0 00:00:10, Sys 0 00:00:02  -  Run Remote Usage
		Usr 0 00:00:00, Sys 0 00:00:00  -  Run Local Usage
		Usr 0 00:00:10, Sys 0 00:00:02  -  Total Remote Usage
		Usr 0 00:00:00, Sys 0 00:00:00  -  Total Local Usage
	0  -  Run Bytes Sent By Job
	0  -  Run Bytes Received By Job
	0  -  Total Bytes Sent By Job
	0  -  Total Bytes Received By Job
	Partitionable Resources :    Usage  Request Allocated 
	   Cpus                 :                 1         1 
	   Disk (KB)            :        1        1    129249 
	   Memory (MB)          :      152     3900      3968 

	Job terminated of its own accord at 2022-03-31T05:01:05Z.
...
006 (127792.008.000) 2022-03-31 14:01:06 Image size of job updated: 689516
	151  -  MemoryUsage of job (MB)
	154600  -  ResidentSetSize of job (KB)
...
005 (127792.008.000) 2022-03-31 14:01:06 Job terminated.
	(1) Normal termination (return value 0)
		Usr 0 00:00:11, Sys 0 00:00:02  -  Run Remote Usage
		Usr 0 00:00:00, Sys 0 00:00:00  -  Run Local Usage
		Usr 0 00:00:11, Sys 0 00:00:02  -  Total Remote Usage
		Usr 0 00:00:00, Sys 0 00:00:00  -  Total Local Usage
	0  -  Run Bytes Sent By Job
	0  -  Run Bytes Received By Job
	0  -  Total Bytes Sent By Job
	0  -  Total Bytes Received By Job
	Partitionable Resources :    Usage  Request Allocated 
	   Cpus                 :                 1         1 
	   Disk (KB)            :        1        1    129249 
	   Memory (MB)          :      151     3900      3968 

	Job terminated of its own accord at 2022-03-31T05:01:06Z.
...
006 (127792.010.000) 2022-03-31 14:01:06 Image size of job updated: 689716
	153  -  MemoryUsage of job (MB)
	155848  -  ResidentSetSize of job (KB)
...
005 (127792.010.000) 2022-03-31 14:01:06 Job terminated.
	(1) Normal termination (return value 0)
		Usr 0 00:00:11, Sys 0 00:00:02  -  Run Remote Usage
		Usr 0 00:00:00, Sys 0 00:00:00  -  Run Local Usage
		Usr 0 00:00:11, Sys 0 00:00:02  -  Total Remote Usage
		Usr 0 00:00:00, Sys 0 00:00:00  -  Total Local Usage
	0  -  Run Bytes Sent By Job
	0  -  Run Bytes Received By Job
	0  -  Total Bytes Sent By Job
	0  -  Total Bytes Received By Job
	Partitionable Resources :    Usage  Request Allocated 
	   Cpus                 :                 1         1 
	   Disk (KB)            :        1        1    129249 
	   Memory (MB)          :      153     3900      3968 

	Job terminated of its own accord at 2022-03-31T05:01:06Z.
...
006 (127792.001.000) 2022-03-31 14:01:06 Image size of job updated: 689780
	154  -  MemoryUsage of job (MB)
	157668  -  ResidentSetSize of job (KB)
...
005 (127792.001.000) 2022-03-31 14:01:06 Job terminated.
	(1) Normal termination (return value 0)
		Usr 0 00:00:11, Sys 0 00:00:02  -  Run Remote Usage
		Usr 0 00:00:00, Sys 0 00:00:00  -  Run Local Usage
		Usr 0 00:00:11, Sys 0 00:00:02  -  Total Remote Usage
		Usr 0 00:00:00, Sys 0 00:00:00  -  Total Local Usage
	0  -  Run Bytes Sent By Job
	0  -  Run Bytes Received By Job
	0  -  Total Bytes Sent By Job
	0  -  Total Bytes Received By Job
	Partitionable Resources :    Usage  Request Allocated 
	   Cpus                 :                 1         1 
	   Disk (KB)            :        1        1    129249 
	   Memory (MB)          :      154     3900      3968 

	Job terminated of its own accord at 2022-03-31T05:01:06Z.
...
006 (127792.006.000) 2022-03-31 14:01:07 Image size of job updated: 689784
	155  -  MemoryUsage of job (MB)
	157844  -  ResidentSetSize of job (KB)
...
005 (127792.006.000) 2022-03-31 14:01:07 Job terminated.
	(1) Normal termination (return value 0)
		Usr 0 00:00:12, Sys 0 00:00:02  -  Run Remote Usage
		Usr 0 00:00:00, Sys 0 00:00:00  -  Run Local Usage
		Usr 0 00:00:12, Sys 0 00:00:02  -  Total Remote Usage
		Usr 0 00:00:00, Sys 0 00:00:00  -  Total Local Usage
	0  -  Run Bytes Sent By Job
	0  -  Run Bytes Received By Job
	0  -  Total Bytes Sent By Job
	0  -  Total Bytes Received By Job
	Partitionable Resources :    Usage  Request Allocated 
	   Cpus                 :                 1         1 
	   Disk (KB)            :        1        1    129249 
	   Memory (MB)          :      155     3900      3968 

	Job terminated of its own accord at 2022-03-31T05:01:07Z.
...
006 (127792.018.000) 2022-03-31 14:01:07 Image size of job updated: 662148
	152  -  MemoryUsage of job (MB)
	154984  -  ResidentSetSize of job (KB)
...
005 (127792.018.000) 2022-03-31 14:01:07 Job terminated.
	(1) Normal termination (return value 0)
		Usr 0 00:00:13, Sys 0 00:00:02  -  Run Remote Usage
		Usr 0 00:00:00, Sys 0 00:00:00  -  Run Local Usage
		Usr 0 00:00:13, Sys 0 00:00:02  -  Total Remote Usage
		Usr 0 00:00:00, Sys 0 00:00:00  -  Total Local Usage
	0  -  Run Bytes Sent By Job
	0  -  Run Bytes Received By Job
	0  -  Total Bytes Sent By Job
	0  -  Total Bytes Received By Job
	Partitionable Resources :    Usage  Request Allocated 
	   Cpus                 :                 1         1 
	   Disk (KB)            :        1        1    129249 
	   Memory (MB)          :      152     3900      3968 

	Job terminated of its own accord at 2022-03-31T05:01:07Z.
...
006 (127792.003.000) 2022-03-31 14:01:08 Image size of job updated: 689780
	155  -  MemoryUsage of job (MB)
	158012  -  ResidentSetSize of job (KB)
...
005 (127792.003.000) 2022-03-31 14:01:08 Job terminated.
	(1) Normal termination (return value 0)
		Usr 0 00:00:13, Sys 0 00:00:02  -  Run Remote Usage
		Usr 0 00:00:00, Sys 0 00:00:00  -  Run Local Usage
		Usr 0 00:00:13, Sys 0 00:00:02  -  Total Remote Usage
		Usr 0 00:00:00, Sys 0 00:00:00  -  Total Local Usage
	0  -  Run Bytes Sent By Job
	0  -  Run Bytes Received By Job
	0  -  Total Bytes Sent By Job
	0  -  Total Bytes Received By Job
	Partitionable Resources :    Usage  Request Allocated 
	   Cpus                 :                 1         1 
	   Disk (KB)            :        1        1    129249 
	   Memory (MB)          :      155     3900      3968 

	Job terminated of its own accord at 2022-03-31T05:01:08Z.
...
006 (127792.011.000) 2022-03-31 14:01:09 Image size of job updated: 662512
	153  -  MemoryUsage of job (MB)
	155840  -  ResidentSetSize of job (KB)
...
005 (127792.011.000) 2022-03-31 14:01:09 Job terminated.
	(1) Normal termination (return value 0)
		Usr 0 00:00:14, Sys 0 00:00:02  -  Run Remote Usage
		Usr 0 00:00:00, Sys 0 00:00:00  -  Run Local Usage
		Usr 0 00:00:14, Sys 0 00:00:02  -  Total Remote Usage
		Usr 0 00:00:00, Sys 0 00:00:00  -  Total Local Usage
	0  -  Run Bytes Sent By Job
	0  -  Run Bytes Received By Job
	0  -  Total Bytes Sent By Job
	0  -  Total Bytes Received By Job
	Partitionable Resources :    Usage  Request Allocated 
	   Cpus                 :                 1         1 
	   Disk (KB)            :        1        1    129249 
	   Memory (MB)          :      153     3900      3968 

	Job terminated of its own accord at 2022-03-31T05:01:09Z.
...
006 (127792.019.000) 2022-03-31 14:01:12 Image size of job updated: 649164
	172  -  MemoryUsage of job (MB)
	175400  -  ResidentSetSize of job (KB)
...
005 (127792.019.000) 2022-03-31 14:01:12 Job terminated.
	(1) Normal termination (return value 0)
		Usr 0 00:00:18, Sys 0 00:00:02  -  Run Remote Usage
		Usr 0 00:00:00, Sys 0 00:00:00  -  Run Local Usage
		Usr 0 00:00:18, Sys 0 00:00:02  -  Total Remote Usage
		Usr 0 00:00:00, Sys 0 00:00:00  -  Total Local Usage
	0  -  Run Bytes Sent By Job
	0  -  Run Bytes Received By Job
	0  -  Total Bytes Sent By Job
	0  -  Total Bytes Received By Job
	Partitionable Resources :    Usage  Request Allocated 
	   Cpus                 :                 1         1 
	   Disk (KB)            :        1        1    129249 
	   Memory (MB)          :      172     3900      3968 

	Job terminated of its own accord at 2022-03-31T05:01:12Z.
...
006 (127792.013.000) 2022-03-31 14:01:28 Image size of job updated: 649168
	153  -  MemoryUsage of job (MB)
	155904  -  ResidentSetSize of job (KB)
...
005 (127792.013.000) 2022-03-31 14:01:28 Job terminated.
	(1) Normal termination (return value 0)
		Usr 0 00:00:33, Sys 0 00:00:02  -  Run Remote Usage
		Usr 0 00:00:00, Sys 0 00:00:00  -  Run Local Usage
		Usr 0 00:00:33, Sys 0 00:00:02  -  Total Remote Usage
		Usr 0 00:00:00, Sys 0 00:00:00  -  Total Local Usage
	0  -  Run Bytes Sent By Job
	0  -  Run Bytes Received By Job
	0  -  Total Bytes Sent By Job
	0  -  Total Bytes Received By Job
	Partitionable Resources :    Usage  Request Allocated 
	   Cpus                 :                 1         1 
	   Disk (KB)            :        1        1    129249 
	   Memory (MB)          :      153     3900      3968 

	Job terminated of its own accord at 2022-03-31T05:01:28Z.
...
006 (127792.017.000) 2022-03-31 14:01:29 Image size of job updated: 649180
	158  -  MemoryUsage of job (MB)
	161580  -  ResidentSetSize of job (KB)
...
005 (127792.017.000) 2022-03-31 14:01:29 Job terminated.
	(1) Normal termination (return value 0)
		Usr 0 00:00:34, Sys 0 00:00:02  -  Run Remote Usage
		Usr 0 00:00:00, Sys 0 00:00:00  -  Run Local Usage
		Usr 0 00:00:34, Sys 0 00:00:02  -  Total Remote Usage
		Usr 0 00:00:00, Sys 0 00:00:00  -  Total Local Usage
	0  -  Run Bytes Sent By Job
	0  -  Run Bytes Received By Job
	0  -  Total Bytes Sent By Job
	0  -  Total Bytes Received By Job
	Partitionable Resources :    Usage  Request Allocated 
	   Cpus                 :                 1         1 
	   Disk (KB)            :        1        1    129249 
	   Memory (MB)          :      158     3900      3968 

	Job terminated of its own accord at 2022-03-31T05:01:29Z.
...
000 (127888.000.000) 2022-03-31 15:17:44 Job submitted from host: <172.30.1.200:9618?addrs=172.30.1.200-9618&alias=tamsa2.snu.ac.kr&noUDP&sock=schedd_3154_f5cb>
...
000 (127888.001.000) 2022-03-31 15:17:44 Job submitted from host: <172.30.1.200:9618?addrs=172.30.1.200-9618&alias=tamsa2.snu.ac.kr&noUDP&sock=schedd_3154_f5cb>
...
000 (127888.002.000) 2022-03-31 15:17:44 Job submitted from host: <172.30.1.200:9618?addrs=172.30.1.200-9618&alias=tamsa2.snu.ac.kr&noUDP&sock=schedd_3154_f5cb>
...
000 (127888.003.000) 2022-03-31 15:17:44 Job submitted from host: <172.30.1.200:9618?addrs=172.30.1.200-9618&alias=tamsa2.snu.ac.kr&noUDP&sock=schedd_3154_f5cb>
...
000 (127888.004.000) 2022-03-31 15:17:44 Job submitted from host: <172.30.1.200:9618?addrs=172.30.1.200-9618&alias=tamsa2.snu.ac.kr&noUDP&sock=schedd_3154_f5cb>
...
000 (127888.005.000) 2022-03-31 15:17:44 Job submitted from host: <172.30.1.200:9618?addrs=172.30.1.200-9618&alias=tamsa2.snu.ac.kr&noUDP&sock=schedd_3154_f5cb>
...
000 (127888.006.000) 2022-03-31 15:17:44 Job submitted from host: <172.30.1.200:9618?addrs=172.30.1.200-9618&alias=tamsa2.snu.ac.kr&noUDP&sock=schedd_3154_f5cb>
...
000 (127888.007.000) 2022-03-31 15:17:44 Job submitted from host: <172.30.1.200:9618?addrs=172.30.1.200-9618&alias=tamsa2.snu.ac.kr&noUDP&sock=schedd_3154_f5cb>
...
000 (127888.008.000) 2022-03-31 15:17:44 Job submitted from host: <172.30.1.200:9618?addrs=172.30.1.200-9618&alias=tamsa2.snu.ac.kr&noUDP&sock=schedd_3154_f5cb>
...
000 (127888.009.000) 2022-03-31 15:17:44 Job submitted from host: <172.30.1.200:9618?addrs=172.30.1.200-9618&alias=tamsa2.snu.ac.kr&noUDP&sock=schedd_3154_f5cb>
...
000 (127888.010.000) 2022-03-31 15:17:44 Job submitted from host: <172.30.1.200:9618?addrs=172.30.1.200-9618&alias=tamsa2.snu.ac.kr&noUDP&sock=schedd_3154_f5cb>
...
000 (127888.011.000) 2022-03-31 15:17:44 Job submitted from host: <172.30.1.200:9618?addrs=172.30.1.200-9618&alias=tamsa2.snu.ac.kr&noUDP&sock=schedd_3154_f5cb>
...
000 (127888.012.000) 2022-03-31 15:17:44 Job submitted from host: <172.30.1.200:9618?addrs=172.30.1.200-9618&alias=tamsa2.snu.ac.kr&noUDP&sock=schedd_3154_f5cb>
...
000 (127888.013.000) 2022-03-31 15:17:44 Job submitted from host: <172.30.1.200:9618?addrs=172.30.1.200-9618&alias=tamsa2.snu.ac.kr&noUDP&sock=schedd_3154_f5cb>
...
000 (127888.014.000) 2022-03-31 15:17:44 Job submitted from host: <172.30.1.200:9618?addrs=172.30.1.200-9618&alias=tamsa2.snu.ac.kr&noUDP&sock=schedd_3154_f5cb>
...
000 (127888.015.000) 2022-03-31 15:17:44 Job submitted from host: <172.30.1.200:9618?addrs=172.30.1.200-9618&alias=tamsa2.snu.ac.kr&noUDP&sock=schedd_3154_f5cb>
...
000 (127888.016.000) 2022-03-31 15:17:44 Job submitted from host: <172.30.1.200:9618?addrs=172.30.1.200-9618&alias=tamsa2.snu.ac.kr&noUDP&sock=schedd_3154_f5cb>
...
000 (127888.017.000) 2022-03-31 15:17:44 Job submitted from host: <172.30.1.200:9618?addrs=172.30.1.200-9618&alias=tamsa2.snu.ac.kr&noUDP&sock=schedd_3154_f5cb>
...
000 (127888.018.000) 2022-03-31 15:17:44 Job submitted from host: <172.30.1.200:9618?addrs=172.30.1.200-9618&alias=tamsa2.snu.ac.kr&noUDP&sock=schedd_3154_f5cb>
...
000 (127888.019.000) 2022-03-31 15:17:44 Job submitted from host: <172.30.1.200:9618?addrs=172.30.1.200-9618&alias=tamsa2.snu.ac.kr&noUDP&sock=schedd_3154_f5cb>
...
001 (127888.019.000) 2022-03-31 15:18:06 Job executing on host: <172.30.1.206:9618?addrs=172.30.1.206-9618&alias=node6&noUDP&sock=startd_38667_ec9e>
...
001 (127888.000.000) 2022-03-31 15:18:06 Job executing on host: <172.30.1.205:9618?addrs=172.30.1.205-9618&alias=node5&noUDP&sock=startd_3654_eb26>
...
001 (127888.001.000) 2022-03-31 15:18:06 Job executing on host: <172.30.1.205:9618?addrs=172.30.1.205-9618&alias=node5&noUDP&sock=startd_3654_eb26>
...
001 (127888.002.000) 2022-03-31 15:18:07 Job executing on host: <172.30.1.205:9618?addrs=172.30.1.205-9618&alias=node5&noUDP&sock=startd_3654_eb26>
...
001 (127888.003.000) 2022-03-31 15:18:07 Job executing on host: <172.30.1.205:9618?addrs=172.30.1.205-9618&alias=node5&noUDP&sock=startd_3654_eb26>
...
001 (127888.004.000) 2022-03-31 15:18:07 Job executing on host: <172.30.1.205:9618?addrs=172.30.1.205-9618&alias=node5&noUDP&sock=startd_3654_eb26>
...
001 (127888.005.000) 2022-03-31 15:18:07 Job executing on host: <172.30.1.205:9618?addrs=172.30.1.205-9618&alias=node5&noUDP&sock=startd_3654_eb26>
...
001 (127888.006.000) 2022-03-31 15:18:07 Job executing on host: <172.30.1.205:9618?addrs=172.30.1.205-9618&alias=node5&noUDP&sock=startd_3654_eb26>
...
001 (127888.007.000) 2022-03-31 15:18:07 Job executing on host: <172.30.1.205:9618?addrs=172.30.1.205-9618&alias=node5&noUDP&sock=startd_3654_eb26>
...
001 (127888.008.000) 2022-03-31 15:18:07 Job executing on host: <172.30.1.205:9618?addrs=172.30.1.205-9618&alias=node5&noUDP&sock=startd_3654_eb26>
...
001 (127888.009.000) 2022-03-31 15:18:07 Job executing on host: <172.30.1.205:9618?addrs=172.30.1.205-9618&alias=node5&noUDP&sock=startd_3654_eb26>
...
001 (127888.010.000) 2022-03-31 15:18:07 Job executing on host: <172.30.1.205:9618?addrs=172.30.1.205-9618&alias=node5&noUDP&sock=startd_3654_eb26>
...
001 (127888.011.000) 2022-03-31 15:18:07 Job executing on host: <172.30.1.205:9618?addrs=172.30.1.205-9618&alias=node5&noUDP&sock=startd_3654_eb26>
...
001 (127888.012.000) 2022-03-31 15:18:07 Job executing on host: <172.30.1.205:9618?addrs=172.30.1.205-9618&alias=node5&noUDP&sock=startd_3654_eb26>
...
001 (127888.013.000) 2022-03-31 15:18:07 Job executing on host: <172.30.1.205:9618?addrs=172.30.1.205-9618&alias=node5&noUDP&sock=startd_3654_eb26>
...
001 (127888.014.000) 2022-03-31 15:18:08 Job executing on host: <172.30.1.205:9618?addrs=172.30.1.205-9618&alias=node5&noUDP&sock=startd_3654_eb26>
...
001 (127888.015.000) 2022-03-31 15:18:08 Job executing on host: <172.30.1.205:9618?addrs=172.30.1.205-9618&alias=node5&noUDP&sock=startd_3654_eb26>
...
001 (127888.016.000) 2022-03-31 15:18:08 Job executing on host: <172.30.1.205:9618?addrs=172.30.1.205-9618&alias=node5&noUDP&sock=startd_3654_eb26>
...
001 (127888.017.000) 2022-03-31 15:18:08 Job executing on host: <172.30.1.205:9618?addrs=172.30.1.205-9618&alias=node5&noUDP&sock=startd_3654_eb26>
...
001 (127888.018.000) 2022-03-31 15:18:08 Job executing on host: <172.30.1.205:9618?addrs=172.30.1.205-9618&alias=node5&noUDP&sock=startd_3654_eb26>
...
006 (127888.001.000) 2022-03-31 15:18:15 Image size of job updated: 474152
	159  -  MemoryUsage of job (MB)
	162780  -  ResidentSetSize of job (KB)
...
006 (127888.002.000) 2022-03-31 15:18:15 Image size of job updated: 474152
	163  -  MemoryUsage of job (MB)
	166148  -  ResidentSetSize of job (KB)
...
006 (127888.003.000) 2022-03-31 15:18:15 Image size of job updated: 474152
	162  -  MemoryUsage of job (MB)
	165472  -  ResidentSetSize of job (KB)
...
006 (127888.004.000) 2022-03-31 15:18:15 Image size of job updated: 474152
	166  -  MemoryUsage of job (MB)
	169008  -  ResidentSetSize of job (KB)
...
006 (127888.005.000) 2022-03-31 15:18:15 Image size of job updated: 474148
	167  -  MemoryUsage of job (MB)
	170492  -  ResidentSetSize of job (KB)
...
006 (127888.006.000) 2022-03-31 15:18:15 Image size of job updated: 474140
	172  -  MemoryUsage of job (MB)
	175880  -  ResidentSetSize of job (KB)
...
006 (127888.019.000) 2022-03-31 15:18:15 Image size of job updated: 387240
	155  -  MemoryUsage of job (MB)
	157960  -  ResidentSetSize of job (KB)
...
006 (127888.000.000) 2022-03-31 15:18:15 Image size of job updated: 474148
	182  -  MemoryUsage of job (MB)
	185964  -  ResidentSetSize of job (KB)
...
006 (127888.013.000) 2022-03-31 15:18:16 Image size of job updated: 474152
	182  -  MemoryUsage of job (MB)
	185972  -  ResidentSetSize of job (KB)
...
006 (127888.014.000) 2022-03-31 15:18:16 Image size of job updated: 474148
	182  -  MemoryUsage of job (MB)
	185956  -  ResidentSetSize of job (KB)
...
006 (127888.015.000) 2022-03-31 15:18:16 Image size of job updated: 474152
	182  -  MemoryUsage of job (MB)
	185960  -  ResidentSetSize of job (KB)
...
006 (127888.016.000) 2022-03-31 15:18:16 Image size of job updated: 439436
	182  -  MemoryUsage of job (MB)
	186208  -  ResidentSetSize of job (KB)
...
006 (127888.017.000) 2022-03-31 15:18:16 Image size of job updated: 441404
	156  -  MemoryUsage of job (MB)
	159588  -  ResidentSetSize of job (KB)
...
006 (127888.007.000) 2022-03-31 15:18:16 Image size of job updated: 474156
	154  -  MemoryUsage of job (MB)
	156772  -  ResidentSetSize of job (KB)
...
006 (127888.008.000) 2022-03-31 15:18:16 Image size of job updated: 474152
	185  -  MemoryUsage of job (MB)
	189304  -  ResidentSetSize of job (KB)
...
006 (127888.009.000) 2022-03-31 15:18:16 Image size of job updated: 474148
	185  -  MemoryUsage of job (MB)
	189308  -  ResidentSetSize of job (KB)
...
006 (127888.010.000) 2022-03-31 15:18:16 Image size of job updated: 474148
	185  -  MemoryUsage of job (MB)
	189304  -  ResidentSetSize of job (KB)
...
006 (127888.011.000) 2022-03-31 15:18:16 Image size of job updated: 474148
	185  -  MemoryUsage of job (MB)
	189304  -  ResidentSetSize of job (KB)
...
006 (127888.012.000) 2022-03-31 15:18:16 Image size of job updated: 474144
	185  -  MemoryUsage of job (MB)
	189372  -  ResidentSetSize of job (KB)
...
006 (127888.018.000) 2022-03-31 15:18:17 Image size of job updated: 442688
	185  -  MemoryUsage of job (MB)
	189328  -  ResidentSetSize of job (KB)
...
006 (127888.015.000) 2022-03-31 15:18:25 Image size of job updated: 691916
	182  -  MemoryUsage of job (MB)
	185960  -  ResidentSetSize of job (KB)
...
005 (127888.015.000) 2022-03-31 15:18:25 Job terminated.
	(1) Normal termination (return value 0)
		Usr 0 00:00:12, Sys 0 00:00:01  -  Run Remote Usage
		Usr 0 00:00:00, Sys 0 00:00:00  -  Run Local Usage
		Usr 0 00:00:12, Sys 0 00:00:01  -  Total Remote Usage
		Usr 0 00:00:00, Sys 0 00:00:00  -  Total Local Usage
	0  -  Run Bytes Sent By Job
	0  -  Run Bytes Received By Job
	0  -  Total Bytes Sent By Job
	0  -  Total Bytes Received By Job
	Partitionable Resources :    Usage  Request Allocated 
	   Cpus                 :                 1         1 
	   Disk (KB)            :        1        1    129249 
	   Memory (MB)          :      182     3900      3968 

	Job terminated of its own accord at 2022-03-31T06:18:25Z.
...
006 (127888.019.000) 2022-03-31 15:18:27 Image size of job updated: 691924
	155  -  MemoryUsage of job (MB)
	157960  -  ResidentSetSize of job (KB)
...
005 (127888.019.000) 2022-03-31 15:18:27 Job terminated.
	(1) Normal termination (return value 0)
		Usr 0 00:00:13, Sys 0 00:00:03  -  Run Remote Usage
		Usr 0 00:00:00, Sys 0 00:00:00  -  Run Local Usage
		Usr 0 00:00:13, Sys 0 00:00:03  -  Total Remote Usage
		Usr 0 00:00:00, Sys 0 00:00:00  -  Total Local Usage
	0  -  Run Bytes Sent By Job
	0  -  Run Bytes Received By Job
	0  -  Total Bytes Sent By Job
	0  -  Total Bytes Received By Job
	Partitionable Resources :    Usage  Request Allocated 
	   Cpus                 :                 1         1 
	   Disk (KB)            :        1        1     89980 
	   Memory (MB)          :      155     3900      3968 

	Job terminated of its own accord at 2022-03-31T06:18:27Z.
...
006 (127888.018.000) 2022-03-31 15:18:27 Image size of job updated: 691968
	185  -  MemoryUsage of job (MB)
	189328  -  ResidentSetSize of job (KB)
...
005 (127888.018.000) 2022-03-31 15:18:27 Job terminated.
	(1) Normal termination (return value 0)
		Usr 0 00:00:14, Sys 0 00:00:02  -  Run Remote Usage
		Usr 0 00:00:00, Sys 0 00:00:00  -  Run Local Usage
		Usr 0 00:00:14, Sys 0 00:00:02  -  Total Remote Usage
		Usr 0 00:00:00, Sys 0 00:00:00  -  Total Local Usage
	0  -  Run Bytes Sent By Job
	0  -  Run Bytes Received By Job
	0  -  Total Bytes Sent By Job
	0  -  Total Bytes Received By Job
	Partitionable Resources :    Usage  Request Allocated 
	   Cpus                 :                 1         1 
	   Disk (KB)            :        1        1    129249 
	   Memory (MB)          :      185     3900      3968 

	Job terminated of its own accord at 2022-03-31T06:18:27Z.
...
006 (127888.011.000) 2022-03-31 15:18:32 Image size of job updated: 691900
	185  -  MemoryUsage of job (MB)
	189304  -  ResidentSetSize of job (KB)
...
006 (127888.010.000) 2022-03-31 15:18:32 Image size of job updated: 691912
	185  -  MemoryUsage of job (MB)
	189304  -  ResidentSetSize of job (KB)
...
006 (127888.004.000) 2022-03-31 15:18:32 Image size of job updated: 691916
	166  -  MemoryUsage of job (MB)
	169020  -  ResidentSetSize of job (KB)
...
006 (127888.012.000) 2022-03-31 15:18:32 Image size of job updated: 691864
	185  -  MemoryUsage of job (MB)
	189372  -  ResidentSetSize of job (KB)
...
005 (127888.011.000) 2022-03-31 15:18:32 Job terminated.
	(1) Normal termination (return value 0)
		Usr 0 00:00:15, Sys 0 00:00:01  -  Run Remote Usage
		Usr 0 00:00:00, Sys 0 00:00:00  -  Run Local Usage
		Usr 0 00:00:15, Sys 0 00:00:01  -  Total Remote Usage
		Usr 0 00:00:00, Sys 0 00:00:00  -  Total Local Usage
	0  -  Run Bytes Sent By Job
	0  -  Run Bytes Received By Job
	0  -  Total Bytes Sent By Job
	0  -  Total Bytes Received By Job
	Partitionable Resources :    Usage  Request Allocated 
	   Cpus                 :                 1         1 
	   Disk (KB)            :        1        1    129249 
	   Memory (MB)          :      185     3900      3968 

	Job terminated of its own accord at 2022-03-31T06:18:32Z.
...
006 (127888.008.000) 2022-03-31 15:18:32 Image size of job updated: 691912
	185  -  MemoryUsage of job (MB)
	189304  -  ResidentSetSize of job (KB)
...
005 (127888.010.000) 2022-03-31 15:18:32 Job terminated.
	(1) Normal termination (return value 0)
		Usr 0 00:00:16, Sys 0 00:00:01  -  Run Remote Usage
		Usr 0 00:00:00, Sys 0 00:00:00  -  Run Local Usage
		Usr 0 00:00:16, Sys 0 00:00:01  -  Total Remote Usage
		Usr 0 00:00:00, Sys 0 00:00:00  -  Total Local Usage
	0  -  Run Bytes Sent By Job
	0  -  Run Bytes Received By Job
	0  -  Total Bytes Sent By Job
	0  -  Total Bytes Received By Job
	Partitionable Resources :    Usage  Request Allocated 
	   Cpus                 :                 1         1 
	   Disk (KB)            :        1        1    129249 
	   Memory (MB)          :      185     3900      3968 

	Job terminated of its own accord at 2022-03-31T06:18:32Z.
...
005 (127888.008.000) 2022-03-31 15:18:32 Job terminated.
	(1) Normal termination (return value 0)
		Usr 0 00:00:18, Sys 0 00:00:02  -  Run Remote Usage
		Usr 0 00:00:00, Sys 0 00:00:00  -  Run Local Usage
		Usr 0 00:00:18, Sys 0 00:00:02  -  Total Remote Usage
		Usr 0 00:00:00, Sys 0 00:00:00  -  Total Local Usage
	0  -  Run Bytes Sent By Job
	0  -  Run Bytes Received By Job
	0  -  Total Bytes Sent By Job
	0  -  Total Bytes Received By Job
	Partitionable Resources :    Usage  Request Allocated 
	   Cpus                 :                 1         1 
	   Disk (KB)            :        1        1    129249 
	   Memory (MB)          :      185     3900      3968 

	Job terminated of its own accord at 2022-03-31T06:18:32Z.
...
005 (127888.004.000) 2022-03-31 15:18:32 Job terminated.
	(1) Normal termination (return value 0)
		Usr 0 00:00:16, Sys 0 00:00:02  -  Run Remote Usage
		Usr 0 00:00:00, Sys 0 00:00:00  -  Run Local Usage
		Usr 0 00:00:16, Sys 0 00:00:02  -  Total Remote Usage
		Usr 0 00:00:00, Sys 0 00:00:00  -  Total Local Usage
	0  -  Run Bytes Sent By Job
	0  -  Run Bytes Received By Job
	0  -  Total Bytes Sent By Job
	0  -  Total Bytes Received By Job
	Partitionable Resources :    Usage  Request Allocated 
	   Cpus                 :                 1         1 
	   Disk (KB)            :        1        1    129249 
	   Memory (MB)          :      166     3900      3968 

	Job terminated of its own accord at 2022-03-31T06:18:32Z.
...
005 (127888.012.000) 2022-03-31 15:18:32 Job terminated.
	(1) Normal termination (return value 0)
		Usr 0 00:00:18, Sys 0 00:00:01  -  Run Remote Usage
		Usr 0 00:00:00, Sys 0 00:00:00  -  Run Local Usage
		Usr 0 00:00:18, Sys 0 00:00:01  -  Total Remote Usage
		Usr 0 00:00:00, Sys 0 00:00:00  -  Total Local Usage
	0  -  Run Bytes Sent By Job
	0  -  Run Bytes Received By Job
	0  -  Total Bytes Sent By Job
	0  -  Total Bytes Received By Job
	Partitionable Resources :    Usage  Request Allocated 
	   Cpus                 :                 1         1 
	   Disk (KB)            :        1        1    129249 
	   Memory (MB)          :      185     3900      3968 

	Job terminated of its own accord at 2022-03-31T06:18:32Z.
...
006 (127888.002.000) 2022-03-31 15:18:34 Image size of job updated: 691916
	163  -  MemoryUsage of job (MB)
	166148  -  ResidentSetSize of job (KB)
...
005 (127888.002.000) 2022-03-31 15:18:34 Job terminated.
	(1) Normal termination (return value 0)
		Usr 0 00:00:18, Sys 0 00:00:02  -  Run Remote Usage
		Usr 0 00:00:00, Sys 0 00:00:00  -  Run Local Usage
		Usr 0 00:00:18, Sys 0 00:00:02  -  Total Remote Usage
		Usr 0 00:00:00, Sys 0 00:00:00  -  Total Local Usage
	0  -  Run Bytes Sent By Job
	0  -  Run Bytes Received By Job
	0  -  Total Bytes Sent By Job
	0  -  Total Bytes Received By Job
	Partitionable Resources :    Usage  Request Allocated 
	   Cpus                 :                 1         1 
	   Disk (KB)            :        1        1    129249 
	   Memory (MB)          :      163     3900      3968 

	Job terminated of its own accord at 2022-03-31T06:18:34Z.
...
006 (127888.017.000) 2022-03-31 15:18:35 Image size of job updated: 692024
	156  -  MemoryUsage of job (MB)
	159596  -  ResidentSetSize of job (KB)
...
005 (127888.017.000) 2022-03-31 15:18:35 Job terminated.
	(1) Normal termination (return value 0)
		Usr 0 00:00:21, Sys 0 00:00:02  -  Run Remote Usage
		Usr 0 00:00:00, Sys 0 00:00:00  -  Run Local Usage
		Usr 0 00:00:21, Sys 0 00:00:02  -  Total Remote Usage
		Usr 0 00:00:00, Sys 0 00:00:00  -  Total Local Usage
	0  -  Run Bytes Sent By Job
	0  -  Run Bytes Received By Job
	0  -  Total Bytes Sent By Job
	0  -  Total Bytes Received By Job
	Partitionable Resources :    Usage  Request Allocated 
	   Cpus                 :                 1         1 
	   Disk (KB)            :        1        1    129249 
	   Memory (MB)          :      156     3900      3968 

	Job terminated of its own accord at 2022-03-31T06:18:35Z.
...
006 (127888.007.000) 2022-03-31 15:18:35 Image size of job updated: 694248
	154  -  MemoryUsage of job (MB)
	156772  -  ResidentSetSize of job (KB)
...
005 (127888.007.000) 2022-03-31 15:18:35 Job terminated.
	(1) Normal termination (return value 0)
		Usr 0 00:00:23, Sys 0 00:00:02  -  Run Remote Usage
		Usr 0 00:00:00, Sys 0 00:00:00  -  Run Local Usage
		Usr 0 00:00:23, Sys 0 00:00:02  -  Total Remote Usage
		Usr 0 00:00:00, Sys 0 00:00:00  -  Total Local Usage
	0  -  Run Bytes Sent By Job
	0  -  Run Bytes Received By Job
	0  -  Total Bytes Sent By Job
	0  -  Total Bytes Received By Job
	Partitionable Resources :    Usage  Request Allocated 
	   Cpus                 :                 1         1 
	   Disk (KB)            :        1        1    129249 
	   Memory (MB)          :      154     3900      3968 

	Job terminated of its own accord at 2022-03-31T06:18:35Z.
...
006 (127888.000.000) 2022-03-31 15:18:35 Image size of job updated: 691916
	182  -  MemoryUsage of job (MB)
	185964  -  ResidentSetSize of job (KB)
...
005 (127888.000.000) 2022-03-31 15:18:35 Job terminated.
	(1) Normal termination (return value 0)
		Usr 0 00:00:23, Sys 0 00:00:02  -  Run Remote Usage
		Usr 0 00:00:00, Sys 0 00:00:00  -  Run Local Usage
		Usr 0 00:00:23, Sys 0 00:00:02  -  Total Remote Usage
		Usr 0 00:00:00, Sys 0 00:00:00  -  Total Local Usage
	0  -  Run Bytes Sent By Job
	0  -  Run Bytes Received By Job
	0  -  Total Bytes Sent By Job
	0  -  Total Bytes Received By Job
	Partitionable Resources :    Usage  Request Allocated 
	   Cpus                 :                 1         1 
	   Disk (KB)            :        1        1    129249 
	   Memory (MB)          :      182     3900      3968 

	Job terminated of its own accord at 2022-03-31T06:18:35Z.
...
006 (127888.005.000) 2022-03-31 15:18:36 Image size of job updated: 691648
	167  -  MemoryUsage of job (MB)
	170492  -  ResidentSetSize of job (KB)
...
005 (127888.005.000) 2022-03-31 15:18:36 Job terminated.
	(1) Normal termination (return value 0)
		Usr 0 00:00:22, Sys 0 00:00:02  -  Run Remote Usage
		Usr 0 00:00:00, Sys 0 00:00:00  -  Run Local Usage
		Usr 0 00:00:22, Sys 0 00:00:02  -  Total Remote Usage
		Usr 0 00:00:00, Sys 0 00:00:00  -  Total Local Usage
	0  -  Run Bytes Sent By Job
	0  -  Run Bytes Received By Job
	0  -  Total Bytes Sent By Job
	0  -  Total Bytes Received By Job
	Partitionable Resources :    Usage  Request Allocated 
	   Cpus                 :                 1         1 
	   Disk (KB)            :        1        1    129249 
	   Memory (MB)          :      167     3900      3968 

	Job terminated of its own accord at 2022-03-31T06:18:36Z.
...
006 (127888.016.000) 2022-03-31 15:18:37 Image size of job updated: 691900
	182  -  MemoryUsage of job (MB)
	186208  -  ResidentSetSize of job (KB)
...
005 (127888.016.000) 2022-03-31 15:18:37 Job terminated.
	(1) Normal termination (return value 0)
		Usr 0 00:00:24, Sys 0 00:00:02  -  Run Remote Usage
		Usr 0 00:00:00, Sys 0 00:00:00  -  Run Local Usage
		Usr 0 00:00:24, Sys 0 00:00:02  -  Total Remote Usage
		Usr 0 00:00:00, Sys 0 00:00:00  -  Total Local Usage
	0  -  Run Bytes Sent By Job
	0  -  Run Bytes Received By Job
	0  -  Total Bytes Sent By Job
	0  -  Total Bytes Received By Job
	Partitionable Resources :    Usage  Request Allocated 
	   Cpus                 :                 1         1 
	   Disk (KB)            :        1        1    129249 
	   Memory (MB)          :      182     3900      3968 

	Job terminated of its own accord at 2022-03-31T06:18:37Z.
...
006 (127888.006.000) 2022-03-31 15:18:37 Image size of job updated: 691916
	172  -  MemoryUsage of job (MB)
	175880  -  ResidentSetSize of job (KB)
...
005 (127888.006.000) 2022-03-31 15:18:37 Job terminated.
	(1) Normal termination (return value 0)
		Usr 0 00:00:22, Sys 0 00:00:02  -  Run Remote Usage
		Usr 0 00:00:00, Sys 0 00:00:00  -  Run Local Usage
		Usr 0 00:00:22, Sys 0 00:00:02  -  Total Remote Usage
		Usr 0 00:00:00, Sys 0 00:00:00  -  Total Local Usage
	0  -  Run Bytes Sent By Job
	0  -  Run Bytes Received By Job
	0  -  Total Bytes Sent By Job
	0  -  Total Bytes Received By Job
	Partitionable Resources :    Usage  Request Allocated 
	   Cpus                 :                 1         1 
	   Disk (KB)            :        1        1    129249 
	   Memory (MB)          :      172     3900      3968 

	Job terminated of its own accord at 2022-03-31T06:18:37Z.
...
006 (127888.003.000) 2022-03-31 15:18:38 Image size of job updated: 691628
	162  -  MemoryUsage of job (MB)
	165736  -  ResidentSetSize of job (KB)
...
005 (127888.003.000) 2022-03-31 15:18:38 Job terminated.
	(1) Normal termination (return value 0)
		Usr 0 00:00:23, Sys 0 00:00:02  -  Run Remote Usage
		Usr 0 00:00:00, Sys 0 00:00:00  -  Run Local Usage
		Usr 0 00:00:23, Sys 0 00:00:02  -  Total Remote Usage
		Usr 0 00:00:00, Sys 0 00:00:00  -  Total Local Usage
	0  -  Run Bytes Sent By Job
	0  -  Run Bytes Received By Job
	0  -  Total Bytes Sent By Job
	0  -  Total Bytes Received By Job
	Partitionable Resources :    Usage  Request Allocated 
	   Cpus                 :                 1         1 
	   Disk (KB)            :        1        1    129249 
	   Memory (MB)          :      162     3900      3968 

	Job terminated of its own accord at 2022-03-31T06:18:38Z.
...
006 (127888.001.000) 2022-03-31 15:18:39 Image size of job updated: 691952
	159  -  MemoryUsage of job (MB)
	162780  -  ResidentSetSize of job (KB)
...
005 (127888.001.000) 2022-03-31 15:18:39 Job terminated.
	(1) Normal termination (return value 0)
		Usr 0 00:00:26, Sys 0 00:00:02  -  Run Remote Usage
		Usr 0 00:00:00, Sys 0 00:00:00  -  Run Local Usage
		Usr 0 00:00:26, Sys 0 00:00:02  -  Total Remote Usage
		Usr 0 00:00:00, Sys 0 00:00:00  -  Total Local Usage
	0  -  Run Bytes Sent By Job
	0  -  Run Bytes Received By Job
	0  -  Total Bytes Sent By Job
	0  -  Total Bytes Received By Job
	Partitionable Resources :    Usage  Request Allocated 
	   Cpus                 :                 1         1 
	   Disk (KB)            :        1        1    129249 
	   Memory (MB)          :      159     3900      3968 

	Job terminated of its own accord at 2022-03-31T06:18:39Z.
...
006 (127888.009.000) 2022-03-31 15:18:40 Image size of job updated: 691916
	185  -  MemoryUsage of job (MB)
	189308  -  ResidentSetSize of job (KB)
...
005 (127888.009.000) 2022-03-31 15:18:40 Job terminated.
	(1) Normal termination (return value 0)
		Usr 0 00:00:24, Sys 0 00:00:01  -  Run Remote Usage
		Usr 0 00:00:00, Sys 0 00:00:00  -  Run Local Usage
		Usr 0 00:00:24, Sys 0 00:00:01  -  Total Remote Usage
		Usr 0 00:00:00, Sys 0 00:00:00  -  Total Local Usage
	0  -  Run Bytes Sent By Job
	0  -  Run Bytes Received By Job
	0  -  Total Bytes Sent By Job
	0  -  Total Bytes Received By Job
	Partitionable Resources :    Usage  Request Allocated 
	   Cpus                 :                 1         1 
	   Disk (KB)            :        1        1    129249 
	   Memory (MB)          :      185     3900      3968 

	Job terminated of its own accord at 2022-03-31T06:18:40Z.
...
006 (127888.013.000) 2022-03-31 15:18:42 Image size of job updated: 692180
	182  -  MemoryUsage of job (MB)
	185972  -  ResidentSetSize of job (KB)
...
005 (127888.013.000) 2022-03-31 15:18:42 Job terminated.
	(1) Normal termination (return value 0)
		Usr 0 00:00:28, Sys 0 00:00:01  -  Run Remote Usage
		Usr 0 00:00:00, Sys 0 00:00:00  -  Run Local Usage
		Usr 0 00:00:28, Sys 0 00:00:01  -  Total Remote Usage
		Usr 0 00:00:00, Sys 0 00:00:00  -  Total Local Usage
	0  -  Run Bytes Sent By Job
	0  -  Run Bytes Received By Job
	0  -  Total Bytes Sent By Job
	0  -  Total Bytes Received By Job
	Partitionable Resources :    Usage  Request Allocated 
	   Cpus                 :                 1         1 
	   Disk (KB)            :        1        1    129249 
	   Memory (MB)          :      182     3900      3968 

	Job terminated of its own accord at 2022-03-31T06:18:42Z.
...
006 (127888.014.000) 2022-03-31 15:18:44 Image size of job updated: 691900
	182  -  MemoryUsage of job (MB)
	185956  -  ResidentSetSize of job (KB)
...
005 (127888.014.000) 2022-03-31 15:18:44 Job terminated.
	(1) Normal termination (return value 0)
		Usr 0 00:00:31, Sys 0 00:00:02  -  Run Remote Usage
		Usr 0 00:00:00, Sys 0 00:00:00  -  Run Local Usage
		Usr 0 00:00:31, Sys 0 00:00:02  -  Total Remote Usage
		Usr 0 00:00:00, Sys 0 00:00:00  -  Total Local Usage
	0  -  Run Bytes Sent By Job
	0  -  Run Bytes Received By Job
	0  -  Total Bytes Sent By Job
	0  -  Total Bytes Received By Job
	Partitionable Resources :    Usage  Request Allocated 
	   Cpus                 :                 1         1 
	   Disk (KB)            :        1        1    129249 
	   Memory (MB)          :      182     3900      3968 

	Job terminated of its own accord at 2022-03-31T06:18:44Z.
...
