000 (126792.000.000) 2022-03-30 13:39:55 Job submitted from host: <172.30.1.200:9618?addrs=172.30.1.200-9618&alias=tamsa2.snu.ac.kr&noUDP&sock=schedd_3154_f5cb>
...
000 (126792.001.000) 2022-03-30 13:39:55 Job submitted from host: <172.30.1.200:9618?addrs=172.30.1.200-9618&alias=tamsa2.snu.ac.kr&noUDP&sock=schedd_3154_f5cb>
...
000 (126792.002.000) 2022-03-30 13:39:55 Job submitted from host: <172.30.1.200:9618?addrs=172.30.1.200-9618&alias=tamsa2.snu.ac.kr&noUDP&sock=schedd_3154_f5cb>
...
000 (126792.003.000) 2022-03-30 13:39:55 Job submitted from host: <172.30.1.200:9618?addrs=172.30.1.200-9618&alias=tamsa2.snu.ac.kr&noUDP&sock=schedd_3154_f5cb>
...
000 (126792.004.000) 2022-03-30 13:39:55 Job submitted from host: <172.30.1.200:9618?addrs=172.30.1.200-9618&alias=tamsa2.snu.ac.kr&noUDP&sock=schedd_3154_f5cb>
...
000 (126792.005.000) 2022-03-30 13:39:55 Job submitted from host: <172.30.1.200:9618?addrs=172.30.1.200-9618&alias=tamsa2.snu.ac.kr&noUDP&sock=schedd_3154_f5cb>
...
000 (126792.006.000) 2022-03-30 13:39:55 Job submitted from host: <172.30.1.200:9618?addrs=172.30.1.200-9618&alias=tamsa2.snu.ac.kr&noUDP&sock=schedd_3154_f5cb>
...
000 (126792.007.000) 2022-03-30 13:39:55 Job submitted from host: <172.30.1.200:9618?addrs=172.30.1.200-9618&alias=tamsa2.snu.ac.kr&noUDP&sock=schedd_3154_f5cb>
...
000 (126792.008.000) 2022-03-30 13:39:55 Job submitted from host: <172.30.1.200:9618?addrs=172.30.1.200-9618&alias=tamsa2.snu.ac.kr&noUDP&sock=schedd_3154_f5cb>
...
000 (126792.009.000) 2022-03-30 13:39:55 Job submitted from host: <172.30.1.200:9618?addrs=172.30.1.200-9618&alias=tamsa2.snu.ac.kr&noUDP&sock=schedd_3154_f5cb>
...
000 (126792.010.000) 2022-03-30 13:39:55 Job submitted from host: <172.30.1.200:9618?addrs=172.30.1.200-9618&alias=tamsa2.snu.ac.kr&noUDP&sock=schedd_3154_f5cb>
...
000 (126792.011.000) 2022-03-30 13:39:55 Job submitted from host: <172.30.1.200:9618?addrs=172.30.1.200-9618&alias=tamsa2.snu.ac.kr&noUDP&sock=schedd_3154_f5cb>
...
000 (126792.012.000) 2022-03-30 13:39:55 Job submitted from host: <172.30.1.200:9618?addrs=172.30.1.200-9618&alias=tamsa2.snu.ac.kr&noUDP&sock=schedd_3154_f5cb>
...
000 (126792.013.000) 2022-03-30 13:39:55 Job submitted from host: <172.30.1.200:9618?addrs=172.30.1.200-9618&alias=tamsa2.snu.ac.kr&noUDP&sock=schedd_3154_f5cb>
...
000 (126792.014.000) 2022-03-30 13:39:55 Job submitted from host: <172.30.1.200:9618?addrs=172.30.1.200-9618&alias=tamsa2.snu.ac.kr&noUDP&sock=schedd_3154_f5cb>
...
000 (126792.015.000) 2022-03-30 13:39:55 Job submitted from host: <172.30.1.200:9618?addrs=172.30.1.200-9618&alias=tamsa2.snu.ac.kr&noUDP&sock=schedd_3154_f5cb>
...
000 (126792.016.000) 2022-03-30 13:39:55 Job submitted from host: <172.30.1.200:9618?addrs=172.30.1.200-9618&alias=tamsa2.snu.ac.kr&noUDP&sock=schedd_3154_f5cb>
...
000 (126792.017.000) 2022-03-30 13:39:55 Job submitted from host: <172.30.1.200:9618?addrs=172.30.1.200-9618&alias=tamsa2.snu.ac.kr&noUDP&sock=schedd_3154_f5cb>
...
000 (126792.018.000) 2022-03-30 13:39:55 Job submitted from host: <172.30.1.200:9618?addrs=172.30.1.200-9618&alias=tamsa2.snu.ac.kr&noUDP&sock=schedd_3154_f5cb>
...
000 (126792.019.000) 2022-03-30 13:39:55 Job submitted from host: <172.30.1.200:9618?addrs=172.30.1.200-9618&alias=tamsa2.snu.ac.kr&noUDP&sock=schedd_3154_f5cb>
...
001 (126792.017.000) 2022-03-30 13:40:02 Job executing on host: <172.30.1.205:9618?addrs=172.30.1.205-9618&alias=node5&noUDP&sock=startd_3654_eb26>
...
001 (126792.018.000) 2022-03-30 13:40:03 Job executing on host: <172.30.1.205:9618?addrs=172.30.1.205-9618&alias=node5&noUDP&sock=startd_3654_eb26>
...
001 (126792.019.000) 2022-03-30 13:40:03 Job executing on host: <172.30.1.205:9618?addrs=172.30.1.205-9618&alias=node5&noUDP&sock=startd_3654_eb26>
...
001 (126792.000.000) 2022-03-30 13:40:04 Job executing on host: <172.30.1.201:9618?addrs=172.30.1.201-9618&alias=node1&noUDP&sock=startd_3603_efd1>
...
001 (126792.001.000) 2022-03-30 13:40:04 Job executing on host: <172.30.1.201:9618?addrs=172.30.1.201-9618&alias=node1&noUDP&sock=startd_3603_efd1>
...
001 (126792.002.000) 2022-03-30 13:40:04 Job executing on host: <172.30.1.201:9618?addrs=172.30.1.201-9618&alias=node1&noUDP&sock=startd_3603_efd1>
...
001 (126792.003.000) 2022-03-30 13:40:04 Job executing on host: <172.30.1.201:9618?addrs=172.30.1.201-9618&alias=node1&noUDP&sock=startd_3603_efd1>
...
001 (126792.004.000) 2022-03-30 13:40:04 Job executing on host: <172.30.1.201:9618?addrs=172.30.1.201-9618&alias=node1&noUDP&sock=startd_3603_efd1>
...
001 (126792.005.000) 2022-03-30 13:40:04 Job executing on host: <172.30.1.201:9618?addrs=172.30.1.201-9618&alias=node1&noUDP&sock=startd_3603_efd1>
...
001 (126792.007.000) 2022-03-30 13:40:04 Job executing on host: <172.30.1.201:9618?addrs=172.30.1.201-9618&alias=node1&noUDP&sock=startd_3603_efd1>
...
001 (126792.006.000) 2022-03-30 13:40:04 Job executing on host: <172.30.1.201:9618?addrs=172.30.1.201-9618&alias=node1&noUDP&sock=startd_3603_efd1>
...
001 (126792.008.000) 2022-03-30 13:40:04 Job executing on host: <172.30.1.201:9618?addrs=172.30.1.201-9618&alias=node1&noUDP&sock=startd_3603_efd1>
...
001 (126792.009.000) 2022-03-30 13:40:04 Job executing on host: <172.30.1.201:9618?addrs=172.30.1.201-9618&alias=node1&noUDP&sock=startd_3603_efd1>
...
001 (126792.010.000) 2022-03-30 13:40:04 Job executing on host: <172.30.1.201:9618?addrs=172.30.1.201-9618&alias=node1&noUDP&sock=startd_3603_efd1>
...
001 (126792.011.000) 2022-03-30 13:40:04 Job executing on host: <172.30.1.201:9618?addrs=172.30.1.201-9618&alias=node1&noUDP&sock=startd_3603_efd1>
...
001 (126792.012.000) 2022-03-30 13:40:05 Job executing on host: <172.30.1.201:9618?addrs=172.30.1.201-9618&alias=node1&noUDP&sock=startd_3603_efd1>
...
001 (126792.013.000) 2022-03-30 13:40:05 Job executing on host: <172.30.1.201:9618?addrs=172.30.1.201-9618&alias=node1&noUDP&sock=startd_3603_efd1>
...
001 (126792.014.000) 2022-03-30 13:40:05 Job executing on host: <172.30.1.201:9618?addrs=172.30.1.201-9618&alias=node1&noUDP&sock=startd_3603_efd1>
...
001 (126792.015.000) 2022-03-30 13:40:05 Job executing on host: <172.30.1.201:9618?addrs=172.30.1.201-9618&alias=node1&noUDP&sock=startd_3603_efd1>
...
001 (126792.016.000) 2022-03-30 13:40:05 Job executing on host: <172.30.1.201:9618?addrs=172.30.1.201-9618&alias=node1&noUDP&sock=startd_3603_efd1>
...
006 (126792.017.000) 2022-03-30 13:40:11 Image size of job updated: 391748
	151  -  MemoryUsage of job (MB)
	154104  -  ResidentSetSize of job (KB)
...
006 (126792.018.000) 2022-03-30 13:40:11 Image size of job updated: 550872
	151  -  MemoryUsage of job (MB)
	154520  -  ResidentSetSize of job (KB)
...
006 (126792.019.000) 2022-03-30 13:40:11 Image size of job updated: 550844
	151  -  MemoryUsage of job (MB)
	154516  -  ResidentSetSize of job (KB)
...
006 (126792.000.000) 2022-03-30 13:40:12 Image size of job updated: 185840
	162  -  MemoryUsage of job (MB)
	165504  -  ResidentSetSize of job (KB)
...
006 (126792.001.000) 2022-03-30 13:40:12 Image size of job updated: 185840
	162  -  MemoryUsage of job (MB)
	165824  -  ResidentSetSize of job (KB)
...
006 (126792.002.000) 2022-03-30 13:40:12 Image size of job updated: 185840
	165  -  MemoryUsage of job (MB)
	168004  -  ResidentSetSize of job (KB)
...
006 (126792.003.000) 2022-03-30 13:40:12 Image size of job updated: 185840
	165  -  MemoryUsage of job (MB)
	168468  -  ResidentSetSize of job (KB)
...
006 (126792.011.000) 2022-03-30 13:40:13 Image size of job updated: 185196
	180  -  MemoryUsage of job (MB)
	183940  -  ResidentSetSize of job (KB)
...
006 (126792.012.000) 2022-03-30 13:40:13 Image size of job updated: 184780
	180  -  MemoryUsage of job (MB)
	183948  -  ResidentSetSize of job (KB)
...
006 (126792.013.000) 2022-03-30 13:40:13 Image size of job updated: 184964
	180  -  MemoryUsage of job (MB)
	183952  -  ResidentSetSize of job (KB)
...
006 (126792.014.000) 2022-03-30 13:40:13 Image size of job updated: 196716
	182  -  MemoryUsage of job (MB)
	185428  -  ResidentSetSize of job (KB)
...
006 (126792.015.000) 2022-03-30 13:40:13 Image size of job updated: 195000
	180  -  MemoryUsage of job (MB)
	184280  -  ResidentSetSize of job (KB)
...
006 (126792.004.000) 2022-03-30 13:40:13 Image size of job updated: 189256
	183  -  MemoryUsage of job (MB)
	187292  -  ResidentSetSize of job (KB)
...
006 (126792.005.000) 2022-03-30 13:40:13 Image size of job updated: 187628
	183  -  MemoryUsage of job (MB)
	187288  -  ResidentSetSize of job (KB)
...
006 (126792.007.000) 2022-03-30 13:40:13 Image size of job updated: 187712
	183  -  MemoryUsage of job (MB)
	187288  -  ResidentSetSize of job (KB)
...
006 (126792.006.000) 2022-03-30 13:40:13 Image size of job updated: 187712
	183  -  MemoryUsage of job (MB)
	187296  -  ResidentSetSize of job (KB)
...
006 (126792.008.000) 2022-03-30 13:40:13 Image size of job updated: 187724
	183  -  MemoryUsage of job (MB)
	187284  -  ResidentSetSize of job (KB)
...
006 (126792.009.000) 2022-03-30 13:40:13 Image size of job updated: 188560
	183  -  MemoryUsage of job (MB)
	187288  -  ResidentSetSize of job (KB)
...
006 (126792.010.000) 2022-03-30 13:40:14 Image size of job updated: 187980
	183  -  MemoryUsage of job (MB)
	187284  -  ResidentSetSize of job (KB)
...
006 (126792.016.000) 2022-03-30 13:40:14 Image size of job updated: 196736
	183  -  MemoryUsage of job (MB)
	187288  -  ResidentSetSize of job (KB)
...
006 (126792.016.000) 2022-03-30 13:40:16 Image size of job updated: 651040
	183  -  MemoryUsage of job (MB)
	187288  -  ResidentSetSize of job (KB)
...
005 (126792.016.000) 2022-03-30 13:40:16 Job terminated.
	(1) Normal termination (return value 0)
		Usr 0 00:00:06, Sys 0 00:00:01  -  Run Remote Usage
		Usr 0 00:00:00, Sys 0 00:00:00  -  Run Local Usage
		Usr 0 00:00:06, Sys 0 00:00:01  -  Total Remote Usage
		Usr 0 00:00:00, Sys 0 00:00:00  -  Total Local Usage
	0  -  Run Bytes Sent By Job
	0  -  Run Bytes Received By Job
	0  -  Total Bytes Sent By Job
	0  -  Total Bytes Received By Job
	Partitionable Resources :    Usage  Request Allocated 
	   Cpus                 :                 1         1 
	   Disk (KB)            :        1        1    121641 
	   Memory (MB)          :      183     3900      3968 

	Job terminated of its own accord at 2022-03-30T04:40:16Z.
...
006 (126792.015.000) 2022-03-30 13:40:17 Image size of job updated: 689724
	180  -  MemoryUsage of job (MB)
	184300  -  ResidentSetSize of job (KB)
...
005 (126792.015.000) 2022-03-30 13:40:17 Job terminated.
	(1) Normal termination (return value 0)
		Usr 0 00:00:07, Sys 0 00:00:01  -  Run Remote Usage
		Usr 0 00:00:00, Sys 0 00:00:00  -  Run Local Usage
		Usr 0 00:00:07, Sys 0 00:00:01  -  Total Remote Usage
		Usr 0 00:00:00, Sys 0 00:00:00  -  Total Local Usage
	0  -  Run Bytes Sent By Job
	0  -  Run Bytes Received By Job
	0  -  Total Bytes Sent By Job
	0  -  Total Bytes Received By Job
	Partitionable Resources :    Usage  Request Allocated 
	   Cpus                 :                 1         1 
	   Disk (KB)            :        1        1    121641 
	   Memory (MB)          :      180     3900      3968 

	Job terminated of its own accord at 2022-03-30T04:40:17Z.
...
006 (126792.003.000) 2022-03-30 13:40:17 Image size of job updated: 689780
	165  -  MemoryUsage of job (MB)
	168468  -  ResidentSetSize of job (KB)
...
005 (126792.003.000) 2022-03-30 13:40:17 Job terminated.
	(1) Normal termination (return value 0)
		Usr 0 00:00:07, Sys 0 00:00:02  -  Run Remote Usage
		Usr 0 00:00:00, Sys 0 00:00:00  -  Run Local Usage
		Usr 0 00:00:07, Sys 0 00:00:02  -  Total Remote Usage
		Usr 0 00:00:00, Sys 0 00:00:00  -  Total Local Usage
	0  -  Run Bytes Sent By Job
	0  -  Run Bytes Received By Job
	0  -  Total Bytes Sent By Job
	0  -  Total Bytes Received By Job
	Partitionable Resources :    Usage  Request Allocated 
	   Cpus                 :                 1         1 
	   Disk (KB)            :        1        1    121641 
	   Memory (MB)          :      165     3900      3968 

	Job terminated of its own accord at 2022-03-30T04:40:17Z.
...
006 (126792.002.000) 2022-03-30 13:40:19 Image size of job updated: 689784
	165  -  MemoryUsage of job (MB)
	168412  -  ResidentSetSize of job (KB)
...
005 (126792.002.000) 2022-03-30 13:40:19 Job terminated.
	(1) Normal termination (return value 0)
		Usr 0 00:00:09, Sys 0 00:00:02  -  Run Remote Usage
		Usr 0 00:00:00, Sys 0 00:00:00  -  Run Local Usage
		Usr 0 00:00:09, Sys 0 00:00:02  -  Total Remote Usage
		Usr 0 00:00:00, Sys 0 00:00:00  -  Total Local Usage
	0  -  Run Bytes Sent By Job
	0  -  Run Bytes Received By Job
	0  -  Total Bytes Sent By Job
	0  -  Total Bytes Received By Job
	Partitionable Resources :    Usage  Request Allocated 
	   Cpus                 :                 1         1 
	   Disk (KB)            :        1        1    121641 
	   Memory (MB)          :      165     3900      3968 

	Job terminated of its own accord at 2022-03-30T04:40:19Z.
...
006 (126792.006.000) 2022-03-30 13:40:19 Image size of job updated: 689748
	183  -  MemoryUsage of job (MB)
	187296  -  ResidentSetSize of job (KB)
...
005 (126792.006.000) 2022-03-30 13:40:19 Job terminated.
	(1) Normal termination (return value 0)
		Usr 0 00:00:09, Sys 0 00:00:01  -  Run Remote Usage
		Usr 0 00:00:00, Sys 0 00:00:00  -  Run Local Usage
		Usr 0 00:00:09, Sys 0 00:00:01  -  Total Remote Usage
		Usr 0 00:00:00, Sys 0 00:00:00  -  Total Local Usage
	0  -  Run Bytes Sent By Job
	0  -  Run Bytes Received By Job
	0  -  Total Bytes Sent By Job
	0  -  Total Bytes Received By Job
	Partitionable Resources :    Usage  Request Allocated 
	   Cpus                 :                 1         1 
	   Disk (KB)            :        1        1    121641 
	   Memory (MB)          :      183     3900      3968 

	Job terminated of its own accord at 2022-03-30T04:40:19Z.
...
006 (126792.000.000) 2022-03-30 13:40:19 Image size of job updated: 689776
	162  -  MemoryUsage of job (MB)
	165504  -  ResidentSetSize of job (KB)
...
005 (126792.000.000) 2022-03-30 13:40:19 Job terminated.
	(1) Normal termination (return value 0)
		Usr 0 00:00:09, Sys 0 00:00:01  -  Run Remote Usage
		Usr 0 00:00:00, Sys 0 00:00:00  -  Run Local Usage
		Usr 0 00:00:09, Sys 0 00:00:01  -  Total Remote Usage
		Usr 0 00:00:00, Sys 0 00:00:00  -  Total Local Usage
	0  -  Run Bytes Sent By Job
	0  -  Run Bytes Received By Job
	0  -  Total Bytes Sent By Job
	0  -  Total Bytes Received By Job
	Partitionable Resources :    Usage  Request Allocated 
	   Cpus                 :                 1         1 
	   Disk (KB)            :        1        1    121641 
	   Memory (MB)          :      162     3900      3968 

	Job terminated of its own accord at 2022-03-30T04:40:19Z.
...
006 (126792.001.000) 2022-03-30 13:40:19 Image size of job updated: 689772
	162  -  MemoryUsage of job (MB)
	165864  -  ResidentSetSize of job (KB)
...
006 (126792.005.000) 2022-03-30 13:40:19 Image size of job updated: 689780
	183  -  MemoryUsage of job (MB)
	187288  -  ResidentSetSize of job (KB)
...
005 (126792.001.000) 2022-03-30 13:40:19 Job terminated.
	(1) Normal termination (return value 0)
		Usr 0 00:00:09, Sys 0 00:00:01  -  Run Remote Usage
		Usr 0 00:00:00, Sys 0 00:00:00  -  Run Local Usage
		Usr 0 00:00:09, Sys 0 00:00:01  -  Total Remote Usage
		Usr 0 00:00:00, Sys 0 00:00:00  -  Total Local Usage
	0  -  Run Bytes Sent By Job
	0  -  Run Bytes Received By Job
	0  -  Total Bytes Sent By Job
	0  -  Total Bytes Received By Job
	Partitionable Resources :    Usage  Request Allocated 
	   Cpus                 :                 1         1 
	   Disk (KB)            :        1        1    121641 
	   Memory (MB)          :      162     3900      3968 

	Job terminated of its own accord at 2022-03-30T04:40:19Z.
...
005 (126792.005.000) 2022-03-30 13:40:19 Job terminated.
	(1) Normal termination (return value 0)
		Usr 0 00:00:09, Sys 0 00:00:02  -  Run Remote Usage
		Usr 0 00:00:00, Sys 0 00:00:00  -  Run Local Usage
		Usr 0 00:00:09, Sys 0 00:00:02  -  Total Remote Usage
		Usr 0 00:00:00, Sys 0 00:00:00  -  Total Local Usage
	0  -  Run Bytes Sent By Job
	0  -  Run Bytes Received By Job
	0  -  Total Bytes Sent By Job
	0  -  Total Bytes Received By Job
	Partitionable Resources :    Usage  Request Allocated 
	   Cpus                 :                 1         1 
	   Disk (KB)            :        1        1    121641 
	   Memory (MB)          :      183     3900      3968 

	Job terminated of its own accord at 2022-03-30T04:40:19Z.
...
006 (126792.012.000) 2022-03-30 13:40:19 Image size of job updated: 689720
	180  -  MemoryUsage of job (MB)
	183948  -  ResidentSetSize of job (KB)
...
005 (126792.012.000) 2022-03-30 13:40:19 Job terminated.
	(1) Normal termination (return value 0)
		Usr 0 00:00:10, Sys 0 00:00:01  -  Run Remote Usage
		Usr 0 00:00:00, Sys 0 00:00:00  -  Run Local Usage
		Usr 0 00:00:10, Sys 0 00:00:01  -  Total Remote Usage
		Usr 0 00:00:00, Sys 0 00:00:00  -  Total Local Usage
	0  -  Run Bytes Sent By Job
	0  -  Run Bytes Received By Job
	0  -  Total Bytes Sent By Job
	0  -  Total Bytes Received By Job
	Partitionable Resources :    Usage  Request Allocated 
	   Cpus                 :                 1         1 
	   Disk (KB)            :        1        1    121641 
	   Memory (MB)          :      180     3900      3968 

	Job terminated of its own accord at 2022-03-30T04:40:19Z.
...
006 (126792.008.000) 2022-03-30 13:40:20 Image size of job updated: 689760
	183  -  MemoryUsage of job (MB)
	187284  -  ResidentSetSize of job (KB)
...
005 (126792.008.000) 2022-03-30 13:40:20 Job terminated.
	(1) Normal termination (return value 0)
		Usr 0 00:00:10, Sys 0 00:00:01  -  Run Remote Usage
		Usr 0 00:00:00, Sys 0 00:00:00  -  Run Local Usage
		Usr 0 00:00:10, Sys 0 00:00:01  -  Total Remote Usage
		Usr 0 00:00:00, Sys 0 00:00:00  -  Total Local Usage
	0  -  Run Bytes Sent By Job
	0  -  Run Bytes Received By Job
	0  -  Total Bytes Sent By Job
	0  -  Total Bytes Received By Job
	Partitionable Resources :    Usage  Request Allocated 
	   Cpus                 :                 1         1 
	   Disk (KB)            :        1        1    121641 
	   Memory (MB)          :      183     3900      3968 

	Job terminated of its own accord at 2022-03-30T04:40:20Z.
...
006 (126792.007.000) 2022-03-30 13:40:20 Image size of job updated: 689772
	183  -  MemoryUsage of job (MB)
	187288  -  ResidentSetSize of job (KB)
...
005 (126792.007.000) 2022-03-30 13:40:20 Job terminated.
	(1) Normal termination (return value 0)
		Usr 0 00:00:10, Sys 0 00:00:01  -  Run Remote Usage
		Usr 0 00:00:00, Sys 0 00:00:00  -  Run Local Usage
		Usr 0 00:00:10, Sys 0 00:00:01  -  Total Remote Usage
		Usr 0 00:00:00, Sys 0 00:00:00  -  Total Local Usage
	0  -  Run Bytes Sent By Job
	0  -  Run Bytes Received By Job
	0  -  Total Bytes Sent By Job
	0  -  Total Bytes Received By Job
	Partitionable Resources :    Usage  Request Allocated 
	   Cpus                 :                 1         1 
	   Disk (KB)            :        1        1    121641 
	   Memory (MB)          :      183     3900      3968 

	Job terminated of its own accord at 2022-03-30T04:40:20Z.
...
006 (126792.017.000) 2022-03-30 13:40:20 Image size of job updated: 664864
	151  -  MemoryUsage of job (MB)
	154396  -  ResidentSetSize of job (KB)
...
005 (126792.017.000) 2022-03-30 13:40:20 Job terminated.
	(1) Normal termination (return value 0)
		Usr 0 00:00:11, Sys 0 00:00:02  -  Run Remote Usage
		Usr 0 00:00:00, Sys 0 00:00:00  -  Run Local Usage
		Usr 0 00:00:11, Sys 0 00:00:02  -  Total Remote Usage
		Usr 0 00:00:00, Sys 0 00:00:00  -  Total Local Usage
	0  -  Run Bytes Sent By Job
	0  -  Run Bytes Received By Job
	0  -  Total Bytes Sent By Job
	0  -  Total Bytes Received By Job
	Partitionable Resources :    Usage  Request Allocated 
	   Cpus                 :                 1         1 
	   Disk (KB)            :        1        1    129249 
	   Memory (MB)          :      151     3900      3968 

	Job terminated of its own accord at 2022-03-30T04:40:20Z.
...
006 (126792.009.000) 2022-03-30 13:40:20 Image size of job updated: 689772
	183  -  MemoryUsage of job (MB)
	187288  -  ResidentSetSize of job (KB)
...
005 (126792.009.000) 2022-03-30 13:40:20 Job terminated.
	(1) Normal termination (return value 0)
		Usr 0 00:00:10, Sys 0 00:00:01  -  Run Remote Usage
		Usr 0 00:00:00, Sys 0 00:00:00  -  Run Local Usage
		Usr 0 00:00:10, Sys 0 00:00:01  -  Total Remote Usage
		Usr 0 00:00:00, Sys 0 00:00:00  -  Total Local Usage
	0  -  Run Bytes Sent By Job
	0  -  Run Bytes Received By Job
	0  -  Total Bytes Sent By Job
	0  -  Total Bytes Received By Job
	Partitionable Resources :    Usage  Request Allocated 
	   Cpus                 :                 1         1 
	   Disk (KB)            :        1        1    121641 
	   Memory (MB)          :      183     3900      3968 

	Job terminated of its own accord at 2022-03-30T04:40:20Z.
...
006 (126792.013.000) 2022-03-30 13:40:20 Image size of job updated: 689684
	180  -  MemoryUsage of job (MB)
	183952  -  ResidentSetSize of job (KB)
...
005 (126792.013.000) 2022-03-30 13:40:20 Job terminated.
	(1) Normal termination (return value 0)
		Usr 0 00:00:10, Sys 0 00:00:01  -  Run Remote Usage
		Usr 0 00:00:00, Sys 0 00:00:00  -  Run Local Usage
		Usr 0 00:00:10, Sys 0 00:00:01  -  Total Remote Usage
		Usr 0 00:00:00, Sys 0 00:00:00  -  Total Local Usage
	0  -  Run Bytes Sent By Job
	0  -  Run Bytes Received By Job
	0  -  Total Bytes Sent By Job
	0  -  Total Bytes Received By Job
	Partitionable Resources :    Usage  Request Allocated 
	   Cpus                 :                 1         1 
	   Disk (KB)            :        1        1    121641 
	   Memory (MB)          :      180     3900      3968 

	Job terminated of its own accord at 2022-03-30T04:40:20Z.
...
006 (126792.019.000) 2022-03-30 13:40:20 Image size of job updated: 687584
	151  -  MemoryUsage of job (MB)
	154516  -  ResidentSetSize of job (KB)
...
005 (126792.019.000) 2022-03-30 13:40:21 Job terminated.
	(1) Normal termination (return value 0)
		Usr 0 00:00:10, Sys 0 00:00:02  -  Run Remote Usage
		Usr 0 00:00:00, Sys 0 00:00:00  -  Run Local Usage
		Usr 0 00:00:10, Sys 0 00:00:02  -  Total Remote Usage
		Usr 0 00:00:00, Sys 0 00:00:00  -  Total Local Usage
	0  -  Run Bytes Sent By Job
	0  -  Run Bytes Received By Job
	0  -  Total Bytes Sent By Job
	0  -  Total Bytes Received By Job
	Partitionable Resources :    Usage  Request Allocated 
	   Cpus                 :                 1         1 
	   Disk (KB)            :        1        1    129249 
	   Memory (MB)          :      151     3900      3968 

	Job terminated of its own accord at 2022-03-30T04:40:20Z.
...
006 (126792.011.000) 2022-03-30 13:40:21 Image size of job updated: 664532
	180  -  MemoryUsage of job (MB)
	183940  -  ResidentSetSize of job (KB)
...
005 (126792.011.000) 2022-03-30 13:40:21 Job terminated.
	(1) Normal termination (return value 0)
		Usr 0 00:00:11, Sys 0 00:00:01  -  Run Remote Usage
		Usr 0 00:00:00, Sys 0 00:00:00  -  Run Local Usage
		Usr 0 00:00:11, Sys 0 00:00:01  -  Total Remote Usage
		Usr 0 00:00:00, Sys 0 00:00:00  -  Total Local Usage
	0  -  Run Bytes Sent By Job
	0  -  Run Bytes Received By Job
	0  -  Total Bytes Sent By Job
	0  -  Total Bytes Received By Job
	Partitionable Resources :    Usage  Request Allocated 
	   Cpus                 :                 1         1 
	   Disk (KB)            :        1        1    121641 
	   Memory (MB)          :      180     3900      3968 

	Job terminated of its own accord at 2022-03-30T04:40:21Z.
...
006 (126792.004.000) 2022-03-30 13:40:21 Image size of job updated: 689820
	183  -  MemoryUsage of job (MB)
	187292  -  ResidentSetSize of job (KB)
...
005 (126792.004.000) 2022-03-30 13:40:21 Job terminated.
	(1) Normal termination (return value 0)
		Usr 0 00:00:11, Sys 0 00:00:02  -  Run Remote Usage
		Usr 0 00:00:00, Sys 0 00:00:00  -  Run Local Usage
		Usr 0 00:00:11, Sys 0 00:00:02  -  Total Remote Usage
		Usr 0 00:00:00, Sys 0 00:00:00  -  Total Local Usage
	0  -  Run Bytes Sent By Job
	0  -  Run Bytes Received By Job
	0  -  Total Bytes Sent By Job
	0  -  Total Bytes Received By Job
	Partitionable Resources :    Usage  Request Allocated 
	   Cpus                 :                 1         1 
	   Disk (KB)            :        1        1    121641 
	   Memory (MB)          :      183     3900      3968 

	Job terminated of its own accord at 2022-03-30T04:40:21Z.
...
006 (126792.010.000) 2022-03-30 13:40:21 Image size of job updated: 688700
	183  -  MemoryUsage of job (MB)
	187284  -  ResidentSetSize of job (KB)
...
005 (126792.010.000) 2022-03-30 13:40:21 Job terminated.
	(1) Normal termination (return value 0)
		Usr 0 00:00:11, Sys 0 00:00:01  -  Run Remote Usage
		Usr 0 00:00:00, Sys 0 00:00:00  -  Run Local Usage
		Usr 0 00:00:11, Sys 0 00:00:01  -  Total Remote Usage
		Usr 0 00:00:00, Sys 0 00:00:00  -  Total Local Usage
	0  -  Run Bytes Sent By Job
	0  -  Run Bytes Received By Job
	0  -  Total Bytes Sent By Job
	0  -  Total Bytes Received By Job
	Partitionable Resources :    Usage  Request Allocated 
	   Cpus                 :                 1         1 
	   Disk (KB)            :        1        1    121641 
	   Memory (MB)          :      183     3900      3968 

	Job terminated of its own accord at 2022-03-30T04:40:21Z.
...
006 (126792.014.000) 2022-03-30 13:40:29 Image size of job updated: 648908
	182  -  MemoryUsage of job (MB)
	185440  -  ResidentSetSize of job (KB)
...
005 (126792.014.000) 2022-03-30 13:40:30 Job terminated.
	(1) Normal termination (return value 0)
		Usr 0 00:00:20, Sys 0 00:00:01  -  Run Remote Usage
		Usr 0 00:00:00, Sys 0 00:00:00  -  Run Local Usage
		Usr 0 00:00:20, Sys 0 00:00:01  -  Total Remote Usage
		Usr 0 00:00:00, Sys 0 00:00:00  -  Total Local Usage
	0  -  Run Bytes Sent By Job
	0  -  Run Bytes Received By Job
	0  -  Total Bytes Sent By Job
	0  -  Total Bytes Received By Job
	Partitionable Resources :    Usage  Request Allocated 
	   Cpus                 :                 1         1 
	   Disk (KB)            :        1        1    121641 
	   Memory (MB)          :      182     3900      3968 

	Job terminated of its own accord at 2022-03-30T04:40:29Z.
...
006 (126792.018.000) 2022-03-30 13:41:11 Image size of job updated: 648900
	151  -  MemoryUsage of job (MB)
	154520  -  ResidentSetSize of job (KB)
...
005 (126792.018.000) 2022-03-30 13:41:11 Job terminated.
	(1) Normal termination (return value 0)
		Usr 0 00:01:01, Sys 0 00:00:02  -  Run Remote Usage
		Usr 0 00:00:00, Sys 0 00:00:00  -  Run Local Usage
		Usr 0 00:01:01, Sys 0 00:00:02  -  Total Remote Usage
		Usr 0 00:00:00, Sys 0 00:00:00  -  Total Local Usage
	0  -  Run Bytes Sent By Job
	0  -  Run Bytes Received By Job
	0  -  Total Bytes Sent By Job
	0  -  Total Bytes Received By Job
	Partitionable Resources :    Usage  Request Allocated 
	   Cpus                 :                 1         1 
	   Disk (KB)            :        1        1    129249 
	   Memory (MB)          :      151     3900      3968 

	Job terminated of its own accord at 2022-03-30T04:41:11Z.
...
000 (127737.000.000) 2022-03-31 12:11:47 Job submitted from host: <172.30.1.200:9618?addrs=172.30.1.200-9618&alias=tamsa2.snu.ac.kr&noUDP&sock=schedd_3154_f5cb>
...
000 (127737.001.000) 2022-03-31 12:11:47 Job submitted from host: <172.30.1.200:9618?addrs=172.30.1.200-9618&alias=tamsa2.snu.ac.kr&noUDP&sock=schedd_3154_f5cb>
...
000 (127737.002.000) 2022-03-31 12:11:47 Job submitted from host: <172.30.1.200:9618?addrs=172.30.1.200-9618&alias=tamsa2.snu.ac.kr&noUDP&sock=schedd_3154_f5cb>
...
000 (127737.003.000) 2022-03-31 12:11:47 Job submitted from host: <172.30.1.200:9618?addrs=172.30.1.200-9618&alias=tamsa2.snu.ac.kr&noUDP&sock=schedd_3154_f5cb>
...
000 (127737.004.000) 2022-03-31 12:11:47 Job submitted from host: <172.30.1.200:9618?addrs=172.30.1.200-9618&alias=tamsa2.snu.ac.kr&noUDP&sock=schedd_3154_f5cb>
...
000 (127737.005.000) 2022-03-31 12:11:47 Job submitted from host: <172.30.1.200:9618?addrs=172.30.1.200-9618&alias=tamsa2.snu.ac.kr&noUDP&sock=schedd_3154_f5cb>
...
000 (127737.006.000) 2022-03-31 12:11:47 Job submitted from host: <172.30.1.200:9618?addrs=172.30.1.200-9618&alias=tamsa2.snu.ac.kr&noUDP&sock=schedd_3154_f5cb>
...
000 (127737.007.000) 2022-03-31 12:11:47 Job submitted from host: <172.30.1.200:9618?addrs=172.30.1.200-9618&alias=tamsa2.snu.ac.kr&noUDP&sock=schedd_3154_f5cb>
...
000 (127737.008.000) 2022-03-31 12:11:47 Job submitted from host: <172.30.1.200:9618?addrs=172.30.1.200-9618&alias=tamsa2.snu.ac.kr&noUDP&sock=schedd_3154_f5cb>
...
000 (127737.009.000) 2022-03-31 12:11:47 Job submitted from host: <172.30.1.200:9618?addrs=172.30.1.200-9618&alias=tamsa2.snu.ac.kr&noUDP&sock=schedd_3154_f5cb>
...
000 (127737.010.000) 2022-03-31 12:11:47 Job submitted from host: <172.30.1.200:9618?addrs=172.30.1.200-9618&alias=tamsa2.snu.ac.kr&noUDP&sock=schedd_3154_f5cb>
...
000 (127737.011.000) 2022-03-31 12:11:47 Job submitted from host: <172.30.1.200:9618?addrs=172.30.1.200-9618&alias=tamsa2.snu.ac.kr&noUDP&sock=schedd_3154_f5cb>
...
000 (127737.012.000) 2022-03-31 12:11:47 Job submitted from host: <172.30.1.200:9618?addrs=172.30.1.200-9618&alias=tamsa2.snu.ac.kr&noUDP&sock=schedd_3154_f5cb>
...
000 (127737.013.000) 2022-03-31 12:11:47 Job submitted from host: <172.30.1.200:9618?addrs=172.30.1.200-9618&alias=tamsa2.snu.ac.kr&noUDP&sock=schedd_3154_f5cb>
...
000 (127737.014.000) 2022-03-31 12:11:47 Job submitted from host: <172.30.1.200:9618?addrs=172.30.1.200-9618&alias=tamsa2.snu.ac.kr&noUDP&sock=schedd_3154_f5cb>
...
000 (127737.015.000) 2022-03-31 12:11:47 Job submitted from host: <172.30.1.200:9618?addrs=172.30.1.200-9618&alias=tamsa2.snu.ac.kr&noUDP&sock=schedd_3154_f5cb>
...
000 (127737.016.000) 2022-03-31 12:11:47 Job submitted from host: <172.30.1.200:9618?addrs=172.30.1.200-9618&alias=tamsa2.snu.ac.kr&noUDP&sock=schedd_3154_f5cb>
...
000 (127737.017.000) 2022-03-31 12:11:47 Job submitted from host: <172.30.1.200:9618?addrs=172.30.1.200-9618&alias=tamsa2.snu.ac.kr&noUDP&sock=schedd_3154_f5cb>
...
000 (127737.018.000) 2022-03-31 12:11:47 Job submitted from host: <172.30.1.200:9618?addrs=172.30.1.200-9618&alias=tamsa2.snu.ac.kr&noUDP&sock=schedd_3154_f5cb>
...
000 (127737.019.000) 2022-03-31 12:11:47 Job submitted from host: <172.30.1.200:9618?addrs=172.30.1.200-9618&alias=tamsa2.snu.ac.kr&noUDP&sock=schedd_3154_f5cb>
...
001 (127737.000.000) 2022-03-31 12:11:56 Job executing on host: <172.30.1.204:9618?addrs=172.30.1.204-9618&alias=node4&noUDP&sock=startd_3623_a7b6>
...
001 (127737.001.000) 2022-03-31 12:11:56 Job executing on host: <172.30.1.204:9618?addrs=172.30.1.204-9618&alias=node4&noUDP&sock=startd_3623_a7b6>
...
001 (127737.002.000) 2022-03-31 12:11:56 Job executing on host: <172.30.1.204:9618?addrs=172.30.1.204-9618&alias=node4&noUDP&sock=startd_3623_a7b6>
...
001 (127737.003.000) 2022-03-31 12:11:56 Job executing on host: <172.30.1.204:9618?addrs=172.30.1.204-9618&alias=node4&noUDP&sock=startd_3623_a7b6>
...
001 (127737.004.000) 2022-03-31 12:11:56 Job executing on host: <172.30.1.204:9618?addrs=172.30.1.204-9618&alias=node4&noUDP&sock=startd_3623_a7b6>
...
001 (127737.005.000) 2022-03-31 12:11:56 Job executing on host: <172.30.1.204:9618?addrs=172.30.1.204-9618&alias=node4&noUDP&sock=startd_3623_a7b6>
...
001 (127737.006.000) 2022-03-31 12:11:56 Job executing on host: <172.30.1.204:9618?addrs=172.30.1.204-9618&alias=node4&noUDP&sock=startd_3623_a7b6>
...
001 (127737.007.000) 2022-03-31 12:11:56 Job executing on host: <172.30.1.204:9618?addrs=172.30.1.204-9618&alias=node4&noUDP&sock=startd_3623_a7b6>
...
001 (127737.008.000) 2022-03-31 12:11:57 Job executing on host: <172.30.1.204:9618?addrs=172.30.1.204-9618&alias=node4&noUDP&sock=startd_3623_a7b6>
...
001 (127737.009.000) 2022-03-31 12:11:57 Job executing on host: <172.30.1.204:9618?addrs=172.30.1.204-9618&alias=node4&noUDP&sock=startd_3623_a7b6>
...
001 (127737.010.000) 2022-03-31 12:11:57 Job executing on host: <172.30.1.204:9618?addrs=172.30.1.204-9618&alias=node4&noUDP&sock=startd_3623_a7b6>
...
001 (127737.011.000) 2022-03-31 12:11:57 Job executing on host: <172.30.1.204:9618?addrs=172.30.1.204-9618&alias=node4&noUDP&sock=startd_3623_a7b6>
...
001 (127737.012.000) 2022-03-31 12:11:57 Job executing on host: <172.30.1.204:9618?addrs=172.30.1.204-9618&alias=node4&noUDP&sock=startd_3623_a7b6>
...
001 (127737.013.000) 2022-03-31 12:11:57 Job executing on host: <172.30.1.204:9618?addrs=172.30.1.204-9618&alias=node4&noUDP&sock=startd_3623_a7b6>
...
001 (127737.014.000) 2022-03-31 12:11:57 Job executing on host: <172.30.1.204:9618?addrs=172.30.1.204-9618&alias=node4&noUDP&sock=startd_3623_a7b6>
...
001 (127737.015.000) 2022-03-31 12:11:57 Job executing on host: <172.30.1.204:9618?addrs=172.30.1.204-9618&alias=node4&noUDP&sock=startd_3623_a7b6>
...
001 (127737.016.000) 2022-03-31 12:11:57 Job executing on host: <172.30.1.204:9618?addrs=172.30.1.204-9618&alias=node4&noUDP&sock=startd_3623_a7b6>
...
001 (127737.017.000) 2022-03-31 12:11:57 Job executing on host: <172.30.1.204:9618?addrs=172.30.1.204-9618&alias=node4&noUDP&sock=startd_3623_a7b6>
...
001 (127737.018.000) 2022-03-31 12:11:57 Job executing on host: <172.30.1.204:9618?addrs=172.30.1.204-9618&alias=node4&noUDP&sock=startd_3623_a7b6>
...
001 (127737.019.000) 2022-03-31 12:11:57 Job executing on host: <172.30.1.204:9618?addrs=172.30.1.204-9618&alias=node4&noUDP&sock=startd_3623_a7b6>
...
006 (127737.008.000) 2022-03-31 12:12:05 Image size of job updated: 185828
	169  -  MemoryUsage of job (MB)
	172652  -  ResidentSetSize of job (KB)
...
006 (127737.009.000) 2022-03-31 12:12:05 Image size of job updated: 185840
	171  -  MemoryUsage of job (MB)
	174600  -  ResidentSetSize of job (KB)
...
006 (127737.010.000) 2022-03-31 12:12:05 Image size of job updated: 185840
	173  -  MemoryUsage of job (MB)
	176848  -  ResidentSetSize of job (KB)
...
006 (127737.011.000) 2022-03-31 12:12:05 Image size of job updated: 183100
	175  -  MemoryUsage of job (MB)
	178588  -  ResidentSetSize of job (KB)
...
006 (127737.012.000) 2022-03-31 12:12:05 Image size of job updated: 181864
	176  -  MemoryUsage of job (MB)
	179560  -  ResidentSetSize of job (KB)
...
006 (127737.000.000) 2022-03-31 12:12:05 Image size of job updated: 301784
	178  -  MemoryUsage of job (MB)
	181368  -  ResidentSetSize of job (KB)
...
006 (127737.001.000) 2022-03-31 12:12:05 Image size of job updated: 301784
	152  -  MemoryUsage of job (MB)
	154804  -  ResidentSetSize of job (KB)
...
006 (127737.002.000) 2022-03-31 12:12:05 Image size of job updated: 301784
	180  -  MemoryUsage of job (MB)
	184040  -  ResidentSetSize of job (KB)
...
006 (127737.003.000) 2022-03-31 12:12:05 Image size of job updated: 301916
	180  -  MemoryUsage of job (MB)
	184048  -  ResidentSetSize of job (KB)
...
006 (127737.004.000) 2022-03-31 12:12:05 Image size of job updated: 186228
	180  -  MemoryUsage of job (MB)
	184052  -  ResidentSetSize of job (KB)
...
006 (127737.005.000) 2022-03-31 12:12:05 Image size of job updated: 189424
	180  -  MemoryUsage of job (MB)
	184300  -  ResidentSetSize of job (KB)
...
006 (127737.006.000) 2022-03-31 12:12:05 Image size of job updated: 188156
	181  -  MemoryUsage of job (MB)
	185108  -  ResidentSetSize of job (KB)
...
006 (127737.007.000) 2022-03-31 12:12:06 Image size of job updated: 185828
	152  -  MemoryUsage of job (MB)
	154912  -  ResidentSetSize of job (KB)
...
006 (127737.019.000) 2022-03-31 12:12:06 Image size of job updated: 190476
	180  -  MemoryUsage of job (MB)
	184060  -  ResidentSetSize of job (KB)
...
006 (127737.013.000) 2022-03-31 12:12:06 Image size of job updated: 187988
	183  -  MemoryUsage of job (MB)
	187380  -  ResidentSetSize of job (KB)
...
006 (127737.014.000) 2022-03-31 12:12:06 Image size of job updated: 188640
	183  -  MemoryUsage of job (MB)
	187380  -  ResidentSetSize of job (KB)
...
006 (127737.015.000) 2022-03-31 12:12:06 Image size of job updated: 188668
	183  -  MemoryUsage of job (MB)
	187376  -  ResidentSetSize of job (KB)
...
006 (127737.016.000) 2022-03-31 12:12:06 Image size of job updated: 195624
	183  -  MemoryUsage of job (MB)
	187372  -  ResidentSetSize of job (KB)
...
006 (127737.017.000) 2022-03-31 12:12:06 Image size of job updated: 195596
	183  -  MemoryUsage of job (MB)
	187376  -  ResidentSetSize of job (KB)
...
006 (127737.018.000) 2022-03-31 12:12:06 Image size of job updated: 195480
	183  -  MemoryUsage of job (MB)
	187380  -  ResidentSetSize of job (KB)
...
006 (127737.015.000) 2022-03-31 12:12:10 Image size of job updated: 688072
	183  -  MemoryUsage of job (MB)
	187376  -  ResidentSetSize of job (KB)
...
005 (127737.015.000) 2022-03-31 12:12:10 Job terminated.
	(1) Normal termination (return value 0)
		Usr 0 00:00:07, Sys 0 00:00:01  -  Run Remote Usage
		Usr 0 00:00:00, Sys 0 00:00:00  -  Run Local Usage
		Usr 0 00:00:07, Sys 0 00:00:01  -  Total Remote Usage
		Usr 0 00:00:00, Sys 0 00:00:00  -  Total Local Usage
	0  -  Run Bytes Sent By Job
	0  -  Run Bytes Received By Job
	0  -  Total Bytes Sent By Job
	0  -  Total Bytes Received By Job
	Partitionable Resources :    Usage  Request Allocated 
	   Cpus                 :                 1         1 
	   Disk (KB)            :        1        1    129249 
	   Memory (MB)          :      183     3900      3968 

	Job terminated of its own accord at 2022-03-31T03:12:10Z.
...
006 (127737.016.000) 2022-03-31 12:12:10 Image size of job updated: 682904
	183  -  MemoryUsage of job (MB)
	187372  -  ResidentSetSize of job (KB)
...
005 (127737.016.000) 2022-03-31 12:12:10 Job terminated.
	(1) Normal termination (return value 0)
		Usr 0 00:00:07, Sys 0 00:00:01  -  Run Remote Usage
		Usr 0 00:00:00, Sys 0 00:00:00  -  Run Local Usage
		Usr 0 00:00:07, Sys 0 00:00:01  -  Total Remote Usage
		Usr 0 00:00:00, Sys 0 00:00:00  -  Total Local Usage
	0  -  Run Bytes Sent By Job
	0  -  Run Bytes Received By Job
	0  -  Total Bytes Sent By Job
	0  -  Total Bytes Received By Job
	Partitionable Resources :    Usage  Request Allocated 
	   Cpus                 :                 1         1 
	   Disk (KB)            :        1        1    129249 
	   Memory (MB)          :      183     3900      3968 

	Job terminated of its own accord at 2022-03-31T03:12:10Z.
...
006 (127737.010.000) 2022-03-31 12:12:12 Image size of job updated: 689696
	173  -  MemoryUsage of job (MB)
	176848  -  ResidentSetSize of job (KB)
...
005 (127737.010.000) 2022-03-31 12:12:12 Job terminated.
	(1) Normal termination (return value 0)
		Usr 0 00:00:09, Sys 0 00:00:01  -  Run Remote Usage
		Usr 0 00:00:00, Sys 0 00:00:00  -  Run Local Usage
		Usr 0 00:00:09, Sys 0 00:00:01  -  Total Remote Usage
		Usr 0 00:00:00, Sys 0 00:00:00  -  Total Local Usage
	0  -  Run Bytes Sent By Job
	0  -  Run Bytes Received By Job
	0  -  Total Bytes Sent By Job
	0  -  Total Bytes Received By Job
	Partitionable Resources :    Usage  Request Allocated 
	   Cpus                 :                 1         1 
	   Disk (KB)            :        1        1    129249 
	   Memory (MB)          :      173     3900      3968 

	Job terminated of its own accord at 2022-03-31T03:12:12Z.
...
006 (127737.003.000) 2022-03-31 12:12:12 Image size of job updated: 689780
	180  -  MemoryUsage of job (MB)
	184048  -  ResidentSetSize of job (KB)
...
005 (127737.003.000) 2022-03-31 12:12:12 Job terminated.
	(1) Normal termination (return value 0)
		Usr 0 00:00:09, Sys 0 00:00:02  -  Run Remote Usage
		Usr 0 00:00:00, Sys 0 00:00:00  -  Run Local Usage
		Usr 0 00:00:09, Sys 0 00:00:02  -  Total Remote Usage
		Usr 0 00:00:00, Sys 0 00:00:00  -  Total Local Usage
	0  -  Run Bytes Sent By Job
	0  -  Run Bytes Received By Job
	0  -  Total Bytes Sent By Job
	0  -  Total Bytes Received By Job
	Partitionable Resources :    Usage  Request Allocated 
	   Cpus                 :                 1         1 
	   Disk (KB)            :        1        1    129249 
	   Memory (MB)          :      180     3900      3968 

	Job terminated of its own accord at 2022-03-31T03:12:12Z.
...
006 (127737.004.000) 2022-03-31 12:12:12 Image size of job updated: 689788
	180  -  MemoryUsage of job (MB)
	184052  -  ResidentSetSize of job (KB)
...
005 (127737.004.000) 2022-03-31 12:12:12 Job terminated.
	(1) Normal termination (return value 0)
		Usr 0 00:00:09, Sys 0 00:00:02  -  Run Remote Usage
		Usr 0 00:00:00, Sys 0 00:00:00  -  Run Local Usage
		Usr 0 00:00:09, Sys 0 00:00:02  -  Total Remote Usage
		Usr 0 00:00:00, Sys 0 00:00:00  -  Total Local Usage
	0  -  Run Bytes Sent By Job
	0  -  Run Bytes Received By Job
	0  -  Total Bytes Sent By Job
	0  -  Total Bytes Received By Job
	Partitionable Resources :    Usage  Request Allocated 
	   Cpus                 :                 1         1 
	   Disk (KB)            :        1        1    129249 
	   Memory (MB)          :      180     3900      3968 

	Job terminated of its own accord at 2022-03-31T03:12:12Z.
...
006 (127737.005.000) 2022-03-31 12:12:13 Image size of job updated: 689784
	180  -  MemoryUsage of job (MB)
	184300  -  ResidentSetSize of job (KB)
...
005 (127737.005.000) 2022-03-31 12:12:13 Job terminated.
	(1) Normal termination (return value 0)
		Usr 0 00:00:10, Sys 0 00:00:01  -  Run Remote Usage
		Usr 0 00:00:00, Sys 0 00:00:00  -  Run Local Usage
		Usr 0 00:00:10, Sys 0 00:00:01  -  Total Remote Usage
		Usr 0 00:00:00, Sys 0 00:00:00  -  Total Local Usage
	0  -  Run Bytes Sent By Job
	0  -  Run Bytes Received By Job
	0  -  Total Bytes Sent By Job
	0  -  Total Bytes Received By Job
	Partitionable Resources :    Usage  Request Allocated 
	   Cpus                 :                 1         1 
	   Disk (KB)            :        1        1    129249 
	   Memory (MB)          :      180     3900      3968 

	Job terminated of its own accord at 2022-03-31T03:12:13Z.
...
006 (127737.002.000) 2022-03-31 12:12:13 Image size of job updated: 689780
	180  -  MemoryUsage of job (MB)
	184040  -  ResidentSetSize of job (KB)
...
005 (127737.002.000) 2022-03-31 12:12:13 Job terminated.
	(1) Normal termination (return value 0)
		Usr 0 00:00:11, Sys 0 00:00:02  -  Run Remote Usage
		Usr 0 00:00:00, Sys 0 00:00:00  -  Run Local Usage
		Usr 0 00:00:11, Sys 0 00:00:02  -  Total Remote Usage
		Usr 0 00:00:00, Sys 0 00:00:00  -  Total Local Usage
	0  -  Run Bytes Sent By Job
	0  -  Run Bytes Received By Job
	0  -  Total Bytes Sent By Job
	0  -  Total Bytes Received By Job
	Partitionable Resources :    Usage  Request Allocated 
	   Cpus                 :                 1         1 
	   Disk (KB)            :        1        1    129249 
	   Memory (MB)          :      180     3900      3968 

	Job terminated of its own accord at 2022-03-31T03:12:13Z.
...
006 (127737.007.000) 2022-03-31 12:12:13 Image size of job updated: 690116
	152  -  MemoryUsage of job (MB)
	154912  -  ResidentSetSize of job (KB)
...
005 (127737.007.000) 2022-03-31 12:12:13 Job terminated.
	(1) Normal termination (return value 0)
		Usr 0 00:00:11, Sys 0 00:00:01  -  Run Remote Usage
		Usr 0 00:00:00, Sys 0 00:00:00  -  Run Local Usage
		Usr 0 00:00:11, Sys 0 00:00:01  -  Total Remote Usage
		Usr 0 00:00:00, Sys 0 00:00:00  -  Total Local Usage
	0  -  Run Bytes Sent By Job
	0  -  Run Bytes Received By Job
	0  -  Total Bytes Sent By Job
	0  -  Total Bytes Received By Job
	Partitionable Resources :    Usage  Request Allocated 
	   Cpus                 :                 1         1 
	   Disk (KB)            :        1        1    129249 
	   Memory (MB)          :      152     3900      3968 

	Job terminated of its own accord at 2022-03-31T03:12:13Z.
...
006 (127737.006.000) 2022-03-31 12:12:14 Image size of job updated: 690012
	181  -  MemoryUsage of job (MB)
	185108  -  ResidentSetSize of job (KB)
...
005 (127737.006.000) 2022-03-31 12:12:14 Job terminated.
	(1) Normal termination (return value 0)
		Usr 0 00:00:11, Sys 0 00:00:01  -  Run Remote Usage
		Usr 0 00:00:00, Sys 0 00:00:00  -  Run Local Usage
		Usr 0 00:00:11, Sys 0 00:00:01  -  Total Remote Usage
		Usr 0 00:00:00, Sys 0 00:00:00  -  Total Local Usage
	0  -  Run Bytes Sent By Job
	0  -  Run Bytes Received By Job
	0  -  Total Bytes Sent By Job
	0  -  Total Bytes Received By Job
	Partitionable Resources :    Usage  Request Allocated 
	   Cpus                 :                 1         1 
	   Disk (KB)            :        1        1    129249 
	   Memory (MB)          :      181     3900      3968 

	Job terminated of its own accord at 2022-03-31T03:12:14Z.
...
006 (127737.009.000) 2022-03-31 12:12:14 Image size of job updated: 689800
	171  -  MemoryUsage of job (MB)
	174600  -  ResidentSetSize of job (KB)
...
005 (127737.009.000) 2022-03-31 12:12:14 Job terminated.
	(1) Normal termination (return value 0)
		Usr 0 00:00:12, Sys 0 00:00:01  -  Run Remote Usage
		Usr 0 00:00:00, Sys 0 00:00:00  -  Run Local Usage
		Usr 0 00:00:12, Sys 0 00:00:01  -  Total Remote Usage
		Usr 0 00:00:00, Sys 0 00:00:00  -  Total Local Usage
	0  -  Run Bytes Sent By Job
	0  -  Run Bytes Received By Job
	0  -  Total Bytes Sent By Job
	0  -  Total Bytes Received By Job
	Partitionable Resources :    Usage  Request Allocated 
	   Cpus                 :                 1         1 
	   Disk (KB)            :        1        1    129249 
	   Memory (MB)          :      171     3900      3968 

	Job terminated of its own accord at 2022-03-31T03:12:14Z.
...
006 (127737.017.000) 2022-03-31 12:12:14 Image size of job updated: 689716
	183  -  MemoryUsage of job (MB)
	187376  -  ResidentSetSize of job (KB)
...
005 (127737.017.000) 2022-03-31 12:12:14 Job terminated.
	(1) Normal termination (return value 0)
		Usr 0 00:00:11, Sys 0 00:00:02  -  Run Remote Usage
		Usr 0 00:00:00, Sys 0 00:00:00  -  Run Local Usage
		Usr 0 00:00:11, Sys 0 00:00:02  -  Total Remote Usage
		Usr 0 00:00:00, Sys 0 00:00:00  -  Total Local Usage
	0  -  Run Bytes Sent By Job
	0  -  Run Bytes Received By Job
	0  -  Total Bytes Sent By Job
	0  -  Total Bytes Received By Job
	Partitionable Resources :    Usage  Request Allocated 
	   Cpus                 :                 1         1 
	   Disk (KB)            :        1        1    129249 
	   Memory (MB)          :      183     3900      3968 

	Job terminated of its own accord at 2022-03-31T03:12:14Z.
...
006 (127737.001.000) 2022-03-31 12:12:15 Image size of job updated: 690128
	152  -  MemoryUsage of job (MB)
	154804  -  ResidentSetSize of job (KB)
...
005 (127737.001.000) 2022-03-31 12:12:15 Job terminated.
	(1) Normal termination (return value 0)
		Usr 0 00:00:13, Sys 0 00:00:01  -  Run Remote Usage
		Usr 0 00:00:00, Sys 0 00:00:00  -  Run Local Usage
		Usr 0 00:00:13, Sys 0 00:00:01  -  Total Remote Usage
		Usr 0 00:00:00, Sys 0 00:00:00  -  Total Local Usage
	0  -  Run Bytes Sent By Job
	0  -  Run Bytes Received By Job
	0  -  Total Bytes Sent By Job
	0  -  Total Bytes Received By Job
	Partitionable Resources :    Usage  Request Allocated 
	   Cpus                 :                 1         1 
	   Disk (KB)            :        1        1    129249 
	   Memory (MB)          :      152     3900      3968 

	Job terminated of its own accord at 2022-03-31T03:12:15Z.
...
006 (127737.011.000) 2022-03-31 12:12:15 Image size of job updated: 670152
	175  -  MemoryUsage of job (MB)
	178604  -  ResidentSetSize of job (KB)
...
005 (127737.011.000) 2022-03-31 12:12:15 Job terminated.
	(1) Normal termination (return value 0)
		Usr 0 00:00:12, Sys 0 00:00:01  -  Run Remote Usage
		Usr 0 00:00:00, Sys 0 00:00:00  -  Run Local Usage
		Usr 0 00:00:12, Sys 0 00:00:01  -  Total Remote Usage
		Usr 0 00:00:00, Sys 0 00:00:00  -  Total Local Usage
	0  -  Run Bytes Sent By Job
	0  -  Run Bytes Received By Job
	0  -  Total Bytes Sent By Job
	0  -  Total Bytes Received By Job
	Partitionable Resources :    Usage  Request Allocated 
	   Cpus                 :                 1         1 
	   Disk (KB)            :        1        1    129249 
	   Memory (MB)          :      175     3900      3968 

	Job terminated of its own accord at 2022-03-31T03:12:15Z.
...
006 (127737.008.000) 2022-03-31 12:12:15 Image size of job updated: 689752
	169  -  MemoryUsage of job (MB)
	172672  -  ResidentSetSize of job (KB)
...
005 (127737.008.000) 2022-03-31 12:12:15 Job terminated.
	(1) Normal termination (return value 0)
		Usr 0 00:00:12, Sys 0 00:00:01  -  Run Remote Usage
		Usr 0 00:00:00, Sys 0 00:00:00  -  Run Local Usage
		Usr 0 00:00:12, Sys 0 00:00:01  -  Total Remote Usage
		Usr 0 00:00:00, Sys 0 00:00:00  -  Total Local Usage
	0  -  Run Bytes Sent By Job
	0  -  Run Bytes Received By Job
	0  -  Total Bytes Sent By Job
	0  -  Total Bytes Received By Job
	Partitionable Resources :    Usage  Request Allocated 
	   Cpus                 :                 1         1 
	   Disk (KB)            :        1        1    129249 
	   Memory (MB)          :      169     3900      3968 

	Job terminated of its own accord at 2022-03-31T03:12:15Z.
...
006 (127737.013.000) 2022-03-31 12:12:15 Image size of job updated: 670684
	183  -  MemoryUsage of job (MB)
	187380  -  ResidentSetSize of job (KB)
...
005 (127737.013.000) 2022-03-31 12:12:15 Job terminated.
	(1) Normal termination (return value 0)
		Usr 0 00:00:13, Sys 0 00:00:01  -  Run Remote Usage
		Usr 0 00:00:00, Sys 0 00:00:00  -  Run Local Usage
		Usr 0 00:00:13, Sys 0 00:00:01  -  Total Remote Usage
		Usr 0 00:00:00, Sys 0 00:00:00  -  Total Local Usage
	0  -  Run Bytes Sent By Job
	0  -  Run Bytes Received By Job
	0  -  Total Bytes Sent By Job
	0  -  Total Bytes Received By Job
	Partitionable Resources :    Usage  Request Allocated 
	   Cpus                 :                 1         1 
	   Disk (KB)            :        1        1    129249 
	   Memory (MB)          :      183     3900      3968 

	Job terminated of its own accord at 2022-03-31T03:12:15Z.
...
006 (127737.012.000) 2022-03-31 12:12:15 Image size of job updated: 688944
	176  -  MemoryUsage of job (MB)
	179560  -  ResidentSetSize of job (KB)
...
005 (127737.012.000) 2022-03-31 12:12:15 Job terminated.
	(1) Normal termination (return value 0)
		Usr 0 00:00:13, Sys 0 00:00:01  -  Run Remote Usage
		Usr 0 00:00:00, Sys 0 00:00:00  -  Run Local Usage
		Usr 0 00:00:13, Sys 0 00:00:01  -  Total Remote Usage
		Usr 0 00:00:00, Sys 0 00:00:00  -  Total Local Usage
	0  -  Run Bytes Sent By Job
	0  -  Run Bytes Received By Job
	0  -  Total Bytes Sent By Job
	0  -  Total Bytes Received By Job
	Partitionable Resources :    Usage  Request Allocated 
	   Cpus                 :                 1         1 
	   Disk (KB)            :        1        1    129249 
	   Memory (MB)          :      176     3900      3968 

	Job terminated of its own accord at 2022-03-31T03:12:15Z.
...
006 (127737.019.000) 2022-03-31 12:12:16 Image size of job updated: 688536
	180  -  MemoryUsage of job (MB)
	184060  -  ResidentSetSize of job (KB)
...
005 (127737.019.000) 2022-03-31 12:12:16 Job terminated.
	(1) Normal termination (return value 0)
		Usr 0 00:00:14, Sys 0 00:00:01  -  Run Remote Usage
		Usr 0 00:00:00, Sys 0 00:00:00  -  Run Local Usage
		Usr 0 00:00:14, Sys 0 00:00:01  -  Total Remote Usage
		Usr 0 00:00:00, Sys 0 00:00:00  -  Total Local Usage
	0  -  Run Bytes Sent By Job
	0  -  Run Bytes Received By Job
	0  -  Total Bytes Sent By Job
	0  -  Total Bytes Received By Job
	Partitionable Resources :    Usage  Request Allocated 
	   Cpus                 :                 1         1 
	   Disk (KB)            :        1        1    129249 
	   Memory (MB)          :      180     3900      3968 

	Job terminated of its own accord at 2022-03-31T03:12:16Z.
...
006 (127737.000.000) 2022-03-31 12:12:17 Image size of job updated: 689496
	178  -  MemoryUsage of job (MB)
	181368  -  ResidentSetSize of job (KB)
...
005 (127737.000.000) 2022-03-31 12:12:17 Job terminated.
	(1) Normal termination (return value 0)
		Usr 0 00:00:14, Sys 0 00:00:02  -  Run Remote Usage
		Usr 0 00:00:00, Sys 0 00:00:00  -  Run Local Usage
		Usr 0 00:00:14, Sys 0 00:00:02  -  Total Remote Usage
		Usr 0 00:00:00, Sys 0 00:00:00  -  Total Local Usage
	0  -  Run Bytes Sent By Job
	0  -  Run Bytes Received By Job
	0  -  Total Bytes Sent By Job
	0  -  Total Bytes Received By Job
	Partitionable Resources :    Usage  Request Allocated 
	   Cpus                 :                 1         1 
	   Disk (KB)            :        1        1    129249 
	   Memory (MB)          :      178     3900      3968 

	Job terminated of its own accord at 2022-03-31T03:12:17Z.
...
006 (127737.018.000) 2022-03-31 12:12:28 Image size of job updated: 656640
	183  -  MemoryUsage of job (MB)
	187380  -  ResidentSetSize of job (KB)
...
005 (127737.018.000) 2022-03-31 12:12:28 Job terminated.
	(1) Normal termination (return value 0)
		Usr 0 00:00:26, Sys 0 00:00:01  -  Run Remote Usage
		Usr 0 00:00:00, Sys 0 00:00:00  -  Run Local Usage
		Usr 0 00:00:26, Sys 0 00:00:01  -  Total Remote Usage
		Usr 0 00:00:00, Sys 0 00:00:00  -  Total Local Usage
	0  -  Run Bytes Sent By Job
	0  -  Run Bytes Received By Job
	0  -  Total Bytes Sent By Job
	0  -  Total Bytes Received By Job
	Partitionable Resources :    Usage  Request Allocated 
	   Cpus                 :                 1         1 
	   Disk (KB)            :        1        1    129249 
	   Memory (MB)          :      183     3900      3968 

	Job terminated of its own accord at 2022-03-31T03:12:28Z.
...
006 (127737.014.000) 2022-03-31 12:12:28 Image size of job updated: 686572
	183  -  MemoryUsage of job (MB)
	187380  -  ResidentSetSize of job (KB)
...
005 (127737.014.000) 2022-03-31 12:12:28 Job terminated.
	(1) Normal termination (return value 0)
		Usr 0 00:00:26, Sys 0 00:00:01  -  Run Remote Usage
		Usr 0 00:00:00, Sys 0 00:00:00  -  Run Local Usage
		Usr 0 00:00:26, Sys 0 00:00:01  -  Total Remote Usage
		Usr 0 00:00:00, Sys 0 00:00:00  -  Total Local Usage
	0  -  Run Bytes Sent By Job
	0  -  Run Bytes Received By Job
	0  -  Total Bytes Sent By Job
	0  -  Total Bytes Received By Job
	Partitionable Resources :    Usage  Request Allocated 
	   Cpus                 :                 1         1 
	   Disk (KB)            :        1        1    129249 
	   Memory (MB)          :      183     3900      3968 

	Job terminated of its own accord at 2022-03-31T03:12:28Z.
...
000 (127836.000.000) 2022-03-31 15:11:46 Job submitted from host: <172.30.1.200:9618?addrs=172.30.1.200-9618&alias=tamsa2.snu.ac.kr&noUDP&sock=schedd_3154_f5cb>
...
000 (127836.001.000) 2022-03-31 15:11:46 Job submitted from host: <172.30.1.200:9618?addrs=172.30.1.200-9618&alias=tamsa2.snu.ac.kr&noUDP&sock=schedd_3154_f5cb>
...
000 (127836.002.000) 2022-03-31 15:11:46 Job submitted from host: <172.30.1.200:9618?addrs=172.30.1.200-9618&alias=tamsa2.snu.ac.kr&noUDP&sock=schedd_3154_f5cb>
...
000 (127836.003.000) 2022-03-31 15:11:46 Job submitted from host: <172.30.1.200:9618?addrs=172.30.1.200-9618&alias=tamsa2.snu.ac.kr&noUDP&sock=schedd_3154_f5cb>
...
000 (127836.004.000) 2022-03-31 15:11:46 Job submitted from host: <172.30.1.200:9618?addrs=172.30.1.200-9618&alias=tamsa2.snu.ac.kr&noUDP&sock=schedd_3154_f5cb>
...
000 (127836.005.000) 2022-03-31 15:11:46 Job submitted from host: <172.30.1.200:9618?addrs=172.30.1.200-9618&alias=tamsa2.snu.ac.kr&noUDP&sock=schedd_3154_f5cb>
...
000 (127836.006.000) 2022-03-31 15:11:46 Job submitted from host: <172.30.1.200:9618?addrs=172.30.1.200-9618&alias=tamsa2.snu.ac.kr&noUDP&sock=schedd_3154_f5cb>
...
000 (127836.007.000) 2022-03-31 15:11:46 Job submitted from host: <172.30.1.200:9618?addrs=172.30.1.200-9618&alias=tamsa2.snu.ac.kr&noUDP&sock=schedd_3154_f5cb>
...
000 (127836.008.000) 2022-03-31 15:11:46 Job submitted from host: <172.30.1.200:9618?addrs=172.30.1.200-9618&alias=tamsa2.snu.ac.kr&noUDP&sock=schedd_3154_f5cb>
...
000 (127836.009.000) 2022-03-31 15:11:46 Job submitted from host: <172.30.1.200:9618?addrs=172.30.1.200-9618&alias=tamsa2.snu.ac.kr&noUDP&sock=schedd_3154_f5cb>
...
000 (127836.010.000) 2022-03-31 15:11:46 Job submitted from host: <172.30.1.200:9618?addrs=172.30.1.200-9618&alias=tamsa2.snu.ac.kr&noUDP&sock=schedd_3154_f5cb>
...
000 (127836.011.000) 2022-03-31 15:11:46 Job submitted from host: <172.30.1.200:9618?addrs=172.30.1.200-9618&alias=tamsa2.snu.ac.kr&noUDP&sock=schedd_3154_f5cb>
...
000 (127836.012.000) 2022-03-31 15:11:46 Job submitted from host: <172.30.1.200:9618?addrs=172.30.1.200-9618&alias=tamsa2.snu.ac.kr&noUDP&sock=schedd_3154_f5cb>
...
000 (127836.013.000) 2022-03-31 15:11:46 Job submitted from host: <172.30.1.200:9618?addrs=172.30.1.200-9618&alias=tamsa2.snu.ac.kr&noUDP&sock=schedd_3154_f5cb>
...
000 (127836.014.000) 2022-03-31 15:11:46 Job submitted from host: <172.30.1.200:9618?addrs=172.30.1.200-9618&alias=tamsa2.snu.ac.kr&noUDP&sock=schedd_3154_f5cb>
...
000 (127836.015.000) 2022-03-31 15:11:46 Job submitted from host: <172.30.1.200:9618?addrs=172.30.1.200-9618&alias=tamsa2.snu.ac.kr&noUDP&sock=schedd_3154_f5cb>
...
000 (127836.016.000) 2022-03-31 15:11:46 Job submitted from host: <172.30.1.200:9618?addrs=172.30.1.200-9618&alias=tamsa2.snu.ac.kr&noUDP&sock=schedd_3154_f5cb>
...
000 (127836.017.000) 2022-03-31 15:11:46 Job submitted from host: <172.30.1.200:9618?addrs=172.30.1.200-9618&alias=tamsa2.snu.ac.kr&noUDP&sock=schedd_3154_f5cb>
...
000 (127836.018.000) 2022-03-31 15:11:46 Job submitted from host: <172.30.1.200:9618?addrs=172.30.1.200-9618&alias=tamsa2.snu.ac.kr&noUDP&sock=schedd_3154_f5cb>
...
000 (127836.019.000) 2022-03-31 15:11:46 Job submitted from host: <172.30.1.200:9618?addrs=172.30.1.200-9618&alias=tamsa2.snu.ac.kr&noUDP&sock=schedd_3154_f5cb>
...
001 (127836.002.000) 2022-03-31 15:12:29 Job executing on host: <172.30.1.206:9618?addrs=172.30.1.206-9618&alias=node6&noUDP&sock=startd_38667_ec9e>
...
001 (127836.000.000) 2022-03-31 15:12:29 Job executing on host: <172.30.1.206:9618?addrs=172.30.1.206-9618&alias=node6&noUDP&sock=startd_38667_ec9e>
...
001 (127836.001.000) 2022-03-31 15:12:29 Job executing on host: <172.30.1.206:9618?addrs=172.30.1.206-9618&alias=node6&noUDP&sock=startd_38667_ec9e>
...
006 (127836.000.000) 2022-03-31 15:12:37 Image size of job updated: 480076
	134  -  MemoryUsage of job (MB)
	136488  -  ResidentSetSize of job (KB)
...
006 (127836.002.000) 2022-03-31 15:12:37 Image size of job updated: 479468
	134  -  MemoryUsage of job (MB)
	136300  -  ResidentSetSize of job (KB)
...
006 (127836.001.000) 2022-03-31 15:12:37 Image size of job updated: 479308
	134  -  MemoryUsage of job (MB)
	136300  -  ResidentSetSize of job (KB)
...
001 (127836.003.000) 2022-03-31 15:12:44 Job executing on host: <172.30.1.201:9618?addrs=172.30.1.201-9618&alias=node1&noUDP&sock=startd_3603_efd1>
...
001 (127836.004.000) 2022-03-31 15:12:44 Job executing on host: <172.30.1.201:9618?addrs=172.30.1.201-9618&alias=node1&noUDP&sock=startd_3603_efd1>
...
001 (127836.013.000) 2022-03-31 15:12:44 Job executing on host: <172.30.1.205:9618?addrs=172.30.1.205-9618&alias=node5&noUDP&sock=startd_3654_eb26>
...
001 (127836.014.000) 2022-03-31 15:12:44 Job executing on host: <172.30.1.205:9618?addrs=172.30.1.205-9618&alias=node5&noUDP&sock=startd_3654_eb26>
...
001 (127836.015.000) 2022-03-31 15:12:44 Job executing on host: <172.30.1.205:9618?addrs=172.30.1.205-9618&alias=node5&noUDP&sock=startd_3654_eb26>
...
001 (127836.005.000) 2022-03-31 15:12:44 Job executing on host: <172.30.1.201:9618?addrs=172.30.1.201-9618&alias=node1&noUDP&sock=startd_3603_efd1>
...
001 (127836.016.000) 2022-03-31 15:12:44 Job executing on host: <172.30.1.205:9618?addrs=172.30.1.205-9618&alias=node5&noUDP&sock=startd_3654_eb26>
...
001 (127836.017.000) 2022-03-31 15:12:44 Job executing on host: <172.30.1.205:9618?addrs=172.30.1.205-9618&alias=node5&noUDP&sock=startd_3654_eb26>
...
001 (127836.019.000) 2022-03-31 15:12:44 Job executing on host: <172.30.1.205:9618?addrs=172.30.1.205-9618&alias=node5&noUDP&sock=startd_3654_eb26>
...
001 (127836.018.000) 2022-03-31 15:12:44 Job executing on host: <172.30.1.205:9618?addrs=172.30.1.205-9618&alias=node5&noUDP&sock=startd_3654_eb26>
...
001 (127836.006.000) 2022-03-31 15:12:44 Job executing on host: <172.30.1.201:9618?addrs=172.30.1.201-9618&alias=node1&noUDP&sock=startd_3603_efd1>
...
001 (127836.007.000) 2022-03-31 15:12:44 Job executing on host: <172.30.1.201:9618?addrs=172.30.1.201-9618&alias=node1&noUDP&sock=startd_3603_efd1>
...
001 (127836.008.000) 2022-03-31 15:12:44 Job executing on host: <172.30.1.201:9618?addrs=172.30.1.201-9618&alias=node1&noUDP&sock=startd_3603_efd1>
...
001 (127836.009.000) 2022-03-31 15:12:45 Job executing on host: <172.30.1.201:9618?addrs=172.30.1.201-9618&alias=node1&noUDP&sock=startd_3603_efd1>
...
001 (127836.010.000) 2022-03-31 15:12:45 Job executing on host: <172.30.1.201:9618?addrs=172.30.1.201-9618&alias=node1&noUDP&sock=startd_3603_efd1>
...
001 (127836.011.000) 2022-03-31 15:12:45 Job executing on host: <172.30.1.201:9618?addrs=172.30.1.201-9618&alias=node1&noUDP&sock=startd_3603_efd1>
...
001 (127836.012.000) 2022-03-31 15:12:45 Job executing on host: <172.30.1.201:9618?addrs=172.30.1.201-9618&alias=node1&noUDP&sock=startd_3603_efd1>
...
006 (127836.003.000) 2022-03-31 15:12:52 Image size of job updated: 618060
	158  -  MemoryUsage of job (MB)
	161120  -  ResidentSetSize of job (KB)
...
006 (127836.004.000) 2022-03-31 15:12:52 Image size of job updated: 620112
	166  -  MemoryUsage of job (MB)
	169004  -  ResidentSetSize of job (KB)
...
006 (127836.013.000) 2022-03-31 15:12:52 Image size of job updated: 472232
	153  -  MemoryUsage of job (MB)
	156548  -  ResidentSetSize of job (KB)
...
006 (127836.014.000) 2022-03-31 15:12:52 Image size of job updated: 472272
	153  -  MemoryUsage of job (MB)
	156536  -  ResidentSetSize of job (KB)
...
006 (127836.007.000) 2022-03-31 15:12:53 Image size of job updated: 630416
	174  -  MemoryUsage of job (MB)
	177352  -  ResidentSetSize of job (KB)
...
006 (127836.008.000) 2022-03-31 15:12:53 Image size of job updated: 616708
	164  -  MemoryUsage of job (MB)
	167828  -  ResidentSetSize of job (KB)
...
006 (127836.015.000) 2022-03-31 15:12:53 Image size of job updated: 472236
	160  -  MemoryUsage of job (MB)
	163096  -  ResidentSetSize of job (KB)
...
006 (127836.016.000) 2022-03-31 15:12:53 Image size of job updated: 473060
	161  -  MemoryUsage of job (MB)
	163864  -  ResidentSetSize of job (KB)
...
006 (127836.005.000) 2022-03-31 15:12:53 Image size of job updated: 645780
	185  -  MemoryUsage of job (MB)
	189300  -  ResidentSetSize of job (KB)
...
006 (127836.017.000) 2022-03-31 15:12:53 Image size of job updated: 472792
	159  -  MemoryUsage of job (MB)
	162600  -  ResidentSetSize of job (KB)
...
006 (127836.019.000) 2022-03-31 15:12:53 Image size of job updated: 473456
	163  -  MemoryUsage of job (MB)
	166152  -  ResidentSetSize of job (KB)
...
006 (127836.018.000) 2022-03-31 15:12:53 Image size of job updated: 472792
	166  -  MemoryUsage of job (MB)
	169056  -  ResidentSetSize of job (KB)
...
006 (127836.006.000) 2022-03-31 15:12:53 Image size of job updated: 635544
	182  -  MemoryUsage of job (MB)
	186176  -  ResidentSetSize of job (KB)
...
006 (127836.012.000) 2022-03-31 15:12:54 Image size of job updated: 553184
	154  -  MemoryUsage of job (MB)
	156788  -  ResidentSetSize of job (KB)
...
006 (127836.009.000) 2022-03-31 15:12:54 Image size of job updated: 650980
	185  -  MemoryUsage of job (MB)
	189348  -  ResidentSetSize of job (KB)
...
006 (127836.010.000) 2022-03-31 15:12:54 Image size of job updated: 650984
	185  -  MemoryUsage of job (MB)
	189304  -  ResidentSetSize of job (KB)
...
006 (127836.011.000) 2022-03-31 15:12:54 Image size of job updated: 553228
	156  -  MemoryUsage of job (MB)
	159120  -  ResidentSetSize of job (KB)
...
006 (127836.008.000) 2022-03-31 15:13:02 Image size of job updated: 691948
	164  -  MemoryUsage of job (MB)
	167832  -  ResidentSetSize of job (KB)
...
005 (127836.008.000) 2022-03-31 15:13:02 Job terminated.
	(1) Normal termination (return value 0)
		Usr 0 00:00:12, Sys 0 00:00:02  -  Run Remote Usage
		Usr 0 00:00:00, Sys 0 00:00:00  -  Run Local Usage
		Usr 0 00:00:12, Sys 0 00:00:02  -  Total Remote Usage
		Usr 0 00:00:00, Sys 0 00:00:00  -  Total Local Usage
	0  -  Run Bytes Sent By Job
	0  -  Run Bytes Received By Job
	0  -  Total Bytes Sent By Job
	0  -  Total Bytes Received By Job
	Partitionable Resources :    Usage  Request Allocated 
	   Cpus                 :                 1         1 
	   Disk (KB)            :        1        1    121641 
	   Memory (MB)          :      164     3900      3968 

	Job terminated of its own accord at 2022-03-31T06:13:02Z.
...
006 (127836.009.000) 2022-03-31 15:13:04 Image size of job updated: 691912
	185  -  MemoryUsage of job (MB)
	189348  -  ResidentSetSize of job (KB)
...
005 (127836.009.000) 2022-03-31 15:13:04 Job terminated.
	(1) Normal termination (return value 0)
		Usr 0 00:00:13, Sys 0 00:00:02  -  Run Remote Usage
		Usr 0 00:00:00, Sys 0 00:00:00  -  Run Local Usage
		Usr 0 00:00:13, Sys 0 00:00:02  -  Total Remote Usage
		Usr 0 00:00:00, Sys 0 00:00:00  -  Total Local Usage
	0  -  Run Bytes Sent By Job
	0  -  Run Bytes Received By Job
	0  -  Total Bytes Sent By Job
	0  -  Total Bytes Received By Job
	Partitionable Resources :    Usage  Request Allocated 
	   Cpus                 :                 1         1 
	   Disk (KB)            :        1        1    121641 
	   Memory (MB)          :      185     3900      3968 

	Job terminated of its own accord at 2022-03-31T06:13:04Z.
...
006 (127836.002.000) 2022-03-31 15:13:04 Image size of job updated: 691916
	134  -  MemoryUsage of job (MB)
	136300  -  ResidentSetSize of job (KB)
...
005 (127836.002.000) 2022-03-31 15:13:04 Job terminated.
	(1) Normal termination (return value 0)
		Usr 0 00:00:21, Sys 0 00:00:03  -  Run Remote Usage
		Usr 0 00:00:00, Sys 0 00:00:00  -  Run Local Usage
		Usr 0 00:00:21, Sys 0 00:00:03  -  Total Remote Usage
		Usr 0 00:00:00, Sys 0 00:00:00  -  Total Local Usage
	0  -  Run Bytes Sent By Job
	0  -  Run Bytes Received By Job
	0  -  Total Bytes Sent By Job
	0  -  Total Bytes Received By Job
	Partitionable Resources :    Usage  Request Allocated 
	   Cpus                 :                 1         1 
	   Disk (KB)            :        1        1     89980 
	   Memory (MB)          :      134     3900      3968 

	Job terminated of its own accord at 2022-03-31T06:13:04Z.
...
006 (127836.012.000) 2022-03-31 15:13:04 Image size of job updated: 692252
	154  -  MemoryUsage of job (MB)
	156788  -  ResidentSetSize of job (KB)
...
005 (127836.012.000) 2022-03-31 15:13:04 Job terminated.
	(1) Normal termination (return value 0)
		Usr 0 00:00:13, Sys 0 00:00:02  -  Run Remote Usage
		Usr 0 00:00:00, Sys 0 00:00:00  -  Run Local Usage
		Usr 0 00:00:13, Sys 0 00:00:02  -  Total Remote Usage
		Usr 0 00:00:00, Sys 0 00:00:00  -  Total Local Usage
	0  -  Run Bytes Sent By Job
	0  -  Run Bytes Received By Job
	0  -  Total Bytes Sent By Job
	0  -  Total Bytes Received By Job
	Partitionable Resources :    Usage  Request Allocated 
	   Cpus                 :                 1         1 
	   Disk (KB)            :        1        1    121641 
	   Memory (MB)          :      154     3900      3968 

	Job terminated of its own accord at 2022-03-31T06:13:04Z.
...
006 (127836.016.000) 2022-03-31 15:13:05 Image size of job updated: 691916
	161  -  MemoryUsage of job (MB)
	163888  -  ResidentSetSize of job (KB)
...
005 (127836.016.000) 2022-03-31 15:13:05 Job terminated.
	(1) Normal termination (return value 0)
		Usr 0 00:00:12, Sys 0 00:00:02  -  Run Remote Usage
		Usr 0 00:00:00, Sys 0 00:00:00  -  Run Local Usage
		Usr 0 00:00:12, Sys 0 00:00:02  -  Total Remote Usage
		Usr 0 00:00:00, Sys 0 00:00:00  -  Total Local Usage
	0  -  Run Bytes Sent By Job
	0  -  Run Bytes Received By Job
	0  -  Total Bytes Sent By Job
	0  -  Total Bytes Received By Job
	Partitionable Resources :    Usage  Request Allocated 
	   Cpus                 :                 1         1 
	   Disk (KB)            :        1        1    129249 
	   Memory (MB)          :      161     3900      3968 

	Job terminated of its own accord at 2022-03-31T06:13:05Z.
...
006 (127836.007.000) 2022-03-31 15:13:05 Image size of job updated: 691916
	174  -  MemoryUsage of job (MB)
	177352  -  ResidentSetSize of job (KB)
...
005 (127836.007.000) 2022-03-31 15:13:05 Job terminated.
	(1) Normal termination (return value 0)
		Usr 0 00:00:15, Sys 0 00:00:02  -  Run Remote Usage
		Usr 0 00:00:00, Sys 0 00:00:00  -  Run Local Usage
		Usr 0 00:00:15, Sys 0 00:00:02  -  Total Remote Usage
		Usr 0 00:00:00, Sys 0 00:00:00  -  Total Local Usage
	0  -  Run Bytes Sent By Job
	0  -  Run Bytes Received By Job
	0  -  Total Bytes Sent By Job
	0  -  Total Bytes Received By Job
	Partitionable Resources :    Usage  Request Allocated 
	   Cpus                 :                 1         1 
	   Disk (KB)            :        1        1    121641 
	   Memory (MB)          :      174     3900      3968 

	Job terminated of its own accord at 2022-03-31T06:13:05Z.
...
006 (127836.015.000) 2022-03-31 15:13:06 Image size of job updated: 691916
	160  -  MemoryUsage of job (MB)
	163096  -  ResidentSetSize of job (KB)
...
005 (127836.015.000) 2022-03-31 15:13:06 Job terminated.
	(1) Normal termination (return value 0)
		Usr 0 00:00:13, Sys 0 00:00:02  -  Run Remote Usage
		Usr 0 00:00:00, Sys 0 00:00:00  -  Run Local Usage
		Usr 0 00:00:13, Sys 0 00:00:02  -  Total Remote Usage
		Usr 0 00:00:00, Sys 0 00:00:00  -  Total Local Usage
	0  -  Run Bytes Sent By Job
	0  -  Run Bytes Received By Job
	0  -  Total Bytes Sent By Job
	0  -  Total Bytes Received By Job
	Partitionable Resources :    Usage  Request Allocated 
	   Cpus                 :                 1         1 
	   Disk (KB)            :        1        1    129249 
	   Memory (MB)          :      160     3900      3968 

	Job terminated of its own accord at 2022-03-31T06:13:06Z.
...
006 (127836.010.000) 2022-03-31 15:13:06 Image size of job updated: 691956
	185  -  MemoryUsage of job (MB)
	189304  -  ResidentSetSize of job (KB)
...
005 (127836.010.000) 2022-03-31 15:13:06 Job terminated.
	(1) Normal termination (return value 0)
		Usr 0 00:00:15, Sys 0 00:00:02  -  Run Remote Usage
		Usr 0 00:00:00, Sys 0 00:00:00  -  Run Local Usage
		Usr 0 00:00:15, Sys 0 00:00:02  -  Total Remote Usage
		Usr 0 00:00:00, Sys 0 00:00:00  -  Total Local Usage
	0  -  Run Bytes Sent By Job
	0  -  Run Bytes Received By Job
	0  -  Total Bytes Sent By Job
	0  -  Total Bytes Received By Job
	Partitionable Resources :    Usage  Request Allocated 
	   Cpus                 :                 1         1 
	   Disk (KB)            :        1        1    121641 
	   Memory (MB)          :      185     3900      3968 

	Job terminated of its own accord at 2022-03-31T06:13:06Z.
...
006 (127836.013.000) 2022-03-31 15:13:07 Image size of job updated: 691932
	153  -  MemoryUsage of job (MB)
	156548  -  ResidentSetSize of job (KB)
...
005 (127836.013.000) 2022-03-31 15:13:07 Job terminated.
	(1) Normal termination (return value 0)
		Usr 0 00:00:14, Sys 0 00:00:02  -  Run Remote Usage
		Usr 0 00:00:00, Sys 0 00:00:00  -  Run Local Usage
		Usr 0 00:00:14, Sys 0 00:00:02  -  Total Remote Usage
		Usr 0 00:00:00, Sys 0 00:00:00  -  Total Local Usage
	0  -  Run Bytes Sent By Job
	0  -  Run Bytes Received By Job
	0  -  Total Bytes Sent By Job
	0  -  Total Bytes Received By Job
	Partitionable Resources :    Usage  Request Allocated 
	   Cpus                 :                 1         1 
	   Disk (KB)            :        1        1    129249 
	   Memory (MB)          :      153     3900      3968 

	Job terminated of its own accord at 2022-03-31T06:13:07Z.
...
006 (127836.019.000) 2022-03-31 15:13:08 Image size of job updated: 691916
	163  -  MemoryUsage of job (MB)
	166152  -  ResidentSetSize of job (KB)
...
005 (127836.019.000) 2022-03-31 15:13:08 Job terminated.
	(1) Normal termination (return value 0)
		Usr 0 00:00:16, Sys 0 00:00:02  -  Run Remote Usage
		Usr 0 00:00:00, Sys 0 00:00:00  -  Run Local Usage
		Usr 0 00:00:16, Sys 0 00:00:02  -  Total Remote Usage
		Usr 0 00:00:00, Sys 0 00:00:00  -  Total Local Usage
	0  -  Run Bytes Sent By Job
	0  -  Run Bytes Received By Job
	0  -  Total Bytes Sent By Job
	0  -  Total Bytes Received By Job
	Partitionable Resources :    Usage  Request Allocated 
	   Cpus                 :                 1         1 
	   Disk (KB)            :        1        1    129249 
	   Memory (MB)          :      163     3900      3968 

	Job terminated of its own accord at 2022-03-31T06:13:08Z.
...
006 (127836.003.000) 2022-03-31 15:13:08 Image size of job updated: 691908
	158  -  MemoryUsage of job (MB)
	161120  -  ResidentSetSize of job (KB)
...
006 (127836.018.000) 2022-03-31 15:13:08 Image size of job updated: 691908
	166  -  MemoryUsage of job (MB)
	169076  -  ResidentSetSize of job (KB)
...
005 (127836.003.000) 2022-03-31 15:13:08 Job terminated.
	(1) Normal termination (return value 0)
		Usr 0 00:00:18, Sys 0 00:00:02  -  Run Remote Usage
		Usr 0 00:00:00, Sys 0 00:00:00  -  Run Local Usage
		Usr 0 00:00:18, Sys 0 00:00:02  -  Total Remote Usage
		Usr 0 00:00:00, Sys 0 00:00:00  -  Total Local Usage
	0  -  Run Bytes Sent By Job
	0  -  Run Bytes Received By Job
	0  -  Total Bytes Sent By Job
	0  -  Total Bytes Received By Job
	Partitionable Resources :    Usage  Request Allocated 
	   Cpus                 :                 1         1 
	   Disk (KB)            :        1        1    121641 
	   Memory (MB)          :      158     3900      3968 

	Job terminated of its own accord at 2022-03-31T06:13:08Z.
...
005 (127836.018.000) 2022-03-31 15:13:08 Job terminated.
	(1) Normal termination (return value 0)
		Usr 0 00:00:16, Sys 0 00:00:02  -  Run Remote Usage
		Usr 0 00:00:00, Sys 0 00:00:00  -  Run Local Usage
		Usr 0 00:00:16, Sys 0 00:00:02  -  Total Remote Usage
		Usr 0 00:00:00, Sys 0 00:00:00  -  Total Local Usage
	0  -  Run Bytes Sent By Job
	0  -  Run Bytes Received By Job
	0  -  Total Bytes Sent By Job
	0  -  Total Bytes Received By Job
	Partitionable Resources :    Usage  Request Allocated 
	   Cpus                 :                 1         1 
	   Disk (KB)            :        1        1    129249 
	   Memory (MB)          :      166     3900      3968 

	Job terminated of its own accord at 2022-03-31T06:13:08Z.
...
006 (127836.004.000) 2022-03-31 15:13:08 Image size of job updated: 691916
	166  -  MemoryUsage of job (MB)
	169016  -  ResidentSetSize of job (KB)
...
005 (127836.004.000) 2022-03-31 15:13:08 Job terminated.
	(1) Normal termination (return value 0)
		Usr 0 00:00:18, Sys 0 00:00:02  -  Run Remote Usage
		Usr 0 00:00:00, Sys 0 00:00:00  -  Run Local Usage
		Usr 0 00:00:18, Sys 0 00:00:02  -  Total Remote Usage
		Usr 0 00:00:00, Sys 0 00:00:00  -  Total Local Usage
	0  -  Run Bytes Sent By Job
	0  -  Run Bytes Received By Job
	0  -  Total Bytes Sent By Job
	0  -  Total Bytes Received By Job
	Partitionable Resources :    Usage  Request Allocated 
	   Cpus                 :                 1         1 
	   Disk (KB)            :        1        1    121641 
	   Memory (MB)          :      166     3900      3968 

	Job terminated of its own accord at 2022-03-31T06:13:08Z.
...
006 (127836.017.000) 2022-03-31 15:13:10 Image size of job updated: 691900
	159  -  MemoryUsage of job (MB)
	162600  -  ResidentSetSize of job (KB)
...
005 (127836.017.000) 2022-03-31 15:13:10 Job terminated.
	(1) Normal termination (return value 0)
		Usr 0 00:00:18, Sys 0 00:00:02  -  Run Remote Usage
		Usr 0 00:00:00, Sys 0 00:00:00  -  Run Local Usage
		Usr 0 00:00:18, Sys 0 00:00:02  -  Total Remote Usage
		Usr 0 00:00:00, Sys 0 00:00:00  -  Total Local Usage
	0  -  Run Bytes Sent By Job
	0  -  Run Bytes Received By Job
	0  -  Total Bytes Sent By Job
	0  -  Total Bytes Received By Job
	Partitionable Resources :    Usage  Request Allocated 
	   Cpus                 :                 1         1 
	   Disk (KB)            :        1        1    129249 
	   Memory (MB)          :      159     3900      3968 

	Job terminated of its own accord at 2022-03-31T06:13:10Z.
...
006 (127836.000.000) 2022-03-31 15:13:11 Image size of job updated: 691912
	134  -  MemoryUsage of job (MB)
	136488  -  ResidentSetSize of job (KB)
...
005 (127836.000.000) 2022-03-31 15:13:11 Job terminated.
	(1) Normal termination (return value 0)
		Usr 0 00:00:29, Sys 0 00:00:03  -  Run Remote Usage
		Usr 0 00:00:00, Sys 0 00:00:00  -  Run Local Usage
		Usr 0 00:00:29, Sys 0 00:00:03  -  Total Remote Usage
		Usr 0 00:00:00, Sys 0 00:00:00  -  Total Local Usage
	0  -  Run Bytes Sent By Job
	0  -  Run Bytes Received By Job
	0  -  Total Bytes Sent By Job
	0  -  Total Bytes Received By Job
	Partitionable Resources :    Usage  Request Allocated 
	   Cpus                 :                 1         1 
	   Disk (KB)            :        1        1     89980 
	   Memory (MB)          :      134     3900      3968 

	Job terminated of its own accord at 2022-03-31T06:13:11Z.
...
006 (127836.005.000) 2022-03-31 15:13:13 Image size of job updated: 691900
	185  -  MemoryUsage of job (MB)
	189300  -  ResidentSetSize of job (KB)
...
005 (127836.005.000) 2022-03-31 15:13:13 Job terminated.
	(1) Normal termination (return value 0)
		Usr 0 00:00:23, Sys 0 00:00:02  -  Run Remote Usage
		Usr 0 00:00:00, Sys 0 00:00:00  -  Run Local Usage
		Usr 0 00:00:23, Sys 0 00:00:02  -  Total Remote Usage
		Usr 0 00:00:00, Sys 0 00:00:00  -  Total Local Usage
	0  -  Run Bytes Sent By Job
	0  -  Run Bytes Received By Job
	0  -  Total Bytes Sent By Job
	0  -  Total Bytes Received By Job
	Partitionable Resources :    Usage  Request Allocated 
	   Cpus                 :                 1         1 
	   Disk (KB)            :        1        1    121641 
	   Memory (MB)          :      185     3900      3968 

	Job terminated of its own accord at 2022-03-31T06:13:13Z.
...
006 (127836.011.000) 2022-03-31 15:13:16 Image size of job updated: 694040
	156  -  MemoryUsage of job (MB)
	159120  -  ResidentSetSize of job (KB)
...
005 (127836.011.000) 2022-03-31 15:13:16 Job terminated.
	(1) Normal termination (return value 0)
		Usr 0 00:00:25, Sys 0 00:00:02  -  Run Remote Usage
		Usr 0 00:00:00, Sys 0 00:00:00  -  Run Local Usage
		Usr 0 00:00:25, Sys 0 00:00:02  -  Total Remote Usage
		Usr 0 00:00:00, Sys 0 00:00:00  -  Total Local Usage
	0  -  Run Bytes Sent By Job
	0  -  Run Bytes Received By Job
	0  -  Total Bytes Sent By Job
	0  -  Total Bytes Received By Job
	Partitionable Resources :    Usage  Request Allocated 
	   Cpus                 :                 1         1 
	   Disk (KB)            :        1        1    121641 
	   Memory (MB)          :      156     3900      3968 

	Job terminated of its own accord at 2022-03-31T06:13:16Z.
...
006 (127836.014.000) 2022-03-31 15:13:20 Image size of job updated: 691900
	153  -  MemoryUsage of job (MB)
	156536  -  ResidentSetSize of job (KB)
...
005 (127836.014.000) 2022-03-31 15:13:20 Job terminated.
	(1) Normal termination (return value 0)
		Usr 0 00:00:28, Sys 0 00:00:02  -  Run Remote Usage
		Usr 0 00:00:00, Sys 0 00:00:00  -  Run Local Usage
		Usr 0 00:00:28, Sys 0 00:00:02  -  Total Remote Usage
		Usr 0 00:00:00, Sys 0 00:00:00  -  Total Local Usage
	0  -  Run Bytes Sent By Job
	0  -  Run Bytes Received By Job
	0  -  Total Bytes Sent By Job
	0  -  Total Bytes Received By Job
	Partitionable Resources :    Usage  Request Allocated 
	   Cpus                 :                 1         1 
	   Disk (KB)            :        1        1    129249 
	   Memory (MB)          :      153     3900      3968 

	Job terminated of its own accord at 2022-03-31T06:13:20Z.
...
006 (127836.001.000) 2022-03-31 15:13:21 Image size of job updated: 691848
	134  -  MemoryUsage of job (MB)
	136300  -  ResidentSetSize of job (KB)
...
005 (127836.001.000) 2022-03-31 15:13:21 Job terminated.
	(1) Normal termination (return value 0)
		Usr 0 00:00:39, Sys 0 00:00:03  -  Run Remote Usage
		Usr 0 00:00:00, Sys 0 00:00:00  -  Run Local Usage
		Usr 0 00:00:39, Sys 0 00:00:03  -  Total Remote Usage
		Usr 0 00:00:00, Sys 0 00:00:00  -  Total Local Usage
	0  -  Run Bytes Sent By Job
	0  -  Run Bytes Received By Job
	0  -  Total Bytes Sent By Job
	0  -  Total Bytes Received By Job
	Partitionable Resources :    Usage  Request Allocated 
	   Cpus                 :                 1         1 
	   Disk (KB)            :        1        1     89980 
	   Memory (MB)          :      134     3900      3968 

	Job terminated of its own accord at 2022-03-31T06:13:21Z.
...
006 (127836.006.000) 2022-03-31 15:13:28 Image size of job updated: 691920
	182  -  MemoryUsage of job (MB)
	186176  -  ResidentSetSize of job (KB)
...
005 (127836.006.000) 2022-03-31 15:13:28 Job terminated.
	(1) Normal termination (return value 0)
		Usr 0 00:00:38, Sys 0 00:00:02  -  Run Remote Usage
		Usr 0 00:00:00, Sys 0 00:00:00  -  Run Local Usage
		Usr 0 00:00:38, Sys 0 00:00:02  -  Total Remote Usage
		Usr 0 00:00:00, Sys 0 00:00:00  -  Total Local Usage
	0  -  Run Bytes Sent By Job
	0  -  Run Bytes Received By Job
	0  -  Total Bytes Sent By Job
	0  -  Total Bytes Received By Job
	Partitionable Resources :    Usage  Request Allocated 
	   Cpus                 :                 1         1 
	   Disk (KB)            :        1        1    121641 
	   Memory (MB)          :      182     3900      3968 

	Job terminated of its own accord at 2022-03-31T06:13:28Z.
...
