000 (127797.000.000) 2022-03-31 14:00:41 Job submitted from host: <172.30.1.200:9618?addrs=172.30.1.200-9618&alias=tamsa2.snu.ac.kr&noUDP&sock=schedd_3154_f5cb>
...
000 (127797.001.000) 2022-03-31 14:00:41 Job submitted from host: <172.30.1.200:9618?addrs=172.30.1.200-9618&alias=tamsa2.snu.ac.kr&noUDP&sock=schedd_3154_f5cb>
...
000 (127797.002.000) 2022-03-31 14:00:41 Job submitted from host: <172.30.1.200:9618?addrs=172.30.1.200-9618&alias=tamsa2.snu.ac.kr&noUDP&sock=schedd_3154_f5cb>
...
000 (127797.003.000) 2022-03-31 14:00:41 Job submitted from host: <172.30.1.200:9618?addrs=172.30.1.200-9618&alias=tamsa2.snu.ac.kr&noUDP&sock=schedd_3154_f5cb>
...
000 (127797.004.000) 2022-03-31 14:00:41 Job submitted from host: <172.30.1.200:9618?addrs=172.30.1.200-9618&alias=tamsa2.snu.ac.kr&noUDP&sock=schedd_3154_f5cb>
...
000 (127797.005.000) 2022-03-31 14:00:41 Job submitted from host: <172.30.1.200:9618?addrs=172.30.1.200-9618&alias=tamsa2.snu.ac.kr&noUDP&sock=schedd_3154_f5cb>
...
000 (127797.006.000) 2022-03-31 14:00:41 Job submitted from host: <172.30.1.200:9618?addrs=172.30.1.200-9618&alias=tamsa2.snu.ac.kr&noUDP&sock=schedd_3154_f5cb>
...
000 (127797.007.000) 2022-03-31 14:00:41 Job submitted from host: <172.30.1.200:9618?addrs=172.30.1.200-9618&alias=tamsa2.snu.ac.kr&noUDP&sock=schedd_3154_f5cb>
...
000 (127797.008.000) 2022-03-31 14:00:41 Job submitted from host: <172.30.1.200:9618?addrs=172.30.1.200-9618&alias=tamsa2.snu.ac.kr&noUDP&sock=schedd_3154_f5cb>
...
000 (127797.009.000) 2022-03-31 14:00:41 Job submitted from host: <172.30.1.200:9618?addrs=172.30.1.200-9618&alias=tamsa2.snu.ac.kr&noUDP&sock=schedd_3154_f5cb>
...
000 (127797.010.000) 2022-03-31 14:00:41 Job submitted from host: <172.30.1.200:9618?addrs=172.30.1.200-9618&alias=tamsa2.snu.ac.kr&noUDP&sock=schedd_3154_f5cb>
...
000 (127797.011.000) 2022-03-31 14:00:41 Job submitted from host: <172.30.1.200:9618?addrs=172.30.1.200-9618&alias=tamsa2.snu.ac.kr&noUDP&sock=schedd_3154_f5cb>
...
000 (127797.012.000) 2022-03-31 14:00:41 Job submitted from host: <172.30.1.200:9618?addrs=172.30.1.200-9618&alias=tamsa2.snu.ac.kr&noUDP&sock=schedd_3154_f5cb>
...
000 (127797.013.000) 2022-03-31 14:00:41 Job submitted from host: <172.30.1.200:9618?addrs=172.30.1.200-9618&alias=tamsa2.snu.ac.kr&noUDP&sock=schedd_3154_f5cb>
...
000 (127797.014.000) 2022-03-31 14:00:41 Job submitted from host: <172.30.1.200:9618?addrs=172.30.1.200-9618&alias=tamsa2.snu.ac.kr&noUDP&sock=schedd_3154_f5cb>
...
000 (127797.015.000) 2022-03-31 14:00:41 Job submitted from host: <172.30.1.200:9618?addrs=172.30.1.200-9618&alias=tamsa2.snu.ac.kr&noUDP&sock=schedd_3154_f5cb>
...
000 (127797.016.000) 2022-03-31 14:00:41 Job submitted from host: <172.30.1.200:9618?addrs=172.30.1.200-9618&alias=tamsa2.snu.ac.kr&noUDP&sock=schedd_3154_f5cb>
...
000 (127797.017.000) 2022-03-31 14:00:41 Job submitted from host: <172.30.1.200:9618?addrs=172.30.1.200-9618&alias=tamsa2.snu.ac.kr&noUDP&sock=schedd_3154_f5cb>
...
000 (127797.018.000) 2022-03-31 14:00:41 Job submitted from host: <172.30.1.200:9618?addrs=172.30.1.200-9618&alias=tamsa2.snu.ac.kr&noUDP&sock=schedd_3154_f5cb>
...
000 (127797.019.000) 2022-03-31 14:00:41 Job submitted from host: <172.30.1.200:9618?addrs=172.30.1.200-9618&alias=tamsa2.snu.ac.kr&noUDP&sock=schedd_3154_f5cb>
...
001 (127797.000.000) 2022-03-31 14:00:49 Job executing on host: <172.30.1.201:9618?addrs=172.30.1.201-9618&alias=node1&noUDP&sock=startd_3603_efd1>
...
001 (127797.001.000) 2022-03-31 14:00:49 Job executing on host: <172.30.1.201:9618?addrs=172.30.1.201-9618&alias=node1&noUDP&sock=startd_3603_efd1>
...
001 (127797.002.000) 2022-03-31 14:00:49 Job executing on host: <172.30.1.201:9618?addrs=172.30.1.201-9618&alias=node1&noUDP&sock=startd_3603_efd1>
...
001 (127797.003.000) 2022-03-31 14:00:50 Job executing on host: <172.30.1.201:9618?addrs=172.30.1.201-9618&alias=node1&noUDP&sock=startd_3603_efd1>
...
001 (127797.004.000) 2022-03-31 14:00:50 Job executing on host: <172.30.1.201:9618?addrs=172.30.1.201-9618&alias=node1&noUDP&sock=startd_3603_efd1>
...
001 (127797.005.000) 2022-03-31 14:00:50 Job executing on host: <172.30.1.201:9618?addrs=172.30.1.201-9618&alias=node1&noUDP&sock=startd_3603_efd1>
...
001 (127797.006.000) 2022-03-31 14:00:50 Job executing on host: <172.30.1.201:9618?addrs=172.30.1.201-9618&alias=node1&noUDP&sock=startd_3603_efd1>
...
001 (127797.008.000) 2022-03-31 14:00:50 Job executing on host: <172.30.1.201:9618?addrs=172.30.1.201-9618&alias=node1&noUDP&sock=startd_3603_efd1>
...
001 (127797.007.000) 2022-03-31 14:00:50 Job executing on host: <172.30.1.201:9618?addrs=172.30.1.201-9618&alias=node1&noUDP&sock=startd_3603_efd1>
...
001 (127797.009.000) 2022-03-31 14:00:50 Job executing on host: <172.30.1.201:9618?addrs=172.30.1.201-9618&alias=node1&noUDP&sock=startd_3603_efd1>
...
001 (127797.010.000) 2022-03-31 14:00:50 Job executing on host: <172.30.1.201:9618?addrs=172.30.1.201-9618&alias=node1&noUDP&sock=startd_3603_efd1>
...
001 (127797.011.000) 2022-03-31 14:00:50 Job executing on host: <172.30.1.201:9618?addrs=172.30.1.201-9618&alias=node1&noUDP&sock=startd_3603_efd1>
...
001 (127797.012.000) 2022-03-31 14:00:50 Job executing on host: <172.30.1.201:9618?addrs=172.30.1.201-9618&alias=node1&noUDP&sock=startd_3603_efd1>
...
001 (127797.014.000) 2022-03-31 14:00:50 Job executing on host: <172.30.1.201:9618?addrs=172.30.1.201-9618&alias=node1&noUDP&sock=startd_3603_efd1>
...
001 (127797.015.000) 2022-03-31 14:00:50 Job executing on host: <172.30.1.201:9618?addrs=172.30.1.201-9618&alias=node1&noUDP&sock=startd_3603_efd1>
...
001 (127797.013.000) 2022-03-31 14:00:51 Job executing on host: <172.30.1.201:9618?addrs=172.30.1.201-9618&alias=node1&noUDP&sock=startd_3603_efd1>
...
001 (127797.016.000) 2022-03-31 14:00:51 Job executing on host: <172.30.1.201:9618?addrs=172.30.1.201-9618&alias=node1&noUDP&sock=startd_3603_efd1>
...
001 (127797.017.000) 2022-03-31 14:00:51 Job executing on host: <172.30.1.201:9618?addrs=172.30.1.201-9618&alias=node1&noUDP&sock=startd_3603_efd1>
...
001 (127797.018.000) 2022-03-31 14:00:51 Job executing on host: <172.30.1.201:9618?addrs=172.30.1.201-9618&alias=node1&noUDP&sock=startd_3603_efd1>
...
001 (127797.019.000) 2022-03-31 14:00:51 Job executing on host: <172.30.1.201:9618?addrs=172.30.1.201-9618&alias=node1&noUDP&sock=startd_3603_efd1>
...
006 (127797.001.000) 2022-03-31 14:00:58 Image size of job updated: 618356
	173  -  MemoryUsage of job (MB)
	176632  -  ResidentSetSize of job (KB)
...
006 (127797.002.000) 2022-03-31 14:00:58 Image size of job updated: 618356
	175  -  MemoryUsage of job (MB)
	178448  -  ResidentSetSize of job (KB)
...
006 (127797.003.000) 2022-03-31 14:00:58 Image size of job updated: 618348
	176  -  MemoryUsage of job (MB)
	179284  -  ResidentSetSize of job (KB)
...
006 (127797.004.000) 2022-03-31 14:00:58 Image size of job updated: 618356
	177  -  MemoryUsage of job (MB)
	181120  -  ResidentSetSize of job (KB)
...
006 (127797.005.000) 2022-03-31 14:00:58 Image size of job updated: 618356
	177  -  MemoryUsage of job (MB)
	181120  -  ResidentSetSize of job (KB)
...
006 (127797.006.000) 2022-03-31 14:00:58 Image size of job updated: 610464
	176  -  MemoryUsage of job (MB)
	179288  -  ResidentSetSize of job (KB)
...
006 (127797.008.000) 2022-03-31 14:00:58 Image size of job updated: 618348
	177  -  MemoryUsage of job (MB)
	181116  -  ResidentSetSize of job (KB)
...
006 (127797.000.000) 2022-03-31 14:00:58 Image size of job updated: 618352
	182  -  MemoryUsage of job (MB)
	185476  -  ResidentSetSize of job (KB)
...
006 (127797.015.000) 2022-03-31 14:00:59 Image size of job updated: 618348
	183  -  MemoryUsage of job (MB)
	186540  -  ResidentSetSize of job (KB)
...
006 (127797.013.000) 2022-03-31 14:00:59 Image size of job updated: 610464
	182  -  MemoryUsage of job (MB)
	185580  -  ResidentSetSize of job (KB)
...
006 (127797.016.000) 2022-03-31 14:00:59 Image size of job updated: 618352
	183  -  MemoryUsage of job (MB)
	186540  -  ResidentSetSize of job (KB)
...
006 (127797.017.000) 2022-03-31 14:00:59 Image size of job updated: 618348
	183  -  MemoryUsage of job (MB)
	186556  -  ResidentSetSize of job (KB)
...
006 (127797.018.000) 2022-03-31 14:00:59 Image size of job updated: 618356
	183  -  MemoryUsage of job (MB)
	186540  -  ResidentSetSize of job (KB)
...
006 (127797.019.000) 2022-03-31 14:00:59 Image size of job updated: 610204
	183  -  MemoryUsage of job (MB)
	186536  -  ResidentSetSize of job (KB)
...
006 (127797.007.000) 2022-03-31 14:00:59 Image size of job updated: 618356
	183  -  MemoryUsage of job (MB)
	186536  -  ResidentSetSize of job (KB)
...
006 (127797.009.000) 2022-03-31 14:00:59 Image size of job updated: 610464
	183  -  MemoryUsage of job (MB)
	186548  -  ResidentSetSize of job (KB)
...
006 (127797.010.000) 2022-03-31 14:00:59 Image size of job updated: 610464
	183  -  MemoryUsage of job (MB)
	186544  -  ResidentSetSize of job (KB)
...
006 (127797.011.000) 2022-03-31 14:00:59 Image size of job updated: 618356
	183  -  MemoryUsage of job (MB)
	186540  -  ResidentSetSize of job (KB)
...
006 (127797.012.000) 2022-03-31 14:00:59 Image size of job updated: 618356
	183  -  MemoryUsage of job (MB)
	186544  -  ResidentSetSize of job (KB)
...
006 (127797.014.000) 2022-03-31 14:00:59 Image size of job updated: 618356
	183  -  MemoryUsage of job (MB)
	186532  -  ResidentSetSize of job (KB)
...
005 (127797.015.000) 2022-03-31 14:01:03 Job terminated.
	(1) Normal termination (return value 0)
		Usr 0 00:00:06, Sys 0 00:00:01  -  Run Remote Usage
		Usr 0 00:00:00, Sys 0 00:00:00  -  Run Local Usage
		Usr 0 00:00:06, Sys 0 00:00:01  -  Total Remote Usage
		Usr 0 00:00:00, Sys 0 00:00:00  -  Total Local Usage
	0  -  Run Bytes Sent By Job
	0  -  Run Bytes Received By Job
	0  -  Total Bytes Sent By Job
	0  -  Total Bytes Received By Job
	Partitionable Resources :    Usage  Request Allocated 
	   Cpus                 :                 1         1 
	   Disk (KB)            :        1        1    121641 
	   Memory (MB)          :      183     3900      3968 

	Job terminated of its own accord at 2022-03-31T05:01:03Z.
...
006 (127797.018.000) 2022-03-31 14:01:04 Image size of job updated: 659040
	183  -  MemoryUsage of job (MB)
	186540  -  ResidentSetSize of job (KB)
...
005 (127797.018.000) 2022-03-31 14:01:04 Job terminated.
	(1) Normal termination (return value 0)
		Usr 0 00:00:07, Sys 0 00:00:01  -  Run Remote Usage
		Usr 0 00:00:00, Sys 0 00:00:00  -  Run Local Usage
		Usr 0 00:00:07, Sys 0 00:00:01  -  Total Remote Usage
		Usr 0 00:00:00, Sys 0 00:00:00  -  Total Local Usage
	0  -  Run Bytes Sent By Job
	0  -  Run Bytes Received By Job
	0  -  Total Bytes Sent By Job
	0  -  Total Bytes Received By Job
	Partitionable Resources :    Usage  Request Allocated 
	   Cpus                 :                 1         1 
	   Disk (KB)            :        1        1    121641 
	   Memory (MB)          :      183     3900      3968 

	Job terminated of its own accord at 2022-03-31T05:01:04Z.
...
006 (127797.002.000) 2022-03-31 14:01:04 Image size of job updated: 685072
	175  -  MemoryUsage of job (MB)
	178460  -  ResidentSetSize of job (KB)
...
006 (127797.012.000) 2022-03-31 14:01:04 Image size of job updated: 658772
	183  -  MemoryUsage of job (MB)
	186544  -  ResidentSetSize of job (KB)
...
006 (127797.017.000) 2022-03-31 14:01:04 Image size of job updated: 682864
	183  -  MemoryUsage of job (MB)
	186556  -  ResidentSetSize of job (KB)
...
005 (127797.002.000) 2022-03-31 14:01:04 Job terminated.
	(1) Normal termination (return value 0)
		Usr 0 00:00:08, Sys 0 00:00:02  -  Run Remote Usage
		Usr 0 00:00:00, Sys 0 00:00:00  -  Run Local Usage
		Usr 0 00:00:08, Sys 0 00:00:02  -  Total Remote Usage
		Usr 0 00:00:00, Sys 0 00:00:00  -  Total Local Usage
	0  -  Run Bytes Sent By Job
	0  -  Run Bytes Received By Job
	0  -  Total Bytes Sent By Job
	0  -  Total Bytes Received By Job
	Partitionable Resources :    Usage  Request Allocated 
	   Cpus                 :                 1         1 
	   Disk (KB)            :        1        1    121641 
	   Memory (MB)          :      175     3900      3968 

	Job terminated of its own accord at 2022-03-31T05:01:04Z.
...
005 (127797.012.000) 2022-03-31 14:01:04 Job terminated.
	(1) Normal termination (return value 0)
		Usr 0 00:00:08, Sys 0 00:00:01  -  Run Remote Usage
		Usr 0 00:00:00, Sys 0 00:00:00  -  Run Local Usage
		Usr 0 00:00:08, Sys 0 00:00:01  -  Total Remote Usage
		Usr 0 00:00:00, Sys 0 00:00:00  -  Total Local Usage
	0  -  Run Bytes Sent By Job
	0  -  Run Bytes Received By Job
	0  -  Total Bytes Sent By Job
	0  -  Total Bytes Received By Job
	Partitionable Resources :    Usage  Request Allocated 
	   Cpus                 :                 1         1 
	   Disk (KB)            :        1        1    121641 
	   Memory (MB)          :      183     3900      3968 

	Job terminated of its own accord at 2022-03-31T05:01:04Z.
...
006 (127797.006.000) 2022-03-31 14:01:04 Image size of job updated: 685072
	176  -  MemoryUsage of job (MB)
	179288  -  ResidentSetSize of job (KB)
...
006 (127797.016.000) 2022-03-31 14:01:04 Image size of job updated: 689468
	183  -  MemoryUsage of job (MB)
	186540  -  ResidentSetSize of job (KB)
...
005 (127797.017.000) 2022-03-31 14:01:04 Job terminated.
	(1) Normal termination (return value 0)
		Usr 0 00:00:07, Sys 0 00:00:01  -  Run Remote Usage
		Usr 0 00:00:00, Sys 0 00:00:00  -  Run Local Usage
		Usr 0 00:00:07, Sys 0 00:00:01  -  Total Remote Usage
		Usr 0 00:00:00, Sys 0 00:00:00  -  Total Local Usage
	0  -  Run Bytes Sent By Job
	0  -  Run Bytes Received By Job
	0  -  Total Bytes Sent By Job
	0  -  Total Bytes Received By Job
	Partitionable Resources :    Usage  Request Allocated 
	   Cpus                 :                 1         1 
	   Disk (KB)            :        1        1    121641 
	   Memory (MB)          :      183     3900      3968 

	Job terminated of its own accord at 2022-03-31T05:01:04Z.
...
005 (127797.006.000) 2022-03-31 14:01:04 Job terminated.
	(1) Normal termination (return value 0)
		Usr 0 00:00:07, Sys 0 00:00:02  -  Run Remote Usage
		Usr 0 00:00:00, Sys 0 00:00:00  -  Run Local Usage
		Usr 0 00:00:07, Sys 0 00:00:02  -  Total Remote Usage
		Usr 0 00:00:00, Sys 0 00:00:00  -  Total Local Usage
	0  -  Run Bytes Sent By Job
	0  -  Run Bytes Received By Job
	0  -  Total Bytes Sent By Job
	0  -  Total Bytes Received By Job
	Partitionable Resources :    Usage  Request Allocated 
	   Cpus                 :                 1         1 
	   Disk (KB)            :        1        1    121641 
	   Memory (MB)          :      176     3900      3968 

	Job terminated of its own accord at 2022-03-31T05:01:04Z.
...
005 (127797.016.000) 2022-03-31 14:01:04 Job terminated.
	(1) Normal termination (return value 0)
		Usr 0 00:00:08, Sys 0 00:00:01  -  Run Remote Usage
		Usr 0 00:00:00, Sys 0 00:00:00  -  Run Local Usage
		Usr 0 00:00:08, Sys 0 00:00:01  -  Total Remote Usage
		Usr 0 00:00:00, Sys 0 00:00:00  -  Total Local Usage
	0  -  Run Bytes Sent By Job
	0  -  Run Bytes Received By Job
	0  -  Total Bytes Sent By Job
	0  -  Total Bytes Received By Job
	Partitionable Resources :    Usage  Request Allocated 
	   Cpus                 :                 1         1 
	   Disk (KB)            :        1        1    121641 
	   Memory (MB)          :      183     3900      3968 

	Job terminated of its own accord at 2022-03-31T05:01:04Z.
...
006 (127797.004.000) 2022-03-31 14:01:04 Image size of job updated: 688676
	177  -  MemoryUsage of job (MB)
	181120  -  ResidentSetSize of job (KB)
...
005 (127797.004.000) 2022-03-31 14:01:04 Job terminated.
	(1) Normal termination (return value 0)
		Usr 0 00:00:08, Sys 0 00:00:02  -  Run Remote Usage
		Usr 0 00:00:00, Sys 0 00:00:00  -  Run Local Usage
		Usr 0 00:00:08, Sys 0 00:00:02  -  Total Remote Usage
		Usr 0 00:00:00, Sys 0 00:00:00  -  Total Local Usage
	0  -  Run Bytes Sent By Job
	0  -  Run Bytes Received By Job
	0  -  Total Bytes Sent By Job
	0  -  Total Bytes Received By Job
	Partitionable Resources :    Usage  Request Allocated 
	   Cpus                 :                 1         1 
	   Disk (KB)            :        1        1    121641 
	   Memory (MB)          :      177     3900      3968 

	Job terminated of its own accord at 2022-03-31T05:01:04Z.
...
006 (127797.013.000) 2022-03-31 14:01:05 Image size of job updated: 689520
	182  -  MemoryUsage of job (MB)
	185580  -  ResidentSetSize of job (KB)
...
005 (127797.013.000) 2022-03-31 14:01:05 Job terminated.
	(1) Normal termination (return value 0)
		Usr 0 00:00:08, Sys 0 00:00:01  -  Run Remote Usage
		Usr 0 00:00:00, Sys 0 00:00:00  -  Run Local Usage
		Usr 0 00:00:08, Sys 0 00:00:01  -  Total Remote Usage
		Usr 0 00:00:00, Sys 0 00:00:00  -  Total Local Usage
	0  -  Run Bytes Sent By Job
	0  -  Run Bytes Received By Job
	0  -  Total Bytes Sent By Job
	0  -  Total Bytes Received By Job
	Partitionable Resources :    Usage  Request Allocated 
	   Cpus                 :                 1         1 
	   Disk (KB)            :        1        1    121641 
	   Memory (MB)          :      182     3900      3968 

	Job terminated of its own accord at 2022-03-31T05:01:05Z.
...
006 (127797.005.000) 2022-03-31 14:01:05 Image size of job updated: 689552
	177  -  MemoryUsage of job (MB)
	181120  -  ResidentSetSize of job (KB)
...
005 (127797.005.000) 2022-03-31 14:01:05 Job terminated.
	(1) Normal termination (return value 0)
		Usr 0 00:00:09, Sys 0 00:00:02  -  Run Remote Usage
		Usr 0 00:00:00, Sys 0 00:00:00  -  Run Local Usage
		Usr 0 00:00:09, Sys 0 00:00:02  -  Total Remote Usage
		Usr 0 00:00:00, Sys 0 00:00:00  -  Total Local Usage
	0  -  Run Bytes Sent By Job
	0  -  Run Bytes Received By Job
	0  -  Total Bytes Sent By Job
	0  -  Total Bytes Received By Job
	Partitionable Resources :    Usage  Request Allocated 
	   Cpus                 :                 1         1 
	   Disk (KB)            :        1        1    121641 
	   Memory (MB)          :      177     3900      3968 

	Job terminated of its own accord at 2022-03-31T05:01:05Z.
...
006 (127797.019.000) 2022-03-31 14:01:05 Image size of job updated: 683284
	183  -  MemoryUsage of job (MB)
	186536  -  ResidentSetSize of job (KB)
...
005 (127797.019.000) 2022-03-31 14:01:05 Job terminated.
	(1) Normal termination (return value 0)
		Usr 0 00:00:09, Sys 0 00:00:01  -  Run Remote Usage
		Usr 0 00:00:00, Sys 0 00:00:00  -  Run Local Usage
		Usr 0 00:00:09, Sys 0 00:00:01  -  Total Remote Usage
		Usr 0 00:00:00, Sys 0 00:00:00  -  Total Local Usage
	0  -  Run Bytes Sent By Job
	0  -  Run Bytes Received By Job
	0  -  Total Bytes Sent By Job
	0  -  Total Bytes Received By Job
	Partitionable Resources :    Usage  Request Allocated 
	   Cpus                 :                 1         1 
	   Disk (KB)            :        1        1    121641 
	   Memory (MB)          :      183     3900      3968 

	Job terminated of its own accord at 2022-03-31T05:01:05Z.
...
006 (127797.011.000) 2022-03-31 14:01:06 Image size of job updated: 690416
	183  -  MemoryUsage of job (MB)
	186540  -  ResidentSetSize of job (KB)
...
005 (127797.011.000) 2022-03-31 14:01:06 Job terminated.
	(1) Normal termination (return value 0)
		Usr 0 00:00:10, Sys 0 00:00:01  -  Run Remote Usage
		Usr 0 00:00:00, Sys 0 00:00:00  -  Run Local Usage
		Usr 0 00:00:10, Sys 0 00:00:01  -  Total Remote Usage
		Usr 0 00:00:00, Sys 0 00:00:00  -  Total Local Usage
	0  -  Run Bytes Sent By Job
	0  -  Run Bytes Received By Job
	0  -  Total Bytes Sent By Job
	0  -  Total Bytes Received By Job
	Partitionable Resources :    Usage  Request Allocated 
	   Cpus                 :                 1         1 
	   Disk (KB)            :        1        1    121641 
	   Memory (MB)          :      183     3900      3968 

	Job terminated of its own accord at 2022-03-31T05:01:06Z.
...
006 (127797.014.000) 2022-03-31 14:01:06 Image size of job updated: 687044
	183  -  MemoryUsage of job (MB)
	186532  -  ResidentSetSize of job (KB)
...
005 (127797.014.000) 2022-03-31 14:01:06 Job terminated.
	(1) Normal termination (return value 0)
		Usr 0 00:00:10, Sys 0 00:00:01  -  Run Remote Usage
		Usr 0 00:00:00, Sys 0 00:00:00  -  Run Local Usage
		Usr 0 00:00:10, Sys 0 00:00:01  -  Total Remote Usage
		Usr 0 00:00:00, Sys 0 00:00:00  -  Total Local Usage
	0  -  Run Bytes Sent By Job
	0  -  Run Bytes Received By Job
	0  -  Total Bytes Sent By Job
	0  -  Total Bytes Received By Job
	Partitionable Resources :    Usage  Request Allocated 
	   Cpus                 :                 1         1 
	   Disk (KB)            :        1        1    121641 
	   Memory (MB)          :      183     3900      3968 

	Job terminated of its own accord at 2022-03-31T05:01:06Z.
...
006 (127797.008.000) 2022-03-31 14:01:06 Image size of job updated: 690124
	177  -  MemoryUsage of job (MB)
	181116  -  ResidentSetSize of job (KB)
...
005 (127797.008.000) 2022-03-31 14:01:06 Job terminated.
	(1) Normal termination (return value 0)
		Usr 0 00:00:10, Sys 0 00:00:01  -  Run Remote Usage
		Usr 0 00:00:00, Sys 0 00:00:00  -  Run Local Usage
		Usr 0 00:00:10, Sys 0 00:00:01  -  Total Remote Usage
		Usr 0 00:00:00, Sys 0 00:00:00  -  Total Local Usage
	0  -  Run Bytes Sent By Job
	0  -  Run Bytes Received By Job
	0  -  Total Bytes Sent By Job
	0  -  Total Bytes Received By Job
	Partitionable Resources :    Usage  Request Allocated 
	   Cpus                 :                 1         1 
	   Disk (KB)            :        1        1    121641 
	   Memory (MB)          :      177     3900      3968 

	Job terminated of its own accord at 2022-03-31T05:01:06Z.
...
006 (127797.001.000) 2022-03-31 14:01:06 Image size of job updated: 685084
	173  -  MemoryUsage of job (MB)
	176632  -  ResidentSetSize of job (KB)
...
006 (127797.010.000) 2022-03-31 14:01:06 Image size of job updated: 690376
	183  -  MemoryUsage of job (MB)
	186544  -  ResidentSetSize of job (KB)
...
005 (127797.001.000) 2022-03-31 14:01:06 Job terminated.
	(1) Normal termination (return value 0)
		Usr 0 00:00:10, Sys 0 00:00:02  -  Run Remote Usage
		Usr 0 00:00:00, Sys 0 00:00:00  -  Run Local Usage
		Usr 0 00:00:10, Sys 0 00:00:02  -  Total Remote Usage
		Usr 0 00:00:00, Sys 0 00:00:00  -  Total Local Usage
	0  -  Run Bytes Sent By Job
	0  -  Run Bytes Received By Job
	0  -  Total Bytes Sent By Job
	0  -  Total Bytes Received By Job
	Partitionable Resources :    Usage  Request Allocated 
	   Cpus                 :                 1         1 
	   Disk (KB)            :        1        1    121641 
	   Memory (MB)          :      173     3900      3968 

	Job terminated of its own accord at 2022-03-31T05:01:06Z.
...
005 (127797.010.000) 2022-03-31 14:01:06 Job terminated.
	(1) Normal termination (return value 0)
		Usr 0 00:00:10, Sys 0 00:00:01  -  Run Remote Usage
		Usr 0 00:00:00, Sys 0 00:00:00  -  Run Local Usage
		Usr 0 00:00:10, Sys 0 00:00:01  -  Total Remote Usage
		Usr 0 00:00:00, Sys 0 00:00:00  -  Total Local Usage
	0  -  Run Bytes Sent By Job
	0  -  Run Bytes Received By Job
	0  -  Total Bytes Sent By Job
	0  -  Total Bytes Received By Job
	Partitionable Resources :    Usage  Request Allocated 
	   Cpus                 :                 1         1 
	   Disk (KB)            :        1        1    121641 
	   Memory (MB)          :      183     3900      3968 

	Job terminated of its own accord at 2022-03-31T05:01:06Z.
...
006 (127797.007.000) 2022-03-31 14:01:07 Image size of job updated: 690324
	183  -  MemoryUsage of job (MB)
	186536  -  ResidentSetSize of job (KB)
...
005 (127797.007.000) 2022-03-31 14:01:07 Job terminated.
	(1) Normal termination (return value 0)
		Usr 0 00:00:11, Sys 0 00:00:01  -  Run Remote Usage
		Usr 0 00:00:00, Sys 0 00:00:00  -  Run Local Usage
		Usr 0 00:00:11, Sys 0 00:00:01  -  Total Remote Usage
		Usr 0 00:00:00, Sys 0 00:00:00  -  Total Local Usage
	0  -  Run Bytes Sent By Job
	0  -  Run Bytes Received By Job
	0  -  Total Bytes Sent By Job
	0  -  Total Bytes Received By Job
	Partitionable Resources :    Usage  Request Allocated 
	   Cpus                 :                 1         1 
	   Disk (KB)            :        1        1    121641 
	   Memory (MB)          :      183     3900      3968 

	Job terminated of its own accord at 2022-03-31T05:01:07Z.
...
006 (127797.009.000) 2022-03-31 14:01:08 Image size of job updated: 686808
	183  -  MemoryUsage of job (MB)
	186548  -  ResidentSetSize of job (KB)
...
005 (127797.009.000) 2022-03-31 14:01:08 Job terminated.
	(1) Normal termination (return value 0)
		Usr 0 00:00:12, Sys 0 00:00:02  -  Run Remote Usage
		Usr 0 00:00:00, Sys 0 00:00:00  -  Run Local Usage
		Usr 0 00:00:12, Sys 0 00:00:02  -  Total Remote Usage
		Usr 0 00:00:00, Sys 0 00:00:00  -  Total Local Usage
	0  -  Run Bytes Sent By Job
	0  -  Run Bytes Received By Job
	0  -  Total Bytes Sent By Job
	0  -  Total Bytes Received By Job
	Partitionable Resources :    Usage  Request Allocated 
	   Cpus                 :                 1         1 
	   Disk (KB)            :        1        1    121641 
	   Memory (MB)          :      183     3900      3968 

	Job terminated of its own accord at 2022-03-31T05:01:08Z.
...
006 (127797.003.000) 2022-03-31 14:01:09 Image size of job updated: 690192
	176  -  MemoryUsage of job (MB)
	179292  -  ResidentSetSize of job (KB)
...
005 (127797.003.000) 2022-03-31 14:01:09 Job terminated.
	(1) Normal termination (return value 0)
		Usr 0 00:00:13, Sys 0 00:00:02  -  Run Remote Usage
		Usr 0 00:00:00, Sys 0 00:00:00  -  Run Local Usage
		Usr 0 00:00:13, Sys 0 00:00:02  -  Total Remote Usage
		Usr 0 00:00:00, Sys 0 00:00:00  -  Total Local Usage
	0  -  Run Bytes Sent By Job
	0  -  Run Bytes Received By Job
	0  -  Total Bytes Sent By Job
	0  -  Total Bytes Received By Job
	Partitionable Resources :    Usage  Request Allocated 
	   Cpus                 :                 1         1 
	   Disk (KB)            :        1        1    121641 
	   Memory (MB)          :      176     3900      3968 

	Job terminated of its own accord at 2022-03-31T05:01:09Z.
...
006 (127797.000.000) 2022-03-31 14:01:12 Image size of job updated: 685036
	182  -  MemoryUsage of job (MB)
	185484  -  ResidentSetSize of job (KB)
...
005 (127797.000.000) 2022-03-31 14:01:12 Job terminated.
	(1) Normal termination (return value 0)
		Usr 0 00:00:16, Sys 0 00:00:02  -  Run Remote Usage
		Usr 0 00:00:00, Sys 0 00:00:00  -  Run Local Usage
		Usr 0 00:00:16, Sys 0 00:00:02  -  Total Remote Usage
		Usr 0 00:00:00, Sys 0 00:00:00  -  Total Local Usage
	0  -  Run Bytes Sent By Job
	0  -  Run Bytes Received By Job
	0  -  Total Bytes Sent By Job
	0  -  Total Bytes Received By Job
	Partitionable Resources :    Usage  Request Allocated 
	   Cpus                 :                 1         1 
	   Disk (KB)            :        1        1    121641 
	   Memory (MB)          :      182     3900      3968 

	Job terminated of its own accord at 2022-03-31T05:01:12Z.
...
000 (127893.000.000) 2022-03-31 15:17:45 Job submitted from host: <172.30.1.200:9618?addrs=172.30.1.200-9618&alias=tamsa2.snu.ac.kr&noUDP&sock=schedd_3154_f5cb>
...
000 (127893.001.000) 2022-03-31 15:17:45 Job submitted from host: <172.30.1.200:9618?addrs=172.30.1.200-9618&alias=tamsa2.snu.ac.kr&noUDP&sock=schedd_3154_f5cb>
...
000 (127893.002.000) 2022-03-31 15:17:45 Job submitted from host: <172.30.1.200:9618?addrs=172.30.1.200-9618&alias=tamsa2.snu.ac.kr&noUDP&sock=schedd_3154_f5cb>
...
000 (127893.003.000) 2022-03-31 15:17:45 Job submitted from host: <172.30.1.200:9618?addrs=172.30.1.200-9618&alias=tamsa2.snu.ac.kr&noUDP&sock=schedd_3154_f5cb>
...
000 (127893.004.000) 2022-03-31 15:17:45 Job submitted from host: <172.30.1.200:9618?addrs=172.30.1.200-9618&alias=tamsa2.snu.ac.kr&noUDP&sock=schedd_3154_f5cb>
...
000 (127893.005.000) 2022-03-31 15:17:45 Job submitted from host: <172.30.1.200:9618?addrs=172.30.1.200-9618&alias=tamsa2.snu.ac.kr&noUDP&sock=schedd_3154_f5cb>
...
000 (127893.006.000) 2022-03-31 15:17:45 Job submitted from host: <172.30.1.200:9618?addrs=172.30.1.200-9618&alias=tamsa2.snu.ac.kr&noUDP&sock=schedd_3154_f5cb>
...
000 (127893.007.000) 2022-03-31 15:17:45 Job submitted from host: <172.30.1.200:9618?addrs=172.30.1.200-9618&alias=tamsa2.snu.ac.kr&noUDP&sock=schedd_3154_f5cb>
...
000 (127893.008.000) 2022-03-31 15:17:45 Job submitted from host: <172.30.1.200:9618?addrs=172.30.1.200-9618&alias=tamsa2.snu.ac.kr&noUDP&sock=schedd_3154_f5cb>
...
000 (127893.009.000) 2022-03-31 15:17:45 Job submitted from host: <172.30.1.200:9618?addrs=172.30.1.200-9618&alias=tamsa2.snu.ac.kr&noUDP&sock=schedd_3154_f5cb>
...
000 (127893.010.000) 2022-03-31 15:17:45 Job submitted from host: <172.30.1.200:9618?addrs=172.30.1.200-9618&alias=tamsa2.snu.ac.kr&noUDP&sock=schedd_3154_f5cb>
...
000 (127893.011.000) 2022-03-31 15:17:45 Job submitted from host: <172.30.1.200:9618?addrs=172.30.1.200-9618&alias=tamsa2.snu.ac.kr&noUDP&sock=schedd_3154_f5cb>
...
000 (127893.012.000) 2022-03-31 15:17:45 Job submitted from host: <172.30.1.200:9618?addrs=172.30.1.200-9618&alias=tamsa2.snu.ac.kr&noUDP&sock=schedd_3154_f5cb>
...
000 (127893.013.000) 2022-03-31 15:17:45 Job submitted from host: <172.30.1.200:9618?addrs=172.30.1.200-9618&alias=tamsa2.snu.ac.kr&noUDP&sock=schedd_3154_f5cb>
...
000 (127893.014.000) 2022-03-31 15:17:45 Job submitted from host: <172.30.1.200:9618?addrs=172.30.1.200-9618&alias=tamsa2.snu.ac.kr&noUDP&sock=schedd_3154_f5cb>
...
000 (127893.015.000) 2022-03-31 15:17:45 Job submitted from host: <172.30.1.200:9618?addrs=172.30.1.200-9618&alias=tamsa2.snu.ac.kr&noUDP&sock=schedd_3154_f5cb>
...
000 (127893.016.000) 2022-03-31 15:17:45 Job submitted from host: <172.30.1.200:9618?addrs=172.30.1.200-9618&alias=tamsa2.snu.ac.kr&noUDP&sock=schedd_3154_f5cb>
...
000 (127893.017.000) 2022-03-31 15:17:45 Job submitted from host: <172.30.1.200:9618?addrs=172.30.1.200-9618&alias=tamsa2.snu.ac.kr&noUDP&sock=schedd_3154_f5cb>
...
000 (127893.018.000) 2022-03-31 15:17:45 Job submitted from host: <172.30.1.200:9618?addrs=172.30.1.200-9618&alias=tamsa2.snu.ac.kr&noUDP&sock=schedd_3154_f5cb>
...
000 (127893.019.000) 2022-03-31 15:17:45 Job submitted from host: <172.30.1.200:9618?addrs=172.30.1.200-9618&alias=tamsa2.snu.ac.kr&noUDP&sock=schedd_3154_f5cb>
...
001 (127893.010.000) 2022-03-31 15:18:07 Job executing on host: <172.30.1.210:9618?addrs=172.30.1.210-9618&alias=node10&noUDP&sock=startd_34714_7ebe>
...
001 (127893.011.000) 2022-03-31 15:18:07 Job executing on host: <172.30.1.210:9618?addrs=172.30.1.210-9618&alias=node10&noUDP&sock=startd_34714_7ebe>
...
001 (127893.012.000) 2022-03-31 15:18:07 Job executing on host: <172.30.1.210:9618?addrs=172.30.1.210-9618&alias=node10&noUDP&sock=startd_34714_7ebe>
...
001 (127893.013.000) 2022-03-31 15:18:07 Job executing on host: <172.30.1.210:9618?addrs=172.30.1.210-9618&alias=node10&noUDP&sock=startd_34714_7ebe>
...
001 (127893.014.000) 2022-03-31 15:18:07 Job executing on host: <172.30.1.210:9618?addrs=172.30.1.210-9618&alias=node10&noUDP&sock=startd_34714_7ebe>
...
001 (127893.015.000) 2022-03-31 15:18:07 Job executing on host: <172.30.1.210:9618?addrs=172.30.1.210-9618&alias=node10&noUDP&sock=startd_34714_7ebe>
...
001 (127893.016.000) 2022-03-31 15:18:07 Job executing on host: <172.30.1.210:9618?addrs=172.30.1.210-9618&alias=node10&noUDP&sock=startd_34714_7ebe>
...
001 (127893.017.000) 2022-03-31 15:18:07 Job executing on host: <172.30.1.210:9618?addrs=172.30.1.210-9618&alias=node10&noUDP&sock=startd_34714_7ebe>
...
001 (127893.018.000) 2022-03-31 15:18:08 Job executing on host: <172.30.1.210:9618?addrs=172.30.1.210-9618&alias=node10&noUDP&sock=startd_34714_7ebe>
...
001 (127893.019.000) 2022-03-31 15:18:08 Job executing on host: <172.30.1.210:9618?addrs=172.30.1.210-9618&alias=node10&noUDP&sock=startd_34714_7ebe>
...
001 (127893.000.000) 2022-03-31 15:18:08 Job executing on host: <172.30.1.211:9618?addrs=172.30.1.211-9618&alias=node11&noUDP&sock=startd_47978_7eef>
...
001 (127893.001.000) 2022-03-31 15:18:08 Job executing on host: <172.30.1.211:9618?addrs=172.30.1.211-9618&alias=node11&noUDP&sock=startd_47978_7eef>
...
001 (127893.002.000) 2022-03-31 15:18:08 Job executing on host: <172.30.1.211:9618?addrs=172.30.1.211-9618&alias=node11&noUDP&sock=startd_47978_7eef>
...
001 (127893.003.000) 2022-03-31 15:18:08 Job executing on host: <172.30.1.211:9618?addrs=172.30.1.211-9618&alias=node11&noUDP&sock=startd_47978_7eef>
...
001 (127893.004.000) 2022-03-31 15:18:09 Job executing on host: <172.30.1.211:9618?addrs=172.30.1.211-9618&alias=node11&noUDP&sock=startd_47978_7eef>
...
001 (127893.005.000) 2022-03-31 15:18:09 Job executing on host: <172.30.1.211:9618?addrs=172.30.1.211-9618&alias=node11&noUDP&sock=startd_47978_7eef>
...
001 (127893.006.000) 2022-03-31 15:18:09 Job executing on host: <172.30.1.211:9618?addrs=172.30.1.211-9618&alias=node11&noUDP&sock=startd_47978_7eef>
...
001 (127893.007.000) 2022-03-31 15:18:09 Job executing on host: <172.30.1.211:9618?addrs=172.30.1.211-9618&alias=node11&noUDP&sock=startd_47978_7eef>
...
001 (127893.008.000) 2022-03-31 15:18:09 Job executing on host: <172.30.1.211:9618?addrs=172.30.1.211-9618&alias=node11&noUDP&sock=startd_47978_7eef>
...
001 (127893.009.000) 2022-03-31 15:18:09 Job executing on host: <172.30.1.211:9618?addrs=172.30.1.211-9618&alias=node11&noUDP&sock=startd_47978_7eef>
...
006 (127893.017.000) 2022-03-31 15:18:16 Image size of job updated: 507192
	150  -  MemoryUsage of job (MB)
	153488  -  ResidentSetSize of job (KB)
...
006 (127893.018.000) 2022-03-31 15:18:16 Image size of job updated: 505252
	151  -  MemoryUsage of job (MB)
	153632  -  ResidentSetSize of job (KB)
...
006 (127893.019.000) 2022-03-31 15:18:16 Image size of job updated: 516812
	151  -  MemoryUsage of job (MB)
	154528  -  ResidentSetSize of job (KB)
...
006 (127893.010.000) 2022-03-31 15:18:16 Image size of job updated: 515616
	159  -  MemoryUsage of job (MB)
	162152  -  ResidentSetSize of job (KB)
...
006 (127893.011.000) 2022-03-31 15:18:16 Image size of job updated: 507940
	156  -  MemoryUsage of job (MB)
	159100  -  ResidentSetSize of job (KB)
...
006 (127893.012.000) 2022-03-31 15:18:16 Image size of job updated: 506436
	157  -  MemoryUsage of job (MB)
	160532  -  ResidentSetSize of job (KB)
...
006 (127893.013.000) 2022-03-31 15:18:16 Image size of job updated: 509360
	156  -  MemoryUsage of job (MB)
	159672  -  ResidentSetSize of job (KB)
...
006 (127893.014.000) 2022-03-31 15:18:16 Image size of job updated: 507940
	160  -  MemoryUsage of job (MB)
	163208  -  ResidentSetSize of job (KB)
...
006 (127893.015.000) 2022-03-31 15:18:16 Image size of job updated: 507940
	161  -  MemoryUsage of job (MB)
	164188  -  ResidentSetSize of job (KB)
...
006 (127893.016.000) 2022-03-31 15:18:16 Image size of job updated: 507192
	162  -  MemoryUsage of job (MB)
	164952  -  ResidentSetSize of job (KB)
...
006 (127893.003.000) 2022-03-31 15:18:17 Image size of job updated: 189268
	185  -  MemoryUsage of job (MB)
	188468  -  ResidentSetSize of job (KB)
...
006 (127893.004.000) 2022-03-31 15:18:17 Image size of job updated: 190264
	185  -  MemoryUsage of job (MB)
	188476  -  ResidentSetSize of job (KB)
...
006 (127893.005.000) 2022-03-31 15:18:17 Image size of job updated: 190008
	185  -  MemoryUsage of job (MB)
	188460  -  ResidentSetSize of job (KB)
...
006 (127893.006.000) 2022-03-31 15:18:17 Image size of job updated: 197596
	185  -  MemoryUsage of job (MB)
	188472  -  ResidentSetSize of job (KB)
...
006 (127893.007.000) 2022-03-31 15:18:17 Image size of job updated: 194632
	185  -  MemoryUsage of job (MB)
	188992  -  ResidentSetSize of job (KB)
...
006 (127893.000.000) 2022-03-31 15:18:17 Image size of job updated: 194808
	185  -  MemoryUsage of job (MB)
	188480  -  ResidentSetSize of job (KB)
...
006 (127893.001.000) 2022-03-31 15:18:17 Image size of job updated: 189844
	185  -  MemoryUsage of job (MB)
	188952  -  ResidentSetSize of job (KB)
...
006 (127893.002.000) 2022-03-31 15:18:18 Image size of job updated: 189692
	185  -  MemoryUsage of job (MB)
	188476  -  ResidentSetSize of job (KB)
...
006 (127893.008.000) 2022-03-31 15:18:18 Image size of job updated: 195624
	185  -  MemoryUsage of job (MB)
	189116  -  ResidentSetSize of job (KB)
...
006 (127893.009.000) 2022-03-31 15:18:18 Image size of job updated: 197188
	185  -  MemoryUsage of job (MB)
	189168  -  ResidentSetSize of job (KB)
...
006 (127893.009.000) 2022-03-31 15:18:26 Image size of job updated: 687140
	185  -  MemoryUsage of job (MB)
	189168  -  ResidentSetSize of job (KB)
...
005 (127893.009.000) 2022-03-31 15:18:26 Job terminated.
	(1) Normal termination (return value 0)
		Usr 0 00:00:11, Sys 0 00:00:02  -  Run Remote Usage
		Usr 0 00:00:00, Sys 0 00:00:00  -  Run Local Usage
		Usr 0 00:00:11, Sys 0 00:00:02  -  Total Remote Usage
		Usr 0 00:00:00, Sys 0 00:00:00  -  Total Local Usage
	0  -  Run Bytes Sent By Job
	0  -  Run Bytes Received By Job
	0  -  Total Bytes Sent By Job
	0  -  Total Bytes Received By Job
	Partitionable Resources :    Usage  Request Allocated 
	   Cpus                 :                 1         1 
	   Disk (KB)            :        1        1    120189 
	   Memory (MB)          :      185     3900      3968 

	Job terminated of its own accord at 2022-03-31T06:18:26Z.
...
006 (127893.005.000) 2022-03-31 15:18:26 Image size of job updated: 692284
	185  -  MemoryUsage of job (MB)
	188460  -  ResidentSetSize of job (KB)
...
005 (127893.005.000) 2022-03-31 15:18:26 Job terminated.
	(1) Normal termination (return value 0)
		Usr 0 00:00:12, Sys 0 00:00:02  -  Run Remote Usage
		Usr 0 00:00:00, Sys 0 00:00:00  -  Run Local Usage
		Usr 0 00:00:12, Sys 0 00:00:02  -  Total Remote Usage
		Usr 0 00:00:00, Sys 0 00:00:00  -  Total Local Usage
	0  -  Run Bytes Sent By Job
	0  -  Run Bytes Received By Job
	0  -  Total Bytes Sent By Job
	0  -  Total Bytes Received By Job
	Partitionable Resources :    Usage  Request Allocated 
	   Cpus                 :                 1         1 
	   Disk (KB)            :        1        1    120189 
	   Memory (MB)          :      185     3900      3968 

	Job terminated of its own accord at 2022-03-31T06:18:26Z.
...
006 (127893.008.000) 2022-03-31 15:18:27 Image size of job updated: 691752
	185  -  MemoryUsage of job (MB)
	189116  -  ResidentSetSize of job (KB)
...
005 (127893.008.000) 2022-03-31 15:18:27 Job terminated.
	(1) Normal termination (return value 0)
		Usr 0 00:00:12, Sys 0 00:00:02  -  Run Remote Usage
		Usr 0 00:00:00, Sys 0 00:00:00  -  Run Local Usage
		Usr 0 00:00:12, Sys 0 00:00:02  -  Total Remote Usage
		Usr 0 00:00:00, Sys 0 00:00:00  -  Total Local Usage
	0  -  Run Bytes Sent By Job
	0  -  Run Bytes Received By Job
	0  -  Total Bytes Sent By Job
	0  -  Total Bytes Received By Job
	Partitionable Resources :    Usage  Request Allocated 
	   Cpus                 :                 1         1 
	   Disk (KB)            :        1        1    120189 
	   Memory (MB)          :      185     3900      3968 

	Job terminated of its own accord at 2022-03-31T06:18:27Z.
...
006 (127893.010.000) 2022-03-31 15:18:27 Image size of job updated: 688860
	159  -  MemoryUsage of job (MB)
	162156  -  ResidentSetSize of job (KB)
...
005 (127893.010.000) 2022-03-31 15:18:28 Job terminated.
	(1) Normal termination (return value 0)
		Usr 0 00:00:12, Sys 0 00:00:02  -  Run Remote Usage
		Usr 0 00:00:00, Sys 0 00:00:00  -  Run Local Usage
		Usr 0 00:00:12, Sys 0 00:00:02  -  Total Remote Usage
		Usr 0 00:00:00, Sys 0 00:00:00  -  Total Local Usage
	0  -  Run Bytes Sent By Job
	0  -  Run Bytes Received By Job
	0  -  Total Bytes Sent By Job
	0  -  Total Bytes Received By Job
	Partitionable Resources :    Usage  Request Allocated 
	   Cpus                 :                 1         1 
	   Disk (KB)            :        1        1    122805 
	   Memory (MB)          :      159     3900      3968 

	Job terminated of its own accord at 2022-03-31T06:18:27Z.
...
006 (127893.017.000) 2022-03-31 15:18:30 Image size of job updated: 691744
	150  -  MemoryUsage of job (MB)
	153496  -  ResidentSetSize of job (KB)
...
006 (127893.014.000) 2022-03-31 15:18:30 Image size of job updated: 691776
	160  -  MemoryUsage of job (MB)
	163208  -  ResidentSetSize of job (KB)
...
005 (127893.017.000) 2022-03-31 15:18:30 Job terminated.
	(1) Normal termination (return value 0)
		Usr 0 00:00:12, Sys 0 00:00:02  -  Run Remote Usage
		Usr 0 00:00:00, Sys 0 00:00:00  -  Run Local Usage
		Usr 0 00:00:12, Sys 0 00:00:02  -  Total Remote Usage
		Usr 0 00:00:00, Sys 0 00:00:00  -  Total Local Usage
	0  -  Run Bytes Sent By Job
	0  -  Run Bytes Received By Job
	0  -  Total Bytes Sent By Job
	0  -  Total Bytes Received By Job
	Partitionable Resources :    Usage  Request Allocated 
	   Cpus                 :                 1         1 
	   Disk (KB)            :        1        1    122805 
	   Memory (MB)          :      150     3900      3968 

	Job terminated of its own accord at 2022-03-31T06:18:30Z.
...
005 (127893.014.000) 2022-03-31 15:18:30 Job terminated.
	(1) Normal termination (return value 0)
		Usr 0 00:00:12, Sys 0 00:00:02  -  Run Remote Usage
		Usr 0 00:00:00, Sys 0 00:00:00  -  Run Local Usage
		Usr 0 00:00:12, Sys 0 00:00:02  -  Total Remote Usage
		Usr 0 00:00:00, Sys 0 00:00:00  -  Total Local Usage
	0  -  Run Bytes Sent By Job
	0  -  Run Bytes Received By Job
	0  -  Total Bytes Sent By Job
	0  -  Total Bytes Received By Job
	Partitionable Resources :    Usage  Request Allocated 
	   Cpus                 :                 1         1 
	   Disk (KB)            :        1        1    122805 
	   Memory (MB)          :      160     3900      3968 

	Job terminated of its own accord at 2022-03-31T06:18:30Z.
...
006 (127893.004.000) 2022-03-31 15:18:30 Image size of job updated: 687156
	185  -  MemoryUsage of job (MB)
	188476  -  ResidentSetSize of job (KB)
...
006 (127893.001.000) 2022-03-31 15:18:30 Image size of job updated: 687124
	185  -  MemoryUsage of job (MB)
	188952  -  ResidentSetSize of job (KB)
...
006 (127893.016.000) 2022-03-31 15:18:30 Image size of job updated: 691752
	162  -  MemoryUsage of job (MB)
	164952  -  ResidentSetSize of job (KB)
...
006 (127893.006.000) 2022-03-31 15:18:30 Image size of job updated: 687124
	185  -  MemoryUsage of job (MB)
	188472  -  ResidentSetSize of job (KB)
...
005 (127893.004.000) 2022-03-31 15:18:31 Job terminated.
	(1) Normal termination (return value 0)
		Usr 0 00:00:16, Sys 0 00:00:02  -  Run Remote Usage
		Usr 0 00:00:00, Sys 0 00:00:00  -  Run Local Usage
		Usr 0 00:00:16, Sys 0 00:00:02  -  Total Remote Usage
		Usr 0 00:00:00, Sys 0 00:00:00  -  Total Local Usage
	0  -  Run Bytes Sent By Job
	0  -  Run Bytes Received By Job
	0  -  Total Bytes Sent By Job
	0  -  Total Bytes Received By Job
	Partitionable Resources :    Usage  Request Allocated 
	   Cpus                 :                 1         1 
	   Disk (KB)            :        1        1    120189 
	   Memory (MB)          :      185     3900      3968 

	Job terminated of its own accord at 2022-03-31T06:18:30Z.
...
005 (127893.001.000) 2022-03-31 15:18:31 Job terminated.
	(1) Normal termination (return value 0)
		Usr 0 00:00:15, Sys 0 00:00:02  -  Run Remote Usage
		Usr 0 00:00:00, Sys 0 00:00:00  -  Run Local Usage
		Usr 0 00:00:15, Sys 0 00:00:02  -  Total Remote Usage
		Usr 0 00:00:00, Sys 0 00:00:00  -  Total Local Usage
	0  -  Run Bytes Sent By Job
	0  -  Run Bytes Received By Job
	0  -  Total Bytes Sent By Job
	0  -  Total Bytes Received By Job
	Partitionable Resources :    Usage  Request Allocated 
	   Cpus                 :                 1         1 
	   Disk (KB)            :        1        1    120189 
	   Memory (MB)          :      185     3900      3968 

	Job terminated of its own accord at 2022-03-31T06:18:30Z.
...
005 (127893.016.000) 2022-03-31 15:18:31 Job terminated.
	(1) Normal termination (return value 0)
		Usr 0 00:00:13, Sys 0 00:00:02  -  Run Remote Usage
		Usr 0 00:00:00, Sys 0 00:00:00  -  Run Local Usage
		Usr 0 00:00:13, Sys 0 00:00:02  -  Total Remote Usage
		Usr 0 00:00:00, Sys 0 00:00:00  -  Total Local Usage
	0  -  Run Bytes Sent By Job
	0  -  Run Bytes Received By Job
	0  -  Total Bytes Sent By Job
	0  -  Total Bytes Received By Job
	Partitionable Resources :    Usage  Request Allocated 
	   Cpus                 :                 1         1 
	   Disk (KB)            :        1        1    122805 
	   Memory (MB)          :      162     3900      3968 

	Job terminated of its own accord at 2022-03-31T06:18:30Z.
...
006 (127893.007.000) 2022-03-31 15:18:31 Image size of job updated: 690704
	185  -  MemoryUsage of job (MB)
	188992  -  ResidentSetSize of job (KB)
...
005 (127893.006.000) 2022-03-31 15:18:31 Job terminated.
	(1) Normal termination (return value 0)
		Usr 0 00:00:16, Sys 0 00:00:02  -  Run Remote Usage
		Usr 0 00:00:00, Sys 0 00:00:00  -  Run Local Usage
		Usr 0 00:00:16, Sys 0 00:00:02  -  Total Remote Usage
		Usr 0 00:00:00, Sys 0 00:00:00  -  Total Local Usage
	0  -  Run Bytes Sent By Job
	0  -  Run Bytes Received By Job
	0  -  Total Bytes Sent By Job
	0  -  Total Bytes Received By Job
	Partitionable Resources :    Usage  Request Allocated 
	   Cpus                 :                 1         1 
	   Disk (KB)            :        1        1    120189 
	   Memory (MB)          :      185     3900      3968 

	Job terminated of its own accord at 2022-03-31T06:18:30Z.
...
005 (127893.007.000) 2022-03-31 15:18:31 Job terminated.
	(1) Normal termination (return value 0)
		Usr 0 00:00:14, Sys 0 00:00:02  -  Run Remote Usage
		Usr 0 00:00:00, Sys 0 00:00:00  -  Run Local Usage
		Usr 0 00:00:14, Sys 0 00:00:02  -  Total Remote Usage
		Usr 0 00:00:00, Sys 0 00:00:00  -  Total Local Usage
	0  -  Run Bytes Sent By Job
	0  -  Run Bytes Received By Job
	0  -  Total Bytes Sent By Job
	0  -  Total Bytes Received By Job
	Partitionable Resources :    Usage  Request Allocated 
	   Cpus                 :                 1         1 
	   Disk (KB)            :        1        1    120189 
	   Memory (MB)          :      185     3900      3968 

	Job terminated of its own accord at 2022-03-31T06:18:31Z.
...
006 (127893.015.000) 2022-03-31 15:18:31 Image size of job updated: 691864
	161  -  MemoryUsage of job (MB)
	164188  -  ResidentSetSize of job (KB)
...
006 (127893.012.000) 2022-03-31 15:18:31 Image size of job updated: 692340
	157  -  MemoryUsage of job (MB)
	160540  -  ResidentSetSize of job (KB)
...
005 (127893.015.000) 2022-03-31 15:18:31 Job terminated.
	(1) Normal termination (return value 0)
		Usr 0 00:00:13, Sys 0 00:00:02  -  Run Remote Usage
		Usr 0 00:00:00, Sys 0 00:00:00  -  Run Local Usage
		Usr 0 00:00:13, Sys 0 00:00:02  -  Total Remote Usage
		Usr 0 00:00:00, Sys 0 00:00:00  -  Total Local Usage
	0  -  Run Bytes Sent By Job
	0  -  Run Bytes Received By Job
	0  -  Total Bytes Sent By Job
	0  -  Total Bytes Received By Job
	Partitionable Resources :    Usage  Request Allocated 
	   Cpus                 :                 1         1 
	   Disk (KB)            :        1        1    122805 
	   Memory (MB)          :      161     3900      3968 

	Job terminated of its own accord at 2022-03-31T06:18:31Z.
...
005 (127893.012.000) 2022-03-31 15:18:31 Job terminated.
	(1) Normal termination (return value 0)
		Usr 0 00:00:13, Sys 0 00:00:02  -  Run Remote Usage
		Usr 0 00:00:00, Sys 0 00:00:00  -  Run Local Usage
		Usr 0 00:00:13, Sys 0 00:00:02  -  Total Remote Usage
		Usr 0 00:00:00, Sys 0 00:00:00  -  Total Local Usage
	0  -  Run Bytes Sent By Job
	0  -  Run Bytes Received By Job
	0  -  Total Bytes Sent By Job
	0  -  Total Bytes Received By Job
	Partitionable Resources :    Usage  Request Allocated 
	   Cpus                 :                 1         1 
	   Disk (KB)            :        1        1    122805 
	   Memory (MB)          :      157     3900      3968 

	Job terminated of its own accord at 2022-03-31T06:18:31Z.
...
006 (127893.019.000) 2022-03-31 15:18:31 Image size of job updated: 700960
	151  -  MemoryUsage of job (MB)
	154528  -  ResidentSetSize of job (KB)
...
006 (127893.013.000) 2022-03-31 15:18:31 Image size of job updated: 692260
	156  -  MemoryUsage of job (MB)
	159680  -  ResidentSetSize of job (KB)
...
005 (127893.019.000) 2022-03-31 15:18:31 Job terminated.
	(1) Normal termination (return value 0)
		Usr 0 00:00:15, Sys 0 00:00:02  -  Run Remote Usage
		Usr 0 00:00:00, Sys 0 00:00:00  -  Run Local Usage
		Usr 0 00:00:15, Sys 0 00:00:02  -  Total Remote Usage
		Usr 0 00:00:00, Sys 0 00:00:00  -  Total Local Usage
	0  -  Run Bytes Sent By Job
	0  -  Run Bytes Received By Job
	0  -  Total Bytes Sent By Job
	0  -  Total Bytes Received By Job
	Partitionable Resources :    Usage  Request Allocated 
	   Cpus                 :                 1         1 
	   Disk (KB)            :        1        1    122805 
	   Memory (MB)          :      151     3900      3968 

	Job terminated of its own accord at 2022-03-31T06:18:31Z.
...
005 (127893.013.000) 2022-03-31 15:18:32 Job terminated.
	(1) Normal termination (return value 0)
		Usr 0 00:00:14, Sys 0 00:00:02  -  Run Remote Usage
		Usr 0 00:00:00, Sys 0 00:00:00  -  Run Local Usage
		Usr 0 00:00:14, Sys 0 00:00:02  -  Total Remote Usage
		Usr 0 00:00:00, Sys 0 00:00:00  -  Total Local Usage
	0  -  Run Bytes Sent By Job
	0  -  Run Bytes Received By Job
	0  -  Total Bytes Sent By Job
	0  -  Total Bytes Received By Job
	Partitionable Resources :    Usage  Request Allocated 
	   Cpus                 :                 1         1 
	   Disk (KB)            :        1        1    122805 
	   Memory (MB)          :      156     3900      3968 

	Job terminated of its own accord at 2022-03-31T06:18:31Z.
...
006 (127893.000.000) 2022-03-31 15:18:32 Image size of job updated: 692256
	185  -  MemoryUsage of job (MB)
	188480  -  ResidentSetSize of job (KB)
...
006 (127893.002.000) 2022-03-31 15:18:32 Image size of job updated: 692252
	185  -  MemoryUsage of job (MB)
	188476  -  ResidentSetSize of job (KB)
...
005 (127893.002.000) 2022-03-31 15:18:32 Job terminated.
	(1) Normal termination (return value 0)
		Usr 0 00:00:16, Sys 0 00:00:01  -  Run Remote Usage
		Usr 0 00:00:00, Sys 0 00:00:00  -  Run Local Usage
		Usr 0 00:00:16, Sys 0 00:00:01  -  Total Remote Usage
		Usr 0 00:00:00, Sys 0 00:00:00  -  Total Local Usage
	0  -  Run Bytes Sent By Job
	0  -  Run Bytes Received By Job
	0  -  Total Bytes Sent By Job
	0  -  Total Bytes Received By Job
	Partitionable Resources :    Usage  Request Allocated 
	   Cpus                 :                 1         1 
	   Disk (KB)            :        1        1    120189 
	   Memory (MB)          :      185     3900      3968 

	Job terminated of its own accord at 2022-03-31T06:18:32Z.
...
005 (127893.000.000) 2022-03-31 15:18:32 Job terminated.
	(1) Normal termination (return value 0)
		Usr 0 00:00:17, Sys 0 00:00:02  -  Run Remote Usage
		Usr 0 00:00:00, Sys 0 00:00:00  -  Run Local Usage
		Usr 0 00:00:17, Sys 0 00:00:02  -  Total Remote Usage
		Usr 0 00:00:00, Sys 0 00:00:00  -  Total Local Usage
	0  -  Run Bytes Sent By Job
	0  -  Run Bytes Received By Job
	0  -  Total Bytes Sent By Job
	0  -  Total Bytes Received By Job
	Partitionable Resources :    Usage  Request Allocated 
	   Cpus                 :                 1         1 
	   Disk (KB)            :        1        1    120189 
	   Memory (MB)          :      185     3900      3968 

	Job terminated of its own accord at 2022-03-31T06:18:32Z.
...
006 (127893.018.000) 2022-03-31 15:18:32 Image size of job updated: 696092
	151  -  MemoryUsage of job (MB)
	153644  -  ResidentSetSize of job (KB)
...
005 (127893.018.000) 2022-03-31 15:18:32 Job terminated.
	(1) Normal termination (return value 0)
		Usr 0 00:00:15, Sys 0 00:00:02  -  Run Remote Usage
		Usr 0 00:00:00, Sys 0 00:00:00  -  Run Local Usage
		Usr 0 00:00:15, Sys 0 00:00:02  -  Total Remote Usage
		Usr 0 00:00:00, Sys 0 00:00:00  -  Total Local Usage
	0  -  Run Bytes Sent By Job
	0  -  Run Bytes Received By Job
	0  -  Total Bytes Sent By Job
	0  -  Total Bytes Received By Job
	Partitionable Resources :    Usage  Request Allocated 
	   Cpus                 :                 1         1 
	   Disk (KB)            :        1        1    122805 
	   Memory (MB)          :      151     3900      3968 

	Job terminated of its own accord at 2022-03-31T06:18:32Z.
...
006 (127893.003.000) 2022-03-31 15:18:33 Image size of job updated: 692760
	185  -  MemoryUsage of job (MB)
	188468  -  ResidentSetSize of job (KB)
...
005 (127893.003.000) 2022-03-31 15:18:33 Job terminated.
	(1) Normal termination (return value 0)
		Usr 0 00:00:19, Sys 0 00:00:02  -  Run Remote Usage
		Usr 0 00:00:00, Sys 0 00:00:00  -  Run Local Usage
		Usr 0 00:00:19, Sys 0 00:00:02  -  Total Remote Usage
		Usr 0 00:00:00, Sys 0 00:00:00  -  Total Local Usage
	0  -  Run Bytes Sent By Job
	0  -  Run Bytes Received By Job
	0  -  Total Bytes Sent By Job
	0  -  Total Bytes Received By Job
	Partitionable Resources :    Usage  Request Allocated 
	   Cpus                 :                 1         1 
	   Disk (KB)            :        1        1    120189 
	   Memory (MB)          :      185     3900      3968 

	Job terminated of its own accord at 2022-03-31T06:18:33Z.
...
006 (127893.011.000) 2022-03-31 15:18:33 Image size of job updated: 692232
	156  -  MemoryUsage of job (MB)
	159120  -  ResidentSetSize of job (KB)
...
005 (127893.011.000) 2022-03-31 15:18:33 Job terminated.
	(1) Normal termination (return value 0)
		Usr 0 00:00:15, Sys 0 00:00:02  -  Run Remote Usage
		Usr 0 00:00:00, Sys 0 00:00:00  -  Run Local Usage
		Usr 0 00:00:15, Sys 0 00:00:02  -  Total Remote Usage
		Usr 0 00:00:00, Sys 0 00:00:00  -  Total Local Usage
	0  -  Run Bytes Sent By Job
	0  -  Run Bytes Received By Job
	0  -  Total Bytes Sent By Job
	0  -  Total Bytes Received By Job
	Partitionable Resources :    Usage  Request Allocated 
	   Cpus                 :                 1         1 
	   Disk (KB)            :        1        1    122805 
	   Memory (MB)          :      156     3900      3968 

	Job terminated of its own accord at 2022-03-31T06:18:33Z.
...
