000 (2118554.033.000) 06/08 00:00:14 Job submitted from host: <172.30.1.200:9618?addrs=172.30.1.200-9618+[--1]-9618&noUDP&sock=203143_c79e_3>
...
001 (2118554.033.000) 06/08 00:00:33 Job executing on host: <172.30.1.207:9618?addrs=172.30.1.207-9618+[--1]-9618&noUDP&sock=6818_28cd_3>
...
006 (2118554.033.000) 06/08 00:00:41 Image size of job updated: 392032
	62  -  MemoryUsage of job (MB)
	63024  -  ResidentSetSize of job (KB)
...
006 (2118554.033.000) 06/08 00:05:41 Image size of job updated: 886524
	267  -  MemoryUsage of job (MB)
	272672  -  ResidentSetSize of job (KB)
...
006 (2118554.033.000) 06/08 00:10:41 Image size of job updated: 886524
	267  -  MemoryUsage of job (MB)
	272760  -  ResidentSetSize of job (KB)
...
006 (2118554.033.000) 06/08 00:15:42 Image size of job updated: 886524
	267  -  MemoryUsage of job (MB)
	272764  -  ResidentSetSize of job (KB)
...
006 (2118554.033.000) 06/08 00:25:42 Image size of job updated: 886524
	267  -  MemoryUsage of job (MB)
	272860  -  ResidentSetSize of job (KB)
...
006 (2118554.033.000) 06/08 00:40:44 Image size of job updated: 886524
	267  -  MemoryUsage of job (MB)
	272932  -  ResidentSetSize of job (KB)
...
006 (2118554.033.000) 06/08 00:50:46 Image size of job updated: 886524
	267  -  MemoryUsage of job (MB)
	273024  -  ResidentSetSize of job (KB)
...
006 (2118554.033.000) 06/08 01:15:47 Image size of job updated: 886524
	268  -  MemoryUsage of job (MB)
	273644  -  ResidentSetSize of job (KB)
...
006 (2118554.033.000) 06/08 01:30:48 Image size of job updated: 886524
	268  -  MemoryUsage of job (MB)
	273892  -  ResidentSetSize of job (KB)
...
006 (2118554.033.000) 06/08 01:50:51 Image size of job updated: 886524
	281  -  MemoryUsage of job (MB)
	287208  -  ResidentSetSize of job (KB)
...
006 (2118554.033.000) 06/08 01:55:52 Image size of job updated: 886524
	281  -  MemoryUsage of job (MB)
	287568  -  ResidentSetSize of job (KB)
...
006 (2118554.033.000) 06/08 03:15:59 Image size of job updated: 886524
	284  -  MemoryUsage of job (MB)
	290572  -  ResidentSetSize of job (KB)
...
006 (2118554.033.000) 06/08 03:20:59 Image size of job updated: 886524
	284  -  MemoryUsage of job (MB)
	290576  -  ResidentSetSize of job (KB)
...
006 (2118554.033.000) 06/08 03:25:59 Image size of job updated: 886524
	284  -  MemoryUsage of job (MB)
	290580  -  ResidentSetSize of job (KB)
...
006 (2118554.033.000) 06/08 03:46:02 Image size of job updated: 886524
	284  -  MemoryUsage of job (MB)
	290588  -  ResidentSetSize of job (KB)
...
006 (2118554.033.000) 06/08 04:11:05 Image size of job updated: 886524
	284  -  MemoryUsage of job (MB)
	290604  -  ResidentSetSize of job (KB)
...
006 (2118554.033.000) 06/08 04:26:06 Image size of job updated: 886524
	293  -  MemoryUsage of job (MB)
	299048  -  ResidentSetSize of job (KB)
...
006 (2118554.033.000) 06/08 04:41:08 Image size of job updated: 886524
	293  -  MemoryUsage of job (MB)
	299056  -  ResidentSetSize of job (KB)
...
006 (2118554.033.000) 06/08 04:51:09 Image size of job updated: 886524
	293  -  MemoryUsage of job (MB)
	299060  -  ResidentSetSize of job (KB)
...
006 (2118554.033.000) 06/08 05:06:10 Image size of job updated: 886524
	293  -  MemoryUsage of job (MB)
	299068  -  ResidentSetSize of job (KB)
...
006 (2118554.033.000) 06/08 05:41:13 Image size of job updated: 886524
	293  -  MemoryUsage of job (MB)
	299080  -  ResidentSetSize of job (KB)
...
006 (2118554.033.000) 06/08 06:11:15 Image size of job updated: 886524
	313  -  MemoryUsage of job (MB)
	320084  -  ResidentSetSize of job (KB)
...
006 (2118554.033.000) 06/08 06:16:15 Image size of job updated: 886524
	313  -  MemoryUsage of job (MB)
	320108  -  ResidentSetSize of job (KB)
...
006 (2118554.033.000) 06/08 06:21:15 Image size of job updated: 886524
	313  -  MemoryUsage of job (MB)
	320120  -  ResidentSetSize of job (KB)
...
006 (2118554.033.000) 06/08 06:26:16 Image size of job updated: 886524
	313  -  MemoryUsage of job (MB)
	320136  -  ResidentSetSize of job (KB)
...
006 (2118554.033.000) 06/08 06:31:16 Image size of job updated: 886524
	313  -  MemoryUsage of job (MB)
	320148  -  ResidentSetSize of job (KB)
...
006 (2118554.033.000) 06/08 06:36:16 Image size of job updated: 886524
	313  -  MemoryUsage of job (MB)
	320164  -  ResidentSetSize of job (KB)
...
006 (2118554.033.000) 06/08 06:41:17 Image size of job updated: 886524
	313  -  MemoryUsage of job (MB)
	320172  -  ResidentSetSize of job (KB)
...
006 (2118554.033.000) 06/08 06:46:17 Image size of job updated: 886524
	313  -  MemoryUsage of job (MB)
	320184  -  ResidentSetSize of job (KB)
...
006 (2118554.033.000) 06/08 06:51:17 Image size of job updated: 886524
	313  -  MemoryUsage of job (MB)
	320200  -  ResidentSetSize of job (KB)
...
006 (2118554.033.000) 06/08 06:56:18 Image size of job updated: 886524
	313  -  MemoryUsage of job (MB)
	320212  -  ResidentSetSize of job (KB)
...
006 (2118554.033.000) 06/08 07:01:18 Image size of job updated: 886524
	313  -  MemoryUsage of job (MB)
	320224  -  ResidentSetSize of job (KB)
...
006 (2118554.033.000) 06/08 07:06:18 Image size of job updated: 886524
	313  -  MemoryUsage of job (MB)
	320236  -  ResidentSetSize of job (KB)
...
006 (2118554.033.000) 06/08 07:11:19 Image size of job updated: 886524
	313  -  MemoryUsage of job (MB)
	320244  -  ResidentSetSize of job (KB)
...
006 (2118554.033.000) 06/08 08:01:22 Image size of job updated: 886524
	313  -  MemoryUsage of job (MB)
	320248  -  ResidentSetSize of job (KB)
...
004 (2118554.033.000) 06/08 08:36:44 Job was evicted.
	(0) Job was not checkpointed.
		Usr 0 08:35:50, Sys 0 00:00:07  -  Run Remote Usage
		Usr 0 00:00:00, Sys 0 00:00:00  -  Run Local Usage
	0  -  Run Bytes Sent By Job
	229  -  Run Bytes Received By Job
	Partitionable Resources :    Usage  Request Allocated
	   Cpus                 :                 1         1
	   Disk (KB)            :       11  2048000   2391884
	   Memory (MB)          :      313     2000      2000
...
009 (2118554.033.000) 06/08 08:36:44 Job was aborted by the user.
	via condor_rm (by user choij)
...
