000 (2118554.042.000) 06/08 00:00:14 Job submitted from host: <172.30.1.200:9618?addrs=172.30.1.200-9618+[--1]-9618&noUDP&sock=203143_c79e_3>
...
001 (2118554.042.000) 06/08 00:00:33 Job executing on host: <172.30.1.207:9618?addrs=172.30.1.207-9618+[--1]-9618&noUDP&sock=6818_28cd_3>
...
006 (2118554.042.000) 06/08 00:00:42 Image size of job updated: 392544
	66  -  MemoryUsage of job (MB)
	66700  -  ResidentSetSize of job (KB)
...
006 (2118554.042.000) 06/08 00:05:43 Image size of job updated: 887892
	261  -  MemoryUsage of job (MB)
	266740  -  ResidentSetSize of job (KB)
...
006 (2118554.042.000) 06/08 00:10:43 Image size of job updated: 888024
	261  -  MemoryUsage of job (MB)
	266836  -  ResidentSetSize of job (KB)
...
006 (2118554.042.000) 06/08 00:50:46 Image size of job updated: 888024
	270  -  MemoryUsage of job (MB)
	276224  -  ResidentSetSize of job (KB)
...
006 (2118554.042.000) 06/08 01:45:51 Image size of job updated: 888024
	277  -  MemoryUsage of job (MB)
	283036  -  ResidentSetSize of job (KB)
...
006 (2118554.042.000) 06/08 01:50:51 Image size of job updated: 888024
	278  -  MemoryUsage of job (MB)
	284224  -  ResidentSetSize of job (KB)
...
006 (2118554.042.000) 06/08 03:00:59 Image size of job updated: 888024
	286  -  MemoryUsage of job (MB)
	292536  -  ResidentSetSize of job (KB)
...
006 (2118554.042.000) 06/08 04:11:07 Image size of job updated: 888024
	296  -  MemoryUsage of job (MB)
	302440  -  ResidentSetSize of job (KB)
...
006 (2118554.042.000) 06/08 05:36:15 Image size of job updated: 888024
	310  -  MemoryUsage of job (MB)
	317304  -  ResidentSetSize of job (KB)
...
006 (2118554.042.000) 06/08 05:41:15 Image size of job updated: 888024
	310  -  MemoryUsage of job (MB)
	317320  -  ResidentSetSize of job (KB)
...
006 (2118554.042.000) 06/08 05:46:16 Image size of job updated: 888024
	310  -  MemoryUsage of job (MB)
	317328  -  ResidentSetSize of job (KB)
...
006 (2118554.042.000) 06/08 07:41:32 Image size of job updated: 888024
	319  -  MemoryUsage of job (MB)
	326048  -  ResidentSetSize of job (KB)
...
006 (2118554.042.000) 06/08 07:46:32 Image size of job updated: 888024
	319  -  MemoryUsage of job (MB)
	326068  -  ResidentSetSize of job (KB)
...
004 (2118554.042.000) 06/08 08:36:44 Job was evicted.
	(0) Job was not checkpointed.
		Usr 0 08:35:43, Sys 0 00:00:06  -  Run Remote Usage
		Usr 0 00:00:00, Sys 0 00:00:00  -  Run Local Usage
	0  -  Run Bytes Sent By Job
	229  -  Run Bytes Received By Job
	Partitionable Resources :    Usage  Request Allocated
	   Cpus                 :                 1         1
	   Disk (KB)            :       11  2048000   2391884
	   Memory (MB)          :      319     2000      2000
...
009 (2118554.042.000) 06/08 08:36:44 Job was aborted by the user.
	via condor_rm (by user choij)
...
