000 (2118554.008.000) 06/08 00:00:14 Job submitted from host: <172.30.1.200:9618?addrs=172.30.1.200-9618+[--1]-9618&noUDP&sock=203143_c79e_3>
...
001 (2118554.008.000) 06/08 00:00:34 Job executing on host: <172.30.1.205:9618?addrs=172.30.1.205-9618+[--1]-9618&noUDP&sock=31577_c625_3>
...
006 (2118554.008.000) 06/08 00:00:42 Image size of job updated: 301240
	52  -  MemoryUsage of job (MB)
	53248  -  ResidentSetSize of job (KB)
...
006 (2118554.008.000) 06/08 00:05:42 Image size of job updated: 883040
	245  -  MemoryUsage of job (MB)
	250776  -  ResidentSetSize of job (KB)
...
006 (2118554.008.000) 06/08 00:10:42 Image size of job updated: 883304
	246  -  MemoryUsage of job (MB)
	250972  -  ResidentSetSize of job (KB)
...
006 (2118554.008.000) 06/08 00:55:47 Image size of job updated: 883304
	262  -  MemoryUsage of job (MB)
	267296  -  ResidentSetSize of job (KB)
...
006 (2118554.008.000) 06/08 01:25:50 Image size of job updated: 883304
	262  -  MemoryUsage of job (MB)
	267300  -  ResidentSetSize of job (KB)
...
006 (2118554.008.000) 06/08 02:35:57 Image size of job updated: 883304
	280  -  MemoryUsage of job (MB)
	285936  -  ResidentSetSize of job (KB)
...
006 (2118554.008.000) 06/08 02:40:57 Image size of job updated: 883304
	280  -  MemoryUsage of job (MB)
	285940  -  ResidentSetSize of job (KB)
...
006 (2118554.008.000) 06/08 03:06:00 Image size of job updated: 883304
	280  -  MemoryUsage of job (MB)
	285944  -  ResidentSetSize of job (KB)
...
006 (2118554.008.000) 06/08 04:16:07 Image size of job updated: 883304
	287  -  MemoryUsage of job (MB)
	293332  -  ResidentSetSize of job (KB)
...
006 (2118554.008.000) 06/08 04:51:11 Image size of job updated: 883304
	287  -  MemoryUsage of job (MB)
	293340  -  ResidentSetSize of job (KB)
...
006 (2118554.008.000) 06/08 04:56:12 Image size of job updated: 883304
	287  -  MemoryUsage of job (MB)
	293344  -  ResidentSetSize of job (KB)
...
006 (2118554.008.000) 06/08 06:21:23 Image size of job updated: 883304
	295  -  MemoryUsage of job (MB)
	301104  -  ResidentSetSize of job (KB)
...
006 (2118554.008.000) 06/08 06:26:24 Image size of job updated: 883304
	295  -  MemoryUsage of job (MB)
	301108  -  ResidentSetSize of job (KB)
...
006 (2118554.008.000) 06/08 07:06:29 Image size of job updated: 883304
	295  -  MemoryUsage of job (MB)
	301116  -  ResidentSetSize of job (KB)
...
006 (2118554.008.000) 06/08 07:51:35 Image size of job updated: 883304
	306  -  MemoryUsage of job (MB)
	312684  -  ResidentSetSize of job (KB)
...
006 (2118554.008.000) 06/08 07:56:37 Image size of job updated: 883304
	306  -  MemoryUsage of job (MB)
	312704  -  ResidentSetSize of job (KB)
...
006 (2118554.008.000) 06/08 08:01:37 Image size of job updated: 883304
	306  -  MemoryUsage of job (MB)
	312724  -  ResidentSetSize of job (KB)
...
004 (2118554.008.000) 06/08 08:36:45 Job was evicted.
	(0) Job was not checkpointed.
		Usr 0 08:35:46, Sys 0 00:00:06  -  Run Remote Usage
		Usr 0 00:00:00, Sys 0 00:00:00  -  Run Local Usage
	0  -  Run Bytes Sent By Job
	229  -  Run Bytes Received By Job
	Partitionable Resources :    Usage  Request Allocated
	   Cpus                 :                 1         1
	   Disk (KB)            :       11  2048000   2434712
	   Memory (MB)          :      306     2000      2000
...
009 (2118554.008.000) 06/08 08:36:46 Job was aborted by the user.
	via condor_rm (by user choij)
...
