000 (2118554.022.000) 06/08 00:00:14 Job submitted from host: <172.30.1.200:9618?addrs=172.30.1.200-9618+[--1]-9618&noUDP&sock=203143_c79e_3>
...
001 (2118554.022.000) 06/08 00:00:35 Job executing on host: <172.30.1.205:9618?addrs=172.30.1.205-9618+[--1]-9618&noUDP&sock=31577_c625_3>
...
006 (2118554.022.000) 06/08 00:00:43 Image size of job updated: 179312
	10  -  MemoryUsage of job (MB)
	10160  -  ResidentSetSize of job (KB)
...
006 (2118554.022.000) 06/08 00:05:43 Image size of job updated: 887252
	260  -  MemoryUsage of job (MB)
	266128  -  ResidentSetSize of job (KB)
...
006 (2118554.022.000) 06/08 00:10:43 Image size of job updated: 887252
	260  -  MemoryUsage of job (MB)
	266224  -  ResidentSetSize of job (KB)
...
006 (2118554.022.000) 06/08 00:15:44 Image size of job updated: 887384
	261  -  MemoryUsage of job (MB)
	266324  -  ResidentSetSize of job (KB)
...
006 (2118554.022.000) 06/08 00:20:44 Image size of job updated: 887516
	261  -  MemoryUsage of job (MB)
	266420  -  ResidentSetSize of job (KB)
...
006 (2118554.022.000) 06/08 00:30:45 Image size of job updated: 887516
	267  -  MemoryUsage of job (MB)
	273272  -  ResidentSetSize of job (KB)
...
006 (2118554.022.000) 06/08 00:45:47 Image size of job updated: 887516
	267  -  MemoryUsage of job (MB)
	273364  -  ResidentSetSize of job (KB)
...
006 (2118554.022.000) 06/08 00:55:48 Image size of job updated: 887516
	267  -  MemoryUsage of job (MB)
	273408  -  ResidentSetSize of job (KB)
...
006 (2118554.022.000) 06/08 01:30:51 Image size of job updated: 887516
	269  -  MemoryUsage of job (MB)
	275240  -  ResidentSetSize of job (KB)
...
006 (2118554.022.000) 06/08 01:35:52 Image size of job updated: 887516
	276  -  MemoryUsage of job (MB)
	281672  -  ResidentSetSize of job (KB)
...
006 (2118554.022.000) 06/08 01:40:53 Image size of job updated: 887516
	276  -  MemoryUsage of job (MB)
	281944  -  ResidentSetSize of job (KB)
...
006 (2118554.022.000) 06/08 01:45:53 Image size of job updated: 887516
	276  -  MemoryUsage of job (MB)
	282032  -  ResidentSetSize of job (KB)
...
006 (2118554.022.000) 06/08 01:50:54 Image size of job updated: 887516
	276  -  MemoryUsage of job (MB)
	282124  -  ResidentSetSize of job (KB)
...
006 (2118554.022.000) 06/08 01:55:55 Image size of job updated: 887516
	276  -  MemoryUsage of job (MB)
	282132  -  ResidentSetSize of job (KB)
...
006 (2118554.022.000) 06/08 02:05:55 Image size of job updated: 887516
	276  -  MemoryUsage of job (MB)
	282172  -  ResidentSetSize of job (KB)
...
006 (2118554.022.000) 06/08 02:15:57 Image size of job updated: 887516
	276  -  MemoryUsage of job (MB)
	282228  -  ResidentSetSize of job (KB)
...
006 (2118554.022.000) 06/08 02:51:00 Image size of job updated: 887516
	278  -  MemoryUsage of job (MB)
	284148  -  ResidentSetSize of job (KB)
...
006 (2118554.022.000) 06/08 03:01:01 Image size of job updated: 887516
	278  -  MemoryUsage of job (MB)
	284160  -  ResidentSetSize of job (KB)
...
006 (2118554.022.000) 06/08 03:21:04 Image size of job updated: 887516
	278  -  MemoryUsage of job (MB)
	284172  -  ResidentSetSize of job (KB)
...
006 (2118554.022.000) 06/08 03:31:04 Image size of job updated: 887516
	278  -  MemoryUsage of job (MB)
	284176  -  ResidentSetSize of job (KB)
...
006 (2118554.022.000) 06/08 04:06:07 Image size of job updated: 887516
	292  -  MemoryUsage of job (MB)
	298484  -  ResidentSetSize of job (KB)
...
006 (2118554.022.000) 06/08 04:11:08 Image size of job updated: 887516
	292  -  MemoryUsage of job (MB)
	298512  -  ResidentSetSize of job (KB)
...
006 (2118554.022.000) 06/08 04:16:08 Image size of job updated: 887516
	292  -  MemoryUsage of job (MB)
	298520  -  ResidentSetSize of job (KB)
...
006 (2118554.022.000) 06/08 04:26:10 Image size of job updated: 887516
	292  -  MemoryUsage of job (MB)
	298524  -  ResidentSetSize of job (KB)
...
006 (2118554.022.000) 06/08 04:41:11 Image size of job updated: 887516
	292  -  MemoryUsage of job (MB)
	298532  -  ResidentSetSize of job (KB)
...
006 (2118554.022.000) 06/08 04:46:11 Image size of job updated: 887516
	292  -  MemoryUsage of job (MB)
	298536  -  ResidentSetSize of job (KB)
...
006 (2118554.022.000) 06/08 04:56:12 Image size of job updated: 887516
	292  -  MemoryUsage of job (MB)
	298540  -  ResidentSetSize of job (KB)
...
006 (2118554.022.000) 06/08 05:51:19 Image size of job updated: 887516
	311  -  MemoryUsage of job (MB)
	318068  -  ResidentSetSize of job (KB)
...
006 (2118554.022.000) 06/08 05:56:20 Image size of job updated: 887516
	311  -  MemoryUsage of job (MB)
	318108  -  ResidentSetSize of job (KB)
...
006 (2118554.022.000) 06/08 06:01:21 Image size of job updated: 887516
	311  -  MemoryUsage of job (MB)
	318120  -  ResidentSetSize of job (KB)
...
006 (2118554.022.000) 06/08 06:06:21 Image size of job updated: 887516
	311  -  MemoryUsage of job (MB)
	318140  -  ResidentSetSize of job (KB)
...
006 (2118554.022.000) 06/08 06:11:22 Image size of job updated: 887516
	311  -  MemoryUsage of job (MB)
	318156  -  ResidentSetSize of job (KB)
...
006 (2118554.022.000) 06/08 06:16:23 Image size of job updated: 887516
	311  -  MemoryUsage of job (MB)
	318172  -  ResidentSetSize of job (KB)
...
006 (2118554.022.000) 06/08 06:21:23 Image size of job updated: 887516
	311  -  MemoryUsage of job (MB)
	318184  -  ResidentSetSize of job (KB)
...
006 (2118554.022.000) 06/08 06:26:25 Image size of job updated: 887516
	311  -  MemoryUsage of job (MB)
	318200  -  ResidentSetSize of job (KB)
...
006 (2118554.022.000) 06/08 06:31:25 Image size of job updated: 887516
	311  -  MemoryUsage of job (MB)
	318216  -  ResidentSetSize of job (KB)
...
006 (2118554.022.000) 06/08 06:36:25 Image size of job updated: 887516
	311  -  MemoryUsage of job (MB)
	318228  -  ResidentSetSize of job (KB)
...
006 (2118554.022.000) 06/08 06:41:27 Image size of job updated: 887516
	311  -  MemoryUsage of job (MB)
	318236  -  ResidentSetSize of job (KB)
...
006 (2118554.022.000) 06/08 06:46:27 Image size of job updated: 887516
	311  -  MemoryUsage of job (MB)
	318256  -  ResidentSetSize of job (KB)
...
006 (2118554.022.000) 06/08 06:51:27 Image size of job updated: 887516
	311  -  MemoryUsage of job (MB)
	318260  -  ResidentSetSize of job (KB)
...
006 (2118554.022.000) 06/08 08:01:35 Image size of job updated: 887516
	320  -  MemoryUsage of job (MB)
	327088  -  ResidentSetSize of job (KB)
...
004 (2118554.022.000) 06/08 08:36:45 Job was evicted.
	(0) Job was not checkpointed.
		Usr 0 08:35:40, Sys 0 00:00:07  -  Run Remote Usage
		Usr 0 00:00:00, Sys 0 00:00:00  -  Run Local Usage
	0  -  Run Bytes Sent By Job
	229  -  Run Bytes Received By Job
	Partitionable Resources :    Usage  Request Allocated
	   Cpus                 :                 1         1
	   Disk (KB)            :       11  2048000   2434712
	   Memory (MB)          :      320     2000      2000
...
009 (2118554.022.000) 06/08 08:36:46 Job was aborted by the user.
	via condor_rm (by user choij)
...
