000 (2118554.025.000) 06/08 00:00:14 Job submitted from host: <172.30.1.200:9618?addrs=172.30.1.200-9618+[--1]-9618&noUDP&sock=203143_c79e_3>
...
001 (2118554.025.000) 06/08 00:00:35 Job executing on host: <172.30.1.205:9618?addrs=172.30.1.205-9618+[--1]-9618&noUDP&sock=31577_c625_3>
...
006 (2118554.025.000) 06/08 00:00:43 Image size of job updated: 180020
	9  -  MemoryUsage of job (MB)
	8540  -  ResidentSetSize of job (KB)
...
006 (2118554.025.000) 06/08 00:05:43 Image size of job updated: 887508
	261  -  MemoryUsage of job (MB)
	266396  -  ResidentSetSize of job (KB)
...
006 (2118554.025.000) 06/08 00:10:44 Image size of job updated: 887640
	261  -  MemoryUsage of job (MB)
	266496  -  ResidentSetSize of job (KB)
...
006 (2118554.025.000) 06/08 00:25:46 Image size of job updated: 887772
	261  -  MemoryUsage of job (MB)
	266660  -  ResidentSetSize of job (KB)
...
006 (2118554.025.000) 06/08 00:30:47 Image size of job updated: 887772
	267  -  MemoryUsage of job (MB)
	273244  -  ResidentSetSize of job (KB)
...
006 (2118554.025.000) 06/08 00:50:48 Image size of job updated: 887772
	267  -  MemoryUsage of job (MB)
	273352  -  ResidentSetSize of job (KB)
...
006 (2118554.025.000) 06/08 01:05:49 Image size of job updated: 887772
	268  -  MemoryUsage of job (MB)
	273524  -  ResidentSetSize of job (KB)
...
006 (2118554.025.000) 06/08 01:35:53 Image size of job updated: 887772
	268  -  MemoryUsage of job (MB)
	274144  -  ResidentSetSize of job (KB)
...
006 (2118554.025.000) 06/08 01:40:53 Image size of job updated: 887772
	274  -  MemoryUsage of job (MB)
	279596  -  ResidentSetSize of job (KB)
...
006 (2118554.025.000) 06/08 01:45:53 Image size of job updated: 887772
	275  -  MemoryUsage of job (MB)
	280760  -  ResidentSetSize of job (KB)
...
006 (2118554.025.000) 06/08 02:00:54 Image size of job updated: 887772
	275  -  MemoryUsage of job (MB)
	280764  -  ResidentSetSize of job (KB)
...
006 (2118554.025.000) 06/08 03:01:01 Image size of job updated: 887772
	277  -  MemoryUsage of job (MB)
	282656  -  ResidentSetSize of job (KB)
...
006 (2118554.025.000) 06/08 03:06:01 Image size of job updated: 887772
	277  -  MemoryUsage of job (MB)
	282768  -  ResidentSetSize of job (KB)
...
006 (2118554.025.000) 06/08 03:16:03 Image size of job updated: 887772
	277  -  MemoryUsage of job (MB)
	282840  -  ResidentSetSize of job (KB)
...
006 (2118554.025.000) 06/08 03:21:03 Image size of job updated: 887772
	277  -  MemoryUsage of job (MB)
	282932  -  ResidentSetSize of job (KB)
...
006 (2118554.025.000) 06/08 03:26:04 Image size of job updated: 887772
	277  -  MemoryUsage of job (MB)
	282940  -  ResidentSetSize of job (KB)
...
006 (2118554.025.000) 06/08 03:31:05 Image size of job updated: 887772
	277  -  MemoryUsage of job (MB)
	283036  -  ResidentSetSize of job (KB)
...
006 (2118554.025.000) 06/08 03:41:05 Image size of job updated: 887772
	277  -  MemoryUsage of job (MB)
	283264  -  ResidentSetSize of job (KB)
...
006 (2118554.025.000) 06/08 03:51:06 Image size of job updated: 887772
	277  -  MemoryUsage of job (MB)
	283272  -  ResidentSetSize of job (KB)
...
006 (2118554.025.000) 06/08 04:26:10 Image size of job updated: 887772
	284  -  MemoryUsage of job (MB)
	290080  -  ResidentSetSize of job (KB)
...
006 (2118554.025.000) 06/08 04:31:10 Image size of job updated: 887772
	284  -  MemoryUsage of job (MB)
	290184  -  ResidentSetSize of job (KB)
...
006 (2118554.025.000) 06/08 04:46:11 Image size of job updated: 887772
	284  -  MemoryUsage of job (MB)
	290352  -  ResidentSetSize of job (KB)
...
006 (2118554.025.000) 06/08 04:51:12 Image size of job updated: 887772
	284  -  MemoryUsage of job (MB)
	290356  -  ResidentSetSize of job (KB)
...
006 (2118554.025.000) 06/08 05:01:13 Image size of job updated: 887772
	284  -  MemoryUsage of job (MB)
	290460  -  ResidentSetSize of job (KB)
...
006 (2118554.025.000) 06/08 05:11:15 Image size of job updated: 887772
	284  -  MemoryUsage of job (MB)
	290696  -  ResidentSetSize of job (KB)
...
006 (2118554.025.000) 06/08 05:26:17 Image size of job updated: 887772
	284  -  MemoryUsage of job (MB)
	290704  -  ResidentSetSize of job (KB)
...
006 (2118554.025.000) 06/08 06:16:23 Image size of job updated: 887772
	301  -  MemoryUsage of job (MB)
	307984  -  ResidentSetSize of job (KB)
...
006 (2118554.025.000) 06/08 06:21:24 Image size of job updated: 887772
	302  -  MemoryUsage of job (MB)
	308824  -  ResidentSetSize of job (KB)
...
006 (2118554.025.000) 06/08 06:26:25 Image size of job updated: 887772
	303  -  MemoryUsage of job (MB)
	309272  -  ResidentSetSize of job (KB)
...
006 (2118554.025.000) 06/08 06:31:25 Image size of job updated: 887772
	303  -  MemoryUsage of job (MB)
	309284  -  ResidentSetSize of job (KB)
...
006 (2118554.025.000) 06/08 06:36:27 Image size of job updated: 887772
	303  -  MemoryUsage of job (MB)
	309296  -  ResidentSetSize of job (KB)
...
006 (2118554.025.000) 06/08 06:41:27 Image size of job updated: 887772
	303  -  MemoryUsage of job (MB)
	309312  -  ResidentSetSize of job (KB)
...
006 (2118554.025.000) 06/08 06:46:27 Image size of job updated: 887772
	303  -  MemoryUsage of job (MB)
	309396  -  ResidentSetSize of job (KB)
...
006 (2118554.025.000) 06/08 06:51:28 Image size of job updated: 887772
	303  -  MemoryUsage of job (MB)
	309416  -  ResidentSetSize of job (KB)
...
006 (2118554.025.000) 06/08 06:56:29 Image size of job updated: 887772
	303  -  MemoryUsage of job (MB)
	309428  -  ResidentSetSize of job (KB)
...
006 (2118554.025.000) 06/08 07:01:29 Image size of job updated: 887772
	303  -  MemoryUsage of job (MB)
	309508  -  ResidentSetSize of job (KB)
...
006 (2118554.025.000) 06/08 07:06:31 Image size of job updated: 887772
	303  -  MemoryUsage of job (MB)
	309528  -  ResidentSetSize of job (KB)
...
006 (2118554.025.000) 06/08 07:11:31 Image size of job updated: 887772
	303  -  MemoryUsage of job (MB)
	309556  -  ResidentSetSize of job (KB)
...
006 (2118554.025.000) 06/08 07:16:31 Image size of job updated: 887772
	303  -  MemoryUsage of job (MB)
	309696  -  ResidentSetSize of job (KB)
...
006 (2118554.025.000) 06/08 07:31:33 Image size of job updated: 887772
	303  -  MemoryUsage of job (MB)
	309704  -  ResidentSetSize of job (KB)
...
006 (2118554.025.000) 06/08 07:36:35 Image size of job updated: 887772
	303  -  MemoryUsage of job (MB)
	309708  -  ResidentSetSize of job (KB)
...
006 (2118554.025.000) 06/08 07:41:35 Image size of job updated: 887772
	303  -  MemoryUsage of job (MB)
	309720  -  ResidentSetSize of job (KB)
...
006 (2118554.025.000) 06/08 07:46:35 Image size of job updated: 887772
	303  -  MemoryUsage of job (MB)
	309728  -  ResidentSetSize of job (KB)
...
006 (2118554.025.000) 06/08 07:51:37 Image size of job updated: 887772
	303  -  MemoryUsage of job (MB)
	309740  -  ResidentSetSize of job (KB)
...
006 (2118554.025.000) 06/08 07:56:37 Image size of job updated: 887772
	303  -  MemoryUsage of job (MB)
	309752  -  ResidentSetSize of job (KB)
...
006 (2118554.025.000) 06/08 08:01:37 Image size of job updated: 887772
	303  -  MemoryUsage of job (MB)
	309764  -  ResidentSetSize of job (KB)
...
004 (2118554.025.000) 06/08 08:36:45 Job was evicted.
	(0) Job was not checkpointed.
		Usr 0 08:35:44, Sys 0 00:00:07  -  Run Remote Usage
		Usr 0 00:00:00, Sys 0 00:00:00  -  Run Local Usage
	0  -  Run Bytes Sent By Job
	229  -  Run Bytes Received By Job
	Partitionable Resources :    Usage  Request Allocated
	   Cpus                 :                 1         1
	   Disk (KB)            :       11  2048000   2434712
	   Memory (MB)          :      303     2000      2000
...
009 (2118554.025.000) 06/08 08:36:46 Job was aborted by the user.
	via condor_rm (by user choij)
...
