000 (2118554.035.000) 06/08 00:00:14 Job submitted from host: <172.30.1.200:9618?addrs=172.30.1.200-9618+[--1]-9618&noUDP&sock=203143_c79e_3>
...
001 (2118554.035.000) 06/08 00:00:33 Job executing on host: <172.30.1.207:9618?addrs=172.30.1.207-9618+[--1]-9618&noUDP&sock=6818_28cd_3>
...
006 (2118554.035.000) 06/08 00:00:41 Image size of job updated: 392032
	62  -  MemoryUsage of job (MB)
	62912  -  ResidentSetSize of job (KB)
...
006 (2118554.035.000) 06/08 00:05:41 Image size of job updated: 887248
	260  -  MemoryUsage of job (MB)
	266072  -  ResidentSetSize of job (KB)
...
006 (2118554.035.000) 06/08 00:10:41 Image size of job updated: 887248
	260  -  MemoryUsage of job (MB)
	266104  -  ResidentSetSize of job (KB)
...
006 (2118554.035.000) 06/08 00:20:42 Image size of job updated: 887380
	260  -  MemoryUsage of job (MB)
	266204  -  ResidentSetSize of job (KB)
...
006 (2118554.035.000) 06/08 00:25:42 Image size of job updated: 887380
	267  -  MemoryUsage of job (MB)
	272816  -  ResidentSetSize of job (KB)
...
006 (2118554.035.000) 06/08 00:30:43 Image size of job updated: 887380
	267  -  MemoryUsage of job (MB)
	272908  -  ResidentSetSize of job (KB)
...
006 (2118554.035.000) 06/08 00:45:45 Image size of job updated: 887380
	267  -  MemoryUsage of job (MB)
	273336  -  ResidentSetSize of job (KB)
...
006 (2118554.035.000) 06/08 00:55:46 Image size of job updated: 887380
	268  -  MemoryUsage of job (MB)
	273424  -  ResidentSetSize of job (KB)
...
006 (2118554.035.000) 06/08 01:00:46 Image size of job updated: 887380
	268  -  MemoryUsage of job (MB)
	273428  -  ResidentSetSize of job (KB)
...
006 (2118554.035.000) 06/08 01:25:48 Image size of job updated: 887380
	268  -  MemoryUsage of job (MB)
	273448  -  ResidentSetSize of job (KB)
...
006 (2118554.035.000) 06/08 01:35:49 Image size of job updated: 887380
	268  -  MemoryUsage of job (MB)
	274068  -  ResidentSetSize of job (KB)
...
006 (2118554.035.000) 06/08 01:50:51 Image size of job updated: 887380
	274  -  MemoryUsage of job (MB)
	280336  -  ResidentSetSize of job (KB)
...
006 (2118554.035.000) 06/08 02:30:54 Image size of job updated: 887380
	274  -  MemoryUsage of job (MB)
	280348  -  ResidentSetSize of job (KB)
...
006 (2118554.035.000) 06/08 02:50:56 Image size of job updated: 887380
	274  -  MemoryUsage of job (MB)
	280356  -  ResidentSetSize of job (KB)
...
006 (2118554.035.000) 06/08 03:10:58 Image size of job updated: 887380
	277  -  MemoryUsage of job (MB)
	283184  -  ResidentSetSize of job (KB)
...
006 (2118554.035.000) 06/08 03:15:59 Image size of job updated: 887380
	277  -  MemoryUsage of job (MB)
	283216  -  ResidentSetSize of job (KB)
...
006 (2118554.035.000) 06/08 03:20:59 Image size of job updated: 887380
	277  -  MemoryUsage of job (MB)
	283320  -  ResidentSetSize of job (KB)
...
006 (2118554.035.000) 06/08 03:25:59 Image size of job updated: 887380
	277  -  MemoryUsage of job (MB)
	283420  -  ResidentSetSize of job (KB)
...
006 (2118554.035.000) 06/08 03:31:00 Image size of job updated: 887380
	277  -  MemoryUsage of job (MB)
	283608  -  ResidentSetSize of job (KB)
...
006 (2118554.035.000) 06/08 03:36:01 Image size of job updated: 887380
	278  -  MemoryUsage of job (MB)
	284232  -  ResidentSetSize of job (KB)
...
006 (2118554.035.000) 06/08 03:46:02 Image size of job updated: 887380
	278  -  MemoryUsage of job (MB)
	284448  -  ResidentSetSize of job (KB)
...
006 (2118554.035.000) 06/08 04:06:04 Image size of job updated: 887380
	278  -  MemoryUsage of job (MB)
	284540  -  ResidentSetSize of job (KB)
...
006 (2118554.035.000) 06/08 04:11:05 Image size of job updated: 887380
	278  -  MemoryUsage of job (MB)
	284544  -  ResidentSetSize of job (KB)
...
006 (2118554.035.000) 06/08 04:21:06 Image size of job updated: 887380
	285  -  MemoryUsage of job (MB)
	291016  -  ResidentSetSize of job (KB)
...
006 (2118554.035.000) 06/08 04:26:07 Image size of job updated: 887380
	285  -  MemoryUsage of job (MB)
	291048  -  ResidentSetSize of job (KB)
...
006 (2118554.035.000) 06/08 04:36:07 Image size of job updated: 887380
	285  -  MemoryUsage of job (MB)
	291156  -  ResidentSetSize of job (KB)
...
006 (2118554.035.000) 06/08 04:41:08 Image size of job updated: 887380
	285  -  MemoryUsage of job (MB)
	291404  -  ResidentSetSize of job (KB)
...
006 (2118554.035.000) 06/08 04:46:08 Image size of job updated: 887380
	285  -  MemoryUsage of job (MB)
	291456  -  ResidentSetSize of job (KB)
...
006 (2118554.035.000) 06/08 04:51:08 Image size of job updated: 887380
	286  -  MemoryUsage of job (MB)
	292068  -  ResidentSetSize of job (KB)
...
006 (2118554.035.000) 06/08 05:01:10 Image size of job updated: 887380
	286  -  MemoryUsage of job (MB)
	292268  -  ResidentSetSize of job (KB)
...
006 (2118554.035.000) 06/08 05:06:10 Image size of job updated: 887380
	286  -  MemoryUsage of job (MB)
	292276  -  ResidentSetSize of job (KB)
...
006 (2118554.035.000) 06/08 05:26:13 Image size of job updated: 887380
	286  -  MemoryUsage of job (MB)
	292376  -  ResidentSetSize of job (KB)
...
006 (2118554.035.000) 06/08 05:36:14 Image size of job updated: 887380
	286  -  MemoryUsage of job (MB)
	292380  -  ResidentSetSize of job (KB)
...
006 (2118554.035.000) 06/08 05:56:17 Image size of job updated: 887380
	302  -  MemoryUsage of job (MB)
	309216  -  ResidentSetSize of job (KB)
...
006 (2118554.035.000) 06/08 06:01:18 Image size of job updated: 887380
	303  -  MemoryUsage of job (MB)
	310168  -  ResidentSetSize of job (KB)
...
006 (2118554.035.000) 06/08 06:06:18 Image size of job updated: 887380
	303  -  MemoryUsage of job (MB)
	310224  -  ResidentSetSize of job (KB)
...
006 (2118554.035.000) 06/08 06:11:19 Image size of job updated: 887380
	303  -  MemoryUsage of job (MB)
	310244  -  ResidentSetSize of job (KB)
...
006 (2118554.035.000) 06/08 06:16:20 Image size of job updated: 887380
	303  -  MemoryUsage of job (MB)
	310264  -  ResidentSetSize of job (KB)
...
006 (2118554.035.000) 06/08 06:21:20 Image size of job updated: 887380
	304  -  MemoryUsage of job (MB)
	310392  -  ResidentSetSize of job (KB)
...
006 (2118554.035.000) 06/08 06:26:21 Image size of job updated: 887380
	304  -  MemoryUsage of job (MB)
	310424  -  ResidentSetSize of job (KB)
...
006 (2118554.035.000) 06/08 06:31:22 Image size of job updated: 887380
	304  -  MemoryUsage of job (MB)
	310548  -  ResidentSetSize of job (KB)
...
006 (2118554.035.000) 06/08 06:36:22 Image size of job updated: 887380
	304  -  MemoryUsage of job (MB)
	310720  -  ResidentSetSize of job (KB)
...
006 (2118554.035.000) 06/08 06:41:23 Image size of job updated: 887380
	304  -  MemoryUsage of job (MB)
	310736  -  ResidentSetSize of job (KB)
...
006 (2118554.035.000) 06/08 06:46:24 Image size of job updated: 887380
	304  -  MemoryUsage of job (MB)
	310812  -  ResidentSetSize of job (KB)
...
006 (2118554.035.000) 06/08 06:51:24 Image size of job updated: 887380
	305  -  MemoryUsage of job (MB)
	311452  -  ResidentSetSize of job (KB)
...
006 (2118554.035.000) 06/08 06:56:25 Image size of job updated: 887380
	305  -  MemoryUsage of job (MB)
	311476  -  ResidentSetSize of job (KB)
...
006 (2118554.035.000) 06/08 07:01:26 Image size of job updated: 887380
	305  -  MemoryUsage of job (MB)
	311588  -  ResidentSetSize of job (KB)
...
006 (2118554.035.000) 06/08 07:06:26 Image size of job updated: 887380
	305  -  MemoryUsage of job (MB)
	311596  -  ResidentSetSize of job (KB)
...
006 (2118554.035.000) 06/08 07:26:30 Image size of job updated: 887380
	305  -  MemoryUsage of job (MB)
	311608  -  ResidentSetSize of job (KB)
...
006 (2118554.035.000) 06/08 07:31:30 Image size of job updated: 887380
	305  -  MemoryUsage of job (MB)
	311624  -  ResidentSetSize of job (KB)
...
006 (2118554.035.000) 06/08 07:36:30 Image size of job updated: 887380
	305  -  MemoryUsage of job (MB)
	311732  -  ResidentSetSize of job (KB)
...
006 (2118554.035.000) 06/08 07:41:32 Image size of job updated: 887380
	305  -  MemoryUsage of job (MB)
	311748  -  ResidentSetSize of job (KB)
...
006 (2118554.035.000) 06/08 07:46:32 Image size of job updated: 887380
	305  -  MemoryUsage of job (MB)
	311760  -  ResidentSetSize of job (KB)
...
006 (2118554.035.000) 06/08 07:51:32 Image size of job updated: 887380
	305  -  MemoryUsage of job (MB)
	311780  -  ResidentSetSize of job (KB)
...
006 (2118554.035.000) 06/08 07:56:34 Image size of job updated: 887380
	305  -  MemoryUsage of job (MB)
	311788  -  ResidentSetSize of job (KB)
...
004 (2118554.035.000) 06/08 08:36:45 Job was evicted.
	(0) Job was not checkpointed.
		Usr 0 08:35:51, Sys 0 00:00:06  -  Run Remote Usage
		Usr 0 00:00:00, Sys 0 00:00:00  -  Run Local Usage
	0  -  Run Bytes Sent By Job
	229  -  Run Bytes Received By Job
	Partitionable Resources :    Usage  Request Allocated
	   Cpus                 :                 1         1
	   Disk (KB)            :       11  2048000   2391884
	   Memory (MB)          :      305     2000      2000
...
009 (2118554.035.000) 06/08 08:36:45 Job was aborted by the user.
	via condor_rm (by user choij)
...
