000 (2118554.003.000) 06/08 00:00:14 Job submitted from host: <172.30.1.200:9618?addrs=172.30.1.200-9618+[--1]-9618&noUDP&sock=203143_c79e_3>
...
001 (2118554.003.000) 06/08 00:00:33 Job executing on host: <172.30.1.205:9618?addrs=172.30.1.205-9618+[--1]-9618&noUDP&sock=31577_c625_3>
...
006 (2118554.003.000) 06/08 00:00:42 Image size of job updated: 301240
	53  -  MemoryUsage of job (MB)
	53340  -  ResidentSetSize of job (KB)
...
006 (2118554.003.000) 06/08 00:05:43 Image size of job updated: 884724
	255  -  MemoryUsage of job (MB)
	260536  -  ResidentSetSize of job (KB)
...
006 (2118554.003.000) 06/08 00:10:43 Image size of job updated: 884988
	255  -  MemoryUsage of job (MB)
	260684  -  ResidentSetSize of job (KB)
...
006 (2118554.003.000) 06/08 00:15:43 Image size of job updated: 885252
	255  -  MemoryUsage of job (MB)
	261072  -  ResidentSetSize of job (KB)
...
006 (2118554.003.000) 06/08 00:20:44 Image size of job updated: 885516
	256  -  MemoryUsage of job (MB)
	261268  -  ResidentSetSize of job (KB)
...
006 (2118554.003.000) 06/08 00:35:46 Image size of job updated: 885516
	263  -  MemoryUsage of job (MB)
	269284  -  ResidentSetSize of job (KB)
...
006 (2118554.003.000) 06/08 00:55:48 Image size of job updated: 885516
	264  -  MemoryUsage of job (MB)
	269364  -  ResidentSetSize of job (KB)
...
006 (2118554.003.000) 06/08 01:10:50 Image size of job updated: 885516
	264  -  MemoryUsage of job (MB)
	269392  -  ResidentSetSize of job (KB)
...
006 (2118554.003.000) 06/08 01:20:50 Image size of job updated: 885516
	264  -  MemoryUsage of job (MB)
	269464  -  ResidentSetSize of job (KB)
...
006 (2118554.003.000) 06/08 02:00:56 Image size of job updated: 885516
	276  -  MemoryUsage of job (MB)
	282468  -  ResidentSetSize of job (KB)
...
006 (2118554.003.000) 06/08 02:25:57 Image size of job updated: 885516
	276  -  MemoryUsage of job (MB)
	282492  -  ResidentSetSize of job (KB)
...
006 (2118554.003.000) 06/08 02:40:59 Image size of job updated: 885516
	276  -  MemoryUsage of job (MB)
	282500  -  ResidentSetSize of job (KB)
...
006 (2118554.003.000) 06/08 03:01:01 Image size of job updated: 885516
	276  -  MemoryUsage of job (MB)
	282504  -  ResidentSetSize of job (KB)
...
006 (2118554.003.000) 06/08 03:31:04 Image size of job updated: 885516
	284  -  MemoryUsage of job (MB)
	289864  -  ResidentSetSize of job (KB)
...
006 (2118554.003.000) 06/08 03:36:05 Image size of job updated: 885516
	284  -  MemoryUsage of job (MB)
	289880  -  ResidentSetSize of job (KB)
...
006 (2118554.003.000) 06/08 03:41:06 Image size of job updated: 885516
	284  -  MemoryUsage of job (MB)
	289892  -  ResidentSetSize of job (KB)
...
006 (2118554.003.000) 06/08 03:46:06 Image size of job updated: 885516
	284  -  MemoryUsage of job (MB)
	289904  -  ResidentSetSize of job (KB)
...
006 (2118554.003.000) 06/08 04:16:09 Image size of job updated: 885516
	284  -  MemoryUsage of job (MB)
	289912  -  ResidentSetSize of job (KB)
...
006 (2118554.003.000) 06/08 04:41:11 Image size of job updated: 885516
	284  -  MemoryUsage of job (MB)
	289916  -  ResidentSetSize of job (KB)
...
006 (2118554.003.000) 06/08 05:21:16 Image size of job updated: 885516
	294  -  MemoryUsage of job (MB)
	300372  -  ResidentSetSize of job (KB)
...
006 (2118554.003.000) 06/08 05:26:16 Image size of job updated: 885516
	294  -  MemoryUsage of job (MB)
	300376  -  ResidentSetSize of job (KB)
...
006 (2118554.003.000) 06/08 05:31:17 Image size of job updated: 885516
	294  -  MemoryUsage of job (MB)
	300392  -  ResidentSetSize of job (KB)
...
006 (2118554.003.000) 06/08 05:36:18 Image size of job updated: 885516
	294  -  MemoryUsage of job (MB)
	300400  -  ResidentSetSize of job (KB)
...
006 (2118554.003.000) 06/08 05:46:19 Image size of job updated: 885516
	294  -  MemoryUsage of job (MB)
	300408  -  ResidentSetSize of job (KB)
...
006 (2118554.003.000) 06/08 05:56:20 Image size of job updated: 885516
	294  -  MemoryUsage of job (MB)
	300412  -  ResidentSetSize of job (KB)
...
006 (2118554.003.000) 06/08 06:31:25 Image size of job updated: 885516
	294  -  MemoryUsage of job (MB)
	300416  -  ResidentSetSize of job (KB)
...
006 (2118554.003.000) 06/08 07:06:30 Image size of job updated: 885516
	294  -  MemoryUsage of job (MB)
	300420  -  ResidentSetSize of job (KB)
...
006 (2118554.003.000) 06/08 07:56:35 Image size of job updated: 885516
	306  -  MemoryUsage of job (MB)
	313320  -  ResidentSetSize of job (KB)
...
006 (2118554.003.000) 06/08 08:01:36 Image size of job updated: 885516
	307  -  MemoryUsage of job (MB)
	313580  -  ResidentSetSize of job (KB)
...
004 (2118554.003.000) 06/08 08:36:45 Job was evicted.
	(0) Job was not checkpointed.
		Usr 0 08:35:49, Sys 0 00:00:06  -  Run Remote Usage
		Usr 0 00:00:00, Sys 0 00:00:00  -  Run Local Usage
	0  -  Run Bytes Sent By Job
	229  -  Run Bytes Received By Job
	Partitionable Resources :    Usage  Request Allocated
	   Cpus                 :                 1         1
	   Disk (KB)            :       11  2048000   2434712
	   Memory (MB)          :      307     2000      2000
...
009 (2118554.003.000) 06/08 08:36:46 Job was aborted by the user.
	via condor_rm (by user choij)
...
