000 (2118554.012.000) 06/08 00:00:14 Job submitted from host: <172.30.1.200:9618?addrs=172.30.1.200-9618+[--1]-9618&noUDP&sock=203143_c79e_3>
...
001 (2118554.012.000) 06/08 00:00:34 Job executing on host: <172.30.1.205:9618?addrs=172.30.1.205-9618+[--1]-9618&noUDP&sock=31577_c625_3>
...
006 (2118554.012.000) 06/08 00:00:42 Image size of job updated: 204828
	26  -  MemoryUsage of job (MB)
	26304  -  ResidentSetSize of job (KB)
...
006 (2118554.012.000) 06/08 00:05:42 Image size of job updated: 884440
	260  -  MemoryUsage of job (MB)
	265440  -  ResidentSetSize of job (KB)
...
006 (2118554.012.000) 06/08 00:10:43 Image size of job updated: 884440
	260  -  MemoryUsage of job (MB)
	265632  -  ResidentSetSize of job (KB)
...
006 (2118554.012.000) 06/08 00:15:44 Image size of job updated: 884440
	260  -  MemoryUsage of job (MB)
	265916  -  ResidentSetSize of job (KB)
...
006 (2118554.012.000) 06/08 00:20:44 Image size of job updated: 884440
	260  -  MemoryUsage of job (MB)
	266212  -  ResidentSetSize of job (KB)
...
006 (2118554.012.000) 06/08 00:25:45 Image size of job updated: 884440
	261  -  MemoryUsage of job (MB)
	266308  -  ResidentSetSize of job (KB)
...
006 (2118554.012.000) 06/08 01:05:48 Image size of job updated: 884440
	267  -  MemoryUsage of job (MB)
	273132  -  ResidentSetSize of job (KB)
...
006 (2118554.012.000) 06/08 01:40:52 Image size of job updated: 884440
	267  -  MemoryUsage of job (MB)
	273316  -  ResidentSetSize of job (KB)
...
006 (2118554.012.000) 06/08 01:50:53 Image size of job updated: 884440
	267  -  MemoryUsage of job (MB)
	273340  -  ResidentSetSize of job (KB)
...
006 (2118554.012.000) 06/08 02:00:53 Image size of job updated: 884440
	276  -  MemoryUsage of job (MB)
	281700  -  ResidentSetSize of job (KB)
...
006 (2118554.012.000) 06/08 02:50:58 Image size of job updated: 884440
	279  -  MemoryUsage of job (MB)
	285612  -  ResidentSetSize of job (KB)
...
006 (2118554.012.000) 06/08 03:31:04 Image size of job updated: 884440
	280  -  MemoryUsage of job (MB)
	285984  -  ResidentSetSize of job (KB)
...
006 (2118554.012.000) 06/08 03:41:04 Image size of job updated: 884440
	280  -  MemoryUsage of job (MB)
	285996  -  ResidentSetSize of job (KB)
...
006 (2118554.012.000) 06/08 03:46:05 Image size of job updated: 884440
	280  -  MemoryUsage of job (MB)
	286020  -  ResidentSetSize of job (KB)
...
006 (2118554.012.000) 06/08 03:56:05 Image size of job updated: 884440
	280  -  MemoryUsage of job (MB)
	286024  -  ResidentSetSize of job (KB)
...
006 (2118554.012.000) 06/08 04:01:06 Image size of job updated: 884440
	280  -  MemoryUsage of job (MB)
	286028  -  ResidentSetSize of job (KB)
...
006 (2118554.012.000) 06/08 04:16:07 Image size of job updated: 884440
	280  -  MemoryUsage of job (MB)
	286040  -  ResidentSetSize of job (KB)
...
006 (2118554.012.000) 06/08 04:31:08 Image size of job updated: 884440
	287  -  MemoryUsage of job (MB)
	293676  -  ResidentSetSize of job (KB)
...
006 (2118554.012.000) 06/08 05:11:14 Image size of job updated: 884440
	287  -  MemoryUsage of job (MB)
	293684  -  ResidentSetSize of job (KB)
...
006 (2118554.012.000) 06/08 05:21:14 Image size of job updated: 884440
	295  -  MemoryUsage of job (MB)
	301180  -  ResidentSetSize of job (KB)
...
006 (2118554.012.000) 06/08 05:26:15 Image size of job updated: 884440
	295  -  MemoryUsage of job (MB)
	301200  -  ResidentSetSize of job (KB)
...
006 (2118554.012.000) 06/08 05:36:15 Image size of job updated: 884440
	295  -  MemoryUsage of job (MB)
	301212  -  ResidentSetSize of job (KB)
...
006 (2118554.012.000) 06/08 05:46:16 Image size of job updated: 884440
	295  -  MemoryUsage of job (MB)
	301220  -  ResidentSetSize of job (KB)
...
006 (2118554.012.000) 06/08 05:51:16 Image size of job updated: 884440
	295  -  MemoryUsage of job (MB)
	301236  -  ResidentSetSize of job (KB)
...
006 (2118554.012.000) 06/08 06:06:18 Image size of job updated: 884440
	295  -  MemoryUsage of job (MB)
	301244  -  ResidentSetSize of job (KB)
...
006 (2118554.012.000) 06/08 07:06:26 Image size of job updated: 884440
	298  -  MemoryUsage of job (MB)
	304616  -  ResidentSetSize of job (KB)
...
006 (2118554.012.000) 06/08 08:21:36 Image size of job updated: 886016
	310  -  MemoryUsage of job (MB)
	316796  -  ResidentSetSize of job (KB)
...
006 (2118554.012.000) 06/08 08:26:37 Image size of job updated: 886016
	310  -  MemoryUsage of job (MB)
	316812  -  ResidentSetSize of job (KB)
...
006 (2118554.012.000) 06/08 08:31:37 Image size of job updated: 886016
	310  -  MemoryUsage of job (MB)
	316832  -  ResidentSetSize of job (KB)
...
006 (2118554.012.000) 06/08 08:36:39 Image size of job updated: 886016
	310  -  MemoryUsage of job (MB)
	316852  -  ResidentSetSize of job (KB)
...
004 (2118554.012.000) 06/08 08:36:45 Job was evicted.
	(0) Job was not checkpointed.
		Usr 0 08:35:48, Sys 0 00:00:07  -  Run Remote Usage
		Usr 0 00:00:00, Sys 0 00:00:00  -  Run Local Usage
	0  -  Run Bytes Sent By Job
	229  -  Run Bytes Received By Job
	Partitionable Resources :    Usage  Request Allocated
	   Cpus                 :                 1         1
	   Disk (KB)            :       11  2048000   2434712
	   Memory (MB)          :      310     2000      2000
...
009 (2118554.012.000) 06/08 08:36:46 Job was aborted by the user.
	via condor_rm (by user choij)
...
