000 (2118554.023.000) 06/08 00:00:14 Job submitted from host: <172.30.1.200:9618?addrs=172.30.1.200-9618+[--1]-9618&noUDP&sock=203143_c79e_3>
...
001 (2118554.023.000) 06/08 00:00:35 Job executing on host: <172.30.1.205:9618?addrs=172.30.1.205-9618+[--1]-9618&noUDP&sock=31577_c625_3>
...
006 (2118554.023.000) 06/08 00:00:43 Image size of job updated: 176936
	9  -  MemoryUsage of job (MB)
	8464  -  ResidentSetSize of job (KB)
...
006 (2118554.023.000) 06/08 00:05:43 Image size of job updated: 887356
	260  -  MemoryUsage of job (MB)
	266220  -  ResidentSetSize of job (KB)
...
006 (2118554.023.000) 06/08 00:15:45 Image size of job updated: 887884
	261  -  MemoryUsage of job (MB)
	266708  -  ResidentSetSize of job (KB)
...
006 (2118554.023.000) 06/08 00:20:45 Image size of job updated: 888016
	261  -  MemoryUsage of job (MB)
	266840  -  ResidentSetSize of job (KB)
...
006 (2118554.023.000) 06/08 00:35:46 Image size of job updated: 888016
	268  -  MemoryUsage of job (MB)
	273440  -  ResidentSetSize of job (KB)
...
006 (2118554.023.000) 06/08 01:05:50 Image size of job updated: 888016
	268  -  MemoryUsage of job (MB)
	273596  -  ResidentSetSize of job (KB)
...
006 (2118554.023.000) 06/08 01:15:50 Image size of job updated: 888016
	268  -  MemoryUsage of job (MB)
	273652  -  ResidentSetSize of job (KB)
...
006 (2118554.023.000) 06/08 01:40:54 Image size of job updated: 888016
	268  -  MemoryUsage of job (MB)
	274276  -  ResidentSetSize of job (KB)
...
006 (2118554.023.000) 06/08 01:45:54 Image size of job updated: 888016
	274  -  MemoryUsage of job (MB)
	279980  -  ResidentSetSize of job (KB)
...
006 (2118554.023.000) 06/08 01:50:54 Image size of job updated: 888016
	274  -  MemoryUsage of job (MB)
	280256  -  ResidentSetSize of job (KB)
...
006 (2118554.023.000) 06/08 01:55:55 Image size of job updated: 888016
	275  -  MemoryUsage of job (MB)
	280808  -  ResidentSetSize of job (KB)
...
006 (2118554.023.000) 06/08 02:00:55 Image size of job updated: 888016
	275  -  MemoryUsage of job (MB)
	280840  -  ResidentSetSize of job (KB)
...
006 (2118554.023.000) 06/08 03:06:02 Image size of job updated: 888016
	276  -  MemoryUsage of job (MB)
	282184  -  ResidentSetSize of job (KB)
...
006 (2118554.023.000) 06/08 03:11:02 Image size of job updated: 888016
	276  -  MemoryUsage of job (MB)
	282200  -  ResidentSetSize of job (KB)
...
006 (2118554.023.000) 06/08 03:16:03 Image size of job updated: 888016
	276  -  MemoryUsage of job (MB)
	282312  -  ResidentSetSize of job (KB)
...
006 (2118554.023.000) 06/08 03:21:04 Image size of job updated: 888016
	276  -  MemoryUsage of job (MB)
	282452  -  ResidentSetSize of job (KB)
...
006 (2118554.023.000) 06/08 03:31:04 Image size of job updated: 888016
	276  -  MemoryUsage of job (MB)
	282460  -  ResidentSetSize of job (KB)
...
006 (2118554.023.000) 06/08 03:56:08 Image size of job updated: 888016
	276  -  MemoryUsage of job (MB)
	282516  -  ResidentSetSize of job (KB)
...
006 (2118554.023.000) 06/08 04:01:08 Image size of job updated: 888016
	276  -  MemoryUsage of job (MB)
	282524  -  ResidentSetSize of job (KB)
...
006 (2118554.023.000) 06/08 04:06:08 Image size of job updated: 888016
	276  -  MemoryUsage of job (MB)
	282620  -  ResidentSetSize of job (KB)
...
006 (2118554.023.000) 06/08 04:26:11 Image size of job updated: 888016
	276  -  MemoryUsage of job (MB)
	282624  -  ResidentSetSize of job (KB)
...
006 (2118554.023.000) 06/08 04:36:11 Image size of job updated: 888016
	283  -  MemoryUsage of job (MB)
	289020  -  ResidentSetSize of job (KB)
...
006 (2118554.023.000) 06/08 04:46:13 Image size of job updated: 888016
	283  -  MemoryUsage of job (MB)
	289528  -  ResidentSetSize of job (KB)
...
006 (2118554.023.000) 06/08 04:51:13 Image size of job updated: 888016
	283  -  MemoryUsage of job (MB)
	289664  -  ResidentSetSize of job (KB)
...
006 (2118554.023.000) 06/08 05:01:15 Image size of job updated: 888016
	283  -  MemoryUsage of job (MB)
	289672  -  ResidentSetSize of job (KB)
...
006 (2118554.023.000) 06/08 05:31:17 Image size of job updated: 888016
	283  -  MemoryUsage of job (MB)
	289728  -  ResidentSetSize of job (KB)
...
006 (2118554.023.000) 06/08 05:36:17 Image size of job updated: 888016
	283  -  MemoryUsage of job (MB)
	289732  -  ResidentSetSize of job (KB)
...
006 (2118554.023.000) 06/08 05:41:17 Image size of job updated: 888016
	283  -  MemoryUsage of job (MB)
	289736  -  ResidentSetSize of job (KB)
...
006 (2118554.023.000) 06/08 05:51:18 Image size of job updated: 888016
	284  -  MemoryUsage of job (MB)
	289836  -  ResidentSetSize of job (KB)
...
006 (2118554.023.000) 06/08 06:26:22 Image size of job updated: 888016
	284  -  MemoryUsage of job (MB)
	289844  -  ResidentSetSize of job (KB)
...
006 (2118554.023.000) 06/08 06:36:23 Image size of job updated: 888016
	301  -  MemoryUsage of job (MB)
	307548  -  ResidentSetSize of job (KB)
...
006 (2118554.023.000) 06/08 06:41:24 Image size of job updated: 888016
	301  -  MemoryUsage of job (MB)
	307572  -  ResidentSetSize of job (KB)
...
006 (2118554.023.000) 06/08 06:46:25 Image size of job updated: 888016
	301  -  MemoryUsage of job (MB)
	307896  -  ResidentSetSize of job (KB)
...
006 (2118554.023.000) 06/08 06:51:25 Image size of job updated: 888016
	301  -  MemoryUsage of job (MB)
	308136  -  ResidentSetSize of job (KB)
...
006 (2118554.023.000) 06/08 06:56:26 Image size of job updated: 888016
	302  -  MemoryUsage of job (MB)
	308292  -  ResidentSetSize of job (KB)
...
006 (2118554.023.000) 06/08 07:01:27 Image size of job updated: 888016
	302  -  MemoryUsage of job (MB)
	308312  -  ResidentSetSize of job (KB)
...
006 (2118554.023.000) 06/08 07:06:27 Image size of job updated: 888016
	302  -  MemoryUsage of job (MB)
	308336  -  ResidentSetSize of job (KB)
...
006 (2118554.023.000) 06/08 07:11:28 Image size of job updated: 888016
	302  -  MemoryUsage of job (MB)
	308360  -  ResidentSetSize of job (KB)
...
006 (2118554.023.000) 06/08 07:16:29 Image size of job updated: 888016
	302  -  MemoryUsage of job (MB)
	308376  -  ResidentSetSize of job (KB)
...
006 (2118554.023.000) 06/08 07:21:29 Image size of job updated: 888016
	302  -  MemoryUsage of job (MB)
	308408  -  ResidentSetSize of job (KB)
...
006 (2118554.023.000) 06/08 07:26:30 Image size of job updated: 888016
	302  -  MemoryUsage of job (MB)
	308432  -  ResidentSetSize of job (KB)
...
006 (2118554.023.000) 06/08 07:31:31 Image size of job updated: 888016
	302  -  MemoryUsage of job (MB)
	308448  -  ResidentSetSize of job (KB)
...
006 (2118554.023.000) 06/08 07:36:31 Image size of job updated: 888016
	302  -  MemoryUsage of job (MB)
	308460  -  ResidentSetSize of job (KB)
...
006 (2118554.023.000) 06/08 07:46:33 Image size of job updated: 888016
	302  -  MemoryUsage of job (MB)
	308488  -  ResidentSetSize of job (KB)
...
006 (2118554.023.000) 06/08 07:56:34 Image size of job updated: 888016
	302  -  MemoryUsage of job (MB)
	308492  -  ResidentSetSize of job (KB)
...
004 (2118554.023.000) 06/08 08:36:45 Job was evicted.
	(0) Job was not checkpointed.
		Usr 0 08:35:47, Sys 0 00:00:08  -  Run Remote Usage
		Usr 0 00:00:00, Sys 0 00:00:00  -  Run Local Usage
	0  -  Run Bytes Sent By Job
	229  -  Run Bytes Received By Job
	Partitionable Resources :    Usage  Request Allocated
	   Cpus                 :                 1         1
	   Disk (KB)            :       11  2048000   2434712
	   Memory (MB)          :      302     2000      2000
...
009 (2118554.023.000) 06/08 08:36:45 Job was aborted by the user.
	via condor_rm (by user choij)
...
