000 (2118554.006.000) 06/08 00:00:14 Job submitted from host: <172.30.1.200:9618?addrs=172.30.1.200-9618+[--1]-9618&noUDP&sock=203143_c79e_3>
...
001 (2118554.006.000) 06/08 00:00:33 Job executing on host: <172.30.1.205:9618?addrs=172.30.1.205-9618+[--1]-9618&noUDP&sock=31577_c625_3>
...
006 (2118554.006.000) 06/08 00:00:42 Image size of job updated: 301240
	53  -  MemoryUsage of job (MB)
	53508  -  ResidentSetSize of job (KB)
...
006 (2118554.006.000) 06/08 00:05:43 Image size of job updated: 884968
	255  -  MemoryUsage of job (MB)
	260600  -  ResidentSetSize of job (KB)
...
006 (2118554.006.000) 06/08 00:10:43 Image size of job updated: 885496
	256  -  MemoryUsage of job (MB)
	261188  -  ResidentSetSize of job (KB)
...
006 (2118554.006.000) 06/08 00:25:45 Image size of job updated: 885496
	263  -  MemoryUsage of job (MB)
	269204  -  ResidentSetSize of job (KB)
...
006 (2118554.006.000) 06/08 00:35:47 Image size of job updated: 885496
	263  -  MemoryUsage of job (MB)
	269308  -  ResidentSetSize of job (KB)
...
006 (2118554.006.000) 06/08 00:55:48 Image size of job updated: 885496
	264  -  MemoryUsage of job (MB)
	269336  -  ResidentSetSize of job (KB)
...
006 (2118554.006.000) 06/08 01:55:55 Image size of job updated: 885496
	266  -  MemoryUsage of job (MB)
	271756  -  ResidentSetSize of job (KB)
...
006 (2118554.006.000) 06/08 02:00:55 Image size of job updated: 885496
	266  -  MemoryUsage of job (MB)
	272132  -  ResidentSetSize of job (KB)
...
006 (2118554.006.000) 06/08 02:15:57 Image size of job updated: 885496
	266  -  MemoryUsage of job (MB)
	272292  -  ResidentSetSize of job (KB)
...
006 (2118554.006.000) 06/08 02:35:59 Image size of job updated: 885496
	267  -  MemoryUsage of job (MB)
	272484  -  ResidentSetSize of job (KB)
...
006 (2118554.006.000) 06/08 03:21:04 Image size of job updated: 885496
	271  -  MemoryUsage of job (MB)
	276780  -  ResidentSetSize of job (KB)
...
006 (2118554.006.000) 06/08 03:26:04 Image size of job updated: 885496
	271  -  MemoryUsage of job (MB)
	277392  -  ResidentSetSize of job (KB)
...
006 (2118554.006.000) 06/08 03:41:05 Image size of job updated: 885496
	272  -  MemoryUsage of job (MB)
	277584  -  ResidentSetSize of job (KB)
...
006 (2118554.006.000) 06/08 03:46:05 Image size of job updated: 885496
	272  -  MemoryUsage of job (MB)
	277588  -  ResidentSetSize of job (KB)
...
006 (2118554.006.000) 06/08 03:51:06 Image size of job updated: 885496
	272  -  MemoryUsage of job (MB)
	277592  -  ResidentSetSize of job (KB)
...
006 (2118554.006.000) 06/08 04:11:08 Image size of job updated: 885496
	272  -  MemoryUsage of job (MB)
	277788  -  ResidentSetSize of job (KB)
...
006 (2118554.006.000) 06/08 05:01:14 Image size of job updated: 885496
	278  -  MemoryUsage of job (MB)
	284204  -  ResidentSetSize of job (KB)
...
006 (2118554.006.000) 06/08 05:06:14 Image size of job updated: 885496
	278  -  MemoryUsage of job (MB)
	284404  -  ResidentSetSize of job (KB)
...
006 (2118554.006.000) 06/08 05:11:14 Image size of job updated: 885496
	279  -  MemoryUsage of job (MB)
	284816  -  ResidentSetSize of job (KB)
...
006 (2118554.006.000) 06/08 05:26:15 Image size of job updated: 885496
	279  -  MemoryUsage of job (MB)
	285008  -  ResidentSetSize of job (KB)
...
006 (2118554.006.000) 06/08 05:36:16 Image size of job updated: 885496
	279  -  MemoryUsage of job (MB)
	285012  -  ResidentSetSize of job (KB)
...
006 (2118554.006.000) 06/08 05:41:16 Image size of job updated: 885496
	279  -  MemoryUsage of job (MB)
	285020  -  ResidentSetSize of job (KB)
...
006 (2118554.006.000) 06/08 06:11:18 Image size of job updated: 885496
	279  -  MemoryUsage of job (MB)
	285216  -  ResidentSetSize of job (KB)
...
006 (2118554.006.000) 06/08 07:36:29 Image size of job updated: 885496
	296  -  MemoryUsage of job (MB)
	302940  -  ResidentSetSize of job (KB)
...
006 (2118554.006.000) 06/08 07:41:30 Image size of job updated: 885496
	297  -  MemoryUsage of job (MB)
	303180  -  ResidentSetSize of job (KB)
...
006 (2118554.006.000) 06/08 07:46:31 Image size of job updated: 885496
	297  -  MemoryUsage of job (MB)
	303632  -  ResidentSetSize of job (KB)
...
006 (2118554.006.000) 06/08 07:51:31 Image size of job updated: 885496
	297  -  MemoryUsage of job (MB)
	303656  -  ResidentSetSize of job (KB)
...
006 (2118554.006.000) 06/08 07:56:32 Image size of job updated: 885496
	297  -  MemoryUsage of job (MB)
	303688  -  ResidentSetSize of job (KB)
...
006 (2118554.006.000) 06/08 08:01:33 Image size of job updated: 885496
	297  -  MemoryUsage of job (MB)
	303724  -  ResidentSetSize of job (KB)
...
004 (2118554.006.000) 06/08 08:36:45 Job was evicted.
	(0) Job was not checkpointed.
		Usr 0 08:35:40, Sys 0 00:00:08  -  Run Remote Usage
		Usr 0 00:00:00, Sys 0 00:00:00  -  Run Local Usage
	0  -  Run Bytes Sent By Job
	229  -  Run Bytes Received By Job
	Partitionable Resources :    Usage  Request Allocated
	   Cpus                 :                 1         1
	   Disk (KB)            :       11  2048000   2434712
	   Memory (MB)          :      297     2000      2000
...
009 (2118554.006.000) 06/08 08:36:46 Job was aborted by the user.
	via condor_rm (by user choij)
...
