000 (2118554.005.000) 06/08 00:00:14 Job submitted from host: <172.30.1.200:9618?addrs=172.30.1.200-9618+[--1]-9618&noUDP&sock=203143_c79e_3>
...
001 (2118554.005.000) 06/08 00:00:33 Job executing on host: <172.30.1.205:9618?addrs=172.30.1.205-9618+[--1]-9618&noUDP&sock=31577_c625_3>
...
006 (2118554.005.000) 06/08 00:00:42 Image size of job updated: 301240
	53  -  MemoryUsage of job (MB)
	53276  -  ResidentSetSize of job (KB)
...
006 (2118554.005.000) 06/08 00:05:43 Image size of job updated: 885232
	255  -  MemoryUsage of job (MB)
	261012  -  ResidentSetSize of job (KB)
...
006 (2118554.005.000) 06/08 00:15:44 Image size of job updated: 885628
	256  -  MemoryUsage of job (MB)
	261308  -  ResidentSetSize of job (KB)
...
006 (2118554.005.000) 06/08 01:10:49 Image size of job updated: 885628
	265  -  MemoryUsage of job (MB)
	270536  -  ResidentSetSize of job (KB)
...
006 (2118554.005.000) 06/08 01:15:49 Image size of job updated: 885628
	265  -  MemoryUsage of job (MB)
	270580  -  ResidentSetSize of job (KB)
...
006 (2118554.005.000) 06/08 01:40:52 Image size of job updated: 885628
	265  -  MemoryUsage of job (MB)
	270940  -  ResidentSetSize of job (KB)
...
006 (2118554.005.000) 06/08 01:50:53 Image size of job updated: 885628
	272  -  MemoryUsage of job (MB)
	278364  -  ResidentSetSize of job (KB)
...
006 (2118554.005.000) 06/08 01:55:54 Image size of job updated: 885628
	272  -  MemoryUsage of job (MB)
	278460  -  ResidentSetSize of job (KB)
...
006 (2118554.005.000) 06/08 02:00:55 Image size of job updated: 885628
	273  -  MemoryUsage of job (MB)
	278668  -  ResidentSetSize of job (KB)
...
006 (2118554.005.000) 06/08 02:05:55 Image size of job updated: 885628
	273  -  MemoryUsage of job (MB)
	279444  -  ResidentSetSize of job (KB)
...
006 (2118554.005.000) 06/08 02:10:55 Image size of job updated: 885628
	273  -  MemoryUsage of job (MB)
	279516  -  ResidentSetSize of job (KB)
...
006 (2118554.005.000) 06/08 03:16:01 Image size of job updated: 885628
	278  -  MemoryUsage of job (MB)
	284188  -  ResidentSetSize of job (KB)
...
006 (2118554.005.000) 06/08 03:26:03 Image size of job updated: 885628
	278  -  MemoryUsage of job (MB)
	284200  -  ResidentSetSize of job (KB)
...
006 (2118554.005.000) 06/08 03:36:04 Image size of job updated: 885628
	278  -  MemoryUsage of job (MB)
	284208  -  ResidentSetSize of job (KB)
...
006 (2118554.005.000) 06/08 04:16:09 Image size of job updated: 885628
	278  -  MemoryUsage of job (MB)
	284560  -  ResidentSetSize of job (KB)
...
006 (2118554.005.000) 06/08 04:51:12 Image size of job updated: 885628
	289  -  MemoryUsage of job (MB)
	295224  -  ResidentSetSize of job (KB)
...
006 (2118554.005.000) 06/08 04:56:12 Image size of job updated: 885628
	289  -  MemoryUsage of job (MB)
	295268  -  ResidentSetSize of job (KB)
...
006 (2118554.005.000) 06/08 05:01:13 Image size of job updated: 885628
	289  -  MemoryUsage of job (MB)
	295276  -  ResidentSetSize of job (KB)
...
006 (2118554.005.000) 06/08 05:06:14 Image size of job updated: 885628
	289  -  MemoryUsage of job (MB)
	295280  -  ResidentSetSize of job (KB)
...
006 (2118554.005.000) 06/08 07:21:32 Image size of job updated: 885628
	310  -  MemoryUsage of job (MB)
	317416  -  ResidentSetSize of job (KB)
...
006 (2118554.005.000) 06/08 07:26:32 Image size of job updated: 885628
	310  -  MemoryUsage of job (MB)
	317432  -  ResidentSetSize of job (KB)
...
006 (2118554.005.000) 06/08 07:31:34 Image size of job updated: 885628
	311  -  MemoryUsage of job (MB)
	317448  -  ResidentSetSize of job (KB)
...
006 (2118554.005.000) 06/08 07:36:34 Image size of job updated: 885628
	311  -  MemoryUsage of job (MB)
	317480  -  ResidentSetSize of job (KB)
...
006 (2118554.005.000) 06/08 07:41:34 Image size of job updated: 885628
	311  -  MemoryUsage of job (MB)
	317496  -  ResidentSetSize of job (KB)
...
006 (2118554.005.000) 06/08 07:46:36 Image size of job updated: 885628
	311  -  MemoryUsage of job (MB)
	317508  -  ResidentSetSize of job (KB)
...
004 (2118554.005.000) 06/08 08:36:45 Job was evicted.
	(0) Job was not checkpointed.
		Usr 0 08:35:37, Sys 0 00:00:12  -  Run Remote Usage
		Usr 0 00:00:00, Sys 0 00:00:00  -  Run Local Usage
	0  -  Run Bytes Sent By Job
	229  -  Run Bytes Received By Job
	Partitionable Resources :    Usage  Request Allocated
	   Cpus                 :                 1         1
	   Disk (KB)            :       11  2048000   2434712
	   Memory (MB)          :      311     2000      2000
...
009 (2118554.005.000) 06/08 08:36:46 Job was aborted by the user.
	via condor_rm (by user choij)
...
