000 (2118554.043.000) 06/08 00:00:14 Job submitted from host: <172.30.1.200:9618?addrs=172.30.1.200-9618+[--1]-9618&noUDP&sock=203143_c79e_3>
...
001 (2118554.043.000) 06/08 00:00:33 Job executing on host: <172.30.1.207:9618?addrs=172.30.1.207-9618+[--1]-9618&noUDP&sock=6818_28cd_3>
...
006 (2118554.043.000) 06/08 00:00:42 Image size of job updated: 392032
	62  -  MemoryUsage of job (MB)
	62744  -  ResidentSetSize of job (KB)
...
006 (2118554.043.000) 06/08 00:05:43 Image size of job updated: 887108
	260  -  MemoryUsage of job (MB)
	265960  -  ResidentSetSize of job (KB)
...
006 (2118554.043.000) 06/08 00:10:43 Image size of job updated: 887636
	261  -  MemoryUsage of job (MB)
	266576  -  ResidentSetSize of job (KB)
...
006 (2118554.043.000) 06/08 00:15:43 Image size of job updated: 887636
	267  -  MemoryUsage of job (MB)
	272724  -  ResidentSetSize of job (KB)
...
006 (2118554.043.000) 06/08 00:50:48 Image size of job updated: 887636
	267  -  MemoryUsage of job (MB)
	272916  -  ResidentSetSize of job (KB)
...
006 (2118554.043.000) 06/08 00:55:49 Image size of job updated: 887636
	267  -  MemoryUsage of job (MB)
	273008  -  ResidentSetSize of job (KB)
...
006 (2118554.043.000) 06/08 01:25:52 Image size of job updated: 887636
	268  -  MemoryUsage of job (MB)
	273632  -  ResidentSetSize of job (KB)
...
006 (2118554.043.000) 06/08 01:45:54 Image size of job updated: 887636
	272  -  MemoryUsage of job (MB)
	277980  -  ResidentSetSize of job (KB)
...
006 (2118554.043.000) 06/08 01:50:54 Image size of job updated: 887636
	274  -  MemoryUsage of job (MB)
	279632  -  ResidentSetSize of job (KB)
...
006 (2118554.043.000) 06/08 01:55:55 Image size of job updated: 887636
	274  -  MemoryUsage of job (MB)
	279680  -  ResidentSetSize of job (KB)
...
006 (2118554.043.000) 06/08 02:00:56 Image size of job updated: 887636
	274  -  MemoryUsage of job (MB)
	279784  -  ResidentSetSize of job (KB)
...
006 (2118554.043.000) 06/08 02:05:56 Image size of job updated: 887636
	274  -  MemoryUsage of job (MB)
	280024  -  ResidentSetSize of job (KB)
...
006 (2118554.043.000) 06/08 02:15:57 Image size of job updated: 887636
	274  -  MemoryUsage of job (MB)
	280076  -  ResidentSetSize of job (KB)
...
006 (2118554.043.000) 06/08 02:25:58 Image size of job updated: 887636
	274  -  MemoryUsage of job (MB)
	280200  -  ResidentSetSize of job (KB)
...
006 (2118554.043.000) 06/08 02:46:01 Image size of job updated: 887636
	274  -  MemoryUsage of job (MB)
	280204  -  ResidentSetSize of job (KB)
...
006 (2118554.043.000) 06/08 03:11:03 Image size of job updated: 887636
	276  -  MemoryUsage of job (MB)
	282240  -  ResidentSetSize of job (KB)
...
006 (2118554.043.000) 06/08 03:16:03 Image size of job updated: 887636
	276  -  MemoryUsage of job (MB)
	282364  -  ResidentSetSize of job (KB)
...
006 (2118554.043.000) 06/08 03:41:07 Image size of job updated: 887636
	276  -  MemoryUsage of job (MB)
	282504  -  ResidentSetSize of job (KB)
...
006 (2118554.043.000) 06/08 03:46:07 Image size of job updated: 887636
	276  -  MemoryUsage of job (MB)
	282608  -  ResidentSetSize of job (KB)
...
006 (2118554.043.000) 06/08 04:01:08 Image size of job updated: 887636
	276  -  MemoryUsage of job (MB)
	282612  -  ResidentSetSize of job (KB)
...
006 (2118554.043.000) 06/08 04:16:10 Image size of job updated: 887636
	281  -  MemoryUsage of job (MB)
	287072  -  ResidentSetSize of job (KB)
...
006 (2118554.043.000) 06/08 04:21:10 Image size of job updated: 887636
	283  -  MemoryUsage of job (MB)
	289056  -  ResidentSetSize of job (KB)
...
006 (2118554.043.000) 06/08 04:26:11 Image size of job updated: 887636
	283  -  MemoryUsage of job (MB)
	289616  -  ResidentSetSize of job (KB)
...
006 (2118554.043.000) 06/08 04:31:12 Image size of job updated: 887636
	283  -  MemoryUsage of job (MB)
	289624  -  ResidentSetSize of job (KB)
...
006 (2118554.043.000) 06/08 04:56:13 Image size of job updated: 887636
	283  -  MemoryUsage of job (MB)
	289772  -  ResidentSetSize of job (KB)
...
006 (2118554.043.000) 06/08 05:01:14 Image size of job updated: 887636
	284  -  MemoryUsage of job (MB)
	289872  -  ResidentSetSize of job (KB)
...
006 (2118554.043.000) 06/08 05:26:17 Image size of job updated: 887636
	284  -  MemoryUsage of job (MB)
	289880  -  ResidentSetSize of job (KB)
...
006 (2118554.043.000) 06/08 05:56:21 Image size of job updated: 887636
	301  -  MemoryUsage of job (MB)
	307228  -  ResidentSetSize of job (KB)
...
006 (2118554.043.000) 06/08 06:01:22 Image size of job updated: 887636
	301  -  MemoryUsage of job (MB)
	307768  -  ResidentSetSize of job (KB)
...
006 (2118554.043.000) 06/08 06:06:23 Image size of job updated: 887636
	302  -  MemoryUsage of job (MB)
	308244  -  ResidentSetSize of job (KB)
...
006 (2118554.043.000) 06/08 06:11:23 Image size of job updated: 887636
	302  -  MemoryUsage of job (MB)
	308276  -  ResidentSetSize of job (KB)
...
006 (2118554.043.000) 06/08 06:16:24 Image size of job updated: 887636
	302  -  MemoryUsage of job (MB)
	308300  -  ResidentSetSize of job (KB)
...
006 (2118554.043.000) 06/08 06:21:25 Image size of job updated: 887636
	302  -  MemoryUsage of job (MB)
	308332  -  ResidentSetSize of job (KB)
...
006 (2118554.043.000) 06/08 06:26:25 Image size of job updated: 887636
	302  -  MemoryUsage of job (MB)
	308356  -  ResidentSetSize of job (KB)
...
006 (2118554.043.000) 06/08 06:31:27 Image size of job updated: 887636
	302  -  MemoryUsage of job (MB)
	308388  -  ResidentSetSize of job (KB)
...
006 (2118554.043.000) 06/08 06:36:27 Image size of job updated: 887636
	302  -  MemoryUsage of job (MB)
	308412  -  ResidentSetSize of job (KB)
...
006 (2118554.043.000) 06/08 06:41:27 Image size of job updated: 887636
	302  -  MemoryUsage of job (MB)
	308436  -  ResidentSetSize of job (KB)
...
006 (2118554.043.000) 06/08 06:46:28 Image size of job updated: 887636
	302  -  MemoryUsage of job (MB)
	308460  -  ResidentSetSize of job (KB)
...
006 (2118554.043.000) 06/08 06:51:29 Image size of job updated: 887636
	302  -  MemoryUsage of job (MB)
	308484  -  ResidentSetSize of job (KB)
...
006 (2118554.043.000) 06/08 06:56:29 Image size of job updated: 887636
	302  -  MemoryUsage of job (MB)
	308504  -  ResidentSetSize of job (KB)
...
006 (2118554.043.000) 06/08 07:01:31 Image size of job updated: 887636
	302  -  MemoryUsage of job (MB)
	308604  -  ResidentSetSize of job (KB)
...
006 (2118554.043.000) 06/08 07:06:31 Image size of job updated: 887636
	302  -  MemoryUsage of job (MB)
	308620  -  ResidentSetSize of job (KB)
...
006 (2118554.043.000) 06/08 07:11:31 Image size of job updated: 887636
	302  -  MemoryUsage of job (MB)
	308632  -  ResidentSetSize of job (KB)
...
006 (2118554.043.000) 06/08 07:16:33 Image size of job updated: 887636
	302  -  MemoryUsage of job (MB)
	308644  -  ResidentSetSize of job (KB)
...
006 (2118554.043.000) 06/08 07:21:33 Image size of job updated: 887636
	302  -  MemoryUsage of job (MB)
	308660  -  ResidentSetSize of job (KB)
...
006 (2118554.043.000) 06/08 07:26:33 Image size of job updated: 887636
	302  -  MemoryUsage of job (MB)
	308672  -  ResidentSetSize of job (KB)
...
006 (2118554.043.000) 06/08 07:31:34 Image size of job updated: 887636
	302  -  MemoryUsage of job (MB)
	308688  -  ResidentSetSize of job (KB)
...
006 (2118554.043.000) 06/08 07:36:34 Image size of job updated: 887636
	302  -  MemoryUsage of job (MB)
	308704  -  ResidentSetSize of job (KB)
...
006 (2118554.043.000) 06/08 07:41:34 Image size of job updated: 887636
	302  -  MemoryUsage of job (MB)
	308716  -  ResidentSetSize of job (KB)
...
006 (2118554.043.000) 06/08 07:46:35 Image size of job updated: 887636
	302  -  MemoryUsage of job (MB)
	308732  -  ResidentSetSize of job (KB)
...
006 (2118554.043.000) 06/08 07:51:35 Image size of job updated: 887636
	302  -  MemoryUsage of job (MB)
	308744  -  ResidentSetSize of job (KB)
...
004 (2118554.043.000) 06/08 08:36:44 Job was evicted.
	(0) Job was not checkpointed.
		Usr 0 08:35:46, Sys 0 00:00:07  -  Run Remote Usage
		Usr 0 00:00:00, Sys 0 00:00:00  -  Run Local Usage
	0  -  Run Bytes Sent By Job
	229  -  Run Bytes Received By Job
	Partitionable Resources :    Usage  Request Allocated
	   Cpus                 :                 1         1
	   Disk (KB)            :       11  2048000   2391884
	   Memory (MB)          :      302     2000      2000
...
009 (2118554.043.000) 06/08 08:36:44 Job was aborted by the user.
	via condor_rm (by user choij)
...
