000 (2118554.014.000) 06/08 00:00:14 Job submitted from host: <172.30.1.200:9618?addrs=172.30.1.200-9618+[--1]-9618&noUDP&sock=203143_c79e_3>
...
001 (2118554.014.000) 06/08 00:00:34 Job executing on host: <172.30.1.205:9618?addrs=172.30.1.205-9618+[--1]-9618&noUDP&sock=31577_c625_3>
...
006 (2118554.014.000) 06/08 00:00:43 Image size of job updated: 202004
	23  -  MemoryUsage of job (MB)
	23328  -  ResidentSetSize of job (KB)
...
006 (2118554.014.000) 06/08 00:05:44 Image size of job updated: 884524
	255  -  MemoryUsage of job (MB)
	260220  -  ResidentSetSize of job (KB)
...
006 (2118554.014.000) 06/08 00:10:45 Image size of job updated: 884712
	255  -  MemoryUsage of job (MB)
	260392  -  ResidentSetSize of job (KB)
...
006 (2118554.014.000) 06/08 00:15:45 Image size of job updated: 885108
	255  -  MemoryUsage of job (MB)
	260852  -  ResidentSetSize of job (KB)
...
006 (2118554.014.000) 06/08 00:25:46 Image size of job updated: 885372
	255  -  MemoryUsage of job (MB)
	261096  -  ResidentSetSize of job (KB)
...
006 (2118554.014.000) 06/08 00:30:46 Image size of job updated: 885372
	263  -  MemoryUsage of job (MB)
	269084  -  ResidentSetSize of job (KB)
...
006 (2118554.014.000) 06/08 00:45:48 Image size of job updated: 885372
	263  -  MemoryUsage of job (MB)
	269104  -  ResidentSetSize of job (KB)
...
006 (2118554.014.000) 06/08 01:00:50 Image size of job updated: 885372
	263  -  MemoryUsage of job (MB)
	269192  -  ResidentSetSize of job (KB)
...
006 (2118554.014.000) 06/08 01:05:50 Image size of job updated: 885372
	263  -  MemoryUsage of job (MB)
	269228  -  ResidentSetSize of job (KB)
...
006 (2118554.014.000) 06/08 02:00:56 Image size of job updated: 885372
	267  -  MemoryUsage of job (MB)
	272684  -  ResidentSetSize of job (KB)
...
006 (2118554.014.000) 06/08 02:35:59 Image size of job updated: 885372
	267  -  MemoryUsage of job (MB)
	272688  -  ResidentSetSize of job (KB)
...
006 (2118554.014.000) 06/08 02:46:00 Image size of job updated: 885372
	267  -  MemoryUsage of job (MB)
	272704  -  ResidentSetSize of job (KB)
...
006 (2118554.014.000) 06/08 03:26:05 Image size of job updated: 885372
	270  -  MemoryUsage of job (MB)
	276060  -  ResidentSetSize of job (KB)
...
006 (2118554.014.000) 06/08 03:31:05 Image size of job updated: 885372
	270  -  MemoryUsage of job (MB)
	276468  -  ResidentSetSize of job (KB)
...
006 (2118554.014.000) 06/08 03:36:05 Image size of job updated: 885372
	271  -  MemoryUsage of job (MB)
	276976  -  ResidentSetSize of job (KB)
...
006 (2118554.014.000) 06/08 03:51:07 Image size of job updated: 885372
	271  -  MemoryUsage of job (MB)
	277476  -  ResidentSetSize of job (KB)
...
006 (2118554.014.000) 06/08 04:06:09 Image size of job updated: 885372
	271  -  MemoryUsage of job (MB)
	277480  -  ResidentSetSize of job (KB)
...
006 (2118554.014.000) 06/08 04:21:10 Image size of job updated: 885372
	272  -  MemoryUsage of job (MB)
	277680  -  ResidentSetSize of job (KB)
...
006 (2118554.014.000) 06/08 04:51:14 Image size of job updated: 885372
	273  -  MemoryUsage of job (MB)
	279096  -  ResidentSetSize of job (KB)
...
006 (2118554.014.000) 06/08 05:16:16 Image size of job updated: 885372
	278  -  MemoryUsage of job (MB)
	283692  -  ResidentSetSize of job (KB)
...
006 (2118554.014.000) 06/08 05:21:17 Image size of job updated: 885372
	278  -  MemoryUsage of job (MB)
	283796  -  ResidentSetSize of job (KB)
...
006 (2118554.014.000) 06/08 05:31:18 Image size of job updated: 885372
	278  -  MemoryUsage of job (MB)
	284304  -  ResidentSetSize of job (KB)
...
006 (2118554.014.000) 06/08 05:51:22 Image size of job updated: 885372
	278  -  MemoryUsage of job (MB)
	284608  -  ResidentSetSize of job (KB)
...
006 (2118554.014.000) 06/08 05:56:22 Image size of job updated: 885372
	279  -  MemoryUsage of job (MB)
	284804  -  ResidentSetSize of job (KB)
...
006 (2118554.014.000) 06/08 06:21:25 Image size of job updated: 885372
	279  -  MemoryUsage of job (MB)
	284808  -  ResidentSetSize of job (KB)
...
006 (2118554.014.000) 06/08 06:51:27 Image size of job updated: 885372
	279  -  MemoryUsage of job (MB)
	285008  -  ResidentSetSize of job (KB)
...
006 (2118554.014.000) 06/08 07:36:30 Image size of job updated: 885372
	279  -  MemoryUsage of job (MB)
	285068  -  ResidentSetSize of job (KB)
...
006 (2118554.014.000) 06/08 08:11:33 Image size of job updated: 885372
	296  -  MemoryUsage of job (MB)
	302568  -  ResidentSetSize of job (KB)
...
006 (2118554.014.000) 06/08 08:16:34 Image size of job updated: 885372
	296  -  MemoryUsage of job (MB)
	302648  -  ResidentSetSize of job (KB)
...
006 (2118554.014.000) 06/08 08:21:35 Image size of job updated: 885372
	296  -  MemoryUsage of job (MB)
	303048  -  ResidentSetSize of job (KB)
...
006 (2118554.014.000) 06/08 08:26:35 Image size of job updated: 885372
	297  -  MemoryUsage of job (MB)
	303132  -  ResidentSetSize of job (KB)
...
006 (2118554.014.000) 06/08 08:31:36 Image size of job updated: 885372
	297  -  MemoryUsage of job (MB)
	303172  -  ResidentSetSize of job (KB)
...
006 (2118554.014.000) 06/08 08:36:37 Image size of job updated: 885372
	297  -  MemoryUsage of job (MB)
	303488  -  ResidentSetSize of job (KB)
...
004 (2118554.014.000) 06/08 08:36:45 Job was evicted.
	(0) Job was not checkpointed.
		Usr 0 08:35:49, Sys 0 00:00:06  -  Run Remote Usage
		Usr 0 00:00:00, Sys 0 00:00:00  -  Run Local Usage
	0  -  Run Bytes Sent By Job
	229  -  Run Bytes Received By Job
	Partitionable Resources :    Usage  Request Allocated
	   Cpus                 :                 1         1
	   Disk (KB)            :       11  2048000   2434712
	   Memory (MB)          :      297     2000      2000
...
009 (2118554.014.000) 06/08 08:36:46 Job was aborted by the user.
	via condor_rm (by user choij)
...
