000 (126423.000.000) 2022-03-28 20:29:15 Job submitted from host: <172.30.1.200:9618?addrs=172.30.1.200-9618&alias=tamsa2.snu.ac.kr&noUDP&sock=schedd_3154_f5cb>
...
000 (126423.001.000) 2022-03-28 20:29:15 Job submitted from host: <172.30.1.200:9618?addrs=172.30.1.200-9618&alias=tamsa2.snu.ac.kr&noUDP&sock=schedd_3154_f5cb>
...
000 (126423.002.000) 2022-03-28 20:29:15 Job submitted from host: <172.30.1.200:9618?addrs=172.30.1.200-9618&alias=tamsa2.snu.ac.kr&noUDP&sock=schedd_3154_f5cb>
...
000 (126423.003.000) 2022-03-28 20:29:15 Job submitted from host: <172.30.1.200:9618?addrs=172.30.1.200-9618&alias=tamsa2.snu.ac.kr&noUDP&sock=schedd_3154_f5cb>
...
000 (126423.004.000) 2022-03-28 20:29:15 Job submitted from host: <172.30.1.200:9618?addrs=172.30.1.200-9618&alias=tamsa2.snu.ac.kr&noUDP&sock=schedd_3154_f5cb>
...
000 (126423.005.000) 2022-03-28 20:29:15 Job submitted from host: <172.30.1.200:9618?addrs=172.30.1.200-9618&alias=tamsa2.snu.ac.kr&noUDP&sock=schedd_3154_f5cb>
...
000 (126423.006.000) 2022-03-28 20:29:15 Job submitted from host: <172.30.1.200:9618?addrs=172.30.1.200-9618&alias=tamsa2.snu.ac.kr&noUDP&sock=schedd_3154_f5cb>
...
000 (126423.007.000) 2022-03-28 20:29:15 Job submitted from host: <172.30.1.200:9618?addrs=172.30.1.200-9618&alias=tamsa2.snu.ac.kr&noUDP&sock=schedd_3154_f5cb>
...
000 (126423.008.000) 2022-03-28 20:29:15 Job submitted from host: <172.30.1.200:9618?addrs=172.30.1.200-9618&alias=tamsa2.snu.ac.kr&noUDP&sock=schedd_3154_f5cb>
...
000 (126423.009.000) 2022-03-28 20:29:15 Job submitted from host: <172.30.1.200:9618?addrs=172.30.1.200-9618&alias=tamsa2.snu.ac.kr&noUDP&sock=schedd_3154_f5cb>
...
000 (126423.010.000) 2022-03-28 20:29:15 Job submitted from host: <172.30.1.200:9618?addrs=172.30.1.200-9618&alias=tamsa2.snu.ac.kr&noUDP&sock=schedd_3154_f5cb>
...
000 (126423.011.000) 2022-03-28 20:29:15 Job submitted from host: <172.30.1.200:9618?addrs=172.30.1.200-9618&alias=tamsa2.snu.ac.kr&noUDP&sock=schedd_3154_f5cb>
...
000 (126423.012.000) 2022-03-28 20:29:15 Job submitted from host: <172.30.1.200:9618?addrs=172.30.1.200-9618&alias=tamsa2.snu.ac.kr&noUDP&sock=schedd_3154_f5cb>
...
000 (126423.013.000) 2022-03-28 20:29:15 Job submitted from host: <172.30.1.200:9618?addrs=172.30.1.200-9618&alias=tamsa2.snu.ac.kr&noUDP&sock=schedd_3154_f5cb>
...
000 (126423.014.000) 2022-03-28 20:29:15 Job submitted from host: <172.30.1.200:9618?addrs=172.30.1.200-9618&alias=tamsa2.snu.ac.kr&noUDP&sock=schedd_3154_f5cb>
...
000 (126423.015.000) 2022-03-28 20:29:15 Job submitted from host: <172.30.1.200:9618?addrs=172.30.1.200-9618&alias=tamsa2.snu.ac.kr&noUDP&sock=schedd_3154_f5cb>
...
000 (126423.016.000) 2022-03-28 20:29:15 Job submitted from host: <172.30.1.200:9618?addrs=172.30.1.200-9618&alias=tamsa2.snu.ac.kr&noUDP&sock=schedd_3154_f5cb>
...
000 (126423.017.000) 2022-03-28 20:29:15 Job submitted from host: <172.30.1.200:9618?addrs=172.30.1.200-9618&alias=tamsa2.snu.ac.kr&noUDP&sock=schedd_3154_f5cb>
...
000 (126423.018.000) 2022-03-28 20:29:15 Job submitted from host: <172.30.1.200:9618?addrs=172.30.1.200-9618&alias=tamsa2.snu.ac.kr&noUDP&sock=schedd_3154_f5cb>
...
000 (126423.019.000) 2022-03-28 20:29:15 Job submitted from host: <172.30.1.200:9618?addrs=172.30.1.200-9618&alias=tamsa2.snu.ac.kr&noUDP&sock=schedd_3154_f5cb>
...
001 (126423.005.000) 2022-03-28 20:29:27 Job executing on host: <172.30.1.203:9618?addrs=172.30.1.203-9618&alias=node3&noUDP&sock=startd_3597_d240>
...
001 (126423.006.000) 2022-03-28 20:29:27 Job executing on host: <172.30.1.203:9618?addrs=172.30.1.203-9618&alias=node3&noUDP&sock=startd_3597_d240>
...
001 (126423.007.000) 2022-03-28 20:29:27 Job executing on host: <172.30.1.203:9618?addrs=172.30.1.203-9618&alias=node3&noUDP&sock=startd_3597_d240>
...
001 (126423.008.000) 2022-03-28 20:29:27 Job executing on host: <172.30.1.203:9618?addrs=172.30.1.203-9618&alias=node3&noUDP&sock=startd_3597_d240>
...
001 (126423.009.000) 2022-03-28 20:29:27 Job executing on host: <172.30.1.203:9618?addrs=172.30.1.203-9618&alias=node3&noUDP&sock=startd_3597_d240>
...
001 (126423.010.000) 2022-03-28 20:29:27 Job executing on host: <172.30.1.203:9618?addrs=172.30.1.203-9618&alias=node3&noUDP&sock=startd_3597_d240>
...
001 (126423.011.000) 2022-03-28 20:29:27 Job executing on host: <172.30.1.203:9618?addrs=172.30.1.203-9618&alias=node3&noUDP&sock=startd_3597_d240>
...
001 (126423.012.000) 2022-03-28 20:29:27 Job executing on host: <172.30.1.203:9618?addrs=172.30.1.203-9618&alias=node3&noUDP&sock=startd_3597_d240>
...
001 (126423.013.000) 2022-03-28 20:29:28 Job executing on host: <172.30.1.203:9618?addrs=172.30.1.203-9618&alias=node3&noUDP&sock=startd_3597_d240>
...
001 (126423.014.000) 2022-03-28 20:29:28 Job executing on host: <172.30.1.203:9618?addrs=172.30.1.203-9618&alias=node3&noUDP&sock=startd_3597_d240>
...
001 (126423.015.000) 2022-03-28 20:29:28 Job executing on host: <172.30.1.203:9618?addrs=172.30.1.203-9618&alias=node3&noUDP&sock=startd_3597_d240>
...
001 (126423.016.000) 2022-03-28 20:29:28 Job executing on host: <172.30.1.203:9618?addrs=172.30.1.203-9618&alias=node3&noUDP&sock=startd_3597_d240>
...
001 (126423.017.000) 2022-03-28 20:29:28 Job executing on host: <172.30.1.203:9618?addrs=172.30.1.203-9618&alias=node3&noUDP&sock=startd_3597_d240>
...
001 (126423.018.000) 2022-03-28 20:29:28 Job executing on host: <172.30.1.203:9618?addrs=172.30.1.203-9618&alias=node3&noUDP&sock=startd_3597_d240>
...
001 (126423.019.000) 2022-03-28 20:29:28 Job executing on host: <172.30.1.203:9618?addrs=172.30.1.203-9618&alias=node3&noUDP&sock=startd_3597_d240>
...
001 (126423.000.000) 2022-03-28 20:29:29 Job executing on host: <172.30.1.202:9618?addrs=172.30.1.202-9618&alias=node2&noUDP&sock=startd_3636_9271>
...
001 (126423.001.000) 2022-03-28 20:29:29 Job executing on host: <172.30.1.202:9618?addrs=172.30.1.202-9618&alias=node2&noUDP&sock=startd_3636_9271>
...
001 (126423.002.000) 2022-03-28 20:29:29 Job executing on host: <172.30.1.202:9618?addrs=172.30.1.202-9618&alias=node2&noUDP&sock=startd_3636_9271>
...
001 (126423.003.000) 2022-03-28 20:29:29 Job executing on host: <172.30.1.202:9618?addrs=172.30.1.202-9618&alias=node2&noUDP&sock=startd_3636_9271>
...
001 (126423.004.000) 2022-03-28 20:29:29 Job executing on host: <172.30.1.202:9618?addrs=172.30.1.202-9618&alias=node2&noUDP&sock=startd_3636_9271>
...
006 (126423.012.000) 2022-03-28 20:29:36 Image size of job updated: 672016
	208  -  MemoryUsage of job (MB)
	212400  -  ResidentSetSize of job (KB)
...
006 (126423.013.000) 2022-03-28 20:29:36 Image size of job updated: 647760
	208  -  MemoryUsage of job (MB)
	212688  -  ResidentSetSize of job (KB)
...
006 (126423.014.000) 2022-03-28 20:29:36 Image size of job updated: 647748
	185  -  MemoryUsage of job (MB)
	188868  -  ResidentSetSize of job (KB)
...
006 (126423.015.000) 2022-03-28 20:29:36 Image size of job updated: 647756
	198  -  MemoryUsage of job (MB)
	202672  -  ResidentSetSize of job (KB)
...
006 (126423.016.000) 2022-03-28 20:29:36 Image size of job updated: 647756
	187  -  MemoryUsage of job (MB)
	191300  -  ResidentSetSize of job (KB)
...
006 (126423.017.000) 2022-03-28 20:29:36 Image size of job updated: 681040
	208  -  MemoryUsage of job (MB)
	212620  -  ResidentSetSize of job (KB)
...
006 (126423.018.000) 2022-03-28 20:29:36 Image size of job updated: 647756
	185  -  MemoryUsage of job (MB)
	188852  -  ResidentSetSize of job (KB)
...
006 (126423.005.000) 2022-03-28 20:29:36 Image size of job updated: 681076
	208  -  MemoryUsage of job (MB)
	212676  -  ResidentSetSize of job (KB)
...
006 (126423.006.000) 2022-03-28 20:29:36 Image size of job updated: 660592
	208  -  MemoryUsage of job (MB)
	212632  -  ResidentSetSize of job (KB)
...
006 (126423.007.000) 2022-03-28 20:29:36 Image size of job updated: 647732
	185  -  MemoryUsage of job (MB)
	188652  -  ResidentSetSize of job (KB)
...
006 (126423.008.000) 2022-03-28 20:29:36 Image size of job updated: 672016
	208  -  MemoryUsage of job (MB)
	212600  -  ResidentSetSize of job (KB)
...
006 (126423.009.000) 2022-03-28 20:29:36 Image size of job updated: 681004
	208  -  MemoryUsage of job (MB)
	212600  -  ResidentSetSize of job (KB)
...
006 (126423.010.000) 2022-03-28 20:29:36 Image size of job updated: 647752
	185  -  MemoryUsage of job (MB)
	189084  -  ResidentSetSize of job (KB)
...
006 (126423.011.000) 2022-03-28 20:29:36 Image size of job updated: 669580
	208  -  MemoryUsage of job (MB)
	212684  -  ResidentSetSize of job (KB)
...
006 (126423.000.000) 2022-03-28 20:29:37 Image size of job updated: 502432
	185  -  MemoryUsage of job (MB)
	188624  -  ResidentSetSize of job (KB)
...
006 (126423.001.000) 2022-03-28 20:29:37 Image size of job updated: 505152
	185  -  MemoryUsage of job (MB)
	188760  -  ResidentSetSize of job (KB)
...
006 (126423.002.000) 2022-03-28 20:29:37 Image size of job updated: 505156
	185  -  MemoryUsage of job (MB)
	188564  -  ResidentSetSize of job (KB)
...
006 (126423.003.000) 2022-03-28 20:29:37 Image size of job updated: 498772
	194  -  MemoryUsage of job (MB)
	197772  -  ResidentSetSize of job (KB)
...
006 (126423.004.000) 2022-03-28 20:29:37 Image size of job updated: 501996
	185  -  MemoryUsage of job (MB)
	188732  -  ResidentSetSize of job (KB)
...
006 (126423.019.000) 2022-03-28 20:29:37 Image size of job updated: 660596
	208  -  MemoryUsage of job (MB)
	212652  -  ResidentSetSize of job (KB)
...
005 (126423.013.000) 2022-03-28 20:29:40 Job terminated.
	(1) Normal termination (return value 0)
		Usr 0 00:00:09, Sys 0 00:00:01  -  Run Remote Usage
		Usr 0 00:00:00, Sys 0 00:00:00  -  Run Local Usage
		Usr 0 00:00:09, Sys 0 00:00:01  -  Total Remote Usage
		Usr 0 00:00:00, Sys 0 00:00:00  -  Total Local Usage
	0  -  Run Bytes Sent By Job
	0  -  Run Bytes Received By Job
	0  -  Total Bytes Sent By Job
	0  -  Total Bytes Received By Job
	Partitionable Resources :    Usage  Request Allocated 
	   Cpus                 :                 1         1 
	   Disk (KB)            :        1        1    129249 
	   Memory (MB)          :      208     3900      3968 

	Job terminated of its own accord at 2022-03-28T11:29:40Z.
...
006 (126423.012.000) 2022-03-28 20:29:43 Image size of job updated: 686584
	208  -  MemoryUsage of job (MB)
	212400  -  ResidentSetSize of job (KB)
...
005 (126423.012.000) 2022-03-28 20:29:43 Job terminated.
	(1) Normal termination (return value 0)
		Usr 0 00:00:11, Sys 0 00:00:01  -  Run Remote Usage
		Usr 0 00:00:00, Sys 0 00:00:00  -  Run Local Usage
		Usr 0 00:00:11, Sys 0 00:00:01  -  Total Remote Usage
		Usr 0 00:00:00, Sys 0 00:00:00  -  Total Local Usage
	0  -  Run Bytes Sent By Job
	0  -  Run Bytes Received By Job
	0  -  Total Bytes Sent By Job
	0  -  Total Bytes Received By Job
	Partitionable Resources :    Usage  Request Allocated 
	   Cpus                 :                 1         1 
	   Disk (KB)            :        1        1    129249 
	   Memory (MB)          :      208     3900      3968 

	Job terminated of its own accord at 2022-03-28T11:29:43Z.
...
006 (126423.015.000) 2022-03-28 20:29:44 Image size of job updated: 691688
	198  -  MemoryUsage of job (MB)
	202692  -  ResidentSetSize of job (KB)
...
005 (126423.015.000) 2022-03-28 20:29:44 Job terminated.
	(1) Normal termination (return value 0)
		Usr 0 00:00:13, Sys 0 00:00:01  -  Run Remote Usage
		Usr 0 00:00:00, Sys 0 00:00:00  -  Run Local Usage
		Usr 0 00:00:13, Sys 0 00:00:01  -  Total Remote Usage
		Usr 0 00:00:00, Sys 0 00:00:00  -  Total Local Usage
	0  -  Run Bytes Sent By Job
	0  -  Run Bytes Received By Job
	0  -  Total Bytes Sent By Job
	0  -  Total Bytes Received By Job
	Partitionable Resources :    Usage  Request Allocated 
	   Cpus                 :                 1         1 
	   Disk (KB)            :        1        1    129249 
	   Memory (MB)          :      198     3900      3968 

	Job terminated of its own accord at 2022-03-28T11:29:44Z.
...
006 (126423.006.000) 2022-03-28 20:29:44 Image size of job updated: 691496
	208  -  MemoryUsage of job (MB)
	212632  -  ResidentSetSize of job (KB)
...
005 (126423.006.000) 2022-03-28 20:29:44 Job terminated.
	(1) Normal termination (return value 0)
		Usr 0 00:00:12, Sys 0 00:00:01  -  Run Remote Usage
		Usr 0 00:00:00, Sys 0 00:00:00  -  Run Local Usage
		Usr 0 00:00:12, Sys 0 00:00:01  -  Total Remote Usage
		Usr 0 00:00:00, Sys 0 00:00:00  -  Total Local Usage
	0  -  Run Bytes Sent By Job
	0  -  Run Bytes Received By Job
	0  -  Total Bytes Sent By Job
	0  -  Total Bytes Received By Job
	Partitionable Resources :    Usage  Request Allocated 
	   Cpus                 :                 1         1 
	   Disk (KB)            :        1        1    129249 
	   Memory (MB)          :      208     3900      3968 

	Job terminated of its own accord at 2022-03-28T11:29:44Z.
...
006 (126423.018.000) 2022-03-28 20:29:44 Image size of job updated: 691736
	185  -  MemoryUsage of job (MB)
	188852  -  ResidentSetSize of job (KB)
...
005 (126423.018.000) 2022-03-28 20:29:44 Job terminated.
	(1) Normal termination (return value 0)
		Usr 0 00:00:14, Sys 0 00:00:01  -  Run Remote Usage
		Usr 0 00:00:00, Sys 0 00:00:00  -  Run Local Usage
		Usr 0 00:00:14, Sys 0 00:00:01  -  Total Remote Usage
		Usr 0 00:00:00, Sys 0 00:00:00  -  Total Local Usage
	0  -  Run Bytes Sent By Job
	0  -  Run Bytes Received By Job
	0  -  Total Bytes Sent By Job
	0  -  Total Bytes Received By Job
	Partitionable Resources :    Usage  Request Allocated 
	   Cpus                 :                 1         1 
	   Disk (KB)            :        1        1    129249 
	   Memory (MB)          :      185     3900      3968 

	Job terminated of its own accord at 2022-03-28T11:29:44Z.
...
006 (126423.016.000) 2022-03-28 20:29:44 Image size of job updated: 691724
	188  -  MemoryUsage of job (MB)
	191528  -  ResidentSetSize of job (KB)
...
005 (126423.016.000) 2022-03-28 20:29:44 Job terminated.
	(1) Normal termination (return value 0)
		Usr 0 00:00:14, Sys 0 00:00:01  -  Run Remote Usage
		Usr 0 00:00:00, Sys 0 00:00:00  -  Run Local Usage
		Usr 0 00:00:14, Sys 0 00:00:01  -  Total Remote Usage
		Usr 0 00:00:00, Sys 0 00:00:00  -  Total Local Usage
	0  -  Run Bytes Sent By Job
	0  -  Run Bytes Received By Job
	0  -  Total Bytes Sent By Job
	0  -  Total Bytes Received By Job
	Partitionable Resources :    Usage  Request Allocated 
	   Cpus                 :                 1         1 
	   Disk (KB)            :        1        1    129249 
	   Memory (MB)          :      188     3900      3968 

	Job terminated of its own accord at 2022-03-28T11:29:44Z.
...
006 (126423.010.000) 2022-03-28 20:29:45 Image size of job updated: 692000
	185  -  MemoryUsage of job (MB)
	189084  -  ResidentSetSize of job (KB)
...
006 (126423.001.000) 2022-03-28 20:29:45 Image size of job updated: 691660
	185  -  MemoryUsage of job (MB)
	188760  -  ResidentSetSize of job (KB)
...
005 (126423.010.000) 2022-03-28 20:29:45 Job terminated.
	(1) Normal termination (return value 0)
		Usr 0 00:00:15, Sys 0 00:00:01  -  Run Remote Usage
		Usr 0 00:00:00, Sys 0 00:00:00  -  Run Local Usage
		Usr 0 00:00:15, Sys 0 00:00:01  -  Total Remote Usage
		Usr 0 00:00:00, Sys 0 00:00:00  -  Total Local Usage
	0  -  Run Bytes Sent By Job
	0  -  Run Bytes Received By Job
	0  -  Total Bytes Sent By Job
	0  -  Total Bytes Received By Job
	Partitionable Resources :    Usage  Request Allocated 
	   Cpus                 :                 1         1 
	   Disk (KB)            :        1        1    129249 
	   Memory (MB)          :      185     3900      3968 

	Job terminated of its own accord at 2022-03-28T11:29:45Z.
...
005 (126423.001.000) 2022-03-28 20:29:45 Job terminated.
	(1) Normal termination (return value 0)
		Usr 0 00:00:12, Sys 0 00:00:01  -  Run Remote Usage
		Usr 0 00:00:00, Sys 0 00:00:00  -  Run Local Usage
		Usr 0 00:00:12, Sys 0 00:00:01  -  Total Remote Usage
		Usr 0 00:00:00, Sys 0 00:00:00  -  Total Local Usage
	0  -  Run Bytes Sent By Job
	0  -  Run Bytes Received By Job
	0  -  Total Bytes Sent By Job
	0  -  Total Bytes Received By Job
	Partitionable Resources :    Usage  Request Allocated 
	   Cpus                 :                 1         1 
	   Disk (KB)            :        1        1    129249 
	   Memory (MB)          :      185     3900      3968 

	Job terminated of its own accord at 2022-03-28T11:29:45Z.
...
006 (126423.002.000) 2022-03-28 20:29:45 Image size of job updated: 691416
	185  -  MemoryUsage of job (MB)
	188564  -  ResidentSetSize of job (KB)
...
005 (126423.002.000) 2022-03-28 20:29:45 Job terminated.
	(1) Normal termination (return value 0)
		Usr 0 00:00:12, Sys 0 00:00:01  -  Run Remote Usage
		Usr 0 00:00:00, Sys 0 00:00:00  -  Run Local Usage
		Usr 0 00:00:12, Sys 0 00:00:01  -  Total Remote Usage
		Usr 0 00:00:00, Sys 0 00:00:00  -  Total Local Usage
	0  -  Run Bytes Sent By Job
	0  -  Run Bytes Received By Job
	0  -  Total Bytes Sent By Job
	0  -  Total Bytes Received By Job
	Partitionable Resources :    Usage  Request Allocated 
	   Cpus                 :                 1         1 
	   Disk (KB)            :        1        1    129249 
	   Memory (MB)          :      185     3900      3968 

	Job terminated of its own accord at 2022-03-28T11:29:45Z.
...
006 (126423.017.000) 2022-03-28 20:29:45 Image size of job updated: 691488
	208  -  MemoryUsage of job (MB)
	212620  -  ResidentSetSize of job (KB)
...
005 (126423.017.000) 2022-03-28 20:29:45 Job terminated.
	(1) Normal termination (return value 0)
		Usr 0 00:00:13, Sys 0 00:00:01  -  Run Remote Usage
		Usr 0 00:00:00, Sys 0 00:00:00  -  Run Local Usage
		Usr 0 00:00:13, Sys 0 00:00:01  -  Total Remote Usage
		Usr 0 00:00:00, Sys 0 00:00:00  -  Total Local Usage
	0  -  Run Bytes Sent By Job
	0  -  Run Bytes Received By Job
	0  -  Total Bytes Sent By Job
	0  -  Total Bytes Received By Job
	Partitionable Resources :    Usage  Request Allocated 
	   Cpus                 :                 1         1 
	   Disk (KB)            :        1        1    129249 
	   Memory (MB)          :      208     3900      3968 

	Job terminated of its own accord at 2022-03-28T11:29:45Z.
...
006 (126423.009.000) 2022-03-28 20:29:46 Image size of job updated: 691452
	208  -  MemoryUsage of job (MB)
	212600  -  ResidentSetSize of job (KB)
...
005 (126423.009.000) 2022-03-28 20:29:46 Job terminated.
	(1) Normal termination (return value 0)
		Usr 0 00:00:14, Sys 0 00:00:01  -  Run Remote Usage
		Usr 0 00:00:00, Sys 0 00:00:00  -  Run Local Usage
		Usr 0 00:00:14, Sys 0 00:00:01  -  Total Remote Usage
		Usr 0 00:00:00, Sys 0 00:00:00  -  Total Local Usage
	0  -  Run Bytes Sent By Job
	0  -  Run Bytes Received By Job
	0  -  Total Bytes Sent By Job
	0  -  Total Bytes Received By Job
	Partitionable Resources :    Usage  Request Allocated 
	   Cpus                 :                 1         1 
	   Disk (KB)            :        1        1    129249 
	   Memory (MB)          :      208     3900      3968 

	Job terminated of its own accord at 2022-03-28T11:29:46Z.
...
006 (126423.008.000) 2022-03-28 20:29:47 Image size of job updated: 691456
	208  -  MemoryUsage of job (MB)
	212600  -  ResidentSetSize of job (KB)
...
005 (126423.008.000) 2022-03-28 20:29:47 Job terminated.
	(1) Normal termination (return value 0)
		Usr 0 00:00:15, Sys 0 00:00:01  -  Run Remote Usage
		Usr 0 00:00:00, Sys 0 00:00:00  -  Run Local Usage
		Usr 0 00:00:15, Sys 0 00:00:01  -  Total Remote Usage
		Usr 0 00:00:00, Sys 0 00:00:00  -  Total Local Usage
	0  -  Run Bytes Sent By Job
	0  -  Run Bytes Received By Job
	0  -  Total Bytes Sent By Job
	0  -  Total Bytes Received By Job
	Partitionable Resources :    Usage  Request Allocated 
	   Cpus                 :                 1         1 
	   Disk (KB)            :        1        1    129249 
	   Memory (MB)          :      208     3900      3968 

	Job terminated of its own accord at 2022-03-28T11:29:47Z.
...
006 (126423.019.000) 2022-03-28 20:29:47 Image size of job updated: 691508
	208  -  MemoryUsage of job (MB)
	212652  -  ResidentSetSize of job (KB)
...
005 (126423.019.000) 2022-03-28 20:29:48 Job terminated.
	(1) Normal termination (return value 0)
		Usr 0 00:00:16, Sys 0 00:00:01  -  Run Remote Usage
		Usr 0 00:00:00, Sys 0 00:00:00  -  Run Local Usage
		Usr 0 00:00:16, Sys 0 00:00:01  -  Total Remote Usage
		Usr 0 00:00:00, Sys 0 00:00:00  -  Total Local Usage
	0  -  Run Bytes Sent By Job
	0  -  Run Bytes Received By Job
	0  -  Total Bytes Sent By Job
	0  -  Total Bytes Received By Job
	Partitionable Resources :    Usage  Request Allocated 
	   Cpus                 :                 1         1 
	   Disk (KB)            :        1        1    129249 
	   Memory (MB)          :      208     3900      3968 

	Job terminated of its own accord at 2022-03-28T11:29:47Z.
...
006 (126423.000.000) 2022-03-28 20:29:48 Image size of job updated: 693820
	185  -  MemoryUsage of job (MB)
	188624  -  ResidentSetSize of job (KB)
...
006 (126423.004.000) 2022-03-28 20:29:48 Image size of job updated: 691480
	185  -  MemoryUsage of job (MB)
	188732  -  ResidentSetSize of job (KB)
...
006 (126423.005.000) 2022-03-28 20:29:48 Image size of job updated: 691536
	208  -  MemoryUsage of job (MB)
	212676  -  ResidentSetSize of job (KB)
...
005 (126423.005.000) 2022-03-28 20:29:48 Job terminated.
	(1) Normal termination (return value 0)
		Usr 0 00:00:16, Sys 0 00:00:01  -  Run Remote Usage
		Usr 0 00:00:00, Sys 0 00:00:00  -  Run Local Usage
		Usr 0 00:00:16, Sys 0 00:00:01  -  Total Remote Usage
		Usr 0 00:00:00, Sys 0 00:00:00  -  Total Local Usage
	0  -  Run Bytes Sent By Job
	0  -  Run Bytes Received By Job
	0  -  Total Bytes Sent By Job
	0  -  Total Bytes Received By Job
	Partitionable Resources :    Usage  Request Allocated 
	   Cpus                 :                 1         1 
	   Disk (KB)            :        1        1    129249 
	   Memory (MB)          :      208     3900      3968 

	Job terminated of its own accord at 2022-03-28T11:29:48Z.
...
006 (126423.011.000) 2022-03-28 20:29:49 Image size of job updated: 691540
	208  -  MemoryUsage of job (MB)
	212684  -  ResidentSetSize of job (KB)
...
005 (126423.011.000) 2022-03-28 20:29:49 Job terminated.
	(1) Normal termination (return value 0)
		Usr 0 00:00:18, Sys 0 00:00:01  -  Run Remote Usage
		Usr 0 00:00:00, Sys 0 00:00:00  -  Run Local Usage
		Usr 0 00:00:18, Sys 0 00:00:01  -  Total Remote Usage
		Usr 0 00:00:00, Sys 0 00:00:00  -  Total Local Usage
	0  -  Run Bytes Sent By Job
	0  -  Run Bytes Received By Job
	0  -  Total Bytes Sent By Job
	0  -  Total Bytes Received By Job
	Partitionable Resources :    Usage  Request Allocated 
	   Cpus                 :                 1         1 
	   Disk (KB)            :        1        1    129249 
	   Memory (MB)          :      208     3900      3968 

	Job terminated of its own accord at 2022-03-28T11:29:49Z.
...
005 (126423.000.000) 2022-03-28 20:29:50 Job terminated.
	(1) Normal termination (return value 0)
		Usr 0 00:00:14, Sys 0 00:00:01  -  Run Remote Usage
		Usr 0 00:00:00, Sys 0 00:00:00  -  Run Local Usage
		Usr 0 00:00:14, Sys 0 00:00:01  -  Total Remote Usage
		Usr 0 00:00:00, Sys 0 00:00:00  -  Total Local Usage
	0  -  Run Bytes Sent By Job
	0  -  Run Bytes Received By Job
	0  -  Total Bytes Sent By Job
	0  -  Total Bytes Received By Job
	Partitionable Resources :    Usage  Request Allocated 
	   Cpus                 :                 1         1 
	   Disk (KB)            :        1        1    129249 
	   Memory (MB)          :      185     3900      3968 

	Job terminated of its own accord at 2022-03-28T11:29:48Z.
...
006 (126423.003.000) 2022-03-28 20:29:50 Image size of job updated: 693260
	194  -  MemoryUsage of job (MB)
	197772  -  ResidentSetSize of job (KB)
...
005 (126423.004.000) 2022-03-28 20:29:50 Job terminated.
	(1) Normal termination (return value 0)
		Usr 0 00:00:14, Sys 0 00:00:01  -  Run Remote Usage
		Usr 0 00:00:00, Sys 0 00:00:00  -  Run Local Usage
		Usr 0 00:00:14, Sys 0 00:00:01  -  Total Remote Usage
		Usr 0 00:00:00, Sys 0 00:00:00  -  Total Local Usage
	0  -  Run Bytes Sent By Job
	0  -  Run Bytes Received By Job
	0  -  Total Bytes Sent By Job
	0  -  Total Bytes Received By Job
	Partitionable Resources :    Usage  Request Allocated 
	   Cpus                 :                 1         1 
	   Disk (KB)            :        1        1    129249 
	   Memory (MB)          :      185     3900      3968 

	Job terminated of its own accord at 2022-03-28T11:29:48Z.
...
005 (126423.003.000) 2022-03-28 20:29:50 Job terminated.
	(1) Normal termination (return value 0)
		Usr 0 00:00:16, Sys 0 00:00:02  -  Run Remote Usage
		Usr 0 00:00:00, Sys 0 00:00:00  -  Run Local Usage
		Usr 0 00:00:16, Sys 0 00:00:02  -  Total Remote Usage
		Usr 0 00:00:00, Sys 0 00:00:00  -  Total Local Usage
	0  -  Run Bytes Sent By Job
	0  -  Run Bytes Received By Job
	0  -  Total Bytes Sent By Job
	0  -  Total Bytes Received By Job
	Partitionable Resources :    Usage  Request Allocated 
	   Cpus                 :                 1         1 
	   Disk (KB)            :        1        1    129249 
	   Memory (MB)          :      194     3900      3968 

	Job terminated of its own accord at 2022-03-28T11:29:50Z.
...
006 (126423.014.000) 2022-03-28 20:29:53 Image size of job updated: 691872
	185  -  MemoryUsage of job (MB)
	188868  -  ResidentSetSize of job (KB)
...
005 (126423.014.000) 2022-03-28 20:29:53 Job terminated.
	(1) Normal termination (return value 0)
		Usr 0 00:00:22, Sys 0 00:00:01  -  Run Remote Usage
		Usr 0 00:00:00, Sys 0 00:00:00  -  Run Local Usage
		Usr 0 00:00:22, Sys 0 00:00:01  -  Total Remote Usage
		Usr 0 00:00:00, Sys 0 00:00:00  -  Total Local Usage
	0  -  Run Bytes Sent By Job
	0  -  Run Bytes Received By Job
	0  -  Total Bytes Sent By Job
	0  -  Total Bytes Received By Job
	Partitionable Resources :    Usage  Request Allocated 
	   Cpus                 :                 1         1 
	   Disk (KB)            :        1        1    129249 
	   Memory (MB)          :      185     3900      3968 

	Job terminated of its own accord at 2022-03-28T11:29:53Z.
...
006 (126423.007.000) 2022-03-28 20:29:56 Image size of job updated: 691424
	185  -  MemoryUsage of job (MB)
	188652  -  ResidentSetSize of job (KB)
...
005 (126423.007.000) 2022-03-28 20:29:56 Job terminated.
	(1) Normal termination (return value 0)
		Usr 0 00:00:25, Sys 0 00:00:01  -  Run Remote Usage
		Usr 0 00:00:00, Sys 0 00:00:00  -  Run Local Usage
		Usr 0 00:00:25, Sys 0 00:00:01  -  Total Remote Usage
		Usr 0 00:00:00, Sys 0 00:00:00  -  Total Local Usage
	0  -  Run Bytes Sent By Job
	0  -  Run Bytes Received By Job
	0  -  Total Bytes Sent By Job
	0  -  Total Bytes Received By Job
	Partitionable Resources :    Usage  Request Allocated 
	   Cpus                 :                 1         1 
	   Disk (KB)            :        1        1    129249 
	   Memory (MB)          :      185     3900      3968 

	Job terminated of its own accord at 2022-03-28T11:29:56Z.
...
