000 (126282.000.000) 2022-03-28 19:57:54 Job submitted from host: <172.30.1.200:9618?addrs=172.30.1.200-9618&alias=tamsa2.snu.ac.kr&noUDP&sock=schedd_3154_f5cb>
...
000 (126282.001.000) 2022-03-28 19:57:54 Job submitted from host: <172.30.1.200:9618?addrs=172.30.1.200-9618&alias=tamsa2.snu.ac.kr&noUDP&sock=schedd_3154_f5cb>
...
000 (126282.002.000) 2022-03-28 19:57:54 Job submitted from host: <172.30.1.200:9618?addrs=172.30.1.200-9618&alias=tamsa2.snu.ac.kr&noUDP&sock=schedd_3154_f5cb>
...
000 (126282.003.000) 2022-03-28 19:57:54 Job submitted from host: <172.30.1.200:9618?addrs=172.30.1.200-9618&alias=tamsa2.snu.ac.kr&noUDP&sock=schedd_3154_f5cb>
...
000 (126282.004.000) 2022-03-28 19:57:54 Job submitted from host: <172.30.1.200:9618?addrs=172.30.1.200-9618&alias=tamsa2.snu.ac.kr&noUDP&sock=schedd_3154_f5cb>
...
000 (126282.005.000) 2022-03-28 19:57:54 Job submitted from host: <172.30.1.200:9618?addrs=172.30.1.200-9618&alias=tamsa2.snu.ac.kr&noUDP&sock=schedd_3154_f5cb>
...
000 (126282.006.000) 2022-03-28 19:57:54 Job submitted from host: <172.30.1.200:9618?addrs=172.30.1.200-9618&alias=tamsa2.snu.ac.kr&noUDP&sock=schedd_3154_f5cb>
...
000 (126282.007.000) 2022-03-28 19:57:54 Job submitted from host: <172.30.1.200:9618?addrs=172.30.1.200-9618&alias=tamsa2.snu.ac.kr&noUDP&sock=schedd_3154_f5cb>
...
000 (126282.008.000) 2022-03-28 19:57:54 Job submitted from host: <172.30.1.200:9618?addrs=172.30.1.200-9618&alias=tamsa2.snu.ac.kr&noUDP&sock=schedd_3154_f5cb>
...
000 (126282.009.000) 2022-03-28 19:57:54 Job submitted from host: <172.30.1.200:9618?addrs=172.30.1.200-9618&alias=tamsa2.snu.ac.kr&noUDP&sock=schedd_3154_f5cb>
...
000 (126282.010.000) 2022-03-28 19:57:54 Job submitted from host: <172.30.1.200:9618?addrs=172.30.1.200-9618&alias=tamsa2.snu.ac.kr&noUDP&sock=schedd_3154_f5cb>
...
000 (126282.011.000) 2022-03-28 19:57:54 Job submitted from host: <172.30.1.200:9618?addrs=172.30.1.200-9618&alias=tamsa2.snu.ac.kr&noUDP&sock=schedd_3154_f5cb>
...
000 (126282.012.000) 2022-03-28 19:57:54 Job submitted from host: <172.30.1.200:9618?addrs=172.30.1.200-9618&alias=tamsa2.snu.ac.kr&noUDP&sock=schedd_3154_f5cb>
...
000 (126282.013.000) 2022-03-28 19:57:54 Job submitted from host: <172.30.1.200:9618?addrs=172.30.1.200-9618&alias=tamsa2.snu.ac.kr&noUDP&sock=schedd_3154_f5cb>
...
000 (126282.014.000) 2022-03-28 19:57:54 Job submitted from host: <172.30.1.200:9618?addrs=172.30.1.200-9618&alias=tamsa2.snu.ac.kr&noUDP&sock=schedd_3154_f5cb>
...
000 (126282.015.000) 2022-03-28 19:57:54 Job submitted from host: <172.30.1.200:9618?addrs=172.30.1.200-9618&alias=tamsa2.snu.ac.kr&noUDP&sock=schedd_3154_f5cb>
...
000 (126282.016.000) 2022-03-28 19:57:54 Job submitted from host: <172.30.1.200:9618?addrs=172.30.1.200-9618&alias=tamsa2.snu.ac.kr&noUDP&sock=schedd_3154_f5cb>
...
000 (126282.017.000) 2022-03-28 19:57:54 Job submitted from host: <172.30.1.200:9618?addrs=172.30.1.200-9618&alias=tamsa2.snu.ac.kr&noUDP&sock=schedd_3154_f5cb>
...
000 (126282.018.000) 2022-03-28 19:57:54 Job submitted from host: <172.30.1.200:9618?addrs=172.30.1.200-9618&alias=tamsa2.snu.ac.kr&noUDP&sock=schedd_3154_f5cb>
...
000 (126282.019.000) 2022-03-28 19:57:54 Job submitted from host: <172.30.1.200:9618?addrs=172.30.1.200-9618&alias=tamsa2.snu.ac.kr&noUDP&sock=schedd_3154_f5cb>
...
001 (126282.000.000) 2022-03-28 19:58:09 Job executing on host: <172.30.1.203:9618?addrs=172.30.1.203-9618&alias=node3&noUDP&sock=startd_3597_d240>
...
001 (126282.001.000) 2022-03-28 19:58:09 Job executing on host: <172.30.1.203:9618?addrs=172.30.1.203-9618&alias=node3&noUDP&sock=startd_3597_d240>
...
001 (126282.002.000) 2022-03-28 19:58:09 Job executing on host: <172.30.1.203:9618?addrs=172.30.1.203-9618&alias=node3&noUDP&sock=startd_3597_d240>
...
001 (126282.003.000) 2022-03-28 19:58:09 Job executing on host: <172.30.1.203:9618?addrs=172.30.1.203-9618&alias=node3&noUDP&sock=startd_3597_d240>
...
001 (126282.004.000) 2022-03-28 19:58:09 Job executing on host: <172.30.1.203:9618?addrs=172.30.1.203-9618&alias=node3&noUDP&sock=startd_3597_d240>
...
001 (126282.005.000) 2022-03-28 19:58:09 Job executing on host: <172.30.1.203:9618?addrs=172.30.1.203-9618&alias=node3&noUDP&sock=startd_3597_d240>
...
001 (126282.006.000) 2022-03-28 19:58:09 Job executing on host: <172.30.1.203:9618?addrs=172.30.1.203-9618&alias=node3&noUDP&sock=startd_3597_d240>
...
001 (126282.008.000) 2022-03-28 19:58:09 Job executing on host: <172.30.1.203:9618?addrs=172.30.1.203-9618&alias=node3&noUDP&sock=startd_3597_d240>
...
001 (126282.007.000) 2022-03-28 19:58:09 Job executing on host: <172.30.1.203:9618?addrs=172.30.1.203-9618&alias=node3&noUDP&sock=startd_3597_d240>
...
001 (126282.009.000) 2022-03-28 19:58:09 Job executing on host: <172.30.1.203:9618?addrs=172.30.1.203-9618&alias=node3&noUDP&sock=startd_3597_d240>
...
001 (126282.010.000) 2022-03-28 19:58:09 Job executing on host: <172.30.1.203:9618?addrs=172.30.1.203-9618&alias=node3&noUDP&sock=startd_3597_d240>
...
001 (126282.011.000) 2022-03-28 19:58:10 Job executing on host: <172.30.1.203:9618?addrs=172.30.1.203-9618&alias=node3&noUDP&sock=startd_3597_d240>
...
001 (126282.012.000) 2022-03-28 19:58:10 Job executing on host: <172.30.1.203:9618?addrs=172.30.1.203-9618&alias=node3&noUDP&sock=startd_3597_d240>
...
001 (126282.013.000) 2022-03-28 19:58:10 Job executing on host: <172.30.1.203:9618?addrs=172.30.1.203-9618&alias=node3&noUDP&sock=startd_3597_d240>
...
001 (126282.014.000) 2022-03-28 19:58:10 Job executing on host: <172.30.1.203:9618?addrs=172.30.1.203-9618&alias=node3&noUDP&sock=startd_3597_d240>
...
001 (126282.015.000) 2022-03-28 19:58:10 Job executing on host: <172.30.1.203:9618?addrs=172.30.1.203-9618&alias=node3&noUDP&sock=startd_3597_d240>
...
001 (126282.016.000) 2022-03-28 19:58:10 Job executing on host: <172.30.1.203:9618?addrs=172.30.1.203-9618&alias=node3&noUDP&sock=startd_3597_d240>
...
001 (126282.017.000) 2022-03-28 19:58:10 Job executing on host: <172.30.1.203:9618?addrs=172.30.1.203-9618&alias=node3&noUDP&sock=startd_3597_d240>
...
001 (126282.018.000) 2022-03-28 19:58:10 Job executing on host: <172.30.1.203:9618?addrs=172.30.1.203-9618&alias=node3&noUDP&sock=startd_3597_d240>
...
001 (126282.019.000) 2022-03-28 19:58:10 Job executing on host: <172.30.1.203:9618?addrs=172.30.1.203-9618&alias=node3&noUDP&sock=startd_3597_d240>
...
006 (126282.000.000) 2022-03-28 19:58:17 Image size of job updated: 383452
	179  -  MemoryUsage of job (MB)
	183248  -  ResidentSetSize of job (KB)
...
006 (126282.001.000) 2022-03-28 19:58:17 Image size of job updated: 185536
	155  -  MemoryUsage of job (MB)
	158608  -  ResidentSetSize of job (KB)
...
006 (126282.002.000) 2022-03-28 19:58:17 Image size of job updated: 185536
	157  -  MemoryUsage of job (MB)
	160440  -  ResidentSetSize of job (KB)
...
006 (126282.003.000) 2022-03-28 19:58:17 Image size of job updated: 185536
	158  -  MemoryUsage of job (MB)
	160904  -  ResidentSetSize of job (KB)
...
006 (126282.010.000) 2022-03-28 19:58:18 Image size of job updated: 185536
	172  -  MemoryUsage of job (MB)
	175808  -  ResidentSetSize of job (KB)
...
006 (126282.011.000) 2022-03-28 19:58:18 Image size of job updated: 185536
	175  -  MemoryUsage of job (MB)
	178924  -  ResidentSetSize of job (KB)
...
006 (126282.012.000) 2022-03-28 19:58:18 Image size of job updated: 185820
	179  -  MemoryUsage of job (MB)
	182548  -  ResidentSetSize of job (KB)
...
006 (126282.013.000) 2022-03-28 19:58:18 Image size of job updated: 183172
	179  -  MemoryUsage of job (MB)
	182560  -  ResidentSetSize of job (KB)
...
006 (126282.014.000) 2022-03-28 19:58:18 Image size of job updated: 183244
	179  -  MemoryUsage of job (MB)
	182548  -  ResidentSetSize of job (KB)
...
006 (126282.015.000) 2022-03-28 19:58:18 Image size of job updated: 183452
	179  -  MemoryUsage of job (MB)
	182580  -  ResidentSetSize of job (KB)
...
006 (126282.004.000) 2022-03-28 19:58:18 Image size of job updated: 187908
	182  -  MemoryUsage of job (MB)
	185920  -  ResidentSetSize of job (KB)
...
006 (126282.005.000) 2022-03-28 19:58:18 Image size of job updated: 185876
	181  -  MemoryUsage of job (MB)
	185228  -  ResidentSetSize of job (KB)
...
006 (126282.006.000) 2022-03-28 19:58:18 Image size of job updated: 188260
	184  -  MemoryUsage of job (MB)
	187644  -  ResidentSetSize of job (KB)
...
006 (126282.008.000) 2022-03-28 19:58:18 Image size of job updated: 187556
	183  -  MemoryUsage of job (MB)
	187080  -  ResidentSetSize of job (KB)
...
006 (126282.007.000) 2022-03-28 19:58:18 Image size of job updated: 188672
	184  -  MemoryUsage of job (MB)
	188116  -  ResidentSetSize of job (KB)
...
006 (126282.009.000) 2022-03-28 19:58:18 Image size of job updated: 188384
	184  -  MemoryUsage of job (MB)
	188132  -  ResidentSetSize of job (KB)
...
006 (126282.016.000) 2022-03-28 19:58:19 Image size of job updated: 188860
	184  -  MemoryUsage of job (MB)
	188128  -  ResidentSetSize of job (KB)
...
006 (126282.017.000) 2022-03-28 19:58:19 Image size of job updated: 193392
	184  -  MemoryUsage of job (MB)
	188144  -  ResidentSetSize of job (KB)
...
006 (126282.018.000) 2022-03-28 19:58:19 Image size of job updated: 198396
	185  -  MemoryUsage of job (MB)
	188612  -  ResidentSetSize of job (KB)
...
006 (126282.019.000) 2022-03-28 19:58:19 Image size of job updated: 212760
	184  -  MemoryUsage of job (MB)
	188144  -  ResidentSetSize of job (KB)
...
006 (126282.016.000) 2022-03-28 19:58:30 Image size of job updated: 691760
	184  -  MemoryUsage of job (MB)
	188128  -  ResidentSetSize of job (KB)
...
005 (126282.016.000) 2022-03-28 19:58:30 Job terminated.
	(1) Normal termination (return value 0)
		Usr 0 00:00:14, Sys 0 00:00:02  -  Run Remote Usage
		Usr 0 00:00:00, Sys 0 00:00:00  -  Run Local Usage
		Usr 0 00:00:14, Sys 0 00:00:02  -  Total Remote Usage
		Usr 0 00:00:00, Sys 0 00:00:00  -  Total Local Usage
	0  -  Run Bytes Sent By Job
	0  -  Run Bytes Received By Job
	0  -  Total Bytes Sent By Job
	0  -  Total Bytes Received By Job
	Partitionable Resources :    Usage  Request Allocated 
	   Cpus                 :                 1         1 
	   Disk (KB)            :        1        1    129249 
	   Memory (MB)          :      184     3900      3968 

	Job terminated of its own accord at 2022-03-28T10:58:30Z.
...
006 (126282.017.000) 2022-03-28 19:58:31 Image size of job updated: 691504
	184  -  MemoryUsage of job (MB)
	188144  -  ResidentSetSize of job (KB)
...
006 (126282.019.000) 2022-03-28 19:58:31 Image size of job updated: 691488
	184  -  MemoryUsage of job (MB)
	188144  -  ResidentSetSize of job (KB)
...
006 (126282.008.000) 2022-03-28 19:58:32 Image size of job updated: 691468
	183  -  MemoryUsage of job (MB)
	187080  -  ResidentSetSize of job (KB)
...
006 (126282.003.000) 2022-03-28 19:58:32 Image size of job updated: 692000
	158  -  MemoryUsage of job (MB)
	161088  -  ResidentSetSize of job (KB)
...
005 (126282.019.000) 2022-03-28 19:58:32 Job terminated.
	(1) Normal termination (return value 0)
		Usr 0 00:00:15, Sys 0 00:00:02  -  Run Remote Usage
		Usr 0 00:00:00, Sys 0 00:00:00  -  Run Local Usage
		Usr 0 00:00:15, Sys 0 00:00:02  -  Total Remote Usage
		Usr 0 00:00:00, Sys 0 00:00:00  -  Total Local Usage
	0  -  Run Bytes Sent By Job
	0  -  Run Bytes Received By Job
	0  -  Total Bytes Sent By Job
	0  -  Total Bytes Received By Job
	Partitionable Resources :    Usage  Request Allocated 
	   Cpus                 :                 1         1 
	   Disk (KB)            :        1        1    129249 
	   Memory (MB)          :      184     3900      3968 

	Job terminated of its own accord at 2022-03-28T10:58:31Z.
...
005 (126282.017.000) 2022-03-28 19:58:32 Job terminated.
	(1) Normal termination (return value 0)
		Usr 0 00:00:15, Sys 0 00:00:02  -  Run Remote Usage
		Usr 0 00:00:00, Sys 0 00:00:00  -  Run Local Usage
		Usr 0 00:00:15, Sys 0 00:00:02  -  Total Remote Usage
		Usr 0 00:00:00, Sys 0 00:00:00  -  Total Local Usage
	0  -  Run Bytes Sent By Job
	0  -  Run Bytes Received By Job
	0  -  Total Bytes Sent By Job
	0  -  Total Bytes Received By Job
	Partitionable Resources :    Usage  Request Allocated 
	   Cpus                 :                 1         1 
	   Disk (KB)            :        1        1    129249 
	   Memory (MB)          :      184     3900      3968 

	Job terminated of its own accord at 2022-03-28T10:58:31Z.
...
005 (126282.003.000) 2022-03-28 19:58:32 Job terminated.
	(1) Normal termination (return value 0)
		Usr 0 00:00:15, Sys 0 00:00:02  -  Run Remote Usage
		Usr 0 00:00:00, Sys 0 00:00:00  -  Run Local Usage
		Usr 0 00:00:15, Sys 0 00:00:02  -  Total Remote Usage
		Usr 0 00:00:00, Sys 0 00:00:00  -  Total Local Usage
	0  -  Run Bytes Sent By Job
	0  -  Run Bytes Received By Job
	0  -  Total Bytes Sent By Job
	0  -  Total Bytes Received By Job
	Partitionable Resources :    Usage  Request Allocated 
	   Cpus                 :                 1         1 
	   Disk (KB)            :        1        1    129249 
	   Memory (MB)          :      158     3900      3968 

	Job terminated of its own accord at 2022-03-28T10:58:31Z.
...
005 (126282.008.000) 2022-03-28 19:58:32 Job terminated.
	(1) Normal termination (return value 0)
		Usr 0 00:00:15, Sys 0 00:00:02  -  Run Remote Usage
		Usr 0 00:00:00, Sys 0 00:00:00  -  Run Local Usage
		Usr 0 00:00:15, Sys 0 00:00:02  -  Total Remote Usage
		Usr 0 00:00:00, Sys 0 00:00:00  -  Total Local Usage
	0  -  Run Bytes Sent By Job
	0  -  Run Bytes Received By Job
	0  -  Total Bytes Sent By Job
	0  -  Total Bytes Received By Job
	Partitionable Resources :    Usage  Request Allocated 
	   Cpus                 :                 1         1 
	   Disk (KB)            :        1        1    129249 
	   Memory (MB)          :      183     3900      3968 

	Job terminated of its own accord at 2022-03-28T10:58:31Z.
...
006 (126282.000.000) 2022-03-28 19:58:33 Image size of job updated: 691476
	179  -  MemoryUsage of job (MB)
	183252  -  ResidentSetSize of job (KB)
...
005 (126282.000.000) 2022-03-28 19:58:33 Job terminated.
	(1) Normal termination (return value 0)
		Usr 0 00:00:17, Sys 0 00:00:02  -  Run Remote Usage
		Usr 0 00:00:00, Sys 0 00:00:00  -  Run Local Usage
		Usr 0 00:00:17, Sys 0 00:00:02  -  Total Remote Usage
		Usr 0 00:00:00, Sys 0 00:00:00  -  Total Local Usage
	0  -  Run Bytes Sent By Job
	0  -  Run Bytes Received By Job
	0  -  Total Bytes Sent By Job
	0  -  Total Bytes Received By Job
	Partitionable Resources :    Usage  Request Allocated 
	   Cpus                 :                 1         1 
	   Disk (KB)            :        1        1    129249 
	   Memory (MB)          :      179     3900      3968 

	Job terminated of its own accord at 2022-03-28T10:58:33Z.
...
006 (126282.018.000) 2022-03-28 19:58:33 Image size of job updated: 691224
	185  -  MemoryUsage of job (MB)
	188612  -  ResidentSetSize of job (KB)
...
005 (126282.018.000) 2022-03-28 19:58:33 Job terminated.
	(1) Normal termination (return value 0)
		Usr 0 00:00:17, Sys 0 00:00:02  -  Run Remote Usage
		Usr 0 00:00:00, Sys 0 00:00:00  -  Run Local Usage
		Usr 0 00:00:17, Sys 0 00:00:02  -  Total Remote Usage
		Usr 0 00:00:00, Sys 0 00:00:00  -  Total Local Usage
	0  -  Run Bytes Sent By Job
	0  -  Run Bytes Received By Job
	0  -  Total Bytes Sent By Job
	0  -  Total Bytes Received By Job
	Partitionable Resources :    Usage  Request Allocated 
	   Cpus                 :                 1         1 
	   Disk (KB)            :        1        1    129249 
	   Memory (MB)          :      185     3900      3968 

	Job terminated of its own accord at 2022-03-28T10:58:33Z.
...
006 (126282.007.000) 2022-03-28 19:58:34 Image size of job updated: 691412
	184  -  MemoryUsage of job (MB)
	188116  -  ResidentSetSize of job (KB)
...
005 (126282.007.000) 2022-03-28 19:58:34 Job terminated.
	(1) Normal termination (return value 0)
		Usr 0 00:00:17, Sys 0 00:00:02  -  Run Remote Usage
		Usr 0 00:00:00, Sys 0 00:00:00  -  Run Local Usage
		Usr 0 00:00:17, Sys 0 00:00:02  -  Total Remote Usage
		Usr 0 00:00:00, Sys 0 00:00:00  -  Total Local Usage
	0  -  Run Bytes Sent By Job
	0  -  Run Bytes Received By Job
	0  -  Total Bytes Sent By Job
	0  -  Total Bytes Received By Job
	Partitionable Resources :    Usage  Request Allocated 
	   Cpus                 :                 1         1 
	   Disk (KB)            :        1        1    129249 
	   Memory (MB)          :      184     3900      3968 

	Job terminated of its own accord at 2022-03-28T10:58:34Z.
...
006 (126282.009.000) 2022-03-28 19:58:34 Image size of job updated: 691460
	184  -  MemoryUsage of job (MB)
	188132  -  ResidentSetSize of job (KB)
...
005 (126282.009.000) 2022-03-28 19:58:34 Job terminated.
	(1) Normal termination (return value 0)
		Usr 0 00:00:18, Sys 0 00:00:02  -  Run Remote Usage
		Usr 0 00:00:00, Sys 0 00:00:00  -  Run Local Usage
		Usr 0 00:00:18, Sys 0 00:00:02  -  Total Remote Usage
		Usr 0 00:00:00, Sys 0 00:00:00  -  Total Local Usage
	0  -  Run Bytes Sent By Job
	0  -  Run Bytes Received By Job
	0  -  Total Bytes Sent By Job
	0  -  Total Bytes Received By Job
	Partitionable Resources :    Usage  Request Allocated 
	   Cpus                 :                 1         1 
	   Disk (KB)            :        1        1    129249 
	   Memory (MB)          :      184     3900      3968 

	Job terminated of its own accord at 2022-03-28T10:58:34Z.
...
006 (126282.013.000) 2022-03-28 19:58:35 Image size of job updated: 691756
	179  -  MemoryUsage of job (MB)
	182560  -  ResidentSetSize of job (KB)
...
005 (126282.013.000) 2022-03-28 19:58:35 Job terminated.
	(1) Normal termination (return value 0)
		Usr 0 00:00:18, Sys 0 00:00:02  -  Run Remote Usage
		Usr 0 00:00:00, Sys 0 00:00:00  -  Run Local Usage
		Usr 0 00:00:18, Sys 0 00:00:02  -  Total Remote Usage
		Usr 0 00:00:00, Sys 0 00:00:00  -  Total Local Usage
	0  -  Run Bytes Sent By Job
	0  -  Run Bytes Received By Job
	0  -  Total Bytes Sent By Job
	0  -  Total Bytes Received By Job
	Partitionable Resources :    Usage  Request Allocated 
	   Cpus                 :                 1         1 
	   Disk (KB)            :        1        1    129249 
	   Memory (MB)          :      179     3900      3968 

	Job terminated of its own accord at 2022-03-28T10:58:35Z.
...
006 (126282.014.000) 2022-03-28 19:58:37 Image size of job updated: 691704
	179  -  MemoryUsage of job (MB)
	182548  -  ResidentSetSize of job (KB)
...
005 (126282.014.000) 2022-03-28 19:58:37 Job terminated.
	(1) Normal termination (return value 0)
		Usr 0 00:00:21, Sys 0 00:00:02  -  Run Remote Usage
		Usr 0 00:00:00, Sys 0 00:00:00  -  Run Local Usage
		Usr 0 00:00:21, Sys 0 00:00:02  -  Total Remote Usage
		Usr 0 00:00:00, Sys 0 00:00:00  -  Total Local Usage
	0  -  Run Bytes Sent By Job
	0  -  Run Bytes Received By Job
	0  -  Total Bytes Sent By Job
	0  -  Total Bytes Received By Job
	Partitionable Resources :    Usage  Request Allocated 
	   Cpus                 :                 1         1 
	   Disk (KB)            :        1        1    129249 
	   Memory (MB)          :      179     3900      3968 

	Job terminated of its own accord at 2022-03-28T10:58:37Z.
...
006 (126282.006.000) 2022-03-28 19:58:37 Image size of job updated: 691740
	184  -  MemoryUsage of job (MB)
	187644  -  ResidentSetSize of job (KB)
...
005 (126282.006.000) 2022-03-28 19:58:37 Job terminated.
	(1) Normal termination (return value 0)
		Usr 0 00:00:21, Sys 0 00:00:02  -  Run Remote Usage
		Usr 0 00:00:00, Sys 0 00:00:00  -  Run Local Usage
		Usr 0 00:00:21, Sys 0 00:00:02  -  Total Remote Usage
		Usr 0 00:00:00, Sys 0 00:00:00  -  Total Local Usage
	0  -  Run Bytes Sent By Job
	0  -  Run Bytes Received By Job
	0  -  Total Bytes Sent By Job
	0  -  Total Bytes Received By Job
	Partitionable Resources :    Usage  Request Allocated 
	   Cpus                 :                 1         1 
	   Disk (KB)            :        1        1    129249 
	   Memory (MB)          :      184     3900      3968 

	Job terminated of its own accord at 2022-03-28T10:58:37Z.
...
006 (126282.012.000) 2022-03-28 19:58:38 Image size of job updated: 692008
	179  -  MemoryUsage of job (MB)
	182548  -  ResidentSetSize of job (KB)
...
005 (126282.012.000) 2022-03-28 19:58:38 Job terminated.
	(1) Normal termination (return value 0)
		Usr 0 00:00:21, Sys 0 00:00:02  -  Run Remote Usage
		Usr 0 00:00:00, Sys 0 00:00:00  -  Run Local Usage
		Usr 0 00:00:21, Sys 0 00:00:02  -  Total Remote Usage
		Usr 0 00:00:00, Sys 0 00:00:00  -  Total Local Usage
	0  -  Run Bytes Sent By Job
	0  -  Run Bytes Received By Job
	0  -  Total Bytes Sent By Job
	0  -  Total Bytes Received By Job
	Partitionable Resources :    Usage  Request Allocated 
	   Cpus                 :                 1         1 
	   Disk (KB)            :        1        1    129249 
	   Memory (MB)          :      179     3900      3968 

	Job terminated of its own accord at 2022-03-28T10:58:38Z.
...
006 (126282.004.000) 2022-03-28 19:58:38 Image size of job updated: 691988
	182  -  MemoryUsage of job (MB)
	185920  -  ResidentSetSize of job (KB)
...
005 (126282.004.000) 2022-03-28 19:58:38 Job terminated.
	(1) Normal termination (return value 0)
		Usr 0 00:00:22, Sys 0 00:00:02  -  Run Remote Usage
		Usr 0 00:00:00, Sys 0 00:00:00  -  Run Local Usage
		Usr 0 00:00:22, Sys 0 00:00:02  -  Total Remote Usage
		Usr 0 00:00:00, Sys 0 00:00:00  -  Total Local Usage
	0  -  Run Bytes Sent By Job
	0  -  Run Bytes Received By Job
	0  -  Total Bytes Sent By Job
	0  -  Total Bytes Received By Job
	Partitionable Resources :    Usage  Request Allocated 
	   Cpus                 :                 1         1 
	   Disk (KB)            :        1        1    129249 
	   Memory (MB)          :      182     3900      3968 

	Job terminated of its own accord at 2022-03-28T10:58:38Z.
...
006 (126282.015.000) 2022-03-28 19:58:39 Image size of job updated: 691448
	179  -  MemoryUsage of job (MB)
	182612  -  ResidentSetSize of job (KB)
...
005 (126282.015.000) 2022-03-28 19:58:39 Job terminated.
	(1) Normal termination (return value 0)
		Usr 0 00:00:23, Sys 0 00:00:02  -  Run Remote Usage
		Usr 0 00:00:00, Sys 0 00:00:00  -  Run Local Usage
		Usr 0 00:00:23, Sys 0 00:00:02  -  Total Remote Usage
		Usr 0 00:00:00, Sys 0 00:00:00  -  Total Local Usage
	0  -  Run Bytes Sent By Job
	0  -  Run Bytes Received By Job
	0  -  Total Bytes Sent By Job
	0  -  Total Bytes Received By Job
	Partitionable Resources :    Usage  Request Allocated 
	   Cpus                 :                 1         1 
	   Disk (KB)            :        1        1    129249 
	   Memory (MB)          :      179     3900      3968 

	Job terminated of its own accord at 2022-03-28T10:58:39Z.
...
006 (126282.002.000) 2022-03-28 19:58:39 Image size of job updated: 691824
	157  -  MemoryUsage of job (MB)
	160440  -  ResidentSetSize of job (KB)
...
005 (126282.002.000) 2022-03-28 19:58:39 Job terminated.
	(1) Normal termination (return value 0)
		Usr 0 00:00:22, Sys 0 00:00:02  -  Run Remote Usage
		Usr 0 00:00:00, Sys 0 00:00:00  -  Run Local Usage
		Usr 0 00:00:22, Sys 0 00:00:02  -  Total Remote Usage
		Usr 0 00:00:00, Sys 0 00:00:00  -  Total Local Usage
	0  -  Run Bytes Sent By Job
	0  -  Run Bytes Received By Job
	0  -  Total Bytes Sent By Job
	0  -  Total Bytes Received By Job
	Partitionable Resources :    Usage  Request Allocated 
	   Cpus                 :                 1         1 
	   Disk (KB)            :        1        1    129249 
	   Memory (MB)          :      157     3900      3968 

	Job terminated of its own accord at 2022-03-28T10:58:39Z.
...
006 (126282.005.000) 2022-03-28 19:58:40 Image size of job updated: 691464
	181  -  MemoryUsage of job (MB)
	185344  -  ResidentSetSize of job (KB)
...
005 (126282.005.000) 2022-03-28 19:58:40 Job terminated.
	(1) Normal termination (return value 0)
		Usr 0 00:00:23, Sys 0 00:00:02  -  Run Remote Usage
		Usr 0 00:00:00, Sys 0 00:00:00  -  Run Local Usage
		Usr 0 00:00:23, Sys 0 00:00:02  -  Total Remote Usage
		Usr 0 00:00:00, Sys 0 00:00:00  -  Total Local Usage
	0  -  Run Bytes Sent By Job
	0  -  Run Bytes Received By Job
	0  -  Total Bytes Sent By Job
	0  -  Total Bytes Received By Job
	Partitionable Resources :    Usage  Request Allocated 
	   Cpus                 :                 1         1 
	   Disk (KB)            :        1        1    129249 
	   Memory (MB)          :      181     3900      3968 

	Job terminated of its own accord at 2022-03-28T10:58:40Z.
...
006 (126282.011.000) 2022-03-28 19:58:45 Image size of job updated: 691224
	176  -  MemoryUsage of job (MB)
	179236  -  ResidentSetSize of job (KB)
...
005 (126282.011.000) 2022-03-28 19:58:45 Job terminated.
	(1) Normal termination (return value 0)
		Usr 0 00:00:28, Sys 0 00:00:02  -  Run Remote Usage
		Usr 0 00:00:00, Sys 0 00:00:00  -  Run Local Usage
		Usr 0 00:00:28, Sys 0 00:00:02  -  Total Remote Usage
		Usr 0 00:00:00, Sys 0 00:00:00  -  Total Local Usage
	0  -  Run Bytes Sent By Job
	0  -  Run Bytes Received By Job
	0  -  Total Bytes Sent By Job
	0  -  Total Bytes Received By Job
	Partitionable Resources :    Usage  Request Allocated 
	   Cpus                 :                 1         1 
	   Disk (KB)            :        1        1    129249 
	   Memory (MB)          :      176     3900      3968 

	Job terminated of its own accord at 2022-03-28T10:58:45Z.
...
006 (126282.010.000) 2022-03-28 19:58:46 Image size of job updated: 693748
	172  -  MemoryUsage of job (MB)
	175808  -  ResidentSetSize of job (KB)
...
005 (126282.010.000) 2022-03-28 19:58:46 Job terminated.
	(1) Normal termination (return value 0)
		Usr 0 00:00:29, Sys 0 00:00:02  -  Run Remote Usage
		Usr 0 00:00:00, Sys 0 00:00:00  -  Run Local Usage
		Usr 0 00:00:29, Sys 0 00:00:02  -  Total Remote Usage
		Usr 0 00:00:00, Sys 0 00:00:00  -  Total Local Usage
	0  -  Run Bytes Sent By Job
	0  -  Run Bytes Received By Job
	0  -  Total Bytes Sent By Job
	0  -  Total Bytes Received By Job
	Partitionable Resources :    Usage  Request Allocated 
	   Cpus                 :                 1         1 
	   Disk (KB)            :        1        1    129249 
	   Memory (MB)          :      172     3900      3968 

	Job terminated of its own accord at 2022-03-28T10:58:46Z.
...
006 (126282.001.000) 2022-03-28 19:59:11 Image size of job updated: 691456
	155  -  MemoryUsage of job (MB)
	158632  -  ResidentSetSize of job (KB)
...
005 (126282.001.000) 2022-03-28 19:59:11 Job terminated.
	(1) Normal termination (return value 0)
		Usr 0 00:00:54, Sys 0 00:00:02  -  Run Remote Usage
		Usr 0 00:00:00, Sys 0 00:00:00  -  Run Local Usage
		Usr 0 00:00:54, Sys 0 00:00:02  -  Total Remote Usage
		Usr 0 00:00:00, Sys 0 00:00:00  -  Total Local Usage
	0  -  Run Bytes Sent By Job
	0  -  Run Bytes Received By Job
	0  -  Total Bytes Sent By Job
	0  -  Total Bytes Received By Job
	Partitionable Resources :    Usage  Request Allocated 
	   Cpus                 :                 1         1 
	   Disk (KB)            :        1        1    129249 
	   Memory (MB)          :      155     3900      3968 

	Job terminated of its own accord at 2022-03-28T10:59:11Z.
...
