000 (2117005.006.000) 06/02 02:18:38 Job submitted from host: <172.30.1.200:9618?addrs=172.30.1.200-9618+[--1]-9618&noUDP&sock=203143_c79e_3>
...
001 (2117005.006.000) 06/02 02:19:04 Job executing on host: <172.30.1.201:9618?addrs=172.30.1.201-9618+[--1]-9618&noUDP&sock=38984_5c24_3>
...
006 (2117005.006.000) 06/02 02:19:13 Image size of job updated: 893760
	386  -  MemoryUsage of job (MB)
	394844  -  ResidentSetSize of job (KB)
...
006 (2117005.006.000) 06/02 02:24:14 Image size of job updated: 894948
	397  -  MemoryUsage of job (MB)
	405620  -  ResidentSetSize of job (KB)
...
006 (2117005.006.000) 06/02 02:29:15 Image size of job updated: 894948
	397  -  MemoryUsage of job (MB)
	405652  -  ResidentSetSize of job (KB)
...
006 (2117005.006.000) 06/02 02:54:16 Image size of job updated: 894948
	407  -  MemoryUsage of job (MB)
	415768  -  ResidentSetSize of job (KB)
...
006 (2117005.006.000) 06/02 02:59:17 Image size of job updated: 894948
	407  -  MemoryUsage of job (MB)
	415776  -  ResidentSetSize of job (KB)
...
006 (2117005.006.000) 06/02 03:04:17 Image size of job updated: 894948
	407  -  MemoryUsage of job (MB)
	415928  -  ResidentSetSize of job (KB)
...
006 (2117005.006.000) 06/02 19:26:02 Image size of job updated: 898856
	407  -  MemoryUsage of job (MB)
	415928  -  ResidentSetSize of job (KB)
...
006 (2117005.006.000) 06/02 21:51:17 Image size of job updated: 899956
	407  -  MemoryUsage of job (MB)
	415928  -  ResidentSetSize of job (KB)
...
006 (2117005.006.000) 06/02 22:26:21 Image size of job updated: 900616
	407  -  MemoryUsage of job (MB)
	415928  -  ResidentSetSize of job (KB)
...
006 (2117005.006.000) 06/03 00:11:32 Image size of job updated: 904192
	407  -  MemoryUsage of job (MB)
	415928  -  ResidentSetSize of job (KB)
...
006 (2117005.006.000) 06/03 00:41:36 Image size of job updated: 904852
	407  -  MemoryUsage of job (MB)
	415928  -  ResidentSetSize of job (KB)
...
006 (2117005.006.000) 06/03 02:31:49 Image size of job updated: 910892
	407  -  MemoryUsage of job (MB)
	415928  -  ResidentSetSize of job (KB)
...
006 (2117005.006.000) 06/03 03:16:52 Image size of job updated: 911148
	407  -  MemoryUsage of job (MB)
	415928  -  ResidentSetSize of job (KB)
...
006 (2117005.006.000) 06/03 04:37:01 Image size of job updated: 913768
	407  -  MemoryUsage of job (MB)
	415928  -  ResidentSetSize of job (KB)
...
006 (2117005.006.000) 06/03 05:52:10 Image size of job updated: 927136
	407  -  MemoryUsage of job (MB)
	415928  -  ResidentSetSize of job (KB)
...
005 (2117005.006.000) 06/03 07:01:32 Job terminated.
	(1) Normal termination (return value 0)
		Usr 1 04:41:29, Sys 0 00:00:38  -  Run Remote Usage
		Usr 0 00:00:00, Sys 0 00:00:00  -  Run Local Usage
		Usr 1 04:41:29, Sys 0 00:00:38  -  Total Remote Usage
		Usr 0 00:00:00, Sys 0 00:00:00  -  Total Local Usage
	204863  -  Run Bytes Sent By Job
	225  -  Run Bytes Received By Job
	204863  -  Total Bytes Sent By Job
	225  -  Total Bytes Received By Job
	Partitionable Resources :    Usage  Request Allocated
	   Cpus                 :                 1         1
	   Disk (KB)            :      211  2048000   2385094
	   Memory (MB)          :      407     2000      2000
...
