000 (2117005.033.000) 06/02 02:18:38 Job submitted from host: <172.30.1.200:9618?addrs=172.30.1.200-9618+[--1]-9618&noUDP&sock=203143_c79e_3>
...
001 (2117005.033.000) 06/02 02:19:04 Job executing on host: <172.30.1.203:9618?addrs=172.30.1.203-9618+[--1]-9618&noUDP&sock=4770_66d7_5>
...
006 (2117005.033.000) 06/02 02:19:13 Image size of job updated: 180108
	8  -  MemoryUsage of job (MB)
	7568  -  ResidentSetSize of job (KB)
...
006 (2117005.033.000) 06/02 02:24:14 Image size of job updated: 897292
	396  -  MemoryUsage of job (MB)
	404604  -  ResidentSetSize of job (KB)
...
006 (2117005.033.000) 06/02 02:29:14 Image size of job updated: 897424
	407  -  MemoryUsage of job (MB)
	416020  -  ResidentSetSize of job (KB)
...
006 (2117005.033.000) 06/02 02:34:15 Image size of job updated: 897424
	407  -  MemoryUsage of job (MB)
	416024  -  ResidentSetSize of job (KB)
...
006 (2117005.033.000) 06/02 02:44:16 Image size of job updated: 897424
	407  -  MemoryUsage of job (MB)
	416144  -  ResidentSetSize of job (KB)
...
006 (2117005.033.000) 06/02 02:49:17 Image size of job updated: 897424
	407  -  MemoryUsage of job (MB)
	416200  -  ResidentSetSize of job (KB)
...
006 (2117005.033.000) 06/02 02:54:18 Image size of job updated: 897424
	409  -  MemoryUsage of job (MB)
	418132  -  ResidentSetSize of job (KB)
...
006 (2117005.033.000) 06/02 02:59:18 Image size of job updated: 897424
	409  -  MemoryUsage of job (MB)
	418156  -  ResidentSetSize of job (KB)
...
006 (2117005.033.000) 06/02 03:04:18 Image size of job updated: 897424
	409  -  MemoryUsage of job (MB)
	418188  -  ResidentSetSize of job (KB)
...
006 (2117005.033.000) 06/02 03:14:20 Image size of job updated: 897424
	409  -  MemoryUsage of job (MB)
	418220  -  ResidentSetSize of job (KB)
...
006 (2117005.033.000) 06/02 16:40:44 Image size of job updated: 898900
	409  -  MemoryUsage of job (MB)
	418220  -  ResidentSetSize of job (KB)
...
006 (2117005.033.000) 06/02 17:50:50 Image size of job updated: 902904
	409  -  MemoryUsage of job (MB)
	418220  -  ResidentSetSize of job (KB)
...
006 (2117005.033.000) 06/02 19:26:00 Image size of job updated: 906220
	409  -  MemoryUsage of job (MB)
	418220  -  ResidentSetSize of job (KB)
...
006 (2117005.033.000) 06/02 21:21:12 Image size of job updated: 914488
	409  -  MemoryUsage of job (MB)
	418220  -  ResidentSetSize of job (KB)
...
006 (2117005.033.000) 06/02 23:11:24 Image size of job updated: 918084
	409  -  MemoryUsage of job (MB)
	418220  -  ResidentSetSize of job (KB)
...
006 (2117005.033.000) 06/03 00:01:29 Image size of job updated: 918340
	409  -  MemoryUsage of job (MB)
	418220  -  ResidentSetSize of job (KB)
...
006 (2117005.033.000) 06/03 00:56:36 Image size of job updated: 926956
	409  -  MemoryUsage of job (MB)
	418220  -  ResidentSetSize of job (KB)
...
005 (2117005.033.000) 06/03 02:40:38 Job terminated.
	(1) Normal termination (return value 0)
		Usr 1 00:20:31, Sys 0 00:00:35  -  Run Remote Usage
		Usr 0 00:00:00, Sys 0 00:00:00  -  Run Local Usage
		Usr 1 00:20:31, Sys 0 00:00:35  -  Total Remote Usage
		Usr 0 00:00:00, Sys 0 00:00:00  -  Total Local Usage
	327976  -  Run Bytes Sent By Job
	225  -  Run Bytes Received By Job
	327976  -  Total Bytes Sent By Job
	225  -  Total Bytes Received By Job
	Partitionable Resources :    Usage  Request Allocated
	   Cpus                 :                 1         1
	   Disk (KB)            :      332  2048000   2425692
	   Memory (MB)          :      409     2000      2000
...
