000 (2117005.003.000) 06/02 02:18:38 Job submitted from host: <172.30.1.200:9618?addrs=172.30.1.200-9618+[--1]-9618&noUDP&sock=203143_c79e_3>
...
001 (2117005.003.000) 06/02 02:19:04 Job executing on host: <172.30.1.201:9618?addrs=172.30.1.201-9618+[--1]-9618&noUDP&sock=38984_5c24_3>
...
006 (2117005.003.000) 06/02 02:19:12 Image size of job updated: 180240
	8  -  MemoryUsage of job (MB)
	7680  -  ResidentSetSize of job (KB)
...
006 (2117005.003.000) 06/02 02:24:12 Image size of job updated: 894788
	383  -  MemoryUsage of job (MB)
	392020  -  ResidentSetSize of job (KB)
...
006 (2117005.003.000) 06/02 02:29:12 Image size of job updated: 894788
	383  -  MemoryUsage of job (MB)
	392100  -  ResidentSetSize of job (KB)
...
006 (2117005.003.000) 06/02 02:34:13 Image size of job updated: 894788
	383  -  MemoryUsage of job (MB)
	392124  -  ResidentSetSize of job (KB)
...
006 (2117005.003.000) 06/02 02:39:13 Image size of job updated: 894788
	383  -  MemoryUsage of job (MB)
	392152  -  ResidentSetSize of job (KB)
...
006 (2117005.003.000) 06/02 03:14:17 Image size of job updated: 894788
	395  -  MemoryUsage of job (MB)
	403504  -  ResidentSetSize of job (KB)
...
006 (2117005.003.000) 06/02 18:15:51 Image size of job updated: 900024
	395  -  MemoryUsage of job (MB)
	403504  -  ResidentSetSize of job (KB)
...
006 (2117005.003.000) 06/02 20:31:05 Image size of job updated: 904600
	395  -  MemoryUsage of job (MB)
	403504  -  ResidentSetSize of job (KB)
...
006 (2117005.003.000) 06/02 22:01:16 Image size of job updated: 904856
	395  -  MemoryUsage of job (MB)
	403504  -  ResidentSetSize of job (KB)
...
006 (2117005.003.000) 06/02 22:51:21 Image size of job updated: 910092
	395  -  MemoryUsage of job (MB)
	403504  -  ResidentSetSize of job (KB)
...
006 (2117005.003.000) 06/03 00:16:31 Image size of job updated: 910348
	395  -  MemoryUsage of job (MB)
	403504  -  ResidentSetSize of job (KB)
...
006 (2117005.003.000) 06/03 01:01:35 Image size of job updated: 916700
	395  -  MemoryUsage of job (MB)
	403504  -  ResidentSetSize of job (KB)
...
006 (2117005.003.000) 06/03 02:26:43 Image size of job updated: 916956
	395  -  MemoryUsage of job (MB)
	403504  -  ResidentSetSize of job (KB)
...
006 (2117005.003.000) 06/03 03:16:49 Image size of job updated: 923856
	395  -  MemoryUsage of job (MB)
	403504  -  ResidentSetSize of job (KB)
...
006 (2117005.003.000) 06/03 04:56:59 Image size of job updated: 929664
	395  -  MemoryUsage of job (MB)
	403504  -  ResidentSetSize of job (KB)
...
006 (2117005.003.000) 06/03 05:52:04 Image size of job updated: 929920
	395  -  MemoryUsage of job (MB)
	403504  -  ResidentSetSize of job (KB)
...
006 (2117005.003.000) 06/03 06:17:06 Image size of job updated: 935728
	395  -  MemoryUsage of job (MB)
	403504  -  ResidentSetSize of job (KB)
...
006 (2117005.003.000) 06/03 07:01:35 Image size of job updated: 935744
	395  -  MemoryUsage of job (MB)
	403504  -  ResidentSetSize of job (KB)
...
005 (2117005.003.000) 06/03 07:01:35 Job terminated.
	(1) Normal termination (return value 0)
		Usr 1 04:41:49, Sys 0 00:00:23  -  Run Remote Usage
		Usr 0 00:00:00, Sys 0 00:00:00  -  Run Local Usage
		Usr 1 04:41:49, Sys 0 00:00:23  -  Total Remote Usage
		Usr 0 00:00:00, Sys 0 00:00:00  -  Total Local Usage
	203108  -  Run Bytes Sent By Job
	225  -  Run Bytes Received By Job
	203108  -  Total Bytes Sent By Job
	225  -  Total Bytes Received By Job
	Partitionable Resources :    Usage  Request Allocated
	   Cpus                 :                 1         1
	   Disk (KB)            :      210  2048000   2385094
	   Memory (MB)          :      395     2000      2000
...
