000 (2117005.030.000) 06/02 02:18:38 Job submitted from host: <172.30.1.200:9618?addrs=172.30.1.200-9618+[--1]-9618&noUDP&sock=203143_c79e_3>
...
001 (2117005.030.000) 06/02 02:19:04 Job executing on host: <172.30.1.203:9618?addrs=172.30.1.203-9618+[--1]-9618&noUDP&sock=4770_66d7_5>
...
006 (2117005.030.000) 06/02 02:19:13 Image size of job updated: 180108
	8  -  MemoryUsage of job (MB)
	7508  -  ResidentSetSize of job (KB)
...
006 (2117005.030.000) 06/02 02:24:14 Image size of job updated: 897820
	399  -  MemoryUsage of job (MB)
	407644  -  ResidentSetSize of job (KB)
...
006 (2117005.030.000) 06/02 02:29:14 Image size of job updated: 897820
	410  -  MemoryUsage of job (MB)
	419092  -  ResidentSetSize of job (KB)
...
006 (2117005.030.000) 06/02 02:44:15 Image size of job updated: 897820
	410  -  MemoryUsage of job (MB)
	419120  -  ResidentSetSize of job (KB)
...
006 (2117005.030.000) 06/02 03:29:20 Image size of job updated: 897820
	412  -  MemoryUsage of job (MB)
	420940  -  ResidentSetSize of job (KB)
...
006 (2117005.030.000) 06/02 03:34:20 Image size of job updated: 897820
	412  -  MemoryUsage of job (MB)
	420972  -  ResidentSetSize of job (KB)
...
006 (2117005.030.000) 06/02 14:20:26 Image size of job updated: 900936
	412  -  MemoryUsage of job (MB)
	420972  -  ResidentSetSize of job (KB)
...
006 (2117005.030.000) 06/02 15:30:34 Image size of job updated: 901192
	412  -  MemoryUsage of job (MB)
	420972  -  ResidentSetSize of job (KB)
...
006 (2117005.030.000) 06/02 16:10:39 Image size of job updated: 906388
	412  -  MemoryUsage of job (MB)
	420972  -  ResidentSetSize of job (KB)
...
006 (2117005.030.000) 06/02 17:25:45 Image size of job updated: 910952
	412  -  MemoryUsage of job (MB)
	420972  -  ResidentSetSize of job (KB)
...
006 (2117005.030.000) 06/02 17:55:48 Image size of job updated: 911208
	412  -  MemoryUsage of job (MB)
	420972  -  ResidentSetSize of job (KB)
...
006 (2117005.030.000) 06/02 19:00:55 Image size of job updated: 917420
	412  -  MemoryUsage of job (MB)
	420972  -  ResidentSetSize of job (KB)
...
006 (2117005.030.000) 06/02 20:41:05 Image size of job updated: 922380
	412  -  MemoryUsage of job (MB)
	420972  -  ResidentSetSize of job (KB)
...
006 (2117005.030.000) 06/02 21:26:09 Image size of job updated: 922636
	412  -  MemoryUsage of job (MB)
	420972  -  ResidentSetSize of job (KB)
...
006 (2117005.030.000) 06/02 22:26:15 Image size of job updated: 927600
	412  -  MemoryUsage of job (MB)
	420972  -  ResidentSetSize of job (KB)
...
006 (2117005.030.000) 06/02 23:11:20 Image size of job updated: 927856
	412  -  MemoryUsage of job (MB)
	420972  -  ResidentSetSize of job (KB)
...
006 (2117005.030.000) 06/03 00:11:27 Image size of job updated: 931804
	412  -  MemoryUsage of job (MB)
	420972  -  ResidentSetSize of job (KB)
...
006 (2117005.030.000) 06/03 00:56:32 Image size of job updated: 932060
	412  -  MemoryUsage of job (MB)
	420972  -  ResidentSetSize of job (KB)
...
006 (2117005.030.000) 06/03 02:01:39 Image size of job updated: 935896
	412  -  MemoryUsage of job (MB)
	420972  -  ResidentSetSize of job (KB)
...
005 (2117005.030.000) 06/03 02:43:41 Job terminated.
	(1) Normal termination (return value 0)
		Usr 1 00:23:10, Sys 0 00:00:55  -  Run Remote Usage
		Usr 0 00:00:00, Sys 0 00:00:00  -  Run Local Usage
		Usr 1 00:23:10, Sys 0 00:00:55  -  Total Remote Usage
		Usr 0 00:00:00, Sys 0 00:00:00  -  Total Local Usage
	343966  -  Run Bytes Sent By Job
	225  -  Run Bytes Received By Job
	343966  -  Total Bytes Sent By Job
	225  -  Total Bytes Received By Job
	Partitionable Resources :    Usage  Request Allocated
	   Cpus                 :                 1         1
	   Disk (KB)            :      347  2048000   2425692
	   Memory (MB)          :      412     2000      2000
...
