000 (2117005.008.000) 06/02 02:18:38 Job submitted from host: <172.30.1.200:9618?addrs=172.30.1.200-9618+[--1]-9618&noUDP&sock=203143_c79e_3>
...
001 (2117005.008.000) 06/02 02:19:04 Job executing on host: <172.30.1.201:9618?addrs=172.30.1.201-9618+[--1]-9618&noUDP&sock=38984_5c24_3>
...
006 (2117005.008.000) 06/02 02:19:13 Image size of job updated: 893456
	386  -  MemoryUsage of job (MB)
	394500  -  ResidentSetSize of job (KB)
...
006 (2117005.008.000) 06/02 02:24:14 Image size of job updated: 894776
	387  -  MemoryUsage of job (MB)
	395784  -  ResidentSetSize of job (KB)
...
006 (2117005.008.000) 06/02 02:29:15 Image size of job updated: 894776
	387  -  MemoryUsage of job (MB)
	395816  -  ResidentSetSize of job (KB)
...
006 (2117005.008.000) 06/02 02:34:15 Image size of job updated: 894908
	387  -  MemoryUsage of job (MB)
	395960  -  ResidentSetSize of job (KB)
...
006 (2117005.008.000) 06/02 02:39:16 Image size of job updated: 894908
	397  -  MemoryUsage of job (MB)
	405936  -  ResidentSetSize of job (KB)
...
006 (2117005.008.000) 06/02 02:44:17 Image size of job updated: 894908
	397  -  MemoryUsage of job (MB)
	406024  -  ResidentSetSize of job (KB)
...
006 (2117005.008.000) 06/02 03:09:18 Image size of job updated: 894908
	402  -  MemoryUsage of job (MB)
	411420  -  ResidentSetSize of job (KB)
...
006 (2117005.008.000) 06/02 03:14:19 Image size of job updated: 894908
	402  -  MemoryUsage of job (MB)
	411444  -  ResidentSetSize of job (KB)
...
006 (2117005.008.000) 06/02 17:40:48 Image size of job updated: 894980
	402  -  MemoryUsage of job (MB)
	411444  -  ResidentSetSize of job (KB)
...
006 (2117005.008.000) 06/02 19:05:57 Image size of job updated: 899640
	402  -  MemoryUsage of job (MB)
	411444  -  ResidentSetSize of job (KB)
...
006 (2117005.008.000) 06/02 21:26:11 Image size of job updated: 904876
	402  -  MemoryUsage of job (MB)
	411444  -  ResidentSetSize of job (KB)
...
006 (2117005.008.000) 06/02 22:11:16 Image size of job updated: 905132
	402  -  MemoryUsage of job (MB)
	411444  -  ResidentSetSize of job (KB)
...
006 (2117005.008.000) 06/02 23:41:25 Image size of job updated: 909136
	402  -  MemoryUsage of job (MB)
	411444  -  ResidentSetSize of job (KB)
...
006 (2117005.008.000) 06/03 00:21:30 Image size of job updated: 909392
	402  -  MemoryUsage of job (MB)
	411444  -  ResidentSetSize of job (KB)
...
006 (2117005.008.000) 06/03 01:56:39 Image size of job updated: 911680
	402  -  MemoryUsage of job (MB)
	411444  -  ResidentSetSize of job (KB)
...
006 (2117005.008.000) 06/03 02:41:44 Image size of job updated: 911936
	402  -  MemoryUsage of job (MB)
	411444  -  ResidentSetSize of job (KB)
...
006 (2117005.008.000) 06/03 04:11:54 Image size of job updated: 919140
	402  -  MemoryUsage of job (MB)
	411444  -  ResidentSetSize of job (KB)
...
006 (2117005.008.000) 06/03 05:27:01 Image size of job updated: 924052
	402  -  MemoryUsage of job (MB)
	411444  -  ResidentSetSize of job (KB)
...
006 (2117005.008.000) 06/03 05:52:04 Image size of job updated: 924308
	402  -  MemoryUsage of job (MB)
	411444  -  ResidentSetSize of job (KB)
...
006 (2117005.008.000) 06/03 06:42:09 Image size of job updated: 929796
	402  -  MemoryUsage of job (MB)
	411444  -  ResidentSetSize of job (KB)
...
005 (2117005.008.000) 06/03 07:00:06 Job terminated.
	(1) Normal termination (return value 0)
		Usr 1 04:40:15, Sys 0 00:00:23  -  Run Remote Usage
		Usr 0 00:00:00, Sys 0 00:00:00  -  Run Local Usage
		Usr 1 04:40:15, Sys 0 00:00:23  -  Total Remote Usage
		Usr 0 00:00:00, Sys 0 00:00:00  -  Total Local Usage
	205708  -  Run Bytes Sent By Job
	225  -  Run Bytes Received By Job
	205708  -  Total Bytes Sent By Job
	225  -  Total Bytes Received By Job
	Partitionable Resources :    Usage  Request Allocated
	   Cpus                 :                 1         1
	   Disk (KB)            :      212  2048000   2385094
	   Memory (MB)          :      402     2000      2000
...
