000 (2117005.026.000) 06/02 02:18:38 Job submitted from host: <172.30.1.200:9618?addrs=172.30.1.200-9618+[--1]-9618&noUDP&sock=203143_c79e_3>
...
001 (2117005.026.000) 06/02 02:19:04 Job executing on host: <172.30.1.203:9618?addrs=172.30.1.203-9618+[--1]-9618&noUDP&sock=4770_66d7_5>
...
006 (2117005.026.000) 06/02 02:19:13 Image size of job updated: 180236
	8  -  MemoryUsage of job (MB)
	7404  -  ResidentSetSize of job (KB)
...
006 (2117005.026.000) 06/02 02:24:14 Image size of job updated: 897292
	396  -  MemoryUsage of job (MB)
	404600  -  ResidentSetSize of job (KB)
...
006 (2117005.026.000) 06/02 02:29:15 Image size of job updated: 897292
	396  -  MemoryUsage of job (MB)
	404616  -  ResidentSetSize of job (KB)
...
006 (2117005.026.000) 06/02 02:34:15 Image size of job updated: 897292
	407  -  MemoryUsage of job (MB)
	416136  -  ResidentSetSize of job (KB)
...
006 (2117005.026.000) 06/02 02:39:16 Image size of job updated: 897292
	407  -  MemoryUsage of job (MB)
	416176  -  ResidentSetSize of job (KB)
...
006 (2117005.026.000) 06/02 02:59:18 Image size of job updated: 897292
	409  -  MemoryUsage of job (MB)
	418120  -  ResidentSetSize of job (KB)
...
006 (2117005.026.000) 06/02 03:09:18 Image size of job updated: 897292
	409  -  MemoryUsage of job (MB)
	418292  -  ResidentSetSize of job (KB)
...
006 (2117005.026.000) 06/02 03:24:20 Image size of job updated: 897292
	410  -  MemoryUsage of job (MB)
	418960  -  ResidentSetSize of job (KB)
...
006 (2117005.026.000) 06/02 22:01:15 Image size of job updated: 899744
	410  -  MemoryUsage of job (MB)
	418960  -  ResidentSetSize of job (KB)
...
006 (2117005.026.000) 06/02 22:06:15 Image size of job updated: 899876
	410  -  MemoryUsage of job (MB)
	418960  -  ResidentSetSize of job (KB)
...
006 (2117005.026.000) 06/02 22:11:16 Image size of job updated: 900008
	410  -  MemoryUsage of job (MB)
	418960  -  ResidentSetSize of job (KB)
...
006 (2117005.026.000) 06/02 22:26:17 Image size of job updated: 900140
	410  -  MemoryUsage of job (MB)
	418960  -  ResidentSetSize of job (KB)
...
006 (2117005.026.000) 06/02 22:46:20 Image size of job updated: 900536
	410  -  MemoryUsage of job (MB)
	418960  -  ResidentSetSize of job (KB)
...
006 (2117005.026.000) 06/02 23:46:25 Image size of job updated: 904224
	410  -  MemoryUsage of job (MB)
	418960  -  ResidentSetSize of job (KB)
...
006 (2117005.026.000) 06/02 23:51:27 Image size of job updated: 904752
	410  -  MemoryUsage of job (MB)
	418960  -  ResidentSetSize of job (KB)
...
006 (2117005.026.000) 06/02 23:56:27 Image size of job updated: 904884
	410  -  MemoryUsage of job (MB)
	418960  -  ResidentSetSize of job (KB)
...
006 (2117005.026.000) 06/03 00:11:29 Image size of job updated: 905016
	410  -  MemoryUsage of job (MB)
	418960  -  ResidentSetSize of job (KB)
...
006 (2117005.026.000) 06/03 00:31:31 Image size of job updated: 905412
	410  -  MemoryUsage of job (MB)
	418960  -  ResidentSetSize of job (KB)
...
006 (2117005.026.000) 06/03 01:21:37 Image size of job updated: 905544
	410  -  MemoryUsage of job (MB)
	418960  -  ResidentSetSize of job (KB)
...
006 (2117005.026.000) 06/03 01:41:40 Image size of job updated: 909604
	410  -  MemoryUsage of job (MB)
	418960  -  ResidentSetSize of job (KB)
...
006 (2117005.026.000) 06/03 01:51:41 Image size of job updated: 909736
	410  -  MemoryUsage of job (MB)
	418960  -  ResidentSetSize of job (KB)
...
006 (2117005.026.000) 06/03 02:01:42 Image size of job updated: 909868
	410  -  MemoryUsage of job (MB)
	418960  -  ResidentSetSize of job (KB)
...
006 (2117005.026.000) 06/03 02:21:44 Image size of job updated: 910264
	410  -  MemoryUsage of job (MB)
	418960  -  ResidentSetSize of job (KB)
...
006 (2117005.026.000) 06/03 03:20:13 Image size of job updated: 918792
	410  -  MemoryUsage of job (MB)
	418960  -  ResidentSetSize of job (KB)
...
005 (2117005.026.000) 06/03 03:20:13 Job terminated.
	(1) Normal termination (return value 0)
		Usr 1 01:00:19, Sys 0 00:00:24  -  Run Remote Usage
		Usr 0 00:00:00, Sys 0 00:00:00  -  Run Local Usage
		Usr 1 01:00:19, Sys 0 00:00:24  -  Total Remote Usage
		Usr 0 00:00:00, Sys 0 00:00:00  -  Total Local Usage
	324466  -  Run Bytes Sent By Job
	225  -  Run Bytes Received By Job
	324466  -  Total Bytes Sent By Job
	225  -  Total Bytes Received By Job
	Partitionable Resources :    Usage  Request Allocated
	   Cpus                 :                 1         1
	   Disk (KB)            :      328  2048000   2425692
	   Memory (MB)          :      410     2000      2000
...
