000 (2117005.038.000) 06/02 02:18:38 Job submitted from host: <172.30.1.200:9618?addrs=172.30.1.200-9618+[--1]-9618&noUDP&sock=203143_c79e_3>
...
001 (2117005.038.000) 06/02 02:19:05 Job executing on host: <172.30.1.203:9618?addrs=172.30.1.203-9618+[--1]-9618&noUDP&sock=4770_66d7_5>
...
006 (2117005.038.000) 06/02 02:19:13 Image size of job updated: 179316
	8  -  MemoryUsage of job (MB)
	7516  -  ResidentSetSize of job (KB)
...
006 (2117005.038.000) 06/02 02:24:13 Image size of job updated: 897708
	398  -  MemoryUsage of job (MB)
	407436  -  ResidentSetSize of job (KB)
...
006 (2117005.038.000) 06/02 02:29:13 Image size of job updated: 897840
	398  -  MemoryUsage of job (MB)
	407500  -  ResidentSetSize of job (KB)
...
006 (2117005.038.000) 06/02 02:34:14 Image size of job updated: 897972
	410  -  MemoryUsage of job (MB)
	419188  -  ResidentSetSize of job (KB)
...
006 (2117005.038.000) 06/02 02:39:14 Image size of job updated: 897972
	410  -  MemoryUsage of job (MB)
	419248  -  ResidentSetSize of job (KB)
...
006 (2117005.038.000) 06/02 03:34:20 Image size of job updated: 897972
	412  -  MemoryUsage of job (MB)
	421208  -  ResidentSetSize of job (KB)
...
006 (2117005.038.000) 06/02 12:25:16 Image size of job updated: 899156
	412  -  MemoryUsage of job (MB)
	421208  -  ResidentSetSize of job (KB)
...
006 (2117005.038.000) 06/02 13:05:20 Image size of job updated: 899412
	412  -  MemoryUsage of job (MB)
	421208  -  ResidentSetSize of job (KB)
...
006 (2117005.038.000) 06/02 14:15:26 Image size of job updated: 905732
	412  -  MemoryUsage of job (MB)
	421208  -  ResidentSetSize of job (KB)
...
006 (2117005.038.000) 06/02 14:55:32 Image size of job updated: 905988
	412  -  MemoryUsage of job (MB)
	421208  -  ResidentSetSize of job (KB)
...
006 (2117005.038.000) 06/02 16:00:38 Image size of job updated: 912892
	412  -  MemoryUsage of job (MB)
	421208  -  ResidentSetSize of job (KB)
...
006 (2117005.038.000) 06/02 17:20:46 Image size of job updated: 918548
	412  -  MemoryUsage of job (MB)
	421208  -  ResidentSetSize of job (KB)
...
006 (2117005.038.000) 06/02 17:45:49 Image size of job updated: 918804
	412  -  MemoryUsage of job (MB)
	421208  -  ResidentSetSize of job (KB)
...
006 (2117005.038.000) 06/02 18:45:55 Image size of job updated: 925756
	412  -  MemoryUsage of job (MB)
	421208  -  ResidentSetSize of job (KB)
...
006 (2117005.038.000) 06/02 19:25:59 Image size of job updated: 926012
	412  -  MemoryUsage of job (MB)
	421208  -  ResidentSetSize of job (KB)
...
006 (2117005.038.000) 06/02 20:31:06 Image size of job updated: 932332
	412  -  MemoryUsage of job (MB)
	421208  -  ResidentSetSize of job (KB)
...
006 (2117005.038.000) 06/02 21:16:10 Image size of job updated: 932588
	412  -  MemoryUsage of job (MB)
	421208  -  ResidentSetSize of job (KB)
...
006 (2117005.038.000) 06/02 22:21:17 Image size of job updated: 936536
	412  -  MemoryUsage of job (MB)
	421208  -  ResidentSetSize of job (KB)
...
006 (2117005.038.000) 06/02 23:06:21 Image size of job updated: 936792
	412  -  MemoryUsage of job (MB)
	421208  -  ResidentSetSize of job (KB)
...
006 (2117005.038.000) 06/03 00:06:28 Image size of job updated: 944756
	412  -  MemoryUsage of job (MB)
	421208  -  ResidentSetSize of job (KB)
...
006 (2117005.038.000) 06/03 01:56:41 Image size of job updated: 949004
	412  -  MemoryUsage of job (MB)
	421208  -  ResidentSetSize of job (KB)
...
006 (2117005.038.000) 06/03 02:36:45 Image size of job updated: 949020
	412  -  MemoryUsage of job (MB)
	421208  -  ResidentSetSize of job (KB)
...
005 (2117005.038.000) 06/03 02:36:58 Job terminated.
	(1) Normal termination (return value 0)
		Usr 1 00:16:44, Sys 0 00:00:49  -  Run Remote Usage
		Usr 0 00:00:00, Sys 0 00:00:00  -  Run Local Usage
		Usr 1 00:16:44, Sys 0 00:00:49  -  Total Remote Usage
		Usr 0 00:00:00, Sys 0 00:00:00  -  Total Local Usage
	331811  -  Run Bytes Sent By Job
	225  -  Run Bytes Received By Job
	331811  -  Total Bytes Sent By Job
	225  -  Total Bytes Received By Job
	Partitionable Resources :    Usage  Request Allocated
	   Cpus                 :                 1         1
	   Disk (KB)            :      335  2048000   2425692
	   Memory (MB)          :      412     2000      2000
...
