000 (2117005.013.000) 06/02 02:18:38 Job submitted from host: <172.30.1.200:9618?addrs=172.30.1.200-9618+[--1]-9618&noUDP&sock=203143_c79e_3>
...
001 (2117005.013.000) 06/02 02:19:04 Job executing on host: <172.30.1.201:9618?addrs=172.30.1.201-9618+[--1]-9618&noUDP&sock=38984_5c24_3>
...
006 (2117005.013.000) 06/02 02:19:13 Image size of job updated: 893572
	389  -  MemoryUsage of job (MB)
	397684  -  ResidentSetSize of job (KB)
...
006 (2117005.013.000) 06/02 02:24:14 Image size of job updated: 894628
	390  -  MemoryUsage of job (MB)
	398856  -  ResidentSetSize of job (KB)
...
006 (2117005.013.000) 06/02 02:29:14 Image size of job updated: 894760
	390  -  MemoryUsage of job (MB)
	399008  -  ResidentSetSize of job (KB)
...
006 (2117005.013.000) 06/02 02:34:15 Image size of job updated: 895024
	390  -  MemoryUsage of job (MB)
	399192  -  ResidentSetSize of job (KB)
...
006 (2117005.013.000) 06/02 02:44:16 Image size of job updated: 895024
	400  -  MemoryUsage of job (MB)
	409176  -  ResidentSetSize of job (KB)
...
006 (2117005.013.000) 06/02 03:09:18 Image size of job updated: 895024
	402  -  MemoryUsage of job (MB)
	410636  -  ResidentSetSize of job (KB)
...
006 (2117005.013.000) 06/02 03:14:18 Image size of job updated: 895024
	402  -  MemoryUsage of job (MB)
	410648  -  ResidentSetSize of job (KB)
...
006 (2117005.013.000) 06/02 03:29:20 Image size of job updated: 895024
	402  -  MemoryUsage of job (MB)
	410712  -  ResidentSetSize of job (KB)
...
006 (2117005.013.000) 06/02 03:34:20 Image size of job updated: 895024
	402  -  MemoryUsage of job (MB)
	411272  -  ResidentSetSize of job (KB)
...
006 (2117005.013.000) 06/03 00:16:29 Image size of job updated: 895420
	402  -  MemoryUsage of job (MB)
	411272  -  ResidentSetSize of job (KB)
...
006 (2117005.013.000) 06/03 02:36:45 Image size of job updated: 899244
	402  -  MemoryUsage of job (MB)
	411272  -  ResidentSetSize of job (KB)
...
006 (2117005.013.000) 06/03 02:51:47 Image size of job updated: 899376
	402  -  MemoryUsage of job (MB)
	411272  -  ResidentSetSize of job (KB)
...
006 (2117005.013.000) 06/03 03:21:51 Image size of job updated: 899772
	402  -  MemoryUsage of job (MB)
	411272  -  ResidentSetSize of job (KB)
...
006 (2117005.013.000) 06/03 03:26:51 Image size of job updated: 900048
	402  -  MemoryUsage of job (MB)
	411272  -  ResidentSetSize of job (KB)
...
006 (2117005.013.000) 06/03 04:11:56 Image size of job updated: 900464
	402  -  MemoryUsage of job (MB)
	411272  -  ResidentSetSize of job (KB)
...
006 (2117005.013.000) 06/03 04:36:59 Image size of job updated: 906512
	402  -  MemoryUsage of job (MB)
	411272  -  ResidentSetSize of job (KB)
...
006 (2117005.013.000) 06/03 05:47:07 Image size of job updated: 913436
	402  -  MemoryUsage of job (MB)
	411272  -  ResidentSetSize of job (KB)
...
006 (2117005.013.000) 06/03 06:52:13 Image size of job updated: 913692
	402  -  MemoryUsage of job (MB)
	411272  -  ResidentSetSize of job (KB)
...
005 (2117005.013.000) 06/03 06:59:24 Job terminated.
	(1) Normal termination (return value 0)
		Usr 1 04:38:43, Sys 0 00:01:15  -  Run Remote Usage
		Usr 0 00:00:00, Sys 0 00:00:00  -  Run Local Usage
		Usr 1 04:38:43, Sys 0 00:01:15  -  Total Remote Usage
		Usr 0 00:00:00, Sys 0 00:00:00  -  Total Local Usage
	200705  -  Run Bytes Sent By Job
	225  -  Run Bytes Received By Job
	200705  -  Total Bytes Sent By Job
	225  -  Total Bytes Received By Job
	Partitionable Resources :    Usage  Request Allocated
	   Cpus                 :                 1         1
	   Disk (KB)            :      207  2048000   2385094
	   Memory (MB)          :      402     2000      2000
...
