000 (2117005.007.000) 06/02 02:18:38 Job submitted from host: <172.30.1.200:9618?addrs=172.30.1.200-9618+[--1]-9618&noUDP&sock=203143_c79e_3>
...
001 (2117005.007.000) 06/02 02:19:04 Job executing on host: <172.30.1.201:9618?addrs=172.30.1.201-9618+[--1]-9618&noUDP&sock=38984_5c24_3>
...
006 (2117005.007.000) 06/02 02:19:12 Image size of job updated: 180852
	26  -  MemoryUsage of job (MB)
	25892  -  ResidentSetSize of job (KB)
...
006 (2117005.007.000) 06/02 02:24:12 Image size of job updated: 894516
	384  -  MemoryUsage of job (MB)
	392972  -  ResidentSetSize of job (KB)
...
006 (2117005.007.000) 06/02 02:29:13 Image size of job updated: 894912
	385  -  MemoryUsage of job (MB)
	393276  -  ResidentSetSize of job (KB)
...
006 (2117005.007.000) 06/02 02:34:13 Image size of job updated: 894912
	385  -  MemoryUsage of job (MB)
	393308  -  ResidentSetSize of job (KB)
...
006 (2117005.007.000) 06/02 02:39:13 Image size of job updated: 894912
	394  -  MemoryUsage of job (MB)
	403256  -  ResidentSetSize of job (KB)
...
006 (2117005.007.000) 06/02 02:44:15 Image size of job updated: 894912
	394  -  MemoryUsage of job (MB)
	403388  -  ResidentSetSize of job (KB)
...
006 (2117005.007.000) 06/02 02:54:15 Image size of job updated: 894912
	395  -  MemoryUsage of job (MB)
	403648  -  ResidentSetSize of job (KB)
...
006 (2117005.007.000) 06/02 19:10:58 Image size of job updated: 895696
	395  -  MemoryUsage of job (MB)
	403648  -  ResidentSetSize of job (KB)
...
006 (2117005.007.000) 06/02 21:26:13 Image size of job updated: 898028
	395  -  MemoryUsage of job (MB)
	403648  -  ResidentSetSize of job (KB)
...
006 (2117005.007.000) 06/02 23:41:27 Image size of job updated: 901688
	395  -  MemoryUsage of job (MB)
	403648  -  ResidentSetSize of job (KB)
...
006 (2117005.007.000) 06/03 01:51:42 Image size of job updated: 906120
	395  -  MemoryUsage of job (MB)
	403648  -  ResidentSetSize of job (KB)
...
006 (2117005.007.000) 06/03 01:56:42 Image size of job updated: 906376
	395  -  MemoryUsage of job (MB)
	403648  -  ResidentSetSize of job (KB)
...
006 (2117005.007.000) 06/03 04:06:56 Image size of job updated: 911900
	395  -  MemoryUsage of job (MB)
	403648  -  ResidentSetSize of job (KB)
...
006 (2117005.007.000) 06/03 04:16:56 Image size of job updated: 913612
	395  -  MemoryUsage of job (MB)
	403648  -  ResidentSetSize of job (KB)
...
006 (2117005.007.000) 06/03 05:22:01 Image size of job updated: 915800
	395  -  MemoryUsage of job (MB)
	403648  -  ResidentSetSize of job (KB)
...
006 (2117005.007.000) 06/03 06:32:39 Image size of job updated: 916332
	395  -  MemoryUsage of job (MB)
	403648  -  ResidentSetSize of job (KB)
...
005 (2117005.007.000) 06/03 06:32:39 Job terminated.
	(1) Normal termination (return value 0)
		Usr 1 04:12:19, Sys 0 00:00:59  -  Run Remote Usage
		Usr 0 00:00:00, Sys 0 00:00:00  -  Run Local Usage
		Usr 1 04:12:19, Sys 0 00:00:59  -  Total Remote Usage
		Usr 0 00:00:00, Sys 0 00:00:00  -  Total Local Usage
	201938  -  Run Bytes Sent By Job
	225  -  Run Bytes Received By Job
	201938  -  Total Bytes Sent By Job
	225  -  Total Bytes Received By Job
	Partitionable Resources :    Usage  Request Allocated
	   Cpus                 :                 1         1
	   Disk (KB)            :      209  2048000   2385094
	   Memory (MB)          :      395     2000      2000
...
