000 (2117005.020.000) 06/02 02:18:38 Job submitted from host: <172.30.1.200:9618?addrs=172.30.1.200-9618+[--1]-9618&noUDP&sock=203143_c79e_3>
...
001 (2117005.020.000) 06/02 02:19:04 Job executing on host: <172.30.1.203:9618?addrs=172.30.1.203-9618+[--1]-9618&noUDP&sock=4770_66d7_5>
...
006 (2117005.020.000) 06/02 02:19:12 Image size of job updated: 180440
	8  -  MemoryUsage of job (MB)
	7408  -  ResidentSetSize of job (KB)
...
006 (2117005.020.000) 06/02 02:24:12 Image size of job updated: 896776
	406  -  MemoryUsage of job (MB)
	415652  -  ResidentSetSize of job (KB)
...
006 (2117005.020.000) 06/02 02:29:13 Image size of job updated: 896776
	407  -  MemoryUsage of job (MB)
	415800  -  ResidentSetSize of job (KB)
...
006 (2117005.020.000) 06/02 02:34:13 Image size of job updated: 896776
	407  -  MemoryUsage of job (MB)
	416052  -  ResidentSetSize of job (KB)
...
006 (2117005.020.000) 06/02 02:39:13 Image size of job updated: 896776
	407  -  MemoryUsage of job (MB)
	416180  -  ResidentSetSize of job (KB)
...
006 (2117005.020.000) 06/02 02:44:14 Image size of job updated: 896776
	409  -  MemoryUsage of job (MB)
	418156  -  ResidentSetSize of job (KB)
...
006 (2117005.020.000) 06/02 03:04:17 Image size of job updated: 896776
	409  -  MemoryUsage of job (MB)
	418400  -  ResidentSetSize of job (KB)
...
006 (2117005.020.000) 06/02 03:09:17 Image size of job updated: 896776
	410  -  MemoryUsage of job (MB)
	419068  -  ResidentSetSize of job (KB)
...
006 (2117005.020.000) 06/02 03:24:18 Image size of job updated: 896776
	410  -  MemoryUsage of job (MB)
	419124  -  ResidentSetSize of job (KB)
...
006 (2117005.020.000) 06/02 03:34:19 Image size of job updated: 896776
	410  -  MemoryUsage of job (MB)
	419260  -  ResidentSetSize of job (KB)
...
006 (2117005.020.000) 06/02 19:10:56 Image size of job updated: 899416
	410  -  MemoryUsage of job (MB)
	419260  -  ResidentSetSize of job (KB)
...
006 (2117005.020.000) 06/02 19:20:57 Image size of job updated: 899812
	410  -  MemoryUsage of job (MB)
	419260  -  ResidentSetSize of job (KB)
...
006 (2117005.020.000) 06/02 19:25:58 Image size of job updated: 899944
	410  -  MemoryUsage of job (MB)
	419260  -  ResidentSetSize of job (KB)
...
006 (2117005.020.000) 06/02 19:50:59 Image size of job updated: 900208
	410  -  MemoryUsage of job (MB)
	419260  -  ResidentSetSize of job (KB)
...
006 (2117005.020.000) 06/02 20:06:01 Image size of job updated: 900340
	410  -  MemoryUsage of job (MB)
	419260  -  ResidentSetSize of job (KB)
...
006 (2117005.020.000) 06/02 20:16:03 Image size of job updated: 900472
	410  -  MemoryUsage of job (MB)
	419260  -  ResidentSetSize of job (KB)
...
006 (2117005.020.000) 06/02 20:41:05 Image size of job updated: 900672
	410  -  MemoryUsage of job (MB)
	419260  -  ResidentSetSize of job (KB)
...
006 (2117005.020.000) 06/02 20:56:06 Image size of job updated: 904528
	410  -  MemoryUsage of job (MB)
	419260  -  ResidentSetSize of job (KB)
...
006 (2117005.020.000) 06/02 21:01:07 Image size of job updated: 904784
	410  -  MemoryUsage of job (MB)
	419260  -  ResidentSetSize of job (KB)
...
006 (2117005.020.000) 06/02 21:06:08 Image size of job updated: 905180
	410  -  MemoryUsage of job (MB)
	419260  -  ResidentSetSize of job (KB)
...
006 (2117005.020.000) 06/02 21:11:08 Image size of job updated: 905312
	410  -  MemoryUsage of job (MB)
	419260  -  ResidentSetSize of job (KB)
...
006 (2117005.020.000) 06/02 21:36:12 Image size of job updated: 905576
	410  -  MemoryUsage of job (MB)
	419260  -  ResidentSetSize of job (KB)
...
006 (2117005.020.000) 06/02 21:51:13 Image size of job updated: 905708
	410  -  MemoryUsage of job (MB)
	419260  -  ResidentSetSize of job (KB)
...
006 (2117005.020.000) 06/02 22:01:13 Image size of job updated: 905840
	410  -  MemoryUsage of job (MB)
	419260  -  ResidentSetSize of job (KB)
...
006 (2117005.020.000) 06/02 22:26:17 Image size of job updated: 906040
	410  -  MemoryUsage of job (MB)
	419260  -  ResidentSetSize of job (KB)
...
006 (2117005.020.000) 06/02 22:41:18 Image size of job updated: 910560
	410  -  MemoryUsage of job (MB)
	419260  -  ResidentSetSize of job (KB)
...
006 (2117005.020.000) 06/02 23:26:23 Image size of job updated: 910824
	410  -  MemoryUsage of job (MB)
	419260  -  ResidentSetSize of job (KB)
...
006 (2117005.020.000) 06/02 23:36:24 Image size of job updated: 911080
	410  -  MemoryUsage of job (MB)
	419260  -  ResidentSetSize of job (KB)
...
006 (2117005.020.000) 06/02 23:41:25 Image size of job updated: 911212
	410  -  MemoryUsage of job (MB)
	419260  -  ResidentSetSize of job (KB)
...
006 (2117005.020.000) 06/02 23:51:26 Image size of job updated: 911344
	410  -  MemoryUsage of job (MB)
	419260  -  ResidentSetSize of job (KB)
...
006 (2117005.020.000) 06/03 00:11:28 Image size of job updated: 911476
	410  -  MemoryUsage of job (MB)
	419260  -  ResidentSetSize of job (KB)
...
006 (2117005.020.000) 06/03 00:31:31 Image size of job updated: 916116
	410  -  MemoryUsage of job (MB)
	419260  -  ResidentSetSize of job (KB)
...
006 (2117005.020.000) 06/03 01:11:35 Image size of job updated: 916248
	410  -  MemoryUsage of job (MB)
	419260  -  ResidentSetSize of job (KB)
...
006 (2117005.020.000) 06/03 01:41:39 Image size of job updated: 916516
	410  -  MemoryUsage of job (MB)
	419260  -  ResidentSetSize of job (KB)
...
006 (2117005.020.000) 06/03 02:06:40 Image size of job updated: 916704
	410  -  MemoryUsage of job (MB)
	419260  -  ResidentSetSize of job (KB)
...
006 (2117005.020.000) 06/03 02:22:04 Image size of job updated: 916720
	410  -  MemoryUsage of job (MB)
	419260  -  ResidentSetSize of job (KB)
...
005 (2117005.020.000) 06/03 02:22:04 Job terminated.
	(1) Normal termination (return value 0)
		Usr 1 00:01:43, Sys 0 00:00:49  -  Run Remote Usage
		Usr 0 00:00:00, Sys 0 00:00:00  -  Run Local Usage
		Usr 1 00:01:43, Sys 0 00:00:49  -  Total Remote Usage
		Usr 0 00:00:00, Sys 0 00:00:00  -  Total Local Usage
	334151  -  Run Bytes Sent By Job
	225  -  Run Bytes Received By Job
	334151  -  Total Bytes Sent By Job
	225  -  Total Bytes Received By Job
	Partitionable Resources :    Usage  Request Allocated
	   Cpus                 :                 1         1
	   Disk (KB)            :      338  2048000   2425692
	   Memory (MB)          :      410     2000      2000
...
