000 (2117005.037.000) 06/02 02:18:38 Job submitted from host: <172.30.1.200:9618?addrs=172.30.1.200-9618+[--1]-9618&noUDP&sock=203143_c79e_3>
...
001 (2117005.037.000) 06/02 02:19:05 Job executing on host: <172.30.1.203:9618?addrs=172.30.1.203-9618+[--1]-9618&noUDP&sock=4770_66d7_5>
...
006 (2117005.037.000) 06/02 02:19:13 Image size of job updated: 179316
	8  -  MemoryUsage of job (MB)
	7476  -  ResidentSetSize of job (KB)
...
006 (2117005.037.000) 06/02 02:24:13 Image size of job updated: 857288
	399  -  MemoryUsage of job (MB)
	408396  -  ResidentSetSize of job (KB)
...
006 (2117005.037.000) 06/02 02:34:15 Image size of job updated: 857288
	399  -  MemoryUsage of job (MB)
	408460  -  ResidentSetSize of job (KB)
...
006 (2117005.037.000) 06/02 02:44:15 Image size of job updated: 857288
	399  -  MemoryUsage of job (MB)
	408520  -  ResidentSetSize of job (KB)
...
006 (2117005.037.000) 06/02 02:49:17 Image size of job updated: 857288
	400  -  MemoryUsage of job (MB)
	408692  -  ResidentSetSize of job (KB)
...
006 (2117005.037.000) 06/02 03:04:18 Image size of job updated: 857288
	400  -  MemoryUsage of job (MB)
	408748  -  ResidentSetSize of job (KB)
...
006 (2117005.037.000) 06/02 03:14:19 Image size of job updated: 857288
	400  -  MemoryUsage of job (MB)
	408756  -  ResidentSetSize of job (KB)
...
006 (2117005.037.000) 06/02 04:19:26 Image size of job updated: 862828
	400  -  MemoryUsage of job (MB)
	408756  -  ResidentSetSize of job (KB)
...
006 (2117005.037.000) 06/02 05:49:34 Image size of job updated: 866084
	400  -  MemoryUsage of job (MB)
	408756  -  ResidentSetSize of job (KB)
...
006 (2117005.037.000) 06/02 07:29:46 Image size of job updated: 871232
	400  -  MemoryUsage of job (MB)
	408756  -  ResidentSetSize of job (KB)
...
006 (2117005.037.000) 06/02 09:24:58 Image size of job updated: 873864
	400  -  MemoryUsage of job (MB)
	408756  -  ResidentSetSize of job (KB)
...
006 (2117005.037.000) 06/02 11:20:10 Image size of job updated: 879644
	400  -  MemoryUsage of job (MB)
	408756  -  ResidentSetSize of job (KB)
...
006 (2117005.037.000) 06/02 13:10:21 Image size of job updated: 883276
	400  -  MemoryUsage of job (MB)
	408756  -  ResidentSetSize of job (KB)
...
006 (2117005.037.000) 06/02 13:15:23 Image size of job updated: 883532
	400  -  MemoryUsage of job (MB)
	408756  -  ResidentSetSize of job (KB)
...
006 (2117005.037.000) 06/02 15:00:34 Image size of job updated: 888268
	400  -  MemoryUsage of job (MB)
	408756  -  ResidentSetSize of job (KB)
...
006 (2117005.037.000) 06/02 15:50:39 Image size of job updated: 888524
	400  -  MemoryUsage of job (MB)
	408756  -  ResidentSetSize of job (KB)
...
006 (2117005.037.000) 06/02 16:35:44 Image size of job updated: 892344
	400  -  MemoryUsage of job (MB)
	408756  -  ResidentSetSize of job (KB)
...
006 (2117005.037.000) 06/02 17:45:51 Image size of job updated: 895596
	400  -  MemoryUsage of job (MB)
	408756  -  ResidentSetSize of job (KB)
...
006 (2117005.037.000) 06/02 17:55:52 Image size of job updated: 895852
	400  -  MemoryUsage of job (MB)
	408756  -  ResidentSetSize of job (KB)
...
006 (2117005.037.000) 06/02 19:26:01 Image size of job updated: 900368
	400  -  MemoryUsage of job (MB)
	408756  -  ResidentSetSize of job (KB)
...
006 (2117005.037.000) 06/02 21:11:12 Image size of job updated: 904508
	400  -  MemoryUsage of job (MB)
	408756  -  ResidentSetSize of job (KB)
...
006 (2117005.037.000) 06/02 23:01:24 Image size of job updated: 909976
	400  -  MemoryUsage of job (MB)
	408756  -  ResidentSetSize of job (KB)
...
006 (2117005.037.000) 06/03 00:51:37 Image size of job updated: 913892
	400  -  MemoryUsage of job (MB)
	408756  -  ResidentSetSize of job (KB)
...
006 (2117005.037.000) 06/03 02:21:46 Image size of job updated: 914148
	400  -  MemoryUsage of job (MB)
	408756  -  ResidentSetSize of job (KB)
...
006 (2117005.037.000) 06/03 02:37:23 Image size of job updated: 919400
	400  -  MemoryUsage of job (MB)
	408756  -  ResidentSetSize of job (KB)
...
005 (2117005.037.000) 06/03 02:37:23 Job terminated.
	(1) Normal termination (return value 0)
		Usr 1 00:15:46, Sys 0 00:02:04  -  Run Remote Usage
		Usr 0 00:00:00, Sys 0 00:00:00  -  Run Local Usage
		Usr 1 00:15:46, Sys 0 00:02:04  -  Total Remote Usage
		Usr 0 00:00:00, Sys 0 00:00:00  -  Total Local Usage
	335451  -  Run Bytes Sent By Job
	225  -  Run Bytes Received By Job
	335451  -  Total Bytes Sent By Job
	225  -  Total Bytes Received By Job
	Partitionable Resources :    Usage  Request Allocated
	   Cpus                 :                 1         1
	   Disk (KB)            :      339  2048000   2425692
	   Memory (MB)          :      400     2000      2000
...
