000 (2117005.019.000) 06/02 02:18:38 Job submitted from host: <172.30.1.200:9618?addrs=172.30.1.200-9618+[--1]-9618&noUDP&sock=203143_c79e_3>
...
001 (2117005.019.000) 06/02 02:19:04 Job executing on host: <172.30.1.203:9618?addrs=172.30.1.203-9618+[--1]-9618&noUDP&sock=4770_66d7_5>
...
006 (2117005.019.000) 06/02 02:19:12 Image size of job updated: 180408
	8  -  MemoryUsage of job (MB)
	7404  -  ResidentSetSize of job (KB)
...
006 (2117005.019.000) 06/02 02:24:12 Image size of job updated: 897200
	409  -  MemoryUsage of job (MB)
	418680  -  ResidentSetSize of job (KB)
...
006 (2117005.019.000) 06/02 02:29:13 Image size of job updated: 897200
	410  -  MemoryUsage of job (MB)
	418924  -  ResidentSetSize of job (KB)
...
006 (2117005.019.000) 06/02 03:29:18 Image size of job updated: 897200
	410  -  MemoryUsage of job (MB)
	419056  -  ResidentSetSize of job (KB)
...
006 (2117005.019.000) 06/02 15:25:32 Image size of job updated: 899192
	410  -  MemoryUsage of job (MB)
	419056  -  ResidentSetSize of job (KB)
...
006 (2117005.019.000) 06/02 15:45:33 Image size of job updated: 899448
	410  -  MemoryUsage of job (MB)
	419056  -  ResidentSetSize of job (KB)
...
006 (2117005.019.000) 06/02 16:55:41 Image size of job updated: 902080
	410  -  MemoryUsage of job (MB)
	419056  -  ResidentSetSize of job (KB)
...
006 (2117005.019.000) 06/02 18:15:49 Image size of job updated: 911924
	410  -  MemoryUsage of job (MB)
	419056  -  ResidentSetSize of job (KB)
...
006 (2117005.019.000) 06/02 20:01:01 Image size of job updated: 914636
	410  -  MemoryUsage of job (MB)
	419056  -  ResidentSetSize of job (KB)
...
006 (2117005.019.000) 06/02 20:06:02 Image size of job updated: 915300
	410  -  MemoryUsage of job (MB)
	419056  -  ResidentSetSize of job (KB)
...
006 (2117005.019.000) 06/02 22:01:15 Image size of job updated: 923216
	410  -  MemoryUsage of job (MB)
	419056  -  ResidentSetSize of job (KB)
...
006 (2117005.019.000) 06/02 23:51:25 Image size of job updated: 926756
	410  -  MemoryUsage of job (MB)
	419056  -  ResidentSetSize of job (KB)
...
006 (2117005.019.000) 06/02 23:56:26 Image size of job updated: 927420
	410  -  MemoryUsage of job (MB)
	419056  -  ResidentSetSize of job (KB)
...
006 (2117005.019.000) 06/03 01:46:36 Image size of job updated: 932636
	410  -  MemoryUsage of job (MB)
	419056  -  ResidentSetSize of job (KB)
...
006 (2117005.019.000) 06/03 01:51:37 Image size of job updated: 933300
	410  -  MemoryUsage of job (MB)
	419056  -  ResidentSetSize of job (KB)
...
005 (2117005.019.000) 06/03 03:27:06 Job terminated.
	(1) Normal termination (return value 0)
		Usr 1 01:07:14, Sys 0 00:00:28  -  Run Remote Usage
		Usr 0 00:00:00, Sys 0 00:00:00  -  Run Local Usage
		Usr 1 01:07:14, Sys 0 00:00:28  -  Total Remote Usage
		Usr 0 00:00:00, Sys 0 00:00:00  -  Total Local Usage
	330901  -  Run Bytes Sent By Job
	225  -  Run Bytes Received By Job
	330901  -  Total Bytes Sent By Job
	225  -  Total Bytes Received By Job
	Partitionable Resources :    Usage  Request Allocated
	   Cpus                 :                 1         1
	   Disk (KB)            :      334  2048000   2425692
	   Memory (MB)          :      410     2000      2000
...
