000 (2117005.021.000) 06/02 02:18:38 Job submitted from host: <172.30.1.200:9618?addrs=172.30.1.200-9618+[--1]-9618&noUDP&sock=203143_c79e_3>
...
001 (2117005.021.000) 06/02 02:19:04 Job executing on host: <172.30.1.203:9618?addrs=172.30.1.203-9618+[--1]-9618&noUDP&sock=4770_66d7_5>
...
006 (2117005.021.000) 06/02 02:19:12 Image size of job updated: 179844
	8  -  MemoryUsage of job (MB)
	7504  -  ResidentSetSize of job (KB)
...
006 (2117005.021.000) 06/02 02:24:12 Image size of job updated: 876492
	313  -  MemoryUsage of job (MB)
	319880  -  ResidentSetSize of job (KB)
...
006 (2117005.021.000) 06/02 02:29:13 Image size of job updated: 876492
	313  -  MemoryUsage of job (MB)
	320088  -  ResidentSetSize of job (KB)
...
006 (2117005.021.000) 06/02 02:34:14 Image size of job updated: 876492
	313  -  MemoryUsage of job (MB)
	320468  -  ResidentSetSize of job (KB)
...
006 (2117005.021.000) 06/02 02:39:14 Image size of job updated: 876492
	402  -  MemoryUsage of job (MB)
	411156  -  ResidentSetSize of job (KB)
...
006 (2117005.021.000) 06/02 03:04:18 Image size of job updated: 876492
	402  -  MemoryUsage of job (MB)
	411168  -  ResidentSetSize of job (KB)
...
006 (2117005.021.000) 06/02 03:29:19 Image size of job updated: 876492
	402  -  MemoryUsage of job (MB)
	411176  -  ResidentSetSize of job (KB)
...
006 (2117005.021.000) 06/02 11:35:09 Image size of job updated: 882496
	402  -  MemoryUsage of job (MB)
	411176  -  ResidentSetSize of job (KB)
...
006 (2117005.021.000) 06/02 13:30:22 Image size of job updated: 886040
	402  -  MemoryUsage of job (MB)
	411176  -  ResidentSetSize of job (KB)
...
006 (2117005.021.000) 06/02 15:20:34 Image size of job updated: 890624
	402  -  MemoryUsage of job (MB)
	411176  -  ResidentSetSize of job (KB)
...
006 (2117005.021.000) 06/02 16:50:43 Image size of job updated: 894744
	402  -  MemoryUsage of job (MB)
	411176  -  ResidentSetSize of job (KB)
...
006 (2117005.021.000) 06/02 18:15:50 Image size of job updated: 898168
	402  -  MemoryUsage of job (MB)
	411176  -  ResidentSetSize of job (KB)
...
006 (2117005.021.000) 06/02 19:20:58 Image size of job updated: 898424
	402  -  MemoryUsage of job (MB)
	411176  -  ResidentSetSize of job (KB)
...
006 (2117005.021.000) 06/02 20:01:02 Image size of job updated: 902008
	402  -  MemoryUsage of job (MB)
	411176  -  ResidentSetSize of job (KB)
...
006 (2117005.021.000) 06/02 21:56:13 Image size of job updated: 906924
	402  -  MemoryUsage of job (MB)
	411176  -  ResidentSetSize of job (KB)
...
006 (2117005.021.000) 06/02 23:46:25 Image size of job updated: 909940
	402  -  MemoryUsage of job (MB)
	411176  -  ResidentSetSize of job (KB)
...
006 (2117005.021.000) 06/03 01:36:37 Image size of job updated: 914700
	402  -  MemoryUsage of job (MB)
	411176  -  ResidentSetSize of job (KB)
...
005 (2117005.021.000) 06/03 03:05:17 Job terminated.
	(1) Normal termination (return value 0)
		Usr 1 00:45:18, Sys 0 00:00:23  -  Run Remote Usage
		Usr 0 00:00:00, Sys 0 00:00:00  -  Run Local Usage
		Usr 1 00:45:18, Sys 0 00:00:23  -  Total Remote Usage
		Usr 0 00:00:00, Sys 0 00:00:00  -  Total Local Usage
	341496  -  Run Bytes Sent By Job
	225  -  Run Bytes Received By Job
	341496  -  Total Bytes Sent By Job
	225  -  Total Bytes Received By Job
	Partitionable Resources :    Usage  Request Allocated
	   Cpus                 :                 1         1
	   Disk (KB)            :      345  2048000   2425692
	   Memory (MB)          :      402     2000      2000
...
