000 (2117005.018.000) 06/02 02:18:38 Job submitted from host: <172.30.1.200:9618?addrs=172.30.1.200-9618+[--1]-9618&noUDP&sock=203143_c79e_3>
...
001 (2117005.018.000) 06/02 02:19:04 Job executing on host: <172.30.1.203:9618?addrs=172.30.1.203-9618+[--1]-9618&noUDP&sock=4770_66d7_5>
...
006 (2117005.018.000) 06/02 02:19:12 Image size of job updated: 180480
	8  -  MemoryUsage of job (MB)
	7524  -  ResidentSetSize of job (KB)
...
006 (2117005.018.000) 06/02 02:24:12 Image size of job updated: 897068
	396  -  MemoryUsage of job (MB)
	404616  -  ResidentSetSize of job (KB)
...
006 (2117005.018.000) 06/02 02:29:13 Image size of job updated: 897464
	396  -  MemoryUsage of job (MB)
	405008  -  ResidentSetSize of job (KB)
...
006 (2117005.018.000) 06/02 02:34:14 Image size of job updated: 897728
	396  -  MemoryUsage of job (MB)
	405280  -  ResidentSetSize of job (KB)
...
006 (2117005.018.000) 06/02 02:39:14 Image size of job updated: 897728
	407  -  MemoryUsage of job (MB)
	416724  -  ResidentSetSize of job (KB)
...
006 (2117005.018.000) 06/02 03:09:18 Image size of job updated: 897728
	409  -  MemoryUsage of job (MB)
	418652  -  ResidentSetSize of job (KB)
...
006 (2117005.018.000) 06/02 03:29:20 Image size of job updated: 897728
	409  -  MemoryUsage of job (MB)
	418816  -  ResidentSetSize of job (KB)
...
006 (2117005.018.000) 06/02 03:34:20 Image size of job updated: 897728
	410  -  MemoryUsage of job (MB)
	419488  -  ResidentSetSize of job (KB)
...
006 (2117005.018.000) 06/02 21:11:10 Image size of job updated: 897792
	410  -  MemoryUsage of job (MB)
	419488  -  ResidentSetSize of job (KB)
...
006 (2117005.018.000) 06/02 21:56:15 Image size of job updated: 901356
	410  -  MemoryUsage of job (MB)
	419488  -  ResidentSetSize of job (KB)
...
006 (2117005.018.000) 06/02 22:01:15 Image size of job updated: 901752
	410  -  MemoryUsage of job (MB)
	419488  -  ResidentSetSize of job (KB)
...
006 (2117005.018.000) 06/02 22:06:16 Image size of job updated: 902016
	410  -  MemoryUsage of job (MB)
	419488  -  ResidentSetSize of job (KB)
...
006 (2117005.018.000) 06/02 22:11:17 Image size of job updated: 902280
	410  -  MemoryUsage of job (MB)
	419488  -  ResidentSetSize of job (KB)
...
006 (2117005.018.000) 06/02 23:01:23 Image size of job updated: 902676
	410  -  MemoryUsage of job (MB)
	419488  -  ResidentSetSize of job (KB)
...
006 (2117005.018.000) 06/02 23:46:27 Image size of job updated: 906648
	410  -  MemoryUsage of job (MB)
	419488  -  ResidentSetSize of job (KB)
...
006 (2117005.018.000) 06/02 23:51:28 Image size of job updated: 907044
	410  -  MemoryUsage of job (MB)
	419488  -  ResidentSetSize of job (KB)
...
006 (2117005.018.000) 06/02 23:56:28 Image size of job updated: 907440
	410  -  MemoryUsage of job (MB)
	419488  -  ResidentSetSize of job (KB)
...
006 (2117005.018.000) 06/03 00:21:32 Image size of job updated: 907572
	410  -  MemoryUsage of job (MB)
	419488  -  ResidentSetSize of job (KB)
...
006 (2117005.018.000) 06/03 00:51:34 Image size of job updated: 907836
	410  -  MemoryUsage of job (MB)
	419488  -  ResidentSetSize of job (KB)
...
006 (2117005.018.000) 06/03 01:36:38 Image size of job updated: 907968
	410  -  MemoryUsage of job (MB)
	419488  -  ResidentSetSize of job (KB)
...
006 (2117005.018.000) 06/03 01:41:39 Image size of job updated: 911656
	410  -  MemoryUsage of job (MB)
	419488  -  ResidentSetSize of job (KB)
...
006 (2117005.018.000) 06/03 01:46:39 Image size of job updated: 912184
	410  -  MemoryUsage of job (MB)
	419488  -  ResidentSetSize of job (KB)
...
006 (2117005.018.000) 06/03 01:51:39 Image size of job updated: 912580
	410  -  MemoryUsage of job (MB)
	419488  -  ResidentSetSize of job (KB)
...
006 (2117005.018.000) 06/03 02:21:43 Image size of job updated: 912712
	410  -  MemoryUsage of job (MB)
	419488  -  ResidentSetSize of job (KB)
...
006 (2117005.018.000) 06/03 02:41:45 Image size of job updated: 912976
	410  -  MemoryUsage of job (MB)
	419488  -  ResidentSetSize of job (KB)
...
006 (2117005.018.000) 06/03 03:24:50 Image size of job updated: 921924
	410  -  MemoryUsage of job (MB)
	419488  -  ResidentSetSize of job (KB)
...
005 (2117005.018.000) 06/03 03:24:51 Job terminated.
	(1) Normal termination (return value 0)
		Usr 1 01:04:04, Sys 0 00:01:23  -  Run Remote Usage
		Usr 0 00:00:00, Sys 0 00:00:00  -  Run Local Usage
		Usr 1 01:04:04, Sys 0 00:01:23  -  Total Remote Usage
		Usr 0 00:00:00, Sys 0 00:00:00  -  Total Local Usage
	330446  -  Run Bytes Sent By Job
	225  -  Run Bytes Received By Job
	330446  -  Total Bytes Sent By Job
	225  -  Total Bytes Received By Job
	Partitionable Resources :    Usage  Request Allocated
	   Cpus                 :                 1         1
	   Disk (KB)            :      334  2048000   2425692
	   Memory (MB)          :      410     2000      2000
...
