000 (2117005.011.000) 06/02 02:18:38 Job submitted from host: <172.30.1.200:9618?addrs=172.30.1.200-9618+[--1]-9618&noUDP&sock=203143_c79e_3>
...
001 (2117005.011.000) 06/02 02:19:04 Job executing on host: <172.30.1.201:9618?addrs=172.30.1.201-9618+[--1]-9618&noUDP&sock=38984_5c24_3>
...
006 (2117005.011.000) 06/02 02:19:13 Image size of job updated: 893332
	389  -  MemoryUsage of job (MB)
	398232  -  ResidentSetSize of job (KB)
...
006 (2117005.011.000) 06/02 02:24:14 Image size of job updated: 895048
	391  -  MemoryUsage of job (MB)
	399976  -  ResidentSetSize of job (KB)
...
006 (2117005.011.000) 06/02 02:29:14 Image size of job updated: 895048
	401  -  MemoryUsage of job (MB)
	410136  -  ResidentSetSize of job (KB)
...
006 (2117005.011.000) 06/02 02:39:15 Image size of job updated: 895048
	401  -  MemoryUsage of job (MB)
	410192  -  ResidentSetSize of job (KB)
...
006 (2117005.011.000) 06/02 02:44:15 Image size of job updated: 895048
	401  -  MemoryUsage of job (MB)
	410228  -  ResidentSetSize of job (KB)
...
006 (2117005.011.000) 06/02 02:54:16 Image size of job updated: 895048
	402  -  MemoryUsage of job (MB)
	411332  -  ResidentSetSize of job (KB)
...
006 (2117005.011.000) 06/02 02:59:17 Image size of job updated: 895048
	402  -  MemoryUsage of job (MB)
	411376  -  ResidentSetSize of job (KB)
...
006 (2117005.011.000) 06/02 03:04:17 Image size of job updated: 895048
	402  -  MemoryUsage of job (MB)
	411380  -  ResidentSetSize of job (KB)
...
006 (2117005.011.000) 06/02 03:19:19 Image size of job updated: 895048
	403  -  MemoryUsage of job (MB)
	411948  -  ResidentSetSize of job (KB)
...
006 (2117005.011.000) 06/02 03:24:19 Image size of job updated: 895048
	403  -  MemoryUsage of job (MB)
	412000  -  ResidentSetSize of job (KB)
...
006 (2117005.011.000) 06/02 18:50:54 Image size of job updated: 895708
	403  -  MemoryUsage of job (MB)
	412000  -  ResidentSetSize of job (KB)
...
006 (2117005.011.000) 06/02 21:06:09 Image size of job updated: 900616
	403  -  MemoryUsage of job (MB)
	412000  -  ResidentSetSize of job (KB)
...
006 (2117005.011.000) 06/02 21:21:11 Image size of job updated: 900872
	403  -  MemoryUsage of job (MB)
	412000  -  ResidentSetSize of job (KB)
...
006 (2117005.011.000) 06/02 23:26:25 Image size of job updated: 907260
	403  -  MemoryUsage of job (MB)
	412000  -  ResidentSetSize of job (KB)
...
006 (2117005.011.000) 06/02 23:41:26 Image size of job updated: 907516
	403  -  MemoryUsage of job (MB)
	412000  -  ResidentSetSize of job (KB)
...
006 (2117005.011.000) 06/03 01:36:40 Image size of job updated: 913904
	403  -  MemoryUsage of job (MB)
	412000  -  ResidentSetSize of job (KB)
...
006 (2117005.011.000) 06/03 01:51:41 Image size of job updated: 914160
	403  -  MemoryUsage of job (MB)
	412000  -  ResidentSetSize of job (KB)
...
006 (2117005.011.000) 06/03 03:56:54 Image size of job updated: 918168
	403  -  MemoryUsage of job (MB)
	412000  -  ResidentSetSize of job (KB)
...
006 (2117005.011.000) 06/03 04:06:55 Image size of job updated: 918424
	403  -  MemoryUsage of job (MB)
	412000  -  ResidentSetSize of job (KB)
...
006 (2117005.011.000) 06/03 05:17:02 Image size of job updated: 923988
	403  -  MemoryUsage of job (MB)
	412000  -  ResidentSetSize of job (KB)
...
006 (2117005.011.000) 06/03 06:27:09 Image size of job updated: 930644
	403  -  MemoryUsage of job (MB)
	412000  -  ResidentSetSize of job (KB)
...
006 (2117005.011.000) 06/03 06:32:09 Image size of job updated: 930660
	403  -  MemoryUsage of job (MB)
	412000  -  ResidentSetSize of job (KB)
...
005 (2117005.011.000) 06/03 06:32:12 Job terminated.
	(1) Normal termination (return value 0)
		Usr 1 04:12:04, Sys 0 00:00:44  -  Run Remote Usage
		Usr 0 00:00:00, Sys 0 00:00:00  -  Run Local Usage
		Usr 1 04:12:04, Sys 0 00:00:44  -  Total Remote Usage
		Usr 0 00:00:00, Sys 0 00:00:00  -  Total Local Usage
	208439  -  Run Bytes Sent By Job
	225  -  Run Bytes Received By Job
	208439  -  Total Bytes Sent By Job
	225  -  Total Bytes Received By Job
	Partitionable Resources :    Usage  Request Allocated
	   Cpus                 :                 1         1
	   Disk (KB)            :      215  2048000   2385094
	   Memory (MB)          :      403     2000      2000
...
