000 (2117005.002.000) 06/02 02:18:38 Job submitted from host: <172.30.1.200:9618?addrs=172.30.1.200-9618+[--1]-9618&noUDP&sock=203143_c79e_3>
...
001 (2117005.002.000) 06/02 02:19:04 Job executing on host: <172.30.1.201:9618?addrs=172.30.1.201-9618+[--1]-9618&noUDP&sock=38984_5c24_3>
...
006 (2117005.002.000) 06/02 02:19:12 Image size of job updated: 180516
	8  -  MemoryUsage of job (MB)
	7812  -  ResidentSetSize of job (KB)
...
006 (2117005.002.000) 06/02 02:24:12 Image size of job updated: 893200
	376  -  MemoryUsage of job (MB)
	384220  -  ResidentSetSize of job (KB)
...
006 (2117005.002.000) 06/02 02:29:12 Image size of job updated: 893200
	376  -  MemoryUsage of job (MB)
	384252  -  ResidentSetSize of job (KB)
...
006 (2117005.002.000) 06/02 02:34:13 Image size of job updated: 893200
	376  -  MemoryUsage of job (MB)
	384372  -  ResidentSetSize of job (KB)
...
006 (2117005.002.000) 06/02 03:04:17 Image size of job updated: 893200
	391  -  MemoryUsage of job (MB)
	399864  -  ResidentSetSize of job (KB)
...
006 (2117005.002.000) 06/02 03:29:19 Image size of job updated: 893200
	391  -  MemoryUsage of job (MB)
	400016  -  ResidentSetSize of job (KB)
...
006 (2117005.002.000) 06/02 15:50:39 Image size of job updated: 897240
	391  -  MemoryUsage of job (MB)
	400016  -  ResidentSetSize of job (KB)
...
006 (2117005.002.000) 06/02 17:25:48 Image size of job updated: 903760
	391  -  MemoryUsage of job (MB)
	400016  -  ResidentSetSize of job (KB)
...
006 (2117005.002.000) 06/02 19:41:02 Image size of job updated: 910352
	391  -  MemoryUsage of job (MB)
	400016  -  ResidentSetSize of job (KB)
...
006 (2117005.002.000) 06/02 21:21:14 Image size of job updated: 910608
	391  -  MemoryUsage of job (MB)
	400016  -  ResidentSetSize of job (KB)
...
006 (2117005.002.000) 06/02 22:06:18 Image size of job updated: 916984
	391  -  MemoryUsage of job (MB)
	400016  -  ResidentSetSize of job (KB)
...
006 (2117005.002.000) 06/02 23:41:29 Image size of job updated: 917240
	391  -  MemoryUsage of job (MB)
	400016  -  ResidentSetSize of job (KB)
...
006 (2117005.002.000) 06/03 00:16:33 Image size of job updated: 921576
	391  -  MemoryUsage of job (MB)
	400016  -  ResidentSetSize of job (KB)
...
006 (2117005.002.000) 06/03 01:51:43 Image size of job updated: 923248
	391  -  MemoryUsage of job (MB)
	400016  -  ResidentSetSize of job (KB)
...
006 (2117005.002.000) 06/03 02:31:46 Image size of job updated: 931356
	391  -  MemoryUsage of job (MB)
	400016  -  ResidentSetSize of job (KB)
...
006 (2117005.002.000) 06/03 04:06:56 Image size of job updated: 931612
	391  -  MemoryUsage of job (MB)
	400016  -  ResidentSetSize of job (KB)
...
006 (2117005.002.000) 06/03 04:31:59 Image size of job updated: 939432
	391  -  MemoryUsage of job (MB)
	400016  -  ResidentSetSize of job (KB)
...
006 (2117005.002.000) 06/03 05:22:04 Image size of job updated: 939688
	391  -  MemoryUsage of job (MB)
	400016  -  ResidentSetSize of job (KB)
...
006 (2117005.002.000) 06/03 05:42:07 Image size of job updated: 944860
	391  -  MemoryUsage of job (MB)
	400016  -  ResidentSetSize of job (KB)
...
006 (2117005.002.000) 06/03 06:32:31 Image size of job updated: 944876
	391  -  MemoryUsage of job (MB)
	400016  -  ResidentSetSize of job (KB)
...
005 (2117005.002.000) 06/03 06:32:31 Job terminated.
	(1) Normal termination (return value 0)
		Usr 1 04:11:17, Sys 0 00:01:46  -  Run Remote Usage
		Usr 0 00:00:00, Sys 0 00:00:00  -  Run Local Usage
		Usr 1 04:11:17, Sys 0 00:01:46  -  Total Remote Usage
		Usr 0 00:00:00, Sys 0 00:00:00  -  Total Local Usage
	203823  -  Run Bytes Sent By Job
	225  -  Run Bytes Received By Job
	203823  -  Total Bytes Sent By Job
	225  -  Total Bytes Received By Job
	Partitionable Resources :    Usage  Request Allocated
	   Cpus                 :                 1         1
	   Disk (KB)            :      210  2048000   2385094
	   Memory (MB)          :      391     2000      2000
...
