000 (2117005.005.000) 06/02 02:18:38 Job submitted from host: <172.30.1.200:9618?addrs=172.30.1.200-9618+[--1]-9618&noUDP&sock=203143_c79e_3>
...
001 (2117005.005.000) 06/02 02:19:04 Job executing on host: <172.30.1.201:9618?addrs=172.30.1.201-9618+[--1]-9618&noUDP&sock=38984_5c24_3>
...
006 (2117005.005.000) 06/02 02:19:12 Image size of job updated: 180852
	33  -  MemoryUsage of job (MB)
	32836  -  ResidentSetSize of job (KB)
...
006 (2117005.005.000) 06/02 02:24:12 Image size of job updated: 894396
	381  -  MemoryUsage of job (MB)
	389604  -  ResidentSetSize of job (KB)
...
006 (2117005.005.000) 06/02 02:29:13 Image size of job updated: 894396
	381  -  MemoryUsage of job (MB)
	389640  -  ResidentSetSize of job (KB)
...
006 (2117005.005.000) 06/02 02:34:14 Image size of job updated: 894660
	381  -  MemoryUsage of job (MB)
	389832  -  ResidentSetSize of job (KB)
...
006 (2117005.005.000) 06/02 02:39:14 Image size of job updated: 894660
	393  -  MemoryUsage of job (MB)
	401892  -  ResidentSetSize of job (KB)
...
006 (2117005.005.000) 06/02 02:44:15 Image size of job updated: 894660
	393  -  MemoryUsage of job (MB)
	401940  -  ResidentSetSize of job (KB)
...
006 (2117005.005.000) 06/02 02:49:16 Image size of job updated: 894660
	393  -  MemoryUsage of job (MB)
	402104  -  ResidentSetSize of job (KB)
...
006 (2117005.005.000) 06/02 18:35:54 Image size of job updated: 901784
	393  -  MemoryUsage of job (MB)
	402104  -  ResidentSetSize of job (KB)
...
006 (2117005.005.000) 06/02 20:51:09 Image size of job updated: 909564
	393  -  MemoryUsage of job (MB)
	402104  -  ResidentSetSize of job (KB)
...
006 (2117005.005.000) 06/02 22:06:15 Image size of job updated: 909820
	393  -  MemoryUsage of job (MB)
	402104  -  ResidentSetSize of job (KB)
...
006 (2117005.005.000) 06/02 23:11:23 Image size of job updated: 915628
	393  -  MemoryUsage of job (MB)
	402104  -  ResidentSetSize of job (KB)
...
006 (2117005.005.000) 06/03 00:21:31 Image size of job updated: 915884
	393  -  MemoryUsage of job (MB)
	402104  -  ResidentSetSize of job (KB)
...
006 (2117005.005.000) 06/03 01:26:38 Image size of job updated: 921692
	393  -  MemoryUsage of job (MB)
	402104  -  ResidentSetSize of job (KB)
...
006 (2117005.005.000) 06/03 03:31:52 Image size of job updated: 921948
	393  -  MemoryUsage of job (MB)
	402104  -  ResidentSetSize of job (KB)
...
006 (2117005.005.000) 06/03 03:46:54 Image size of job updated: 929472
	393  -  MemoryUsage of job (MB)
	402104  -  ResidentSetSize of job (KB)
...
006 (2117005.005.000) 06/03 03:51:55 Image size of job updated: 929728
	393  -  MemoryUsage of job (MB)
	402104  -  ResidentSetSize of job (KB)
...
006 (2117005.005.000) 06/03 05:12:02 Image size of job updated: 935536
	393  -  MemoryUsage of job (MB)
	402104  -  ResidentSetSize of job (KB)
...
006 (2117005.005.000) 06/03 05:52:08 Image size of job updated: 935792
	393  -  MemoryUsage of job (MB)
	402104  -  ResidentSetSize of job (KB)
...
006 (2117005.005.000) 06/03 06:27:11 Image size of job updated: 940372
	393  -  MemoryUsage of job (MB)
	402104  -  ResidentSetSize of job (KB)
...
006 (2117005.005.000) 06/03 07:01:45 Image size of job updated: 940388
	393  -  MemoryUsage of job (MB)
	402104  -  ResidentSetSize of job (KB)
...
005 (2117005.005.000) 06/03 07:01:45 Job terminated.
	(1) Normal termination (return value 0)
		Usr 1 04:41:29, Sys 0 00:00:53  -  Run Remote Usage
		Usr 0 00:00:00, Sys 0 00:00:00  -  Run Local Usage
		Usr 1 04:41:29, Sys 0 00:00:53  -  Total Remote Usage
		Usr 0 00:00:00, Sys 0 00:00:00  -  Total Local Usage
	205188  -  Run Bytes Sent By Job
	225  -  Run Bytes Received By Job
	205188  -  Total Bytes Sent By Job
	225  -  Total Bytes Received By Job
	Partitionable Resources :    Usage  Request Allocated
	   Cpus                 :                 1         1
	   Disk (KB)            :      212  2048000   2385094
	   Memory (MB)          :      393     2000      2000
...
