000 (2117005.029.000) 06/02 02:18:38 Job submitted from host: <172.30.1.200:9618?addrs=172.30.1.200-9618+[--1]-9618&noUDP&sock=203143_c79e_3>
...
001 (2117005.029.000) 06/02 02:19:04 Job executing on host: <172.30.1.203:9618?addrs=172.30.1.203-9618+[--1]-9618&noUDP&sock=4770_66d7_5>
...
006 (2117005.029.000) 06/02 02:19:13 Image size of job updated: 180372
	8  -  MemoryUsage of job (MB)
	7408  -  ResidentSetSize of job (KB)
...
006 (2117005.029.000) 06/02 02:24:14 Image size of job updated: 861384
	405  -  MemoryUsage of job (MB)
	414404  -  ResidentSetSize of job (KB)
...
006 (2117005.029.000) 06/02 02:29:14 Image size of job updated: 861384
	405  -  MemoryUsage of job (MB)
	414664  -  ResidentSetSize of job (KB)
...
006 (2117005.029.000) 06/02 02:34:14 Image size of job updated: 861384
	405  -  MemoryUsage of job (MB)
	414716  -  ResidentSetSize of job (KB)
...
006 (2117005.029.000) 06/02 02:39:15 Image size of job updated: 861384
	406  -  MemoryUsage of job (MB)
	414832  -  ResidentSetSize of job (KB)
...
006 (2117005.029.000) 06/02 02:44:16 Image size of job updated: 861384
	406  -  MemoryUsage of job (MB)
	415144  -  ResidentSetSize of job (KB)
...
006 (2117005.029.000) 06/02 02:49:16 Image size of job updated: 861384
	406  -  MemoryUsage of job (MB)
	415160  -  ResidentSetSize of job (KB)
...
006 (2117005.029.000) 06/02 02:54:17 Image size of job updated: 861384
	406  -  MemoryUsage of job (MB)
	415216  -  ResidentSetSize of job (KB)
...
006 (2117005.029.000) 06/02 03:04:18 Image size of job updated: 861384
	406  -  MemoryUsage of job (MB)
	415248  -  ResidentSetSize of job (KB)
...
006 (2117005.029.000) 06/02 05:54:35 Image size of job updated: 865104
	406  -  MemoryUsage of job (MB)
	415248  -  ResidentSetSize of job (KB)
...
006 (2117005.029.000) 06/02 07:34:45 Image size of job updated: 867916
	406  -  MemoryUsage of job (MB)
	415248  -  ResidentSetSize of job (KB)
...
006 (2117005.029.000) 06/02 09:34:58 Image size of job updated: 872688
	406  -  MemoryUsage of job (MB)
	415248  -  ResidentSetSize of job (KB)
...
006 (2117005.029.000) 06/02 11:35:09 Image size of job updated: 877456
	406  -  MemoryUsage of job (MB)
	415248  -  ResidentSetSize of job (KB)
...
006 (2117005.029.000) 06/02 13:30:21 Image size of job updated: 882256
	406  -  MemoryUsage of job (MB)
	415248  -  ResidentSetSize of job (KB)
...
006 (2117005.029.000) 06/02 15:25:33 Image size of job updated: 885472
	406  -  MemoryUsage of job (MB)
	415248  -  ResidentSetSize of job (KB)
...
006 (2117005.029.000) 06/02 15:45:35 Image size of job updated: 885728
	406  -  MemoryUsage of job (MB)
	415248  -  ResidentSetSize of job (KB)
...
006 (2117005.029.000) 06/02 16:55:42 Image size of job updated: 890144
	406  -  MemoryUsage of job (MB)
	415248  -  ResidentSetSize of job (KB)
...
006 (2117005.029.000) 06/02 18:20:50 Image size of job updated: 895436
	406  -  MemoryUsage of job (MB)
	415248  -  ResidentSetSize of job (KB)
...
006 (2117005.029.000) 06/02 20:00:59 Image size of job updated: 899752
	406  -  MemoryUsage of job (MB)
	415248  -  ResidentSetSize of job (KB)
...
006 (2117005.029.000) 06/02 20:16:01 Image size of job updated: 900008
	406  -  MemoryUsage of job (MB)
	415248  -  ResidentSetSize of job (KB)
...
006 (2117005.029.000) 06/02 21:56:12 Image size of job updated: 904960
	406  -  MemoryUsage of job (MB)
	415248  -  ResidentSetSize of job (KB)
...
006 (2117005.029.000) 06/02 23:51:24 Image size of job updated: 909716
	406  -  MemoryUsage of job (MB)
	415248  -  ResidentSetSize of job (KB)
...
006 (2117005.029.000) 06/03 01:46:37 Image size of job updated: 914256
	406  -  MemoryUsage of job (MB)
	415248  -  ResidentSetSize of job (KB)
...
006 (2117005.029.000) 06/03 03:28:40 Image size of job updated: 923148
	406  -  MemoryUsage of job (MB)
	415248  -  ResidentSetSize of job (KB)
...
005 (2117005.029.000) 06/03 03:28:40 Job terminated.
	(1) Normal termination (return value 0)
		Usr 1 01:08:48, Sys 0 00:00:25  -  Run Remote Usage
		Usr 0 00:00:00, Sys 0 00:00:00  -  Run Local Usage
		Usr 1 01:08:48, Sys 0 00:00:25  -  Total Remote Usage
		Usr 0 00:00:00, Sys 0 00:00:00  -  Total Local Usage
	331161  -  Run Bytes Sent By Job
	225  -  Run Bytes Received By Job
	331161  -  Total Bytes Sent By Job
	225  -  Total Bytes Received By Job
	Partitionable Resources :    Usage  Request Allocated
	   Cpus                 :                 1         1
	   Disk (KB)            :      335  2048000   2425692
	   Memory (MB)          :      406     2000      2000
...
