000 (2117002.008.000) 06/02 02:18:33 Job submitted from host: <172.30.1.200:9618?addrs=172.30.1.200-9618+[--1]-9618&noUDP&sock=203143_c79e_3>
...
001 (2117002.008.000) 06/02 02:18:41 Job executing on host: <172.30.1.207:9618?addrs=172.30.1.207-9618+[--1]-9618&noUDP&sock=6818_28cd_3>
...
006 (2117002.008.000) 06/02 02:18:49 Image size of job updated: 180376
	8  -  MemoryUsage of job (MB)
	7472  -  ResidentSetSize of job (KB)
...
006 (2117002.008.000) 06/02 02:23:49 Image size of job updated: 653724
	292  -  MemoryUsage of job (MB)
	298752  -  ResidentSetSize of job (KB)
...
006 (2117002.008.000) 06/02 02:28:49 Image size of job updated: 654296
	293  -  MemoryUsage of job (MB)
	299200  -  ResidentSetSize of job (KB)
...
006 (2117002.008.000) 06/02 02:33:50 Image size of job updated: 654296
	293  -  MemoryUsage of job (MB)
	299244  -  ResidentSetSize of job (KB)
...
006 (2117002.008.000) 06/02 02:38:50 Image size of job updated: 654712
	293  -  MemoryUsage of job (MB)
	299704  -  ResidentSetSize of job (KB)
...
006 (2117002.008.000) 06/02 02:48:51 Image size of job updated: 654844
	293  -  MemoryUsage of job (MB)
	299808  -  ResidentSetSize of job (KB)
...
006 (2117002.008.000) 06/02 02:53:52 Image size of job updated: 658092
	296  -  MemoryUsage of job (MB)
	303048  -  ResidentSetSize of job (KB)
...
006 (2117002.008.000) 06/02 02:58:52 Image size of job updated: 659044
	297  -  MemoryUsage of job (MB)
	304020  -  ResidentSetSize of job (KB)
...
006 (2117002.008.000) 06/02 03:03:53 Image size of job updated: 659456
	298  -  MemoryUsage of job (MB)
	304400  -  ResidentSetSize of job (KB)
...
006 (2117002.008.000) 06/02 03:08:54 Image size of job updated: 663824
	302  -  MemoryUsage of job (MB)
	308640  -  ResidentSetSize of job (KB)
...
006 (2117002.008.000) 06/02 03:13:54 Image size of job updated: 664100
	302  -  MemoryUsage of job (MB)
	309016  -  ResidentSetSize of job (KB)
...
006 (2117002.008.000) 06/02 03:18:54 Image size of job updated: 664644
	303  -  MemoryUsage of job (MB)
	309500  -  ResidentSetSize of job (KB)
...
006 (2117002.008.000) 06/02 03:23:55 Image size of job updated: 664644
	303  -  MemoryUsage of job (MB)
	309504  -  ResidentSetSize of job (KB)
...
006 (2117002.008.000) 06/02 03:28:55 Image size of job updated: 664644
	303  -  MemoryUsage of job (MB)
	309588  -  ResidentSetSize of job (KB)
...
006 (2117002.008.000) 06/02 03:33:55 Image size of job updated: 668376
	306  -  MemoryUsage of job (MB)
	313208  -  ResidentSetSize of job (KB)
...
006 (2117002.008.000) 06/02 03:38:56 Image size of job updated: 668928
	306  -  MemoryUsage of job (MB)
	313208  -  ResidentSetSize of job (KB)
...
006 (2117002.008.000) 06/02 03:43:56 Image size of job updated: 669324
	306  -  MemoryUsage of job (MB)
	313208  -  ResidentSetSize of job (KB)
...
006 (2117002.008.000) 06/02 03:53:57 Image size of job updated: 669876
	306  -  MemoryUsage of job (MB)
	313208  -  ResidentSetSize of job (KB)
...
006 (2117002.008.000) 06/02 04:08:59 Image size of job updated: 673720
	306  -  MemoryUsage of job (MB)
	313208  -  ResidentSetSize of job (KB)
...
006 (2117002.008.000) 06/02 04:14:00 Image size of job updated: 674720
	306  -  MemoryUsage of job (MB)
	313208  -  ResidentSetSize of job (KB)
...
006 (2117002.008.000) 06/02 04:24:00 Image size of job updated: 675412
	306  -  MemoryUsage of job (MB)
	313208  -  ResidentSetSize of job (KB)
...
006 (2117002.008.000) 06/02 04:39:01 Image size of job updated: 678628
	306  -  MemoryUsage of job (MB)
	313208  -  ResidentSetSize of job (KB)
...
006 (2117002.008.000) 06/02 04:44:02 Image size of job updated: 679732
	306  -  MemoryUsage of job (MB)
	313208  -  ResidentSetSize of job (KB)
...
006 (2117002.008.000) 06/02 04:49:03 Image size of job updated: 680004
	306  -  MemoryUsage of job (MB)
	313208  -  ResidentSetSize of job (KB)
...
006 (2117002.008.000) 06/02 04:54:03 Image size of job updated: 680572
	306  -  MemoryUsage of job (MB)
	313208  -  ResidentSetSize of job (KB)
...
006 (2117002.008.000) 06/02 05:04:05 Image size of job updated: 680712
	306  -  MemoryUsage of job (MB)
	313208  -  ResidentSetSize of job (KB)
...
006 (2117002.008.000) 06/02 05:09:05 Image size of job updated: 684956
	306  -  MemoryUsage of job (MB)
	313208  -  ResidentSetSize of job (KB)
...
006 (2117002.008.000) 06/02 05:14:05 Image size of job updated: 685640
	306  -  MemoryUsage of job (MB)
	313208  -  ResidentSetSize of job (KB)
...
006 (2117002.008.000) 06/02 05:19:06 Image size of job updated: 685776
	306  -  MemoryUsage of job (MB)
	313208  -  ResidentSetSize of job (KB)
...
006 (2117002.008.000) 06/02 05:24:06 Image size of job updated: 689272
	306  -  MemoryUsage of job (MB)
	313208  -  ResidentSetSize of job (KB)
...
006 (2117002.008.000) 06/02 05:29:06 Image size of job updated: 690092
	306  -  MemoryUsage of job (MB)
	313208  -  ResidentSetSize of job (KB)
...
006 (2117002.008.000) 06/02 05:34:07 Image size of job updated: 691036
	306  -  MemoryUsage of job (MB)
	313208  -  ResidentSetSize of job (KB)
...
006 (2117002.008.000) 06/02 05:39:08 Image size of job updated: 691180
	306  -  MemoryUsage of job (MB)
	313208  -  ResidentSetSize of job (KB)
...
006 (2117002.008.000) 06/02 05:44:08 Image size of job updated: 695348
	306  -  MemoryUsage of job (MB)
	313208  -  ResidentSetSize of job (KB)
...
006 (2117002.008.000) 06/02 05:49:08 Image size of job updated: 695908
	306  -  MemoryUsage of job (MB)
	313208  -  ResidentSetSize of job (KB)
...
006 (2117002.008.000) 06/02 05:59:09 Image size of job updated: 700040
	306  -  MemoryUsage of job (MB)
	313208  -  ResidentSetSize of job (KB)
...
006 (2117002.008.000) 06/02 06:04:09 Image size of job updated: 700848
	306  -  MemoryUsage of job (MB)
	313208  -  ResidentSetSize of job (KB)
...
006 (2117002.008.000) 06/02 06:09:10 Image size of job updated: 701396
	306  -  MemoryUsage of job (MB)
	313208  -  ResidentSetSize of job (KB)
...
006 (2117002.008.000) 06/02 06:19:11 Image size of job updated: 706000
	306  -  MemoryUsage of job (MB)
	313208  -  ResidentSetSize of job (KB)
...
006 (2117002.008.000) 06/02 06:24:11 Image size of job updated: 706540
	306  -  MemoryUsage of job (MB)
	313208  -  ResidentSetSize of job (KB)
...
006 (2117002.008.000) 06/02 06:34:12 Image size of job updated: 710292
	306  -  MemoryUsage of job (MB)
	313208  -  ResidentSetSize of job (KB)
...
006 (2117002.008.000) 06/02 06:39:12 Image size of job updated: 710968
	306  -  MemoryUsage of job (MB)
	313208  -  ResidentSetSize of job (KB)
...
006 (2117002.008.000) 06/02 06:44:13 Image size of job updated: 711772
	306  -  MemoryUsage of job (MB)
	313208  -  ResidentSetSize of job (KB)
...
006 (2117002.008.000) 06/02 06:49:14 Image size of job updated: 715060
	306  -  MemoryUsage of job (MB)
	313208  -  ResidentSetSize of job (KB)
...
006 (2117002.008.000) 06/02 06:54:14 Image size of job updated: 716140
	306  -  MemoryUsage of job (MB)
	313208  -  ResidentSetSize of job (KB)
...
006 (2117002.008.000) 06/02 06:59:15 Image size of job updated: 716544
	306  -  MemoryUsage of job (MB)
	313208  -  ResidentSetSize of job (KB)
...
006 (2117002.008.000) 06/02 07:04:16 Image size of job updated: 716680
	306  -  MemoryUsage of job (MB)
	313208  -  ResidentSetSize of job (KB)
...
006 (2117002.008.000) 06/02 07:14:16 Image size of job updated: 716820
	306  -  MemoryUsage of job (MB)
	313208  -  ResidentSetSize of job (KB)
...
006 (2117002.008.000) 06/02 07:19:17 Image size of job updated: 720708
	306  -  MemoryUsage of job (MB)
	313208  -  ResidentSetSize of job (KB)
...
006 (2117002.008.000) 06/02 07:24:17 Image size of job updated: 721380
	306  -  MemoryUsage of job (MB)
	313208  -  ResidentSetSize of job (KB)
...
006 (2117002.008.000) 06/02 07:34:18 Image size of job updated: 721796
	306  -  MemoryUsage of job (MB)
	313208  -  ResidentSetSize of job (KB)
...
006 (2117002.008.000) 06/02 07:44:19 Image size of job updated: 721928
	306  -  MemoryUsage of job (MB)
	313208  -  ResidentSetSize of job (KB)
...
006 (2117002.008.000) 06/02 07:45:18 Image size of job updated: 730448
	306  -  MemoryUsage of job (MB)
	313208  -  ResidentSetSize of job (KB)
...
005 (2117002.008.000) 06/02 07:45:19 Job terminated.
	(1) Normal termination (return value 0)
		Usr 0 05:26:13, Sys 0 00:00:05  -  Run Remote Usage
		Usr 0 00:00:00, Sys 0 00:00:00  -  Run Local Usage
		Usr 0 05:26:13, Sys 0 00:00:05  -  Total Remote Usage
		Usr 0 00:00:00, Sys 0 00:00:00  -  Total Local Usage
	445853  -  Run Bytes Sent By Job
	237  -  Run Bytes Received By Job
	445853  -  Total Bytes Sent By Job
	237  -  Total Bytes Received By Job
	Partitionable Resources :    Usage  Request Allocated
	   Cpus                 :                 1         1
	   Disk (KB)            :      447  2048000   2391884
	   Memory (MB)          :      306     2000      2000
...
