000 (2117002.001.000) 06/02 02:18:33 Job submitted from host: <172.30.1.200:9618?addrs=172.30.1.200-9618+[--1]-9618&noUDP&sock=203143_c79e_3>
...
001 (2117002.001.000) 06/02 02:18:40 Job executing on host: <172.30.1.207:9618?addrs=172.30.1.207-9618+[--1]-9618&noUDP&sock=6818_28cd_3>
...
006 (2117002.001.000) 06/02 02:18:49 Image size of job updated: 180856
	8  -  MemoryUsage of job (MB)
	7548  -  ResidentSetSize of job (KB)
...
006 (2117002.001.000) 06/02 02:23:50 Image size of job updated: 654336
	290  -  MemoryUsage of job (MB)
	296884  -  ResidentSetSize of job (KB)
...
006 (2117002.001.000) 06/02 02:28:51 Image size of job updated: 654336
	291  -  MemoryUsage of job (MB)
	297008  -  ResidentSetSize of job (KB)
...
006 (2117002.001.000) 06/02 02:33:51 Image size of job updated: 654468
	291  -  MemoryUsage of job (MB)
	297140  -  ResidentSetSize of job (KB)
...
006 (2117002.001.000) 06/02 02:38:52 Image size of job updated: 654604
	291  -  MemoryUsage of job (MB)
	297196  -  ResidentSetSize of job (KB)
...
006 (2117002.001.000) 06/02 02:43:53 Image size of job updated: 654604
	291  -  MemoryUsage of job (MB)
	297212  -  ResidentSetSize of job (KB)
...
006 (2117002.001.000) 06/02 02:48:53 Image size of job updated: 654736
	291  -  MemoryUsage of job (MB)
	297300  -  ResidentSetSize of job (KB)
...
006 (2117002.001.000) 06/02 02:53:53 Image size of job updated: 654736
	291  -  MemoryUsage of job (MB)
	297332  -  ResidentSetSize of job (KB)
...
006 (2117002.001.000) 06/02 02:58:54 Image size of job updated: 658588
	295  -  MemoryUsage of job (MB)
	301148  -  ResidentSetSize of job (KB)
...
006 (2117002.001.000) 06/02 03:03:54 Image size of job updated: 659252
	295  -  MemoryUsage of job (MB)
	301840  -  ResidentSetSize of job (KB)
...
006 (2117002.001.000) 06/02 03:08:54 Image size of job updated: 659384
	295  -  MemoryUsage of job (MB)
	301980  -  ResidentSetSize of job (KB)
...
006 (2117002.001.000) 06/02 03:13:55 Image size of job updated: 659520
	296  -  MemoryUsage of job (MB)
	302116  -  ResidentSetSize of job (KB)
...
006 (2117002.001.000) 06/02 03:18:56 Image size of job updated: 664200
	300  -  MemoryUsage of job (MB)
	306752  -  ResidentSetSize of job (KB)
...
006 (2117002.001.000) 06/02 03:23:56 Image size of job updated: 664472
	300  -  MemoryUsage of job (MB)
	306920  -  ResidentSetSize of job (KB)
...
006 (2117002.001.000) 06/02 03:28:57 Image size of job updated: 664472
	300  -  MemoryUsage of job (MB)
	307044  -  ResidentSetSize of job (KB)
...
006 (2117002.001.000) 06/02 03:33:58 Image size of job updated: 664608
	300  -  MemoryUsage of job (MB)
	307096  -  ResidentSetSize of job (KB)
...
006 (2117002.001.000) 06/02 03:48:59 Image size of job updated: 664752
	300  -  MemoryUsage of job (MB)
	307096  -  ResidentSetSize of job (KB)
...
006 (2117002.001.000) 06/02 03:53:59 Image size of job updated: 668444
	300  -  MemoryUsage of job (MB)
	307096  -  ResidentSetSize of job (KB)
...
006 (2117002.001.000) 06/02 03:58:59 Image size of job updated: 669504
	300  -  MemoryUsage of job (MB)
	307096  -  ResidentSetSize of job (KB)
...
006 (2117002.001.000) 06/02 04:04:00 Image size of job updated: 669648
	300  -  MemoryUsage of job (MB)
	307096  -  ResidentSetSize of job (KB)
...
006 (2117002.001.000) 06/02 04:14:01 Image size of job updated: 669780
	300  -  MemoryUsage of job (MB)
	307096  -  ResidentSetSize of job (KB)
...
006 (2117002.001.000) 06/02 04:24:03 Image size of job updated: 669924
	300  -  MemoryUsage of job (MB)
	307096  -  ResidentSetSize of job (KB)
...
006 (2117002.001.000) 06/02 04:34:03 Image size of job updated: 674180
	300  -  MemoryUsage of job (MB)
	307096  -  ResidentSetSize of job (KB)
...
006 (2117002.001.000) 06/02 04:39:04 Image size of job updated: 674968
	300  -  MemoryUsage of job (MB)
	307096  -  ResidentSetSize of job (KB)
...
006 (2117002.001.000) 06/02 04:49:04 Image size of job updated: 675236
	300  -  MemoryUsage of job (MB)
	307096  -  ResidentSetSize of job (KB)
...
006 (2117002.001.000) 06/02 05:04:06 Image size of job updated: 675380
	300  -  MemoryUsage of job (MB)
	307096  -  ResidentSetSize of job (KB)
...
006 (2117002.001.000) 06/02 05:09:07 Image size of job updated: 680000
	300  -  MemoryUsage of job (MB)
	307096  -  ResidentSetSize of job (KB)
...
006 (2117002.001.000) 06/02 05:14:08 Image size of job updated: 680348
	300  -  MemoryUsage of job (MB)
	307096  -  ResidentSetSize of job (KB)
...
006 (2117002.001.000) 06/02 05:19:08 Image size of job updated: 680488
	300  -  MemoryUsage of job (MB)
	307096  -  ResidentSetSize of job (KB)
...
006 (2117002.001.000) 06/02 05:24:08 Image size of job updated: 680632
	300  -  MemoryUsage of job (MB)
	307096  -  ResidentSetSize of job (KB)
...
006 (2117002.001.000) 06/02 05:29:09 Image size of job updated: 684860
	300  -  MemoryUsage of job (MB)
	307096  -  ResidentSetSize of job (KB)
...
006 (2117002.001.000) 06/02 05:34:09 Image size of job updated: 685388
	300  -  MemoryUsage of job (MB)
	307096  -  ResidentSetSize of job (KB)
...
006 (2117002.001.000) 06/02 05:39:09 Image size of job updated: 685652
	300  -  MemoryUsage of job (MB)
	307096  -  ResidentSetSize of job (KB)
...
006 (2117002.001.000) 06/02 05:49:11 Image size of job updated: 689884
	300  -  MemoryUsage of job (MB)
	307096  -  ResidentSetSize of job (KB)
...
006 (2117002.001.000) 06/02 05:54:11 Image size of job updated: 690280
	300  -  MemoryUsage of job (MB)
	307096  -  ResidentSetSize of job (KB)
...
006 (2117002.001.000) 06/02 05:59:12 Image size of job updated: 690800
	300  -  MemoryUsage of job (MB)
	307096  -  ResidentSetSize of job (KB)
...
006 (2117002.001.000) 06/02 06:09:13 Image size of job updated: 694532
	300  -  MemoryUsage of job (MB)
	307096  -  ResidentSetSize of job (KB)
...
006 (2117002.001.000) 06/02 06:14:13 Image size of job updated: 695460
	300  -  MemoryUsage of job (MB)
	307096  -  ResidentSetSize of job (KB)
...
006 (2117002.001.000) 06/02 06:19:15 Image size of job updated: 695596
	300  -  MemoryUsage of job (MB)
	307096  -  ResidentSetSize of job (KB)
...
006 (2117002.001.000) 06/02 06:24:15 Image size of job updated: 695740
	300  -  MemoryUsage of job (MB)
	307096  -  ResidentSetSize of job (KB)
...
006 (2117002.001.000) 06/02 06:34:16 Image size of job updated: 700856
	300  -  MemoryUsage of job (MB)
	307096  -  ResidentSetSize of job (KB)
...
006 (2117002.001.000) 06/02 06:39:17 Image size of job updated: 700988
	300  -  MemoryUsage of job (MB)
	307096  -  ResidentSetSize of job (KB)
...
006 (2117002.001.000) 06/02 06:44:17 Image size of job updated: 701120
	300  -  MemoryUsage of job (MB)
	307096  -  ResidentSetSize of job (KB)
...
006 (2117002.001.000) 06/02 06:49:17 Image size of job updated: 701252
	300  -  MemoryUsage of job (MB)
	307096  -  ResidentSetSize of job (KB)
...
006 (2117002.001.000) 06/02 06:54:18 Image size of job updated: 705924
	300  -  MemoryUsage of job (MB)
	307096  -  ResidentSetSize of job (KB)
...
006 (2117002.001.000) 06/02 06:59:18 Image size of job updated: 706060
	300  -  MemoryUsage of job (MB)
	307096  -  ResidentSetSize of job (KB)
...
006 (2117002.001.000) 06/02 07:04:18 Image size of job updated: 706192
	300  -  MemoryUsage of job (MB)
	307096  -  ResidentSetSize of job (KB)
...
006 (2117002.001.000) 06/02 07:19:20 Image size of job updated: 706324
	300  -  MemoryUsage of job (MB)
	307096  -  ResidentSetSize of job (KB)
...
006 (2117002.001.000) 06/02 07:29:22 Image size of job updated: 710696
	300  -  MemoryUsage of job (MB)
	307096  -  ResidentSetSize of job (KB)
...
006 (2117002.001.000) 06/02 07:34:22 Image size of job updated: 710832
	300  -  MemoryUsage of job (MB)
	307096  -  ResidentSetSize of job (KB)
...
006 (2117002.001.000) 06/02 07:39:23 Image size of job updated: 710964
	300  -  MemoryUsage of job (MB)
	307096  -  ResidentSetSize of job (KB)
...
006 (2117002.001.000) 06/02 07:44:24 Image size of job updated: 711096
	300  -  MemoryUsage of job (MB)
	307096  -  ResidentSetSize of job (KB)
...
006 (2117002.001.000) 06/02 07:59:25 Image size of job updated: 711236
	300  -  MemoryUsage of job (MB)
	307096  -  ResidentSetSize of job (KB)
...
006 (2117002.001.000) 06/02 08:04:25 Image size of job updated: 715604
	300  -  MemoryUsage of job (MB)
	307096  -  ResidentSetSize of job (KB)
...
006 (2117002.001.000) 06/02 08:09:25 Image size of job updated: 716000
	300  -  MemoryUsage of job (MB)
	307096  -  ResidentSetSize of job (KB)
...
006 (2117002.001.000) 06/02 08:14:27 Image size of job updated: 716264
	300  -  MemoryUsage of job (MB)
	307096  -  ResidentSetSize of job (KB)
...
006 (2117002.001.000) 06/02 08:24:27 Image size of job updated: 716396
	300  -  MemoryUsage of job (MB)
	307096  -  ResidentSetSize of job (KB)
...
006 (2117002.001.000) 06/02 08:39:29 Image size of job updated: 720372
	300  -  MemoryUsage of job (MB)
	307096  -  ResidentSetSize of job (KB)
...
006 (2117002.001.000) 06/02 08:44:30 Image size of job updated: 721168
	300  -  MemoryUsage of job (MB)
	307096  -  ResidentSetSize of job (KB)
...
006 (2117002.001.000) 06/02 08:49:31 Image size of job updated: 721300
	300  -  MemoryUsage of job (MB)
	307096  -  ResidentSetSize of job (KB)
...
006 (2117002.001.000) 06/02 08:54:31 Image size of job updated: 721436
	300  -  MemoryUsage of job (MB)
	307096  -  ResidentSetSize of job (KB)
...
006 (2117002.001.000) 06/02 09:09:32 Image size of job updated: 721572
	300  -  MemoryUsage of job (MB)
	307096  -  ResidentSetSize of job (KB)
...
006 (2117002.001.000) 06/02 09:17:38 Image size of job updated: 730212
	300  -  MemoryUsage of job (MB)
	307096  -  ResidentSetSize of job (KB)
...
005 (2117002.001.000) 06/02 09:17:39 Job terminated.
	(1) Normal termination (return value 0)
		Usr 0 06:58:38, Sys 0 00:00:07  -  Run Remote Usage
		Usr 0 00:00:00, Sys 0 00:00:00  -  Run Local Usage
		Usr 0 06:58:38, Sys 0 00:00:07  -  Total Remote Usage
		Usr 0 00:00:00, Sys 0 00:00:00  -  Total Local Usage
	359791  -  Run Bytes Sent By Job
	237  -  Run Bytes Received By Job
	359791  -  Total Bytes Sent By Job
	237  -  Total Bytes Received By Job
	Partitionable Resources :    Usage  Request Allocated
	   Cpus                 :                 1         1
	   Disk (KB)            :      363  2048000   2391884
	   Memory (MB)          :      300     2000      2000
...
