000 (2117002.007.000) 06/02 02:18:33 Job submitted from host: <172.30.1.200:9618?addrs=172.30.1.200-9618+[--1]-9618&noUDP&sock=203143_c79e_3>
...
001 (2117002.007.000) 06/02 02:18:40 Job executing on host: <172.30.1.207:9618?addrs=172.30.1.207-9618+[--1]-9618&noUDP&sock=6818_28cd_3>
...
006 (2117002.007.000) 06/02 02:18:49 Image size of job updated: 180416
	8  -  MemoryUsage of job (MB)
	7400  -  ResidentSetSize of job (KB)
...
006 (2117002.007.000) 06/02 02:23:50 Image size of job updated: 654768
	292  -  MemoryUsage of job (MB)
	298144  -  ResidentSetSize of job (KB)
...
006 (2117002.007.000) 06/02 02:28:50 Image size of job updated: 654768
	292  -  MemoryUsage of job (MB)
	298244  -  ResidentSetSize of job (KB)
...
006 (2117002.007.000) 06/02 02:33:50 Image size of job updated: 655048
	292  -  MemoryUsage of job (MB)
	298444  -  ResidentSetSize of job (KB)
...
006 (2117002.007.000) 06/02 02:38:51 Image size of job updated: 655180
	292  -  MemoryUsage of job (MB)
	298564  -  ResidentSetSize of job (KB)
...
006 (2117002.007.000) 06/02 02:48:51 Image size of job updated: 658832
	296  -  MemoryUsage of job (MB)
	302292  -  ResidentSetSize of job (KB)
...
006 (2117002.007.000) 06/02 02:53:52 Image size of job updated: 659932
	297  -  MemoryUsage of job (MB)
	303344  -  ResidentSetSize of job (KB)
...
006 (2117002.007.000) 06/02 02:58:52 Image size of job updated: 660072
	297  -  MemoryUsage of job (MB)
	303500  -  ResidentSetSize of job (KB)
...
006 (2117002.007.000) 06/02 03:03:52 Image size of job updated: 664708
	301  -  MemoryUsage of job (MB)
	308076  -  ResidentSetSize of job (KB)
...
006 (2117002.007.000) 06/02 03:08:53 Image size of job updated: 665248
	302  -  MemoryUsage of job (MB)
	308552  -  ResidentSetSize of job (KB)
...
006 (2117002.007.000) 06/02 03:13:54 Image size of job updated: 665248
	302  -  MemoryUsage of job (MB)
	308604  -  ResidentSetSize of job (KB)
...
006 (2117002.007.000) 06/02 03:18:54 Image size of job updated: 665396
	302  -  MemoryUsage of job (MB)
	308804  -  ResidentSetSize of job (KB)
...
006 (2117002.007.000) 06/02 03:23:55 Image size of job updated: 665532
	302  -  MemoryUsage of job (MB)
	308872  -  ResidentSetSize of job (KB)
...
006 (2117002.007.000) 06/02 03:28:56 Image size of job updated: 670296
	307  -  MemoryUsage of job (MB)
	313544  -  ResidentSetSize of job (KB)
...
006 (2117002.007.000) 06/02 03:33:56 Image size of job updated: 670576
	307  -  MemoryUsage of job (MB)
	313904  -  ResidentSetSize of job (KB)
...
006 (2117002.007.000) 06/02 03:38:56 Image size of job updated: 670720
	307  -  MemoryUsage of job (MB)
	313904  -  ResidentSetSize of job (KB)
...
006 (2117002.007.000) 06/02 03:43:57 Image size of job updated: 670852
	307  -  MemoryUsage of job (MB)
	313904  -  ResidentSetSize of job (KB)
...
006 (2117002.007.000) 06/02 03:48:57 Image size of job updated: 670996
	307  -  MemoryUsage of job (MB)
	313904  -  ResidentSetSize of job (KB)
...
006 (2117002.007.000) 06/02 04:03:59 Image size of job updated: 675900
	307  -  MemoryUsage of job (MB)
	313904  -  ResidentSetSize of job (KB)
...
006 (2117002.007.000) 06/02 04:08:59 Image size of job updated: 676312
	307  -  MemoryUsage of job (MB)
	313904  -  ResidentSetSize of job (KB)
...
006 (2117002.007.000) 06/02 04:14:00 Image size of job updated: 676584
	307  -  MemoryUsage of job (MB)
	313904  -  ResidentSetSize of job (KB)
...
006 (2117002.007.000) 06/02 04:19:01 Image size of job updated: 677000
	307  -  MemoryUsage of job (MB)
	313904  -  ResidentSetSize of job (KB)
...
006 (2117002.007.000) 06/02 04:34:02 Image size of job updated: 681516
	307  -  MemoryUsage of job (MB)
	313904  -  ResidentSetSize of job (KB)
...
006 (2117002.007.000) 06/02 04:39:02 Image size of job updated: 681800
	307  -  MemoryUsage of job (MB)
	313904  -  ResidentSetSize of job (KB)
...
006 (2117002.007.000) 06/02 04:44:02 Image size of job updated: 681948
	307  -  MemoryUsage of job (MB)
	313904  -  ResidentSetSize of job (KB)
...
006 (2117002.007.000) 06/02 04:49:03 Image size of job updated: 682092
	307  -  MemoryUsage of job (MB)
	313904  -  ResidentSetSize of job (KB)
...
006 (2117002.007.000) 06/02 04:59:04 Image size of job updated: 685256
	307  -  MemoryUsage of job (MB)
	313904  -  ResidentSetSize of job (KB)
...
006 (2117002.007.000) 06/02 05:04:05 Image size of job updated: 687272
	307  -  MemoryUsage of job (MB)
	313904  -  ResidentSetSize of job (KB)
...
006 (2117002.007.000) 06/02 05:09:06 Image size of job updated: 687668
	307  -  MemoryUsage of job (MB)
	313904  -  ResidentSetSize of job (KB)
...
006 (2117002.007.000) 06/02 05:14:06 Image size of job updated: 687812
	307  -  MemoryUsage of job (MB)
	313904  -  ResidentSetSize of job (KB)
...
006 (2117002.007.000) 06/02 05:19:07 Image size of job updated: 692616
	307  -  MemoryUsage of job (MB)
	313904  -  ResidentSetSize of job (KB)
...
006 (2117002.007.000) 06/02 05:24:08 Image size of job updated: 692900
	307  -  MemoryUsage of job (MB)
	313904  -  ResidentSetSize of job (KB)
...
006 (2117002.007.000) 06/02 05:29:08 Image size of job updated: 693032
	307  -  MemoryUsage of job (MB)
	313904  -  ResidentSetSize of job (KB)
...
006 (2117002.007.000) 06/02 05:34:08 Image size of job updated: 697436
	307  -  MemoryUsage of job (MB)
	313904  -  ResidentSetSize of job (KB)
...
006 (2117002.007.000) 06/02 05:39:09 Image size of job updated: 697984
	307  -  MemoryUsage of job (MB)
	313904  -  ResidentSetSize of job (KB)
...
006 (2117002.007.000) 06/02 05:44:10 Image size of job updated: 698124
	307  -  MemoryUsage of job (MB)
	313904  -  ResidentSetSize of job (KB)
...
006 (2117002.007.000) 06/02 05:49:10 Image size of job updated: 702956
	307  -  MemoryUsage of job (MB)
	313904  -  ResidentSetSize of job (KB)
...
006 (2117002.007.000) 06/02 05:54:11 Image size of job updated: 703508
	307  -  MemoryUsage of job (MB)
	313904  -  ResidentSetSize of job (KB)
...
006 (2117002.007.000) 06/02 05:59:12 Image size of job updated: 703780
	307  -  MemoryUsage of job (MB)
	313904  -  ResidentSetSize of job (KB)
...
006 (2117002.007.000) 06/02 06:04:12 Image size of job updated: 707876
	307  -  MemoryUsage of job (MB)
	313904  -  ResidentSetSize of job (KB)
...
006 (2117002.007.000) 06/02 06:09:12 Image size of job updated: 708944
	307  -  MemoryUsage of job (MB)
	313904  -  ResidentSetSize of job (KB)
...
006 (2117002.007.000) 06/02 06:14:14 Image size of job updated: 709080
	307  -  MemoryUsage of job (MB)
	313904  -  ResidentSetSize of job (KB)
...
006 (2117002.007.000) 06/02 06:19:14 Image size of job updated: 709216
	307  -  MemoryUsage of job (MB)
	313904  -  ResidentSetSize of job (KB)
...
006 (2117002.007.000) 06/02 06:24:14 Image size of job updated: 714248
	307  -  MemoryUsage of job (MB)
	313904  -  ResidentSetSize of job (KB)
...
006 (2117002.007.000) 06/02 06:29:15 Image size of job updated: 714400
	307  -  MemoryUsage of job (MB)
	313904  -  ResidentSetSize of job (KB)
...
006 (2117002.007.000) 06/02 06:34:16 Image size of job updated: 714544
	307  -  MemoryUsage of job (MB)
	313904  -  ResidentSetSize of job (KB)
...
006 (2117002.007.000) 06/02 06:39:16 Image size of job updated: 719668
	307  -  MemoryUsage of job (MB)
	313904  -  ResidentSetSize of job (KB)
...
006 (2117002.007.000) 06/02 06:44:16 Image size of job updated: 719948
	307  -  MemoryUsage of job (MB)
	313904  -  ResidentSetSize of job (KB)
...
006 (2117002.007.000) 06/02 06:49:17 Image size of job updated: 720092
	307  -  MemoryUsage of job (MB)
	313904  -  ResidentSetSize of job (KB)
...
006 (2117002.007.000) 06/02 06:54:17 Image size of job updated: 724488
	307  -  MemoryUsage of job (MB)
	313904  -  ResidentSetSize of job (KB)
...
006 (2117002.007.000) 06/02 06:59:17 Image size of job updated: 724900
	307  -  MemoryUsage of job (MB)
	313904  -  ResidentSetSize of job (KB)
...
006 (2117002.007.000) 06/02 07:04:19 Image size of job updated: 725064
	307  -  MemoryUsage of job (MB)
	313904  -  ResidentSetSize of job (KB)
...
006 (2117002.007.000) 06/02 07:09:19 Image size of job updated: 725344
	307  -  MemoryUsage of job (MB)
	313904  -  ResidentSetSize of job (KB)
...
006 (2117002.007.000) 06/02 07:18:05 Image size of job updated: 734160
	307  -  MemoryUsage of job (MB)
	313904  -  ResidentSetSize of job (KB)
...
005 (2117002.007.000) 06/02 07:18:06 Job terminated.
	(1) Normal termination (return value 0)
		Usr 0 04:59:07, Sys 0 00:00:05  -  Run Remote Usage
		Usr 0 00:00:00, Sys 0 00:00:00  -  Run Local Usage
		Usr 0 04:59:07, Sys 0 00:00:05  -  Total Remote Usage
		Usr 0 00:00:00, Sys 0 00:00:00  -  Total Local Usage
	496878  -  Run Bytes Sent By Job
	237  -  Run Bytes Received By Job
	496878  -  Total Bytes Sent By Job
	237  -  Total Bytes Received By Job
	Partitionable Resources :    Usage  Request Allocated
	   Cpus                 :                 1         1
	   Disk (KB)            :      497  2048000   2391884
	   Memory (MB)          :      307     2000      2000
...
