000 (2117002.000.000) 06/02 02:18:33 Job submitted from host: <172.30.1.200:9618?addrs=172.30.1.200-9618+[--1]-9618&noUDP&sock=203143_c79e_3>
...
001 (2117002.000.000) 06/02 02:18:40 Job executing on host: <172.30.1.207:9618?addrs=172.30.1.207-9618+[--1]-9618&noUDP&sock=6818_28cd_3>
...
006 (2117002.000.000) 06/02 02:18:48 Image size of job updated: 180108
	8  -  MemoryUsage of job (MB)
	7348  -  ResidentSetSize of job (KB)
...
006 (2117002.000.000) 06/02 02:23:49 Image size of job updated: 654244
	293  -  MemoryUsage of job (MB)
	299248  -  ResidentSetSize of job (KB)
...
006 (2117002.000.000) 06/02 02:28:50 Image size of job updated: 654812
	293  -  MemoryUsage of job (MB)
	299736  -  ResidentSetSize of job (KB)
...
006 (2117002.000.000) 06/02 02:43:51 Image size of job updated: 654812
	293  -  MemoryUsage of job (MB)
	299824  -  ResidentSetSize of job (KB)
...
006 (2117002.000.000) 06/02 02:48:51 Image size of job updated: 654960
	293  -  MemoryUsage of job (MB)
	299912  -  ResidentSetSize of job (KB)
...
006 (2117002.000.000) 06/02 02:53:51 Image size of job updated: 659536
	298  -  MemoryUsage of job (MB)
	304460  -  ResidentSetSize of job (KB)
...
006 (2117002.000.000) 06/02 02:58:52 Image size of job updated: 659536
	298  -  MemoryUsage of job (MB)
	304484  -  ResidentSetSize of job (KB)
...
006 (2117002.000.000) 06/02 03:03:53 Image size of job updated: 663772
	302  -  MemoryUsage of job (MB)
	308588  -  ResidentSetSize of job (KB)
...
006 (2117002.000.000) 06/02 03:08:53 Image size of job updated: 664312
	302  -  MemoryUsage of job (MB)
	309228  -  ResidentSetSize of job (KB)
...
006 (2117002.000.000) 06/02 03:13:54 Image size of job updated: 664732
	303  -  MemoryUsage of job (MB)
	309556  -  ResidentSetSize of job (KB)
...
006 (2117002.000.000) 06/02 03:18:55 Image size of job updated: 664732
	303  -  MemoryUsage of job (MB)
	309656  -  ResidentSetSize of job (KB)
...
006 (2117002.000.000) 06/02 03:28:56 Image size of job updated: 664732
	303  -  MemoryUsage of job (MB)
	309684  -  ResidentSetSize of job (KB)
...
006 (2117002.000.000) 06/02 03:33:57 Image size of job updated: 669168
	307  -  MemoryUsage of job (MB)
	314036  -  ResidentSetSize of job (KB)
...
006 (2117002.000.000) 06/02 03:38:57 Image size of job updated: 669580
	307  -  MemoryUsage of job (MB)
	314036  -  ResidentSetSize of job (KB)
...
006 (2117002.000.000) 06/02 03:43:57 Image size of job updated: 669852
	307  -  MemoryUsage of job (MB)
	314036  -  ResidentSetSize of job (KB)
...
006 (2117002.000.000) 06/02 03:58:58 Image size of job updated: 669992
	307  -  MemoryUsage of job (MB)
	314036  -  ResidentSetSize of job (KB)
...
006 (2117002.000.000) 06/02 04:03:59 Image size of job updated: 673952
	307  -  MemoryUsage of job (MB)
	314036  -  ResidentSetSize of job (KB)
...
006 (2117002.000.000) 06/02 04:09:00 Image size of job updated: 674980
	307  -  MemoryUsage of job (MB)
	314036  -  ResidentSetSize of job (KB)
...
006 (2117002.000.000) 06/02 04:14:00 Image size of job updated: 675264
	307  -  MemoryUsage of job (MB)
	314036  -  ResidentSetSize of job (KB)
...
006 (2117002.000.000) 06/02 04:19:01 Image size of job updated: 675396
	307  -  MemoryUsage of job (MB)
	314036  -  ResidentSetSize of job (KB)
...
006 (2117002.000.000) 06/02 04:24:02 Image size of job updated: 675532
	307  -  MemoryUsage of job (MB)
	314036  -  ResidentSetSize of job (KB)
...
006 (2117002.000.000) 06/02 04:34:02 Image size of job updated: 679352
	307  -  MemoryUsage of job (MB)
	314036  -  ResidentSetSize of job (KB)
...
006 (2117002.000.000) 06/02 04:39:03 Image size of job updated: 680316
	307  -  MemoryUsage of job (MB)
	314036  -  ResidentSetSize of job (KB)
...
006 (2117002.000.000) 06/02 04:44:03 Image size of job updated: 680616
	307  -  MemoryUsage of job (MB)
	314036  -  ResidentSetSize of job (KB)
...
006 (2117002.000.000) 06/02 04:59:05 Image size of job updated: 680748
	307  -  MemoryUsage of job (MB)
	314036  -  ResidentSetSize of job (KB)
...
006 (2117002.000.000) 06/02 05:04:05 Image size of job updated: 685404
	307  -  MemoryUsage of job (MB)
	314036  -  ResidentSetSize of job (KB)
...
006 (2117002.000.000) 06/02 05:09:06 Image size of job updated: 685836
	307  -  MemoryUsage of job (MB)
	314036  -  ResidentSetSize of job (KB)
...
006 (2117002.000.000) 06/02 05:19:07 Image size of job updated: 689812
	307  -  MemoryUsage of job (MB)
	314036  -  ResidentSetSize of job (KB)
...
006 (2117002.000.000) 06/02 05:24:07 Image size of job updated: 691040
	307  -  MemoryUsage of job (MB)
	314036  -  ResidentSetSize of job (KB)
...
006 (2117002.000.000) 06/02 05:34:08 Image size of job updated: 691324
	307  -  MemoryUsage of job (MB)
	314036  -  ResidentSetSize of job (KB)
...
006 (2117002.000.000) 06/02 05:39:08 Image size of job updated: 695700
	307  -  MemoryUsage of job (MB)
	314036  -  ResidentSetSize of job (KB)
...
006 (2117002.000.000) 06/02 05:44:09 Image size of job updated: 695832
	307  -  MemoryUsage of job (MB)
	314036  -  ResidentSetSize of job (KB)
...
006 (2117002.000.000) 06/02 05:54:10 Image size of job updated: 700620
	307  -  MemoryUsage of job (MB)
	314036  -  ResidentSetSize of job (KB)
...
006 (2117002.000.000) 06/02 05:59:11 Image size of job updated: 701288
	307  -  MemoryUsage of job (MB)
	314036  -  ResidentSetSize of job (KB)
...
006 (2117002.000.000) 06/02 06:09:12 Image size of job updated: 705820
	307  -  MemoryUsage of job (MB)
	314036  -  ResidentSetSize of job (KB)
...
006 (2117002.000.000) 06/02 06:14:12 Image size of job updated: 706232
	307  -  MemoryUsage of job (MB)
	314036  -  ResidentSetSize of job (KB)
...
006 (2117002.000.000) 06/02 06:24:13 Image size of job updated: 710612
	307  -  MemoryUsage of job (MB)
	314036  -  ResidentSetSize of job (KB)
...
006 (2117002.000.000) 06/02 06:29:13 Image size of job updated: 711308
	307  -  MemoryUsage of job (MB)
	314036  -  ResidentSetSize of job (KB)
...
006 (2117002.000.000) 06/02 06:39:15 Image size of job updated: 715264
	307  -  MemoryUsage of job (MB)
	314036  -  ResidentSetSize of job (KB)
...
006 (2117002.000.000) 06/02 06:44:15 Image size of job updated: 716608
	307  -  MemoryUsage of job (MB)
	314036  -  ResidentSetSize of job (KB)
...
006 (2117002.000.000) 06/02 06:49:16 Image size of job updated: 716744
	307  -  MemoryUsage of job (MB)
	314036  -  ResidentSetSize of job (KB)
...
006 (2117002.000.000) 06/02 06:59:17 Image size of job updated: 721536
	307  -  MemoryUsage of job (MB)
	314036  -  ResidentSetSize of job (KB)
...
006 (2117002.000.000) 06/02 07:04:18 Image size of job updated: 721840
	307  -  MemoryUsage of job (MB)
	314036  -  ResidentSetSize of job (KB)
...
006 (2117002.000.000) 06/02 07:14:19 Image size of job updated: 721984
	307  -  MemoryUsage of job (MB)
	314036  -  ResidentSetSize of job (KB)
...
006 (2117002.000.000) 06/02 07:23:52 Image size of job updated: 730644
	307  -  MemoryUsage of job (MB)
	314036  -  ResidentSetSize of job (KB)
...
005 (2117002.000.000) 06/02 07:23:53 Job terminated.
	(1) Normal termination (return value 0)
		Usr 0 05:04:48, Sys 0 00:00:09  -  Run Remote Usage
		Usr 0 00:00:00, Sys 0 00:00:00  -  Run Local Usage
		Usr 0 05:04:48, Sys 0 00:00:09  -  Total Remote Usage
		Usr 0 00:00:00, Sys 0 00:00:00  -  Total Local Usage
	627976  -  Run Bytes Sent By Job
	237  -  Run Bytes Received By Job
	627976  -  Total Bytes Sent By Job
	237  -  Total Bytes Received By Job
	Partitionable Resources :    Usage  Request Allocated
	   Cpus                 :                 1         1
	   Disk (KB)            :      625  2048000   2391884
	   Memory (MB)          :      307     2000      2000
...
